<?xml version="1.0" encoding="UTF-8"?>
<TestRun id="0c6a7253-bf67-49d8-bbdd-47589f5c6570" name="vjain@PHOENIXX 2013-08-09 22:00:07" runUser="PUNE\vjain" xmlns="http://microsoft.com/schemas/VisualStudio/TeamTest/2010">
  <Times creation="2013-08-09T22:00:07.5261794+05:30" queuing="2013-08-09T22:00:07.5261794+05:30" start="2013-08-09T22:00:07.5631831+05:30" finish="2013-08-09T22:01:53.6136110+05:30" />
  <TestSettings name="default" id="2eb86f51-19d2-4b34-883e-9e40ae0383e9">
    <Execution>
      <TestTypeSpecific />
    </Execution>
    <Deployment runDeploymentRoot="vjain_PHOENIXX 2013-08-09 22_00_07" />
  </TestSettings>
  <Results>
    <UnitTestResult executionId="22c1e8ec-3e0e-4393-aaea-7ce63bb6604f" testId="9eb408b6-a801-7f1a-3781-6e25fc56394d" testName="SearchByActivityCodeContentEnabledTest1" computerName="PHOENIXX" duration="00:00:02.8696972" startTime="2013-08-09T22:00:04.0848353+05:30" endTime="2013-08-09T22:00:06.9921260+05:30" testType="13cdc9d9-ddb5-4fa4-a97d-d965ccfc6d4b" outcome="Failed" testListId="8c84fa94-04c1-424b-9868-57a2d4851a1d" relativeResultsDirectory="22c1e8ec-3e0e-4393-aaea-7ce63bb6604f">
      <Output>
        <ErrorInfo>
          <Message>Test method Tavisca.Catapult.External.Facade.Tests.ActivityMultiAvailTests.SearchByActivityCodeTest.SearchByActivityCodeContentEnabledTest1 threw exception: 
System.Transactions.TransactionManagerCommunicationException: Network access for Distributed Transaction Manager (MSDTC) has been disabled. Please enable DTC for network access in the security configuration for MSDTC using the Component Services Administrative tool. ---&gt; System.Runtime.InteropServices.COMException: The transaction manager has disabled its support for remote/network transactions. (Exception from HRESULT: 0x8004D024)</Message>
          <StackTrace>    at System.Transactions.Oletx.IDtcProxyShimFactory.ReceiveTransaction(UInt32 propgationTokenSize, Byte[] propgationToken, IntPtr managedIdentifier, Guid&amp; transactionIdentifier, OletxTransactionIsolationLevel&amp; isolationLevel, ITransactionShim&amp; transactionShim)
   at System.Transactions.TransactionInterop.GetOletxTransactionFromTransmitterPropigationToken(Byte[] propagationToken)
 --- End of inner exception stack trace ---
    at System.Transactions.Oletx.OletxTransactionManager.ProxyException(COMException comException)
   at System.Transactions.TransactionInterop.GetOletxTransactionFromTransmitterPropigationToken(Byte[] propagationToken)
   at System.Transactions.TransactionStatePSPEOperation.PSPEPromote(InternalTransaction tx)
   at System.Transactions.TransactionStateDelegatedBase.EnterState(InternalTransaction tx)
   at System.Transactions.EnlistableStates.Promote(InternalTransaction tx)
   at System.Transactions.Transaction.Promote()
   at System.Transactions.TransactionInterop.ConvertToOletxTransaction(Transaction transaction)
   at System.Transactions.TransactionInterop.GetExportCookie(Transaction transaction, Byte[] whereabouts)
   at System.Data.SqlClient.SqlInternalConnection.GetTransactionCookie(Transaction transaction, Byte[] whereAbouts)
   at System.Data.SqlClient.SqlInternalConnection.EnlistNonNull(Transaction tx)
   at System.Data.SqlClient.SqlInternalConnection.Enlist(Transaction tx)
   at System.Data.SqlClient.SqlInternalConnectionTds.Activate(Transaction transaction)
   at System.Data.ProviderBase.DbConnectionInternal.ActivateConnection(Transaction transaction)
   at System.Data.ProviderBase.DbConnectionPool.TryGetConnection(DbConnection owningObject, UInt32 waitForMultipleObjectsTimeout, Boolean allowCreate, Boolean onlyOneCheckConnection, DbConnectionOptions userOptions, DbConnectionInternal&amp; connection)
   at System.Data.ProviderBase.DbConnectionPool.TryGetConnection(DbConnection owningObject, TaskCompletionSource`1 retry, DbConnectionOptions userOptions, DbConnectionInternal&amp; connection)
   at System.Data.ProviderBase.DbConnectionFactory.TryGetConnection(DbConnection owningConnection, TaskCompletionSource`1 retry, DbConnectionOptions userOptions, DbConnectionInternal&amp; connection)
   at System.Data.ProviderBase.DbConnectionClosed.TryOpenConnection(DbConnection outerConnection, DbConnectionFactory connectionFactory, TaskCompletionSource`1 retry, DbConnectionOptions userOptions)
   at System.Data.SqlClient.SqlConnection.TryOpen(TaskCompletionSource`1 retry)
   at System.Data.SqlClient.SqlConnection.Open()
   at System.Data.Linq.SqlClient.SqlConnectionManager.UseConnection(IConnectionUser user)
   at System.Data.Linq.SqlClient.SqlProvider.get_IsSqlCe()
   at System.Data.Linq.SqlClient.SqlProvider.InitializeProviderMode()
   at System.Data.Linq.SqlClient.SqlProvider.System.Data.Linq.Provider.IProvider.Execute(Expression query)
   at System.Data.Linq.DataContext.ExecuteMethodCall(Object instance, MethodInfo methodInfo, Object[] parameters)
   at Tavisca.Catapult.Internal.ResourceAccess.DataProviders.Rate.LINQ.RateDataContext.spSaveRateCard(Nullable`1 id, Nullable`1 productId, String productType, String scope, Nullable`1 isEnabled, Nullable`1 isDeleted) in d:\Code\TOM\Catapult\Code\trunk\CatapultServices\Tavisca.Catapult.Internal.ResourceAccess.DataProviders\Rate\LINQ\Rate.designer.cs:line 265
   at Tavisca.Catapult.Internal.ResourceAccess.DataProviders.Rate.RateProvider.SaveRateCard(String scopeId, RateCard rateCard) in d:\Code\TOM\Catapult\Code\trunk\CatapultServices\Tavisca.Catapult.Internal.ResourceAccess.DataProviders\Rate\RateProvider.cs:line 649
   at Tavisca.Catapult.External.Facade.Tests.TestActivityGenerator.SaveRateCard(RateCard rateCard) in d:\Code\TOM\Catapult\Code\trunk\CatapultServices\Tavisca.Catapult.External.Facade.Tests\TestActivityGenerator.cs:line 352
   at Tavisca.Catapult.External.Facade.Tests.ActivityMultiAvailTests.SearchByActivityCodeTest.SearchByActivityCodeContentEnabledTest1() in d:\Code\TOM\Catapult\Code\trunk\CatapultServices\Tavisca.Catapult.External.Facade.Tests\ActivityMultiAvailTests\SearchByActivityCodeTest.cs:line 32
</StackTrace>
        </ErrorInfo>
      </Output>
    </UnitTestResult>
    <UnitTestResult executionId="9e5a9ac8-5043-4053-abc3-88b41939a5fc" testId="03449cb1-2ff0-5c15-5962-42932309f0e7" testName="SearchByActivityCodeContentDisabledTest1" computerName="PHOENIXX" duration="00:00:01.2842405" startTime="2013-08-09T22:00:07.0091277+05:30" endTime="2013-08-09T22:00:08.2932561+05:30" testType="13cdc9d9-ddb5-4fa4-a97d-d965ccfc6d4b" outcome="Failed" testListId="8c84fa94-04c1-424b-9868-57a2d4851a1d" relativeResultsDirectory="9e5a9ac8-5043-4053-abc3-88b41939a5fc">
      <Output>
        <ErrorInfo>
          <Message>Test method Tavisca.Catapult.External.Facade.Tests.ActivityMultiAvailTests.SearchByActivityCodeTest.SearchByActivityCodeContentDisabledTest1 threw exception: 
System.Transactions.TransactionManagerCommunicationException: Network access for Distributed Transaction Manager (MSDTC) has been disabled. Please enable DTC for network access in the security configuration for MSDTC using the Component Services Administrative tool. ---&gt; System.Runtime.InteropServices.COMException: The transaction manager has disabled its support for remote/network transactions. (Exception from HRESULT: 0x8004D024)</Message>
          <StackTrace>    at System.Transactions.Oletx.IDtcProxyShimFactory.ReceiveTransaction(UInt32 propgationTokenSize, Byte[] propgationToken, IntPtr managedIdentifier, Guid&amp; transactionIdentifier, OletxTransactionIsolationLevel&amp; isolationLevel, ITransactionShim&amp; transactionShim)
   at System.Transactions.TransactionInterop.GetOletxTransactionFromTransmitterPropigationToken(Byte[] propagationToken)
 --- End of inner exception stack trace ---
    at System.Transactions.Oletx.OletxTransactionManager.ProxyException(COMException comException)
   at System.Transactions.TransactionInterop.GetOletxTransactionFromTransmitterPropigationToken(Byte[] propagationToken)
   at System.Transactions.TransactionStatePSPEOperation.PSPEPromote(InternalTransaction tx)
   at System.Transactions.TransactionStateDelegatedBase.EnterState(InternalTransaction tx)
   at System.Transactions.EnlistableStates.Promote(InternalTransaction tx)
   at System.Transactions.Transaction.Promote()
   at System.Transactions.TransactionInterop.ConvertToOletxTransaction(Transaction transaction)
   at System.Transactions.TransactionInterop.GetExportCookie(Transaction transaction, Byte[] whereabouts)
   at System.Data.SqlClient.SqlInternalConnection.GetTransactionCookie(Transaction transaction, Byte[] whereAbouts)
   at System.Data.SqlClient.SqlInternalConnection.EnlistNonNull(Transaction tx)
   at System.Data.SqlClient.SqlInternalConnection.Enlist(Transaction tx)
   at System.Data.SqlClient.SqlInternalConnectionTds.Activate(Transaction transaction)
   at System.Data.ProviderBase.DbConnectionInternal.ActivateConnection(Transaction transaction)
   at System.Data.ProviderBase.DbConnectionPool.TryGetConnection(DbConnection owningObject, UInt32 waitForMultipleObjectsTimeout, Boolean allowCreate, Boolean onlyOneCheckConnection, DbConnectionOptions userOptions, DbConnectionInternal&amp; connection)
   at System.Data.ProviderBase.DbConnectionPool.TryGetConnection(DbConnection owningObject, TaskCompletionSource`1 retry, DbConnectionOptions userOptions, DbConnectionInternal&amp; connection)
   at System.Data.ProviderBase.DbConnectionFactory.TryGetConnection(DbConnection owningConnection, TaskCompletionSource`1 retry, DbConnectionOptions userOptions, DbConnectionInternal&amp; connection)
   at System.Data.ProviderBase.DbConnectionClosed.TryOpenConnection(DbConnection outerConnection, DbConnectionFactory connectionFactory, TaskCompletionSource`1 retry, DbConnectionOptions userOptions)
   at System.Data.SqlClient.SqlConnection.TryOpen(TaskCompletionSource`1 retry)
   at System.Data.SqlClient.SqlConnection.Open()
   at System.Data.Linq.SqlClient.SqlConnectionManager.UseConnection(IConnectionUser user)
   at System.Data.Linq.SqlClient.SqlProvider.get_IsSqlCe()
   at System.Data.Linq.SqlClient.SqlProvider.InitializeProviderMode()
   at System.Data.Linq.SqlClient.SqlProvider.System.Data.Linq.Provider.IProvider.Execute(Expression query)
   at System.Data.Linq.DataContext.ExecuteMethodCall(Object instance, MethodInfo methodInfo, Object[] parameters)
   at Tavisca.Catapult.Internal.ResourceAccess.DataProviders.Rate.LINQ.RateDataContext.spSaveRateCard(Nullable`1 id, Nullable`1 productId, String productType, String scope, Nullable`1 isEnabled, Nullable`1 isDeleted) in d:\Code\TOM\Catapult\Code\trunk\CatapultServices\Tavisca.Catapult.Internal.ResourceAccess.DataProviders\Rate\LINQ\Rate.designer.cs:line 265
   at Tavisca.Catapult.Internal.ResourceAccess.DataProviders.Rate.RateProvider.SaveRateCard(String scopeId, RateCard rateCard) in d:\Code\TOM\Catapult\Code\trunk\CatapultServices\Tavisca.Catapult.Internal.ResourceAccess.DataProviders\Rate\RateProvider.cs:line 649
   at Tavisca.Catapult.External.Facade.Tests.TestActivityGenerator.SaveRateCard(RateCard rateCard) in d:\Code\TOM\Catapult\Code\trunk\CatapultServices\Tavisca.Catapult.External.Facade.Tests\TestActivityGenerator.cs:line 352
   at Tavisca.Catapult.External.Facade.Tests.ActivityMultiAvailTests.SearchByActivityCodeTest.SearchByActivityCodeContentDisabledTest1() in d:\Code\TOM\Catapult\Code\trunk\CatapultServices\Tavisca.Catapult.External.Facade.Tests\ActivityMultiAvailTests\SearchByActivityCodeTest.cs:line 76
</StackTrace>
        </ErrorInfo>
      </Output>
    </UnitTestResult>
    <UnitTestResult executionId="d4360f42-ac48-46d9-82ce-66c14f9497d6" testId="e1011dff-25f5-2337-a1e2-2281532b73a1" testName="BlackOutPeriodTest1" computerName="PHOENIXX" duration="00:00:00.4940742" startTime="2013-08-09T22:00:08.2932561+05:30" endTime="2013-08-09T22:00:08.7883056+05:30" testType="13cdc9d9-ddb5-4fa4-a97d-d965ccfc6d4b" outcome="Failed" testListId="8c84fa94-04c1-424b-9868-57a2d4851a1d" relativeResultsDirectory="d4360f42-ac48-46d9-82ce-66c14f9497d6">
      <Output>
        <ErrorInfo>
          <Message>Test method Tavisca.Catapult.External.Facade.Tests.ActivityMultiAvailTests.SearchByActivityCodeTest.BlackOutPeriodTest1 threw exception: 
System.Transactions.TransactionManagerCommunicationException: Network access for Distributed Transaction Manager (MSDTC) has been disabled. Please enable DTC for network access in the security configuration for MSDTC using the Component Services Administrative tool. ---&gt; System.Runtime.InteropServices.COMException: The transaction manager has disabled its support for remote/network transactions. (Exception from HRESULT: 0x8004D024)</Message>
          <StackTrace>    at System.Transactions.Oletx.IDtcProxyShimFactory.ReceiveTransaction(UInt32 propgationTokenSize, Byte[] propgationToken, IntPtr managedIdentifier, Guid&amp; transactionIdentifier, OletxTransactionIsolationLevel&amp; isolationLevel, ITransactionShim&amp; transactionShim)
   at System.Transactions.TransactionInterop.GetOletxTransactionFromTransmitterPropigationToken(Byte[] propagationToken)
 --- End of inner exception stack trace ---
    at System.Transactions.Oletx.OletxTransactionManager.ProxyException(COMException comException)
   at System.Transactions.TransactionInterop.GetOletxTransactionFromTransmitterPropigationToken(Byte[] propagationToken)
   at System.Transactions.TransactionStatePSPEOperation.PSPEPromote(InternalTransaction tx)
   at System.Transactions.TransactionStateDelegatedBase.EnterState(InternalTransaction tx)
   at System.Transactions.EnlistableStates.Promote(InternalTransaction tx)
   at System.Transactions.Transaction.Promote()
   at System.Transactions.TransactionInterop.ConvertToOletxTransaction(Transaction transaction)
   at System.Transactions.TransactionInterop.GetExportCookie(Transaction transaction, Byte[] whereabouts)
   at System.Data.SqlClient.SqlInternalConnection.GetTransactionCookie(Transaction transaction, Byte[] whereAbouts)
   at System.Data.SqlClient.SqlInternalConnection.EnlistNonNull(Transaction tx)
   at System.Data.SqlClient.SqlInternalConnection.Enlist(Transaction tx)
   at System.Data.SqlClient.SqlInternalConnectionTds.Activate(Transaction transaction)
   at System.Data.ProviderBase.DbConnectionInternal.ActivateConnection(Transaction transaction)
   at System.Data.ProviderBase.DbConnectionPool.TryGetConnection(DbConnection owningObject, UInt32 waitForMultipleObjectsTimeout, Boolean allowCreate, Boolean onlyOneCheckConnection, DbConnectionOptions userOptions, DbConnectionInternal&amp; connection)
   at System.Data.ProviderBase.DbConnectionPool.TryGetConnection(DbConnection owningObject, TaskCompletionSource`1 retry, DbConnectionOptions userOptions, DbConnectionInternal&amp; connection)
   at System.Data.ProviderBase.DbConnectionFactory.TryGetConnection(DbConnection owningConnection, TaskCompletionSource`1 retry, DbConnectionOptions userOptions, DbConnectionInternal&amp; connection)
   at System.Data.ProviderBase.DbConnectionClosed.TryOpenConnection(DbConnection outerConnection, DbConnectionFactory connectionFactory, TaskCompletionSource`1 retry, DbConnectionOptions userOptions)
   at System.Data.SqlClient.SqlConnection.TryOpen(TaskCompletionSource`1 retry)
   at System.Data.SqlClient.SqlConnection.Open()
   at System.Data.Linq.SqlClient.SqlConnectionManager.UseConnection(IConnectionUser user)
   at System.Data.Linq.SqlClient.SqlProvider.get_IsSqlCe()
   at System.Data.Linq.SqlClient.SqlProvider.InitializeProviderMode()
   at System.Data.Linq.SqlClient.SqlProvider.System.Data.Linq.Provider.IProvider.Execute(Expression query)
   at System.Data.Linq.DataContext.ExecuteMethodCall(Object instance, MethodInfo methodInfo, Object[] parameters)
   at Tavisca.Catapult.Internal.ResourceAccess.DataProviders.Rate.LINQ.RateDataContext.spSaveRateCard(Nullable`1 id, Nullable`1 productId, String productType, String scope, Nullable`1 isEnabled, Nullable`1 isDeleted) in d:\Code\TOM\Catapult\Code\trunk\CatapultServices\Tavisca.Catapult.Internal.ResourceAccess.DataProviders\Rate\LINQ\Rate.designer.cs:line 265
   at Tavisca.Catapult.Internal.ResourceAccess.DataProviders.Rate.RateProvider.SaveRateCard(String scopeId, RateCard rateCard) in d:\Code\TOM\Catapult\Code\trunk\CatapultServices\Tavisca.Catapult.Internal.ResourceAccess.DataProviders\Rate\RateProvider.cs:line 649
   at Tavisca.Catapult.External.Facade.Tests.TestActivityGenerator.SaveRateCard(RateCard rateCard) in d:\Code\TOM\Catapult\Code\trunk\CatapultServices\Tavisca.Catapult.External.Facade.Tests\TestActivityGenerator.cs:line 352
   at Tavisca.Catapult.External.Facade.Tests.ActivityMultiAvailTests.SearchByActivityCodeTest.BlackOutPeriodTest1() in d:\Code\TOM\Catapult\Code\trunk\CatapultServices\Tavisca.Catapult.External.Facade.Tests\ActivityMultiAvailTests\SearchByActivityCodeTest.cs:line 122
</StackTrace>
        </ErrorInfo>
      </Output>
    </UnitTestResult>
    <UnitTestResult executionId="c2d9ccef-ceb3-47b4-a77a-168d839a59e0" testId="145637ef-e889-13a0-b3bb-d878285616bc" testName="BlackOutPeriodTest2" computerName="PHOENIXX" duration="00:00:00.4149577" startTime="2013-08-09T22:00:08.7883056+05:30" endTime="2013-08-09T22:00:09.2033471+05:30" testType="13cdc9d9-ddb5-4fa4-a97d-d965ccfc6d4b" outcome="Failed" testListId="8c84fa94-04c1-424b-9868-57a2d4851a1d" relativeResultsDirectory="c2d9ccef-ceb3-47b4-a77a-168d839a59e0">
      <Output>
        <ErrorInfo>
          <Message>Test method Tavisca.Catapult.External.Facade.Tests.ActivityMultiAvailTests.SearchByActivityCodeTest.BlackOutPeriodTest2 threw exception: 
System.Transactions.TransactionManagerCommunicationException: Network access for Distributed Transaction Manager (MSDTC) has been disabled. Please enable DTC for network access in the security configuration for MSDTC using the Component Services Administrative tool. ---&gt; System.Runtime.InteropServices.COMException: The transaction manager has disabled its support for remote/network transactions. (Exception from HRESULT: 0x8004D024)</Message>
          <StackTrace>    at System.Transactions.Oletx.IDtcProxyShimFactory.ReceiveTransaction(UInt32 propgationTokenSize, Byte[] propgationToken, IntPtr managedIdentifier, Guid&amp; transactionIdentifier, OletxTransactionIsolationLevel&amp; isolationLevel, ITransactionShim&amp; transactionShim)
   at System.Transactions.TransactionInterop.GetOletxTransactionFromTransmitterPropigationToken(Byte[] propagationToken)
 --- End of inner exception stack trace ---
    at System.Transactions.Oletx.OletxTransactionManager.ProxyException(COMException comException)
   at System.Transactions.TransactionInterop.GetOletxTransactionFromTransmitterPropigationToken(Byte[] propagationToken)
   at System.Transactions.TransactionStatePSPEOperation.PSPEPromote(InternalTransaction tx)
   at System.Transactions.TransactionStateDelegatedBase.EnterState(InternalTransaction tx)
   at System.Transactions.EnlistableStates.Promote(InternalTransaction tx)
   at System.Transactions.Transaction.Promote()
   at System.Transactions.TransactionInterop.ConvertToOletxTransaction(Transaction transaction)
   at System.Transactions.TransactionInterop.GetExportCookie(Transaction transaction, Byte[] whereabouts)
   at System.Data.SqlClient.SqlInternalConnection.GetTransactionCookie(Transaction transaction, Byte[] whereAbouts)
   at System.Data.SqlClient.SqlInternalConnection.EnlistNonNull(Transaction tx)
   at System.Data.SqlClient.SqlInternalConnection.Enlist(Transaction tx)
   at System.Data.SqlClient.SqlInternalConnectionTds.Activate(Transaction transaction)
   at System.Data.ProviderBase.DbConnectionInternal.ActivateConnection(Transaction transaction)
   at System.Data.ProviderBase.DbConnectionPool.TryGetConnection(DbConnection owningObject, UInt32 waitForMultipleObjectsTimeout, Boolean allowCreate, Boolean onlyOneCheckConnection, DbConnectionOptions userOptions, DbConnectionInternal&amp; connection)
   at System.Data.ProviderBase.DbConnectionPool.TryGetConnection(DbConnection owningObject, TaskCompletionSource`1 retry, DbConnectionOptions userOptions, DbConnectionInternal&amp; connection)
   at System.Data.ProviderBase.DbConnectionFactory.TryGetConnection(DbConnection owningConnection, TaskCompletionSource`1 retry, DbConnectionOptions userOptions, DbConnectionInternal&amp; connection)
   at System.Data.ProviderBase.DbConnectionClosed.TryOpenConnection(DbConnection outerConnection, DbConnectionFactory connectionFactory, TaskCompletionSource`1 retry, DbConnectionOptions userOptions)
   at System.Data.SqlClient.SqlConnection.TryOpen(TaskCompletionSource`1 retry)
   at System.Data.SqlClient.SqlConnection.Open()
   at System.Data.Linq.SqlClient.SqlConnectionManager.UseConnection(IConnectionUser user)
   at System.Data.Linq.SqlClient.SqlProvider.get_IsSqlCe()
   at System.Data.Linq.SqlClient.SqlProvider.InitializeProviderMode()
   at System.Data.Linq.SqlClient.SqlProvider.System.Data.Linq.Provider.IProvider.Execute(Expression query)
   at System.Data.Linq.DataContext.ExecuteMethodCall(Object instance, MethodInfo methodInfo, Object[] parameters)
   at Tavisca.Catapult.Internal.ResourceAccess.DataProviders.Rate.LINQ.RateDataContext.spSaveRateCard(Nullable`1 id, Nullable`1 productId, String productType, String scope, Nullable`1 isEnabled, Nullable`1 isDeleted) in d:\Code\TOM\Catapult\Code\trunk\CatapultServices\Tavisca.Catapult.Internal.ResourceAccess.DataProviders\Rate\LINQ\Rate.designer.cs:line 265
   at Tavisca.Catapult.Internal.ResourceAccess.DataProviders.Rate.RateProvider.SaveRateCard(String scopeId, RateCard rateCard) in d:\Code\TOM\Catapult\Code\trunk\CatapultServices\Tavisca.Catapult.Internal.ResourceAccess.DataProviders\Rate\RateProvider.cs:line 649
   at Tavisca.Catapult.External.Facade.Tests.TestActivityGenerator.SaveRateCard(RateCard rateCard) in d:\Code\TOM\Catapult\Code\trunk\CatapultServices\Tavisca.Catapult.External.Facade.Tests\TestActivityGenerator.cs:line 352
   at Tavisca.Catapult.External.Facade.Tests.ActivityMultiAvailTests.SearchByActivityCodeTest.BlackOutPeriodTest2() in d:\Code\TOM\Catapult\Code\trunk\CatapultServices\Tavisca.Catapult.External.Facade.Tests\ActivityMultiAvailTests\SearchByActivityCodeTest.cs:line 166
</StackTrace>
        </ErrorInfo>
      </Output>
    </UnitTestResult>
    <UnitTestResult executionId="689acf69-d7a0-4b96-9c05-d5946c9f3aa4" testId="b16c7138-319d-970b-82b6-2b1677acffa5" testName="BlackOutPeriodTest3" computerName="PHOENIXX" duration="00:00:00.6172370" startTime="2013-08-09T22:00:09.2033471+05:30" endTime="2013-08-09T22:00:09.8204088+05:30" testType="13cdc9d9-ddb5-4fa4-a97d-d965ccfc6d4b" outcome="Failed" testListId="8c84fa94-04c1-424b-9868-57a2d4851a1d" relativeResultsDirectory="689acf69-d7a0-4b96-9c05-d5946c9f3aa4">
      <Output>
        <ErrorInfo>
          <Message>Test method Tavisca.Catapult.External.Facade.Tests.ActivityMultiAvailTests.SearchByActivityCodeTest.BlackOutPeriodTest3 threw exception: 
System.Transactions.TransactionManagerCommunicationException: Network access for Distributed Transaction Manager (MSDTC) has been disabled. Please enable DTC for network access in the security configuration for MSDTC using the Component Services Administrative tool. ---&gt; System.Runtime.InteropServices.COMException: The transaction manager has disabled its support for remote/network transactions. (Exception from HRESULT: 0x8004D024)</Message>
          <StackTrace>    at System.Transactions.Oletx.IDtcProxyShimFactory.ReceiveTransaction(UInt32 propgationTokenSize, Byte[] propgationToken, IntPtr managedIdentifier, Guid&amp; transactionIdentifier, OletxTransactionIsolationLevel&amp; isolationLevel, ITransactionShim&amp; transactionShim)
   at System.Transactions.TransactionInterop.GetOletxTransactionFromTransmitterPropigationToken(Byte[] propagationToken)
 --- End of inner exception stack trace ---
    at System.Transactions.Oletx.OletxTransactionManager.ProxyException(COMException comException)
   at System.Transactions.TransactionInterop.GetOletxTransactionFromTransmitterPropigationToken(Byte[] propagationToken)
   at System.Transactions.TransactionStatePSPEOperation.PSPEPromote(InternalTransaction tx)
   at System.Transactions.TransactionStateDelegatedBase.EnterState(InternalTransaction tx)
   at System.Transactions.EnlistableStates.Promote(InternalTransaction tx)
   at System.Transactions.Transaction.Promote()
   at System.Transactions.TransactionInterop.ConvertToOletxTransaction(Transaction transaction)
   at System.Transactions.TransactionInterop.GetExportCookie(Transaction transaction, Byte[] whereabouts)
   at System.Data.SqlClient.SqlInternalConnection.GetTransactionCookie(Transaction transaction, Byte[] whereAbouts)
   at System.Data.SqlClient.SqlInternalConnection.EnlistNonNull(Transaction tx)
   at System.Data.SqlClient.SqlInternalConnection.Enlist(Transaction tx)
   at System.Data.SqlClient.SqlInternalConnectionTds.Activate(Transaction transaction)
   at System.Data.ProviderBase.DbConnectionInternal.ActivateConnection(Transaction transaction)
   at System.Data.ProviderBase.DbConnectionPool.TryGetConnection(DbConnection owningObject, UInt32 waitForMultipleObjectsTimeout, Boolean allowCreate, Boolean onlyOneCheckConnection, DbConnectionOptions userOptions, DbConnectionInternal&amp; connection)
   at System.Data.ProviderBase.DbConnectionPool.TryGetConnection(DbConnection owningObject, TaskCompletionSource`1 retry, DbConnectionOptions userOptions, DbConnectionInternal&amp; connection)
   at System.Data.ProviderBase.DbConnectionFactory.TryGetConnection(DbConnection owningConnection, TaskCompletionSource`1 retry, DbConnectionOptions userOptions, DbConnectionInternal&amp; connection)
   at System.Data.ProviderBase.DbConnectionClosed.TryOpenConnection(DbConnection outerConnection, DbConnectionFactory connectionFactory, TaskCompletionSource`1 retry, DbConnectionOptions userOptions)
   at System.Data.SqlClient.SqlConnection.TryOpen(TaskCompletionSource`1 retry)
   at System.Data.SqlClient.SqlConnection.Open()
   at System.Data.Linq.SqlClient.SqlConnectionManager.UseConnection(IConnectionUser user)
   at System.Data.Linq.SqlClient.SqlProvider.get_IsSqlCe()
   at System.Data.Linq.SqlClient.SqlProvider.InitializeProviderMode()
   at System.Data.Linq.SqlClient.SqlProvider.System.Data.Linq.Provider.IProvider.Execute(Expression query)
   at System.Data.Linq.DataContext.ExecuteMethodCall(Object instance, MethodInfo methodInfo, Object[] parameters)
   at Tavisca.Catapult.Internal.ResourceAccess.DataProviders.Rate.LINQ.RateDataContext.spSaveRateCard(Nullable`1 id, Nullable`1 productId, String productType, String scope, Nullable`1 isEnabled, Nullable`1 isDeleted) in d:\Code\TOM\Catapult\Code\trunk\CatapultServices\Tavisca.Catapult.Internal.ResourceAccess.DataProviders\Rate\LINQ\Rate.designer.cs:line 265
   at Tavisca.Catapult.Internal.ResourceAccess.DataProviders.Rate.RateProvider.SaveRateCard(String scopeId, RateCard rateCard) in d:\Code\TOM\Catapult\Code\trunk\CatapultServices\Tavisca.Catapult.Internal.ResourceAccess.DataProviders\Rate\RateProvider.cs:line 649
   at Tavisca.Catapult.External.Facade.Tests.TestActivityGenerator.SaveRateCard(RateCard rateCard) in d:\Code\TOM\Catapult\Code\trunk\CatapultServices\Tavisca.Catapult.External.Facade.Tests\TestActivityGenerator.cs:line 352
   at Tavisca.Catapult.External.Facade.Tests.ActivityMultiAvailTests.SearchByActivityCodeTest.BlackOutPeriodTest3() in d:\Code\TOM\Catapult\Code\trunk\CatapultServices\Tavisca.Catapult.External.Facade.Tests\ActivityMultiAvailTests\SearchByActivityCodeTest.cs:line 211
</StackTrace>
        </ErrorInfo>
      </Output>
    </UnitTestResult>
    <UnitTestResult executionId="c0dbc8d8-e53f-4728-9940-97e6c837ed6b" testId="ca962fe4-aeac-61ff-e5f9-8287fd7db7ed" testName="RateContractTest1" computerName="PHOENIXX" duration="00:00:00.5556582" startTime="2013-08-09T22:00:09.8204088+05:30" endTime="2013-08-09T22:00:10.3764644+05:30" testType="13cdc9d9-ddb5-4fa4-a97d-d965ccfc6d4b" outcome="Failed" testListId="8c84fa94-04c1-424b-9868-57a2d4851a1d" relativeResultsDirectory="c0dbc8d8-e53f-4728-9940-97e6c837ed6b">
      <Output>
        <ErrorInfo>
          <Message>Test method Tavisca.Catapult.External.Facade.Tests.ActivityMultiAvailTests.SearchByActivityCodeTest.RateContractTest1 threw exception: 
System.Transactions.TransactionManagerCommunicationException: Network access for Distributed Transaction Manager (MSDTC) has been disabled. Please enable DTC for network access in the security configuration for MSDTC using the Component Services Administrative tool. ---&gt; System.Runtime.InteropServices.COMException: The transaction manager has disabled its support for remote/network transactions. (Exception from HRESULT: 0x8004D024)</Message>
          <StackTrace>    at System.Transactions.Oletx.IDtcProxyShimFactory.ReceiveTransaction(UInt32 propgationTokenSize, Byte[] propgationToken, IntPtr managedIdentifier, Guid&amp; transactionIdentifier, OletxTransactionIsolationLevel&amp; isolationLevel, ITransactionShim&amp; transactionShim)
   at System.Transactions.TransactionInterop.GetOletxTransactionFromTransmitterPropigationToken(Byte[] propagationToken)
 --- End of inner exception stack trace ---
    at System.Transactions.Oletx.OletxTransactionManager.ProxyException(COMException comException)
   at System.Transactions.TransactionInterop.GetOletxTransactionFromTransmitterPropigationToken(Byte[] propagationToken)
   at System.Transactions.TransactionStatePSPEOperation.PSPEPromote(InternalTransaction tx)
   at System.Transactions.TransactionStateDelegatedBase.EnterState(InternalTransaction tx)
   at System.Transactions.EnlistableStates.Promote(InternalTransaction tx)
   at System.Transactions.Transaction.Promote()
   at System.Transactions.TransactionInterop.ConvertToOletxTransaction(Transaction transaction)
   at System.Transactions.TransactionInterop.GetExportCookie(Transaction transaction, Byte[] whereabouts)
   at System.Data.SqlClient.SqlInternalConnection.GetTransactionCookie(Transaction transaction, Byte[] whereAbouts)
   at System.Data.SqlClient.SqlInternalConnection.EnlistNonNull(Transaction tx)
   at System.Data.SqlClient.SqlInternalConnection.Enlist(Transaction tx)
   at System.Data.SqlClient.SqlInternalConnectionTds.Activate(Transaction transaction)
   at System.Data.ProviderBase.DbConnectionInternal.ActivateConnection(Transaction transaction)
   at System.Data.ProviderBase.DbConnectionPool.TryGetConnection(DbConnection owningObject, UInt32 waitForMultipleObjectsTimeout, Boolean allowCreate, Boolean onlyOneCheckConnection, DbConnectionOptions userOptions, DbConnectionInternal&amp; connection)
   at System.Data.ProviderBase.DbConnectionPool.TryGetConnection(DbConnection owningObject, TaskCompletionSource`1 retry, DbConnectionOptions userOptions, DbConnectionInternal&amp; connection)
   at System.Data.ProviderBase.DbConnectionFactory.TryGetConnection(DbConnection owningConnection, TaskCompletionSource`1 retry, DbConnectionOptions userOptions, DbConnectionInternal&amp; connection)
   at System.Data.ProviderBase.DbConnectionClosed.TryOpenConnection(DbConnection outerConnection, DbConnectionFactory connectionFactory, TaskCompletionSource`1 retry, DbConnectionOptions userOptions)
   at System.Data.SqlClient.SqlConnection.TryOpen(TaskCompletionSource`1 retry)
   at System.Data.SqlClient.SqlConnection.Open()
   at System.Data.Linq.SqlClient.SqlConnectionManager.UseConnection(IConnectionUser user)
   at System.Data.Linq.SqlClient.SqlProvider.get_IsSqlCe()
   at System.Data.Linq.SqlClient.SqlProvider.InitializeProviderMode()
   at System.Data.Linq.SqlClient.SqlProvider.System.Data.Linq.Provider.IProvider.Execute(Expression query)
   at System.Data.Linq.DataContext.ExecuteMethodCall(Object instance, MethodInfo methodInfo, Object[] parameters)
   at Tavisca.Catapult.Internal.ResourceAccess.DataProviders.Rate.LINQ.RateDataContext.spSaveRateCard(Nullable`1 id, Nullable`1 productId, String productType, String scope, Nullable`1 isEnabled, Nullable`1 isDeleted) in d:\Code\TOM\Catapult\Code\trunk\CatapultServices\Tavisca.Catapult.Internal.ResourceAccess.DataProviders\Rate\LINQ\Rate.designer.cs:line 265
   at Tavisca.Catapult.Internal.ResourceAccess.DataProviders.Rate.RateProvider.SaveRateCard(String scopeId, RateCard rateCard) in d:\Code\TOM\Catapult\Code\trunk\CatapultServices\Tavisca.Catapult.Internal.ResourceAccess.DataProviders\Rate\RateProvider.cs:line 649
   at Tavisca.Catapult.External.Facade.Tests.TestActivityGenerator.SaveRateCard(RateCard rateCard) in d:\Code\TOM\Catapult\Code\trunk\CatapultServices\Tavisca.Catapult.External.Facade.Tests\TestActivityGenerator.cs:line 352
   at Tavisca.Catapult.External.Facade.Tests.ActivityMultiAvailTests.SearchByActivityCodeTest.RateContractTest1() in d:\Code\TOM\Catapult\Code\trunk\CatapultServices\Tavisca.Catapult.External.Facade.Tests\ActivityMultiAvailTests\SearchByActivityCodeTest.cs:line 269
</StackTrace>
        </ErrorInfo>
      </Output>
    </UnitTestResult>
    <UnitTestResult executionId="81d5159d-2560-4f85-8007-63337f6ee94a" testId="ee163a86-3120-50ca-7f13-19dba35f8e1e" testName="RateContractTest2" computerName="PHOENIXX" duration="00:00:00.5706367" startTime="2013-08-09T22:00:10.3764644+05:30" endTime="2013-08-09T22:00:10.9475215+05:30" testType="13cdc9d9-ddb5-4fa4-a97d-d965ccfc6d4b" outcome="Failed" testListId="8c84fa94-04c1-424b-9868-57a2d4851a1d" relativeResultsDirectory="81d5159d-2560-4f85-8007-63337f6ee94a">
      <Output>
        <ErrorInfo>
          <Message>Test method Tavisca.Catapult.External.Facade.Tests.ActivityMultiAvailTests.SearchByActivityCodeTest.RateContractTest2 threw exception: 
System.Transactions.TransactionManagerCommunicationException: Network access for Distributed Transaction Manager (MSDTC) has been disabled. Please enable DTC for network access in the security configuration for MSDTC using the Component Services Administrative tool. ---&gt; System.Runtime.InteropServices.COMException: The transaction manager has disabled its support for remote/network transactions. (Exception from HRESULT: 0x8004D024)</Message>
          <StackTrace>    at System.Transactions.Oletx.IDtcProxyShimFactory.ReceiveTransaction(UInt32 propgationTokenSize, Byte[] propgationToken, IntPtr managedIdentifier, Guid&amp; transactionIdentifier, OletxTransactionIsolationLevel&amp; isolationLevel, ITransactionShim&amp; transactionShim)
   at System.Transactions.TransactionInterop.GetOletxTransactionFromTransmitterPropigationToken(Byte[] propagationToken)
 --- End of inner exception stack trace ---
    at System.Transactions.Oletx.OletxTransactionManager.ProxyException(COMException comException)
   at System.Transactions.TransactionInterop.GetOletxTransactionFromTransmitterPropigationToken(Byte[] propagationToken)
   at System.Transactions.TransactionStatePSPEOperation.PSPEPromote(InternalTransaction tx)
   at System.Transactions.TransactionStateDelegatedBase.EnterState(InternalTransaction tx)
   at System.Transactions.EnlistableStates.Promote(InternalTransaction tx)
   at System.Transactions.Transaction.Promote()
   at System.Transactions.TransactionInterop.ConvertToOletxTransaction(Transaction transaction)
   at System.Transactions.TransactionInterop.GetExportCookie(Transaction transaction, Byte[] whereabouts)
   at System.Data.SqlClient.SqlInternalConnection.GetTransactionCookie(Transaction transaction, Byte[] whereAbouts)
   at System.Data.SqlClient.SqlInternalConnection.EnlistNonNull(Transaction tx)
   at System.Data.SqlClient.SqlInternalConnection.Enlist(Transaction tx)
   at System.Data.SqlClient.SqlInternalConnectionTds.Activate(Transaction transaction)
   at System.Data.ProviderBase.DbConnectionInternal.ActivateConnection(Transaction transaction)
   at System.Data.ProviderBase.DbConnectionPool.TryGetConnection(DbConnection owningObject, UInt32 waitForMultipleObjectsTimeout, Boolean allowCreate, Boolean onlyOneCheckConnection, DbConnectionOptions userOptions, DbConnectionInternal&amp; connection)
   at System.Data.ProviderBase.DbConnectionPool.TryGetConnection(DbConnection owningObject, TaskCompletionSource`1 retry, DbConnectionOptions userOptions, DbConnectionInternal&amp; connection)
   at System.Data.ProviderBase.DbConnectionFactory.TryGetConnection(DbConnection owningConnection, TaskCompletionSource`1 retry, DbConnectionOptions userOptions, DbConnectionInternal&amp; connection)
   at System.Data.ProviderBase.DbConnectionClosed.TryOpenConnection(DbConnection outerConnection, DbConnectionFactory connectionFactory, TaskCompletionSource`1 retry, DbConnectionOptions userOptions)
   at System.Data.SqlClient.SqlConnection.TryOpen(TaskCompletionSource`1 retry)
   at System.Data.SqlClient.SqlConnection.Open()
   at System.Data.Linq.SqlClient.SqlConnectionManager.UseConnection(IConnectionUser user)
   at System.Data.Linq.SqlClient.SqlProvider.get_IsSqlCe()
   at System.Data.Linq.SqlClient.SqlProvider.InitializeProviderMode()
   at System.Data.Linq.SqlClient.SqlProvider.System.Data.Linq.Provider.IProvider.Execute(Expression query)
   at System.Data.Linq.DataContext.ExecuteMethodCall(Object instance, MethodInfo methodInfo, Object[] parameters)
   at Tavisca.Catapult.Internal.ResourceAccess.DataProviders.Rate.LINQ.RateDataContext.spSaveRateCard(Nullable`1 id, Nullable`1 productId, String productType, String scope, Nullable`1 isEnabled, Nullable`1 isDeleted) in d:\Code\TOM\Catapult\Code\trunk\CatapultServices\Tavisca.Catapult.Internal.ResourceAccess.DataProviders\Rate\LINQ\Rate.designer.cs:line 265
   at Tavisca.Catapult.Internal.ResourceAccess.DataProviders.Rate.RateProvider.SaveRateCard(String scopeId, RateCard rateCard) in d:\Code\TOM\Catapult\Code\trunk\CatapultServices\Tavisca.Catapult.Internal.ResourceAccess.DataProviders\Rate\RateProvider.cs:line 649
   at Tavisca.Catapult.External.Facade.Tests.TestActivityGenerator.SaveRateCard(RateCard rateCard) in d:\Code\TOM\Catapult\Code\trunk\CatapultServices\Tavisca.Catapult.External.Facade.Tests\TestActivityGenerator.cs:line 352
   at Tavisca.Catapult.External.Facade.Tests.ActivityMultiAvailTests.SearchByActivityCodeTest.RateContractTest2() in d:\Code\TOM\Catapult\Code\trunk\CatapultServices\Tavisca.Catapult.External.Facade.Tests\ActivityMultiAvailTests\SearchByActivityCodeTest.cs:line 313
</StackTrace>
        </ErrorInfo>
      </Output>
    </UnitTestResult>
    <UnitTestResult executionId="16ce49bf-97a8-446f-839c-5a1176d56022" testId="6d7fd9f5-f280-e1d4-bba1-43be312ac229" testName="RateContractTest3" computerName="PHOENIXX" duration="00:00:00.4765410" startTime="2013-08-09T22:00:10.9475215+05:30" endTime="2013-08-09T22:00:11.4245692+05:30" testType="13cdc9d9-ddb5-4fa4-a97d-d965ccfc6d4b" outcome="Failed" testListId="8c84fa94-04c1-424b-9868-57a2d4851a1d" relativeResultsDirectory="16ce49bf-97a8-446f-839c-5a1176d56022">
      <Output>
        <ErrorInfo>
          <Message>Test method Tavisca.Catapult.External.Facade.Tests.ActivityMultiAvailTests.SearchByActivityCodeTest.RateContractTest3 threw exception: 
System.Transactions.TransactionManagerCommunicationException: Network access for Distributed Transaction Manager (MSDTC) has been disabled. Please enable DTC for network access in the security configuration for MSDTC using the Component Services Administrative tool. ---&gt; System.Runtime.InteropServices.COMException: The transaction manager has disabled its support for remote/network transactions. (Exception from HRESULT: 0x8004D024)</Message>
          <StackTrace>    at System.Transactions.Oletx.IDtcProxyShimFactory.ReceiveTransaction(UInt32 propgationTokenSize, Byte[] propgationToken, IntPtr managedIdentifier, Guid&amp; transactionIdentifier, OletxTransactionIsolationLevel&amp; isolationLevel, ITransactionShim&amp; transactionShim)
   at System.Transactions.TransactionInterop.GetOletxTransactionFromTransmitterPropigationToken(Byte[] propagationToken)
 --- End of inner exception stack trace ---
    at System.Transactions.Oletx.OletxTransactionManager.ProxyException(COMException comException)
   at System.Transactions.TransactionInterop.GetOletxTransactionFromTransmitterPropigationToken(Byte[] propagationToken)
   at System.Transactions.TransactionStatePSPEOperation.PSPEPromote(InternalTransaction tx)
   at System.Transactions.TransactionStateDelegatedBase.EnterState(InternalTransaction tx)
   at System.Transactions.EnlistableStates.Promote(InternalTransaction tx)
   at System.Transactions.Transaction.Promote()
   at System.Transactions.TransactionInterop.ConvertToOletxTransaction(Transaction transaction)
   at System.Transactions.TransactionInterop.GetExportCookie(Transaction transaction, Byte[] whereabouts)
   at System.Data.SqlClient.SqlInternalConnection.GetTransactionCookie(Transaction transaction, Byte[] whereAbouts)
   at System.Data.SqlClient.SqlInternalConnection.EnlistNonNull(Transaction tx)
   at System.Data.SqlClient.SqlInternalConnection.Enlist(Transaction tx)
   at System.Data.SqlClient.SqlInternalConnectionTds.Activate(Transaction transaction)
   at System.Data.ProviderBase.DbConnectionInternal.ActivateConnection(Transaction transaction)
   at System.Data.ProviderBase.DbConnectionPool.TryGetConnection(DbConnection owningObject, UInt32 waitForMultipleObjectsTimeout, Boolean allowCreate, Boolean onlyOneCheckConnection, DbConnectionOptions userOptions, DbConnectionInternal&amp; connection)
   at System.Data.ProviderBase.DbConnectionPool.TryGetConnection(DbConnection owningObject, TaskCompletionSource`1 retry, DbConnectionOptions userOptions, DbConnectionInternal&amp; connection)
   at System.Data.ProviderBase.DbConnectionFactory.TryGetConnection(DbConnection owningConnection, TaskCompletionSource`1 retry, DbConnectionOptions userOptions, DbConnectionInternal&amp; connection)
   at System.Data.ProviderBase.DbConnectionClosed.TryOpenConnection(DbConnection outerConnection, DbConnectionFactory connectionFactory, TaskCompletionSource`1 retry, DbConnectionOptions userOptions)
   at System.Data.SqlClient.SqlConnection.TryOpen(TaskCompletionSource`1 retry)
   at System.Data.SqlClient.SqlConnection.Open()
   at System.Data.Linq.SqlClient.SqlConnectionManager.UseConnection(IConnectionUser user)
   at System.Data.Linq.SqlClient.SqlProvider.get_IsSqlCe()
   at System.Data.Linq.SqlClient.SqlProvider.InitializeProviderMode()
   at System.Data.Linq.SqlClient.SqlProvider.System.Data.Linq.Provider.IProvider.Execute(Expression query)
   at System.Data.Linq.DataContext.ExecuteMethodCall(Object instance, MethodInfo methodInfo, Object[] parameters)
   at Tavisca.Catapult.Internal.ResourceAccess.DataProviders.Rate.LINQ.RateDataContext.spSaveRateCard(Nullable`1 id, Nullable`1 productId, String productType, String scope, Nullable`1 isEnabled, Nullable`1 isDeleted) in d:\Code\TOM\Catapult\Code\trunk\CatapultServices\Tavisca.Catapult.Internal.ResourceAccess.DataProviders\Rate\LINQ\Rate.designer.cs:line 265
   at Tavisca.Catapult.Internal.ResourceAccess.DataProviders.Rate.RateProvider.SaveRateCard(String scopeId, RateCard rateCard) in d:\Code\TOM\Catapult\Code\trunk\CatapultServices\Tavisca.Catapult.Internal.ResourceAccess.DataProviders\Rate\RateProvider.cs:line 649
   at Tavisca.Catapult.External.Facade.Tests.TestActivityGenerator.SaveRateCard(RateCard rateCard) in d:\Code\TOM\Catapult\Code\trunk\CatapultServices\Tavisca.Catapult.External.Facade.Tests\TestActivityGenerator.cs:line 352
   at Tavisca.Catapult.External.Facade.Tests.ActivityMultiAvailTests.SearchByActivityCodeTest.RateContractTest3() in d:\Code\TOM\Catapult\Code\trunk\CatapultServices\Tavisca.Catapult.External.Facade.Tests\ActivityMultiAvailTests\SearchByActivityCodeTest.cs:line 356
</StackTrace>
        </ErrorInfo>
      </Output>
    </UnitTestResult>
    <UnitTestResult executionId="f8cb8fb5-b8ea-4b7d-a7ef-55b7283c47e9" testId="54a743c8-c6d2-d1b4-0db2-ca58bda565eb" testName="RateContractTest4" computerName="PHOENIXX" duration="00:00:00.5674969" startTime="2013-08-09T22:00:11.4245692+05:30" endTime="2013-08-09T22:00:11.9916259+05:30" testType="13cdc9d9-ddb5-4fa4-a97d-d965ccfc6d4b" outcome="Failed" testListId="8c84fa94-04c1-424b-9868-57a2d4851a1d" relativeResultsDirectory="f8cb8fb5-b8ea-4b7d-a7ef-55b7283c47e9">
      <Output>
        <ErrorInfo>
          <Message>Test method Tavisca.Catapult.External.Facade.Tests.ActivityMultiAvailTests.SearchByActivityCodeTest.RateContractTest4 threw exception: 
System.Transactions.TransactionManagerCommunicationException: Network access for Distributed Transaction Manager (MSDTC) has been disabled. Please enable DTC for network access in the security configuration for MSDTC using the Component Services Administrative tool. ---&gt; System.Runtime.InteropServices.COMException: The transaction manager has disabled its support for remote/network transactions. (Exception from HRESULT: 0x8004D024)</Message>
          <StackTrace>    at System.Transactions.Oletx.IDtcProxyShimFactory.ReceiveTransaction(UInt32 propgationTokenSize, Byte[] propgationToken, IntPtr managedIdentifier, Guid&amp; transactionIdentifier, OletxTransactionIsolationLevel&amp; isolationLevel, ITransactionShim&amp; transactionShim)
   at System.Transactions.TransactionInterop.GetOletxTransactionFromTransmitterPropigationToken(Byte[] propagationToken)
 --- End of inner exception stack trace ---
    at System.Transactions.Oletx.OletxTransactionManager.ProxyException(COMException comException)
   at System.Transactions.TransactionInterop.GetOletxTransactionFromTransmitterPropigationToken(Byte[] propagationToken)
   at System.Transactions.TransactionStatePSPEOperation.PSPEPromote(InternalTransaction tx)
   at System.Transactions.TransactionStateDelegatedBase.EnterState(InternalTransaction tx)
   at System.Transactions.EnlistableStates.Promote(InternalTransaction tx)
   at System.Transactions.Transaction.Promote()
   at System.Transactions.TransactionInterop.ConvertToOletxTransaction(Transaction transaction)
   at System.Transactions.TransactionInterop.GetExportCookie(Transaction transaction, Byte[] whereabouts)
   at System.Data.SqlClient.SqlInternalConnection.GetTransactionCookie(Transaction transaction, Byte[] whereAbouts)
   at System.Data.SqlClient.SqlInternalConnection.EnlistNonNull(Transaction tx)
   at System.Data.SqlClient.SqlInternalConnection.Enlist(Transaction tx)
   at System.Data.SqlClient.SqlInternalConnectionTds.Activate(Transaction transaction)
   at System.Data.ProviderBase.DbConnectionInternal.ActivateConnection(Transaction transaction)
   at System.Data.ProviderBase.DbConnectionPool.TryGetConnection(DbConnection owningObject, UInt32 waitForMultipleObjectsTimeout, Boolean allowCreate, Boolean onlyOneCheckConnection, DbConnectionOptions userOptions, DbConnectionInternal&amp; connection)
   at System.Data.ProviderBase.DbConnectionPool.TryGetConnection(DbConnection owningObject, TaskCompletionSource`1 retry, DbConnectionOptions userOptions, DbConnectionInternal&amp; connection)
   at System.Data.ProviderBase.DbConnectionFactory.TryGetConnection(DbConnection owningConnection, TaskCompletionSource`1 retry, DbConnectionOptions userOptions, DbConnectionInternal&amp; connection)
   at System.Data.ProviderBase.DbConnectionClosed.TryOpenConnection(DbConnection outerConnection, DbConnectionFactory connectionFactory, TaskCompletionSource`1 retry, DbConnectionOptions userOptions)
   at System.Data.SqlClient.SqlConnection.TryOpen(TaskCompletionSource`1 retry)
   at System.Data.SqlClient.SqlConnection.Open()
   at System.Data.Linq.SqlClient.SqlConnectionManager.UseConnection(IConnectionUser user)
   at System.Data.Linq.SqlClient.SqlProvider.get_IsSqlCe()
   at System.Data.Linq.SqlClient.SqlProvider.InitializeProviderMode()
   at System.Data.Linq.SqlClient.SqlProvider.System.Data.Linq.Provider.IProvider.Execute(Expression query)
   at System.Data.Linq.DataContext.ExecuteMethodCall(Object instance, MethodInfo methodInfo, Object[] parameters)
   at Tavisca.Catapult.Internal.ResourceAccess.DataProviders.Rate.LINQ.RateDataContext.spSaveRateCard(Nullable`1 id, Nullable`1 productId, String productType, String scope, Nullable`1 isEnabled, Nullable`1 isDeleted) in d:\Code\TOM\Catapult\Code\trunk\CatapultServices\Tavisca.Catapult.Internal.ResourceAccess.DataProviders\Rate\LINQ\Rate.designer.cs:line 265
   at Tavisca.Catapult.Internal.ResourceAccess.DataProviders.Rate.RateProvider.SaveRateCard(String scopeId, RateCard rateCard) in d:\Code\TOM\Catapult\Code\trunk\CatapultServices\Tavisca.Catapult.Internal.ResourceAccess.DataProviders\Rate\RateProvider.cs:line 649
   at Tavisca.Catapult.External.Facade.Tests.TestActivityGenerator.SaveRateCard(RateCard rateCard) in d:\Code\TOM\Catapult\Code\trunk\CatapultServices\Tavisca.Catapult.External.Facade.Tests\TestActivityGenerator.cs:line 352
   at Tavisca.Catapult.External.Facade.Tests.ActivityMultiAvailTests.SearchByActivityCodeTest.RateContractTest4() in d:\Code\TOM\Catapult\Code\trunk\CatapultServices\Tavisca.Catapult.External.Facade.Tests\ActivityMultiAvailTests\SearchByActivityCodeTest.cs:line 399
</StackTrace>
        </ErrorInfo>
      </Output>
    </UnitTestResult>
    <UnitTestResult executionId="ae711851-b261-42d8-bbe2-7c0510a27e8d" testId="102b4238-3ffb-861e-aab4-3d10ddd872d2" testName="RateContractTest5" computerName="PHOENIXX" duration="00:00:01.0031564" startTime="2013-08-09T22:00:11.9926260+05:30" endTime="2013-08-09T22:00:12.9957263+05:30" testType="13cdc9d9-ddb5-4fa4-a97d-d965ccfc6d4b" outcome="Failed" testListId="8c84fa94-04c1-424b-9868-57a2d4851a1d" relativeResultsDirectory="ae711851-b261-42d8-bbe2-7c0510a27e8d">
      <Output>
        <ErrorInfo>
          <Message>Test method Tavisca.Catapult.External.Facade.Tests.ActivityMultiAvailTests.SearchByActivityCodeTest.RateContractTest5 threw exception: 
System.Transactions.TransactionManagerCommunicationException: Network access for Distributed Transaction Manager (MSDTC) has been disabled. Please enable DTC for network access in the security configuration for MSDTC using the Component Services Administrative tool. ---&gt; System.Runtime.InteropServices.COMException: The transaction manager has disabled its support for remote/network transactions. (Exception from HRESULT: 0x8004D024)</Message>
          <StackTrace>    at System.Transactions.Oletx.IDtcProxyShimFactory.ReceiveTransaction(UInt32 propgationTokenSize, Byte[] propgationToken, IntPtr managedIdentifier, Guid&amp; transactionIdentifier, OletxTransactionIsolationLevel&amp; isolationLevel, ITransactionShim&amp; transactionShim)
   at System.Transactions.TransactionInterop.GetOletxTransactionFromTransmitterPropigationToken(Byte[] propagationToken)
 --- End of inner exception stack trace ---
    at System.Transactions.Oletx.OletxTransactionManager.ProxyException(COMException comException)
   at System.Transactions.TransactionInterop.GetOletxTransactionFromTransmitterPropigationToken(Byte[] propagationToken)
   at System.Transactions.TransactionStatePSPEOperation.PSPEPromote(InternalTransaction tx)
   at System.Transactions.TransactionStateDelegatedBase.EnterState(InternalTransaction tx)
   at System.Transactions.EnlistableStates.Promote(InternalTransaction tx)
   at System.Transactions.Transaction.Promote()
   at System.Transactions.TransactionInterop.ConvertToOletxTransaction(Transaction transaction)
   at System.Transactions.TransactionInterop.GetExportCookie(Transaction transaction, Byte[] whereabouts)
   at System.Data.SqlClient.SqlInternalConnection.GetTransactionCookie(Transaction transaction, Byte[] whereAbouts)
   at System.Data.SqlClient.SqlInternalConnection.EnlistNonNull(Transaction tx)
   at System.Data.SqlClient.SqlInternalConnection.Enlist(Transaction tx)
   at System.Data.SqlClient.SqlInternalConnectionTds.Activate(Transaction transaction)
   at System.Data.ProviderBase.DbConnectionInternal.ActivateConnection(Transaction transaction)
   at System.Data.ProviderBase.DbConnectionPool.TryGetConnection(DbConnection owningObject, UInt32 waitForMultipleObjectsTimeout, Boolean allowCreate, Boolean onlyOneCheckConnection, DbConnectionOptions userOptions, DbConnectionInternal&amp; connection)
   at System.Data.ProviderBase.DbConnectionPool.TryGetConnection(DbConnection owningObject, TaskCompletionSource`1 retry, DbConnectionOptions userOptions, DbConnectionInternal&amp; connection)
   at System.Data.ProviderBase.DbConnectionFactory.TryGetConnection(DbConnection owningConnection, TaskCompletionSource`1 retry, DbConnectionOptions userOptions, DbConnectionInternal&amp; connection)
   at System.Data.ProviderBase.DbConnectionClosed.TryOpenConnection(DbConnection outerConnection, DbConnectionFactory connectionFactory, TaskCompletionSource`1 retry, DbConnectionOptions userOptions)
   at System.Data.SqlClient.SqlConnection.TryOpen(TaskCompletionSource`1 retry)
   at System.Data.SqlClient.SqlConnection.Open()
   at System.Data.Linq.SqlClient.SqlConnectionManager.UseConnection(IConnectionUser user)
   at System.Data.Linq.SqlClient.SqlProvider.get_IsSqlCe()
   at System.Data.Linq.SqlClient.SqlProvider.InitializeProviderMode()
   at System.Data.Linq.SqlClient.SqlProvider.System.Data.Linq.Provider.IProvider.Execute(Expression query)
   at System.Data.Linq.DataContext.ExecuteMethodCall(Object instance, MethodInfo methodInfo, Object[] parameters)
   at Tavisca.Catapult.Internal.ResourceAccess.DataProviders.Rate.LINQ.RateDataContext.spSaveRateCard(Nullable`1 id, Nullable`1 productId, String productType, String scope, Nullable`1 isEnabled, Nullable`1 isDeleted) in d:\Code\TOM\Catapult\Code\trunk\CatapultServices\Tavisca.Catapult.Internal.ResourceAccess.DataProviders\Rate\LINQ\Rate.designer.cs:line 265
   at Tavisca.Catapult.Internal.ResourceAccess.DataProviders.Rate.RateProvider.SaveRateCard(String scopeId, RateCard rateCard) in d:\Code\TOM\Catapult\Code\trunk\CatapultServices\Tavisca.Catapult.Internal.ResourceAccess.DataProviders\Rate\RateProvider.cs:line 649
   at Tavisca.Catapult.External.Facade.Tests.TestActivityGenerator.SaveRateCard(RateCard rateCard) in d:\Code\TOM\Catapult\Code\trunk\CatapultServices\Tavisca.Catapult.External.Facade.Tests\TestActivityGenerator.cs:line 352
   at Tavisca.Catapult.External.Facade.Tests.ActivityMultiAvailTests.SearchByActivityCodeTest.RateContractTest5() in d:\Code\TOM\Catapult\Code\trunk\CatapultServices\Tavisca.Catapult.External.Facade.Tests\ActivityMultiAvailTests\SearchByActivityCodeTest.cs:line 442
</StackTrace>
        </ErrorInfo>
      </Output>
    </UnitTestResult>
    <UnitTestResult executionId="c7087d4c-12ba-4f25-b788-3ccf7fb45bb3" testId="3dba0b62-d65e-3140-103e-be2b0138652b" testName="RateContractTest6" computerName="PHOENIXX" duration="00:00:00.9028242" startTime="2013-08-09T22:00:12.9957263+05:30" endTime="2013-08-09T22:00:13.8988166+05:30" testType="13cdc9d9-ddb5-4fa4-a97d-d965ccfc6d4b" outcome="Failed" testListId="8c84fa94-04c1-424b-9868-57a2d4851a1d" relativeResultsDirectory="c7087d4c-12ba-4f25-b788-3ccf7fb45bb3">
      <Output>
        <ErrorInfo>
          <Message>Test method Tavisca.Catapult.External.Facade.Tests.ActivityMultiAvailTests.SearchByActivityCodeTest.RateContractTest6 threw exception: 
System.Transactions.TransactionManagerCommunicationException: Network access for Distributed Transaction Manager (MSDTC) has been disabled. Please enable DTC for network access in the security configuration for MSDTC using the Component Services Administrative tool. ---&gt; System.Runtime.InteropServices.COMException: The transaction manager has disabled its support for remote/network transactions. (Exception from HRESULT: 0x8004D024)</Message>
          <StackTrace>    at System.Transactions.Oletx.IDtcProxyShimFactory.ReceiveTransaction(UInt32 propgationTokenSize, Byte[] propgationToken, IntPtr managedIdentifier, Guid&amp; transactionIdentifier, OletxTransactionIsolationLevel&amp; isolationLevel, ITransactionShim&amp; transactionShim)
   at System.Transactions.TransactionInterop.GetOletxTransactionFromTransmitterPropigationToken(Byte[] propagationToken)
 --- End of inner exception stack trace ---
    at System.Transactions.Oletx.OletxTransactionManager.ProxyException(COMException comException)
   at System.Transactions.TransactionInterop.GetOletxTransactionFromTransmitterPropigationToken(Byte[] propagationToken)
   at System.Transactions.TransactionStatePSPEOperation.PSPEPromote(InternalTransaction tx)
   at System.Transactions.TransactionStateDelegatedBase.EnterState(InternalTransaction tx)
   at System.Transactions.EnlistableStates.Promote(InternalTransaction tx)
   at System.Transactions.Transaction.Promote()
   at System.Transactions.TransactionInterop.ConvertToOletxTransaction(Transaction transaction)
   at System.Transactions.TransactionInterop.GetExportCookie(Transaction transaction, Byte[] whereabouts)
   at System.Data.SqlClient.SqlInternalConnection.GetTransactionCookie(Transaction transaction, Byte[] whereAbouts)
   at System.Data.SqlClient.SqlInternalConnection.EnlistNonNull(Transaction tx)
   at System.Data.SqlClient.SqlInternalConnection.Enlist(Transaction tx)
   at System.Data.SqlClient.SqlInternalConnectionTds.Activate(Transaction transaction)
   at System.Data.ProviderBase.DbConnectionInternal.ActivateConnection(Transaction transaction)
   at System.Data.ProviderBase.DbConnectionPool.TryGetConnection(DbConnection owningObject, UInt32 waitForMultipleObjectsTimeout, Boolean allowCreate, Boolean onlyOneCheckConnection, DbConnectionOptions userOptions, DbConnectionInternal&amp; connection)
   at System.Data.ProviderBase.DbConnectionPool.TryGetConnection(DbConnection owningObject, TaskCompletionSource`1 retry, DbConnectionOptions userOptions, DbConnectionInternal&amp; connection)
   at System.Data.ProviderBase.DbConnectionFactory.TryGetConnection(DbConnection owningConnection, TaskCompletionSource`1 retry, DbConnectionOptions userOptions, DbConnectionInternal&amp; connection)
   at System.Data.ProviderBase.DbConnectionClosed.TryOpenConnection(DbConnection outerConnection, DbConnectionFactory connectionFactory, TaskCompletionSource`1 retry, DbConnectionOptions userOptions)
   at System.Data.SqlClient.SqlConnection.TryOpen(TaskCompletionSource`1 retry)
   at System.Data.SqlClient.SqlConnection.Open()
   at System.Data.Linq.SqlClient.SqlConnectionManager.UseConnection(IConnectionUser user)
   at System.Data.Linq.SqlClient.SqlProvider.get_IsSqlCe()
   at System.Data.Linq.SqlClient.SqlProvider.InitializeProviderMode()
   at System.Data.Linq.SqlClient.SqlProvider.System.Data.Linq.Provider.IProvider.Execute(Expression query)
   at System.Data.Linq.DataContext.ExecuteMethodCall(Object instance, MethodInfo methodInfo, Object[] parameters)
   at Tavisca.Catapult.Internal.ResourceAccess.DataProviders.Rate.LINQ.RateDataContext.spSaveRateCard(Nullable`1 id, Nullable`1 productId, String productType, String scope, Nullable`1 isEnabled, Nullable`1 isDeleted) in d:\Code\TOM\Catapult\Code\trunk\CatapultServices\Tavisca.Catapult.Internal.ResourceAccess.DataProviders\Rate\LINQ\Rate.designer.cs:line 265
   at Tavisca.Catapult.Internal.ResourceAccess.DataProviders.Rate.RateProvider.SaveRateCard(String scopeId, RateCard rateCard) in d:\Code\TOM\Catapult\Code\trunk\CatapultServices\Tavisca.Catapult.Internal.ResourceAccess.DataProviders\Rate\RateProvider.cs:line 649
   at Tavisca.Catapult.External.Facade.Tests.TestActivityGenerator.SaveRateCard(RateCard rateCard) in d:\Code\TOM\Catapult\Code\trunk\CatapultServices\Tavisca.Catapult.External.Facade.Tests\TestActivityGenerator.cs:line 352
   at Tavisca.Catapult.External.Facade.Tests.ActivityMultiAvailTests.SearchByActivityCodeTest.RateContractTest6() in d:\Code\TOM\Catapult\Code\trunk\CatapultServices\Tavisca.Catapult.External.Facade.Tests\ActivityMultiAvailTests\SearchByActivityCodeTest.cs:line 485
</StackTrace>
        </ErrorInfo>
      </Output>
    </UnitTestResult>
    <UnitTestResult executionId="5f1f4a7c-42b7-447c-9ded-3597eba0952b" testId="d8ae811c-a950-9917-face-4ca0462ec510" testName="RateContractTest7" computerName="PHOENIXX" duration="00:00:00.7800367" startTime="2013-08-09T22:00:13.8988166+05:30" endTime="2013-08-09T22:00:14.6788946+05:30" testType="13cdc9d9-ddb5-4fa4-a97d-d965ccfc6d4b" outcome="Failed" testListId="8c84fa94-04c1-424b-9868-57a2d4851a1d" relativeResultsDirectory="5f1f4a7c-42b7-447c-9ded-3597eba0952b">
      <Output>
        <ErrorInfo>
          <Message>Test method Tavisca.Catapult.External.Facade.Tests.ActivityMultiAvailTests.SearchByActivityCodeTest.RateContractTest7 threw exception: 
System.Transactions.TransactionManagerCommunicationException: Network access for Distributed Transaction Manager (MSDTC) has been disabled. Please enable DTC for network access in the security configuration for MSDTC using the Component Services Administrative tool. ---&gt; System.Runtime.InteropServices.COMException: The transaction manager has disabled its support for remote/network transactions. (Exception from HRESULT: 0x8004D024)</Message>
          <StackTrace>    at System.Transactions.Oletx.IDtcProxyShimFactory.ReceiveTransaction(UInt32 propgationTokenSize, Byte[] propgationToken, IntPtr managedIdentifier, Guid&amp; transactionIdentifier, OletxTransactionIsolationLevel&amp; isolationLevel, ITransactionShim&amp; transactionShim)
   at System.Transactions.TransactionInterop.GetOletxTransactionFromTransmitterPropigationToken(Byte[] propagationToken)
 --- End of inner exception stack trace ---
    at System.Transactions.Oletx.OletxTransactionManager.ProxyException(COMException comException)
   at System.Transactions.TransactionInterop.GetOletxTransactionFromTransmitterPropigationToken(Byte[] propagationToken)
   at System.Transactions.TransactionStatePSPEOperation.PSPEPromote(InternalTransaction tx)
   at System.Transactions.TransactionStateDelegatedBase.EnterState(InternalTransaction tx)
   at System.Transactions.EnlistableStates.Promote(InternalTransaction tx)
   at System.Transactions.Transaction.Promote()
   at System.Transactions.TransactionInterop.ConvertToOletxTransaction(Transaction transaction)
   at System.Transactions.TransactionInterop.GetExportCookie(Transaction transaction, Byte[] whereabouts)
   at System.Data.SqlClient.SqlInternalConnection.GetTransactionCookie(Transaction transaction, Byte[] whereAbouts)
   at System.Data.SqlClient.SqlInternalConnection.EnlistNonNull(Transaction tx)
   at System.Data.SqlClient.SqlInternalConnection.Enlist(Transaction tx)
   at System.Data.SqlClient.SqlInternalConnectionTds.Activate(Transaction transaction)
   at System.Data.ProviderBase.DbConnectionInternal.ActivateConnection(Transaction transaction)
   at System.Data.ProviderBase.DbConnectionPool.TryGetConnection(DbConnection owningObject, UInt32 waitForMultipleObjectsTimeout, Boolean allowCreate, Boolean onlyOneCheckConnection, DbConnectionOptions userOptions, DbConnectionInternal&amp; connection)
   at System.Data.ProviderBase.DbConnectionPool.TryGetConnection(DbConnection owningObject, TaskCompletionSource`1 retry, DbConnectionOptions userOptions, DbConnectionInternal&amp; connection)
   at System.Data.ProviderBase.DbConnectionFactory.TryGetConnection(DbConnection owningConnection, TaskCompletionSource`1 retry, DbConnectionOptions userOptions, DbConnectionInternal&amp; connection)
   at System.Data.ProviderBase.DbConnectionClosed.TryOpenConnection(DbConnection outerConnection, DbConnectionFactory connectionFactory, TaskCompletionSource`1 retry, DbConnectionOptions userOptions)
   at System.Data.SqlClient.SqlConnection.TryOpen(TaskCompletionSource`1 retry)
   at System.Data.SqlClient.SqlConnection.Open()
   at System.Data.Linq.SqlClient.SqlConnectionManager.UseConnection(IConnectionUser user)
   at System.Data.Linq.SqlClient.SqlProvider.get_IsSqlCe()
   at System.Data.Linq.SqlClient.SqlProvider.InitializeProviderMode()
   at System.Data.Linq.SqlClient.SqlProvider.System.Data.Linq.Provider.IProvider.Execute(Expression query)
   at System.Data.Linq.DataContext.ExecuteMethodCall(Object instance, MethodInfo methodInfo, Object[] parameters)
   at Tavisca.Catapult.Internal.ResourceAccess.DataProviders.Rate.LINQ.RateDataContext.spSaveRateCard(Nullable`1 id, Nullable`1 productId, String productType, String scope, Nullable`1 isEnabled, Nullable`1 isDeleted) in d:\Code\TOM\Catapult\Code\trunk\CatapultServices\Tavisca.Catapult.Internal.ResourceAccess.DataProviders\Rate\LINQ\Rate.designer.cs:line 265
   at Tavisca.Catapult.Internal.ResourceAccess.DataProviders.Rate.RateProvider.SaveRateCard(String scopeId, RateCard rateCard) in d:\Code\TOM\Catapult\Code\trunk\CatapultServices\Tavisca.Catapult.Internal.ResourceAccess.DataProviders\Rate\RateProvider.cs:line 649
   at Tavisca.Catapult.External.Facade.Tests.TestActivityGenerator.SaveRateCard(RateCard rateCard) in d:\Code\TOM\Catapult\Code\trunk\CatapultServices\Tavisca.Catapult.External.Facade.Tests\TestActivityGenerator.cs:line 352
   at Tavisca.Catapult.External.Facade.Tests.ActivityMultiAvailTests.SearchByActivityCodeTest.RateContractTest7() in d:\Code\TOM\Catapult\Code\trunk\CatapultServices\Tavisca.Catapult.External.Facade.Tests\ActivityMultiAvailTests\SearchByActivityCodeTest.cs:line 528
</StackTrace>
        </ErrorInfo>
      </Output>
    </UnitTestResult>
    <UnitTestResult executionId="89ccdea7-173f-46e6-a5f0-b4f466e75dc9" testId="f62a5f41-63eb-2781-d688-303eaaaf089f" testName="RateContractTest8" computerName="PHOENIXX" duration="00:00:00.5045233" startTime="2013-08-09T22:00:14.6788946+05:30" endTime="2013-08-09T22:00:15.1839451+05:30" testType="13cdc9d9-ddb5-4fa4-a97d-d965ccfc6d4b" outcome="Failed" testListId="8c84fa94-04c1-424b-9868-57a2d4851a1d" relativeResultsDirectory="89ccdea7-173f-46e6-a5f0-b4f466e75dc9">
      <Output>
        <ErrorInfo>
          <Message>Test method Tavisca.Catapult.External.Facade.Tests.ActivityMultiAvailTests.SearchByActivityCodeTest.RateContractTest8 threw exception: 
System.Transactions.TransactionManagerCommunicationException: Network access for Distributed Transaction Manager (MSDTC) has been disabled. Please enable DTC for network access in the security configuration for MSDTC using the Component Services Administrative tool. ---&gt; System.Runtime.InteropServices.COMException: The transaction manager has disabled its support for remote/network transactions. (Exception from HRESULT: 0x8004D024)</Message>
          <StackTrace>    at System.Transactions.Oletx.IDtcProxyShimFactory.ReceiveTransaction(UInt32 propgationTokenSize, Byte[] propgationToken, IntPtr managedIdentifier, Guid&amp; transactionIdentifier, OletxTransactionIsolationLevel&amp; isolationLevel, ITransactionShim&amp; transactionShim)
   at System.Transactions.TransactionInterop.GetOletxTransactionFromTransmitterPropigationToken(Byte[] propagationToken)
 --- End of inner exception stack trace ---
    at System.Transactions.Oletx.OletxTransactionManager.ProxyException(COMException comException)
   at System.Transactions.TransactionInterop.GetOletxTransactionFromTransmitterPropigationToken(Byte[] propagationToken)
   at System.Transactions.TransactionStatePSPEOperation.PSPEPromote(InternalTransaction tx)
   at System.Transactions.TransactionStateDelegatedBase.EnterState(InternalTransaction tx)
   at System.Transactions.EnlistableStates.Promote(InternalTransaction tx)
   at System.Transactions.Transaction.Promote()
   at System.Transactions.TransactionInterop.ConvertToOletxTransaction(Transaction transaction)
   at System.Transactions.TransactionInterop.GetExportCookie(Transaction transaction, Byte[] whereabouts)
   at System.Data.SqlClient.SqlInternalConnection.GetTransactionCookie(Transaction transaction, Byte[] whereAbouts)
   at System.Data.SqlClient.SqlInternalConnection.EnlistNonNull(Transaction tx)
   at System.Data.SqlClient.SqlInternalConnection.Enlist(Transaction tx)
   at System.Data.SqlClient.SqlInternalConnectionTds.Activate(Transaction transaction)
   at System.Data.ProviderBase.DbConnectionInternal.ActivateConnection(Transaction transaction)
   at System.Data.ProviderBase.DbConnectionPool.TryGetConnection(DbConnection owningObject, UInt32 waitForMultipleObjectsTimeout, Boolean allowCreate, Boolean onlyOneCheckConnection, DbConnectionOptions userOptions, DbConnectionInternal&amp; connection)
   at System.Data.ProviderBase.DbConnectionPool.TryGetConnection(DbConnection owningObject, TaskCompletionSource`1 retry, DbConnectionOptions userOptions, DbConnectionInternal&amp; connection)
   at System.Data.ProviderBase.DbConnectionFactory.TryGetConnection(DbConnection owningConnection, TaskCompletionSource`1 retry, DbConnectionOptions userOptions, DbConnectionInternal&amp; connection)
   at System.Data.ProviderBase.DbConnectionClosed.TryOpenConnection(DbConnection outerConnection, DbConnectionFactory connectionFactory, TaskCompletionSource`1 retry, DbConnectionOptions userOptions)
   at System.Data.SqlClient.SqlConnection.TryOpen(TaskCompletionSource`1 retry)
   at System.Data.SqlClient.SqlConnection.Open()
   at System.Data.Linq.SqlClient.SqlConnectionManager.UseConnection(IConnectionUser user)
   at System.Data.Linq.SqlClient.SqlProvider.get_IsSqlCe()
   at System.Data.Linq.SqlClient.SqlProvider.InitializeProviderMode()
   at System.Data.Linq.SqlClient.SqlProvider.System.Data.Linq.Provider.IProvider.Execute(Expression query)
   at System.Data.Linq.DataContext.ExecuteMethodCall(Object instance, MethodInfo methodInfo, Object[] parameters)
   at Tavisca.Catapult.Internal.ResourceAccess.DataProviders.Rate.LINQ.RateDataContext.spSaveRateCard(Nullable`1 id, Nullable`1 productId, String productType, String scope, Nullable`1 isEnabled, Nullable`1 isDeleted) in d:\Code\TOM\Catapult\Code\trunk\CatapultServices\Tavisca.Catapult.Internal.ResourceAccess.DataProviders\Rate\LINQ\Rate.designer.cs:line 265
   at Tavisca.Catapult.Internal.ResourceAccess.DataProviders.Rate.RateProvider.SaveRateCard(String scopeId, RateCard rateCard) in d:\Code\TOM\Catapult\Code\trunk\CatapultServices\Tavisca.Catapult.Internal.ResourceAccess.DataProviders\Rate\RateProvider.cs:line 649
   at Tavisca.Catapult.External.Facade.Tests.TestActivityGenerator.SaveRateCard(RateCard rateCard) in d:\Code\TOM\Catapult\Code\trunk\CatapultServices\Tavisca.Catapult.External.Facade.Tests\TestActivityGenerator.cs:line 352
   at Tavisca.Catapult.External.Facade.Tests.ActivityMultiAvailTests.SearchByActivityCodeTest.RateContractTest8() in d:\Code\TOM\Catapult\Code\trunk\CatapultServices\Tavisca.Catapult.External.Facade.Tests\ActivityMultiAvailTests\SearchByActivityCodeTest.cs:line 571
</StackTrace>
        </ErrorInfo>
      </Output>
    </UnitTestResult>
    <UnitTestResult executionId="7ae60fe9-cbff-4037-88d6-74805dc4ce0c" testId="e03b76cd-180b-599b-07a4-2e20dc555464" testName="RateContractTest9" computerName="PHOENIXX" duration="00:00:00.5689282" startTime="2013-08-09T22:00:15.1839451+05:30" endTime="2013-08-09T22:00:15.7530020+05:30" testType="13cdc9d9-ddb5-4fa4-a97d-d965ccfc6d4b" outcome="Failed" testListId="8c84fa94-04c1-424b-9868-57a2d4851a1d" relativeResultsDirectory="7ae60fe9-cbff-4037-88d6-74805dc4ce0c">
      <Output>
        <ErrorInfo>
          <Message>Test method Tavisca.Catapult.External.Facade.Tests.ActivityMultiAvailTests.SearchByActivityCodeTest.RateContractTest9 threw exception: 
System.Transactions.TransactionManagerCommunicationException: Network access for Distributed Transaction Manager (MSDTC) has been disabled. Please enable DTC for network access in the security configuration for MSDTC using the Component Services Administrative tool. ---&gt; System.Runtime.InteropServices.COMException: The transaction manager has disabled its support for remote/network transactions. (Exception from HRESULT: 0x8004D024)</Message>
          <StackTrace>    at System.Transactions.Oletx.IDtcProxyShimFactory.ReceiveTransaction(UInt32 propgationTokenSize, Byte[] propgationToken, IntPtr managedIdentifier, Guid&amp; transactionIdentifier, OletxTransactionIsolationLevel&amp; isolationLevel, ITransactionShim&amp; transactionShim)
   at System.Transactions.TransactionInterop.GetOletxTransactionFromTransmitterPropigationToken(Byte[] propagationToken)
 --- End of inner exception stack trace ---
    at System.Transactions.Oletx.OletxTransactionManager.ProxyException(COMException comException)
   at System.Transactions.TransactionInterop.GetOletxTransactionFromTransmitterPropigationToken(Byte[] propagationToken)
   at System.Transactions.TransactionStatePSPEOperation.PSPEPromote(InternalTransaction tx)
   at System.Transactions.TransactionStateDelegatedBase.EnterState(InternalTransaction tx)
   at System.Transactions.EnlistableStates.Promote(InternalTransaction tx)
   at System.Transactions.Transaction.Promote()
   at System.Transactions.TransactionInterop.ConvertToOletxTransaction(Transaction transaction)
   at System.Transactions.TransactionInterop.GetExportCookie(Transaction transaction, Byte[] whereabouts)
   at System.Data.SqlClient.SqlInternalConnection.GetTransactionCookie(Transaction transaction, Byte[] whereAbouts)
   at System.Data.SqlClient.SqlInternalConnection.EnlistNonNull(Transaction tx)
   at System.Data.SqlClient.SqlInternalConnection.Enlist(Transaction tx)
   at System.Data.SqlClient.SqlInternalConnectionTds.Activate(Transaction transaction)
   at System.Data.ProviderBase.DbConnectionInternal.ActivateConnection(Transaction transaction)
   at System.Data.ProviderBase.DbConnectionPool.TryGetConnection(DbConnection owningObject, UInt32 waitForMultipleObjectsTimeout, Boolean allowCreate, Boolean onlyOneCheckConnection, DbConnectionOptions userOptions, DbConnectionInternal&amp; connection)
   at System.Data.ProviderBase.DbConnectionPool.TryGetConnection(DbConnection owningObject, TaskCompletionSource`1 retry, DbConnectionOptions userOptions, DbConnectionInternal&amp; connection)
   at System.Data.ProviderBase.DbConnectionFactory.TryGetConnection(DbConnection owningConnection, TaskCompletionSource`1 retry, DbConnectionOptions userOptions, DbConnectionInternal&amp; connection)
   at System.Data.ProviderBase.DbConnectionClosed.TryOpenConnection(DbConnection outerConnection, DbConnectionFactory connectionFactory, TaskCompletionSource`1 retry, DbConnectionOptions userOptions)
   at System.Data.SqlClient.SqlConnection.TryOpen(TaskCompletionSource`1 retry)
   at System.Data.SqlClient.SqlConnection.Open()
   at System.Data.Linq.SqlClient.SqlConnectionManager.UseConnection(IConnectionUser user)
   at System.Data.Linq.SqlClient.SqlProvider.get_IsSqlCe()
   at System.Data.Linq.SqlClient.SqlProvider.InitializeProviderMode()
   at System.Data.Linq.SqlClient.SqlProvider.System.Data.Linq.Provider.IProvider.Execute(Expression query)
   at System.Data.Linq.DataContext.ExecuteMethodCall(Object instance, MethodInfo methodInfo, Object[] parameters)
   at Tavisca.Catapult.Internal.ResourceAccess.DataProviders.Rate.LINQ.RateDataContext.spSaveRateCard(Nullable`1 id, Nullable`1 productId, String productType, String scope, Nullable`1 isEnabled, Nullable`1 isDeleted) in d:\Code\TOM\Catapult\Code\trunk\CatapultServices\Tavisca.Catapult.Internal.ResourceAccess.DataProviders\Rate\LINQ\Rate.designer.cs:line 265
   at Tavisca.Catapult.Internal.ResourceAccess.DataProviders.Rate.RateProvider.SaveRateCard(String scopeId, RateCard rateCard) in d:\Code\TOM\Catapult\Code\trunk\CatapultServices\Tavisca.Catapult.Internal.ResourceAccess.DataProviders\Rate\RateProvider.cs:line 649
   at Tavisca.Catapult.External.Facade.Tests.TestActivityGenerator.SaveRateCard(RateCard rateCard) in d:\Code\TOM\Catapult\Code\trunk\CatapultServices\Tavisca.Catapult.External.Facade.Tests\TestActivityGenerator.cs:line 352
   at Tavisca.Catapult.External.Facade.Tests.ActivityMultiAvailTests.SearchByActivityCodeTest.RateContractTest9() in d:\Code\TOM\Catapult\Code\trunk\CatapultServices\Tavisca.Catapult.External.Facade.Tests\ActivityMultiAvailTests\SearchByActivityCodeTest.cs:line 638
</StackTrace>
        </ErrorInfo>
      </Output>
    </UnitTestResult>
    <UnitTestResult executionId="372f5db3-7da7-4d6d-bbca-a2ce30824196" testId="49f30d8e-3e53-8ad9-2397-be0f01984562" testName="GuestInformationTest1" computerName="PHOENIXX" duration="00:00:00.7485393" startTime="2013-08-09T22:00:15.7530020+05:30" endTime="2013-08-09T22:00:16.5020769+05:30" testType="13cdc9d9-ddb5-4fa4-a97d-d965ccfc6d4b" outcome="Failed" testListId="8c84fa94-04c1-424b-9868-57a2d4851a1d" relativeResultsDirectory="372f5db3-7da7-4d6d-bbca-a2ce30824196">
      <Output>
        <ErrorInfo>
          <Message>Test method Tavisca.Catapult.External.Facade.Tests.ActivityMultiAvailTests.SearchByActivityCodeTest.GuestInformationTest1 threw exception: 
System.Transactions.TransactionManagerCommunicationException: Network access for Distributed Transaction Manager (MSDTC) has been disabled. Please enable DTC for network access in the security configuration for MSDTC using the Component Services Administrative tool. ---&gt; System.Runtime.InteropServices.COMException: The transaction manager has disabled its support for remote/network transactions. (Exception from HRESULT: 0x8004D024)</Message>
          <StackTrace>    at System.Transactions.Oletx.IDtcProxyShimFactory.ReceiveTransaction(UInt32 propgationTokenSize, Byte[] propgationToken, IntPtr managedIdentifier, Guid&amp; transactionIdentifier, OletxTransactionIsolationLevel&amp; isolationLevel, ITransactionShim&amp; transactionShim)
   at System.Transactions.TransactionInterop.GetOletxTransactionFromTransmitterPropigationToken(Byte[] propagationToken)
 --- End of inner exception stack trace ---
    at System.Transactions.Oletx.OletxTransactionManager.ProxyException(COMException comException)
   at System.Transactions.TransactionInterop.GetOletxTransactionFromTransmitterPropigationToken(Byte[] propagationToken)
   at System.Transactions.TransactionStatePSPEOperation.PSPEPromote(InternalTransaction tx)
   at System.Transactions.TransactionStateDelegatedBase.EnterState(InternalTransaction tx)
   at System.Transactions.EnlistableStates.Promote(InternalTransaction tx)
   at System.Transactions.Transaction.Promote()
   at System.Transactions.TransactionInterop.ConvertToOletxTransaction(Transaction transaction)
   at System.Transactions.TransactionInterop.GetExportCookie(Transaction transaction, Byte[] whereabouts)
   at System.Data.SqlClient.SqlInternalConnection.GetTransactionCookie(Transaction transaction, Byte[] whereAbouts)
   at System.Data.SqlClient.SqlInternalConnection.EnlistNonNull(Transaction tx)
   at System.Data.SqlClient.SqlInternalConnection.Enlist(Transaction tx)
   at System.Data.SqlClient.SqlInternalConnectionTds.Activate(Transaction transaction)
   at System.Data.ProviderBase.DbConnectionInternal.ActivateConnection(Transaction transaction)
   at System.Data.ProviderBase.DbConnectionPool.TryGetConnection(DbConnection owningObject, UInt32 waitForMultipleObjectsTimeout, Boolean allowCreate, Boolean onlyOneCheckConnection, DbConnectionOptions userOptions, DbConnectionInternal&amp; connection)
   at System.Data.ProviderBase.DbConnectionPool.TryGetConnection(DbConnection owningObject, TaskCompletionSource`1 retry, DbConnectionOptions userOptions, DbConnectionInternal&amp; connection)
   at System.Data.ProviderBase.DbConnectionFactory.TryGetConnection(DbConnection owningConnection, TaskCompletionSource`1 retry, DbConnectionOptions userOptions, DbConnectionInternal&amp; connection)
   at System.Data.ProviderBase.DbConnectionClosed.TryOpenConnection(DbConnection outerConnection, DbConnectionFactory connectionFactory, TaskCompletionSource`1 retry, DbConnectionOptions userOptions)
   at System.Data.SqlClient.SqlConnection.TryOpen(TaskCompletionSource`1 retry)
   at System.Data.SqlClient.SqlConnection.Open()
   at System.Data.Linq.SqlClient.SqlConnectionManager.UseConnection(IConnectionUser user)
   at System.Data.Linq.SqlClient.SqlProvider.get_IsSqlCe()
   at System.Data.Linq.SqlClient.SqlProvider.InitializeProviderMode()
   at System.Data.Linq.SqlClient.SqlProvider.System.Data.Linq.Provider.IProvider.Execute(Expression query)
   at System.Data.Linq.DataContext.ExecuteMethodCall(Object instance, MethodInfo methodInfo, Object[] parameters)
   at Tavisca.Catapult.Internal.ResourceAccess.DataProviders.Rate.LINQ.RateDataContext.spSaveRateCard(Nullable`1 id, Nullable`1 productId, String productType, String scope, Nullable`1 isEnabled, Nullable`1 isDeleted) in d:\Code\TOM\Catapult\Code\trunk\CatapultServices\Tavisca.Catapult.Internal.ResourceAccess.DataProviders\Rate\LINQ\Rate.designer.cs:line 265
   at Tavisca.Catapult.Internal.ResourceAccess.DataProviders.Rate.RateProvider.SaveRateCard(String scopeId, RateCard rateCard) in d:\Code\TOM\Catapult\Code\trunk\CatapultServices\Tavisca.Catapult.Internal.ResourceAccess.DataProviders\Rate\RateProvider.cs:line 649
   at Tavisca.Catapult.External.Facade.Tests.TestActivityGenerator.SaveRateCard(RateCard rateCard) in d:\Code\TOM\Catapult\Code\trunk\CatapultServices\Tavisca.Catapult.External.Facade.Tests\TestActivityGenerator.cs:line 352
   at Tavisca.Catapult.External.Facade.Tests.ActivityMultiAvailTests.SearchByActivityCodeTest.GuestInformationTest1() in d:\Code\TOM\Catapult\Code\trunk\CatapultServices\Tavisca.Catapult.External.Facade.Tests\ActivityMultiAvailTests\SearchByActivityCodeTest.cs:line 704
</StackTrace>
        </ErrorInfo>
      </Output>
    </UnitTestResult>
    <UnitTestResult executionId="5a66df25-8410-4439-bb7f-236c809e954a" testId="937c922e-bb1b-3866-1407-ea9abf372591" testName="GuestInformationTest2" computerName="PHOENIXX" duration="00:00:00.5095909" startTime="2013-08-09T22:00:16.5020769+05:30" endTime="2013-08-09T22:00:17.0121279+05:30" testType="13cdc9d9-ddb5-4fa4-a97d-d965ccfc6d4b" outcome="Failed" testListId="8c84fa94-04c1-424b-9868-57a2d4851a1d" relativeResultsDirectory="5a66df25-8410-4439-bb7f-236c809e954a">
      <Output>
        <ErrorInfo>
          <Message>Test method Tavisca.Catapult.External.Facade.Tests.ActivityMultiAvailTests.SearchByActivityCodeTest.GuestInformationTest2 threw exception: 
System.Transactions.TransactionManagerCommunicationException: Network access for Distributed Transaction Manager (MSDTC) has been disabled. Please enable DTC for network access in the security configuration for MSDTC using the Component Services Administrative tool. ---&gt; System.Runtime.InteropServices.COMException: The transaction manager has disabled its support for remote/network transactions. (Exception from HRESULT: 0x8004D024)</Message>
          <StackTrace>    at System.Transactions.Oletx.IDtcProxyShimFactory.ReceiveTransaction(UInt32 propgationTokenSize, Byte[] propgationToken, IntPtr managedIdentifier, Guid&amp; transactionIdentifier, OletxTransactionIsolationLevel&amp; isolationLevel, ITransactionShim&amp; transactionShim)
   at System.Transactions.TransactionInterop.GetOletxTransactionFromTransmitterPropigationToken(Byte[] propagationToken)
 --- End of inner exception stack trace ---
    at System.Transactions.Oletx.OletxTransactionManager.ProxyException(COMException comException)
   at System.Transactions.TransactionInterop.GetOletxTransactionFromTransmitterPropigationToken(Byte[] propagationToken)
   at System.Transactions.TransactionStatePSPEOperation.PSPEPromote(InternalTransaction tx)
   at System.Transactions.TransactionStateDelegatedBase.EnterState(InternalTransaction tx)
   at System.Transactions.EnlistableStates.Promote(InternalTransaction tx)
   at System.Transactions.Transaction.Promote()
   at System.Transactions.TransactionInterop.ConvertToOletxTransaction(Transaction transaction)
   at System.Transactions.TransactionInterop.GetExportCookie(Transaction transaction, Byte[] whereabouts)
   at System.Data.SqlClient.SqlInternalConnection.GetTransactionCookie(Transaction transaction, Byte[] whereAbouts)
   at System.Data.SqlClient.SqlInternalConnection.EnlistNonNull(Transaction tx)
   at System.Data.SqlClient.SqlInternalConnection.Enlist(Transaction tx)
   at System.Data.SqlClient.SqlInternalConnectionTds.Activate(Transaction transaction)
   at System.Data.ProviderBase.DbConnectionInternal.ActivateConnection(Transaction transaction)
   at System.Data.ProviderBase.DbConnectionPool.TryGetConnection(DbConnection owningObject, UInt32 waitForMultipleObjectsTimeout, Boolean allowCreate, Boolean onlyOneCheckConnection, DbConnectionOptions userOptions, DbConnectionInternal&amp; connection)
   at System.Data.ProviderBase.DbConnectionPool.TryGetConnection(DbConnection owningObject, TaskCompletionSource`1 retry, DbConnectionOptions userOptions, DbConnectionInternal&amp; connection)
   at System.Data.ProviderBase.DbConnectionFactory.TryGetConnection(DbConnection owningConnection, TaskCompletionSource`1 retry, DbConnectionOptions userOptions, DbConnectionInternal&amp; connection)
   at System.Data.ProviderBase.DbConnectionClosed.TryOpenConnection(DbConnection outerConnection, DbConnectionFactory connectionFactory, TaskCompletionSource`1 retry, DbConnectionOptions userOptions)
   at System.Data.SqlClient.SqlConnection.TryOpen(TaskCompletionSource`1 retry)
   at System.Data.SqlClient.SqlConnection.Open()
   at System.Data.Linq.SqlClient.SqlConnectionManager.UseConnection(IConnectionUser user)
   at System.Data.Linq.SqlClient.SqlProvider.get_IsSqlCe()
   at System.Data.Linq.SqlClient.SqlProvider.InitializeProviderMode()
   at System.Data.Linq.SqlClient.SqlProvider.System.Data.Linq.Provider.IProvider.Execute(Expression query)
   at System.Data.Linq.DataContext.ExecuteMethodCall(Object instance, MethodInfo methodInfo, Object[] parameters)
   at Tavisca.Catapult.Internal.ResourceAccess.DataProviders.Rate.LINQ.RateDataContext.spSaveRateCard(Nullable`1 id, Nullable`1 productId, String productType, String scope, Nullable`1 isEnabled, Nullable`1 isDeleted) in d:\Code\TOM\Catapult\Code\trunk\CatapultServices\Tavisca.Catapult.Internal.ResourceAccess.DataProviders\Rate\LINQ\Rate.designer.cs:line 265
   at Tavisca.Catapult.Internal.ResourceAccess.DataProviders.Rate.RateProvider.SaveRateCard(String scopeId, RateCard rateCard) in d:\Code\TOM\Catapult\Code\trunk\CatapultServices\Tavisca.Catapult.Internal.ResourceAccess.DataProviders\Rate\RateProvider.cs:line 649
   at Tavisca.Catapult.External.Facade.Tests.TestActivityGenerator.SaveRateCard(RateCard rateCard) in d:\Code\TOM\Catapult\Code\trunk\CatapultServices\Tavisca.Catapult.External.Facade.Tests\TestActivityGenerator.cs:line 352
   at Tavisca.Catapult.External.Facade.Tests.ActivityMultiAvailTests.SearchByActivityCodeTest.GuestInformationTest2() in d:\Code\TOM\Catapult\Code\trunk\CatapultServices\Tavisca.Catapult.External.Facade.Tests\ActivityMultiAvailTests\SearchByActivityCodeTest.cs:line 748
</StackTrace>
        </ErrorInfo>
      </Output>
    </UnitTestResult>
    <UnitTestResult executionId="50c6f2b8-fc59-4d02-974d-1b9eec4bd78d" testId="16f56d1d-7f66-3c17-7cf4-77213d6f8ce0" testName="GuestInformationTest3" computerName="PHOENIXX" duration="00:00:00.5105571" startTime="2013-08-09T22:00:17.0121279+05:30" endTime="2013-08-09T22:00:17.5221789+05:30" testType="13cdc9d9-ddb5-4fa4-a97d-d965ccfc6d4b" outcome="Failed" testListId="8c84fa94-04c1-424b-9868-57a2d4851a1d" relativeResultsDirectory="50c6f2b8-fc59-4d02-974d-1b9eec4bd78d">
      <Output>
        <ErrorInfo>
          <Message>Test method Tavisca.Catapult.External.Facade.Tests.ActivityMultiAvailTests.SearchByActivityCodeTest.GuestInformationTest3 threw exception: 
System.Transactions.TransactionManagerCommunicationException: Network access for Distributed Transaction Manager (MSDTC) has been disabled. Please enable DTC for network access in the security configuration for MSDTC using the Component Services Administrative tool. ---&gt; System.Runtime.InteropServices.COMException: The transaction manager has disabled its support for remote/network transactions. (Exception from HRESULT: 0x8004D024)</Message>
          <StackTrace>    at System.Transactions.Oletx.IDtcProxyShimFactory.ReceiveTransaction(UInt32 propgationTokenSize, Byte[] propgationToken, IntPtr managedIdentifier, Guid&amp; transactionIdentifier, OletxTransactionIsolationLevel&amp; isolationLevel, ITransactionShim&amp; transactionShim)
   at System.Transactions.TransactionInterop.GetOletxTransactionFromTransmitterPropigationToken(Byte[] propagationToken)
 --- End of inner exception stack trace ---
    at System.Transactions.Oletx.OletxTransactionManager.ProxyException(COMException comException)
   at System.Transactions.TransactionInterop.GetOletxTransactionFromTransmitterPropigationToken(Byte[] propagationToken)
   at System.Transactions.TransactionStatePSPEOperation.PSPEPromote(InternalTransaction tx)
   at System.Transactions.TransactionStateDelegatedBase.EnterState(InternalTransaction tx)
   at System.Transactions.EnlistableStates.Promote(InternalTransaction tx)
   at System.Transactions.Transaction.Promote()
   at System.Transactions.TransactionInterop.ConvertToOletxTransaction(Transaction transaction)
   at System.Transactions.TransactionInterop.GetExportCookie(Transaction transaction, Byte[] whereabouts)
   at System.Data.SqlClient.SqlInternalConnection.GetTransactionCookie(Transaction transaction, Byte[] whereAbouts)
   at System.Data.SqlClient.SqlInternalConnection.EnlistNonNull(Transaction tx)
   at System.Data.SqlClient.SqlInternalConnection.Enlist(Transaction tx)
   at System.Data.SqlClient.SqlInternalConnectionTds.Activate(Transaction transaction)
   at System.Data.ProviderBase.DbConnectionInternal.ActivateConnection(Transaction transaction)
   at System.Data.ProviderBase.DbConnectionPool.TryGetConnection(DbConnection owningObject, UInt32 waitForMultipleObjectsTimeout, Boolean allowCreate, Boolean onlyOneCheckConnection, DbConnectionOptions userOptions, DbConnectionInternal&amp; connection)
   at System.Data.ProviderBase.DbConnectionPool.TryGetConnection(DbConnection owningObject, TaskCompletionSource`1 retry, DbConnectionOptions userOptions, DbConnectionInternal&amp; connection)
   at System.Data.ProviderBase.DbConnectionFactory.TryGetConnection(DbConnection owningConnection, TaskCompletionSource`1 retry, DbConnectionOptions userOptions, DbConnectionInternal&amp; connection)
   at System.Data.ProviderBase.DbConnectionClosed.TryOpenConnection(DbConnection outerConnection, DbConnectionFactory connectionFactory, TaskCompletionSource`1 retry, DbConnectionOptions userOptions)
   at System.Data.SqlClient.SqlConnection.TryOpen(TaskCompletionSource`1 retry)
   at System.Data.SqlClient.SqlConnection.Open()
   at System.Data.Linq.SqlClient.SqlConnectionManager.UseConnection(IConnectionUser user)
   at System.Data.Linq.SqlClient.SqlProvider.get_IsSqlCe()
   at System.Data.Linq.SqlClient.SqlProvider.InitializeProviderMode()
   at System.Data.Linq.SqlClient.SqlProvider.System.Data.Linq.Provider.IProvider.Execute(Expression query)
   at System.Data.Linq.DataContext.ExecuteMethodCall(Object instance, MethodInfo methodInfo, Object[] parameters)
   at Tavisca.Catapult.Internal.ResourceAccess.DataProviders.Rate.LINQ.RateDataContext.spSaveRateCard(Nullable`1 id, Nullable`1 productId, String productType, String scope, Nullable`1 isEnabled, Nullable`1 isDeleted) in d:\Code\TOM\Catapult\Code\trunk\CatapultServices\Tavisca.Catapult.Internal.ResourceAccess.DataProviders\Rate\LINQ\Rate.designer.cs:line 265
   at Tavisca.Catapult.Internal.ResourceAccess.DataProviders.Rate.RateProvider.SaveRateCard(String scopeId, RateCard rateCard) in d:\Code\TOM\Catapult\Code\trunk\CatapultServices\Tavisca.Catapult.Internal.ResourceAccess.DataProviders\Rate\RateProvider.cs:line 649
   at Tavisca.Catapult.External.Facade.Tests.TestActivityGenerator.SaveRateCard(RateCard rateCard) in d:\Code\TOM\Catapult\Code\trunk\CatapultServices\Tavisca.Catapult.External.Facade.Tests\TestActivityGenerator.cs:line 352
   at Tavisca.Catapult.External.Facade.Tests.ActivityMultiAvailTests.SearchByActivityCodeTest.GuestInformationTest3() in d:\Code\TOM\Catapult\Code\trunk\CatapultServices\Tavisca.Catapult.External.Facade.Tests\ActivityMultiAvailTests\SearchByActivityCodeTest.cs:line 792
</StackTrace>
        </ErrorInfo>
      </Output>
    </UnitTestResult>
    <UnitTestResult executionId="2ade1cd5-b7c1-4b00-b9c4-65ef56e44bb4" testId="fb302115-c432-348b-d028-e1313c3f0170" testName="GuestInformationTest4" computerName="PHOENIXX" duration="00:00:00.5097860" startTime="2013-08-09T22:00:17.5231790+05:30" endTime="2013-08-09T22:00:18.0332300+05:30" testType="13cdc9d9-ddb5-4fa4-a97d-d965ccfc6d4b" outcome="Failed" testListId="8c84fa94-04c1-424b-9868-57a2d4851a1d" relativeResultsDirectory="2ade1cd5-b7c1-4b00-b9c4-65ef56e44bb4">
      <Output>
        <ErrorInfo>
          <Message>Test method Tavisca.Catapult.External.Facade.Tests.ActivityMultiAvailTests.SearchByActivityCodeTest.GuestInformationTest4 threw exception: 
System.Transactions.TransactionManagerCommunicationException: Network access for Distributed Transaction Manager (MSDTC) has been disabled. Please enable DTC for network access in the security configuration for MSDTC using the Component Services Administrative tool. ---&gt; System.Runtime.InteropServices.COMException: The transaction manager has disabled its support for remote/network transactions. (Exception from HRESULT: 0x8004D024)</Message>
          <StackTrace>    at System.Transactions.Oletx.IDtcProxyShimFactory.ReceiveTransaction(UInt32 propgationTokenSize, Byte[] propgationToken, IntPtr managedIdentifier, Guid&amp; transactionIdentifier, OletxTransactionIsolationLevel&amp; isolationLevel, ITransactionShim&amp; transactionShim)
   at System.Transactions.TransactionInterop.GetOletxTransactionFromTransmitterPropigationToken(Byte[] propagationToken)
 --- End of inner exception stack trace ---
    at System.Transactions.Oletx.OletxTransactionManager.ProxyException(COMException comException)
   at System.Transactions.TransactionInterop.GetOletxTransactionFromTransmitterPropigationToken(Byte[] propagationToken)
   at System.Transactions.TransactionStatePSPEOperation.PSPEPromote(InternalTransaction tx)
   at System.Transactions.TransactionStateDelegatedBase.EnterState(InternalTransaction tx)
   at System.Transactions.EnlistableStates.Promote(InternalTransaction tx)
   at System.Transactions.Transaction.Promote()
   at System.Transactions.TransactionInterop.ConvertToOletxTransaction(Transaction transaction)
   at System.Transactions.TransactionInterop.GetExportCookie(Transaction transaction, Byte[] whereabouts)
   at System.Data.SqlClient.SqlInternalConnection.GetTransactionCookie(Transaction transaction, Byte[] whereAbouts)
   at System.Data.SqlClient.SqlInternalConnection.EnlistNonNull(Transaction tx)
   at System.Data.SqlClient.SqlInternalConnection.Enlist(Transaction tx)
   at System.Data.SqlClient.SqlInternalConnectionTds.Activate(Transaction transaction)
   at System.Data.ProviderBase.DbConnectionInternal.ActivateConnection(Transaction transaction)
   at System.Data.ProviderBase.DbConnectionPool.TryGetConnection(DbConnection owningObject, UInt32 waitForMultipleObjectsTimeout, Boolean allowCreate, Boolean onlyOneCheckConnection, DbConnectionOptions userOptions, DbConnectionInternal&amp; connection)
   at System.Data.ProviderBase.DbConnectionPool.TryGetConnection(DbConnection owningObject, TaskCompletionSource`1 retry, DbConnectionOptions userOptions, DbConnectionInternal&amp; connection)
   at System.Data.ProviderBase.DbConnectionFactory.TryGetConnection(DbConnection owningConnection, TaskCompletionSource`1 retry, DbConnectionOptions userOptions, DbConnectionInternal&amp; connection)
   at System.Data.ProviderBase.DbConnectionClosed.TryOpenConnection(DbConnection outerConnection, DbConnectionFactory connectionFactory, TaskCompletionSource`1 retry, DbConnectionOptions userOptions)
   at System.Data.SqlClient.SqlConnection.TryOpen(TaskCompletionSource`1 retry)
   at System.Data.SqlClient.SqlConnection.Open()
   at System.Data.Linq.SqlClient.SqlConnectionManager.UseConnection(IConnectionUser user)
   at System.Data.Linq.SqlClient.SqlProvider.get_IsSqlCe()
   at System.Data.Linq.SqlClient.SqlProvider.InitializeProviderMode()
   at System.Data.Linq.SqlClient.SqlProvider.System.Data.Linq.Provider.IProvider.Execute(Expression query)
   at System.Data.Linq.DataContext.ExecuteMethodCall(Object instance, MethodInfo methodInfo, Object[] parameters)
   at Tavisca.Catapult.Internal.ResourceAccess.DataProviders.Rate.LINQ.RateDataContext.spSaveRateCard(Nullable`1 id, Nullable`1 productId, String productType, String scope, Nullable`1 isEnabled, Nullable`1 isDeleted) in d:\Code\TOM\Catapult\Code\trunk\CatapultServices\Tavisca.Catapult.Internal.ResourceAccess.DataProviders\Rate\LINQ\Rate.designer.cs:line 265
   at Tavisca.Catapult.Internal.ResourceAccess.DataProviders.Rate.RateProvider.SaveRateCard(String scopeId, RateCard rateCard) in d:\Code\TOM\Catapult\Code\trunk\CatapultServices\Tavisca.Catapult.Internal.ResourceAccess.DataProviders\Rate\RateProvider.cs:line 649
   at Tavisca.Catapult.External.Facade.Tests.TestActivityGenerator.SaveRateCard(RateCard rateCard) in d:\Code\TOM\Catapult\Code\trunk\CatapultServices\Tavisca.Catapult.External.Facade.Tests\TestActivityGenerator.cs:line 352
   at Tavisca.Catapult.External.Facade.Tests.ActivityMultiAvailTests.SearchByActivityCodeTest.GuestInformationTest4() in d:\Code\TOM\Catapult\Code\trunk\CatapultServices\Tavisca.Catapult.External.Facade.Tests\ActivityMultiAvailTests\SearchByActivityCodeTest.cs:line 836
</StackTrace>
        </ErrorInfo>
      </Output>
    </UnitTestResult>
    <UnitTestResult executionId="f08fdbaf-fd7c-4fb5-827a-2b26838b8885" testId="b3d6e356-4a94-2ee8-20f1-6001a7326a4d" testName="GuestInformationTest5" computerName="PHOENIXX" duration="00:00:00.8218741" startTime="2013-08-09T22:00:18.0332300+05:30" endTime="2013-08-09T22:00:18.8553122+05:30" testType="13cdc9d9-ddb5-4fa4-a97d-d965ccfc6d4b" outcome="Failed" testListId="8c84fa94-04c1-424b-9868-57a2d4851a1d" relativeResultsDirectory="f08fdbaf-fd7c-4fb5-827a-2b26838b8885">
      <Output>
        <ErrorInfo>
          <Message>Test method Tavisca.Catapult.External.Facade.Tests.ActivityMultiAvailTests.SearchByActivityCodeTest.GuestInformationTest5 threw exception: 
System.Transactions.TransactionManagerCommunicationException: Network access for Distributed Transaction Manager (MSDTC) has been disabled. Please enable DTC for network access in the security configuration for MSDTC using the Component Services Administrative tool. ---&gt; System.Runtime.InteropServices.COMException: The transaction manager has disabled its support for remote/network transactions. (Exception from HRESULT: 0x8004D024)</Message>
          <StackTrace>    at System.Transactions.Oletx.IDtcProxyShimFactory.ReceiveTransaction(UInt32 propgationTokenSize, Byte[] propgationToken, IntPtr managedIdentifier, Guid&amp; transactionIdentifier, OletxTransactionIsolationLevel&amp; isolationLevel, ITransactionShim&amp; transactionShim)
   at System.Transactions.TransactionInterop.GetOletxTransactionFromTransmitterPropigationToken(Byte[] propagationToken)
 --- End of inner exception stack trace ---
    at System.Transactions.Oletx.OletxTransactionManager.ProxyException(COMException comException)
   at System.Transactions.TransactionInterop.GetOletxTransactionFromTransmitterPropigationToken(Byte[] propagationToken)
   at System.Transactions.TransactionStatePSPEOperation.PSPEPromote(InternalTransaction tx)
   at System.Transactions.TransactionStateDelegatedBase.EnterState(InternalTransaction tx)
   at System.Transactions.EnlistableStates.Promote(InternalTransaction tx)
   at System.Transactions.Transaction.Promote()
   at System.Transactions.TransactionInterop.ConvertToOletxTransaction(Transaction transaction)
   at System.Transactions.TransactionInterop.GetExportCookie(Transaction transaction, Byte[] whereabouts)
   at System.Data.SqlClient.SqlInternalConnection.GetTransactionCookie(Transaction transaction, Byte[] whereAbouts)
   at System.Data.SqlClient.SqlInternalConnection.EnlistNonNull(Transaction tx)
   at System.Data.SqlClient.SqlInternalConnection.Enlist(Transaction tx)
   at System.Data.SqlClient.SqlInternalConnectionTds.Activate(Transaction transaction)
   at System.Data.ProviderBase.DbConnectionInternal.ActivateConnection(Transaction transaction)
   at System.Data.ProviderBase.DbConnectionPool.TryGetConnection(DbConnection owningObject, UInt32 waitForMultipleObjectsTimeout, Boolean allowCreate, Boolean onlyOneCheckConnection, DbConnectionOptions userOptions, DbConnectionInternal&amp; connection)
   at System.Data.ProviderBase.DbConnectionPool.TryGetConnection(DbConnection owningObject, TaskCompletionSource`1 retry, DbConnectionOptions userOptions, DbConnectionInternal&amp; connection)
   at System.Data.ProviderBase.DbConnectionFactory.TryGetConnection(DbConnection owningConnection, TaskCompletionSource`1 retry, DbConnectionOptions userOptions, DbConnectionInternal&amp; connection)
   at System.Data.ProviderBase.DbConnectionClosed.TryOpenConnection(DbConnection outerConnection, DbConnectionFactory connectionFactory, TaskCompletionSource`1 retry, DbConnectionOptions userOptions)
   at System.Data.SqlClient.SqlConnection.TryOpen(TaskCompletionSource`1 retry)
   at System.Data.SqlClient.SqlConnection.Open()
   at System.Data.Linq.SqlClient.SqlConnectionManager.UseConnection(IConnectionUser user)
   at System.Data.Linq.SqlClient.SqlProvider.get_IsSqlCe()
   at System.Data.Linq.SqlClient.SqlProvider.InitializeProviderMode()
   at System.Data.Linq.SqlClient.SqlProvider.System.Data.Linq.Provider.IProvider.Execute(Expression query)
   at System.Data.Linq.DataContext.ExecuteMethodCall(Object instance, MethodInfo methodInfo, Object[] parameters)
   at Tavisca.Catapult.Internal.ResourceAccess.DataProviders.Rate.LINQ.RateDataContext.spSaveRateCard(Nullable`1 id, Nullable`1 productId, String productType, String scope, Nullable`1 isEnabled, Nullable`1 isDeleted) in d:\Code\TOM\Catapult\Code\trunk\CatapultServices\Tavisca.Catapult.Internal.ResourceAccess.DataProviders\Rate\LINQ\Rate.designer.cs:line 265
   at Tavisca.Catapult.Internal.ResourceAccess.DataProviders.Rate.RateProvider.SaveRateCard(String scopeId, RateCard rateCard) in d:\Code\TOM\Catapult\Code\trunk\CatapultServices\Tavisca.Catapult.Internal.ResourceAccess.DataProviders\Rate\RateProvider.cs:line 649
   at Tavisca.Catapult.External.Facade.Tests.TestActivityGenerator.SaveRateCard(RateCard rateCard) in d:\Code\TOM\Catapult\Code\trunk\CatapultServices\Tavisca.Catapult.External.Facade.Tests\TestActivityGenerator.cs:line 352
   at Tavisca.Catapult.External.Facade.Tests.ActivityMultiAvailTests.SearchByActivityCodeTest.GuestInformationTest5() in d:\Code\TOM\Catapult\Code\trunk\CatapultServices\Tavisca.Catapult.External.Facade.Tests\ActivityMultiAvailTests\SearchByActivityCodeTest.cs:line 880
</StackTrace>
        </ErrorInfo>
      </Output>
    </UnitTestResult>
    <UnitTestResult executionId="0e8ee6a8-b0e7-4f91-a582-3bf2b5bcf8c5" testId="57f8bef5-ad43-6cbd-7b8c-92f7701cf6bf" testName="GuestInformationTest6" computerName="PHOENIXX" duration="00:00:00.5072897" startTime="2013-08-09T22:00:18.8553122+05:30" endTime="2013-08-09T22:00:19.3623629+05:30" testType="13cdc9d9-ddb5-4fa4-a97d-d965ccfc6d4b" outcome="Failed" testListId="8c84fa94-04c1-424b-9868-57a2d4851a1d" relativeResultsDirectory="0e8ee6a8-b0e7-4f91-a582-3bf2b5bcf8c5">
      <Output>
        <ErrorInfo>
          <Message>Test method Tavisca.Catapult.External.Facade.Tests.ActivityMultiAvailTests.SearchByActivityCodeTest.GuestInformationTest6 threw exception: 
System.Transactions.TransactionManagerCommunicationException: Network access for Distributed Transaction Manager (MSDTC) has been disabled. Please enable DTC for network access in the security configuration for MSDTC using the Component Services Administrative tool. ---&gt; System.Runtime.InteropServices.COMException: The transaction manager has disabled its support for remote/network transactions. (Exception from HRESULT: 0x8004D024)</Message>
          <StackTrace>    at System.Transactions.Oletx.IDtcProxyShimFactory.ReceiveTransaction(UInt32 propgationTokenSize, Byte[] propgationToken, IntPtr managedIdentifier, Guid&amp; transactionIdentifier, OletxTransactionIsolationLevel&amp; isolationLevel, ITransactionShim&amp; transactionShim)
   at System.Transactions.TransactionInterop.GetOletxTransactionFromTransmitterPropigationToken(Byte[] propagationToken)
 --- End of inner exception stack trace ---
    at System.Transactions.Oletx.OletxTransactionManager.ProxyException(COMException comException)
   at System.Transactions.TransactionInterop.GetOletxTransactionFromTransmitterPropigationToken(Byte[] propagationToken)
   at System.Transactions.TransactionStatePSPEOperation.PSPEPromote(InternalTransaction tx)
   at System.Transactions.TransactionStateDelegatedBase.EnterState(InternalTransaction tx)
   at System.Transactions.EnlistableStates.Promote(InternalTransaction tx)
   at System.Transactions.Transaction.Promote()
   at System.Transactions.TransactionInterop.ConvertToOletxTransaction(Transaction transaction)
   at System.Transactions.TransactionInterop.GetExportCookie(Transaction transaction, Byte[] whereabouts)
   at System.Data.SqlClient.SqlInternalConnection.GetTransactionCookie(Transaction transaction, Byte[] whereAbouts)
   at System.Data.SqlClient.SqlInternalConnection.EnlistNonNull(Transaction tx)
   at System.Data.SqlClient.SqlInternalConnection.Enlist(Transaction tx)
   at System.Data.SqlClient.SqlInternalConnectionTds.Activate(Transaction transaction)
   at System.Data.ProviderBase.DbConnectionInternal.ActivateConnection(Transaction transaction)
   at System.Data.ProviderBase.DbConnectionPool.TryGetConnection(DbConnection owningObject, UInt32 waitForMultipleObjectsTimeout, Boolean allowCreate, Boolean onlyOneCheckConnection, DbConnectionOptions userOptions, DbConnectionInternal&amp; connection)
   at System.Data.ProviderBase.DbConnectionPool.TryGetConnection(DbConnection owningObject, TaskCompletionSource`1 retry, DbConnectionOptions userOptions, DbConnectionInternal&amp; connection)
   at System.Data.ProviderBase.DbConnectionFactory.TryGetConnection(DbConnection owningConnection, TaskCompletionSource`1 retry, DbConnectionOptions userOptions, DbConnectionInternal&amp; connection)
   at System.Data.ProviderBase.DbConnectionClosed.TryOpenConnection(DbConnection outerConnection, DbConnectionFactory connectionFactory, TaskCompletionSource`1 retry, DbConnectionOptions userOptions)
   at System.Data.SqlClient.SqlConnection.TryOpen(TaskCompletionSource`1 retry)
   at System.Data.SqlClient.SqlConnection.Open()
   at System.Data.Linq.SqlClient.SqlConnectionManager.UseConnection(IConnectionUser user)
   at System.Data.Linq.SqlClient.SqlProvider.get_IsSqlCe()
   at System.Data.Linq.SqlClient.SqlProvider.InitializeProviderMode()
   at System.Data.Linq.SqlClient.SqlProvider.System.Data.Linq.Provider.IProvider.Execute(Expression query)
   at System.Data.Linq.DataContext.ExecuteMethodCall(Object instance, MethodInfo methodInfo, Object[] parameters)
   at Tavisca.Catapult.Internal.ResourceAccess.DataProviders.Rate.LINQ.RateDataContext.spSaveRateCard(Nullable`1 id, Nullable`1 productId, String productType, String scope, Nullable`1 isEnabled, Nullable`1 isDeleted) in d:\Code\TOM\Catapult\Code\trunk\CatapultServices\Tavisca.Catapult.Internal.ResourceAccess.DataProviders\Rate\LINQ\Rate.designer.cs:line 265
   at Tavisca.Catapult.Internal.ResourceAccess.DataProviders.Rate.RateProvider.SaveRateCard(String scopeId, RateCard rateCard) in d:\Code\TOM\Catapult\Code\trunk\CatapultServices\Tavisca.Catapult.Internal.ResourceAccess.DataProviders\Rate\RateProvider.cs:line 649
   at Tavisca.Catapult.External.Facade.Tests.TestActivityGenerator.SaveRateCard(RateCard rateCard) in d:\Code\TOM\Catapult\Code\trunk\CatapultServices\Tavisca.Catapult.External.Facade.Tests\TestActivityGenerator.cs:line 352
   at Tavisca.Catapult.External.Facade.Tests.ActivityMultiAvailTests.SearchByActivityCodeTest.GuestInformationTest6() in d:\Code\TOM\Catapult\Code\trunk\CatapultServices\Tavisca.Catapult.External.Facade.Tests\ActivityMultiAvailTests\SearchByActivityCodeTest.cs:line 924
</StackTrace>
        </ErrorInfo>
      </Output>
    </UnitTestResult>
    <UnitTestResult executionId="ac3615a8-d6dc-4a22-9cce-a7748eec266b" testId="61b130a5-6601-8ba1-25c6-df2df5f60600" testName="WeekEndDayPricingTest1" computerName="PHOENIXX" duration="00:00:00.3270646" startTime="2013-08-09T22:00:19.3623629+05:30" endTime="2013-08-09T22:00:19.6893956+05:30" testType="13cdc9d9-ddb5-4fa4-a97d-d965ccfc6d4b" outcome="Failed" testListId="8c84fa94-04c1-424b-9868-57a2d4851a1d" relativeResultsDirectory="ac3615a8-d6dc-4a22-9cce-a7748eec266b">
      <Output>
        <ErrorInfo>
          <Message>Test method Tavisca.Catapult.External.Facade.Tests.ActivityMultiAvailTests.SearchByActivityCodeTest.WeekEndDayPricingTest1 threw exception: 
System.Transactions.TransactionManagerCommunicationException: Network access for Distributed Transaction Manager (MSDTC) has been disabled. Please enable DTC for network access in the security configuration for MSDTC using the Component Services Administrative tool. ---&gt; System.Runtime.InteropServices.COMException: The transaction manager has disabled its support for remote/network transactions. (Exception from HRESULT: 0x8004D024)</Message>
          <StackTrace>    at System.Transactions.Oletx.IDtcProxyShimFactory.ReceiveTransaction(UInt32 propgationTokenSize, Byte[] propgationToken, IntPtr managedIdentifier, Guid&amp; transactionIdentifier, OletxTransactionIsolationLevel&amp; isolationLevel, ITransactionShim&amp; transactionShim)
   at System.Transactions.TransactionInterop.GetOletxTransactionFromTransmitterPropigationToken(Byte[] propagationToken)
 --- End of inner exception stack trace ---
    at System.Transactions.Oletx.OletxTransactionManager.ProxyException(COMException comException)
   at System.Transactions.TransactionInterop.GetOletxTransactionFromTransmitterPropigationToken(Byte[] propagationToken)
   at System.Transactions.TransactionStatePSPEOperation.PSPEPromote(InternalTransaction tx)
   at System.Transactions.TransactionStateDelegatedBase.EnterState(InternalTransaction tx)
   at System.Transactions.EnlistableStates.Promote(InternalTransaction tx)
   at System.Transactions.Transaction.Promote()
   at System.Transactions.TransactionInterop.ConvertToOletxTransaction(Transaction transaction)
   at System.Transactions.TransactionInterop.GetExportCookie(Transaction transaction, Byte[] whereabouts)
   at System.Data.SqlClient.SqlInternalConnection.GetTransactionCookie(Transaction transaction, Byte[] whereAbouts)
   at System.Data.SqlClient.SqlInternalConnection.EnlistNonNull(Transaction tx)
   at System.Data.SqlClient.SqlInternalConnection.Enlist(Transaction tx)
   at System.Data.SqlClient.SqlInternalConnectionTds.Activate(Transaction transaction)
   at System.Data.ProviderBase.DbConnectionInternal.ActivateConnection(Transaction transaction)
   at System.Data.ProviderBase.DbConnectionPool.TryGetConnection(DbConnection owningObject, UInt32 waitForMultipleObjectsTimeout, Boolean allowCreate, Boolean onlyOneCheckConnection, DbConnectionOptions userOptions, DbConnectionInternal&amp; connection)
   at System.Data.ProviderBase.DbConnectionPool.TryGetConnection(DbConnection owningObject, TaskCompletionSource`1 retry, DbConnectionOptions userOptions, DbConnectionInternal&amp; connection)
   at System.Data.ProviderBase.DbConnectionFactory.TryGetConnection(DbConnection owningConnection, TaskCompletionSource`1 retry, DbConnectionOptions userOptions, DbConnectionInternal&amp; connection)
   at System.Data.ProviderBase.DbConnectionClosed.TryOpenConnection(DbConnection outerConnection, DbConnectionFactory connectionFactory, TaskCompletionSource`1 retry, DbConnectionOptions userOptions)
   at System.Data.SqlClient.SqlConnection.TryOpen(TaskCompletionSource`1 retry)
   at System.Data.SqlClient.SqlConnection.Open()
   at System.Data.Linq.SqlClient.SqlConnectionManager.UseConnection(IConnectionUser user)
   at System.Data.Linq.SqlClient.SqlProvider.get_IsSqlCe()
   at System.Data.Linq.SqlClient.SqlProvider.InitializeProviderMode()
   at System.Data.Linq.SqlClient.SqlProvider.System.Data.Linq.Provider.IProvider.Execute(Expression query)
   at System.Data.Linq.DataContext.ExecuteMethodCall(Object instance, MethodInfo methodInfo, Object[] parameters)
   at Tavisca.Catapult.Internal.ResourceAccess.DataProviders.Rate.LINQ.RateDataContext.spSaveRateCard(Nullable`1 id, Nullable`1 productId, String productType, String scope, Nullable`1 isEnabled, Nullable`1 isDeleted) in d:\Code\TOM\Catapult\Code\trunk\CatapultServices\Tavisca.Catapult.Internal.ResourceAccess.DataProviders\Rate\LINQ\Rate.designer.cs:line 265
   at Tavisca.Catapult.Internal.ResourceAccess.DataProviders.Rate.RateProvider.SaveRateCard(String scopeId, RateCard rateCard) in d:\Code\TOM\Catapult\Code\trunk\CatapultServices\Tavisca.Catapult.Internal.ResourceAccess.DataProviders\Rate\RateProvider.cs:line 649
   at Tavisca.Catapult.External.Facade.Tests.TestActivityGenerator.SaveRateCard(RateCard rateCard) in d:\Code\TOM\Catapult\Code\trunk\CatapultServices\Tavisca.Catapult.External.Facade.Tests\TestActivityGenerator.cs:line 352
   at Tavisca.Catapult.External.Facade.Tests.ActivityMultiAvailTests.SearchByActivityCodeTest.WeekEndDayPricingTest1() in d:\Code\TOM\Catapult\Code\trunk\CatapultServices\Tavisca.Catapult.External.Facade.Tests\ActivityMultiAvailTests\SearchByActivityCodeTest.cs:line 966
</StackTrace>
        </ErrorInfo>
      </Output>
    </UnitTestResult>
    <UnitTestResult executionId="c8f1249d-9e37-4570-9e7b-7fd1bd130598" testId="442d53e3-c006-d979-92fd-19e66c306dd2" testName="WeekEndDayPricingTest2" computerName="PHOENIXX" duration="00:00:00.6579029" startTime="2013-08-09T22:00:19.6893956+05:30" endTime="2013-08-09T22:00:20.3484615+05:30" testType="13cdc9d9-ddb5-4fa4-a97d-d965ccfc6d4b" outcome="Failed" testListId="8c84fa94-04c1-424b-9868-57a2d4851a1d" relativeResultsDirectory="c8f1249d-9e37-4570-9e7b-7fd1bd130598">
      <Output>
        <ErrorInfo>
          <Message>Test method Tavisca.Catapult.External.Facade.Tests.ActivityMultiAvailTests.SearchByActivityCodeTest.WeekEndDayPricingTest2 threw exception: 
System.Transactions.TransactionManagerCommunicationException: Network access for Distributed Transaction Manager (MSDTC) has been disabled. Please enable DTC for network access in the security configuration for MSDTC using the Component Services Administrative tool. ---&gt; System.Runtime.InteropServices.COMException: The transaction manager has disabled its support for remote/network transactions. (Exception from HRESULT: 0x8004D024)</Message>
          <StackTrace>    at System.Transactions.Oletx.IDtcProxyShimFactory.ReceiveTransaction(UInt32 propgationTokenSize, Byte[] propgationToken, IntPtr managedIdentifier, Guid&amp; transactionIdentifier, OletxTransactionIsolationLevel&amp; isolationLevel, ITransactionShim&amp; transactionShim)
   at System.Transactions.TransactionInterop.GetOletxTransactionFromTransmitterPropigationToken(Byte[] propagationToken)
 --- End of inner exception stack trace ---
    at System.Transactions.Oletx.OletxTransactionManager.ProxyException(COMException comException)
   at System.Transactions.TransactionInterop.GetOletxTransactionFromTransmitterPropigationToken(Byte[] propagationToken)
   at System.Transactions.TransactionStatePSPEOperation.PSPEPromote(InternalTransaction tx)
   at System.Transactions.TransactionStateDelegatedBase.EnterState(InternalTransaction tx)
   at System.Transactions.EnlistableStates.Promote(InternalTransaction tx)
   at System.Transactions.Transaction.Promote()
   at System.Transactions.TransactionInterop.ConvertToOletxTransaction(Transaction transaction)
   at System.Transactions.TransactionInterop.GetExportCookie(Transaction transaction, Byte[] whereabouts)
   at System.Data.SqlClient.SqlInternalConnection.GetTransactionCookie(Transaction transaction, Byte[] whereAbouts)
   at System.Data.SqlClient.SqlInternalConnection.EnlistNonNull(Transaction tx)
   at System.Data.SqlClient.SqlInternalConnection.Enlist(Transaction tx)
   at System.Data.SqlClient.SqlInternalConnectionTds.Activate(Transaction transaction)
   at System.Data.ProviderBase.DbConnectionInternal.ActivateConnection(Transaction transaction)
   at System.Data.ProviderBase.DbConnectionPool.TryGetConnection(DbConnection owningObject, UInt32 waitForMultipleObjectsTimeout, Boolean allowCreate, Boolean onlyOneCheckConnection, DbConnectionOptions userOptions, DbConnectionInternal&amp; connection)
   at System.Data.ProviderBase.DbConnectionPool.TryGetConnection(DbConnection owningObject, TaskCompletionSource`1 retry, DbConnectionOptions userOptions, DbConnectionInternal&amp; connection)
   at System.Data.ProviderBase.DbConnectionFactory.TryGetConnection(DbConnection owningConnection, TaskCompletionSource`1 retry, DbConnectionOptions userOptions, DbConnectionInternal&amp; connection)
   at System.Data.ProviderBase.DbConnectionClosed.TryOpenConnection(DbConnection outerConnection, DbConnectionFactory connectionFactory, TaskCompletionSource`1 retry, DbConnectionOptions userOptions)
   at System.Data.SqlClient.SqlConnection.TryOpen(TaskCompletionSource`1 retry)
   at System.Data.SqlClient.SqlConnection.Open()
   at System.Data.Linq.SqlClient.SqlConnectionManager.UseConnection(IConnectionUser user)
   at System.Data.Linq.SqlClient.SqlProvider.get_IsSqlCe()
   at System.Data.Linq.SqlClient.SqlProvider.InitializeProviderMode()
   at System.Data.Linq.SqlClient.SqlProvider.System.Data.Linq.Provider.IProvider.Execute(Expression query)
   at System.Data.Linq.DataContext.ExecuteMethodCall(Object instance, MethodInfo methodInfo, Object[] parameters)
   at Tavisca.Catapult.Internal.ResourceAccess.DataProviders.Rate.LINQ.RateDataContext.spSaveRateCard(Nullable`1 id, Nullable`1 productId, String productType, String scope, Nullable`1 isEnabled, Nullable`1 isDeleted) in d:\Code\TOM\Catapult\Code\trunk\CatapultServices\Tavisca.Catapult.Internal.ResourceAccess.DataProviders\Rate\LINQ\Rate.designer.cs:line 265
   at Tavisca.Catapult.Internal.ResourceAccess.DataProviders.Rate.RateProvider.SaveRateCard(String scopeId, RateCard rateCard) in d:\Code\TOM\Catapult\Code\trunk\CatapultServices\Tavisca.Catapult.Internal.ResourceAccess.DataProviders\Rate\RateProvider.cs:line 649
   at Tavisca.Catapult.External.Facade.Tests.TestActivityGenerator.SaveRateCard(RateCard rateCard) in d:\Code\TOM\Catapult\Code\trunk\CatapultServices\Tavisca.Catapult.External.Facade.Tests\TestActivityGenerator.cs:line 352
   at Tavisca.Catapult.External.Facade.Tests.ActivityMultiAvailTests.SearchByActivityCodeTest.WeekEndDayPricingTest2() in d:\Code\TOM\Catapult\Code\trunk\CatapultServices\Tavisca.Catapult.External.Facade.Tests\ActivityMultiAvailTests\SearchByActivityCodeTest.cs:line 1025
</StackTrace>
        </ErrorInfo>
      </Output>
    </UnitTestResult>
    <UnitTestResult executionId="f0dc0106-aaf6-4adf-9f76-d60b88791c9a" testId="5bf1ec0c-5d0a-c96a-e1c2-a0355f4224b0" testName="WeekEndDayPricingTest3" computerName="PHOENIXX" duration="00:00:00.9194675" startTime="2013-08-09T22:00:20.3484615+05:30" endTime="2013-08-09T22:00:21.2675534+05:30" testType="13cdc9d9-ddb5-4fa4-a97d-d965ccfc6d4b" outcome="Failed" testListId="8c84fa94-04c1-424b-9868-57a2d4851a1d" relativeResultsDirectory="f0dc0106-aaf6-4adf-9f76-d60b88791c9a">
      <Output>
        <ErrorInfo>
          <Message>Test method Tavisca.Catapult.External.Facade.Tests.ActivityMultiAvailTests.SearchByActivityCodeTest.WeekEndDayPricingTest3 threw exception: 
System.Transactions.TransactionManagerCommunicationException: Network access for Distributed Transaction Manager (MSDTC) has been disabled. Please enable DTC for network access in the security configuration for MSDTC using the Component Services Administrative tool. ---&gt; System.Runtime.InteropServices.COMException: The transaction manager has disabled its support for remote/network transactions. (Exception from HRESULT: 0x8004D024)</Message>
          <StackTrace>    at System.Transactions.Oletx.IDtcProxyShimFactory.ReceiveTransaction(UInt32 propgationTokenSize, Byte[] propgationToken, IntPtr managedIdentifier, Guid&amp; transactionIdentifier, OletxTransactionIsolationLevel&amp; isolationLevel, ITransactionShim&amp; transactionShim)
   at System.Transactions.TransactionInterop.GetOletxTransactionFromTransmitterPropigationToken(Byte[] propagationToken)
 --- End of inner exception stack trace ---
    at System.Transactions.Oletx.OletxTransactionManager.ProxyException(COMException comException)
   at System.Transactions.TransactionInterop.GetOletxTransactionFromTransmitterPropigationToken(Byte[] propagationToken)
   at System.Transactions.TransactionStatePSPEOperation.PSPEPromote(InternalTransaction tx)
   at System.Transactions.TransactionStateDelegatedBase.EnterState(InternalTransaction tx)
   at System.Transactions.EnlistableStates.Promote(InternalTransaction tx)
   at System.Transactions.Transaction.Promote()
   at System.Transactions.TransactionInterop.ConvertToOletxTransaction(Transaction transaction)
   at System.Transactions.TransactionInterop.GetExportCookie(Transaction transaction, Byte[] whereabouts)
   at System.Data.SqlClient.SqlInternalConnection.GetTransactionCookie(Transaction transaction, Byte[] whereAbouts)
   at System.Data.SqlClient.SqlInternalConnection.EnlistNonNull(Transaction tx)
   at System.Data.SqlClient.SqlInternalConnection.Enlist(Transaction tx)
   at System.Data.SqlClient.SqlInternalConnectionTds.Activate(Transaction transaction)
   at System.Data.ProviderBase.DbConnectionInternal.ActivateConnection(Transaction transaction)
   at System.Data.ProviderBase.DbConnectionPool.TryGetConnection(DbConnection owningObject, UInt32 waitForMultipleObjectsTimeout, Boolean allowCreate, Boolean onlyOneCheckConnection, DbConnectionOptions userOptions, DbConnectionInternal&amp; connection)
   at System.Data.ProviderBase.DbConnectionPool.TryGetConnection(DbConnection owningObject, TaskCompletionSource`1 retry, DbConnectionOptions userOptions, DbConnectionInternal&amp; connection)
   at System.Data.ProviderBase.DbConnectionFactory.TryGetConnection(DbConnection owningConnection, TaskCompletionSource`1 retry, DbConnectionOptions userOptions, DbConnectionInternal&amp; connection)
   at System.Data.ProviderBase.DbConnectionClosed.TryOpenConnection(DbConnection outerConnection, DbConnectionFactory connectionFactory, TaskCompletionSource`1 retry, DbConnectionOptions userOptions)
   at System.Data.SqlClient.SqlConnection.TryOpen(TaskCompletionSource`1 retry)
   at System.Data.SqlClient.SqlConnection.Open()
   at System.Data.Linq.SqlClient.SqlConnectionManager.UseConnection(IConnectionUser user)
   at System.Data.Linq.SqlClient.SqlProvider.get_IsSqlCe()
   at System.Data.Linq.SqlClient.SqlProvider.InitializeProviderMode()
   at System.Data.Linq.SqlClient.SqlProvider.System.Data.Linq.Provider.IProvider.Execute(Expression query)
   at System.Data.Linq.DataContext.ExecuteMethodCall(Object instance, MethodInfo methodInfo, Object[] parameters)
   at Tavisca.Catapult.Internal.ResourceAccess.DataProviders.Rate.LINQ.RateDataContext.spSaveRateCard(Nullable`1 id, Nullable`1 productId, String productType, String scope, Nullable`1 isEnabled, Nullable`1 isDeleted) in d:\Code\TOM\Catapult\Code\trunk\CatapultServices\Tavisca.Catapult.Internal.ResourceAccess.DataProviders\Rate\LINQ\Rate.designer.cs:line 265
   at Tavisca.Catapult.Internal.ResourceAccess.DataProviders.Rate.RateProvider.SaveRateCard(String scopeId, RateCard rateCard) in d:\Code\TOM\Catapult\Code\trunk\CatapultServices\Tavisca.Catapult.Internal.ResourceAccess.DataProviders\Rate\RateProvider.cs:line 649
   at Tavisca.Catapult.External.Facade.Tests.TestActivityGenerator.SaveRateCard(RateCard rateCard) in d:\Code\TOM\Catapult\Code\trunk\CatapultServices\Tavisca.Catapult.External.Facade.Tests\TestActivityGenerator.cs:line 352
   at Tavisca.Catapult.External.Facade.Tests.ActivityMultiAvailTests.SearchByActivityCodeTest.WeekEndDayPricingTest3() in d:\Code\TOM\Catapult\Code\trunk\CatapultServices\Tavisca.Catapult.External.Facade.Tests\ActivityMultiAvailTests\SearchByActivityCodeTest.cs:line 1086
</StackTrace>
        </ErrorInfo>
      </Output>
    </UnitTestResult>
    <UnitTestResult executionId="452356cc-e691-4b4b-b44d-2d761fa4dbae" testId="3cd6ebde-39a6-53d2-7c47-d011166c9c3e" testName="AvailabilityTest1" computerName="PHOENIXX" duration="00:00:00.3154370" startTime="2013-08-09T22:00:21.2675534+05:30" endTime="2013-08-09T22:00:21.5835850+05:30" testType="13cdc9d9-ddb5-4fa4-a97d-d965ccfc6d4b" outcome="Failed" testListId="8c84fa94-04c1-424b-9868-57a2d4851a1d" relativeResultsDirectory="452356cc-e691-4b4b-b44d-2d761fa4dbae">
      <Output>
        <ErrorInfo>
          <Message>Test method Tavisca.Catapult.External.Facade.Tests.ActivityMultiAvailTests.SearchByActivityCodeTest.AvailabilityTest1 threw exception: 
System.Transactions.TransactionManagerCommunicationException: Network access for Distributed Transaction Manager (MSDTC) has been disabled. Please enable DTC for network access in the security configuration for MSDTC using the Component Services Administrative tool. ---&gt; System.Runtime.InteropServices.COMException: The transaction manager has disabled its support for remote/network transactions. (Exception from HRESULT: 0x8004D024)</Message>
          <StackTrace>    at System.Transactions.Oletx.IDtcProxyShimFactory.ReceiveTransaction(UInt32 propgationTokenSize, Byte[] propgationToken, IntPtr managedIdentifier, Guid&amp; transactionIdentifier, OletxTransactionIsolationLevel&amp; isolationLevel, ITransactionShim&amp; transactionShim)
   at System.Transactions.TransactionInterop.GetOletxTransactionFromTransmitterPropigationToken(Byte[] propagationToken)
 --- End of inner exception stack trace ---
    at System.Transactions.Oletx.OletxTransactionManager.ProxyException(COMException comException)
   at System.Transactions.TransactionInterop.GetOletxTransactionFromTransmitterPropigationToken(Byte[] propagationToken)
   at System.Transactions.TransactionStatePSPEOperation.PSPEPromote(InternalTransaction tx)
   at System.Transactions.TransactionStateDelegatedBase.EnterState(InternalTransaction tx)
   at System.Transactions.EnlistableStates.Promote(InternalTransaction tx)
   at System.Transactions.Transaction.Promote()
   at System.Transactions.TransactionInterop.ConvertToOletxTransaction(Transaction transaction)
   at System.Transactions.TransactionInterop.GetExportCookie(Transaction transaction, Byte[] whereabouts)
   at System.Data.SqlClient.SqlInternalConnection.GetTransactionCookie(Transaction transaction, Byte[] whereAbouts)
   at System.Data.SqlClient.SqlInternalConnection.EnlistNonNull(Transaction tx)
   at System.Data.SqlClient.SqlInternalConnection.Enlist(Transaction tx)
   at System.Data.SqlClient.SqlInternalConnectionTds.Activate(Transaction transaction)
   at System.Data.ProviderBase.DbConnectionInternal.ActivateConnection(Transaction transaction)
   at System.Data.ProviderBase.DbConnectionPool.TryGetConnection(DbConnection owningObject, UInt32 waitForMultipleObjectsTimeout, Boolean allowCreate, Boolean onlyOneCheckConnection, DbConnectionOptions userOptions, DbConnectionInternal&amp; connection)
   at System.Data.ProviderBase.DbConnectionPool.TryGetConnection(DbConnection owningObject, TaskCompletionSource`1 retry, DbConnectionOptions userOptions, DbConnectionInternal&amp; connection)
   at System.Data.ProviderBase.DbConnectionFactory.TryGetConnection(DbConnection owningConnection, TaskCompletionSource`1 retry, DbConnectionOptions userOptions, DbConnectionInternal&amp; connection)
   at System.Data.ProviderBase.DbConnectionClosed.TryOpenConnection(DbConnection outerConnection, DbConnectionFactory connectionFactory, TaskCompletionSource`1 retry, DbConnectionOptions userOptions)
   at System.Data.SqlClient.SqlConnection.TryOpen(TaskCompletionSource`1 retry)
   at System.Data.SqlClient.SqlConnection.Open()
   at System.Data.Linq.SqlClient.SqlConnectionManager.UseConnection(IConnectionUser user)
   at System.Data.Linq.SqlClient.SqlProvider.get_IsSqlCe()
   at System.Data.Linq.SqlClient.SqlProvider.InitializeProviderMode()
   at System.Data.Linq.SqlClient.SqlProvider.System.Data.Linq.Provider.IProvider.Execute(Expression query)
   at System.Data.Linq.DataContext.ExecuteMethodCall(Object instance, MethodInfo methodInfo, Object[] parameters)
   at Tavisca.Catapult.Internal.ResourceAccess.DataProviders.Rate.LINQ.RateDataContext.spSaveRateCard(Nullable`1 id, Nullable`1 productId, String productType, String scope, Nullable`1 isEnabled, Nullable`1 isDeleted) in d:\Code\TOM\Catapult\Code\trunk\CatapultServices\Tavisca.Catapult.Internal.ResourceAccess.DataProviders\Rate\LINQ\Rate.designer.cs:line 265
   at Tavisca.Catapult.Internal.ResourceAccess.DataProviders.Rate.RateProvider.SaveRateCard(String scopeId, RateCard rateCard) in d:\Code\TOM\Catapult\Code\trunk\CatapultServices\Tavisca.Catapult.Internal.ResourceAccess.DataProviders\Rate\RateProvider.cs:line 649
   at Tavisca.Catapult.External.Facade.Tests.TestActivityGenerator.SaveRateCard(RateCard rateCard) in d:\Code\TOM\Catapult\Code\trunk\CatapultServices\Tavisca.Catapult.External.Facade.Tests\TestActivityGenerator.cs:line 352
   at Tavisca.Catapult.External.Facade.Tests.ActivityMultiAvailTests.SearchByActivityCodeTest.AvailabilityTest1() in d:\Code\TOM\Catapult\Code\trunk\CatapultServices\Tavisca.Catapult.External.Facade.Tests\ActivityMultiAvailTests\SearchByActivityCodeTest.cs:line 1145
</StackTrace>
        </ErrorInfo>
      </Output>
    </UnitTestResult>
    <UnitTestResult executionId="ee6e2905-4fb4-432c-b123-ba0db68f9679" testId="e7029d42-e974-3346-be34-803916b97b21" testName="AvailabilityTest2" computerName="PHOENIXX" duration="00:00:00.2939332" startTime="2013-08-09T22:00:21.5835850+05:30" endTime="2013-08-09T22:00:21.8776144+05:30" testType="13cdc9d9-ddb5-4fa4-a97d-d965ccfc6d4b" outcome="Failed" testListId="8c84fa94-04c1-424b-9868-57a2d4851a1d" relativeResultsDirectory="ee6e2905-4fb4-432c-b123-ba0db68f9679">
      <Output>
        <ErrorInfo>
          <Message>Test method Tavisca.Catapult.External.Facade.Tests.ActivityMultiAvailTests.SearchByActivityCodeTest.AvailabilityTest2 threw exception: 
System.Transactions.TransactionManagerCommunicationException: Network access for Distributed Transaction Manager (MSDTC) has been disabled. Please enable DTC for network access in the security configuration for MSDTC using the Component Services Administrative tool. ---&gt; System.Runtime.InteropServices.COMException: The transaction manager has disabled its support for remote/network transactions. (Exception from HRESULT: 0x8004D024)</Message>
          <StackTrace>    at System.Transactions.Oletx.IDtcProxyShimFactory.ReceiveTransaction(UInt32 propgationTokenSize, Byte[] propgationToken, IntPtr managedIdentifier, Guid&amp; transactionIdentifier, OletxTransactionIsolationLevel&amp; isolationLevel, ITransactionShim&amp; transactionShim)
   at System.Transactions.TransactionInterop.GetOletxTransactionFromTransmitterPropigationToken(Byte[] propagationToken)
 --- End of inner exception stack trace ---
    at System.Transactions.Oletx.OletxTransactionManager.ProxyException(COMException comException)
   at System.Transactions.TransactionInterop.GetOletxTransactionFromTransmitterPropigationToken(Byte[] propagationToken)
   at System.Transactions.TransactionStatePSPEOperation.PSPEPromote(InternalTransaction tx)
   at System.Transactions.TransactionStateDelegatedBase.EnterState(InternalTransaction tx)
   at System.Transactions.EnlistableStates.Promote(InternalTransaction tx)
   at System.Transactions.Transaction.Promote()
   at System.Transactions.TransactionInterop.ConvertToOletxTransaction(Transaction transaction)
   at System.Transactions.TransactionInterop.GetExportCookie(Transaction transaction, Byte[] whereabouts)
   at System.Data.SqlClient.SqlInternalConnection.GetTransactionCookie(Transaction transaction, Byte[] whereAbouts)
   at System.Data.SqlClient.SqlInternalConnection.EnlistNonNull(Transaction tx)
   at System.Data.SqlClient.SqlInternalConnection.Enlist(Transaction tx)
   at System.Data.SqlClient.SqlInternalConnectionTds.Activate(Transaction transaction)
   at System.Data.ProviderBase.DbConnectionInternal.ActivateConnection(Transaction transaction)
   at System.Data.ProviderBase.DbConnectionPool.TryGetConnection(DbConnection owningObject, UInt32 waitForMultipleObjectsTimeout, Boolean allowCreate, Boolean onlyOneCheckConnection, DbConnectionOptions userOptions, DbConnectionInternal&amp; connection)
   at System.Data.ProviderBase.DbConnectionPool.TryGetConnection(DbConnection owningObject, TaskCompletionSource`1 retry, DbConnectionOptions userOptions, DbConnectionInternal&amp; connection)
   at System.Data.ProviderBase.DbConnectionFactory.TryGetConnection(DbConnection owningConnection, TaskCompletionSource`1 retry, DbConnectionOptions userOptions, DbConnectionInternal&amp; connection)
   at System.Data.ProviderBase.DbConnectionClosed.TryOpenConnection(DbConnection outerConnection, DbConnectionFactory connectionFactory, TaskCompletionSource`1 retry, DbConnectionOptions userOptions)
   at System.Data.SqlClient.SqlConnection.TryOpen(TaskCompletionSource`1 retry)
   at System.Data.SqlClient.SqlConnection.Open()
   at System.Data.Linq.SqlClient.SqlConnectionManager.UseConnection(IConnectionUser user)
   at System.Data.Linq.SqlClient.SqlProvider.get_IsSqlCe()
   at System.Data.Linq.SqlClient.SqlProvider.InitializeProviderMode()
   at System.Data.Linq.SqlClient.SqlProvider.System.Data.Linq.Provider.IProvider.Execute(Expression query)
   at System.Data.Linq.DataContext.ExecuteMethodCall(Object instance, MethodInfo methodInfo, Object[] parameters)
   at Tavisca.Catapult.Internal.ResourceAccess.DataProviders.Rate.LINQ.RateDataContext.spSaveRateCard(Nullable`1 id, Nullable`1 productId, String productType, String scope, Nullable`1 isEnabled, Nullable`1 isDeleted) in d:\Code\TOM\Catapult\Code\trunk\CatapultServices\Tavisca.Catapult.Internal.ResourceAccess.DataProviders\Rate\LINQ\Rate.designer.cs:line 265
   at Tavisca.Catapult.Internal.ResourceAccess.DataProviders.Rate.RateProvider.SaveRateCard(String scopeId, RateCard rateCard) in d:\Code\TOM\Catapult\Code\trunk\CatapultServices\Tavisca.Catapult.Internal.ResourceAccess.DataProviders\Rate\RateProvider.cs:line 649
   at Tavisca.Catapult.External.Facade.Tests.TestActivityGenerator.SaveRateCard(RateCard rateCard) in d:\Code\TOM\Catapult\Code\trunk\CatapultServices\Tavisca.Catapult.External.Facade.Tests\TestActivityGenerator.cs:line 352
   at Tavisca.Catapult.External.Facade.Tests.ActivityMultiAvailTests.SearchByActivityCodeTest.AvailabilityTest2() in d:\Code\TOM\Catapult\Code\trunk\CatapultServices\Tavisca.Catapult.External.Facade.Tests\ActivityMultiAvailTests\SearchByActivityCodeTest.cs:line 1191
</StackTrace>
        </ErrorInfo>
      </Output>
    </UnitTestResult>
    <UnitTestResult executionId="140e059f-a75b-48df-8801-2ac3fcf50f36" testId="402acafe-87eb-8fb2-df24-4bb494b95f1f" testName="IsOnRequestTest1" computerName="PHOENIXX" duration="00:00:00.2921721" startTime="2013-08-09T22:00:21.8776144+05:30" endTime="2013-08-09T22:00:22.1696436+05:30" testType="13cdc9d9-ddb5-4fa4-a97d-d965ccfc6d4b" outcome="Failed" testListId="8c84fa94-04c1-424b-9868-57a2d4851a1d" relativeResultsDirectory="140e059f-a75b-48df-8801-2ac3fcf50f36">
      <Output>
        <ErrorInfo>
          <Message>Test method Tavisca.Catapult.External.Facade.Tests.ActivityMultiAvailTests.SearchByActivityCodeTest.IsOnRequestTest1 threw exception: 
System.Transactions.TransactionManagerCommunicationException: Network access for Distributed Transaction Manager (MSDTC) has been disabled. Please enable DTC for network access in the security configuration for MSDTC using the Component Services Administrative tool. ---&gt; System.Runtime.InteropServices.COMException: The transaction manager has disabled its support for remote/network transactions. (Exception from HRESULT: 0x8004D024)</Message>
          <StackTrace>    at System.Transactions.Oletx.IDtcProxyShimFactory.ReceiveTransaction(UInt32 propgationTokenSize, Byte[] propgationToken, IntPtr managedIdentifier, Guid&amp; transactionIdentifier, OletxTransactionIsolationLevel&amp; isolationLevel, ITransactionShim&amp; transactionShim)
   at System.Transactions.TransactionInterop.GetOletxTransactionFromTransmitterPropigationToken(Byte[] propagationToken)
 --- End of inner exception stack trace ---
    at System.Transactions.Oletx.OletxTransactionManager.ProxyException(COMException comException)
   at System.Transactions.TransactionInterop.GetOletxTransactionFromTransmitterPropigationToken(Byte[] propagationToken)
   at System.Transactions.TransactionStatePSPEOperation.PSPEPromote(InternalTransaction tx)
   at System.Transactions.TransactionStateDelegatedBase.EnterState(InternalTransaction tx)
   at System.Transactions.EnlistableStates.Promote(InternalTransaction tx)
   at System.Transactions.Transaction.Promote()
   at System.Transactions.TransactionInterop.ConvertToOletxTransaction(Transaction transaction)
   at System.Transactions.TransactionInterop.GetExportCookie(Transaction transaction, Byte[] whereabouts)
   at System.Data.SqlClient.SqlInternalConnection.GetTransactionCookie(Transaction transaction, Byte[] whereAbouts)
   at System.Data.SqlClient.SqlInternalConnection.EnlistNonNull(Transaction tx)
   at System.Data.SqlClient.SqlInternalConnection.Enlist(Transaction tx)
   at System.Data.SqlClient.SqlInternalConnectionTds.Activate(Transaction transaction)
   at System.Data.ProviderBase.DbConnectionInternal.ActivateConnection(Transaction transaction)
   at System.Data.ProviderBase.DbConnectionPool.TryGetConnection(DbConnection owningObject, UInt32 waitForMultipleObjectsTimeout, Boolean allowCreate, Boolean onlyOneCheckConnection, DbConnectionOptions userOptions, DbConnectionInternal&amp; connection)
   at System.Data.ProviderBase.DbConnectionPool.TryGetConnection(DbConnection owningObject, TaskCompletionSource`1 retry, DbConnectionOptions userOptions, DbConnectionInternal&amp; connection)
   at System.Data.ProviderBase.DbConnectionFactory.TryGetConnection(DbConnection owningConnection, TaskCompletionSource`1 retry, DbConnectionOptions userOptions, DbConnectionInternal&amp; connection)
   at System.Data.ProviderBase.DbConnectionClosed.TryOpenConnection(DbConnection outerConnection, DbConnectionFactory connectionFactory, TaskCompletionSource`1 retry, DbConnectionOptions userOptions)
   at System.Data.SqlClient.SqlConnection.TryOpen(TaskCompletionSource`1 retry)
   at System.Data.SqlClient.SqlConnection.Open()
   at System.Data.Linq.SqlClient.SqlConnectionManager.UseConnection(IConnectionUser user)
   at System.Data.Linq.SqlClient.SqlProvider.get_IsSqlCe()
   at System.Data.Linq.SqlClient.SqlProvider.InitializeProviderMode()
   at System.Data.Linq.SqlClient.SqlProvider.System.Data.Linq.Provider.IProvider.Execute(Expression query)
   at System.Data.Linq.DataContext.ExecuteMethodCall(Object instance, MethodInfo methodInfo, Object[] parameters)
   at Tavisca.Catapult.Internal.ResourceAccess.DataProviders.Rate.LINQ.RateDataContext.spSaveRateCard(Nullable`1 id, Nullable`1 productId, String productType, String scope, Nullable`1 isEnabled, Nullable`1 isDeleted) in d:\Code\TOM\Catapult\Code\trunk\CatapultServices\Tavisca.Catapult.Internal.ResourceAccess.DataProviders\Rate\LINQ\Rate.designer.cs:line 265
   at Tavisca.Catapult.Internal.ResourceAccess.DataProviders.Rate.RateProvider.SaveRateCard(String scopeId, RateCard rateCard) in d:\Code\TOM\Catapult\Code\trunk\CatapultServices\Tavisca.Catapult.Internal.ResourceAccess.DataProviders\Rate\RateProvider.cs:line 649
   at Tavisca.Catapult.External.Facade.Tests.TestActivityGenerator.SaveRateCard(RateCard rateCard) in d:\Code\TOM\Catapult\Code\trunk\CatapultServices\Tavisca.Catapult.External.Facade.Tests\TestActivityGenerator.cs:line 352
   at Tavisca.Catapult.External.Facade.Tests.ActivityMultiAvailTests.SearchByActivityCodeTest.IsOnRequestTest1() in d:\Code\TOM\Catapult\Code\trunk\CatapultServices\Tavisca.Catapult.External.Facade.Tests\ActivityMultiAvailTests\SearchByActivityCodeTest.cs:line 1238
</StackTrace>
        </ErrorInfo>
      </Output>
    </UnitTestResult>
    <UnitTestResult executionId="ffd125d5-f610-4692-9fee-baacfa846e82" testId="0b78fb58-4cdc-525a-ff9d-e1035c42f43e" testName="IsOnRequestTest2" computerName="PHOENIXX" duration="00:00:00.3139428" startTime="2013-08-09T22:00:22.1696436+05:30" endTime="2013-08-09T22:00:22.4836750+05:30" testType="13cdc9d9-ddb5-4fa4-a97d-d965ccfc6d4b" outcome="Failed" testListId="8c84fa94-04c1-424b-9868-57a2d4851a1d" relativeResultsDirectory="ffd125d5-f610-4692-9fee-baacfa846e82">
      <Output>
        <ErrorInfo>
          <Message>Test method Tavisca.Catapult.External.Facade.Tests.ActivityMultiAvailTests.SearchByActivityCodeTest.IsOnRequestTest2 threw exception: 
System.Transactions.TransactionManagerCommunicationException: Network access for Distributed Transaction Manager (MSDTC) has been disabled. Please enable DTC for network access in the security configuration for MSDTC using the Component Services Administrative tool. ---&gt; System.Runtime.InteropServices.COMException: The transaction manager has disabled its support for remote/network transactions. (Exception from HRESULT: 0x8004D024)</Message>
          <StackTrace>    at System.Transactions.Oletx.IDtcProxyShimFactory.ReceiveTransaction(UInt32 propgationTokenSize, Byte[] propgationToken, IntPtr managedIdentifier, Guid&amp; transactionIdentifier, OletxTransactionIsolationLevel&amp; isolationLevel, ITransactionShim&amp; transactionShim)
   at System.Transactions.TransactionInterop.GetOletxTransactionFromTransmitterPropigationToken(Byte[] propagationToken)
 --- End of inner exception stack trace ---
    at System.Transactions.Oletx.OletxTransactionManager.ProxyException(COMException comException)
   at System.Transactions.TransactionInterop.GetOletxTransactionFromTransmitterPropigationToken(Byte[] propagationToken)
   at System.Transactions.TransactionStatePSPEOperation.PSPEPromote(InternalTransaction tx)
   at System.Transactions.TransactionStateDelegatedBase.EnterState(InternalTransaction tx)
   at System.Transactions.EnlistableStates.Promote(InternalTransaction tx)
   at System.Transactions.Transaction.Promote()
   at System.Transactions.TransactionInterop.ConvertToOletxTransaction(Transaction transaction)
   at System.Transactions.TransactionInterop.GetExportCookie(Transaction transaction, Byte[] whereabouts)
   at System.Data.SqlClient.SqlInternalConnection.GetTransactionCookie(Transaction transaction, Byte[] whereAbouts)
   at System.Data.SqlClient.SqlInternalConnection.EnlistNonNull(Transaction tx)
   at System.Data.SqlClient.SqlInternalConnection.Enlist(Transaction tx)
   at System.Data.SqlClient.SqlInternalConnectionTds.Activate(Transaction transaction)
   at System.Data.ProviderBase.DbConnectionInternal.ActivateConnection(Transaction transaction)
   at System.Data.ProviderBase.DbConnectionPool.TryGetConnection(DbConnection owningObject, UInt32 waitForMultipleObjectsTimeout, Boolean allowCreate, Boolean onlyOneCheckConnection, DbConnectionOptions userOptions, DbConnectionInternal&amp; connection)
   at System.Data.ProviderBase.DbConnectionPool.TryGetConnection(DbConnection owningObject, TaskCompletionSource`1 retry, DbConnectionOptions userOptions, DbConnectionInternal&amp; connection)
   at System.Data.ProviderBase.DbConnectionFactory.TryGetConnection(DbConnection owningConnection, TaskCompletionSource`1 retry, DbConnectionOptions userOptions, DbConnectionInternal&amp; connection)
   at System.Data.ProviderBase.DbConnectionClosed.TryOpenConnection(DbConnection outerConnection, DbConnectionFactory connectionFactory, TaskCompletionSource`1 retry, DbConnectionOptions userOptions)
   at System.Data.SqlClient.SqlConnection.TryOpen(TaskCompletionSource`1 retry)
   at System.Data.SqlClient.SqlConnection.Open()
   at System.Data.Linq.SqlClient.SqlConnectionManager.UseConnection(IConnectionUser user)
   at System.Data.Linq.SqlClient.SqlProvider.get_IsSqlCe()
   at System.Data.Linq.SqlClient.SqlProvider.InitializeProviderMode()
   at System.Data.Linq.SqlClient.SqlProvider.System.Data.Linq.Provider.IProvider.Execute(Expression query)
   at System.Data.Linq.DataContext.ExecuteMethodCall(Object instance, MethodInfo methodInfo, Object[] parameters)
   at Tavisca.Catapult.Internal.ResourceAccess.DataProviders.Rate.LINQ.RateDataContext.spSaveRateCard(Nullable`1 id, Nullable`1 productId, String productType, String scope, Nullable`1 isEnabled, Nullable`1 isDeleted) in d:\Code\TOM\Catapult\Code\trunk\CatapultServices\Tavisca.Catapult.Internal.ResourceAccess.DataProviders\Rate\LINQ\Rate.designer.cs:line 265
   at Tavisca.Catapult.Internal.ResourceAccess.DataProviders.Rate.RateProvider.SaveRateCard(String scopeId, RateCard rateCard) in d:\Code\TOM\Catapult\Code\trunk\CatapultServices\Tavisca.Catapult.Internal.ResourceAccess.DataProviders\Rate\RateProvider.cs:line 649
   at Tavisca.Catapult.External.Facade.Tests.TestActivityGenerator.SaveRateCard(RateCard rateCard) in d:\Code\TOM\Catapult\Code\trunk\CatapultServices\Tavisca.Catapult.External.Facade.Tests\TestActivityGenerator.cs:line 352
   at Tavisca.Catapult.External.Facade.Tests.ActivityMultiAvailTests.SearchByActivityCodeTest.IsOnRequestTest2() in d:\Code\TOM\Catapult\Code\trunk\CatapultServices\Tavisca.Catapult.External.Facade.Tests\ActivityMultiAvailTests\SearchByActivityCodeTest.cs:line 1287
</StackTrace>
        </ErrorInfo>
      </Output>
    </UnitTestResult>
    <UnitTestResult executionId="90bf0aac-cf6b-4550-a3a0-6ba4e525be9d" testId="b14ee4d1-3733-715e-9df1-b58651f49f9f" testName="IsOnRequestTest3" computerName="PHOENIXX" duration="00:00:00.3137304" startTime="2013-08-09T22:00:22.4836750+05:30" endTime="2013-08-09T22:00:22.7977064+05:30" testType="13cdc9d9-ddb5-4fa4-a97d-d965ccfc6d4b" outcome="Failed" testListId="8c84fa94-04c1-424b-9868-57a2d4851a1d" relativeResultsDirectory="90bf0aac-cf6b-4550-a3a0-6ba4e525be9d">
      <Output>
        <ErrorInfo>
          <Message>Test method Tavisca.Catapult.External.Facade.Tests.ActivityMultiAvailTests.SearchByActivityCodeTest.IsOnRequestTest3 threw exception: 
System.Transactions.TransactionManagerCommunicationException: Network access for Distributed Transaction Manager (MSDTC) has been disabled. Please enable DTC for network access in the security configuration for MSDTC using the Component Services Administrative tool. ---&gt; System.Runtime.InteropServices.COMException: The transaction manager has disabled its support for remote/network transactions. (Exception from HRESULT: 0x8004D024)</Message>
          <StackTrace>    at System.Transactions.Oletx.IDtcProxyShimFactory.ReceiveTransaction(UInt32 propgationTokenSize, Byte[] propgationToken, IntPtr managedIdentifier, Guid&amp; transactionIdentifier, OletxTransactionIsolationLevel&amp; isolationLevel, ITransactionShim&amp; transactionShim)
   at System.Transactions.TransactionInterop.GetOletxTransactionFromTransmitterPropigationToken(Byte[] propagationToken)
 --- End of inner exception stack trace ---
    at System.Transactions.Oletx.OletxTransactionManager.ProxyException(COMException comException)
   at System.Transactions.TransactionInterop.GetOletxTransactionFromTransmitterPropigationToken(Byte[] propagationToken)
   at System.Transactions.TransactionStatePSPEOperation.PSPEPromote(InternalTransaction tx)
   at System.Transactions.TransactionStateDelegatedBase.EnterState(InternalTransaction tx)
   at System.Transactions.EnlistableStates.Promote(InternalTransaction tx)
   at System.Transactions.Transaction.Promote()
   at System.Transactions.TransactionInterop.ConvertToOletxTransaction(Transaction transaction)
   at System.Transactions.TransactionInterop.GetExportCookie(Transaction transaction, Byte[] whereabouts)
   at System.Data.SqlClient.SqlInternalConnection.GetTransactionCookie(Transaction transaction, Byte[] whereAbouts)
   at System.Data.SqlClient.SqlInternalConnection.EnlistNonNull(Transaction tx)
   at System.Data.SqlClient.SqlInternalConnection.Enlist(Transaction tx)
   at System.Data.SqlClient.SqlInternalConnectionTds.Activate(Transaction transaction)
   at System.Data.ProviderBase.DbConnectionInternal.ActivateConnection(Transaction transaction)
   at System.Data.ProviderBase.DbConnectionPool.TryGetConnection(DbConnection owningObject, UInt32 waitForMultipleObjectsTimeout, Boolean allowCreate, Boolean onlyOneCheckConnection, DbConnectionOptions userOptions, DbConnectionInternal&amp; connection)
   at System.Data.ProviderBase.DbConnectionPool.TryGetConnection(DbConnection owningObject, TaskCompletionSource`1 retry, DbConnectionOptions userOptions, DbConnectionInternal&amp; connection)
   at System.Data.ProviderBase.DbConnectionFactory.TryGetConnection(DbConnection owningConnection, TaskCompletionSource`1 retry, DbConnectionOptions userOptions, DbConnectionInternal&amp; connection)
   at System.Data.ProviderBase.DbConnectionClosed.TryOpenConnection(DbConnection outerConnection, DbConnectionFactory connectionFactory, TaskCompletionSource`1 retry, DbConnectionOptions userOptions)
   at System.Data.SqlClient.SqlConnection.TryOpen(TaskCompletionSource`1 retry)
   at System.Data.SqlClient.SqlConnection.Open()
   at System.Data.Linq.SqlClient.SqlConnectionManager.UseConnection(IConnectionUser user)
   at System.Data.Linq.SqlClient.SqlProvider.get_IsSqlCe()
   at System.Data.Linq.SqlClient.SqlProvider.InitializeProviderMode()
   at System.Data.Linq.SqlClient.SqlProvider.System.Data.Linq.Provider.IProvider.Execute(Expression query)
   at System.Data.Linq.DataContext.ExecuteMethodCall(Object instance, MethodInfo methodInfo, Object[] parameters)
   at Tavisca.Catapult.Internal.ResourceAccess.DataProviders.Rate.LINQ.RateDataContext.spSaveRateCard(Nullable`1 id, Nullable`1 productId, String productType, String scope, Nullable`1 isEnabled, Nullable`1 isDeleted) in d:\Code\TOM\Catapult\Code\trunk\CatapultServices\Tavisca.Catapult.Internal.ResourceAccess.DataProviders\Rate\LINQ\Rate.designer.cs:line 265
   at Tavisca.Catapult.Internal.ResourceAccess.DataProviders.Rate.RateProvider.SaveRateCard(String scopeId, RateCard rateCard) in d:\Code\TOM\Catapult\Code\trunk\CatapultServices\Tavisca.Catapult.Internal.ResourceAccess.DataProviders\Rate\RateProvider.cs:line 649
   at Tavisca.Catapult.External.Facade.Tests.TestActivityGenerator.SaveRateCard(RateCard rateCard) in d:\Code\TOM\Catapult\Code\trunk\CatapultServices\Tavisca.Catapult.External.Facade.Tests\TestActivityGenerator.cs:line 352
   at Tavisca.Catapult.External.Facade.Tests.ActivityMultiAvailTests.SearchByActivityCodeTest.IsOnRequestTest3() in d:\Code\TOM\Catapult\Code\trunk\CatapultServices\Tavisca.Catapult.External.Facade.Tests\ActivityMultiAvailTests\SearchByActivityCodeTest.cs:line 1337
</StackTrace>
        </ErrorInfo>
      </Output>
    </UnitTestResult>
    <UnitTestResult executionId="91d6ea34-1122-431a-b19f-1a0c35c81e60" testId="495313bc-aecb-964a-d1f3-425279352800" testName="IsOnRequestTest4" computerName="PHOENIXX" duration="00:00:00.3143348" startTime="2013-08-09T22:00:22.7977064+05:30" endTime="2013-08-09T22:00:23.1127379+05:30" testType="13cdc9d9-ddb5-4fa4-a97d-d965ccfc6d4b" outcome="Failed" testListId="8c84fa94-04c1-424b-9868-57a2d4851a1d" relativeResultsDirectory="91d6ea34-1122-431a-b19f-1a0c35c81e60">
      <Output>
        <ErrorInfo>
          <Message>Test method Tavisca.Catapult.External.Facade.Tests.ActivityMultiAvailTests.SearchByActivityCodeTest.IsOnRequestTest4 threw exception: 
System.Transactions.TransactionManagerCommunicationException: Network access for Distributed Transaction Manager (MSDTC) has been disabled. Please enable DTC for network access in the security configuration for MSDTC using the Component Services Administrative tool. ---&gt; System.Runtime.InteropServices.COMException: The transaction manager has disabled its support for remote/network transactions. (Exception from HRESULT: 0x8004D024)</Message>
          <StackTrace>    at System.Transactions.Oletx.IDtcProxyShimFactory.ReceiveTransaction(UInt32 propgationTokenSize, Byte[] propgationToken, IntPtr managedIdentifier, Guid&amp; transactionIdentifier, OletxTransactionIsolationLevel&amp; isolationLevel, ITransactionShim&amp; transactionShim)
   at System.Transactions.TransactionInterop.GetOletxTransactionFromTransmitterPropigationToken(Byte[] propagationToken)
 --- End of inner exception stack trace ---
    at System.Transactions.Oletx.OletxTransactionManager.ProxyException(COMException comException)
   at System.Transactions.TransactionInterop.GetOletxTransactionFromTransmitterPropigationToken(Byte[] propagationToken)
   at System.Transactions.TransactionStatePSPEOperation.PSPEPromote(InternalTransaction tx)
   at System.Transactions.TransactionStateDelegatedBase.EnterState(InternalTransaction tx)
   at System.Transactions.EnlistableStates.Promote(InternalTransaction tx)
   at System.Transactions.Transaction.Promote()
   at System.Transactions.TransactionInterop.ConvertToOletxTransaction(Transaction transaction)
   at System.Transactions.TransactionInterop.GetExportCookie(Transaction transaction, Byte[] whereabouts)
   at System.Data.SqlClient.SqlInternalConnection.GetTransactionCookie(Transaction transaction, Byte[] whereAbouts)
   at System.Data.SqlClient.SqlInternalConnection.EnlistNonNull(Transaction tx)
   at System.Data.SqlClient.SqlInternalConnection.Enlist(Transaction tx)
   at System.Data.SqlClient.SqlInternalConnectionTds.Activate(Transaction transaction)
   at System.Data.ProviderBase.DbConnectionInternal.ActivateConnection(Transaction transaction)
   at System.Data.ProviderBase.DbConnectionPool.TryGetConnection(DbConnection owningObject, UInt32 waitForMultipleObjectsTimeout, Boolean allowCreate, Boolean onlyOneCheckConnection, DbConnectionOptions userOptions, DbConnectionInternal&amp; connection)
   at System.Data.ProviderBase.DbConnectionPool.TryGetConnection(DbConnection owningObject, TaskCompletionSource`1 retry, DbConnectionOptions userOptions, DbConnectionInternal&amp; connection)
   at System.Data.ProviderBase.DbConnectionFactory.TryGetConnection(DbConnection owningConnection, TaskCompletionSource`1 retry, DbConnectionOptions userOptions, DbConnectionInternal&amp; connection)
   at System.Data.ProviderBase.DbConnectionClosed.TryOpenConnection(DbConnection outerConnection, DbConnectionFactory connectionFactory, TaskCompletionSource`1 retry, DbConnectionOptions userOptions)
   at System.Data.SqlClient.SqlConnection.TryOpen(TaskCompletionSource`1 retry)
   at System.Data.SqlClient.SqlConnection.Open()
   at System.Data.Linq.SqlClient.SqlConnectionManager.UseConnection(IConnectionUser user)
   at System.Data.Linq.SqlClient.SqlProvider.get_IsSqlCe()
   at System.Data.Linq.SqlClient.SqlProvider.InitializeProviderMode()
   at System.Data.Linq.SqlClient.SqlProvider.System.Data.Linq.Provider.IProvider.Execute(Expression query)
   at System.Data.Linq.DataContext.ExecuteMethodCall(Object instance, MethodInfo methodInfo, Object[] parameters)
   at Tavisca.Catapult.Internal.ResourceAccess.DataProviders.Rate.LINQ.RateDataContext.spSaveRateCard(Nullable`1 id, Nullable`1 productId, String productType, String scope, Nullable`1 isEnabled, Nullable`1 isDeleted) in d:\Code\TOM\Catapult\Code\trunk\CatapultServices\Tavisca.Catapult.Internal.ResourceAccess.DataProviders\Rate\LINQ\Rate.designer.cs:line 265
   at Tavisca.Catapult.Internal.ResourceAccess.DataProviders.Rate.RateProvider.SaveRateCard(String scopeId, RateCard rateCard) in d:\Code\TOM\Catapult\Code\trunk\CatapultServices\Tavisca.Catapult.Internal.ResourceAccess.DataProviders\Rate\RateProvider.cs:line 649
   at Tavisca.Catapult.External.Facade.Tests.TestActivityGenerator.SaveRateCard(RateCard rateCard) in d:\Code\TOM\Catapult\Code\trunk\CatapultServices\Tavisca.Catapult.External.Facade.Tests\TestActivityGenerator.cs:line 352
   at Tavisca.Catapult.External.Facade.Tests.ActivityMultiAvailTests.SearchByActivityCodeTest.IsOnRequestTest4() in d:\Code\TOM\Catapult\Code\trunk\CatapultServices\Tavisca.Catapult.External.Facade.Tests\ActivityMultiAvailTests\SearchByActivityCodeTest.cs:line 1386
</StackTrace>
        </ErrorInfo>
      </Output>
    </UnitTestResult>
    <UnitTestResult executionId="6dc43b59-7393-47e6-b2d0-fa446950aba9" testId="248cd2fc-d227-9209-882c-d6c17b8ed89e" testName="PerUnitTest1" computerName="PHOENIXX" duration="00:00:00.8471509" startTime="2013-08-09T22:00:23.1127379+05:30" endTime="2013-08-09T22:00:23.9598226+05:30" testType="13cdc9d9-ddb5-4fa4-a97d-d965ccfc6d4b" outcome="Failed" testListId="8c84fa94-04c1-424b-9868-57a2d4851a1d" relativeResultsDirectory="6dc43b59-7393-47e6-b2d0-fa446950aba9">
      <Output>
        <ErrorInfo>
          <Message>Test method Tavisca.Catapult.External.Facade.Tests.ActivityMultiAvailTests.SearchByActivityCodeTest.PerUnitTest1 threw exception: 
System.Transactions.TransactionManagerCommunicationException: Network access for Distributed Transaction Manager (MSDTC) has been disabled. Please enable DTC for network access in the security configuration for MSDTC using the Component Services Administrative tool. ---&gt; System.Runtime.InteropServices.COMException: The transaction manager has disabled its support for remote/network transactions. (Exception from HRESULT: 0x8004D024)</Message>
          <StackTrace>    at System.Transactions.Oletx.IDtcProxyShimFactory.ReceiveTransaction(UInt32 propgationTokenSize, Byte[] propgationToken, IntPtr managedIdentifier, Guid&amp; transactionIdentifier, OletxTransactionIsolationLevel&amp; isolationLevel, ITransactionShim&amp; transactionShim)
   at System.Transactions.TransactionInterop.GetOletxTransactionFromTransmitterPropigationToken(Byte[] propagationToken)
 --- End of inner exception stack trace ---
    at System.Transactions.Oletx.OletxTransactionManager.ProxyException(COMException comException)
   at System.Transactions.TransactionInterop.GetOletxTransactionFromTransmitterPropigationToken(Byte[] propagationToken)
   at System.Transactions.TransactionStatePSPEOperation.PSPEPromote(InternalTransaction tx)
   at System.Transactions.TransactionStateDelegatedBase.EnterState(InternalTransaction tx)
   at System.Transactions.EnlistableStates.Promote(InternalTransaction tx)
   at System.Transactions.Transaction.Promote()
   at System.Transactions.TransactionInterop.ConvertToOletxTransaction(Transaction transaction)
   at System.Transactions.TransactionInterop.GetExportCookie(Transaction transaction, Byte[] whereabouts)
   at System.Data.SqlClient.SqlInternalConnection.GetTransactionCookie(Transaction transaction, Byte[] whereAbouts)
   at System.Data.SqlClient.SqlInternalConnection.EnlistNonNull(Transaction tx)
   at System.Data.SqlClient.SqlInternalConnection.Enlist(Transaction tx)
   at System.Data.SqlClient.SqlInternalConnectionTds.Activate(Transaction transaction)
   at System.Data.ProviderBase.DbConnectionInternal.ActivateConnection(Transaction transaction)
   at System.Data.ProviderBase.DbConnectionPool.TryGetConnection(DbConnection owningObject, UInt32 waitForMultipleObjectsTimeout, Boolean allowCreate, Boolean onlyOneCheckConnection, DbConnectionOptions userOptions, DbConnectionInternal&amp; connection)
   at System.Data.ProviderBase.DbConnectionPool.TryGetConnection(DbConnection owningObject, TaskCompletionSource`1 retry, DbConnectionOptions userOptions, DbConnectionInternal&amp; connection)
   at System.Data.ProviderBase.DbConnectionFactory.TryGetConnection(DbConnection owningConnection, TaskCompletionSource`1 retry, DbConnectionOptions userOptions, DbConnectionInternal&amp; connection)
   at System.Data.ProviderBase.DbConnectionClosed.TryOpenConnection(DbConnection outerConnection, DbConnectionFactory connectionFactory, TaskCompletionSource`1 retry, DbConnectionOptions userOptions)
   at System.Data.SqlClient.SqlConnection.TryOpen(TaskCompletionSource`1 retry)
   at System.Data.SqlClient.SqlConnection.Open()
   at System.Data.Linq.SqlClient.SqlConnectionManager.UseConnection(IConnectionUser user)
   at System.Data.Linq.SqlClient.SqlProvider.get_IsSqlCe()
   at System.Data.Linq.SqlClient.SqlProvider.InitializeProviderMode()
   at System.Data.Linq.SqlClient.SqlProvider.System.Data.Linq.Provider.IProvider.Execute(Expression query)
   at System.Data.Linq.DataContext.ExecuteMethodCall(Object instance, MethodInfo methodInfo, Object[] parameters)
   at Tavisca.Catapult.Internal.ResourceAccess.DataProviders.Rate.LINQ.RateDataContext.spSaveRateCard(Nullable`1 id, Nullable`1 productId, String productType, String scope, Nullable`1 isEnabled, Nullable`1 isDeleted) in d:\Code\TOM\Catapult\Code\trunk\CatapultServices\Tavisca.Catapult.Internal.ResourceAccess.DataProviders\Rate\LINQ\Rate.designer.cs:line 265
   at Tavisca.Catapult.Internal.ResourceAccess.DataProviders.Rate.RateProvider.SaveRateCard(String scopeId, RateCard rateCard) in d:\Code\TOM\Catapult\Code\trunk\CatapultServices\Tavisca.Catapult.Internal.ResourceAccess.DataProviders\Rate\RateProvider.cs:line 649
   at Tavisca.Catapult.External.Facade.Tests.TestActivityGenerator.SaveRateCard(RateCard rateCard) in d:\Code\TOM\Catapult\Code\trunk\CatapultServices\Tavisca.Catapult.External.Facade.Tests\TestActivityGenerator.cs:line 352
   at Tavisca.Catapult.External.Facade.Tests.ActivityMultiAvailTests.SearchByActivityCodeTest.PerUnitTest1() in d:\Code\TOM\Catapult\Code\trunk\CatapultServices\Tavisca.Catapult.External.Facade.Tests\ActivityMultiAvailTests\SearchByActivityCodeTest.cs:line 1437
</StackTrace>
        </ErrorInfo>
      </Output>
    </UnitTestResult>
    <UnitTestResult executionId="6baca3e2-7d14-4819-8a2c-9caf3a3ea4cd" testId="133b4aa4-427b-86b3-3311-3e78cd0e24a7" testName="PerUnitTest2" computerName="PHOENIXX" duration="00:00:00.2947550" startTime="2013-08-09T22:00:23.9598226+05:30" endTime="2013-08-09T22:00:24.2548521+05:30" testType="13cdc9d9-ddb5-4fa4-a97d-d965ccfc6d4b" outcome="Failed" testListId="8c84fa94-04c1-424b-9868-57a2d4851a1d" relativeResultsDirectory="6baca3e2-7d14-4819-8a2c-9caf3a3ea4cd">
      <Output>
        <ErrorInfo>
          <Message>Test method Tavisca.Catapult.External.Facade.Tests.ActivityMultiAvailTests.SearchByActivityCodeTest.PerUnitTest2 threw exception: 
System.Transactions.TransactionManagerCommunicationException: Network access for Distributed Transaction Manager (MSDTC) has been disabled. Please enable DTC for network access in the security configuration for MSDTC using the Component Services Administrative tool. ---&gt; System.Runtime.InteropServices.COMException: The transaction manager has disabled its support for remote/network transactions. (Exception from HRESULT: 0x8004D024)</Message>
          <StackTrace>    at System.Transactions.Oletx.IDtcProxyShimFactory.ReceiveTransaction(UInt32 propgationTokenSize, Byte[] propgationToken, IntPtr managedIdentifier, Guid&amp; transactionIdentifier, OletxTransactionIsolationLevel&amp; isolationLevel, ITransactionShim&amp; transactionShim)
   at System.Transactions.TransactionInterop.GetOletxTransactionFromTransmitterPropigationToken(Byte[] propagationToken)
 --- End of inner exception stack trace ---
    at System.Transactions.Oletx.OletxTransactionManager.ProxyException(COMException comException)
   at System.Transactions.TransactionInterop.GetOletxTransactionFromTransmitterPropigationToken(Byte[] propagationToken)
   at System.Transactions.TransactionStatePSPEOperation.PSPEPromote(InternalTransaction tx)
   at System.Transactions.TransactionStateDelegatedBase.EnterState(InternalTransaction tx)
   at System.Transactions.EnlistableStates.Promote(InternalTransaction tx)
   at System.Transactions.Transaction.Promote()
   at System.Transactions.TransactionInterop.ConvertToOletxTransaction(Transaction transaction)
   at System.Transactions.TransactionInterop.GetExportCookie(Transaction transaction, Byte[] whereabouts)
   at System.Data.SqlClient.SqlInternalConnection.GetTransactionCookie(Transaction transaction, Byte[] whereAbouts)
   at System.Data.SqlClient.SqlInternalConnection.EnlistNonNull(Transaction tx)
   at System.Data.SqlClient.SqlInternalConnection.Enlist(Transaction tx)
   at System.Data.SqlClient.SqlInternalConnectionTds.Activate(Transaction transaction)
   at System.Data.ProviderBase.DbConnectionInternal.ActivateConnection(Transaction transaction)
   at System.Data.ProviderBase.DbConnectionPool.TryGetConnection(DbConnection owningObject, UInt32 waitForMultipleObjectsTimeout, Boolean allowCreate, Boolean onlyOneCheckConnection, DbConnectionOptions userOptions, DbConnectionInternal&amp; connection)
   at System.Data.ProviderBase.DbConnectionPool.TryGetConnection(DbConnection owningObject, TaskCompletionSource`1 retry, DbConnectionOptions userOptions, DbConnectionInternal&amp; connection)
   at System.Data.ProviderBase.DbConnectionFactory.TryGetConnection(DbConnection owningConnection, TaskCompletionSource`1 retry, DbConnectionOptions userOptions, DbConnectionInternal&amp; connection)
   at System.Data.ProviderBase.DbConnectionClosed.TryOpenConnection(DbConnection outerConnection, DbConnectionFactory connectionFactory, TaskCompletionSource`1 retry, DbConnectionOptions userOptions)
   at System.Data.SqlClient.SqlConnection.TryOpen(TaskCompletionSource`1 retry)
   at System.Data.SqlClient.SqlConnection.Open()
   at System.Data.Linq.SqlClient.SqlConnectionManager.UseConnection(IConnectionUser user)
   at System.Data.Linq.SqlClient.SqlProvider.get_IsSqlCe()
   at System.Data.Linq.SqlClient.SqlProvider.InitializeProviderMode()
   at System.Data.Linq.SqlClient.SqlProvider.System.Data.Linq.Provider.IProvider.Execute(Expression query)
   at System.Data.Linq.DataContext.ExecuteMethodCall(Object instance, MethodInfo methodInfo, Object[] parameters)
   at Tavisca.Catapult.Internal.ResourceAccess.DataProviders.Rate.LINQ.RateDataContext.spSaveRateCard(Nullable`1 id, Nullable`1 productId, String productType, String scope, Nullable`1 isEnabled, Nullable`1 isDeleted) in d:\Code\TOM\Catapult\Code\trunk\CatapultServices\Tavisca.Catapult.Internal.ResourceAccess.DataProviders\Rate\LINQ\Rate.designer.cs:line 265
   at Tavisca.Catapult.Internal.ResourceAccess.DataProviders.Rate.RateProvider.SaveRateCard(String scopeId, RateCard rateCard) in d:\Code\TOM\Catapult\Code\trunk\CatapultServices\Tavisca.Catapult.Internal.ResourceAccess.DataProviders\Rate\RateProvider.cs:line 649
   at Tavisca.Catapult.External.Facade.Tests.TestActivityGenerator.SaveRateCard(RateCard rateCard) in d:\Code\TOM\Catapult\Code\trunk\CatapultServices\Tavisca.Catapult.External.Facade.Tests\TestActivityGenerator.cs:line 352
   at Tavisca.Catapult.External.Facade.Tests.ActivityMultiAvailTests.SearchByActivityCodeTest.PerUnitTest2() in d:\Code\TOM\Catapult\Code\trunk\CatapultServices\Tavisca.Catapult.External.Facade.Tests\ActivityMultiAvailTests\SearchByActivityCodeTest.cs:line 1487
</StackTrace>
        </ErrorInfo>
      </Output>
    </UnitTestResult>
    <UnitTestResult executionId="b9690702-1da4-4bc6-a909-7ac6fe798d79" testId="664dca9e-6edc-1ed5-b697-8afe84ade142" testName="PerUnitTest3" computerName="PHOENIXX" duration="00:00:00.3053940" startTime="2013-08-09T22:00:24.2548521+05:30" endTime="2013-08-09T22:00:24.5608827+05:30" testType="13cdc9d9-ddb5-4fa4-a97d-d965ccfc6d4b" outcome="Failed" testListId="8c84fa94-04c1-424b-9868-57a2d4851a1d" relativeResultsDirectory="b9690702-1da4-4bc6-a909-7ac6fe798d79">
      <Output>
        <ErrorInfo>
          <Message>Test method Tavisca.Catapult.External.Facade.Tests.ActivityMultiAvailTests.SearchByActivityCodeTest.PerUnitTest3 threw exception: 
System.Transactions.TransactionManagerCommunicationException: Network access for Distributed Transaction Manager (MSDTC) has been disabled. Please enable DTC for network access in the security configuration for MSDTC using the Component Services Administrative tool. ---&gt; System.Runtime.InteropServices.COMException: The transaction manager has disabled its support for remote/network transactions. (Exception from HRESULT: 0x8004D024)</Message>
          <StackTrace>    at System.Transactions.Oletx.IDtcProxyShimFactory.ReceiveTransaction(UInt32 propgationTokenSize, Byte[] propgationToken, IntPtr managedIdentifier, Guid&amp; transactionIdentifier, OletxTransactionIsolationLevel&amp; isolationLevel, ITransactionShim&amp; transactionShim)
   at System.Transactions.TransactionInterop.GetOletxTransactionFromTransmitterPropigationToken(Byte[] propagationToken)
 --- End of inner exception stack trace ---
    at System.Transactions.Oletx.OletxTransactionManager.ProxyException(COMException comException)
   at System.Transactions.TransactionInterop.GetOletxTransactionFromTransmitterPropigationToken(Byte[] propagationToken)
   at System.Transactions.TransactionStatePSPEOperation.PSPEPromote(InternalTransaction tx)
   at System.Transactions.TransactionStateDelegatedBase.EnterState(InternalTransaction tx)
   at System.Transactions.EnlistableStates.Promote(InternalTransaction tx)
   at System.Transactions.Transaction.Promote()
   at System.Transactions.TransactionInterop.ConvertToOletxTransaction(Transaction transaction)
   at System.Transactions.TransactionInterop.GetExportCookie(Transaction transaction, Byte[] whereabouts)
   at System.Data.SqlClient.SqlInternalConnection.GetTransactionCookie(Transaction transaction, Byte[] whereAbouts)
   at System.Data.SqlClient.SqlInternalConnection.EnlistNonNull(Transaction tx)
   at System.Data.SqlClient.SqlInternalConnection.Enlist(Transaction tx)
   at System.Data.SqlClient.SqlInternalConnectionTds.Activate(Transaction transaction)
   at System.Data.ProviderBase.DbConnectionInternal.ActivateConnection(Transaction transaction)
   at System.Data.ProviderBase.DbConnectionPool.TryGetConnection(DbConnection owningObject, UInt32 waitForMultipleObjectsTimeout, Boolean allowCreate, Boolean onlyOneCheckConnection, DbConnectionOptions userOptions, DbConnectionInternal&amp; connection)
   at System.Data.ProviderBase.DbConnectionPool.TryGetConnection(DbConnection owningObject, TaskCompletionSource`1 retry, DbConnectionOptions userOptions, DbConnectionInternal&amp; connection)
   at System.Data.ProviderBase.DbConnectionFactory.TryGetConnection(DbConnection owningConnection, TaskCompletionSource`1 retry, DbConnectionOptions userOptions, DbConnectionInternal&amp; connection)
   at System.Data.ProviderBase.DbConnectionClosed.TryOpenConnection(DbConnection outerConnection, DbConnectionFactory connectionFactory, TaskCompletionSource`1 retry, DbConnectionOptions userOptions)
   at System.Data.SqlClient.SqlConnection.TryOpen(TaskCompletionSource`1 retry)
   at System.Data.SqlClient.SqlConnection.Open()
   at System.Data.Linq.SqlClient.SqlConnectionManager.UseConnection(IConnectionUser user)
   at System.Data.Linq.SqlClient.SqlProvider.get_IsSqlCe()
   at System.Data.Linq.SqlClient.SqlProvider.InitializeProviderMode()
   at System.Data.Linq.SqlClient.SqlProvider.System.Data.Linq.Provider.IProvider.Execute(Expression query)
   at System.Data.Linq.DataContext.ExecuteMethodCall(Object instance, MethodInfo methodInfo, Object[] parameters)
   at Tavisca.Catapult.Internal.ResourceAccess.DataProviders.Rate.LINQ.RateDataContext.spSaveRateCard(Nullable`1 id, Nullable`1 productId, String productType, String scope, Nullable`1 isEnabled, Nullable`1 isDeleted) in d:\Code\TOM\Catapult\Code\trunk\CatapultServices\Tavisca.Catapult.Internal.ResourceAccess.DataProviders\Rate\LINQ\Rate.designer.cs:line 265
   at Tavisca.Catapult.Internal.ResourceAccess.DataProviders.Rate.RateProvider.SaveRateCard(String scopeId, RateCard rateCard) in d:\Code\TOM\Catapult\Code\trunk\CatapultServices\Tavisca.Catapult.Internal.ResourceAccess.DataProviders\Rate\RateProvider.cs:line 649
   at Tavisca.Catapult.External.Facade.Tests.TestActivityGenerator.SaveRateCard(RateCard rateCard) in d:\Code\TOM\Catapult\Code\trunk\CatapultServices\Tavisca.Catapult.External.Facade.Tests\TestActivityGenerator.cs:line 352
   at Tavisca.Catapult.External.Facade.Tests.ActivityMultiAvailTests.SearchByActivityCodeTest.PerUnitTest3() in d:\Code\TOM\Catapult\Code\trunk\CatapultServices\Tavisca.Catapult.External.Facade.Tests\ActivityMultiAvailTests\SearchByActivityCodeTest.cs:line 1533
</StackTrace>
        </ErrorInfo>
      </Output>
    </UnitTestResult>
    <UnitTestResult executionId="ae65c077-734c-493c-8ae4-9be9703edc0a" testId="279f3b7b-21d2-c777-588c-d924a1a32684" testName="PerPersonTest1" computerName="PHOENIXX" duration="00:00:00.3000376" startTime="2013-08-09T22:00:24.5608827+05:30" endTime="2013-08-09T22:00:24.8609127+05:30" testType="13cdc9d9-ddb5-4fa4-a97d-d965ccfc6d4b" outcome="Failed" testListId="8c84fa94-04c1-424b-9868-57a2d4851a1d" relativeResultsDirectory="ae65c077-734c-493c-8ae4-9be9703edc0a">
      <Output>
        <ErrorInfo>
          <Message>Test method Tavisca.Catapult.External.Facade.Tests.ActivityMultiAvailTests.SearchByActivityCodeTest.PerPersonTest1 threw exception: 
System.Transactions.TransactionManagerCommunicationException: Network access for Distributed Transaction Manager (MSDTC) has been disabled. Please enable DTC for network access in the security configuration for MSDTC using the Component Services Administrative tool. ---&gt; System.Runtime.InteropServices.COMException: The transaction manager has disabled its support for remote/network transactions. (Exception from HRESULT: 0x8004D024)</Message>
          <StackTrace>    at System.Transactions.Oletx.IDtcProxyShimFactory.ReceiveTransaction(UInt32 propgationTokenSize, Byte[] propgationToken, IntPtr managedIdentifier, Guid&amp; transactionIdentifier, OletxTransactionIsolationLevel&amp; isolationLevel, ITransactionShim&amp; transactionShim)
   at System.Transactions.TransactionInterop.GetOletxTransactionFromTransmitterPropigationToken(Byte[] propagationToken)
 --- End of inner exception stack trace ---
    at System.Transactions.Oletx.OletxTransactionManager.ProxyException(COMException comException)
   at System.Transactions.TransactionInterop.GetOletxTransactionFromTransmitterPropigationToken(Byte[] propagationToken)
   at System.Transactions.TransactionStatePSPEOperation.PSPEPromote(InternalTransaction tx)
   at System.Transactions.TransactionStateDelegatedBase.EnterState(InternalTransaction tx)
   at System.Transactions.EnlistableStates.Promote(InternalTransaction tx)
   at System.Transactions.Transaction.Promote()
   at System.Transactions.TransactionInterop.ConvertToOletxTransaction(Transaction transaction)
   at System.Transactions.TransactionInterop.GetExportCookie(Transaction transaction, Byte[] whereabouts)
   at System.Data.SqlClient.SqlInternalConnection.GetTransactionCookie(Transaction transaction, Byte[] whereAbouts)
   at System.Data.SqlClient.SqlInternalConnection.EnlistNonNull(Transaction tx)
   at System.Data.SqlClient.SqlInternalConnection.Enlist(Transaction tx)
   at System.Data.SqlClient.SqlInternalConnectionTds.Activate(Transaction transaction)
   at System.Data.ProviderBase.DbConnectionInternal.ActivateConnection(Transaction transaction)
   at System.Data.ProviderBase.DbConnectionPool.TryGetConnection(DbConnection owningObject, UInt32 waitForMultipleObjectsTimeout, Boolean allowCreate, Boolean onlyOneCheckConnection, DbConnectionOptions userOptions, DbConnectionInternal&amp; connection)
   at System.Data.ProviderBase.DbConnectionPool.TryGetConnection(DbConnection owningObject, TaskCompletionSource`1 retry, DbConnectionOptions userOptions, DbConnectionInternal&amp; connection)
   at System.Data.ProviderBase.DbConnectionFactory.TryGetConnection(DbConnection owningConnection, TaskCompletionSource`1 retry, DbConnectionOptions userOptions, DbConnectionInternal&amp; connection)
   at System.Data.ProviderBase.DbConnectionClosed.TryOpenConnection(DbConnection outerConnection, DbConnectionFactory connectionFactory, TaskCompletionSource`1 retry, DbConnectionOptions userOptions)
   at System.Data.SqlClient.SqlConnection.TryOpen(TaskCompletionSource`1 retry)
   at System.Data.SqlClient.SqlConnection.Open()
   at System.Data.Linq.SqlClient.SqlConnectionManager.UseConnection(IConnectionUser user)
   at System.Data.Linq.SqlClient.SqlProvider.get_IsSqlCe()
   at System.Data.Linq.SqlClient.SqlProvider.InitializeProviderMode()
   at System.Data.Linq.SqlClient.SqlProvider.System.Data.Linq.Provider.IProvider.Execute(Expression query)
   at System.Data.Linq.DataContext.ExecuteMethodCall(Object instance, MethodInfo methodInfo, Object[] parameters)
   at Tavisca.Catapult.Internal.ResourceAccess.DataProviders.Rate.LINQ.RateDataContext.spSaveRateCard(Nullable`1 id, Nullable`1 productId, String productType, String scope, Nullable`1 isEnabled, Nullable`1 isDeleted) in d:\Code\TOM\Catapult\Code\trunk\CatapultServices\Tavisca.Catapult.Internal.ResourceAccess.DataProviders\Rate\LINQ\Rate.designer.cs:line 265
   at Tavisca.Catapult.Internal.ResourceAccess.DataProviders.Rate.RateProvider.SaveRateCard(String scopeId, RateCard rateCard) in d:\Code\TOM\Catapult\Code\trunk\CatapultServices\Tavisca.Catapult.Internal.ResourceAccess.DataProviders\Rate\RateProvider.cs:line 649
   at Tavisca.Catapult.External.Facade.Tests.TestActivityGenerator.SaveRateCard(RateCard rateCard) in d:\Code\TOM\Catapult\Code\trunk\CatapultServices\Tavisca.Catapult.External.Facade.Tests\TestActivityGenerator.cs:line 352
   at Tavisca.Catapult.External.Facade.Tests.ActivityMultiAvailTests.SearchByActivityCodeTest.PerPersonTest1() in d:\Code\TOM\Catapult\Code\trunk\CatapultServices\Tavisca.Catapult.External.Facade.Tests\ActivityMultiAvailTests\SearchByActivityCodeTest.cs:line 1579
</StackTrace>
        </ErrorInfo>
      </Output>
    </UnitTestResult>
    <UnitTestResult executionId="b946fb04-01a6-45ef-90a1-463e08bc0656" testId="ad3c80ca-1baf-04df-607d-c55a06492a0c" testName="PerPersonTest2" computerName="PHOENIXX" duration="00:00:00.3069697" startTime="2013-08-09T22:00:24.8609127+05:30" endTime="2013-08-09T22:00:25.1679434+05:30" testType="13cdc9d9-ddb5-4fa4-a97d-d965ccfc6d4b" outcome="Failed" testListId="8c84fa94-04c1-424b-9868-57a2d4851a1d" relativeResultsDirectory="b946fb04-01a6-45ef-90a1-463e08bc0656">
      <Output>
        <ErrorInfo>
          <Message>Test method Tavisca.Catapult.External.Facade.Tests.ActivityMultiAvailTests.SearchByActivityCodeTest.PerPersonTest2 threw exception: 
System.Transactions.TransactionManagerCommunicationException: Network access for Distributed Transaction Manager (MSDTC) has been disabled. Please enable DTC for network access in the security configuration for MSDTC using the Component Services Administrative tool. ---&gt; System.Runtime.InteropServices.COMException: The transaction manager has disabled its support for remote/network transactions. (Exception from HRESULT: 0x8004D024)</Message>
          <StackTrace>    at System.Transactions.Oletx.IDtcProxyShimFactory.ReceiveTransaction(UInt32 propgationTokenSize, Byte[] propgationToken, IntPtr managedIdentifier, Guid&amp; transactionIdentifier, OletxTransactionIsolationLevel&amp; isolationLevel, ITransactionShim&amp; transactionShim)
   at System.Transactions.TransactionInterop.GetOletxTransactionFromTransmitterPropigationToken(Byte[] propagationToken)
 --- End of inner exception stack trace ---
    at System.Transactions.Oletx.OletxTransactionManager.ProxyException(COMException comException)
   at System.Transactions.TransactionInterop.GetOletxTransactionFromTransmitterPropigationToken(Byte[] propagationToken)
   at System.Transactions.TransactionStatePSPEOperation.PSPEPromote(InternalTransaction tx)
   at System.Transactions.TransactionStateDelegatedBase.EnterState(InternalTransaction tx)
   at System.Transactions.EnlistableStates.Promote(InternalTransaction tx)
   at System.Transactions.Transaction.Promote()
   at System.Transactions.TransactionInterop.ConvertToOletxTransaction(Transaction transaction)
   at System.Transactions.TransactionInterop.GetExportCookie(Transaction transaction, Byte[] whereabouts)
   at System.Data.SqlClient.SqlInternalConnection.GetTransactionCookie(Transaction transaction, Byte[] whereAbouts)
   at System.Data.SqlClient.SqlInternalConnection.EnlistNonNull(Transaction tx)
   at System.Data.SqlClient.SqlInternalConnection.Enlist(Transaction tx)
   at System.Data.SqlClient.SqlInternalConnectionTds.Activate(Transaction transaction)
   at System.Data.ProviderBase.DbConnectionInternal.ActivateConnection(Transaction transaction)
   at System.Data.ProviderBase.DbConnectionPool.TryGetConnection(DbConnection owningObject, UInt32 waitForMultipleObjectsTimeout, Boolean allowCreate, Boolean onlyOneCheckConnection, DbConnectionOptions userOptions, DbConnectionInternal&amp; connection)
   at System.Data.ProviderBase.DbConnectionPool.TryGetConnection(DbConnection owningObject, TaskCompletionSource`1 retry, DbConnectionOptions userOptions, DbConnectionInternal&amp; connection)
   at System.Data.ProviderBase.DbConnectionFactory.TryGetConnection(DbConnection owningConnection, TaskCompletionSource`1 retry, DbConnectionOptions userOptions, DbConnectionInternal&amp; connection)
   at System.Data.ProviderBase.DbConnectionClosed.TryOpenConnection(DbConnection outerConnection, DbConnectionFactory connectionFactory, TaskCompletionSource`1 retry, DbConnectionOptions userOptions)
   at System.Data.SqlClient.SqlConnection.TryOpen(TaskCompletionSource`1 retry)
   at System.Data.SqlClient.SqlConnection.Open()
   at System.Data.Linq.SqlClient.SqlConnectionManager.UseConnection(IConnectionUser user)
   at System.Data.Linq.SqlClient.SqlProvider.get_IsSqlCe()
   at System.Data.Linq.SqlClient.SqlProvider.InitializeProviderMode()
   at System.Data.Linq.SqlClient.SqlProvider.System.Data.Linq.Provider.IProvider.Execute(Expression query)
   at System.Data.Linq.DataContext.ExecuteMethodCall(Object instance, MethodInfo methodInfo, Object[] parameters)
   at Tavisca.Catapult.Internal.ResourceAccess.DataProviders.Rate.LINQ.RateDataContext.spSaveRateCard(Nullable`1 id, Nullable`1 productId, String productType, String scope, Nullable`1 isEnabled, Nullable`1 isDeleted) in d:\Code\TOM\Catapult\Code\trunk\CatapultServices\Tavisca.Catapult.Internal.ResourceAccess.DataProviders\Rate\LINQ\Rate.designer.cs:line 265
   at Tavisca.Catapult.Internal.ResourceAccess.DataProviders.Rate.RateProvider.SaveRateCard(String scopeId, RateCard rateCard) in d:\Code\TOM\Catapult\Code\trunk\CatapultServices\Tavisca.Catapult.Internal.ResourceAccess.DataProviders\Rate\RateProvider.cs:line 649
   at Tavisca.Catapult.External.Facade.Tests.TestActivityGenerator.SaveRateCard(RateCard rateCard) in d:\Code\TOM\Catapult\Code\trunk\CatapultServices\Tavisca.Catapult.External.Facade.Tests\TestActivityGenerator.cs:line 352
   at Tavisca.Catapult.External.Facade.Tests.ActivityMultiAvailTests.SearchByActivityCodeTest.PerPersonTest2() in d:\Code\TOM\Catapult\Code\trunk\CatapultServices\Tavisca.Catapult.External.Facade.Tests\ActivityMultiAvailTests\SearchByActivityCodeTest.cs:line 1625
</StackTrace>
        </ErrorInfo>
      </Output>
    </UnitTestResult>
    <UnitTestResult executionId="02ee2d81-20d7-4ff0-9e1c-3cb6796e6f5a" testId="dde81a12-95e2-f1f5-2c5f-76306ab85193" testName="PerPersonTes3" computerName="PHOENIXX" duration="00:00:00.3148461" startTime="2013-08-09T22:00:25.1679434+05:30" endTime="2013-08-09T22:00:25.4829749+05:30" testType="13cdc9d9-ddb5-4fa4-a97d-d965ccfc6d4b" outcome="Failed" testListId="8c84fa94-04c1-424b-9868-57a2d4851a1d" relativeResultsDirectory="02ee2d81-20d7-4ff0-9e1c-3cb6796e6f5a">
      <Output>
        <ErrorInfo>
          <Message>Test method Tavisca.Catapult.External.Facade.Tests.ActivityMultiAvailTests.SearchByActivityCodeTest.PerPersonTes3 threw exception: 
System.Transactions.TransactionManagerCommunicationException: Network access for Distributed Transaction Manager (MSDTC) has been disabled. Please enable DTC for network access in the security configuration for MSDTC using the Component Services Administrative tool. ---&gt; System.Runtime.InteropServices.COMException: The transaction manager has disabled its support for remote/network transactions. (Exception from HRESULT: 0x8004D024)</Message>
          <StackTrace>    at System.Transactions.Oletx.IDtcProxyShimFactory.ReceiveTransaction(UInt32 propgationTokenSize, Byte[] propgationToken, IntPtr managedIdentifier, Guid&amp; transactionIdentifier, OletxTransactionIsolationLevel&amp; isolationLevel, ITransactionShim&amp; transactionShim)
   at System.Transactions.TransactionInterop.GetOletxTransactionFromTransmitterPropigationToken(Byte[] propagationToken)
 --- End of inner exception stack trace ---
    at System.Transactions.Oletx.OletxTransactionManager.ProxyException(COMException comException)
   at System.Transactions.TransactionInterop.GetOletxTransactionFromTransmitterPropigationToken(Byte[] propagationToken)
   at System.Transactions.TransactionStatePSPEOperation.PSPEPromote(InternalTransaction tx)
   at System.Transactions.TransactionStateDelegatedBase.EnterState(InternalTransaction tx)
   at System.Transactions.EnlistableStates.Promote(InternalTransaction tx)
   at System.Transactions.Transaction.Promote()
   at System.Transactions.TransactionInterop.ConvertToOletxTransaction(Transaction transaction)
   at System.Transactions.TransactionInterop.GetExportCookie(Transaction transaction, Byte[] whereabouts)
   at System.Data.SqlClient.SqlInternalConnection.GetTransactionCookie(Transaction transaction, Byte[] whereAbouts)
   at System.Data.SqlClient.SqlInternalConnection.EnlistNonNull(Transaction tx)
   at System.Data.SqlClient.SqlInternalConnection.Enlist(Transaction tx)
   at System.Data.SqlClient.SqlInternalConnectionTds.Activate(Transaction transaction)
   at System.Data.ProviderBase.DbConnectionInternal.ActivateConnection(Transaction transaction)
   at System.Data.ProviderBase.DbConnectionPool.TryGetConnection(DbConnection owningObject, UInt32 waitForMultipleObjectsTimeout, Boolean allowCreate, Boolean onlyOneCheckConnection, DbConnectionOptions userOptions, DbConnectionInternal&amp; connection)
   at System.Data.ProviderBase.DbConnectionPool.TryGetConnection(DbConnection owningObject, TaskCompletionSource`1 retry, DbConnectionOptions userOptions, DbConnectionInternal&amp; connection)
   at System.Data.ProviderBase.DbConnectionFactory.TryGetConnection(DbConnection owningConnection, TaskCompletionSource`1 retry, DbConnectionOptions userOptions, DbConnectionInternal&amp; connection)
   at System.Data.ProviderBase.DbConnectionClosed.TryOpenConnection(DbConnection outerConnection, DbConnectionFactory connectionFactory, TaskCompletionSource`1 retry, DbConnectionOptions userOptions)
   at System.Data.SqlClient.SqlConnection.TryOpen(TaskCompletionSource`1 retry)
   at System.Data.SqlClient.SqlConnection.Open()
   at System.Data.Linq.SqlClient.SqlConnectionManager.UseConnection(IConnectionUser user)
   at System.Data.Linq.SqlClient.SqlProvider.get_IsSqlCe()
   at System.Data.Linq.SqlClient.SqlProvider.InitializeProviderMode()
   at System.Data.Linq.SqlClient.SqlProvider.System.Data.Linq.Provider.IProvider.Execute(Expression query)
   at System.Data.Linq.DataContext.ExecuteMethodCall(Object instance, MethodInfo methodInfo, Object[] parameters)
   at Tavisca.Catapult.Internal.ResourceAccess.DataProviders.Rate.LINQ.RateDataContext.spSaveRateCard(Nullable`1 id, Nullable`1 productId, String productType, String scope, Nullable`1 isEnabled, Nullable`1 isDeleted) in d:\Code\TOM\Catapult\Code\trunk\CatapultServices\Tavisca.Catapult.Internal.ResourceAccess.DataProviders\Rate\LINQ\Rate.designer.cs:line 265
   at Tavisca.Catapult.Internal.ResourceAccess.DataProviders.Rate.RateProvider.SaveRateCard(String scopeId, RateCard rateCard) in d:\Code\TOM\Catapult\Code\trunk\CatapultServices\Tavisca.Catapult.Internal.ResourceAccess.DataProviders\Rate\RateProvider.cs:line 649
   at Tavisca.Catapult.External.Facade.Tests.TestActivityGenerator.SaveRateCard(RateCard rateCard) in d:\Code\TOM\Catapult\Code\trunk\CatapultServices\Tavisca.Catapult.External.Facade.Tests\TestActivityGenerator.cs:line 352
   at Tavisca.Catapult.External.Facade.Tests.ActivityMultiAvailTests.SearchByActivityCodeTest.PerPersonTes3() in d:\Code\TOM\Catapult\Code\trunk\CatapultServices\Tavisca.Catapult.External.Facade.Tests\ActivityMultiAvailTests\SearchByActivityCodeTest.cs:line 1671
</StackTrace>
        </ErrorInfo>
      </Output>
    </UnitTestResult>
    <UnitTestResult executionId="f6da0fd0-15d5-4a31-b970-2eb9d6a23f31" testId="2ed513a4-f592-f7c1-8738-1e7281661e51" testName="TaxesTest1" computerName="PHOENIXX" duration="00:00:00.3648910" startTime="2013-08-09T22:00:25.4829749+05:30" endTime="2013-08-09T22:00:25.8480114+05:30" testType="13cdc9d9-ddb5-4fa4-a97d-d965ccfc6d4b" outcome="Failed" testListId="8c84fa94-04c1-424b-9868-57a2d4851a1d" relativeResultsDirectory="f6da0fd0-15d5-4a31-b970-2eb9d6a23f31">
      <Output>
        <ErrorInfo>
          <Message>Test method Tavisca.Catapult.External.Facade.Tests.ActivityMultiAvailTests.SearchByActivityCodeTest.TaxesTest1 threw exception: 
System.Transactions.TransactionManagerCommunicationException: Network access for Distributed Transaction Manager (MSDTC) has been disabled. Please enable DTC for network access in the security configuration for MSDTC using the Component Services Administrative tool. ---&gt; System.Runtime.InteropServices.COMException: The transaction manager has disabled its support for remote/network transactions. (Exception from HRESULT: 0x8004D024)</Message>
          <StackTrace>    at System.Transactions.Oletx.IDtcProxyShimFactory.ReceiveTransaction(UInt32 propgationTokenSize, Byte[] propgationToken, IntPtr managedIdentifier, Guid&amp; transactionIdentifier, OletxTransactionIsolationLevel&amp; isolationLevel, ITransactionShim&amp; transactionShim)
   at System.Transactions.TransactionInterop.GetOletxTransactionFromTransmitterPropigationToken(Byte[] propagationToken)
 --- End of inner exception stack trace ---
    at System.Transactions.Oletx.OletxTransactionManager.ProxyException(COMException comException)
   at System.Transactions.TransactionInterop.GetOletxTransactionFromTransmitterPropigationToken(Byte[] propagationToken)
   at System.Transactions.TransactionStatePSPEOperation.PSPEPromote(InternalTransaction tx)
   at System.Transactions.TransactionStateDelegatedBase.EnterState(InternalTransaction tx)
   at System.Transactions.EnlistableStates.Promote(InternalTransaction tx)
   at System.Transactions.Transaction.Promote()
   at System.Transactions.TransactionInterop.ConvertToOletxTransaction(Transaction transaction)
   at System.Transactions.TransactionInterop.GetExportCookie(Transaction transaction, Byte[] whereabouts)
   at System.Data.SqlClient.SqlInternalConnection.GetTransactionCookie(Transaction transaction, Byte[] whereAbouts)
   at System.Data.SqlClient.SqlInternalConnection.EnlistNonNull(Transaction tx)
   at System.Data.SqlClient.SqlInternalConnection.Enlist(Transaction tx)
   at System.Data.SqlClient.SqlInternalConnectionTds.Activate(Transaction transaction)
   at System.Data.ProviderBase.DbConnectionInternal.ActivateConnection(Transaction transaction)
   at System.Data.ProviderBase.DbConnectionPool.TryGetConnection(DbConnection owningObject, UInt32 waitForMultipleObjectsTimeout, Boolean allowCreate, Boolean onlyOneCheckConnection, DbConnectionOptions userOptions, DbConnectionInternal&amp; connection)
   at System.Data.ProviderBase.DbConnectionPool.TryGetConnection(DbConnection owningObject, TaskCompletionSource`1 retry, DbConnectionOptions userOptions, DbConnectionInternal&amp; connection)
   at System.Data.ProviderBase.DbConnectionFactory.TryGetConnection(DbConnection owningConnection, TaskCompletionSource`1 retry, DbConnectionOptions userOptions, DbConnectionInternal&amp; connection)
   at System.Data.ProviderBase.DbConnectionClosed.TryOpenConnection(DbConnection outerConnection, DbConnectionFactory connectionFactory, TaskCompletionSource`1 retry, DbConnectionOptions userOptions)
   at System.Data.SqlClient.SqlConnection.TryOpen(TaskCompletionSource`1 retry)
   at System.Data.SqlClient.SqlConnection.Open()
   at System.Data.Linq.SqlClient.SqlConnectionManager.UseConnection(IConnectionUser user)
   at System.Data.Linq.SqlClient.SqlProvider.get_IsSqlCe()
   at System.Data.Linq.SqlClient.SqlProvider.InitializeProviderMode()
   at System.Data.Linq.SqlClient.SqlProvider.System.Data.Linq.Provider.IProvider.Execute(Expression query)
   at System.Data.Linq.DataContext.ExecuteMethodCall(Object instance, MethodInfo methodInfo, Object[] parameters)
   at Tavisca.Catapult.Internal.ResourceAccess.DataProviders.Rate.LINQ.RateDataContext.spSaveRateCard(Nullable`1 id, Nullable`1 productId, String productType, String scope, Nullable`1 isEnabled, Nullable`1 isDeleted) in d:\Code\TOM\Catapult\Code\trunk\CatapultServices\Tavisca.Catapult.Internal.ResourceAccess.DataProviders\Rate\LINQ\Rate.designer.cs:line 265
   at Tavisca.Catapult.Internal.ResourceAccess.DataProviders.Rate.RateProvider.SaveRateCard(String scopeId, RateCard rateCard) in d:\Code\TOM\Catapult\Code\trunk\CatapultServices\Tavisca.Catapult.Internal.ResourceAccess.DataProviders\Rate\RateProvider.cs:line 649
   at Tavisca.Catapult.External.Facade.Tests.TestActivityGenerator.SaveRateCard(RateCard rateCard) in d:\Code\TOM\Catapult\Code\trunk\CatapultServices\Tavisca.Catapult.External.Facade.Tests\TestActivityGenerator.cs:line 352
   at Tavisca.Catapult.External.Facade.Tests.ActivityMultiAvailTests.SearchByActivityCodeTest.TaxesTest1() in d:\Code\TOM\Catapult\Code\trunk\CatapultServices\Tavisca.Catapult.External.Facade.Tests\ActivityMultiAvailTests\SearchByActivityCodeTest.cs:line 1719
</StackTrace>
        </ErrorInfo>
      </Output>
    </UnitTestResult>
    <UnitTestResult executionId="b3d731df-efa1-4b60-87b9-6f5f43c9f387" testId="445ca9c8-0a77-fa0a-5a9d-ebd5e35ae65a" testName="TaxesTest2" computerName="PHOENIXX" duration="00:00:00.3273815" startTime="2013-08-09T22:00:25.8480114+05:30" endTime="2013-08-09T22:00:26.1760442+05:30" testType="13cdc9d9-ddb5-4fa4-a97d-d965ccfc6d4b" outcome="Failed" testListId="8c84fa94-04c1-424b-9868-57a2d4851a1d" relativeResultsDirectory="b3d731df-efa1-4b60-87b9-6f5f43c9f387">
      <Output>
        <ErrorInfo>
          <Message>Test method Tavisca.Catapult.External.Facade.Tests.ActivityMultiAvailTests.SearchByActivityCodeTest.TaxesTest2 threw exception: 
System.Transactions.TransactionManagerCommunicationException: Network access for Distributed Transaction Manager (MSDTC) has been disabled. Please enable DTC for network access in the security configuration for MSDTC using the Component Services Administrative tool. ---&gt; System.Runtime.InteropServices.COMException: The transaction manager has disabled its support for remote/network transactions. (Exception from HRESULT: 0x8004D024)</Message>
          <StackTrace>    at System.Transactions.Oletx.IDtcProxyShimFactory.ReceiveTransaction(UInt32 propgationTokenSize, Byte[] propgationToken, IntPtr managedIdentifier, Guid&amp; transactionIdentifier, OletxTransactionIsolationLevel&amp; isolationLevel, ITransactionShim&amp; transactionShim)
   at System.Transactions.TransactionInterop.GetOletxTransactionFromTransmitterPropigationToken(Byte[] propagationToken)
 --- End of inner exception stack trace ---
    at System.Transactions.Oletx.OletxTransactionManager.ProxyException(COMException comException)
   at System.Transactions.TransactionInterop.GetOletxTransactionFromTransmitterPropigationToken(Byte[] propagationToken)
   at System.Transactions.TransactionStatePSPEOperation.PSPEPromote(InternalTransaction tx)
   at System.Transactions.TransactionStateDelegatedBase.EnterState(InternalTransaction tx)
   at System.Transactions.EnlistableStates.Promote(InternalTransaction tx)
   at System.Transactions.Transaction.Promote()
   at System.Transactions.TransactionInterop.ConvertToOletxTransaction(Transaction transaction)
   at System.Transactions.TransactionInterop.GetExportCookie(Transaction transaction, Byte[] whereabouts)
   at System.Data.SqlClient.SqlInternalConnection.GetTransactionCookie(Transaction transaction, Byte[] whereAbouts)
   at System.Data.SqlClient.SqlInternalConnection.EnlistNonNull(Transaction tx)
   at System.Data.SqlClient.SqlInternalConnection.Enlist(Transaction tx)
   at System.Data.SqlClient.SqlInternalConnectionTds.Activate(Transaction transaction)
   at System.Data.ProviderBase.DbConnectionInternal.ActivateConnection(Transaction transaction)
   at System.Data.ProviderBase.DbConnectionPool.TryGetConnection(DbConnection owningObject, UInt32 waitForMultipleObjectsTimeout, Boolean allowCreate, Boolean onlyOneCheckConnection, DbConnectionOptions userOptions, DbConnectionInternal&amp; connection)
   at System.Data.ProviderBase.DbConnectionPool.TryGetConnection(DbConnection owningObject, TaskCompletionSource`1 retry, DbConnectionOptions userOptions, DbConnectionInternal&amp; connection)
   at System.Data.ProviderBase.DbConnectionFactory.TryGetConnection(DbConnection owningConnection, TaskCompletionSource`1 retry, DbConnectionOptions userOptions, DbConnectionInternal&amp; connection)
   at System.Data.ProviderBase.DbConnectionClosed.TryOpenConnection(DbConnection outerConnection, DbConnectionFactory connectionFactory, TaskCompletionSource`1 retry, DbConnectionOptions userOptions)
   at System.Data.SqlClient.SqlConnection.TryOpen(TaskCompletionSource`1 retry)
   at System.Data.SqlClient.SqlConnection.Open()
   at System.Data.Linq.SqlClient.SqlConnectionManager.UseConnection(IConnectionUser user)
   at System.Data.Linq.SqlClient.SqlProvider.get_IsSqlCe()
   at System.Data.Linq.SqlClient.SqlProvider.InitializeProviderMode()
   at System.Data.Linq.SqlClient.SqlProvider.System.Data.Linq.Provider.IProvider.Execute(Expression query)
   at System.Data.Linq.DataContext.ExecuteMethodCall(Object instance, MethodInfo methodInfo, Object[] parameters)
   at Tavisca.Catapult.Internal.ResourceAccess.DataProviders.Rate.LINQ.RateDataContext.spSaveRateCard(Nullable`1 id, Nullable`1 productId, String productType, String scope, Nullable`1 isEnabled, Nullable`1 isDeleted) in d:\Code\TOM\Catapult\Code\trunk\CatapultServices\Tavisca.Catapult.Internal.ResourceAccess.DataProviders\Rate\LINQ\Rate.designer.cs:line 265
   at Tavisca.Catapult.Internal.ResourceAccess.DataProviders.Rate.RateProvider.SaveRateCard(String scopeId, RateCard rateCard) in d:\Code\TOM\Catapult\Code\trunk\CatapultServices\Tavisca.Catapult.Internal.ResourceAccess.DataProviders\Rate\RateProvider.cs:line 649
   at Tavisca.Catapult.External.Facade.Tests.TestActivityGenerator.SaveRateCard(RateCard rateCard) in d:\Code\TOM\Catapult\Code\trunk\CatapultServices\Tavisca.Catapult.External.Facade.Tests\TestActivityGenerator.cs:line 352
   at Tavisca.Catapult.External.Facade.Tests.ActivityMultiAvailTests.SearchByActivityCodeTest.TaxesTest2() in d:\Code\TOM\Catapult\Code\trunk\CatapultServices\Tavisca.Catapult.External.Facade.Tests\ActivityMultiAvailTests\SearchByActivityCodeTest.cs:line 1775
</StackTrace>
        </ErrorInfo>
      </Output>
    </UnitTestResult>
    <UnitTestResult executionId="a2ae9b6b-5e54-4768-ae3c-b1c66a11c6b4" testId="413b0e09-404d-f4b3-9852-ffb70e693f2e" testName="TaxesTest3" computerName="PHOENIXX" duration="00:00:00.3259688" startTime="2013-08-09T22:00:26.1760442+05:30" endTime="2013-08-09T22:00:26.5020768+05:30" testType="13cdc9d9-ddb5-4fa4-a97d-d965ccfc6d4b" outcome="Failed" testListId="8c84fa94-04c1-424b-9868-57a2d4851a1d" relativeResultsDirectory="a2ae9b6b-5e54-4768-ae3c-b1c66a11c6b4">
      <Output>
        <ErrorInfo>
          <Message>Test method Tavisca.Catapult.External.Facade.Tests.ActivityMultiAvailTests.SearchByActivityCodeTest.TaxesTest3 threw exception: 
System.Transactions.TransactionManagerCommunicationException: Network access for Distributed Transaction Manager (MSDTC) has been disabled. Please enable DTC for network access in the security configuration for MSDTC using the Component Services Administrative tool. ---&gt; System.Runtime.InteropServices.COMException: The transaction manager has disabled its support for remote/network transactions. (Exception from HRESULT: 0x8004D024)</Message>
          <StackTrace>    at System.Transactions.Oletx.IDtcProxyShimFactory.ReceiveTransaction(UInt32 propgationTokenSize, Byte[] propgationToken, IntPtr managedIdentifier, Guid&amp; transactionIdentifier, OletxTransactionIsolationLevel&amp; isolationLevel, ITransactionShim&amp; transactionShim)
   at System.Transactions.TransactionInterop.GetOletxTransactionFromTransmitterPropigationToken(Byte[] propagationToken)
 --- End of inner exception stack trace ---
    at System.Transactions.Oletx.OletxTransactionManager.ProxyException(COMException comException)
   at System.Transactions.TransactionInterop.GetOletxTransactionFromTransmitterPropigationToken(Byte[] propagationToken)
   at System.Transactions.TransactionStatePSPEOperation.PSPEPromote(InternalTransaction tx)
   at System.Transactions.TransactionStateDelegatedBase.EnterState(InternalTransaction tx)
   at System.Transactions.EnlistableStates.Promote(InternalTransaction tx)
   at System.Transactions.Transaction.Promote()
   at System.Transactions.TransactionInterop.ConvertToOletxTransaction(Transaction transaction)
   at System.Transactions.TransactionInterop.GetExportCookie(Transaction transaction, Byte[] whereabouts)
   at System.Data.SqlClient.SqlInternalConnection.GetTransactionCookie(Transaction transaction, Byte[] whereAbouts)
   at System.Data.SqlClient.SqlInternalConnection.EnlistNonNull(Transaction tx)
   at System.Data.SqlClient.SqlInternalConnection.Enlist(Transaction tx)
   at System.Data.SqlClient.SqlInternalConnectionTds.Activate(Transaction transaction)
   at System.Data.ProviderBase.DbConnectionInternal.ActivateConnection(Transaction transaction)
   at System.Data.ProviderBase.DbConnectionPool.TryGetConnection(DbConnection owningObject, UInt32 waitForMultipleObjectsTimeout, Boolean allowCreate, Boolean onlyOneCheckConnection, DbConnectionOptions userOptions, DbConnectionInternal&amp; connection)
   at System.Data.ProviderBase.DbConnectionPool.TryGetConnection(DbConnection owningObject, TaskCompletionSource`1 retry, DbConnectionOptions userOptions, DbConnectionInternal&amp; connection)
   at System.Data.ProviderBase.DbConnectionFactory.TryGetConnection(DbConnection owningConnection, TaskCompletionSource`1 retry, DbConnectionOptions userOptions, DbConnectionInternal&amp; connection)
   at System.Data.ProviderBase.DbConnectionClosed.TryOpenConnection(DbConnection outerConnection, DbConnectionFactory connectionFactory, TaskCompletionSource`1 retry, DbConnectionOptions userOptions)
   at System.Data.SqlClient.SqlConnection.TryOpen(TaskCompletionSource`1 retry)
   at System.Data.SqlClient.SqlConnection.Open()
   at System.Data.Linq.SqlClient.SqlConnectionManager.UseConnection(IConnectionUser user)
   at System.Data.Linq.SqlClient.SqlProvider.get_IsSqlCe()
   at System.Data.Linq.SqlClient.SqlProvider.InitializeProviderMode()
   at System.Data.Linq.SqlClient.SqlProvider.System.Data.Linq.Provider.IProvider.Execute(Expression query)
   at System.Data.Linq.DataContext.ExecuteMethodCall(Object instance, MethodInfo methodInfo, Object[] parameters)
   at Tavisca.Catapult.Internal.ResourceAccess.DataProviders.Rate.LINQ.RateDataContext.spSaveRateCard(Nullable`1 id, Nullable`1 productId, String productType, String scope, Nullable`1 isEnabled, Nullable`1 isDeleted) in d:\Code\TOM\Catapult\Code\trunk\CatapultServices\Tavisca.Catapult.Internal.ResourceAccess.DataProviders\Rate\LINQ\Rate.designer.cs:line 265
   at Tavisca.Catapult.Internal.ResourceAccess.DataProviders.Rate.RateProvider.SaveRateCard(String scopeId, RateCard rateCard) in d:\Code\TOM\Catapult\Code\trunk\CatapultServices\Tavisca.Catapult.Internal.ResourceAccess.DataProviders\Rate\RateProvider.cs:line 649
   at Tavisca.Catapult.External.Facade.Tests.TestActivityGenerator.SaveRateCard(RateCard rateCard) in d:\Code\TOM\Catapult\Code\trunk\CatapultServices\Tavisca.Catapult.External.Facade.Tests\TestActivityGenerator.cs:line 352
   at Tavisca.Catapult.External.Facade.Tests.ActivityMultiAvailTests.SearchByActivityCodeTest.TaxesTest3() in d:\Code\TOM\Catapult\Code\trunk\CatapultServices\Tavisca.Catapult.External.Facade.Tests\ActivityMultiAvailTests\SearchByActivityCodeTest.cs:line 1820
</StackTrace>
        </ErrorInfo>
      </Output>
    </UnitTestResult>
    <UnitTestResult executionId="4d455943-ae37-4770-aef2-14a179313e4c" testId="7acf3f4e-118b-129e-fd06-f004b2d81549" testName="PenaltiesTest1" computerName="PHOENIXX" duration="00:00:00.7169925" startTime="2013-08-09T22:00:26.5020768+05:30" endTime="2013-08-09T22:00:27.2191485+05:30" testType="13cdc9d9-ddb5-4fa4-a97d-d965ccfc6d4b" outcome="Failed" testListId="8c84fa94-04c1-424b-9868-57a2d4851a1d" relativeResultsDirectory="4d455943-ae37-4770-aef2-14a179313e4c">
      <Output>
        <ErrorInfo>
          <Message>Test method Tavisca.Catapult.External.Facade.Tests.ActivityMultiAvailTests.SearchByActivityCodeTest.PenaltiesTest1 threw exception: 
System.Transactions.TransactionManagerCommunicationException: Network access for Distributed Transaction Manager (MSDTC) has been disabled. Please enable DTC for network access in the security configuration for MSDTC using the Component Services Administrative tool. ---&gt; System.Runtime.InteropServices.COMException: The transaction manager has disabled its support for remote/network transactions. (Exception from HRESULT: 0x8004D024)</Message>
          <StackTrace>    at System.Transactions.Oletx.IDtcProxyShimFactory.ReceiveTransaction(UInt32 propgationTokenSize, Byte[] propgationToken, IntPtr managedIdentifier, Guid&amp; transactionIdentifier, OletxTransactionIsolationLevel&amp; isolationLevel, ITransactionShim&amp; transactionShim)
   at System.Transactions.TransactionInterop.GetOletxTransactionFromTransmitterPropigationToken(Byte[] propagationToken)
 --- End of inner exception stack trace ---
    at System.Transactions.Oletx.OletxTransactionManager.ProxyException(COMException comException)
   at System.Transactions.TransactionInterop.GetOletxTransactionFromTransmitterPropigationToken(Byte[] propagationToken)
   at System.Transactions.TransactionStatePSPEOperation.PSPEPromote(InternalTransaction tx)
   at System.Transactions.TransactionStateDelegatedBase.EnterState(InternalTransaction tx)
   at System.Transactions.EnlistableStates.Promote(InternalTransaction tx)
   at System.Transactions.Transaction.Promote()
   at System.Transactions.TransactionInterop.ConvertToOletxTransaction(Transaction transaction)
   at System.Transactions.TransactionInterop.GetExportCookie(Transaction transaction, Byte[] whereabouts)
   at System.Data.SqlClient.SqlInternalConnection.GetTransactionCookie(Transaction transaction, Byte[] whereAbouts)
   at System.Data.SqlClient.SqlInternalConnection.EnlistNonNull(Transaction tx)
   at System.Data.SqlClient.SqlInternalConnection.Enlist(Transaction tx)
   at System.Data.SqlClient.SqlInternalConnectionTds.Activate(Transaction transaction)
   at System.Data.ProviderBase.DbConnectionInternal.ActivateConnection(Transaction transaction)
   at System.Data.ProviderBase.DbConnectionPool.TryGetConnection(DbConnection owningObject, UInt32 waitForMultipleObjectsTimeout, Boolean allowCreate, Boolean onlyOneCheckConnection, DbConnectionOptions userOptions, DbConnectionInternal&amp; connection)
   at System.Data.ProviderBase.DbConnectionPool.TryGetConnection(DbConnection owningObject, TaskCompletionSource`1 retry, DbConnectionOptions userOptions, DbConnectionInternal&amp; connection)
   at System.Data.ProviderBase.DbConnectionFactory.TryGetConnection(DbConnection owningConnection, TaskCompletionSource`1 retry, DbConnectionOptions userOptions, DbConnectionInternal&amp; connection)
   at System.Data.ProviderBase.DbConnectionClosed.TryOpenConnection(DbConnection outerConnection, DbConnectionFactory connectionFactory, TaskCompletionSource`1 retry, DbConnectionOptions userOptions)
   at System.Data.SqlClient.SqlConnection.TryOpen(TaskCompletionSource`1 retry)
   at System.Data.SqlClient.SqlConnection.Open()
   at System.Data.Linq.SqlClient.SqlConnectionManager.UseConnection(IConnectionUser user)
   at System.Data.Linq.SqlClient.SqlProvider.get_IsSqlCe()
   at System.Data.Linq.SqlClient.SqlProvider.InitializeProviderMode()
   at System.Data.Linq.SqlClient.SqlProvider.System.Data.Linq.Provider.IProvider.Execute(Expression query)
   at System.Data.Linq.DataContext.ExecuteMethodCall(Object instance, MethodInfo methodInfo, Object[] parameters)
   at Tavisca.Catapult.Internal.ResourceAccess.DataProviders.Rate.LINQ.RateDataContext.spSaveRateCard(Nullable`1 id, Nullable`1 productId, String productType, String scope, Nullable`1 isEnabled, Nullable`1 isDeleted) in d:\Code\TOM\Catapult\Code\trunk\CatapultServices\Tavisca.Catapult.Internal.ResourceAccess.DataProviders\Rate\LINQ\Rate.designer.cs:line 265
   at Tavisca.Catapult.Internal.ResourceAccess.DataProviders.Rate.RateProvider.SaveRateCard(String scopeId, RateCard rateCard) in d:\Code\TOM\Catapult\Code\trunk\CatapultServices\Tavisca.Catapult.Internal.ResourceAccess.DataProviders\Rate\RateProvider.cs:line 649
   at Tavisca.Catapult.External.Facade.Tests.TestActivityGenerator.SaveRateCard(RateCard rateCard) in d:\Code\TOM\Catapult\Code\trunk\CatapultServices\Tavisca.Catapult.External.Facade.Tests\TestActivityGenerator.cs:line 352
   at Tavisca.Catapult.External.Facade.Tests.ActivityMultiAvailTests.SearchByActivityCodeTest.PenaltiesTest1() in d:\Code\TOM\Catapult\Code\trunk\CatapultServices\Tavisca.Catapult.External.Facade.Tests\ActivityMultiAvailTests\SearchByActivityCodeTest.cs:line 1871
</StackTrace>
        </ErrorInfo>
      </Output>
    </UnitTestResult>
    <UnitTestResult executionId="5b8dac6b-2c89-4f0a-9d76-4b8bf38cff52" testId="a798aecc-06d9-d4d8-070d-4373b4759dea" testName="PenaltiesTest2" computerName="PHOENIXX" duration="00:00:00.2976151" startTime="2013-08-09T22:00:27.2191485+05:30" endTime="2013-08-09T22:00:27.5171783+05:30" testType="13cdc9d9-ddb5-4fa4-a97d-d965ccfc6d4b" outcome="Failed" testListId="8c84fa94-04c1-424b-9868-57a2d4851a1d" relativeResultsDirectory="5b8dac6b-2c89-4f0a-9d76-4b8bf38cff52">
      <Output>
        <ErrorInfo>
          <Message>Test method Tavisca.Catapult.External.Facade.Tests.ActivityMultiAvailTests.SearchByActivityCodeTest.PenaltiesTest2 threw exception: 
System.Transactions.TransactionManagerCommunicationException: Network access for Distributed Transaction Manager (MSDTC) has been disabled. Please enable DTC for network access in the security configuration for MSDTC using the Component Services Administrative tool. ---&gt; System.Runtime.InteropServices.COMException: The transaction manager has disabled its support for remote/network transactions. (Exception from HRESULT: 0x8004D024)</Message>
          <StackTrace>    at System.Transactions.Oletx.IDtcProxyShimFactory.ReceiveTransaction(UInt32 propgationTokenSize, Byte[] propgationToken, IntPtr managedIdentifier, Guid&amp; transactionIdentifier, OletxTransactionIsolationLevel&amp; isolationLevel, ITransactionShim&amp; transactionShim)
   at System.Transactions.TransactionInterop.GetOletxTransactionFromTransmitterPropigationToken(Byte[] propagationToken)
 --- End of inner exception stack trace ---
    at System.Transactions.Oletx.OletxTransactionManager.ProxyException(COMException comException)
   at System.Transactions.TransactionInterop.GetOletxTransactionFromTransmitterPropigationToken(Byte[] propagationToken)
   at System.Transactions.TransactionStatePSPEOperation.PSPEPromote(InternalTransaction tx)
   at System.Transactions.TransactionStateDelegatedBase.EnterState(InternalTransaction tx)
   at System.Transactions.EnlistableStates.Promote(InternalTransaction tx)
   at System.Transactions.Transaction.Promote()
   at System.Transactions.TransactionInterop.ConvertToOletxTransaction(Transaction transaction)
   at System.Transactions.TransactionInterop.GetExportCookie(Transaction transaction, Byte[] whereabouts)
   at System.Data.SqlClient.SqlInternalConnection.GetTransactionCookie(Transaction transaction, Byte[] whereAbouts)
   at System.Data.SqlClient.SqlInternalConnection.EnlistNonNull(Transaction tx)
   at System.Data.SqlClient.SqlInternalConnection.Enlist(Transaction tx)
   at System.Data.SqlClient.SqlInternalConnectionTds.Activate(Transaction transaction)
   at System.Data.ProviderBase.DbConnectionInternal.ActivateConnection(Transaction transaction)
   at System.Data.ProviderBase.DbConnectionPool.TryGetConnection(DbConnection owningObject, UInt32 waitForMultipleObjectsTimeout, Boolean allowCreate, Boolean onlyOneCheckConnection, DbConnectionOptions userOptions, DbConnectionInternal&amp; connection)
   at System.Data.ProviderBase.DbConnectionPool.TryGetConnection(DbConnection owningObject, TaskCompletionSource`1 retry, DbConnectionOptions userOptions, DbConnectionInternal&amp; connection)
   at System.Data.ProviderBase.DbConnectionFactory.TryGetConnection(DbConnection owningConnection, TaskCompletionSource`1 retry, DbConnectionOptions userOptions, DbConnectionInternal&amp; connection)
   at System.Data.ProviderBase.DbConnectionClosed.TryOpenConnection(DbConnection outerConnection, DbConnectionFactory connectionFactory, TaskCompletionSource`1 retry, DbConnectionOptions userOptions)
   at System.Data.SqlClient.SqlConnection.TryOpen(TaskCompletionSource`1 retry)
   at System.Data.SqlClient.SqlConnection.Open()
   at System.Data.Linq.SqlClient.SqlConnectionManager.UseConnection(IConnectionUser user)
   at System.Data.Linq.SqlClient.SqlProvider.get_IsSqlCe()
   at System.Data.Linq.SqlClient.SqlProvider.InitializeProviderMode()
   at System.Data.Linq.SqlClient.SqlProvider.System.Data.Linq.Provider.IProvider.Execute(Expression query)
   at System.Data.Linq.DataContext.ExecuteMethodCall(Object instance, MethodInfo methodInfo, Object[] parameters)
   at Tavisca.Catapult.Internal.ResourceAccess.DataProviders.Rate.LINQ.RateDataContext.spSaveRateCard(Nullable`1 id, Nullable`1 productId, String productType, String scope, Nullable`1 isEnabled, Nullable`1 isDeleted) in d:\Code\TOM\Catapult\Code\trunk\CatapultServices\Tavisca.Catapult.Internal.ResourceAccess.DataProviders\Rate\LINQ\Rate.designer.cs:line 265
   at Tavisca.Catapult.Internal.ResourceAccess.DataProviders.Rate.RateProvider.SaveRateCard(String scopeId, RateCard rateCard) in d:\Code\TOM\Catapult\Code\trunk\CatapultServices\Tavisca.Catapult.Internal.ResourceAccess.DataProviders\Rate\RateProvider.cs:line 649
   at Tavisca.Catapult.External.Facade.Tests.TestActivityGenerator.SaveRateCard(RateCard rateCard) in d:\Code\TOM\Catapult\Code\trunk\CatapultServices\Tavisca.Catapult.External.Facade.Tests\TestActivityGenerator.cs:line 352
   at Tavisca.Catapult.External.Facade.Tests.ActivityMultiAvailTests.SearchByActivityCodeTest.PenaltiesTest2() in d:\Code\TOM\Catapult\Code\trunk\CatapultServices\Tavisca.Catapult.External.Facade.Tests\ActivityMultiAvailTests\SearchByActivityCodeTest.cs:line 1930
</StackTrace>
        </ErrorInfo>
      </Output>
    </UnitTestResult>
    <UnitTestResult executionId="103c2bc2-dc48-431c-96a7-e137ecb0706d" testId="b34b964f-53ce-0b60-e974-2aa9cbeef99f" testName="PenaltiesTest3" computerName="PHOENIXX" duration="00:00:00.2921022" startTime="2013-08-09T22:00:27.5171783+05:30" endTime="2013-08-09T22:00:27.8092075+05:30" testType="13cdc9d9-ddb5-4fa4-a97d-d965ccfc6d4b" outcome="Failed" testListId="8c84fa94-04c1-424b-9868-57a2d4851a1d" relativeResultsDirectory="103c2bc2-dc48-431c-96a7-e137ecb0706d">
      <Output>
        <ErrorInfo>
          <Message>Test method Tavisca.Catapult.External.Facade.Tests.ActivityMultiAvailTests.SearchByActivityCodeTest.PenaltiesTest3 threw exception: 
System.Transactions.TransactionManagerCommunicationException: Network access for Distributed Transaction Manager (MSDTC) has been disabled. Please enable DTC for network access in the security configuration for MSDTC using the Component Services Administrative tool. ---&gt; System.Runtime.InteropServices.COMException: The transaction manager has disabled its support for remote/network transactions. (Exception from HRESULT: 0x8004D024)</Message>
          <StackTrace>    at System.Transactions.Oletx.IDtcProxyShimFactory.ReceiveTransaction(UInt32 propgationTokenSize, Byte[] propgationToken, IntPtr managedIdentifier, Guid&amp; transactionIdentifier, OletxTransactionIsolationLevel&amp; isolationLevel, ITransactionShim&amp; transactionShim)
   at System.Transactions.TransactionInterop.GetOletxTransactionFromTransmitterPropigationToken(Byte[] propagationToken)
 --- End of inner exception stack trace ---
    at System.Transactions.Oletx.OletxTransactionManager.ProxyException(COMException comException)
   at System.Transactions.TransactionInterop.GetOletxTransactionFromTransmitterPropigationToken(Byte[] propagationToken)
   at System.Transactions.TransactionStatePSPEOperation.PSPEPromote(InternalTransaction tx)
   at System.Transactions.TransactionStateDelegatedBase.EnterState(InternalTransaction tx)
   at System.Transactions.EnlistableStates.Promote(InternalTransaction tx)
   at System.Transactions.Transaction.Promote()
   at System.Transactions.TransactionInterop.ConvertToOletxTransaction(Transaction transaction)
   at System.Transactions.TransactionInterop.GetExportCookie(Transaction transaction, Byte[] whereabouts)
   at System.Data.SqlClient.SqlInternalConnection.GetTransactionCookie(Transaction transaction, Byte[] whereAbouts)
   at System.Data.SqlClient.SqlInternalConnection.EnlistNonNull(Transaction tx)
   at System.Data.SqlClient.SqlInternalConnection.Enlist(Transaction tx)
   at System.Data.SqlClient.SqlInternalConnectionTds.Activate(Transaction transaction)
   at System.Data.ProviderBase.DbConnectionInternal.ActivateConnection(Transaction transaction)
   at System.Data.ProviderBase.DbConnectionPool.TryGetConnection(DbConnection owningObject, UInt32 waitForMultipleObjectsTimeout, Boolean allowCreate, Boolean onlyOneCheckConnection, DbConnectionOptions userOptions, DbConnectionInternal&amp; connection)
   at System.Data.ProviderBase.DbConnectionPool.TryGetConnection(DbConnection owningObject, TaskCompletionSource`1 retry, DbConnectionOptions userOptions, DbConnectionInternal&amp; connection)
   at System.Data.ProviderBase.DbConnectionFactory.TryGetConnection(DbConnection owningConnection, TaskCompletionSource`1 retry, DbConnectionOptions userOptions, DbConnectionInternal&amp; connection)
   at System.Data.ProviderBase.DbConnectionClosed.TryOpenConnection(DbConnection outerConnection, DbConnectionFactory connectionFactory, TaskCompletionSource`1 retry, DbConnectionOptions userOptions)
   at System.Data.SqlClient.SqlConnection.TryOpen(TaskCompletionSource`1 retry)
   at System.Data.SqlClient.SqlConnection.Open()
   at System.Data.Linq.SqlClient.SqlConnectionManager.UseConnection(IConnectionUser user)
   at System.Data.Linq.SqlClient.SqlProvider.get_IsSqlCe()
   at System.Data.Linq.SqlClient.SqlProvider.InitializeProviderMode()
   at System.Data.Linq.SqlClient.SqlProvider.System.Data.Linq.Provider.IProvider.Execute(Expression query)
   at System.Data.Linq.DataContext.ExecuteMethodCall(Object instance, MethodInfo methodInfo, Object[] parameters)
   at Tavisca.Catapult.Internal.ResourceAccess.DataProviders.Rate.LINQ.RateDataContext.spSaveRateCard(Nullable`1 id, Nullable`1 productId, String productType, String scope, Nullable`1 isEnabled, Nullable`1 isDeleted) in d:\Code\TOM\Catapult\Code\trunk\CatapultServices\Tavisca.Catapult.Internal.ResourceAccess.DataProviders\Rate\LINQ\Rate.designer.cs:line 265
   at Tavisca.Catapult.Internal.ResourceAccess.DataProviders.Rate.RateProvider.SaveRateCard(String scopeId, RateCard rateCard) in d:\Code\TOM\Catapult\Code\trunk\CatapultServices\Tavisca.Catapult.Internal.ResourceAccess.DataProviders\Rate\RateProvider.cs:line 649
   at Tavisca.Catapult.External.Facade.Tests.TestActivityGenerator.SaveRateCard(RateCard rateCard) in d:\Code\TOM\Catapult\Code\trunk\CatapultServices\Tavisca.Catapult.External.Facade.Tests\TestActivityGenerator.cs:line 352
   at Tavisca.Catapult.External.Facade.Tests.ActivityMultiAvailTests.SearchByActivityCodeTest.PenaltiesTest3() in d:\Code\TOM\Catapult\Code\trunk\CatapultServices\Tavisca.Catapult.External.Facade.Tests\ActivityMultiAvailTests\SearchByActivityCodeTest.cs:line 1975
</StackTrace>
        </ErrorInfo>
      </Output>
    </UnitTestResult>
    <UnitTestResult executionId="6505caee-6acf-4941-9534-a5ea30bfc493" testId="f08eba4a-fd37-54b2-5fbe-3a41d0adf331" testName="PoliciesTest1" computerName="PHOENIXX" duration="00:00:00.3046248" startTime="2013-08-09T22:00:27.8092075+05:30" endTime="2013-08-09T22:00:28.1142380+05:30" testType="13cdc9d9-ddb5-4fa4-a97d-d965ccfc6d4b" outcome="Failed" testListId="8c84fa94-04c1-424b-9868-57a2d4851a1d" relativeResultsDirectory="6505caee-6acf-4941-9534-a5ea30bfc493">
      <Output>
        <ErrorInfo>
          <Message>Test method Tavisca.Catapult.External.Facade.Tests.ActivityMultiAvailTests.SearchByActivityCodeTest.PoliciesTest1 threw exception: 
System.Transactions.TransactionManagerCommunicationException: Network access for Distributed Transaction Manager (MSDTC) has been disabled. Please enable DTC for network access in the security configuration for MSDTC using the Component Services Administrative tool. ---&gt; System.Runtime.InteropServices.COMException: The transaction manager has disabled its support for remote/network transactions. (Exception from HRESULT: 0x8004D024)</Message>
          <StackTrace>    at System.Transactions.Oletx.IDtcProxyShimFactory.ReceiveTransaction(UInt32 propgationTokenSize, Byte[] propgationToken, IntPtr managedIdentifier, Guid&amp; transactionIdentifier, OletxTransactionIsolationLevel&amp; isolationLevel, ITransactionShim&amp; transactionShim)
   at System.Transactions.TransactionInterop.GetOletxTransactionFromTransmitterPropigationToken(Byte[] propagationToken)
 --- End of inner exception stack trace ---
    at System.Transactions.Oletx.OletxTransactionManager.ProxyException(COMException comException)
   at System.Transactions.TransactionInterop.GetOletxTransactionFromTransmitterPropigationToken(Byte[] propagationToken)
   at System.Transactions.TransactionStatePSPEOperation.PSPEPromote(InternalTransaction tx)
   at System.Transactions.TransactionStateDelegatedBase.EnterState(InternalTransaction tx)
   at System.Transactions.EnlistableStates.Promote(InternalTransaction tx)
   at System.Transactions.Transaction.Promote()
   at System.Transactions.TransactionInterop.ConvertToOletxTransaction(Transaction transaction)
   at System.Transactions.TransactionInterop.GetExportCookie(Transaction transaction, Byte[] whereabouts)
   at System.Data.SqlClient.SqlInternalConnection.GetTransactionCookie(Transaction transaction, Byte[] whereAbouts)
   at System.Data.SqlClient.SqlInternalConnection.EnlistNonNull(Transaction tx)
   at System.Data.SqlClient.SqlInternalConnection.Enlist(Transaction tx)
   at System.Data.SqlClient.SqlInternalConnectionTds.Activate(Transaction transaction)
   at System.Data.ProviderBase.DbConnectionInternal.ActivateConnection(Transaction transaction)
   at System.Data.ProviderBase.DbConnectionPool.TryGetConnection(DbConnection owningObject, UInt32 waitForMultipleObjectsTimeout, Boolean allowCreate, Boolean onlyOneCheckConnection, DbConnectionOptions userOptions, DbConnectionInternal&amp; connection)
   at System.Data.ProviderBase.DbConnectionPool.TryGetConnection(DbConnection owningObject, TaskCompletionSource`1 retry, DbConnectionOptions userOptions, DbConnectionInternal&amp; connection)
   at System.Data.ProviderBase.DbConnectionFactory.TryGetConnection(DbConnection owningConnection, TaskCompletionSource`1 retry, DbConnectionOptions userOptions, DbConnectionInternal&amp; connection)
   at System.Data.ProviderBase.DbConnectionClosed.TryOpenConnection(DbConnection outerConnection, DbConnectionFactory connectionFactory, TaskCompletionSource`1 retry, DbConnectionOptions userOptions)
   at System.Data.SqlClient.SqlConnection.TryOpen(TaskCompletionSource`1 retry)
   at System.Data.SqlClient.SqlConnection.Open()
   at System.Data.Linq.SqlClient.SqlConnectionManager.UseConnection(IConnectionUser user)
   at System.Data.Linq.SqlClient.SqlProvider.get_IsSqlCe()
   at System.Data.Linq.SqlClient.SqlProvider.InitializeProviderMode()
   at System.Data.Linq.SqlClient.SqlProvider.System.Data.Linq.Provider.IProvider.Execute(Expression query)
   at System.Data.Linq.DataContext.ExecuteMethodCall(Object instance, MethodInfo methodInfo, Object[] parameters)
   at Tavisca.Catapult.Internal.ResourceAccess.DataProviders.Rate.LINQ.RateDataContext.spSaveRateCard(Nullable`1 id, Nullable`1 productId, String productType, String scope, Nullable`1 isEnabled, Nullable`1 isDeleted) in d:\Code\TOM\Catapult\Code\trunk\CatapultServices\Tavisca.Catapult.Internal.ResourceAccess.DataProviders\Rate\LINQ\Rate.designer.cs:line 265
   at Tavisca.Catapult.Internal.ResourceAccess.DataProviders.Rate.RateProvider.SaveRateCard(String scopeId, RateCard rateCard) in d:\Code\TOM\Catapult\Code\trunk\CatapultServices\Tavisca.Catapult.Internal.ResourceAccess.DataProviders\Rate\RateProvider.cs:line 649
   at Tavisca.Catapult.External.Facade.Tests.TestActivityGenerator.SaveRateCard(RateCard rateCard) in d:\Code\TOM\Catapult\Code\trunk\CatapultServices\Tavisca.Catapult.External.Facade.Tests\TestActivityGenerator.cs:line 352
   at Tavisca.Catapult.External.Facade.Tests.ActivityMultiAvailTests.SearchByActivityCodeTest.PoliciesTest1() in d:\Code\TOM\Catapult\Code\trunk\CatapultServices\Tavisca.Catapult.External.Facade.Tests\ActivityMultiAvailTests\SearchByActivityCodeTest.cs:line 2028
</StackTrace>
        </ErrorInfo>
      </Output>
    </UnitTestResult>
    <UnitTestResult executionId="a5b1b0ff-32c8-4e41-8f35-b5bccd729e68" testId="96bd2102-2286-3a17-5e3c-8cc2d04a0fe8" testName="CurrencyTest1" computerName="PHOENIXX" duration="00:00:00.2876767" startTime="2013-08-09T22:00:28.1142380+05:30" endTime="2013-08-09T22:00:28.4022668+05:30" testType="13cdc9d9-ddb5-4fa4-a97d-d965ccfc6d4b" outcome="Failed" testListId="8c84fa94-04c1-424b-9868-57a2d4851a1d" relativeResultsDirectory="a5b1b0ff-32c8-4e41-8f35-b5bccd729e68">
      <Output>
        <ErrorInfo>
          <Message>Test method Tavisca.Catapult.External.Facade.Tests.ActivityMultiAvailTests.SearchByActivityCodeTest.CurrencyTest1 threw exception: 
System.Transactions.TransactionManagerCommunicationException: Network access for Distributed Transaction Manager (MSDTC) has been disabled. Please enable DTC for network access in the security configuration for MSDTC using the Component Services Administrative tool. ---&gt; System.Runtime.InteropServices.COMException: The transaction manager has disabled its support for remote/network transactions. (Exception from HRESULT: 0x8004D024)</Message>
          <StackTrace>    at System.Transactions.Oletx.IDtcProxyShimFactory.ReceiveTransaction(UInt32 propgationTokenSize, Byte[] propgationToken, IntPtr managedIdentifier, Guid&amp; transactionIdentifier, OletxTransactionIsolationLevel&amp; isolationLevel, ITransactionShim&amp; transactionShim)
   at System.Transactions.TransactionInterop.GetOletxTransactionFromTransmitterPropigationToken(Byte[] propagationToken)
 --- End of inner exception stack trace ---
    at System.Transactions.Oletx.OletxTransactionManager.ProxyException(COMException comException)
   at System.Transactions.TransactionInterop.GetOletxTransactionFromTransmitterPropigationToken(Byte[] propagationToken)
   at System.Transactions.TransactionStatePSPEOperation.PSPEPromote(InternalTransaction tx)
   at System.Transactions.TransactionStateDelegatedBase.EnterState(InternalTransaction tx)
   at System.Transactions.EnlistableStates.Promote(InternalTransaction tx)
   at System.Transactions.Transaction.Promote()
   at System.Transactions.TransactionInterop.ConvertToOletxTransaction(Transaction transaction)
   at System.Transactions.TransactionInterop.GetExportCookie(Transaction transaction, Byte[] whereabouts)
   at System.Data.SqlClient.SqlInternalConnection.GetTransactionCookie(Transaction transaction, Byte[] whereAbouts)
   at System.Data.SqlClient.SqlInternalConnection.EnlistNonNull(Transaction tx)
   at System.Data.SqlClient.SqlInternalConnection.Enlist(Transaction tx)
   at System.Data.SqlClient.SqlInternalConnectionTds.Activate(Transaction transaction)
   at System.Data.ProviderBase.DbConnectionInternal.ActivateConnection(Transaction transaction)
   at System.Data.ProviderBase.DbConnectionPool.TryGetConnection(DbConnection owningObject, UInt32 waitForMultipleObjectsTimeout, Boolean allowCreate, Boolean onlyOneCheckConnection, DbConnectionOptions userOptions, DbConnectionInternal&amp; connection)
   at System.Data.ProviderBase.DbConnectionPool.TryGetConnection(DbConnection owningObject, TaskCompletionSource`1 retry, DbConnectionOptions userOptions, DbConnectionInternal&amp; connection)
   at System.Data.ProviderBase.DbConnectionFactory.TryGetConnection(DbConnection owningConnection, TaskCompletionSource`1 retry, DbConnectionOptions userOptions, DbConnectionInternal&amp; connection)
   at System.Data.ProviderBase.DbConnectionClosed.TryOpenConnection(DbConnection outerConnection, DbConnectionFactory connectionFactory, TaskCompletionSource`1 retry, DbConnectionOptions userOptions)
   at System.Data.SqlClient.SqlConnection.TryOpen(TaskCompletionSource`1 retry)
   at System.Data.SqlClient.SqlConnection.Open()
   at System.Data.Linq.SqlClient.SqlConnectionManager.UseConnection(IConnectionUser user)
   at System.Data.Linq.SqlClient.SqlProvider.get_IsSqlCe()
   at System.Data.Linq.SqlClient.SqlProvider.InitializeProviderMode()
   at System.Data.Linq.SqlClient.SqlProvider.System.Data.Linq.Provider.IProvider.Execute(Expression query)
   at System.Data.Linq.DataContext.ExecuteMethodCall(Object instance, MethodInfo methodInfo, Object[] parameters)
   at Tavisca.Catapult.Internal.ResourceAccess.DataProviders.Rate.LINQ.RateDataContext.spSaveRateCard(Nullable`1 id, Nullable`1 productId, String productType, String scope, Nullable`1 isEnabled, Nullable`1 isDeleted) in d:\Code\TOM\Catapult\Code\trunk\CatapultServices\Tavisca.Catapult.Internal.ResourceAccess.DataProviders\Rate\LINQ\Rate.designer.cs:line 265
   at Tavisca.Catapult.Internal.ResourceAccess.DataProviders.Rate.RateProvider.SaveRateCard(String scopeId, RateCard rateCard) in d:\Code\TOM\Catapult\Code\trunk\CatapultServices\Tavisca.Catapult.Internal.ResourceAccess.DataProviders\Rate\RateProvider.cs:line 649
   at Tavisca.Catapult.External.Facade.Tests.TestActivityGenerator.SaveRateCard(RateCard rateCard) in d:\Code\TOM\Catapult\Code\trunk\CatapultServices\Tavisca.Catapult.External.Facade.Tests\TestActivityGenerator.cs:line 352
   at Tavisca.Catapult.External.Facade.Tests.ActivityMultiAvailTests.SearchByActivityCodeTest.CurrencyTest1() in d:\Code\TOM\Catapult\Code\trunk\CatapultServices\Tavisca.Catapult.External.Facade.Tests\ActivityMultiAvailTests\SearchByActivityCodeTest.cs:line 2072
</StackTrace>
        </ErrorInfo>
      </Output>
    </UnitTestResult>
    <UnitTestResult executionId="44a508c8-ba08-4de3-bd9b-909c62f1bfdc" testId="930b9180-81ff-cfe4-a8fb-a73d83076247" testName="FilterByTagsTest1" computerName="PHOENIXX" duration="00:00:00.2988443" startTime="2013-08-09T22:00:28.4022668+05:30" endTime="2013-08-09T22:00:28.7012967+05:30" testType="13cdc9d9-ddb5-4fa4-a97d-d965ccfc6d4b" outcome="Failed" testListId="8c84fa94-04c1-424b-9868-57a2d4851a1d" relativeResultsDirectory="44a508c8-ba08-4de3-bd9b-909c62f1bfdc">
      <Output>
        <ErrorInfo>
          <Message>Test method Tavisca.Catapult.External.Facade.Tests.ActivityMultiAvailTests.SearchByActivityCodeTest.FilterByTagsTest1 threw exception: 
System.Transactions.TransactionManagerCommunicationException: Network access for Distributed Transaction Manager (MSDTC) has been disabled. Please enable DTC for network access in the security configuration for MSDTC using the Component Services Administrative tool. ---&gt; System.Runtime.InteropServices.COMException: The transaction manager has disabled its support for remote/network transactions. (Exception from HRESULT: 0x8004D024)</Message>
          <StackTrace>    at System.Transactions.Oletx.IDtcProxyShimFactory.ReceiveTransaction(UInt32 propgationTokenSize, Byte[] propgationToken, IntPtr managedIdentifier, Guid&amp; transactionIdentifier, OletxTransactionIsolationLevel&amp; isolationLevel, ITransactionShim&amp; transactionShim)
   at System.Transactions.TransactionInterop.GetOletxTransactionFromTransmitterPropigationToken(Byte[] propagationToken)
 --- End of inner exception stack trace ---
    at System.Transactions.Oletx.OletxTransactionManager.ProxyException(COMException comException)
   at System.Transactions.TransactionInterop.GetOletxTransactionFromTransmitterPropigationToken(Byte[] propagationToken)
   at System.Transactions.TransactionStatePSPEOperation.PSPEPromote(InternalTransaction tx)
   at System.Transactions.TransactionStateDelegatedBase.EnterState(InternalTransaction tx)
   at System.Transactions.EnlistableStates.Promote(InternalTransaction tx)
   at System.Transactions.Transaction.Promote()
   at System.Transactions.TransactionInterop.ConvertToOletxTransaction(Transaction transaction)
   at System.Transactions.TransactionInterop.GetExportCookie(Transaction transaction, Byte[] whereabouts)
   at System.Data.SqlClient.SqlInternalConnection.GetTransactionCookie(Transaction transaction, Byte[] whereAbouts)
   at System.Data.SqlClient.SqlInternalConnection.EnlistNonNull(Transaction tx)
   at System.Data.SqlClient.SqlInternalConnection.Enlist(Transaction tx)
   at System.Data.SqlClient.SqlInternalConnectionTds.Activate(Transaction transaction)
   at System.Data.ProviderBase.DbConnectionInternal.ActivateConnection(Transaction transaction)
   at System.Data.ProviderBase.DbConnectionPool.TryGetConnection(DbConnection owningObject, UInt32 waitForMultipleObjectsTimeout, Boolean allowCreate, Boolean onlyOneCheckConnection, DbConnectionOptions userOptions, DbConnectionInternal&amp; connection)
   at System.Data.ProviderBase.DbConnectionPool.TryGetConnection(DbConnection owningObject, TaskCompletionSource`1 retry, DbConnectionOptions userOptions, DbConnectionInternal&amp; connection)
   at System.Data.ProviderBase.DbConnectionFactory.TryGetConnection(DbConnection owningConnection, TaskCompletionSource`1 retry, DbConnectionOptions userOptions, DbConnectionInternal&amp; connection)
   at System.Data.ProviderBase.DbConnectionClosed.TryOpenConnection(DbConnection outerConnection, DbConnectionFactory connectionFactory, TaskCompletionSource`1 retry, DbConnectionOptions userOptions)
   at System.Data.SqlClient.SqlConnection.TryOpen(TaskCompletionSource`1 retry)
   at System.Data.SqlClient.SqlConnection.Open()
   at System.Data.Linq.SqlClient.SqlConnectionManager.UseConnection(IConnectionUser user)
   at System.Data.Linq.SqlClient.SqlProvider.get_IsSqlCe()
   at System.Data.Linq.SqlClient.SqlProvider.InitializeProviderMode()
   at System.Data.Linq.SqlClient.SqlProvider.System.Data.Linq.Provider.IProvider.Execute(Expression query)
   at System.Data.Linq.DataContext.ExecuteMethodCall(Object instance, MethodInfo methodInfo, Object[] parameters)
   at Tavisca.Catapult.Internal.ResourceAccess.DataProviders.Rate.LINQ.RateDataContext.spSaveRateCard(Nullable`1 id, Nullable`1 productId, String productType, String scope, Nullable`1 isEnabled, Nullable`1 isDeleted) in d:\Code\TOM\Catapult\Code\trunk\CatapultServices\Tavisca.Catapult.Internal.ResourceAccess.DataProviders\Rate\LINQ\Rate.designer.cs:line 265
   at Tavisca.Catapult.Internal.ResourceAccess.DataProviders.Rate.RateProvider.SaveRateCard(String scopeId, RateCard rateCard) in d:\Code\TOM\Catapult\Code\trunk\CatapultServices\Tavisca.Catapult.Internal.ResourceAccess.DataProviders\Rate\RateProvider.cs:line 649
   at Tavisca.Catapult.External.Facade.Tests.TestActivityGenerator.SaveRateCard(RateCard rateCard) in d:\Code\TOM\Catapult\Code\trunk\CatapultServices\Tavisca.Catapult.External.Facade.Tests\TestActivityGenerator.cs:line 352
   at Tavisca.Catapult.External.Facade.Tests.ActivityMultiAvailTests.SearchByActivityCodeTest.FilterByTagsTest1() in d:\Code\TOM\Catapult\Code\trunk\CatapultServices\Tavisca.Catapult.External.Facade.Tests\ActivityMultiAvailTests\SearchByActivityCodeTest.cs:line 2116
</StackTrace>
        </ErrorInfo>
      </Output>
    </UnitTestResult>
    <UnitTestResult executionId="1f53a9cd-3a9e-48a7-a8b2-faaeed3e9d53" testId="3788db0a-d76b-d140-63f5-95a01c6f9d0c" testName="FilterByRateCodesTest1" computerName="PHOENIXX" duration="00:00:00.2887622" startTime="2013-08-09T22:00:28.7012967+05:30" endTime="2013-08-09T22:00:28.9903256+05:30" testType="13cdc9d9-ddb5-4fa4-a97d-d965ccfc6d4b" outcome="Failed" testListId="8c84fa94-04c1-424b-9868-57a2d4851a1d" relativeResultsDirectory="1f53a9cd-3a9e-48a7-a8b2-faaeed3e9d53">
      <Output>
        <ErrorInfo>
          <Message>Test method Tavisca.Catapult.External.Facade.Tests.ActivityMultiAvailTests.SearchByActivityCodeTest.FilterByRateCodesTest1 threw exception: 
System.Transactions.TransactionManagerCommunicationException: Network access for Distributed Transaction Manager (MSDTC) has been disabled. Please enable DTC for network access in the security configuration for MSDTC using the Component Services Administrative tool. ---&gt; System.Runtime.InteropServices.COMException: The transaction manager has disabled its support for remote/network transactions. (Exception from HRESULT: 0x8004D024)</Message>
          <StackTrace>    at System.Transactions.Oletx.IDtcProxyShimFactory.ReceiveTransaction(UInt32 propgationTokenSize, Byte[] propgationToken, IntPtr managedIdentifier, Guid&amp; transactionIdentifier, OletxTransactionIsolationLevel&amp; isolationLevel, ITransactionShim&amp; transactionShim)
   at System.Transactions.TransactionInterop.GetOletxTransactionFromTransmitterPropigationToken(Byte[] propagationToken)
 --- End of inner exception stack trace ---
    at System.Transactions.Oletx.OletxTransactionManager.ProxyException(COMException comException)
   at System.Transactions.TransactionInterop.GetOletxTransactionFromTransmitterPropigationToken(Byte[] propagationToken)
   at System.Transactions.TransactionStatePSPEOperation.PSPEPromote(InternalTransaction tx)
   at System.Transactions.TransactionStateDelegatedBase.EnterState(InternalTransaction tx)
   at System.Transactions.EnlistableStates.Promote(InternalTransaction tx)
   at System.Transactions.Transaction.Promote()
   at System.Transactions.TransactionInterop.ConvertToOletxTransaction(Transaction transaction)
   at System.Transactions.TransactionInterop.GetExportCookie(Transaction transaction, Byte[] whereabouts)
   at System.Data.SqlClient.SqlInternalConnection.GetTransactionCookie(Transaction transaction, Byte[] whereAbouts)
   at System.Data.SqlClient.SqlInternalConnection.EnlistNonNull(Transaction tx)
   at System.Data.SqlClient.SqlInternalConnection.Enlist(Transaction tx)
   at System.Data.SqlClient.SqlInternalConnectionTds.Activate(Transaction transaction)
   at System.Data.ProviderBase.DbConnectionInternal.ActivateConnection(Transaction transaction)
   at System.Data.ProviderBase.DbConnectionPool.TryGetConnection(DbConnection owningObject, UInt32 waitForMultipleObjectsTimeout, Boolean allowCreate, Boolean onlyOneCheckConnection, DbConnectionOptions userOptions, DbConnectionInternal&amp; connection)
   at System.Data.ProviderBase.DbConnectionPool.TryGetConnection(DbConnection owningObject, TaskCompletionSource`1 retry, DbConnectionOptions userOptions, DbConnectionInternal&amp; connection)
   at System.Data.ProviderBase.DbConnectionFactory.TryGetConnection(DbConnection owningConnection, TaskCompletionSource`1 retry, DbConnectionOptions userOptions, DbConnectionInternal&amp; connection)
   at System.Data.ProviderBase.DbConnectionClosed.TryOpenConnection(DbConnection outerConnection, DbConnectionFactory connectionFactory, TaskCompletionSource`1 retry, DbConnectionOptions userOptions)
   at System.Data.SqlClient.SqlConnection.TryOpen(TaskCompletionSource`1 retry)
   at System.Data.SqlClient.SqlConnection.Open()
   at System.Data.Linq.SqlClient.SqlConnectionManager.UseConnection(IConnectionUser user)
   at System.Data.Linq.SqlClient.SqlProvider.get_IsSqlCe()
   at System.Data.Linq.SqlClient.SqlProvider.InitializeProviderMode()
   at System.Data.Linq.SqlClient.SqlProvider.System.Data.Linq.Provider.IProvider.Execute(Expression query)
   at System.Data.Linq.DataContext.ExecuteMethodCall(Object instance, MethodInfo methodInfo, Object[] parameters)
   at Tavisca.Catapult.Internal.ResourceAccess.DataProviders.Rate.LINQ.RateDataContext.spSaveRateCard(Nullable`1 id, Nullable`1 productId, String productType, String scope, Nullable`1 isEnabled, Nullable`1 isDeleted) in d:\Code\TOM\Catapult\Code\trunk\CatapultServices\Tavisca.Catapult.Internal.ResourceAccess.DataProviders\Rate\LINQ\Rate.designer.cs:line 265
   at Tavisca.Catapult.Internal.ResourceAccess.DataProviders.Rate.RateProvider.SaveRateCard(String scopeId, RateCard rateCard) in d:\Code\TOM\Catapult\Code\trunk\CatapultServices\Tavisca.Catapult.Internal.ResourceAccess.DataProviders\Rate\RateProvider.cs:line 649
   at Tavisca.Catapult.External.Facade.Tests.TestActivityGenerator.SaveRateCard(RateCard rateCard) in d:\Code\TOM\Catapult\Code\trunk\CatapultServices\Tavisca.Catapult.External.Facade.Tests\TestActivityGenerator.cs:line 352
   at Tavisca.Catapult.External.Facade.Tests.ActivityMultiAvailTests.SearchByActivityCodeTest.FilterByRateCodesTest1() in d:\Code\TOM\Catapult\Code\trunk\CatapultServices\Tavisca.Catapult.External.Facade.Tests\ActivityMultiAvailTests\SearchByActivityCodeTest.cs:line 2159
</StackTrace>
        </ErrorInfo>
      </Output>
    </UnitTestResult>
    <UnitTestResult executionId="57970ff8-28f1-463f-b3a4-e5de06ca68db" testId="0205d269-21bd-d161-e78e-a27f25295b23" testName="FilterByRateCodesTest2" computerName="PHOENIXX" duration="00:00:00.2951290" startTime="2013-08-09T22:00:28.9903256+05:30" endTime="2013-08-09T22:00:29.2853551+05:30" testType="13cdc9d9-ddb5-4fa4-a97d-d965ccfc6d4b" outcome="Failed" testListId="8c84fa94-04c1-424b-9868-57a2d4851a1d" relativeResultsDirectory="57970ff8-28f1-463f-b3a4-e5de06ca68db">
      <Output>
        <ErrorInfo>
          <Message>Test method Tavisca.Catapult.External.Facade.Tests.ActivityMultiAvailTests.SearchByActivityCodeTest.FilterByRateCodesTest2 threw exception: 
System.Transactions.TransactionManagerCommunicationException: Network access for Distributed Transaction Manager (MSDTC) has been disabled. Please enable DTC for network access in the security configuration for MSDTC using the Component Services Administrative tool. ---&gt; System.Runtime.InteropServices.COMException: The transaction manager has disabled its support for remote/network transactions. (Exception from HRESULT: 0x8004D024)</Message>
          <StackTrace>    at System.Transactions.Oletx.IDtcProxyShimFactory.ReceiveTransaction(UInt32 propgationTokenSize, Byte[] propgationToken, IntPtr managedIdentifier, Guid&amp; transactionIdentifier, OletxTransactionIsolationLevel&amp; isolationLevel, ITransactionShim&amp; transactionShim)
   at System.Transactions.TransactionInterop.GetOletxTransactionFromTransmitterPropigationToken(Byte[] propagationToken)
 --- End of inner exception stack trace ---
    at System.Transactions.Oletx.OletxTransactionManager.ProxyException(COMException comException)
   at System.Transactions.TransactionInterop.GetOletxTransactionFromTransmitterPropigationToken(Byte[] propagationToken)
   at System.Transactions.TransactionStatePSPEOperation.PSPEPromote(InternalTransaction tx)
   at System.Transactions.TransactionStateDelegatedBase.EnterState(InternalTransaction tx)
   at System.Transactions.EnlistableStates.Promote(InternalTransaction tx)
   at System.Transactions.Transaction.Promote()
   at System.Transactions.TransactionInterop.ConvertToOletxTransaction(Transaction transaction)
   at System.Transactions.TransactionInterop.GetExportCookie(Transaction transaction, Byte[] whereabouts)
   at System.Data.SqlClient.SqlInternalConnection.GetTransactionCookie(Transaction transaction, Byte[] whereAbouts)
   at System.Data.SqlClient.SqlInternalConnection.EnlistNonNull(Transaction tx)
   at System.Data.SqlClient.SqlInternalConnection.Enlist(Transaction tx)
   at System.Data.SqlClient.SqlInternalConnectionTds.Activate(Transaction transaction)
   at System.Data.ProviderBase.DbConnectionInternal.ActivateConnection(Transaction transaction)
   at System.Data.ProviderBase.DbConnectionPool.TryGetConnection(DbConnection owningObject, UInt32 waitForMultipleObjectsTimeout, Boolean allowCreate, Boolean onlyOneCheckConnection, DbConnectionOptions userOptions, DbConnectionInternal&amp; connection)
   at System.Data.ProviderBase.DbConnectionPool.TryGetConnection(DbConnection owningObject, TaskCompletionSource`1 retry, DbConnectionOptions userOptions, DbConnectionInternal&amp; connection)
   at System.Data.ProviderBase.DbConnectionFactory.TryGetConnection(DbConnection owningConnection, TaskCompletionSource`1 retry, DbConnectionOptions userOptions, DbConnectionInternal&amp; connection)
   at System.Data.ProviderBase.DbConnectionClosed.TryOpenConnection(DbConnection outerConnection, DbConnectionFactory connectionFactory, TaskCompletionSource`1 retry, DbConnectionOptions userOptions)
   at System.Data.SqlClient.SqlConnection.TryOpen(TaskCompletionSource`1 retry)
   at System.Data.SqlClient.SqlConnection.Open()
   at System.Data.Linq.SqlClient.SqlConnectionManager.UseConnection(IConnectionUser user)
   at System.Data.Linq.SqlClient.SqlProvider.get_IsSqlCe()
   at System.Data.Linq.SqlClient.SqlProvider.InitializeProviderMode()
   at System.Data.Linq.SqlClient.SqlProvider.System.Data.Linq.Provider.IProvider.Execute(Expression query)
   at System.Data.Linq.DataContext.ExecuteMethodCall(Object instance, MethodInfo methodInfo, Object[] parameters)
   at Tavisca.Catapult.Internal.ResourceAccess.DataProviders.Rate.LINQ.RateDataContext.spSaveRateCard(Nullable`1 id, Nullable`1 productId, String productType, String scope, Nullable`1 isEnabled, Nullable`1 isDeleted) in d:\Code\TOM\Catapult\Code\trunk\CatapultServices\Tavisca.Catapult.Internal.ResourceAccess.DataProviders\Rate\LINQ\Rate.designer.cs:line 265
   at Tavisca.Catapult.Internal.ResourceAccess.DataProviders.Rate.RateProvider.SaveRateCard(String scopeId, RateCard rateCard) in d:\Code\TOM\Catapult\Code\trunk\CatapultServices\Tavisca.Catapult.Internal.ResourceAccess.DataProviders\Rate\RateProvider.cs:line 649
   at Tavisca.Catapult.External.Facade.Tests.TestActivityGenerator.SaveRateCard(RateCard rateCard) in d:\Code\TOM\Catapult\Code\trunk\CatapultServices\Tavisca.Catapult.External.Facade.Tests\TestActivityGenerator.cs:line 352
   at Tavisca.Catapult.External.Facade.Tests.ActivityMultiAvailTests.SearchByActivityCodeTest.FilterByRateCodesTest2() in d:\Code\TOM\Catapult\Code\trunk\CatapultServices\Tavisca.Catapult.External.Facade.Tests\ActivityMultiAvailTests\SearchByActivityCodeTest.cs:line 2202
</StackTrace>
        </ErrorInfo>
      </Output>
    </UnitTestResult>
    <UnitTestResult executionId="db9b6499-e85b-4242-a2ed-c6c23061ec1a" testId="1806da16-cc12-7ba5-04ea-745b4813d54c" testName="FilterByRateCodesTest3" computerName="PHOENIXX" duration="00:00:00.2927065" startTime="2013-08-09T22:00:29.2853551+05:30" endTime="2013-08-09T22:00:29.5784080+05:30" testType="13cdc9d9-ddb5-4fa4-a97d-d965ccfc6d4b" outcome="Failed" testListId="8c84fa94-04c1-424b-9868-57a2d4851a1d" relativeResultsDirectory="db9b6499-e85b-4242-a2ed-c6c23061ec1a">
      <Output>
        <ErrorInfo>
          <Message>Test method Tavisca.Catapult.External.Facade.Tests.ActivityMultiAvailTests.SearchByActivityCodeTest.FilterByRateCodesTest3 threw exception: 
System.Transactions.TransactionManagerCommunicationException: Network access for Distributed Transaction Manager (MSDTC) has been disabled. Please enable DTC for network access in the security configuration for MSDTC using the Component Services Administrative tool. ---&gt; System.Runtime.InteropServices.COMException: The transaction manager has disabled its support for remote/network transactions. (Exception from HRESULT: 0x8004D024)</Message>
          <StackTrace>    at System.Transactions.Oletx.IDtcProxyShimFactory.ReceiveTransaction(UInt32 propgationTokenSize, Byte[] propgationToken, IntPtr managedIdentifier, Guid&amp; transactionIdentifier, OletxTransactionIsolationLevel&amp; isolationLevel, ITransactionShim&amp; transactionShim)
   at System.Transactions.TransactionInterop.GetOletxTransactionFromTransmitterPropigationToken(Byte[] propagationToken)
 --- End of inner exception stack trace ---
    at System.Transactions.Oletx.OletxTransactionManager.ProxyException(COMException comException)
   at System.Transactions.TransactionInterop.GetOletxTransactionFromTransmitterPropigationToken(Byte[] propagationToken)
   at System.Transactions.TransactionStatePSPEOperation.PSPEPromote(InternalTransaction tx)
   at System.Transactions.TransactionStateDelegatedBase.EnterState(InternalTransaction tx)
   at System.Transactions.EnlistableStates.Promote(InternalTransaction tx)
   at System.Transactions.Transaction.Promote()
   at System.Transactions.TransactionInterop.ConvertToOletxTransaction(Transaction transaction)
   at System.Transactions.TransactionInterop.GetExportCookie(Transaction transaction, Byte[] whereabouts)
   at System.Data.SqlClient.SqlInternalConnection.GetTransactionCookie(Transaction transaction, Byte[] whereAbouts)
   at System.Data.SqlClient.SqlInternalConnection.EnlistNonNull(Transaction tx)
   at System.Data.SqlClient.SqlInternalConnection.Enlist(Transaction tx)
   at System.Data.SqlClient.SqlInternalConnectionTds.Activate(Transaction transaction)
   at System.Data.ProviderBase.DbConnectionInternal.ActivateConnection(Transaction transaction)
   at System.Data.ProviderBase.DbConnectionPool.TryGetConnection(DbConnection owningObject, UInt32 waitForMultipleObjectsTimeout, Boolean allowCreate, Boolean onlyOneCheckConnection, DbConnectionOptions userOptions, DbConnectionInternal&amp; connection)
   at System.Data.ProviderBase.DbConnectionPool.TryGetConnection(DbConnection owningObject, TaskCompletionSource`1 retry, DbConnectionOptions userOptions, DbConnectionInternal&amp; connection)
   at System.Data.ProviderBase.DbConnectionFactory.TryGetConnection(DbConnection owningConnection, TaskCompletionSource`1 retry, DbConnectionOptions userOptions, DbConnectionInternal&amp; connection)
   at System.Data.ProviderBase.DbConnectionClosed.TryOpenConnection(DbConnection outerConnection, DbConnectionFactory connectionFactory, TaskCompletionSource`1 retry, DbConnectionOptions userOptions)
   at System.Data.SqlClient.SqlConnection.TryOpen(TaskCompletionSource`1 retry)
   at System.Data.SqlClient.SqlConnection.Open()
   at System.Data.Linq.SqlClient.SqlConnectionManager.UseConnection(IConnectionUser user)
   at System.Data.Linq.SqlClient.SqlProvider.get_IsSqlCe()
   at System.Data.Linq.SqlClient.SqlProvider.InitializeProviderMode()
   at System.Data.Linq.SqlClient.SqlProvider.System.Data.Linq.Provider.IProvider.Execute(Expression query)
   at System.Data.Linq.DataContext.ExecuteMethodCall(Object instance, MethodInfo methodInfo, Object[] parameters)
   at Tavisca.Catapult.Internal.ResourceAccess.DataProviders.Rate.LINQ.RateDataContext.spSaveRateCard(Nullable`1 id, Nullable`1 productId, String productType, String scope, Nullable`1 isEnabled, Nullable`1 isDeleted) in d:\Code\TOM\Catapult\Code\trunk\CatapultServices\Tavisca.Catapult.Internal.ResourceAccess.DataProviders\Rate\LINQ\Rate.designer.cs:line 265
   at Tavisca.Catapult.Internal.ResourceAccess.DataProviders.Rate.RateProvider.SaveRateCard(String scopeId, RateCard rateCard) in d:\Code\TOM\Catapult\Code\trunk\CatapultServices\Tavisca.Catapult.Internal.ResourceAccess.DataProviders\Rate\RateProvider.cs:line 649
   at Tavisca.Catapult.External.Facade.Tests.TestActivityGenerator.SaveRateCard(RateCard rateCard) in d:\Code\TOM\Catapult\Code\trunk\CatapultServices\Tavisca.Catapult.External.Facade.Tests\TestActivityGenerator.cs:line 352
   at Tavisca.Catapult.External.Facade.Tests.ActivityMultiAvailTests.SearchByActivityCodeTest.FilterByRateCodesTest3() in d:\Code\TOM\Catapult\Code\trunk\CatapultServices\Tavisca.Catapult.External.Facade.Tests\ActivityMultiAvailTests\SearchByActivityCodeTest.cs:line 2245
</StackTrace>
        </ErrorInfo>
      </Output>
    </UnitTestResult>
    <UnitTestResult executionId="93c52cdf-ab78-47f5-b0b9-f9d06577cea7" testId="2d7e5acc-395c-9c16-1320-f8f41c2b3445" testName="ScopeTest1" computerName="PHOENIXX" duration="00:00:00.6381640" startTime="2013-08-09T22:00:29.5784080+05:30" endTime="2013-08-09T22:00:30.2165994+05:30" testType="13cdc9d9-ddb5-4fa4-a97d-d965ccfc6d4b" outcome="Failed" testListId="8c84fa94-04c1-424b-9868-57a2d4851a1d" relativeResultsDirectory="93c52cdf-ab78-47f5-b0b9-f9d06577cea7">
      <Output>
        <ErrorInfo>
          <Message>Test method Tavisca.Catapult.External.Facade.Tests.ActivityMultiAvailTests.SearchByActivityCodeTest.ScopeTest1 threw exception: 
System.Transactions.TransactionManagerCommunicationException: Network access for Distributed Transaction Manager (MSDTC) has been disabled. Please enable DTC for network access in the security configuration for MSDTC using the Component Services Administrative tool. ---&gt; System.Runtime.InteropServices.COMException: The transaction manager has disabled its support for remote/network transactions. (Exception from HRESULT: 0x8004D024)</Message>
          <StackTrace>    at System.Transactions.Oletx.IDtcProxyShimFactory.ReceiveTransaction(UInt32 propgationTokenSize, Byte[] propgationToken, IntPtr managedIdentifier, Guid&amp; transactionIdentifier, OletxTransactionIsolationLevel&amp; isolationLevel, ITransactionShim&amp; transactionShim)
   at System.Transactions.TransactionInterop.GetOletxTransactionFromTransmitterPropigationToken(Byte[] propagationToken)
 --- End of inner exception stack trace ---
    at System.Transactions.Oletx.OletxTransactionManager.ProxyException(COMException comException)
   at System.Transactions.TransactionInterop.GetOletxTransactionFromTransmitterPropigationToken(Byte[] propagationToken)
   at System.Transactions.TransactionStatePSPEOperation.PSPEPromote(InternalTransaction tx)
   at System.Transactions.TransactionStateDelegatedBase.EnterState(InternalTransaction tx)
   at System.Transactions.EnlistableStates.Promote(InternalTransaction tx)
   at System.Transactions.Transaction.Promote()
   at System.Transactions.TransactionInterop.ConvertToOletxTransaction(Transaction transaction)
   at System.Transactions.TransactionInterop.GetExportCookie(Transaction transaction, Byte[] whereabouts)
   at System.Data.SqlClient.SqlInternalConnection.GetTransactionCookie(Transaction transaction, Byte[] whereAbouts)
   at System.Data.SqlClient.SqlInternalConnection.EnlistNonNull(Transaction tx)
   at System.Data.SqlClient.SqlInternalConnection.Enlist(Transaction tx)
   at System.Data.SqlClient.SqlInternalConnectionTds.Activate(Transaction transaction)
   at System.Data.ProviderBase.DbConnectionInternal.ActivateConnection(Transaction transaction)
   at System.Data.ProviderBase.DbConnectionPool.TryGetConnection(DbConnection owningObject, UInt32 waitForMultipleObjectsTimeout, Boolean allowCreate, Boolean onlyOneCheckConnection, DbConnectionOptions userOptions, DbConnectionInternal&amp; connection)
   at System.Data.ProviderBase.DbConnectionPool.TryGetConnection(DbConnection owningObject, TaskCompletionSource`1 retry, DbConnectionOptions userOptions, DbConnectionInternal&amp; connection)
   at System.Data.ProviderBase.DbConnectionFactory.TryGetConnection(DbConnection owningConnection, TaskCompletionSource`1 retry, DbConnectionOptions userOptions, DbConnectionInternal&amp; connection)
   at System.Data.ProviderBase.DbConnectionClosed.TryOpenConnection(DbConnection outerConnection, DbConnectionFactory connectionFactory, TaskCompletionSource`1 retry, DbConnectionOptions userOptions)
   at System.Data.SqlClient.SqlConnection.TryOpen(TaskCompletionSource`1 retry)
   at System.Data.SqlClient.SqlConnection.Open()
   at System.Data.Linq.SqlClient.SqlConnectionManager.UseConnection(IConnectionUser user)
   at System.Data.Linq.SqlClient.SqlProvider.get_IsSqlCe()
   at System.Data.Linq.SqlClient.SqlProvider.InitializeProviderMode()
   at System.Data.Linq.SqlClient.SqlProvider.System.Data.Linq.Provider.IProvider.Execute(Expression query)
   at System.Data.Linq.DataContext.ExecuteMethodCall(Object instance, MethodInfo methodInfo, Object[] parameters)
   at Tavisca.Catapult.Internal.ResourceAccess.DataProviders.Rate.LINQ.RateDataContext.spSaveRateCard(Nullable`1 id, Nullable`1 productId, String productType, String scope, Nullable`1 isEnabled, Nullable`1 isDeleted) in d:\Code\TOM\Catapult\Code\trunk\CatapultServices\Tavisca.Catapult.Internal.ResourceAccess.DataProviders\Rate\LINQ\Rate.designer.cs:line 265
   at Tavisca.Catapult.Internal.ResourceAccess.DataProviders.Rate.RateProvider.SaveRateCard(String scopeId, RateCard rateCard) in d:\Code\TOM\Catapult\Code\trunk\CatapultServices\Tavisca.Catapult.Internal.ResourceAccess.DataProviders\Rate\RateProvider.cs:line 649
   at Tavisca.Catapult.External.Facade.Tests.TestActivityGenerator.SaveRateCard(RateCard rateCard) in d:\Code\TOM\Catapult\Code\trunk\CatapultServices\Tavisca.Catapult.External.Facade.Tests\TestActivityGenerator.cs:line 352
   at Tavisca.Catapult.External.Facade.Tests.ActivityMultiAvailTests.SearchByActivityCodeTest.ScopeTest1() in d:\Code\TOM\Catapult\Code\trunk\CatapultServices\Tavisca.Catapult.External.Facade.Tests\ActivityMultiAvailTests\SearchByActivityCodeTest.cs:line 2292
</StackTrace>
        </ErrorInfo>
      </Output>
    </UnitTestResult>
    <UnitTestResult executionId="44fcf985-f7d8-4f7f-baef-f13f7b465c9f" testId="d9e54881-aac7-d592-2d99-a60570338059" testName="ScopeTest2" computerName="PHOENIXX" duration="00:00:01.1043978" startTime="2013-08-09T22:00:30.2165994+05:30" endTime="2013-08-09T22:00:31.3219309+05:30" testType="13cdc9d9-ddb5-4fa4-a97d-d965ccfc6d4b" outcome="Failed" testListId="8c84fa94-04c1-424b-9868-57a2d4851a1d" relativeResultsDirectory="44fcf985-f7d8-4f7f-baef-f13f7b465c9f">
      <Output>
        <ErrorInfo>
          <Message>Test method Tavisca.Catapult.External.Facade.Tests.ActivityMultiAvailTests.SearchByActivityCodeTest.ScopeTest2 threw exception: 
System.Transactions.TransactionManagerCommunicationException: Network access for Distributed Transaction Manager (MSDTC) has been disabled. Please enable DTC for network access in the security configuration for MSDTC using the Component Services Administrative tool. ---&gt; System.Runtime.InteropServices.COMException: The transaction manager has disabled its support for remote/network transactions. (Exception from HRESULT: 0x8004D024)</Message>
          <StackTrace>    at System.Transactions.Oletx.IDtcProxyShimFactory.ReceiveTransaction(UInt32 propgationTokenSize, Byte[] propgationToken, IntPtr managedIdentifier, Guid&amp; transactionIdentifier, OletxTransactionIsolationLevel&amp; isolationLevel, ITransactionShim&amp; transactionShim)
   at System.Transactions.TransactionInterop.GetOletxTransactionFromTransmitterPropigationToken(Byte[] propagationToken)
 --- End of inner exception stack trace ---
    at System.Transactions.Oletx.OletxTransactionManager.ProxyException(COMException comException)
   at System.Transactions.TransactionInterop.GetOletxTransactionFromTransmitterPropigationToken(Byte[] propagationToken)
   at System.Transactions.TransactionStatePSPEOperation.PSPEPromote(InternalTransaction tx)
   at System.Transactions.TransactionStateDelegatedBase.EnterState(InternalTransaction tx)
   at System.Transactions.EnlistableStates.Promote(InternalTransaction tx)
   at System.Transactions.Transaction.Promote()
   at System.Transactions.TransactionInterop.ConvertToOletxTransaction(Transaction transaction)
   at System.Transactions.TransactionInterop.GetExportCookie(Transaction transaction, Byte[] whereabouts)
   at System.Data.SqlClient.SqlInternalConnection.GetTransactionCookie(Transaction transaction, Byte[] whereAbouts)
   at System.Data.SqlClient.SqlInternalConnection.EnlistNonNull(Transaction tx)
   at System.Data.SqlClient.SqlInternalConnection.Enlist(Transaction tx)
   at System.Data.SqlClient.SqlInternalConnectionTds.Activate(Transaction transaction)
   at System.Data.ProviderBase.DbConnectionInternal.ActivateConnection(Transaction transaction)
   at System.Data.ProviderBase.DbConnectionPool.TryGetConnection(DbConnection owningObject, UInt32 waitForMultipleObjectsTimeout, Boolean allowCreate, Boolean onlyOneCheckConnection, DbConnectionOptions userOptions, DbConnectionInternal&amp; connection)
   at System.Data.ProviderBase.DbConnectionPool.TryGetConnection(DbConnection owningObject, TaskCompletionSource`1 retry, DbConnectionOptions userOptions, DbConnectionInternal&amp; connection)
   at System.Data.ProviderBase.DbConnectionFactory.TryGetConnection(DbConnection owningConnection, TaskCompletionSource`1 retry, DbConnectionOptions userOptions, DbConnectionInternal&amp; connection)
   at System.Data.ProviderBase.DbConnectionClosed.TryOpenConnection(DbConnection outerConnection, DbConnectionFactory connectionFactory, TaskCompletionSource`1 retry, DbConnectionOptions userOptions)
   at System.Data.SqlClient.SqlConnection.TryOpen(TaskCompletionSource`1 retry)
   at System.Data.SqlClient.SqlConnection.Open()
   at System.Data.Linq.SqlClient.SqlConnectionManager.UseConnection(IConnectionUser user)
   at System.Data.Linq.SqlClient.SqlProvider.get_IsSqlCe()
   at System.Data.Linq.SqlClient.SqlProvider.InitializeProviderMode()
   at System.Data.Linq.SqlClient.SqlProvider.System.Data.Linq.Provider.IProvider.Execute(Expression query)
   at System.Data.Linq.DataContext.ExecuteMethodCall(Object instance, MethodInfo methodInfo, Object[] parameters)
   at Tavisca.Catapult.Internal.ResourceAccess.DataProviders.Rate.LINQ.RateDataContext.spSaveRateCard(Nullable`1 id, Nullable`1 productId, String productType, String scope, Nullable`1 isEnabled, Nullable`1 isDeleted) in d:\Code\TOM\Catapult\Code\trunk\CatapultServices\Tavisca.Catapult.Internal.ResourceAccess.DataProviders\Rate\LINQ\Rate.designer.cs:line 265
   at Tavisca.Catapult.Internal.ResourceAccess.DataProviders.Rate.RateProvider.SaveRateCard(String scopeId, RateCard rateCard) in d:\Code\TOM\Catapult\Code\trunk\CatapultServices\Tavisca.Catapult.Internal.ResourceAccess.DataProviders\Rate\RateProvider.cs:line 649
   at Tavisca.Catapult.External.Facade.Tests.TestActivityGenerator.SaveRateCard(RateCard rateCard) in d:\Code\TOM\Catapult\Code\trunk\CatapultServices\Tavisca.Catapult.External.Facade.Tests\TestActivityGenerator.cs:line 352
   at Tavisca.Catapult.External.Facade.Tests.ActivityMultiAvailTests.SearchByActivityCodeTest.ScopeTest2() in d:\Code\TOM\Catapult\Code\trunk\CatapultServices\Tavisca.Catapult.External.Facade.Tests\ActivityMultiAvailTests\SearchByActivityCodeTest.cs:line 2334
</StackTrace>
        </ErrorInfo>
      </Output>
    </UnitTestResult>
    <UnitTestResult executionId="0cb754c1-7d73-493e-91e0-571f9a467756" testId="a0430587-ec24-f671-68b8-cbe11bb2709a" testName="AirportCodeTest1" computerName="PHOENIXX" duration="00:00:00.3654665" startTime="2013-08-09T22:00:31.3219309+05:30" endTime="2013-08-09T22:00:31.6880407+05:30" testType="13cdc9d9-ddb5-4fa4-a97d-d965ccfc6d4b" outcome="Failed" testListId="8c84fa94-04c1-424b-9868-57a2d4851a1d" relativeResultsDirectory="0cb754c1-7d73-493e-91e0-571f9a467756">
      <Output>
        <ErrorInfo>
          <Message>Test method Tavisca.Catapult.External.Facade.Tests.ActivityMultiAvailTests.SearchByAirportCodeTest.AirportCodeTest1 threw exception: 
System.Transactions.TransactionManagerCommunicationException: Network access for Distributed Transaction Manager (MSDTC) has been disabled. Please enable DTC for network access in the security configuration for MSDTC using the Component Services Administrative tool. ---&gt; System.Runtime.InteropServices.COMException: The transaction manager has disabled its support for remote/network transactions. (Exception from HRESULT: 0x8004D024)</Message>
          <StackTrace>    at System.Transactions.Oletx.IDtcProxyShimFactory.ReceiveTransaction(UInt32 propgationTokenSize, Byte[] propgationToken, IntPtr managedIdentifier, Guid&amp; transactionIdentifier, OletxTransactionIsolationLevel&amp; isolationLevel, ITransactionShim&amp; transactionShim)
   at System.Transactions.TransactionInterop.GetOletxTransactionFromTransmitterPropigationToken(Byte[] propagationToken)
 --- End of inner exception stack trace ---
    at System.Transactions.Oletx.OletxTransactionManager.ProxyException(COMException comException)
   at System.Transactions.TransactionInterop.GetOletxTransactionFromTransmitterPropigationToken(Byte[] propagationToken)
   at System.Transactions.TransactionStatePSPEOperation.PSPEPromote(InternalTransaction tx)
   at System.Transactions.TransactionStateDelegatedBase.EnterState(InternalTransaction tx)
   at System.Transactions.EnlistableStates.Promote(InternalTransaction tx)
   at System.Transactions.Transaction.Promote()
   at System.Transactions.TransactionInterop.ConvertToOletxTransaction(Transaction transaction)
   at System.Transactions.TransactionInterop.GetExportCookie(Transaction transaction, Byte[] whereabouts)
   at System.Data.SqlClient.SqlInternalConnection.GetTransactionCookie(Transaction transaction, Byte[] whereAbouts)
   at System.Data.SqlClient.SqlInternalConnection.EnlistNonNull(Transaction tx)
   at System.Data.SqlClient.SqlInternalConnection.Enlist(Transaction tx)
   at System.Data.SqlClient.SqlInternalConnectionTds.Activate(Transaction transaction)
   at System.Data.ProviderBase.DbConnectionInternal.ActivateConnection(Transaction transaction)
   at System.Data.ProviderBase.DbConnectionPool.TryGetConnection(DbConnection owningObject, UInt32 waitForMultipleObjectsTimeout, Boolean allowCreate, Boolean onlyOneCheckConnection, DbConnectionOptions userOptions, DbConnectionInternal&amp; connection)
   at System.Data.ProviderBase.DbConnectionPool.TryGetConnection(DbConnection owningObject, TaskCompletionSource`1 retry, DbConnectionOptions userOptions, DbConnectionInternal&amp; connection)
   at System.Data.ProviderBase.DbConnectionFactory.TryGetConnection(DbConnection owningConnection, TaskCompletionSource`1 retry, DbConnectionOptions userOptions, DbConnectionInternal&amp; connection)
   at System.Data.ProviderBase.DbConnectionClosed.TryOpenConnection(DbConnection outerConnection, DbConnectionFactory connectionFactory, TaskCompletionSource`1 retry, DbConnectionOptions userOptions)
   at System.Data.SqlClient.SqlConnection.TryOpen(TaskCompletionSource`1 retry)
   at System.Data.SqlClient.SqlConnection.Open()
   at System.Data.Linq.SqlClient.SqlConnectionManager.UseConnection(IConnectionUser user)
   at System.Data.Linq.SqlClient.SqlProvider.get_IsSqlCe()
   at System.Data.Linq.SqlClient.SqlProvider.InitializeProviderMode()
   at System.Data.Linq.SqlClient.SqlProvider.System.Data.Linq.Provider.IProvider.Execute(Expression query)
   at System.Data.Linq.DataContext.ExecuteMethodCall(Object instance, MethodInfo methodInfo, Object[] parameters)
   at Tavisca.Catapult.Internal.ResourceAccess.DataProviders.Rate.LINQ.RateDataContext.spSaveRateCard(Nullable`1 id, Nullable`1 productId, String productType, String scope, Nullable`1 isEnabled, Nullable`1 isDeleted) in d:\Code\TOM\Catapult\Code\trunk\CatapultServices\Tavisca.Catapult.Internal.ResourceAccess.DataProviders\Rate\LINQ\Rate.designer.cs:line 265
   at Tavisca.Catapult.Internal.ResourceAccess.DataProviders.Rate.RateProvider.SaveRateCard(String scopeId, RateCard rateCard) in d:\Code\TOM\Catapult\Code\trunk\CatapultServices\Tavisca.Catapult.Internal.ResourceAccess.DataProviders\Rate\RateProvider.cs:line 649
   at Tavisca.Catapult.External.Facade.Tests.TestActivityGenerator.SaveRateCard(RateCard rateCard) in d:\Code\TOM\Catapult\Code\trunk\CatapultServices\Tavisca.Catapult.External.Facade.Tests\TestActivityGenerator.cs:line 352
   at Tavisca.Catapult.External.Facade.Tests.ActivityMultiAvailTests.SearchByAirportCodeTest.AirportCodeTest1() in d:\Code\TOM\Catapult\Code\trunk\CatapultServices\Tavisca.Catapult.External.Facade.Tests\ActivityMultiAvailTests\SearchByAirportCodeTest.cs:line 32
</StackTrace>
        </ErrorInfo>
      </Output>
    </UnitTestResult>
    <UnitTestResult executionId="a61a43f4-9d10-4a2a-869e-5fe49a6222ed" testId="9890b5e1-471c-6381-f714-821257e98ee3" testName="SearchByActivityCodeContentEnabledTest1" computerName="PHOENIXX" duration="00:00:00.3197688" startTime="2013-08-09T22:00:31.6880407+05:30" endTime="2013-08-09T22:00:32.0081367+05:30" testType="13cdc9d9-ddb5-4fa4-a97d-d965ccfc6d4b" outcome="Failed" testListId="8c84fa94-04c1-424b-9868-57a2d4851a1d" relativeResultsDirectory="a61a43f4-9d10-4a2a-869e-5fe49a6222ed">
      <Output>
        <ErrorInfo>
          <Message>Test method Tavisca.Catapult.External.Facade.Tests.ActivityMultiAvailTests.SearchByAirportCodeTest.SearchByActivityCodeContentEnabledTest1 threw exception: 
System.Transactions.TransactionManagerCommunicationException: Network access for Distributed Transaction Manager (MSDTC) has been disabled. Please enable DTC for network access in the security configuration for MSDTC using the Component Services Administrative tool. ---&gt; System.Runtime.InteropServices.COMException: The transaction manager has disabled its support for remote/network transactions. (Exception from HRESULT: 0x8004D024)</Message>
          <StackTrace>    at System.Transactions.Oletx.IDtcProxyShimFactory.ReceiveTransaction(UInt32 propgationTokenSize, Byte[] propgationToken, IntPtr managedIdentifier, Guid&amp; transactionIdentifier, OletxTransactionIsolationLevel&amp; isolationLevel, ITransactionShim&amp; transactionShim)
   at System.Transactions.TransactionInterop.GetOletxTransactionFromTransmitterPropigationToken(Byte[] propagationToken)
 --- End of inner exception stack trace ---
    at System.Transactions.Oletx.OletxTransactionManager.ProxyException(COMException comException)
   at System.Transactions.TransactionInterop.GetOletxTransactionFromTransmitterPropigationToken(Byte[] propagationToken)
   at System.Transactions.TransactionStatePSPEOperation.PSPEPromote(InternalTransaction tx)
   at System.Transactions.TransactionStateDelegatedBase.EnterState(InternalTransaction tx)
   at System.Transactions.EnlistableStates.Promote(InternalTransaction tx)
   at System.Transactions.Transaction.Promote()
   at System.Transactions.TransactionInterop.ConvertToOletxTransaction(Transaction transaction)
   at System.Transactions.TransactionInterop.GetExportCookie(Transaction transaction, Byte[] whereabouts)
   at System.Data.SqlClient.SqlInternalConnection.GetTransactionCookie(Transaction transaction, Byte[] whereAbouts)
   at System.Data.SqlClient.SqlInternalConnection.EnlistNonNull(Transaction tx)
   at System.Data.SqlClient.SqlInternalConnection.Enlist(Transaction tx)
   at System.Data.SqlClient.SqlInternalConnectionTds.Activate(Transaction transaction)
   at System.Data.ProviderBase.DbConnectionInternal.ActivateConnection(Transaction transaction)
   at System.Data.ProviderBase.DbConnectionPool.TryGetConnection(DbConnection owningObject, UInt32 waitForMultipleObjectsTimeout, Boolean allowCreate, Boolean onlyOneCheckConnection, DbConnectionOptions userOptions, DbConnectionInternal&amp; connection)
   at System.Data.ProviderBase.DbConnectionPool.TryGetConnection(DbConnection owningObject, TaskCompletionSource`1 retry, DbConnectionOptions userOptions, DbConnectionInternal&amp; connection)
   at System.Data.ProviderBase.DbConnectionFactory.TryGetConnection(DbConnection owningConnection, TaskCompletionSource`1 retry, DbConnectionOptions userOptions, DbConnectionInternal&amp; connection)
   at System.Data.ProviderBase.DbConnectionClosed.TryOpenConnection(DbConnection outerConnection, DbConnectionFactory connectionFactory, TaskCompletionSource`1 retry, DbConnectionOptions userOptions)
   at System.Data.SqlClient.SqlConnection.TryOpen(TaskCompletionSource`1 retry)
   at System.Data.SqlClient.SqlConnection.Open()
   at System.Data.Linq.SqlClient.SqlConnectionManager.UseConnection(IConnectionUser user)
   at System.Data.Linq.SqlClient.SqlProvider.get_IsSqlCe()
   at System.Data.Linq.SqlClient.SqlProvider.InitializeProviderMode()
   at System.Data.Linq.SqlClient.SqlProvider.System.Data.Linq.Provider.IProvider.Execute(Expression query)
   at System.Data.Linq.DataContext.ExecuteMethodCall(Object instance, MethodInfo methodInfo, Object[] parameters)
   at Tavisca.Catapult.Internal.ResourceAccess.DataProviders.Rate.LINQ.RateDataContext.spSaveRateCard(Nullable`1 id, Nullable`1 productId, String productType, String scope, Nullable`1 isEnabled, Nullable`1 isDeleted) in d:\Code\TOM\Catapult\Code\trunk\CatapultServices\Tavisca.Catapult.Internal.ResourceAccess.DataProviders\Rate\LINQ\Rate.designer.cs:line 265
   at Tavisca.Catapult.Internal.ResourceAccess.DataProviders.Rate.RateProvider.SaveRateCard(String scopeId, RateCard rateCard) in d:\Code\TOM\Catapult\Code\trunk\CatapultServices\Tavisca.Catapult.Internal.ResourceAccess.DataProviders\Rate\RateProvider.cs:line 649
   at Tavisca.Catapult.External.Facade.Tests.TestActivityGenerator.SaveRateCard(RateCard rateCard) in d:\Code\TOM\Catapult\Code\trunk\CatapultServices\Tavisca.Catapult.External.Facade.Tests\TestActivityGenerator.cs:line 352
   at Tavisca.Catapult.External.Facade.Tests.ActivityMultiAvailTests.SearchByAirportCodeTest.SearchByActivityCodeContentEnabledTest1() in d:\Code\TOM\Catapult\Code\trunk\CatapultServices\Tavisca.Catapult.External.Facade.Tests\ActivityMultiAvailTests\SearchByAirportCodeTest.cs:line 75
</StackTrace>
        </ErrorInfo>
      </Output>
    </UnitTestResult>
    <UnitTestResult executionId="c39c72b9-fae0-4401-bc79-de9314ea8e68" testId="b53a3bb1-b5be-6756-6515-8faa308eb848" testName="SearchByActivityCodeContentDisabledTest1" computerName="PHOENIXX" duration="00:00:00.3224216" startTime="2013-08-09T22:00:32.0081367+05:30" endTime="2013-08-09T22:00:32.3312336+05:30" testType="13cdc9d9-ddb5-4fa4-a97d-d965ccfc6d4b" outcome="Failed" testListId="8c84fa94-04c1-424b-9868-57a2d4851a1d" relativeResultsDirectory="c39c72b9-fae0-4401-bc79-de9314ea8e68">
      <Output>
        <ErrorInfo>
          <Message>Test method Tavisca.Catapult.External.Facade.Tests.ActivityMultiAvailTests.SearchByAirportCodeTest.SearchByActivityCodeContentDisabledTest1 threw exception: 
System.Transactions.TransactionManagerCommunicationException: Network access for Distributed Transaction Manager (MSDTC) has been disabled. Please enable DTC for network access in the security configuration for MSDTC using the Component Services Administrative tool. ---&gt; System.Runtime.InteropServices.COMException: The transaction manager has disabled its support for remote/network transactions. (Exception from HRESULT: 0x8004D024)</Message>
          <StackTrace>    at System.Transactions.Oletx.IDtcProxyShimFactory.ReceiveTransaction(UInt32 propgationTokenSize, Byte[] propgationToken, IntPtr managedIdentifier, Guid&amp; transactionIdentifier, OletxTransactionIsolationLevel&amp; isolationLevel, ITransactionShim&amp; transactionShim)
   at System.Transactions.TransactionInterop.GetOletxTransactionFromTransmitterPropigationToken(Byte[] propagationToken)
 --- End of inner exception stack trace ---
    at System.Transactions.Oletx.OletxTransactionManager.ProxyException(COMException comException)
   at System.Transactions.TransactionInterop.GetOletxTransactionFromTransmitterPropigationToken(Byte[] propagationToken)
   at System.Transactions.TransactionStatePSPEOperation.PSPEPromote(InternalTransaction tx)
   at System.Transactions.TransactionStateDelegatedBase.EnterState(InternalTransaction tx)
   at System.Transactions.EnlistableStates.Promote(InternalTransaction tx)
   at System.Transactions.Transaction.Promote()
   at System.Transactions.TransactionInterop.ConvertToOletxTransaction(Transaction transaction)
   at System.Transactions.TransactionInterop.GetExportCookie(Transaction transaction, Byte[] whereabouts)
   at System.Data.SqlClient.SqlInternalConnection.GetTransactionCookie(Transaction transaction, Byte[] whereAbouts)
   at System.Data.SqlClient.SqlInternalConnection.EnlistNonNull(Transaction tx)
   at System.Data.SqlClient.SqlInternalConnection.Enlist(Transaction tx)
   at System.Data.SqlClient.SqlInternalConnectionTds.Activate(Transaction transaction)
   at System.Data.ProviderBase.DbConnectionInternal.ActivateConnection(Transaction transaction)
   at System.Data.ProviderBase.DbConnectionPool.TryGetConnection(DbConnection owningObject, UInt32 waitForMultipleObjectsTimeout, Boolean allowCreate, Boolean onlyOneCheckConnection, DbConnectionOptions userOptions, DbConnectionInternal&amp; connection)
   at System.Data.ProviderBase.DbConnectionPool.TryGetConnection(DbConnection owningObject, TaskCompletionSource`1 retry, DbConnectionOptions userOptions, DbConnectionInternal&amp; connection)
   at System.Data.ProviderBase.DbConnectionFactory.TryGetConnection(DbConnection owningConnection, TaskCompletionSource`1 retry, DbConnectionOptions userOptions, DbConnectionInternal&amp; connection)
   at System.Data.ProviderBase.DbConnectionClosed.TryOpenConnection(DbConnection outerConnection, DbConnectionFactory connectionFactory, TaskCompletionSource`1 retry, DbConnectionOptions userOptions)
   at System.Data.SqlClient.SqlConnection.TryOpen(TaskCompletionSource`1 retry)
   at System.Data.SqlClient.SqlConnection.Open()
   at System.Data.Linq.SqlClient.SqlConnectionManager.UseConnection(IConnectionUser user)
   at System.Data.Linq.SqlClient.SqlProvider.get_IsSqlCe()
   at System.Data.Linq.SqlClient.SqlProvider.InitializeProviderMode()
   at System.Data.Linq.SqlClient.SqlProvider.System.Data.Linq.Provider.IProvider.Execute(Expression query)
   at System.Data.Linq.DataContext.ExecuteMethodCall(Object instance, MethodInfo methodInfo, Object[] parameters)
   at Tavisca.Catapult.Internal.ResourceAccess.DataProviders.Rate.LINQ.RateDataContext.spSaveRateCard(Nullable`1 id, Nullable`1 productId, String productType, String scope, Nullable`1 isEnabled, Nullable`1 isDeleted) in d:\Code\TOM\Catapult\Code\trunk\CatapultServices\Tavisca.Catapult.Internal.ResourceAccess.DataProviders\Rate\LINQ\Rate.designer.cs:line 265
   at Tavisca.Catapult.Internal.ResourceAccess.DataProviders.Rate.RateProvider.SaveRateCard(String scopeId, RateCard rateCard) in d:\Code\TOM\Catapult\Code\trunk\CatapultServices\Tavisca.Catapult.Internal.ResourceAccess.DataProviders\Rate\RateProvider.cs:line 649
   at Tavisca.Catapult.External.Facade.Tests.TestActivityGenerator.SaveRateCard(RateCard rateCard) in d:\Code\TOM\Catapult\Code\trunk\CatapultServices\Tavisca.Catapult.External.Facade.Tests\TestActivityGenerator.cs:line 352
   at Tavisca.Catapult.External.Facade.Tests.ActivityMultiAvailTests.SearchByAirportCodeTest.SearchByActivityCodeContentDisabledTest1() in d:\Code\TOM\Catapult\Code\trunk\CatapultServices\Tavisca.Catapult.External.Facade.Tests\ActivityMultiAvailTests\SearchByAirportCodeTest.cs:line 120
</StackTrace>
        </ErrorInfo>
      </Output>
    </UnitTestResult>
    <UnitTestResult executionId="1374d0ec-da97-4aaf-9331-14f51cc0e3da" testId="38ab32f0-db8d-ae1b-f48e-18112ebf1a13" testName="BlackOutPeriodTest1" computerName="PHOENIXX" duration="00:00:00.3469684" startTime="2013-08-09T22:00:32.3312336+05:30" endTime="2013-08-09T22:00:32.6783377+05:30" testType="13cdc9d9-ddb5-4fa4-a97d-d965ccfc6d4b" outcome="Failed" testListId="8c84fa94-04c1-424b-9868-57a2d4851a1d" relativeResultsDirectory="1374d0ec-da97-4aaf-9331-14f51cc0e3da">
      <Output>
        <ErrorInfo>
          <Message>Test method Tavisca.Catapult.External.Facade.Tests.ActivityMultiAvailTests.SearchByAirportCodeTest.BlackOutPeriodTest1 threw exception: 
System.Transactions.TransactionManagerCommunicationException: Network access for Distributed Transaction Manager (MSDTC) has been disabled. Please enable DTC for network access in the security configuration for MSDTC using the Component Services Administrative tool. ---&gt; System.Runtime.InteropServices.COMException: The transaction manager has disabled its support for remote/network transactions. (Exception from HRESULT: 0x8004D024)</Message>
          <StackTrace>    at System.Transactions.Oletx.IDtcProxyShimFactory.ReceiveTransaction(UInt32 propgationTokenSize, Byte[] propgationToken, IntPtr managedIdentifier, Guid&amp; transactionIdentifier, OletxTransactionIsolationLevel&amp; isolationLevel, ITransactionShim&amp; transactionShim)
   at System.Transactions.TransactionInterop.GetOletxTransactionFromTransmitterPropigationToken(Byte[] propagationToken)
 --- End of inner exception stack trace ---
    at System.Transactions.Oletx.OletxTransactionManager.ProxyException(COMException comException)
   at System.Transactions.TransactionInterop.GetOletxTransactionFromTransmitterPropigationToken(Byte[] propagationToken)
   at System.Transactions.TransactionStatePSPEOperation.PSPEPromote(InternalTransaction tx)
   at System.Transactions.TransactionStateDelegatedBase.EnterState(InternalTransaction tx)
   at System.Transactions.EnlistableStates.Promote(InternalTransaction tx)
   at System.Transactions.Transaction.Promote()
   at System.Transactions.TransactionInterop.ConvertToOletxTransaction(Transaction transaction)
   at System.Transactions.TransactionInterop.GetExportCookie(Transaction transaction, Byte[] whereabouts)
   at System.Data.SqlClient.SqlInternalConnection.GetTransactionCookie(Transaction transaction, Byte[] whereAbouts)
   at System.Data.SqlClient.SqlInternalConnection.EnlistNonNull(Transaction tx)
   at System.Data.SqlClient.SqlInternalConnection.Enlist(Transaction tx)
   at System.Data.SqlClient.SqlInternalConnectionTds.Activate(Transaction transaction)
   at System.Data.ProviderBase.DbConnectionInternal.ActivateConnection(Transaction transaction)
   at System.Data.ProviderBase.DbConnectionPool.TryGetConnection(DbConnection owningObject, UInt32 waitForMultipleObjectsTimeout, Boolean allowCreate, Boolean onlyOneCheckConnection, DbConnectionOptions userOptions, DbConnectionInternal&amp; connection)
   at System.Data.ProviderBase.DbConnectionPool.TryGetConnection(DbConnection owningObject, TaskCompletionSource`1 retry, DbConnectionOptions userOptions, DbConnectionInternal&amp; connection)
   at System.Data.ProviderBase.DbConnectionFactory.TryGetConnection(DbConnection owningConnection, TaskCompletionSource`1 retry, DbConnectionOptions userOptions, DbConnectionInternal&amp; connection)
   at System.Data.ProviderBase.DbConnectionClosed.TryOpenConnection(DbConnection outerConnection, DbConnectionFactory connectionFactory, TaskCompletionSource`1 retry, DbConnectionOptions userOptions)
   at System.Data.SqlClient.SqlConnection.TryOpen(TaskCompletionSource`1 retry)
   at System.Data.SqlClient.SqlConnection.Open()
   at System.Data.Linq.SqlClient.SqlConnectionManager.UseConnection(IConnectionUser user)
   at System.Data.Linq.SqlClient.SqlProvider.get_IsSqlCe()
   at System.Data.Linq.SqlClient.SqlProvider.InitializeProviderMode()
   at System.Data.Linq.SqlClient.SqlProvider.System.Data.Linq.Provider.IProvider.Execute(Expression query)
   at System.Data.Linq.DataContext.ExecuteMethodCall(Object instance, MethodInfo methodInfo, Object[] parameters)
   at Tavisca.Catapult.Internal.ResourceAccess.DataProviders.Rate.LINQ.RateDataContext.spSaveRateCard(Nullable`1 id, Nullable`1 productId, String productType, String scope, Nullable`1 isEnabled, Nullable`1 isDeleted) in d:\Code\TOM\Catapult\Code\trunk\CatapultServices\Tavisca.Catapult.Internal.ResourceAccess.DataProviders\Rate\LINQ\Rate.designer.cs:line 265
   at Tavisca.Catapult.Internal.ResourceAccess.DataProviders.Rate.RateProvider.SaveRateCard(String scopeId, RateCard rateCard) in d:\Code\TOM\Catapult\Code\trunk\CatapultServices\Tavisca.Catapult.Internal.ResourceAccess.DataProviders\Rate\RateProvider.cs:line 649
   at Tavisca.Catapult.External.Facade.Tests.TestActivityGenerator.SaveRateCard(RateCard rateCard) in d:\Code\TOM\Catapult\Code\trunk\CatapultServices\Tavisca.Catapult.External.Facade.Tests\TestActivityGenerator.cs:line 352
   at Tavisca.Catapult.External.Facade.Tests.ActivityMultiAvailTests.SearchByAirportCodeTest.BlackOutPeriodTest1() in d:\Code\TOM\Catapult\Code\trunk\CatapultServices\Tavisca.Catapult.External.Facade.Tests\ActivityMultiAvailTests\SearchByAirportCodeTest.cs:line 165
</StackTrace>
        </ErrorInfo>
      </Output>
    </UnitTestResult>
    <UnitTestResult executionId="6a033d87-34e9-4f91-9497-5260d6589dd1" testId="b5a0393e-5bf1-4512-9138-b8c7e1384c2b" testName="BlackOutPeriodTest2" computerName="PHOENIXX" duration="00:00:00.3507343" startTime="2013-08-09T22:00:32.6783377+05:30" endTime="2013-08-09T22:00:33.0294430+05:30" testType="13cdc9d9-ddb5-4fa4-a97d-d965ccfc6d4b" outcome="Failed" testListId="8c84fa94-04c1-424b-9868-57a2d4851a1d" relativeResultsDirectory="6a033d87-34e9-4f91-9497-5260d6589dd1">
      <Output>
        <ErrorInfo>
          <Message>Test method Tavisca.Catapult.External.Facade.Tests.ActivityMultiAvailTests.SearchByAirportCodeTest.BlackOutPeriodTest2 threw exception: 
System.Transactions.TransactionManagerCommunicationException: Network access for Distributed Transaction Manager (MSDTC) has been disabled. Please enable DTC for network access in the security configuration for MSDTC using the Component Services Administrative tool. ---&gt; System.Runtime.InteropServices.COMException: The transaction manager has disabled its support for remote/network transactions. (Exception from HRESULT: 0x8004D024)</Message>
          <StackTrace>    at System.Transactions.Oletx.IDtcProxyShimFactory.ReceiveTransaction(UInt32 propgationTokenSize, Byte[] propgationToken, IntPtr managedIdentifier, Guid&amp; transactionIdentifier, OletxTransactionIsolationLevel&amp; isolationLevel, ITransactionShim&amp; transactionShim)
   at System.Transactions.TransactionInterop.GetOletxTransactionFromTransmitterPropigationToken(Byte[] propagationToken)
 --- End of inner exception stack trace ---
    at System.Transactions.Oletx.OletxTransactionManager.ProxyException(COMException comException)
   at System.Transactions.TransactionInterop.GetOletxTransactionFromTransmitterPropigationToken(Byte[] propagationToken)
   at System.Transactions.TransactionStatePSPEOperation.PSPEPromote(InternalTransaction tx)
   at System.Transactions.TransactionStateDelegatedBase.EnterState(InternalTransaction tx)
   at System.Transactions.EnlistableStates.Promote(InternalTransaction tx)
   at System.Transactions.Transaction.Promote()
   at System.Transactions.TransactionInterop.ConvertToOletxTransaction(Transaction transaction)
   at System.Transactions.TransactionInterop.GetExportCookie(Transaction transaction, Byte[] whereabouts)
   at System.Data.SqlClient.SqlInternalConnection.GetTransactionCookie(Transaction transaction, Byte[] whereAbouts)
   at System.Data.SqlClient.SqlInternalConnection.EnlistNonNull(Transaction tx)
   at System.Data.SqlClient.SqlInternalConnection.Enlist(Transaction tx)
   at System.Data.SqlClient.SqlInternalConnectionTds.Activate(Transaction transaction)
   at System.Data.ProviderBase.DbConnectionInternal.ActivateConnection(Transaction transaction)
   at System.Data.ProviderBase.DbConnectionPool.TryGetConnection(DbConnection owningObject, UInt32 waitForMultipleObjectsTimeout, Boolean allowCreate, Boolean onlyOneCheckConnection, DbConnectionOptions userOptions, DbConnectionInternal&amp; connection)
   at System.Data.ProviderBase.DbConnectionPool.TryGetConnection(DbConnection owningObject, TaskCompletionSource`1 retry, DbConnectionOptions userOptions, DbConnectionInternal&amp; connection)
   at System.Data.ProviderBase.DbConnectionFactory.TryGetConnection(DbConnection owningConnection, TaskCompletionSource`1 retry, DbConnectionOptions userOptions, DbConnectionInternal&amp; connection)
   at System.Data.ProviderBase.DbConnectionClosed.TryOpenConnection(DbConnection outerConnection, DbConnectionFactory connectionFactory, TaskCompletionSource`1 retry, DbConnectionOptions userOptions)
   at System.Data.SqlClient.SqlConnection.TryOpen(TaskCompletionSource`1 retry)
   at System.Data.SqlClient.SqlConnection.Open()
   at System.Data.Linq.SqlClient.SqlConnectionManager.UseConnection(IConnectionUser user)
   at System.Data.Linq.SqlClient.SqlProvider.get_IsSqlCe()
   at System.Data.Linq.SqlClient.SqlProvider.InitializeProviderMode()
   at System.Data.Linq.SqlClient.SqlProvider.System.Data.Linq.Provider.IProvider.Execute(Expression query)
   at System.Data.Linq.DataContext.ExecuteMethodCall(Object instance, MethodInfo methodInfo, Object[] parameters)
   at Tavisca.Catapult.Internal.ResourceAccess.DataProviders.Rate.LINQ.RateDataContext.spSaveRateCard(Nullable`1 id, Nullable`1 productId, String productType, String scope, Nullable`1 isEnabled, Nullable`1 isDeleted) in d:\Code\TOM\Catapult\Code\trunk\CatapultServices\Tavisca.Catapult.Internal.ResourceAccess.DataProviders\Rate\LINQ\Rate.designer.cs:line 265
   at Tavisca.Catapult.Internal.ResourceAccess.DataProviders.Rate.RateProvider.SaveRateCard(String scopeId, RateCard rateCard) in d:\Code\TOM\Catapult\Code\trunk\CatapultServices\Tavisca.Catapult.Internal.ResourceAccess.DataProviders\Rate\RateProvider.cs:line 649
   at Tavisca.Catapult.External.Facade.Tests.TestActivityGenerator.SaveRateCard(RateCard rateCard) in d:\Code\TOM\Catapult\Code\trunk\CatapultServices\Tavisca.Catapult.External.Facade.Tests\TestActivityGenerator.cs:line 352
   at Tavisca.Catapult.External.Facade.Tests.ActivityMultiAvailTests.SearchByAirportCodeTest.BlackOutPeriodTest2() in d:\Code\TOM\Catapult\Code\trunk\CatapultServices\Tavisca.Catapult.External.Facade.Tests\ActivityMultiAvailTests\SearchByAirportCodeTest.cs:line 209
</StackTrace>
        </ErrorInfo>
      </Output>
    </UnitTestResult>
    <UnitTestResult executionId="ff73a398-b775-4f41-aede-7984bcda4b02" testId="03be4ea0-f6c2-d08d-3590-029732c37261" testName="BlackOutPeriodTest3" computerName="PHOENIXX" duration="00:00:00.3677806" startTime="2013-08-09T22:00:33.0294430+05:30" endTime="2013-08-09T22:00:33.3975534+05:30" testType="13cdc9d9-ddb5-4fa4-a97d-d965ccfc6d4b" outcome="Failed" testListId="8c84fa94-04c1-424b-9868-57a2d4851a1d" relativeResultsDirectory="ff73a398-b775-4f41-aede-7984bcda4b02">
      <Output>
        <ErrorInfo>
          <Message>Test method Tavisca.Catapult.External.Facade.Tests.ActivityMultiAvailTests.SearchByAirportCodeTest.BlackOutPeriodTest3 threw exception: 
System.Transactions.TransactionManagerCommunicationException: Network access for Distributed Transaction Manager (MSDTC) has been disabled. Please enable DTC for network access in the security configuration for MSDTC using the Component Services Administrative tool. ---&gt; System.Runtime.InteropServices.COMException: The transaction manager has disabled its support for remote/network transactions. (Exception from HRESULT: 0x8004D024)</Message>
          <StackTrace>    at System.Transactions.Oletx.IDtcProxyShimFactory.ReceiveTransaction(UInt32 propgationTokenSize, Byte[] propgationToken, IntPtr managedIdentifier, Guid&amp; transactionIdentifier, OletxTransactionIsolationLevel&amp; isolationLevel, ITransactionShim&amp; transactionShim)
   at System.Transactions.TransactionInterop.GetOletxTransactionFromTransmitterPropigationToken(Byte[] propagationToken)
 --- End of inner exception stack trace ---
    at System.Transactions.Oletx.OletxTransactionManager.ProxyException(COMException comException)
   at System.Transactions.TransactionInterop.GetOletxTransactionFromTransmitterPropigationToken(Byte[] propagationToken)
   at System.Transactions.TransactionStatePSPEOperation.PSPEPromote(InternalTransaction tx)
   at System.Transactions.TransactionStateDelegatedBase.EnterState(InternalTransaction tx)
   at System.Transactions.EnlistableStates.Promote(InternalTransaction tx)
   at System.Transactions.Transaction.Promote()
   at System.Transactions.TransactionInterop.ConvertToOletxTransaction(Transaction transaction)
   at System.Transactions.TransactionInterop.GetExportCookie(Transaction transaction, Byte[] whereabouts)
   at System.Data.SqlClient.SqlInternalConnection.GetTransactionCookie(Transaction transaction, Byte[] whereAbouts)
   at System.Data.SqlClient.SqlInternalConnection.EnlistNonNull(Transaction tx)
   at System.Data.SqlClient.SqlInternalConnection.Enlist(Transaction tx)
   at System.Data.SqlClient.SqlInternalConnectionTds.Activate(Transaction transaction)
   at System.Data.ProviderBase.DbConnectionInternal.ActivateConnection(Transaction transaction)
   at System.Data.ProviderBase.DbConnectionPool.TryGetConnection(DbConnection owningObject, UInt32 waitForMultipleObjectsTimeout, Boolean allowCreate, Boolean onlyOneCheckConnection, DbConnectionOptions userOptions, DbConnectionInternal&amp; connection)
   at System.Data.ProviderBase.DbConnectionPool.TryGetConnection(DbConnection owningObject, TaskCompletionSource`1 retry, DbConnectionOptions userOptions, DbConnectionInternal&amp; connection)
   at System.Data.ProviderBase.DbConnectionFactory.TryGetConnection(DbConnection owningConnection, TaskCompletionSource`1 retry, DbConnectionOptions userOptions, DbConnectionInternal&amp; connection)
   at System.Data.ProviderBase.DbConnectionClosed.TryOpenConnection(DbConnection outerConnection, DbConnectionFactory connectionFactory, TaskCompletionSource`1 retry, DbConnectionOptions userOptions)
   at System.Data.SqlClient.SqlConnection.TryOpen(TaskCompletionSource`1 retry)
   at System.Data.SqlClient.SqlConnection.Open()
   at System.Data.Linq.SqlClient.SqlConnectionManager.UseConnection(IConnectionUser user)
   at System.Data.Linq.SqlClient.SqlProvider.get_IsSqlCe()
   at System.Data.Linq.SqlClient.SqlProvider.InitializeProviderMode()
   at System.Data.Linq.SqlClient.SqlProvider.System.Data.Linq.Provider.IProvider.Execute(Expression query)
   at System.Data.Linq.DataContext.ExecuteMethodCall(Object instance, MethodInfo methodInfo, Object[] parameters)
   at Tavisca.Catapult.Internal.ResourceAccess.DataProviders.Rate.LINQ.RateDataContext.spSaveRateCard(Nullable`1 id, Nullable`1 productId, String productType, String scope, Nullable`1 isEnabled, Nullable`1 isDeleted) in d:\Code\TOM\Catapult\Code\trunk\CatapultServices\Tavisca.Catapult.Internal.ResourceAccess.DataProviders\Rate\LINQ\Rate.designer.cs:line 265
   at Tavisca.Catapult.Internal.ResourceAccess.DataProviders.Rate.RateProvider.SaveRateCard(String scopeId, RateCard rateCard) in d:\Code\TOM\Catapult\Code\trunk\CatapultServices\Tavisca.Catapult.Internal.ResourceAccess.DataProviders\Rate\RateProvider.cs:line 649
   at Tavisca.Catapult.External.Facade.Tests.TestActivityGenerator.SaveRateCard(RateCard rateCard) in d:\Code\TOM\Catapult\Code\trunk\CatapultServices\Tavisca.Catapult.External.Facade.Tests\TestActivityGenerator.cs:line 352
   at Tavisca.Catapult.External.Facade.Tests.ActivityMultiAvailTests.SearchByAirportCodeTest.BlackOutPeriodTest3() in d:\Code\TOM\Catapult\Code\trunk\CatapultServices\Tavisca.Catapult.External.Facade.Tests\ActivityMultiAvailTests\SearchByAirportCodeTest.cs:line 253
</StackTrace>
        </ErrorInfo>
      </Output>
    </UnitTestResult>
    <UnitTestResult executionId="ea3a70f4-d926-4897-88d5-216eed7f9513" testId="7e992eb7-39ae-6450-2ee9-40bcf444b2c3" testName="RateContractTest1" computerName="PHOENIXX" duration="00:00:00.3867560" startTime="2013-08-09T22:00:33.3975534+05:30" endTime="2013-08-09T22:00:33.7846695+05:30" testType="13cdc9d9-ddb5-4fa4-a97d-d965ccfc6d4b" outcome="Failed" testListId="8c84fa94-04c1-424b-9868-57a2d4851a1d" relativeResultsDirectory="ea3a70f4-d926-4897-88d5-216eed7f9513">
      <Output>
        <ErrorInfo>
          <Message>Test method Tavisca.Catapult.External.Facade.Tests.ActivityMultiAvailTests.SearchByAirportCodeTest.RateContractTest1 threw exception: 
System.Transactions.TransactionManagerCommunicationException: Network access for Distributed Transaction Manager (MSDTC) has been disabled. Please enable DTC for network access in the security configuration for MSDTC using the Component Services Administrative tool. ---&gt; System.Runtime.InteropServices.COMException: The transaction manager has disabled its support for remote/network transactions. (Exception from HRESULT: 0x8004D024)</Message>
          <StackTrace>    at System.Transactions.Oletx.IDtcProxyShimFactory.ReceiveTransaction(UInt32 propgationTokenSize, Byte[] propgationToken, IntPtr managedIdentifier, Guid&amp; transactionIdentifier, OletxTransactionIsolationLevel&amp; isolationLevel, ITransactionShim&amp; transactionShim)
   at System.Transactions.TransactionInterop.GetOletxTransactionFromTransmitterPropigationToken(Byte[] propagationToken)
 --- End of inner exception stack trace ---
    at System.Transactions.Oletx.OletxTransactionManager.ProxyException(COMException comException)
   at System.Transactions.TransactionInterop.GetOletxTransactionFromTransmitterPropigationToken(Byte[] propagationToken)
   at System.Transactions.TransactionStatePSPEOperation.PSPEPromote(InternalTransaction tx)
   at System.Transactions.TransactionStateDelegatedBase.EnterState(InternalTransaction tx)
   at System.Transactions.EnlistableStates.Promote(InternalTransaction tx)
   at System.Transactions.Transaction.Promote()
   at System.Transactions.TransactionInterop.ConvertToOletxTransaction(Transaction transaction)
   at System.Transactions.TransactionInterop.GetExportCookie(Transaction transaction, Byte[] whereabouts)
   at System.Data.SqlClient.SqlInternalConnection.GetTransactionCookie(Transaction transaction, Byte[] whereAbouts)
   at System.Data.SqlClient.SqlInternalConnection.EnlistNonNull(Transaction tx)
   at System.Data.SqlClient.SqlInternalConnection.Enlist(Transaction tx)
   at System.Data.SqlClient.SqlInternalConnectionTds.Activate(Transaction transaction)
   at System.Data.ProviderBase.DbConnectionInternal.ActivateConnection(Transaction transaction)
   at System.Data.ProviderBase.DbConnectionPool.TryGetConnection(DbConnection owningObject, UInt32 waitForMultipleObjectsTimeout, Boolean allowCreate, Boolean onlyOneCheckConnection, DbConnectionOptions userOptions, DbConnectionInternal&amp; connection)
   at System.Data.ProviderBase.DbConnectionPool.TryGetConnection(DbConnection owningObject, TaskCompletionSource`1 retry, DbConnectionOptions userOptions, DbConnectionInternal&amp; connection)
   at System.Data.ProviderBase.DbConnectionFactory.TryGetConnection(DbConnection owningConnection, TaskCompletionSource`1 retry, DbConnectionOptions userOptions, DbConnectionInternal&amp; connection)
   at System.Data.ProviderBase.DbConnectionClosed.TryOpenConnection(DbConnection outerConnection, DbConnectionFactory connectionFactory, TaskCompletionSource`1 retry, DbConnectionOptions userOptions)
   at System.Data.SqlClient.SqlConnection.TryOpen(TaskCompletionSource`1 retry)
   at System.Data.SqlClient.SqlConnection.Open()
   at System.Data.Linq.SqlClient.SqlConnectionManager.UseConnection(IConnectionUser user)
   at System.Data.Linq.SqlClient.SqlProvider.get_IsSqlCe()
   at System.Data.Linq.SqlClient.SqlProvider.InitializeProviderMode()
   at System.Data.Linq.SqlClient.SqlProvider.System.Data.Linq.Provider.IProvider.Execute(Expression query)
   at System.Data.Linq.DataContext.ExecuteMethodCall(Object instance, MethodInfo methodInfo, Object[] parameters)
   at Tavisca.Catapult.Internal.ResourceAccess.DataProviders.Rate.LINQ.RateDataContext.spSaveRateCard(Nullable`1 id, Nullable`1 productId, String productType, String scope, Nullable`1 isEnabled, Nullable`1 isDeleted) in d:\Code\TOM\Catapult\Code\trunk\CatapultServices\Tavisca.Catapult.Internal.ResourceAccess.DataProviders\Rate\LINQ\Rate.designer.cs:line 265
   at Tavisca.Catapult.Internal.ResourceAccess.DataProviders.Rate.RateProvider.SaveRateCard(String scopeId, RateCard rateCard) in d:\Code\TOM\Catapult\Code\trunk\CatapultServices\Tavisca.Catapult.Internal.ResourceAccess.DataProviders\Rate\RateProvider.cs:line 649
   at Tavisca.Catapult.External.Facade.Tests.TestActivityGenerator.SaveRateCard(RateCard rateCard) in d:\Code\TOM\Catapult\Code\trunk\CatapultServices\Tavisca.Catapult.External.Facade.Tests\TestActivityGenerator.cs:line 352
   at Tavisca.Catapult.External.Facade.Tests.ActivityMultiAvailTests.SearchByAirportCodeTest.RateContractTest1() in d:\Code\TOM\Catapult\Code\trunk\CatapultServices\Tavisca.Catapult.External.Facade.Tests\ActivityMultiAvailTests\SearchByAirportCodeTest.cs:line 310
</StackTrace>
        </ErrorInfo>
      </Output>
    </UnitTestResult>
    <UnitTestResult executionId="344e495f-2181-4f87-ac27-e3051cba56fa" testId="99ac3695-0c4f-9a45-e6cf-7cedaa76a74c" testName="RateContractTest2" computerName="PHOENIXX" duration="00:00:00.4808433" startTime="2013-08-09T22:00:33.7846695+05:30" endTime="2013-08-09T22:00:34.2658138+05:30" testType="13cdc9d9-ddb5-4fa4-a97d-d965ccfc6d4b" outcome="Failed" testListId="8c84fa94-04c1-424b-9868-57a2d4851a1d" relativeResultsDirectory="344e495f-2181-4f87-ac27-e3051cba56fa">
      <Output>
        <ErrorInfo>
          <Message>Test method Tavisca.Catapult.External.Facade.Tests.ActivityMultiAvailTests.SearchByAirportCodeTest.RateContractTest2 threw exception: 
System.Transactions.TransactionManagerCommunicationException: Network access for Distributed Transaction Manager (MSDTC) has been disabled. Please enable DTC for network access in the security configuration for MSDTC using the Component Services Administrative tool. ---&gt; System.Runtime.InteropServices.COMException: The transaction manager has disabled its support for remote/network transactions. (Exception from HRESULT: 0x8004D024)</Message>
          <StackTrace>    at System.Transactions.Oletx.IDtcProxyShimFactory.ReceiveTransaction(UInt32 propgationTokenSize, Byte[] propgationToken, IntPtr managedIdentifier, Guid&amp; transactionIdentifier, OletxTransactionIsolationLevel&amp; isolationLevel, ITransactionShim&amp; transactionShim)
   at System.Transactions.TransactionInterop.GetOletxTransactionFromTransmitterPropigationToken(Byte[] propagationToken)
 --- End of inner exception stack trace ---
    at System.Transactions.Oletx.OletxTransactionManager.ProxyException(COMException comException)
   at System.Transactions.TransactionInterop.GetOletxTransactionFromTransmitterPropigationToken(Byte[] propagationToken)
   at System.Transactions.TransactionStatePSPEOperation.PSPEPromote(InternalTransaction tx)
   at System.Transactions.TransactionStateDelegatedBase.EnterState(InternalTransaction tx)
   at System.Transactions.EnlistableStates.Promote(InternalTransaction tx)
   at System.Transactions.Transaction.Promote()
   at System.Transactions.TransactionInterop.ConvertToOletxTransaction(Transaction transaction)
   at System.Transactions.TransactionInterop.GetExportCookie(Transaction transaction, Byte[] whereabouts)
   at System.Data.SqlClient.SqlInternalConnection.GetTransactionCookie(Transaction transaction, Byte[] whereAbouts)
   at System.Data.SqlClient.SqlInternalConnection.EnlistNonNull(Transaction tx)
   at System.Data.SqlClient.SqlInternalConnection.Enlist(Transaction tx)
   at System.Data.SqlClient.SqlInternalConnectionTds.Activate(Transaction transaction)
   at System.Data.ProviderBase.DbConnectionInternal.ActivateConnection(Transaction transaction)
   at System.Data.ProviderBase.DbConnectionPool.TryGetConnection(DbConnection owningObject, UInt32 waitForMultipleObjectsTimeout, Boolean allowCreate, Boolean onlyOneCheckConnection, DbConnectionOptions userOptions, DbConnectionInternal&amp; connection)
   at System.Data.ProviderBase.DbConnectionPool.TryGetConnection(DbConnection owningObject, TaskCompletionSource`1 retry, DbConnectionOptions userOptions, DbConnectionInternal&amp; connection)
   at System.Data.ProviderBase.DbConnectionFactory.TryGetConnection(DbConnection owningConnection, TaskCompletionSource`1 retry, DbConnectionOptions userOptions, DbConnectionInternal&amp; connection)
   at System.Data.ProviderBase.DbConnectionClosed.TryOpenConnection(DbConnection outerConnection, DbConnectionFactory connectionFactory, TaskCompletionSource`1 retry, DbConnectionOptions userOptions)
   at System.Data.SqlClient.SqlConnection.TryOpen(TaskCompletionSource`1 retry)
   at System.Data.SqlClient.SqlConnection.Open()
   at System.Data.Linq.SqlClient.SqlConnectionManager.UseConnection(IConnectionUser user)
   at System.Data.Linq.SqlClient.SqlProvider.get_IsSqlCe()
   at System.Data.Linq.SqlClient.SqlProvider.InitializeProviderMode()
   at System.Data.Linq.SqlClient.SqlProvider.System.Data.Linq.Provider.IProvider.Execute(Expression query)
   at System.Data.Linq.DataContext.ExecuteMethodCall(Object instance, MethodInfo methodInfo, Object[] parameters)
   at Tavisca.Catapult.Internal.ResourceAccess.DataProviders.Rate.LINQ.RateDataContext.spSaveRateCard(Nullable`1 id, Nullable`1 productId, String productType, String scope, Nullable`1 isEnabled, Nullable`1 isDeleted) in d:\Code\TOM\Catapult\Code\trunk\CatapultServices\Tavisca.Catapult.Internal.ResourceAccess.DataProviders\Rate\LINQ\Rate.designer.cs:line 265
   at Tavisca.Catapult.Internal.ResourceAccess.DataProviders.Rate.RateProvider.SaveRateCard(String scopeId, RateCard rateCard) in d:\Code\TOM\Catapult\Code\trunk\CatapultServices\Tavisca.Catapult.Internal.ResourceAccess.DataProviders\Rate\RateProvider.cs:line 649
   at Tavisca.Catapult.External.Facade.Tests.TestActivityGenerator.SaveRateCard(RateCard rateCard) in d:\Code\TOM\Catapult\Code\trunk\CatapultServices\Tavisca.Catapult.External.Facade.Tests\TestActivityGenerator.cs:line 352
   at Tavisca.Catapult.External.Facade.Tests.ActivityMultiAvailTests.SearchByAirportCodeTest.RateContractTest2() in d:\Code\TOM\Catapult\Code\trunk\CatapultServices\Tavisca.Catapult.External.Facade.Tests\ActivityMultiAvailTests\SearchByAirportCodeTest.cs:line 353
</StackTrace>
        </ErrorInfo>
      </Output>
    </UnitTestResult>
    <UnitTestResult executionId="d313ca2b-6e63-498f-8dd3-c3ebb3f20b7b" testId="de6e1768-b007-d338-4a88-9858da296785" testName="RateContractTest3" computerName="PHOENIXX" duration="00:00:00.4063139" startTime="2013-08-09T22:00:34.2658138+05:30" endTime="2013-08-09T22:00:34.6719356+05:30" testType="13cdc9d9-ddb5-4fa4-a97d-d965ccfc6d4b" outcome="Failed" testListId="8c84fa94-04c1-424b-9868-57a2d4851a1d" relativeResultsDirectory="d313ca2b-6e63-498f-8dd3-c3ebb3f20b7b">
      <Output>
        <ErrorInfo>
          <Message>Test method Tavisca.Catapult.External.Facade.Tests.ActivityMultiAvailTests.SearchByAirportCodeTest.RateContractTest3 threw exception: 
System.Transactions.TransactionManagerCommunicationException: Network access for Distributed Transaction Manager (MSDTC) has been disabled. Please enable DTC for network access in the security configuration for MSDTC using the Component Services Administrative tool. ---&gt; System.Runtime.InteropServices.COMException: The transaction manager has disabled its support for remote/network transactions. (Exception from HRESULT: 0x8004D024)</Message>
          <StackTrace>    at System.Transactions.Oletx.IDtcProxyShimFactory.ReceiveTransaction(UInt32 propgationTokenSize, Byte[] propgationToken, IntPtr managedIdentifier, Guid&amp; transactionIdentifier, OletxTransactionIsolationLevel&amp; isolationLevel, ITransactionShim&amp; transactionShim)
   at System.Transactions.TransactionInterop.GetOletxTransactionFromTransmitterPropigationToken(Byte[] propagationToken)
 --- End of inner exception stack trace ---
    at System.Transactions.Oletx.OletxTransactionManager.ProxyException(COMException comException)
   at System.Transactions.TransactionInterop.GetOletxTransactionFromTransmitterPropigationToken(Byte[] propagationToken)
   at System.Transactions.TransactionStatePSPEOperation.PSPEPromote(InternalTransaction tx)
   at System.Transactions.TransactionStateDelegatedBase.EnterState(InternalTransaction tx)
   at System.Transactions.EnlistableStates.Promote(InternalTransaction tx)
   at System.Transactions.Transaction.Promote()
   at System.Transactions.TransactionInterop.ConvertToOletxTransaction(Transaction transaction)
   at System.Transactions.TransactionInterop.GetExportCookie(Transaction transaction, Byte[] whereabouts)
   at System.Data.SqlClient.SqlInternalConnection.GetTransactionCookie(Transaction transaction, Byte[] whereAbouts)
   at System.Data.SqlClient.SqlInternalConnection.EnlistNonNull(Transaction tx)
   at System.Data.SqlClient.SqlInternalConnection.Enlist(Transaction tx)
   at System.Data.SqlClient.SqlInternalConnectionTds.Activate(Transaction transaction)
   at System.Data.ProviderBase.DbConnectionInternal.ActivateConnection(Transaction transaction)
   at System.Data.ProviderBase.DbConnectionPool.TryGetConnection(DbConnection owningObject, UInt32 waitForMultipleObjectsTimeout, Boolean allowCreate, Boolean onlyOneCheckConnection, DbConnectionOptions userOptions, DbConnectionInternal&amp; connection)
   at System.Data.ProviderBase.DbConnectionPool.TryGetConnection(DbConnection owningObject, TaskCompletionSource`1 retry, DbConnectionOptions userOptions, DbConnectionInternal&amp; connection)
   at System.Data.ProviderBase.DbConnectionFactory.TryGetConnection(DbConnection owningConnection, TaskCompletionSource`1 retry, DbConnectionOptions userOptions, DbConnectionInternal&amp; connection)
   at System.Data.ProviderBase.DbConnectionClosed.TryOpenConnection(DbConnection outerConnection, DbConnectionFactory connectionFactory, TaskCompletionSource`1 retry, DbConnectionOptions userOptions)
   at System.Data.SqlClient.SqlConnection.TryOpen(TaskCompletionSource`1 retry)
   at System.Data.SqlClient.SqlConnection.Open()
   at System.Data.Linq.SqlClient.SqlConnectionManager.UseConnection(IConnectionUser user)
   at System.Data.Linq.SqlClient.SqlProvider.get_IsSqlCe()
   at System.Data.Linq.SqlClient.SqlProvider.InitializeProviderMode()
   at System.Data.Linq.SqlClient.SqlProvider.System.Data.Linq.Provider.IProvider.Execute(Expression query)
   at System.Data.Linq.DataContext.ExecuteMethodCall(Object instance, MethodInfo methodInfo, Object[] parameters)
   at Tavisca.Catapult.Internal.ResourceAccess.DataProviders.Rate.LINQ.RateDataContext.spSaveRateCard(Nullable`1 id, Nullable`1 productId, String productType, String scope, Nullable`1 isEnabled, Nullable`1 isDeleted) in d:\Code\TOM\Catapult\Code\trunk\CatapultServices\Tavisca.Catapult.Internal.ResourceAccess.DataProviders\Rate\LINQ\Rate.designer.cs:line 265
   at Tavisca.Catapult.Internal.ResourceAccess.DataProviders.Rate.RateProvider.SaveRateCard(String scopeId, RateCard rateCard) in d:\Code\TOM\Catapult\Code\trunk\CatapultServices\Tavisca.Catapult.Internal.ResourceAccess.DataProviders\Rate\RateProvider.cs:line 649
   at Tavisca.Catapult.External.Facade.Tests.TestActivityGenerator.SaveRateCard(RateCard rateCard) in d:\Code\TOM\Catapult\Code\trunk\CatapultServices\Tavisca.Catapult.External.Facade.Tests\TestActivityGenerator.cs:line 352
   at Tavisca.Catapult.External.Facade.Tests.ActivityMultiAvailTests.SearchByAirportCodeTest.RateContractTest3() in d:\Code\TOM\Catapult\Code\trunk\CatapultServices\Tavisca.Catapult.External.Facade.Tests\ActivityMultiAvailTests\SearchByAirportCodeTest.cs:line 396
</StackTrace>
        </ErrorInfo>
      </Output>
    </UnitTestResult>
    <UnitTestResult executionId="6553c99d-c9a6-4575-b800-f5e9dcf4c421" testId="0ddec7d9-406e-850e-5ef5-5eb30e6bdafb" testName="RateContractTest4" computerName="PHOENIXX" duration="00:00:00.3412270" startTime="2013-08-09T22:00:34.6719356+05:30" endTime="2013-08-09T22:00:35.0140382+05:30" testType="13cdc9d9-ddb5-4fa4-a97d-d965ccfc6d4b" outcome="Failed" testListId="8c84fa94-04c1-424b-9868-57a2d4851a1d" relativeResultsDirectory="6553c99d-c9a6-4575-b800-f5e9dcf4c421">
      <Output>
        <ErrorInfo>
          <Message>Test method Tavisca.Catapult.External.Facade.Tests.ActivityMultiAvailTests.SearchByAirportCodeTest.RateContractTest4 threw exception: 
System.Transactions.TransactionManagerCommunicationException: Network access for Distributed Transaction Manager (MSDTC) has been disabled. Please enable DTC for network access in the security configuration for MSDTC using the Component Services Administrative tool. ---&gt; System.Runtime.InteropServices.COMException: The transaction manager has disabled its support for remote/network transactions. (Exception from HRESULT: 0x8004D024)</Message>
          <StackTrace>    at System.Transactions.Oletx.IDtcProxyShimFactory.ReceiveTransaction(UInt32 propgationTokenSize, Byte[] propgationToken, IntPtr managedIdentifier, Guid&amp; transactionIdentifier, OletxTransactionIsolationLevel&amp; isolationLevel, ITransactionShim&amp; transactionShim)
   at System.Transactions.TransactionInterop.GetOletxTransactionFromTransmitterPropigationToken(Byte[] propagationToken)
 --- End of inner exception stack trace ---
    at System.Transactions.Oletx.OletxTransactionManager.ProxyException(COMException comException)
   at System.Transactions.TransactionInterop.GetOletxTransactionFromTransmitterPropigationToken(Byte[] propagationToken)
   at System.Transactions.TransactionStatePSPEOperation.PSPEPromote(InternalTransaction tx)
   at System.Transactions.TransactionStateDelegatedBase.EnterState(InternalTransaction tx)
   at System.Transactions.EnlistableStates.Promote(InternalTransaction tx)
   at System.Transactions.Transaction.Promote()
   at System.Transactions.TransactionInterop.ConvertToOletxTransaction(Transaction transaction)
   at System.Transactions.TransactionInterop.GetExportCookie(Transaction transaction, Byte[] whereabouts)
   at System.Data.SqlClient.SqlInternalConnection.GetTransactionCookie(Transaction transaction, Byte[] whereAbouts)
   at System.Data.SqlClient.SqlInternalConnection.EnlistNonNull(Transaction tx)
   at System.Data.SqlClient.SqlInternalConnection.Enlist(Transaction tx)
   at System.Data.SqlClient.SqlInternalConnectionTds.Activate(Transaction transaction)
   at System.Data.ProviderBase.DbConnectionInternal.ActivateConnection(Transaction transaction)
   at System.Data.ProviderBase.DbConnectionPool.TryGetConnection(DbConnection owningObject, UInt32 waitForMultipleObjectsTimeout, Boolean allowCreate, Boolean onlyOneCheckConnection, DbConnectionOptions userOptions, DbConnectionInternal&amp; connection)
   at System.Data.ProviderBase.DbConnectionPool.TryGetConnection(DbConnection owningObject, TaskCompletionSource`1 retry, DbConnectionOptions userOptions, DbConnectionInternal&amp; connection)
   at System.Data.ProviderBase.DbConnectionFactory.TryGetConnection(DbConnection owningConnection, TaskCompletionSource`1 retry, DbConnectionOptions userOptions, DbConnectionInternal&amp; connection)
   at System.Data.ProviderBase.DbConnectionClosed.TryOpenConnection(DbConnection outerConnection, DbConnectionFactory connectionFactory, TaskCompletionSource`1 retry, DbConnectionOptions userOptions)
   at System.Data.SqlClient.SqlConnection.TryOpen(TaskCompletionSource`1 retry)
   at System.Data.SqlClient.SqlConnection.Open()
   at System.Data.Linq.SqlClient.SqlConnectionManager.UseConnection(IConnectionUser user)
   at System.Data.Linq.SqlClient.SqlProvider.get_IsSqlCe()
   at System.Data.Linq.SqlClient.SqlProvider.InitializeProviderMode()
   at System.Data.Linq.SqlClient.SqlProvider.System.Data.Linq.Provider.IProvider.Execute(Expression query)
   at System.Data.Linq.DataContext.ExecuteMethodCall(Object instance, MethodInfo methodInfo, Object[] parameters)
   at Tavisca.Catapult.Internal.ResourceAccess.DataProviders.Rate.LINQ.RateDataContext.spSaveRateCard(Nullable`1 id, Nullable`1 productId, String productType, String scope, Nullable`1 isEnabled, Nullable`1 isDeleted) in d:\Code\TOM\Catapult\Code\trunk\CatapultServices\Tavisca.Catapult.Internal.ResourceAccess.DataProviders\Rate\LINQ\Rate.designer.cs:line 265
   at Tavisca.Catapult.Internal.ResourceAccess.DataProviders.Rate.RateProvider.SaveRateCard(String scopeId, RateCard rateCard) in d:\Code\TOM\Catapult\Code\trunk\CatapultServices\Tavisca.Catapult.Internal.ResourceAccess.DataProviders\Rate\RateProvider.cs:line 649
   at Tavisca.Catapult.External.Facade.Tests.TestActivityGenerator.SaveRateCard(RateCard rateCard) in d:\Code\TOM\Catapult\Code\trunk\CatapultServices\Tavisca.Catapult.External.Facade.Tests\TestActivityGenerator.cs:line 352
   at Tavisca.Catapult.External.Facade.Tests.ActivityMultiAvailTests.SearchByAirportCodeTest.RateContractTest4() in d:\Code\TOM\Catapult\Code\trunk\CatapultServices\Tavisca.Catapult.External.Facade.Tests\ActivityMultiAvailTests\SearchByAirportCodeTest.cs:line 439
</StackTrace>
        </ErrorInfo>
      </Output>
    </UnitTestResult>
    <UnitTestResult executionId="5fdea607-a160-4ce8-9006-9200d959115c" testId="91f69992-7b7d-7bcf-3bfd-b920ef756356" testName="RateContractTest5" computerName="PHOENIXX" duration="00:00:00.3264923" startTime="2013-08-09T22:00:35.0140382+05:30" endTime="2013-08-09T22:00:35.3401360+05:30" testType="13cdc9d9-ddb5-4fa4-a97d-d965ccfc6d4b" outcome="Failed" testListId="8c84fa94-04c1-424b-9868-57a2d4851a1d" relativeResultsDirectory="5fdea607-a160-4ce8-9006-9200d959115c">
      <Output>
        <ErrorInfo>
          <Message>Test method Tavisca.Catapult.External.Facade.Tests.ActivityMultiAvailTests.SearchByAirportCodeTest.RateContractTest5 threw exception: 
System.Transactions.TransactionManagerCommunicationException: Network access for Distributed Transaction Manager (MSDTC) has been disabled. Please enable DTC for network access in the security configuration for MSDTC using the Component Services Administrative tool. ---&gt; System.Runtime.InteropServices.COMException: The transaction manager has disabled its support for remote/network transactions. (Exception from HRESULT: 0x8004D024)</Message>
          <StackTrace>    at System.Transactions.Oletx.IDtcProxyShimFactory.ReceiveTransaction(UInt32 propgationTokenSize, Byte[] propgationToken, IntPtr managedIdentifier, Guid&amp; transactionIdentifier, OletxTransactionIsolationLevel&amp; isolationLevel, ITransactionShim&amp; transactionShim)
   at System.Transactions.TransactionInterop.GetOletxTransactionFromTransmitterPropigationToken(Byte[] propagationToken)
 --- End of inner exception stack trace ---
    at System.Transactions.Oletx.OletxTransactionManager.ProxyException(COMException comException)
   at System.Transactions.TransactionInterop.GetOletxTransactionFromTransmitterPropigationToken(Byte[] propagationToken)
   at System.Transactions.TransactionStatePSPEOperation.PSPEPromote(InternalTransaction tx)
   at System.Transactions.TransactionStateDelegatedBase.EnterState(InternalTransaction tx)
   at System.Transactions.EnlistableStates.Promote(InternalTransaction tx)
   at System.Transactions.Transaction.Promote()
   at System.Transactions.TransactionInterop.ConvertToOletxTransaction(Transaction transaction)
   at System.Transactions.TransactionInterop.GetExportCookie(Transaction transaction, Byte[] whereabouts)
   at System.Data.SqlClient.SqlInternalConnection.GetTransactionCookie(Transaction transaction, Byte[] whereAbouts)
   at System.Data.SqlClient.SqlInternalConnection.EnlistNonNull(Transaction tx)
   at System.Data.SqlClient.SqlInternalConnection.Enlist(Transaction tx)
   at System.Data.SqlClient.SqlInternalConnectionTds.Activate(Transaction transaction)
   at System.Data.ProviderBase.DbConnectionInternal.ActivateConnection(Transaction transaction)
   at System.Data.ProviderBase.DbConnectionPool.TryGetConnection(DbConnection owningObject, UInt32 waitForMultipleObjectsTimeout, Boolean allowCreate, Boolean onlyOneCheckConnection, DbConnectionOptions userOptions, DbConnectionInternal&amp; connection)
   at System.Data.ProviderBase.DbConnectionPool.TryGetConnection(DbConnection owningObject, TaskCompletionSource`1 retry, DbConnectionOptions userOptions, DbConnectionInternal&amp; connection)
   at System.Data.ProviderBase.DbConnectionFactory.TryGetConnection(DbConnection owningConnection, TaskCompletionSource`1 retry, DbConnectionOptions userOptions, DbConnectionInternal&amp; connection)
   at System.Data.ProviderBase.DbConnectionClosed.TryOpenConnection(DbConnection outerConnection, DbConnectionFactory connectionFactory, TaskCompletionSource`1 retry, DbConnectionOptions userOptions)
   at System.Data.SqlClient.SqlConnection.TryOpen(TaskCompletionSource`1 retry)
   at System.Data.SqlClient.SqlConnection.Open()
   at System.Data.Linq.SqlClient.SqlConnectionManager.UseConnection(IConnectionUser user)
   at System.Data.Linq.SqlClient.SqlProvider.get_IsSqlCe()
   at System.Data.Linq.SqlClient.SqlProvider.InitializeProviderMode()
   at System.Data.Linq.SqlClient.SqlProvider.System.Data.Linq.Provider.IProvider.Execute(Expression query)
   at System.Data.Linq.DataContext.ExecuteMethodCall(Object instance, MethodInfo methodInfo, Object[] parameters)
   at Tavisca.Catapult.Internal.ResourceAccess.DataProviders.Rate.LINQ.RateDataContext.spSaveRateCard(Nullable`1 id, Nullable`1 productId, String productType, String scope, Nullable`1 isEnabled, Nullable`1 isDeleted) in d:\Code\TOM\Catapult\Code\trunk\CatapultServices\Tavisca.Catapult.Internal.ResourceAccess.DataProviders\Rate\LINQ\Rate.designer.cs:line 265
   at Tavisca.Catapult.Internal.ResourceAccess.DataProviders.Rate.RateProvider.SaveRateCard(String scopeId, RateCard rateCard) in d:\Code\TOM\Catapult\Code\trunk\CatapultServices\Tavisca.Catapult.Internal.ResourceAccess.DataProviders\Rate\RateProvider.cs:line 649
   at Tavisca.Catapult.External.Facade.Tests.TestActivityGenerator.SaveRateCard(RateCard rateCard) in d:\Code\TOM\Catapult\Code\trunk\CatapultServices\Tavisca.Catapult.External.Facade.Tests\TestActivityGenerator.cs:line 352
   at Tavisca.Catapult.External.Facade.Tests.ActivityMultiAvailTests.SearchByAirportCodeTest.RateContractTest5() in d:\Code\TOM\Catapult\Code\trunk\CatapultServices\Tavisca.Catapult.External.Facade.Tests\ActivityMultiAvailTests\SearchByAirportCodeTest.cs:line 482
</StackTrace>
        </ErrorInfo>
      </Output>
    </UnitTestResult>
    <UnitTestResult executionId="41fa11c0-7831-4c3b-99d5-8dd252f9ff50" testId="966c528f-4cb1-b2cc-a8bb-e10dc9356397" testName="RateContractTest6" computerName="PHOENIXX" duration="00:00:00.3214747" startTime="2013-08-09T22:00:35.3401360+05:30" endTime="2013-08-09T22:00:35.6622326+05:30" testType="13cdc9d9-ddb5-4fa4-a97d-d965ccfc6d4b" outcome="Failed" testListId="8c84fa94-04c1-424b-9868-57a2d4851a1d" relativeResultsDirectory="41fa11c0-7831-4c3b-99d5-8dd252f9ff50">
      <Output>
        <ErrorInfo>
          <Message>Test method Tavisca.Catapult.External.Facade.Tests.ActivityMultiAvailTests.SearchByAirportCodeTest.RateContractTest6 threw exception: 
System.Transactions.TransactionManagerCommunicationException: Network access for Distributed Transaction Manager (MSDTC) has been disabled. Please enable DTC for network access in the security configuration for MSDTC using the Component Services Administrative tool. ---&gt; System.Runtime.InteropServices.COMException: The transaction manager has disabled its support for remote/network transactions. (Exception from HRESULT: 0x8004D024)</Message>
          <StackTrace>    at System.Transactions.Oletx.IDtcProxyShimFactory.ReceiveTransaction(UInt32 propgationTokenSize, Byte[] propgationToken, IntPtr managedIdentifier, Guid&amp; transactionIdentifier, OletxTransactionIsolationLevel&amp; isolationLevel, ITransactionShim&amp; transactionShim)
   at System.Transactions.TransactionInterop.GetOletxTransactionFromTransmitterPropigationToken(Byte[] propagationToken)
 --- End of inner exception stack trace ---
    at System.Transactions.Oletx.OletxTransactionManager.ProxyException(COMException comException)
   at System.Transactions.TransactionInterop.GetOletxTransactionFromTransmitterPropigationToken(Byte[] propagationToken)
   at System.Transactions.TransactionStatePSPEOperation.PSPEPromote(InternalTransaction tx)
   at System.Transactions.TransactionStateDelegatedBase.EnterState(InternalTransaction tx)
   at System.Transactions.EnlistableStates.Promote(InternalTransaction tx)
   at System.Transactions.Transaction.Promote()
   at System.Transactions.TransactionInterop.ConvertToOletxTransaction(Transaction transaction)
   at System.Transactions.TransactionInterop.GetExportCookie(Transaction transaction, Byte[] whereabouts)
   at System.Data.SqlClient.SqlInternalConnection.GetTransactionCookie(Transaction transaction, Byte[] whereAbouts)
   at System.Data.SqlClient.SqlInternalConnection.EnlistNonNull(Transaction tx)
   at System.Data.SqlClient.SqlInternalConnection.Enlist(Transaction tx)
   at System.Data.SqlClient.SqlInternalConnectionTds.Activate(Transaction transaction)
   at System.Data.ProviderBase.DbConnectionInternal.ActivateConnection(Transaction transaction)
   at System.Data.ProviderBase.DbConnectionPool.TryGetConnection(DbConnection owningObject, UInt32 waitForMultipleObjectsTimeout, Boolean allowCreate, Boolean onlyOneCheckConnection, DbConnectionOptions userOptions, DbConnectionInternal&amp; connection)
   at System.Data.ProviderBase.DbConnectionPool.TryGetConnection(DbConnection owningObject, TaskCompletionSource`1 retry, DbConnectionOptions userOptions, DbConnectionInternal&amp; connection)
   at System.Data.ProviderBase.DbConnectionFactory.TryGetConnection(DbConnection owningConnection, TaskCompletionSource`1 retry, DbConnectionOptions userOptions, DbConnectionInternal&amp; connection)
   at System.Data.ProviderBase.DbConnectionClosed.TryOpenConnection(DbConnection outerConnection, DbConnectionFactory connectionFactory, TaskCompletionSource`1 retry, DbConnectionOptions userOptions)
   at System.Data.SqlClient.SqlConnection.TryOpen(TaskCompletionSource`1 retry)
   at System.Data.SqlClient.SqlConnection.Open()
   at System.Data.Linq.SqlClient.SqlConnectionManager.UseConnection(IConnectionUser user)
   at System.Data.Linq.SqlClient.SqlProvider.get_IsSqlCe()
   at System.Data.Linq.SqlClient.SqlProvider.InitializeProviderMode()
   at System.Data.Linq.SqlClient.SqlProvider.System.Data.Linq.Provider.IProvider.Execute(Expression query)
   at System.Data.Linq.DataContext.ExecuteMethodCall(Object instance, MethodInfo methodInfo, Object[] parameters)
   at Tavisca.Catapult.Internal.ResourceAccess.DataProviders.Rate.LINQ.RateDataContext.spSaveRateCard(Nullable`1 id, Nullable`1 productId, String productType, String scope, Nullable`1 isEnabled, Nullable`1 isDeleted) in d:\Code\TOM\Catapult\Code\trunk\CatapultServices\Tavisca.Catapult.Internal.ResourceAccess.DataProviders\Rate\LINQ\Rate.designer.cs:line 265
   at Tavisca.Catapult.Internal.ResourceAccess.DataProviders.Rate.RateProvider.SaveRateCard(String scopeId, RateCard rateCard) in d:\Code\TOM\Catapult\Code\trunk\CatapultServices\Tavisca.Catapult.Internal.ResourceAccess.DataProviders\Rate\RateProvider.cs:line 649
   at Tavisca.Catapult.External.Facade.Tests.TestActivityGenerator.SaveRateCard(RateCard rateCard) in d:\Code\TOM\Catapult\Code\trunk\CatapultServices\Tavisca.Catapult.External.Facade.Tests\TestActivityGenerator.cs:line 352
   at Tavisca.Catapult.External.Facade.Tests.ActivityMultiAvailTests.SearchByAirportCodeTest.RateContractTest6() in d:\Code\TOM\Catapult\Code\trunk\CatapultServices\Tavisca.Catapult.External.Facade.Tests\ActivityMultiAvailTests\SearchByAirportCodeTest.cs:line 525
</StackTrace>
        </ErrorInfo>
      </Output>
    </UnitTestResult>
    <UnitTestResult executionId="f6cfb7cf-ee0e-4d2c-9cbb-246697de7b64" testId="a5f69b14-a6dd-b91b-b2f6-49ab29a3a067" testName="RateContractTest7" computerName="PHOENIXX" duration="00:00:00.3683657" startTime="2013-08-09T22:00:35.6622326+05:30" endTime="2013-08-09T22:00:36.0313433+05:30" testType="13cdc9d9-ddb5-4fa4-a97d-d965ccfc6d4b" outcome="Failed" testListId="8c84fa94-04c1-424b-9868-57a2d4851a1d" relativeResultsDirectory="f6cfb7cf-ee0e-4d2c-9cbb-246697de7b64">
      <Output>
        <ErrorInfo>
          <Message>Test method Tavisca.Catapult.External.Facade.Tests.ActivityMultiAvailTests.SearchByAirportCodeTest.RateContractTest7 threw exception: 
System.Transactions.TransactionManagerCommunicationException: Network access for Distributed Transaction Manager (MSDTC) has been disabled. Please enable DTC for network access in the security configuration for MSDTC using the Component Services Administrative tool. ---&gt; System.Runtime.InteropServices.COMException: The transaction manager has disabled its support for remote/network transactions. (Exception from HRESULT: 0x8004D024)</Message>
          <StackTrace>    at System.Transactions.Oletx.IDtcProxyShimFactory.ReceiveTransaction(UInt32 propgationTokenSize, Byte[] propgationToken, IntPtr managedIdentifier, Guid&amp; transactionIdentifier, OletxTransactionIsolationLevel&amp; isolationLevel, ITransactionShim&amp; transactionShim)
   at System.Transactions.TransactionInterop.GetOletxTransactionFromTransmitterPropigationToken(Byte[] propagationToken)
 --- End of inner exception stack trace ---
    at System.Transactions.Oletx.OletxTransactionManager.ProxyException(COMException comException)
   at System.Transactions.TransactionInterop.GetOletxTransactionFromTransmitterPropigationToken(Byte[] propagationToken)
   at System.Transactions.TransactionStatePSPEOperation.PSPEPromote(InternalTransaction tx)
   at System.Transactions.TransactionStateDelegatedBase.EnterState(InternalTransaction tx)
   at System.Transactions.EnlistableStates.Promote(InternalTransaction tx)
   at System.Transactions.Transaction.Promote()
   at System.Transactions.TransactionInterop.ConvertToOletxTransaction(Transaction transaction)
   at System.Transactions.TransactionInterop.GetExportCookie(Transaction transaction, Byte[] whereabouts)
   at System.Data.SqlClient.SqlInternalConnection.GetTransactionCookie(Transaction transaction, Byte[] whereAbouts)
   at System.Data.SqlClient.SqlInternalConnection.EnlistNonNull(Transaction tx)
   at System.Data.SqlClient.SqlInternalConnection.Enlist(Transaction tx)
   at System.Data.SqlClient.SqlInternalConnectionTds.Activate(Transaction transaction)
   at System.Data.ProviderBase.DbConnectionInternal.ActivateConnection(Transaction transaction)
   at System.Data.ProviderBase.DbConnectionPool.TryGetConnection(DbConnection owningObject, UInt32 waitForMultipleObjectsTimeout, Boolean allowCreate, Boolean onlyOneCheckConnection, DbConnectionOptions userOptions, DbConnectionInternal&amp; connection)
   at System.Data.ProviderBase.DbConnectionPool.TryGetConnection(DbConnection owningObject, TaskCompletionSource`1 retry, DbConnectionOptions userOptions, DbConnectionInternal&amp; connection)
   at System.Data.ProviderBase.DbConnectionFactory.TryGetConnection(DbConnection owningConnection, TaskCompletionSource`1 retry, DbConnectionOptions userOptions, DbConnectionInternal&amp; connection)
   at System.Data.ProviderBase.DbConnectionClosed.TryOpenConnection(DbConnection outerConnection, DbConnectionFactory connectionFactory, TaskCompletionSource`1 retry, DbConnectionOptions userOptions)
   at System.Data.SqlClient.SqlConnection.TryOpen(TaskCompletionSource`1 retry)
   at System.Data.SqlClient.SqlConnection.Open()
   at System.Data.Linq.SqlClient.SqlConnectionManager.UseConnection(IConnectionUser user)
   at System.Data.Linq.SqlClient.SqlProvider.get_IsSqlCe()
   at System.Data.Linq.SqlClient.SqlProvider.InitializeProviderMode()
   at System.Data.Linq.SqlClient.SqlProvider.System.Data.Linq.Provider.IProvider.Execute(Expression query)
   at System.Data.Linq.DataContext.ExecuteMethodCall(Object instance, MethodInfo methodInfo, Object[] parameters)
   at Tavisca.Catapult.Internal.ResourceAccess.DataProviders.Rate.LINQ.RateDataContext.spSaveRateCard(Nullable`1 id, Nullable`1 productId, String productType, String scope, Nullable`1 isEnabled, Nullable`1 isDeleted) in d:\Code\TOM\Catapult\Code\trunk\CatapultServices\Tavisca.Catapult.Internal.ResourceAccess.DataProviders\Rate\LINQ\Rate.designer.cs:line 265
   at Tavisca.Catapult.Internal.ResourceAccess.DataProviders.Rate.RateProvider.SaveRateCard(String scopeId, RateCard rateCard) in d:\Code\TOM\Catapult\Code\trunk\CatapultServices\Tavisca.Catapult.Internal.ResourceAccess.DataProviders\Rate\RateProvider.cs:line 649
   at Tavisca.Catapult.External.Facade.Tests.TestActivityGenerator.SaveRateCard(RateCard rateCard) in d:\Code\TOM\Catapult\Code\trunk\CatapultServices\Tavisca.Catapult.External.Facade.Tests\TestActivityGenerator.cs:line 352
   at Tavisca.Catapult.External.Facade.Tests.ActivityMultiAvailTests.SearchByAirportCodeTest.RateContractTest7() in d:\Code\TOM\Catapult\Code\trunk\CatapultServices\Tavisca.Catapult.External.Facade.Tests\ActivityMultiAvailTests\SearchByAirportCodeTest.cs:line 568
</StackTrace>
        </ErrorInfo>
      </Output>
    </UnitTestResult>
    <UnitTestResult executionId="4b8bf68a-e382-4ba5-bb52-cbe26968516e" testId="e71db15a-97bf-8c84-915e-01b86b620ac6" testName="RateContractTest8" computerName="PHOENIXX" duration="00:00:00.4041955" startTime="2013-08-09T22:00:36.0313433+05:30" endTime="2013-08-09T22:00:36.4354645+05:30" testType="13cdc9d9-ddb5-4fa4-a97d-d965ccfc6d4b" outcome="Failed" testListId="8c84fa94-04c1-424b-9868-57a2d4851a1d" relativeResultsDirectory="4b8bf68a-e382-4ba5-bb52-cbe26968516e">
      <Output>
        <ErrorInfo>
          <Message>Test method Tavisca.Catapult.External.Facade.Tests.ActivityMultiAvailTests.SearchByAirportCodeTest.RateContractTest8 threw exception: 
System.Transactions.TransactionManagerCommunicationException: Network access for Distributed Transaction Manager (MSDTC) has been disabled. Please enable DTC for network access in the security configuration for MSDTC using the Component Services Administrative tool. ---&gt; System.Runtime.InteropServices.COMException: The transaction manager has disabled its support for remote/network transactions. (Exception from HRESULT: 0x8004D024)</Message>
          <StackTrace>    at System.Transactions.Oletx.IDtcProxyShimFactory.ReceiveTransaction(UInt32 propgationTokenSize, Byte[] propgationToken, IntPtr managedIdentifier, Guid&amp; transactionIdentifier, OletxTransactionIsolationLevel&amp; isolationLevel, ITransactionShim&amp; transactionShim)
   at System.Transactions.TransactionInterop.GetOletxTransactionFromTransmitterPropigationToken(Byte[] propagationToken)
 --- End of inner exception stack trace ---
    at System.Transactions.Oletx.OletxTransactionManager.ProxyException(COMException comException)
   at System.Transactions.TransactionInterop.GetOletxTransactionFromTransmitterPropigationToken(Byte[] propagationToken)
   at System.Transactions.TransactionStatePSPEOperation.PSPEPromote(InternalTransaction tx)
   at System.Transactions.TransactionStateDelegatedBase.EnterState(InternalTransaction tx)
   at System.Transactions.EnlistableStates.Promote(InternalTransaction tx)
   at System.Transactions.Transaction.Promote()
   at System.Transactions.TransactionInterop.ConvertToOletxTransaction(Transaction transaction)
   at System.Transactions.TransactionInterop.GetExportCookie(Transaction transaction, Byte[] whereabouts)
   at System.Data.SqlClient.SqlInternalConnection.GetTransactionCookie(Transaction transaction, Byte[] whereAbouts)
   at System.Data.SqlClient.SqlInternalConnection.EnlistNonNull(Transaction tx)
   at System.Data.SqlClient.SqlInternalConnection.Enlist(Transaction tx)
   at System.Data.SqlClient.SqlInternalConnectionTds.Activate(Transaction transaction)
   at System.Data.ProviderBase.DbConnectionInternal.ActivateConnection(Transaction transaction)
   at System.Data.ProviderBase.DbConnectionPool.TryGetConnection(DbConnection owningObject, UInt32 waitForMultipleObjectsTimeout, Boolean allowCreate, Boolean onlyOneCheckConnection, DbConnectionOptions userOptions, DbConnectionInternal&amp; connection)
   at System.Data.ProviderBase.DbConnectionPool.TryGetConnection(DbConnection owningObject, TaskCompletionSource`1 retry, DbConnectionOptions userOptions, DbConnectionInternal&amp; connection)
   at System.Data.ProviderBase.DbConnectionFactory.TryGetConnection(DbConnection owningConnection, TaskCompletionSource`1 retry, DbConnectionOptions userOptions, DbConnectionInternal&amp; connection)
   at System.Data.ProviderBase.DbConnectionClosed.TryOpenConnection(DbConnection outerConnection, DbConnectionFactory connectionFactory, TaskCompletionSource`1 retry, DbConnectionOptions userOptions)
   at System.Data.SqlClient.SqlConnection.TryOpen(TaskCompletionSource`1 retry)
   at System.Data.SqlClient.SqlConnection.Open()
   at System.Data.Linq.SqlClient.SqlConnectionManager.UseConnection(IConnectionUser user)
   at System.Data.Linq.SqlClient.SqlProvider.get_IsSqlCe()
   at System.Data.Linq.SqlClient.SqlProvider.InitializeProviderMode()
   at System.Data.Linq.SqlClient.SqlProvider.System.Data.Linq.Provider.IProvider.Execute(Expression query)
   at System.Data.Linq.DataContext.ExecuteMethodCall(Object instance, MethodInfo methodInfo, Object[] parameters)
   at Tavisca.Catapult.Internal.ResourceAccess.DataProviders.Rate.LINQ.RateDataContext.spSaveRateCard(Nullable`1 id, Nullable`1 productId, String productType, String scope, Nullable`1 isEnabled, Nullable`1 isDeleted) in d:\Code\TOM\Catapult\Code\trunk\CatapultServices\Tavisca.Catapult.Internal.ResourceAccess.DataProviders\Rate\LINQ\Rate.designer.cs:line 265
   at Tavisca.Catapult.Internal.ResourceAccess.DataProviders.Rate.RateProvider.SaveRateCard(String scopeId, RateCard rateCard) in d:\Code\TOM\Catapult\Code\trunk\CatapultServices\Tavisca.Catapult.Internal.ResourceAccess.DataProviders\Rate\RateProvider.cs:line 649
   at Tavisca.Catapult.External.Facade.Tests.TestActivityGenerator.SaveRateCard(RateCard rateCard) in d:\Code\TOM\Catapult\Code\trunk\CatapultServices\Tavisca.Catapult.External.Facade.Tests\TestActivityGenerator.cs:line 352
   at Tavisca.Catapult.External.Facade.Tests.ActivityMultiAvailTests.SearchByAirportCodeTest.RateContractTest8() in d:\Code\TOM\Catapult\Code\trunk\CatapultServices\Tavisca.Catapult.External.Facade.Tests\ActivityMultiAvailTests\SearchByAirportCodeTest.cs:line 611
</StackTrace>
        </ErrorInfo>
      </Output>
    </UnitTestResult>
    <UnitTestResult executionId="6656b41d-aeec-4b7c-bcfc-283ff05a141e" testId="df23acf0-5bdf-6edb-ea0b-56f38fb1d471" testName="RateContractTest9" computerName="PHOENIXX" duration="00:00:00.4970510" startTime="2013-08-09T22:00:36.4354645+05:30" endTime="2013-08-09T22:00:36.9326136+05:30" testType="13cdc9d9-ddb5-4fa4-a97d-d965ccfc6d4b" outcome="Failed" testListId="8c84fa94-04c1-424b-9868-57a2d4851a1d" relativeResultsDirectory="6656b41d-aeec-4b7c-bcfc-283ff05a141e">
      <Output>
        <ErrorInfo>
          <Message>Test method Tavisca.Catapult.External.Facade.Tests.ActivityMultiAvailTests.SearchByAirportCodeTest.RateContractTest9 threw exception: 
System.Transactions.TransactionManagerCommunicationException: Network access for Distributed Transaction Manager (MSDTC) has been disabled. Please enable DTC for network access in the security configuration for MSDTC using the Component Services Administrative tool. ---&gt; System.Runtime.InteropServices.COMException: The transaction manager has disabled its support for remote/network transactions. (Exception from HRESULT: 0x8004D024)</Message>
          <StackTrace>    at System.Transactions.Oletx.IDtcProxyShimFactory.ReceiveTransaction(UInt32 propgationTokenSize, Byte[] propgationToken, IntPtr managedIdentifier, Guid&amp; transactionIdentifier, OletxTransactionIsolationLevel&amp; isolationLevel, ITransactionShim&amp; transactionShim)
   at System.Transactions.TransactionInterop.GetOletxTransactionFromTransmitterPropigationToken(Byte[] propagationToken)
 --- End of inner exception stack trace ---
    at System.Transactions.Oletx.OletxTransactionManager.ProxyException(COMException comException)
   at System.Transactions.TransactionInterop.GetOletxTransactionFromTransmitterPropigationToken(Byte[] propagationToken)
   at System.Transactions.TransactionStatePSPEOperation.PSPEPromote(InternalTransaction tx)
   at System.Transactions.TransactionStateDelegatedBase.EnterState(InternalTransaction tx)
   at System.Transactions.EnlistableStates.Promote(InternalTransaction tx)
   at System.Transactions.Transaction.Promote()
   at System.Transactions.TransactionInterop.ConvertToOletxTransaction(Transaction transaction)
   at System.Transactions.TransactionInterop.GetExportCookie(Transaction transaction, Byte[] whereabouts)
   at System.Data.SqlClient.SqlInternalConnection.GetTransactionCookie(Transaction transaction, Byte[] whereAbouts)
   at System.Data.SqlClient.SqlInternalConnection.EnlistNonNull(Transaction tx)
   at System.Data.SqlClient.SqlInternalConnection.Enlist(Transaction tx)
   at System.Data.SqlClient.SqlInternalConnectionTds.Activate(Transaction transaction)
   at System.Data.ProviderBase.DbConnectionInternal.ActivateConnection(Transaction transaction)
   at System.Data.ProviderBase.DbConnectionPool.TryGetConnection(DbConnection owningObject, UInt32 waitForMultipleObjectsTimeout, Boolean allowCreate, Boolean onlyOneCheckConnection, DbConnectionOptions userOptions, DbConnectionInternal&amp; connection)
   at System.Data.ProviderBase.DbConnectionPool.TryGetConnection(DbConnection owningObject, TaskCompletionSource`1 retry, DbConnectionOptions userOptions, DbConnectionInternal&amp; connection)
   at System.Data.ProviderBase.DbConnectionFactory.TryGetConnection(DbConnection owningConnection, TaskCompletionSource`1 retry, DbConnectionOptions userOptions, DbConnectionInternal&amp; connection)
   at System.Data.ProviderBase.DbConnectionClosed.TryOpenConnection(DbConnection outerConnection, DbConnectionFactory connectionFactory, TaskCompletionSource`1 retry, DbConnectionOptions userOptions)
   at System.Data.SqlClient.SqlConnection.TryOpen(TaskCompletionSource`1 retry)
   at System.Data.SqlClient.SqlConnection.Open()
   at System.Data.Linq.SqlClient.SqlConnectionManager.UseConnection(IConnectionUser user)
   at System.Data.Linq.SqlClient.SqlProvider.get_IsSqlCe()
   at System.Data.Linq.SqlClient.SqlProvider.InitializeProviderMode()
   at System.Data.Linq.SqlClient.SqlProvider.System.Data.Linq.Provider.IProvider.Execute(Expression query)
   at System.Data.Linq.DataContext.ExecuteMethodCall(Object instance, MethodInfo methodInfo, Object[] parameters)
   at Tavisca.Catapult.Internal.ResourceAccess.DataProviders.Rate.LINQ.RateDataContext.spSaveRateCard(Nullable`1 id, Nullable`1 productId, String productType, String scope, Nullable`1 isEnabled, Nullable`1 isDeleted) in d:\Code\TOM\Catapult\Code\trunk\CatapultServices\Tavisca.Catapult.Internal.ResourceAccess.DataProviders\Rate\LINQ\Rate.designer.cs:line 265
   at Tavisca.Catapult.Internal.ResourceAccess.DataProviders.Rate.RateProvider.SaveRateCard(String scopeId, RateCard rateCard) in d:\Code\TOM\Catapult\Code\trunk\CatapultServices\Tavisca.Catapult.Internal.ResourceAccess.DataProviders\Rate\RateProvider.cs:line 649
   at Tavisca.Catapult.External.Facade.Tests.TestActivityGenerator.SaveRateCard(RateCard rateCard) in d:\Code\TOM\Catapult\Code\trunk\CatapultServices\Tavisca.Catapult.External.Facade.Tests\TestActivityGenerator.cs:line 352
   at Tavisca.Catapult.External.Facade.Tests.ActivityMultiAvailTests.SearchByAirportCodeTest.RateContractTest9() in d:\Code\TOM\Catapult\Code\trunk\CatapultServices\Tavisca.Catapult.External.Facade.Tests\ActivityMultiAvailTests\SearchByAirportCodeTest.cs:line 675
</StackTrace>
        </ErrorInfo>
      </Output>
    </UnitTestResult>
    <UnitTestResult executionId="1a45a6a6-d5ee-423b-8a51-6f36a9668315" testId="3e29de8b-0801-df23-ebb9-fb3367d4af0d" testName="GuestInformationTest1" computerName="PHOENIXX" duration="00:00:00.3995949" startTime="2013-08-09T22:00:36.9326136+05:30" endTime="2013-08-09T22:00:37.3327336+05:30" testType="13cdc9d9-ddb5-4fa4-a97d-d965ccfc6d4b" outcome="Failed" testListId="8c84fa94-04c1-424b-9868-57a2d4851a1d" relativeResultsDirectory="1a45a6a6-d5ee-423b-8a51-6f36a9668315">
      <Output>
        <ErrorInfo>
          <Message>Test method Tavisca.Catapult.External.Facade.Tests.ActivityMultiAvailTests.SearchByAirportCodeTest.GuestInformationTest1 threw exception: 
System.Transactions.TransactionManagerCommunicationException: Network access for Distributed Transaction Manager (MSDTC) has been disabled. Please enable DTC for network access in the security configuration for MSDTC using the Component Services Administrative tool. ---&gt; System.Runtime.InteropServices.COMException: The transaction manager has disabled its support for remote/network transactions. (Exception from HRESULT: 0x8004D024)</Message>
          <StackTrace>    at System.Transactions.Oletx.IDtcProxyShimFactory.ReceiveTransaction(UInt32 propgationTokenSize, Byte[] propgationToken, IntPtr managedIdentifier, Guid&amp; transactionIdentifier, OletxTransactionIsolationLevel&amp; isolationLevel, ITransactionShim&amp; transactionShim)
   at System.Transactions.TransactionInterop.GetOletxTransactionFromTransmitterPropigationToken(Byte[] propagationToken)
 --- End of inner exception stack trace ---
    at System.Transactions.Oletx.OletxTransactionManager.ProxyException(COMException comException)
   at System.Transactions.TransactionInterop.GetOletxTransactionFromTransmitterPropigationToken(Byte[] propagationToken)
   at System.Transactions.TransactionStatePSPEOperation.PSPEPromote(InternalTransaction tx)
   at System.Transactions.TransactionStateDelegatedBase.EnterState(InternalTransaction tx)
   at System.Transactions.EnlistableStates.Promote(InternalTransaction tx)
   at System.Transactions.Transaction.Promote()
   at System.Transactions.TransactionInterop.ConvertToOletxTransaction(Transaction transaction)
   at System.Transactions.TransactionInterop.GetExportCookie(Transaction transaction, Byte[] whereabouts)
   at System.Data.SqlClient.SqlInternalConnection.GetTransactionCookie(Transaction transaction, Byte[] whereAbouts)
   at System.Data.SqlClient.SqlInternalConnection.EnlistNonNull(Transaction tx)
   at System.Data.SqlClient.SqlInternalConnection.Enlist(Transaction tx)
   at System.Data.SqlClient.SqlInternalConnectionTds.Activate(Transaction transaction)
   at System.Data.ProviderBase.DbConnectionInternal.ActivateConnection(Transaction transaction)
   at System.Data.ProviderBase.DbConnectionPool.TryGetConnection(DbConnection owningObject, UInt32 waitForMultipleObjectsTimeout, Boolean allowCreate, Boolean onlyOneCheckConnection, DbConnectionOptions userOptions, DbConnectionInternal&amp; connection)
   at System.Data.ProviderBase.DbConnectionPool.TryGetConnection(DbConnection owningObject, TaskCompletionSource`1 retry, DbConnectionOptions userOptions, DbConnectionInternal&amp; connection)
   at System.Data.ProviderBase.DbConnectionFactory.TryGetConnection(DbConnection owningConnection, TaskCompletionSource`1 retry, DbConnectionOptions userOptions, DbConnectionInternal&amp; connection)
   at System.Data.ProviderBase.DbConnectionClosed.TryOpenConnection(DbConnection outerConnection, DbConnectionFactory connectionFactory, TaskCompletionSource`1 retry, DbConnectionOptions userOptions)
   at System.Data.SqlClient.SqlConnection.TryOpen(TaskCompletionSource`1 retry)
   at System.Data.SqlClient.SqlConnection.Open()
   at System.Data.Linq.SqlClient.SqlConnectionManager.UseConnection(IConnectionUser user)
   at System.Data.Linq.SqlClient.SqlProvider.get_IsSqlCe()
   at System.Data.Linq.SqlClient.SqlProvider.InitializeProviderMode()
   at System.Data.Linq.SqlClient.SqlProvider.System.Data.Linq.Provider.IProvider.Execute(Expression query)
   at System.Data.Linq.DataContext.ExecuteMethodCall(Object instance, MethodInfo methodInfo, Object[] parameters)
   at Tavisca.Catapult.Internal.ResourceAccess.DataProviders.Rate.LINQ.RateDataContext.spSaveRateCard(Nullable`1 id, Nullable`1 productId, String productType, String scope, Nullable`1 isEnabled, Nullable`1 isDeleted) in d:\Code\TOM\Catapult\Code\trunk\CatapultServices\Tavisca.Catapult.Internal.ResourceAccess.DataProviders\Rate\LINQ\Rate.designer.cs:line 265
   at Tavisca.Catapult.Internal.ResourceAccess.DataProviders.Rate.RateProvider.SaveRateCard(String scopeId, RateCard rateCard) in d:\Code\TOM\Catapult\Code\trunk\CatapultServices\Tavisca.Catapult.Internal.ResourceAccess.DataProviders\Rate\RateProvider.cs:line 649
   at Tavisca.Catapult.External.Facade.Tests.TestActivityGenerator.SaveRateCard(RateCard rateCard) in d:\Code\TOM\Catapult\Code\trunk\CatapultServices\Tavisca.Catapult.External.Facade.Tests\TestActivityGenerator.cs:line 352
   at Tavisca.Catapult.External.Facade.Tests.ActivityMultiAvailTests.SearchByAirportCodeTest.GuestInformationTest1() in d:\Code\TOM\Catapult\Code\trunk\CatapultServices\Tavisca.Catapult.External.Facade.Tests\ActivityMultiAvailTests\SearchByAirportCodeTest.cs:line 740
</StackTrace>
        </ErrorInfo>
      </Output>
    </UnitTestResult>
    <UnitTestResult executionId="5a15a032-f699-4bad-a5c8-0132041deca7" testId="43b67b14-6f73-d9a9-99cd-1bb991f6b948" testName="GuestInformationTest2" computerName="PHOENIXX" duration="00:00:00.3756923" startTime="2013-08-09T22:00:37.3327336+05:30" endTime="2013-08-09T22:00:37.7088464+05:30" testType="13cdc9d9-ddb5-4fa4-a97d-d965ccfc6d4b" outcome="Failed" testListId="8c84fa94-04c1-424b-9868-57a2d4851a1d" relativeResultsDirectory="5a15a032-f699-4bad-a5c8-0132041deca7">
      <Output>
        <ErrorInfo>
          <Message>Test method Tavisca.Catapult.External.Facade.Tests.ActivityMultiAvailTests.SearchByAirportCodeTest.GuestInformationTest2 threw exception: 
System.Transactions.TransactionManagerCommunicationException: Network access for Distributed Transaction Manager (MSDTC) has been disabled. Please enable DTC for network access in the security configuration for MSDTC using the Component Services Administrative tool. ---&gt; System.Runtime.InteropServices.COMException: The transaction manager has disabled its support for remote/network transactions. (Exception from HRESULT: 0x8004D024)</Message>
          <StackTrace>    at System.Transactions.Oletx.IDtcProxyShimFactory.ReceiveTransaction(UInt32 propgationTokenSize, Byte[] propgationToken, IntPtr managedIdentifier, Guid&amp; transactionIdentifier, OletxTransactionIsolationLevel&amp; isolationLevel, ITransactionShim&amp; transactionShim)
   at System.Transactions.TransactionInterop.GetOletxTransactionFromTransmitterPropigationToken(Byte[] propagationToken)
 --- End of inner exception stack trace ---
    at System.Transactions.Oletx.OletxTransactionManager.ProxyException(COMException comException)
   at System.Transactions.TransactionInterop.GetOletxTransactionFromTransmitterPropigationToken(Byte[] propagationToken)
   at System.Transactions.TransactionStatePSPEOperation.PSPEPromote(InternalTransaction tx)
   at System.Transactions.TransactionStateDelegatedBase.EnterState(InternalTransaction tx)
   at System.Transactions.EnlistableStates.Promote(InternalTransaction tx)
   at System.Transactions.Transaction.Promote()
   at System.Transactions.TransactionInterop.ConvertToOletxTransaction(Transaction transaction)
   at System.Transactions.TransactionInterop.GetExportCookie(Transaction transaction, Byte[] whereabouts)
   at System.Data.SqlClient.SqlInternalConnection.GetTransactionCookie(Transaction transaction, Byte[] whereAbouts)
   at System.Data.SqlClient.SqlInternalConnection.EnlistNonNull(Transaction tx)
   at System.Data.SqlClient.SqlInternalConnection.Enlist(Transaction tx)
   at System.Data.SqlClient.SqlInternalConnectionTds.Activate(Transaction transaction)
   at System.Data.ProviderBase.DbConnectionInternal.ActivateConnection(Transaction transaction)
   at System.Data.ProviderBase.DbConnectionPool.TryGetConnection(DbConnection owningObject, UInt32 waitForMultipleObjectsTimeout, Boolean allowCreate, Boolean onlyOneCheckConnection, DbConnectionOptions userOptions, DbConnectionInternal&amp; connection)
   at System.Data.ProviderBase.DbConnectionPool.TryGetConnection(DbConnection owningObject, TaskCompletionSource`1 retry, DbConnectionOptions userOptions, DbConnectionInternal&amp; connection)
   at System.Data.ProviderBase.DbConnectionFactory.TryGetConnection(DbConnection owningConnection, TaskCompletionSource`1 retry, DbConnectionOptions userOptions, DbConnectionInternal&amp; connection)
   at System.Data.ProviderBase.DbConnectionClosed.TryOpenConnection(DbConnection outerConnection, DbConnectionFactory connectionFactory, TaskCompletionSource`1 retry, DbConnectionOptions userOptions)
   at System.Data.SqlClient.SqlConnection.TryOpen(TaskCompletionSource`1 retry)
   at System.Data.SqlClient.SqlConnection.Open()
   at System.Data.Linq.SqlClient.SqlConnectionManager.UseConnection(IConnectionUser user)
   at System.Data.Linq.SqlClient.SqlProvider.get_IsSqlCe()
   at System.Data.Linq.SqlClient.SqlProvider.InitializeProviderMode()
   at System.Data.Linq.SqlClient.SqlProvider.System.Data.Linq.Provider.IProvider.Execute(Expression query)
   at System.Data.Linq.DataContext.ExecuteMethodCall(Object instance, MethodInfo methodInfo, Object[] parameters)
   at Tavisca.Catapult.Internal.ResourceAccess.DataProviders.Rate.LINQ.RateDataContext.spSaveRateCard(Nullable`1 id, Nullable`1 productId, String productType, String scope, Nullable`1 isEnabled, Nullable`1 isDeleted) in d:\Code\TOM\Catapult\Code\trunk\CatapultServices\Tavisca.Catapult.Internal.ResourceAccess.DataProviders\Rate\LINQ\Rate.designer.cs:line 265
   at Tavisca.Catapult.Internal.ResourceAccess.DataProviders.Rate.RateProvider.SaveRateCard(String scopeId, RateCard rateCard) in d:\Code\TOM\Catapult\Code\trunk\CatapultServices\Tavisca.Catapult.Internal.ResourceAccess.DataProviders\Rate\RateProvider.cs:line 649
   at Tavisca.Catapult.External.Facade.Tests.TestActivityGenerator.SaveRateCard(RateCard rateCard) in d:\Code\TOM\Catapult\Code\trunk\CatapultServices\Tavisca.Catapult.External.Facade.Tests\TestActivityGenerator.cs:line 352
   at Tavisca.Catapult.External.Facade.Tests.ActivityMultiAvailTests.SearchByAirportCodeTest.GuestInformationTest2() in d:\Code\TOM\Catapult\Code\trunk\CatapultServices\Tavisca.Catapult.External.Facade.Tests\ActivityMultiAvailTests\SearchByAirportCodeTest.cs:line 783
</StackTrace>
        </ErrorInfo>
      </Output>
    </UnitTestResult>
    <UnitTestResult executionId="d6c3fc1c-8eff-4c45-ade8-63d6f132c88e" testId="23ff6f45-f6b7-e3a2-4451-53cab4abfabc" testName="GuestInformationTest3" computerName="PHOENIXX" duration="00:00:00.6714084" startTime="2013-08-09T22:00:37.7088464+05:30" endTime="2013-08-09T22:00:38.3800477+05:30" testType="13cdc9d9-ddb5-4fa4-a97d-d965ccfc6d4b" outcome="Failed" testListId="8c84fa94-04c1-424b-9868-57a2d4851a1d" relativeResultsDirectory="d6c3fc1c-8eff-4c45-ade8-63d6f132c88e">
      <Output>
        <ErrorInfo>
          <Message>Test method Tavisca.Catapult.External.Facade.Tests.ActivityMultiAvailTests.SearchByAirportCodeTest.GuestInformationTest3 threw exception: 
System.Transactions.TransactionManagerCommunicationException: Network access for Distributed Transaction Manager (MSDTC) has been disabled. Please enable DTC for network access in the security configuration for MSDTC using the Component Services Administrative tool. ---&gt; System.Runtime.InteropServices.COMException: The transaction manager has disabled its support for remote/network transactions. (Exception from HRESULT: 0x8004D024)</Message>
          <StackTrace>    at System.Transactions.Oletx.IDtcProxyShimFactory.ReceiveTransaction(UInt32 propgationTokenSize, Byte[] propgationToken, IntPtr managedIdentifier, Guid&amp; transactionIdentifier, OletxTransactionIsolationLevel&amp; isolationLevel, ITransactionShim&amp; transactionShim)
   at System.Transactions.TransactionInterop.GetOletxTransactionFromTransmitterPropigationToken(Byte[] propagationToken)
 --- End of inner exception stack trace ---
    at System.Transactions.Oletx.OletxTransactionManager.ProxyException(COMException comException)
   at System.Transactions.TransactionInterop.GetOletxTransactionFromTransmitterPropigationToken(Byte[] propagationToken)
   at System.Transactions.TransactionStatePSPEOperation.PSPEPromote(InternalTransaction tx)
   at System.Transactions.TransactionStateDelegatedBase.EnterState(InternalTransaction tx)
   at System.Transactions.EnlistableStates.Promote(InternalTransaction tx)
   at System.Transactions.Transaction.Promote()
   at System.Transactions.TransactionInterop.ConvertToOletxTransaction(Transaction transaction)
   at System.Transactions.TransactionInterop.GetExportCookie(Transaction transaction, Byte[] whereabouts)
   at System.Data.SqlClient.SqlInternalConnection.GetTransactionCookie(Transaction transaction, Byte[] whereAbouts)
   at System.Data.SqlClient.SqlInternalConnection.EnlistNonNull(Transaction tx)
   at System.Data.SqlClient.SqlInternalConnection.Enlist(Transaction tx)
   at System.Data.SqlClient.SqlInternalConnectionTds.Activate(Transaction transaction)
   at System.Data.ProviderBase.DbConnectionInternal.ActivateConnection(Transaction transaction)
   at System.Data.ProviderBase.DbConnectionPool.TryGetConnection(DbConnection owningObject, UInt32 waitForMultipleObjectsTimeout, Boolean allowCreate, Boolean onlyOneCheckConnection, DbConnectionOptions userOptions, DbConnectionInternal&amp; connection)
   at System.Data.ProviderBase.DbConnectionPool.TryGetConnection(DbConnection owningObject, TaskCompletionSource`1 retry, DbConnectionOptions userOptions, DbConnectionInternal&amp; connection)
   at System.Data.ProviderBase.DbConnectionFactory.TryGetConnection(DbConnection owningConnection, TaskCompletionSource`1 retry, DbConnectionOptions userOptions, DbConnectionInternal&amp; connection)
   at System.Data.ProviderBase.DbConnectionClosed.TryOpenConnection(DbConnection outerConnection, DbConnectionFactory connectionFactory, TaskCompletionSource`1 retry, DbConnectionOptions userOptions)
   at System.Data.SqlClient.SqlConnection.TryOpen(TaskCompletionSource`1 retry)
   at System.Data.SqlClient.SqlConnection.Open()
   at System.Data.Linq.SqlClient.SqlConnectionManager.UseConnection(IConnectionUser user)
   at System.Data.Linq.SqlClient.SqlProvider.get_IsSqlCe()
   at System.Data.Linq.SqlClient.SqlProvider.InitializeProviderMode()
   at System.Data.Linq.SqlClient.SqlProvider.System.Data.Linq.Provider.IProvider.Execute(Expression query)
   at System.Data.Linq.DataContext.ExecuteMethodCall(Object instance, MethodInfo methodInfo, Object[] parameters)
   at Tavisca.Catapult.Internal.ResourceAccess.DataProviders.Rate.LINQ.RateDataContext.spSaveRateCard(Nullable`1 id, Nullable`1 productId, String productType, String scope, Nullable`1 isEnabled, Nullable`1 isDeleted) in d:\Code\TOM\Catapult\Code\trunk\CatapultServices\Tavisca.Catapult.Internal.ResourceAccess.DataProviders\Rate\LINQ\Rate.designer.cs:line 265
   at Tavisca.Catapult.Internal.ResourceAccess.DataProviders.Rate.RateProvider.SaveRateCard(String scopeId, RateCard rateCard) in d:\Code\TOM\Catapult\Code\trunk\CatapultServices\Tavisca.Catapult.Internal.ResourceAccess.DataProviders\Rate\RateProvider.cs:line 649
   at Tavisca.Catapult.External.Facade.Tests.TestActivityGenerator.SaveRateCard(RateCard rateCard) in d:\Code\TOM\Catapult\Code\trunk\CatapultServices\Tavisca.Catapult.External.Facade.Tests\TestActivityGenerator.cs:line 352
   at Tavisca.Catapult.External.Facade.Tests.ActivityMultiAvailTests.SearchByAirportCodeTest.GuestInformationTest3() in d:\Code\TOM\Catapult\Code\trunk\CatapultServices\Tavisca.Catapult.External.Facade.Tests\ActivityMultiAvailTests\SearchByAirportCodeTest.cs:line 826
</StackTrace>
        </ErrorInfo>
      </Output>
    </UnitTestResult>
    <UnitTestResult executionId="5fe76b7a-988f-405d-ae27-e2291ed6d2e3" testId="000163e0-91ab-0aaa-d36f-3598050b52f7" testName="GuestInformationTest4" computerName="PHOENIXX" duration="00:00:00.5172063" startTime="2013-08-09T22:00:38.3800477+05:30" endTime="2013-08-09T22:00:38.8982031+05:30" testType="13cdc9d9-ddb5-4fa4-a97d-d965ccfc6d4b" outcome="Failed" testListId="8c84fa94-04c1-424b-9868-57a2d4851a1d" relativeResultsDirectory="5fe76b7a-988f-405d-ae27-e2291ed6d2e3">
      <Output>
        <ErrorInfo>
          <Message>Test method Tavisca.Catapult.External.Facade.Tests.ActivityMultiAvailTests.SearchByAirportCodeTest.GuestInformationTest4 threw exception: 
System.Transactions.TransactionManagerCommunicationException: Network access for Distributed Transaction Manager (MSDTC) has been disabled. Please enable DTC for network access in the security configuration for MSDTC using the Component Services Administrative tool. ---&gt; System.Runtime.InteropServices.COMException: The transaction manager has disabled its support for remote/network transactions. (Exception from HRESULT: 0x8004D024)</Message>
          <StackTrace>    at System.Transactions.Oletx.IDtcProxyShimFactory.ReceiveTransaction(UInt32 propgationTokenSize, Byte[] propgationToken, IntPtr managedIdentifier, Guid&amp; transactionIdentifier, OletxTransactionIsolationLevel&amp; isolationLevel, ITransactionShim&amp; transactionShim)
   at System.Transactions.TransactionInterop.GetOletxTransactionFromTransmitterPropigationToken(Byte[] propagationToken)
 --- End of inner exception stack trace ---
    at System.Transactions.Oletx.OletxTransactionManager.ProxyException(COMException comException)
   at System.Transactions.TransactionInterop.GetOletxTransactionFromTransmitterPropigationToken(Byte[] propagationToken)
   at System.Transactions.TransactionStatePSPEOperation.PSPEPromote(InternalTransaction tx)
   at System.Transactions.TransactionStateDelegatedBase.EnterState(InternalTransaction tx)
   at System.Transactions.EnlistableStates.Promote(InternalTransaction tx)
   at System.Transactions.Transaction.Promote()
   at System.Transactions.TransactionInterop.ConvertToOletxTransaction(Transaction transaction)
   at System.Transactions.TransactionInterop.GetExportCookie(Transaction transaction, Byte[] whereabouts)
   at System.Data.SqlClient.SqlInternalConnection.GetTransactionCookie(Transaction transaction, Byte[] whereAbouts)
   at System.Data.SqlClient.SqlInternalConnection.EnlistNonNull(Transaction tx)
   at System.Data.SqlClient.SqlInternalConnection.Enlist(Transaction tx)
   at System.Data.SqlClient.SqlInternalConnectionTds.Activate(Transaction transaction)
   at System.Data.ProviderBase.DbConnectionInternal.ActivateConnection(Transaction transaction)
   at System.Data.ProviderBase.DbConnectionPool.TryGetConnection(DbConnection owningObject, UInt32 waitForMultipleObjectsTimeout, Boolean allowCreate, Boolean onlyOneCheckConnection, DbConnectionOptions userOptions, DbConnectionInternal&amp; connection)
   at System.Data.ProviderBase.DbConnectionPool.TryGetConnection(DbConnection owningObject, TaskCompletionSource`1 retry, DbConnectionOptions userOptions, DbConnectionInternal&amp; connection)
   at System.Data.ProviderBase.DbConnectionFactory.TryGetConnection(DbConnection owningConnection, TaskCompletionSource`1 retry, DbConnectionOptions userOptions, DbConnectionInternal&amp; connection)
   at System.Data.ProviderBase.DbConnectionClosed.TryOpenConnection(DbConnection outerConnection, DbConnectionFactory connectionFactory, TaskCompletionSource`1 retry, DbConnectionOptions userOptions)
   at System.Data.SqlClient.SqlConnection.TryOpen(TaskCompletionSource`1 retry)
   at System.Data.SqlClient.SqlConnection.Open()
   at System.Data.Linq.SqlClient.SqlConnectionManager.UseConnection(IConnectionUser user)
   at System.Data.Linq.SqlClient.SqlProvider.get_IsSqlCe()
   at System.Data.Linq.SqlClient.SqlProvider.InitializeProviderMode()
   at System.Data.Linq.SqlClient.SqlProvider.System.Data.Linq.Provider.IProvider.Execute(Expression query)
   at System.Data.Linq.DataContext.ExecuteMethodCall(Object instance, MethodInfo methodInfo, Object[] parameters)
   at Tavisca.Catapult.Internal.ResourceAccess.DataProviders.Rate.LINQ.RateDataContext.spSaveRateCard(Nullable`1 id, Nullable`1 productId, String productType, String scope, Nullable`1 isEnabled, Nullable`1 isDeleted) in d:\Code\TOM\Catapult\Code\trunk\CatapultServices\Tavisca.Catapult.Internal.ResourceAccess.DataProviders\Rate\LINQ\Rate.designer.cs:line 265
   at Tavisca.Catapult.Internal.ResourceAccess.DataProviders.Rate.RateProvider.SaveRateCard(String scopeId, RateCard rateCard) in d:\Code\TOM\Catapult\Code\trunk\CatapultServices\Tavisca.Catapult.Internal.ResourceAccess.DataProviders\Rate\RateProvider.cs:line 649
   at Tavisca.Catapult.External.Facade.Tests.TestActivityGenerator.SaveRateCard(RateCard rateCard) in d:\Code\TOM\Catapult\Code\trunk\CatapultServices\Tavisca.Catapult.External.Facade.Tests\TestActivityGenerator.cs:line 352
   at Tavisca.Catapult.External.Facade.Tests.ActivityMultiAvailTests.SearchByAirportCodeTest.GuestInformationTest4() in d:\Code\TOM\Catapult\Code\trunk\CatapultServices\Tavisca.Catapult.External.Facade.Tests\ActivityMultiAvailTests\SearchByAirportCodeTest.cs:line 869
</StackTrace>
        </ErrorInfo>
      </Output>
    </UnitTestResult>
    <UnitTestResult executionId="f7e4a933-8992-4c4b-901f-d1ae5a85eada" testId="d3fb4f5a-0c6f-6dea-7b7a-b88527924885" testName="GuestInformationTest5" computerName="PHOENIXX" duration="00:00:00.3001338" startTime="2013-08-09T22:00:38.8982031+05:30" endTime="2013-08-09T22:00:39.1982931+05:30" testType="13cdc9d9-ddb5-4fa4-a97d-d965ccfc6d4b" outcome="Failed" testListId="8c84fa94-04c1-424b-9868-57a2d4851a1d" relativeResultsDirectory="f7e4a933-8992-4c4b-901f-d1ae5a85eada">
      <Output>
        <ErrorInfo>
          <Message>Test method Tavisca.Catapult.External.Facade.Tests.ActivityMultiAvailTests.SearchByAirportCodeTest.GuestInformationTest5 threw exception: 
System.Transactions.TransactionManagerCommunicationException: Network access for Distributed Transaction Manager (MSDTC) has been disabled. Please enable DTC for network access in the security configuration for MSDTC using the Component Services Administrative tool. ---&gt; System.Runtime.InteropServices.COMException: The transaction manager has disabled its support for remote/network transactions. (Exception from HRESULT: 0x8004D024)</Message>
          <StackTrace>    at System.Transactions.Oletx.IDtcProxyShimFactory.ReceiveTransaction(UInt32 propgationTokenSize, Byte[] propgationToken, IntPtr managedIdentifier, Guid&amp; transactionIdentifier, OletxTransactionIsolationLevel&amp; isolationLevel, ITransactionShim&amp; transactionShim)
   at System.Transactions.TransactionInterop.GetOletxTransactionFromTransmitterPropigationToken(Byte[] propagationToken)
 --- End of inner exception stack trace ---
    at System.Transactions.Oletx.OletxTransactionManager.ProxyException(COMException comException)
   at System.Transactions.TransactionInterop.GetOletxTransactionFromTransmitterPropigationToken(Byte[] propagationToken)
   at System.Transactions.TransactionStatePSPEOperation.PSPEPromote(InternalTransaction tx)
   at System.Transactions.TransactionStateDelegatedBase.EnterState(InternalTransaction tx)
   at System.Transactions.EnlistableStates.Promote(InternalTransaction tx)
   at System.Transactions.Transaction.Promote()
   at System.Transactions.TransactionInterop.ConvertToOletxTransaction(Transaction transaction)
   at System.Transactions.TransactionInterop.GetExportCookie(Transaction transaction, Byte[] whereabouts)
   at System.Data.SqlClient.SqlInternalConnection.GetTransactionCookie(Transaction transaction, Byte[] whereAbouts)
   at System.Data.SqlClient.SqlInternalConnection.EnlistNonNull(Transaction tx)
   at System.Data.SqlClient.SqlInternalConnection.Enlist(Transaction tx)
   at System.Data.SqlClient.SqlInternalConnectionTds.Activate(Transaction transaction)
   at System.Data.ProviderBase.DbConnectionInternal.ActivateConnection(Transaction transaction)
   at System.Data.ProviderBase.DbConnectionPool.TryGetConnection(DbConnection owningObject, UInt32 waitForMultipleObjectsTimeout, Boolean allowCreate, Boolean onlyOneCheckConnection, DbConnectionOptions userOptions, DbConnectionInternal&amp; connection)
   at System.Data.ProviderBase.DbConnectionPool.TryGetConnection(DbConnection owningObject, TaskCompletionSource`1 retry, DbConnectionOptions userOptions, DbConnectionInternal&amp; connection)
   at System.Data.ProviderBase.DbConnectionFactory.TryGetConnection(DbConnection owningConnection, TaskCompletionSource`1 retry, DbConnectionOptions userOptions, DbConnectionInternal&amp; connection)
   at System.Data.ProviderBase.DbConnectionClosed.TryOpenConnection(DbConnection outerConnection, DbConnectionFactory connectionFactory, TaskCompletionSource`1 retry, DbConnectionOptions userOptions)
   at System.Data.SqlClient.SqlConnection.TryOpen(TaskCompletionSource`1 retry)
   at System.Data.SqlClient.SqlConnection.Open()
   at System.Data.Linq.SqlClient.SqlConnectionManager.UseConnection(IConnectionUser user)
   at System.Data.Linq.SqlClient.SqlProvider.get_IsSqlCe()
   at System.Data.Linq.SqlClient.SqlProvider.InitializeProviderMode()
   at System.Data.Linq.SqlClient.SqlProvider.System.Data.Linq.Provider.IProvider.Execute(Expression query)
   at System.Data.Linq.DataContext.ExecuteMethodCall(Object instance, MethodInfo methodInfo, Object[] parameters)
   at Tavisca.Catapult.Internal.ResourceAccess.DataProviders.Rate.LINQ.RateDataContext.spSaveRateCard(Nullable`1 id, Nullable`1 productId, String productType, String scope, Nullable`1 isEnabled, Nullable`1 isDeleted) in d:\Code\TOM\Catapult\Code\trunk\CatapultServices\Tavisca.Catapult.Internal.ResourceAccess.DataProviders\Rate\LINQ\Rate.designer.cs:line 265
   at Tavisca.Catapult.Internal.ResourceAccess.DataProviders.Rate.RateProvider.SaveRateCard(String scopeId, RateCard rateCard) in d:\Code\TOM\Catapult\Code\trunk\CatapultServices\Tavisca.Catapult.Internal.ResourceAccess.DataProviders\Rate\RateProvider.cs:line 649
   at Tavisca.Catapult.External.Facade.Tests.TestActivityGenerator.SaveRateCard(RateCard rateCard) in d:\Code\TOM\Catapult\Code\trunk\CatapultServices\Tavisca.Catapult.External.Facade.Tests\TestActivityGenerator.cs:line 352
   at Tavisca.Catapult.External.Facade.Tests.ActivityMultiAvailTests.SearchByAirportCodeTest.GuestInformationTest5() in d:\Code\TOM\Catapult\Code\trunk\CatapultServices\Tavisca.Catapult.External.Facade.Tests\ActivityMultiAvailTests\SearchByAirportCodeTest.cs:line 912
</StackTrace>
        </ErrorInfo>
      </Output>
    </UnitTestResult>
    <UnitTestResult executionId="2ab94c4d-13ea-4770-8078-2fb0137e626e" testId="708ed526-73f5-6b4d-704a-ed025f59d14c" testName="GuestInformationTest6" computerName="PHOENIXX" duration="00:00:00.3084427" startTime="2013-08-09T22:00:39.1982931+05:30" endTime="2013-08-09T22:00:39.5073858+05:30" testType="13cdc9d9-ddb5-4fa4-a97d-d965ccfc6d4b" outcome="Failed" testListId="8c84fa94-04c1-424b-9868-57a2d4851a1d" relativeResultsDirectory="2ab94c4d-13ea-4770-8078-2fb0137e626e">
      <Output>
        <ErrorInfo>
          <Message>Test method Tavisca.Catapult.External.Facade.Tests.ActivityMultiAvailTests.SearchByAirportCodeTest.GuestInformationTest6 threw exception: 
System.Transactions.TransactionManagerCommunicationException: Network access for Distributed Transaction Manager (MSDTC) has been disabled. Please enable DTC for network access in the security configuration for MSDTC using the Component Services Administrative tool. ---&gt; System.Runtime.InteropServices.COMException: The transaction manager has disabled its support for remote/network transactions. (Exception from HRESULT: 0x8004D024)</Message>
          <StackTrace>    at System.Transactions.Oletx.IDtcProxyShimFactory.ReceiveTransaction(UInt32 propgationTokenSize, Byte[] propgationToken, IntPtr managedIdentifier, Guid&amp; transactionIdentifier, OletxTransactionIsolationLevel&amp; isolationLevel, ITransactionShim&amp; transactionShim)
   at System.Transactions.TransactionInterop.GetOletxTransactionFromTransmitterPropigationToken(Byte[] propagationToken)
 --- End of inner exception stack trace ---
    at System.Transactions.Oletx.OletxTransactionManager.ProxyException(COMException comException)
   at System.Transactions.TransactionInterop.GetOletxTransactionFromTransmitterPropigationToken(Byte[] propagationToken)
   at System.Transactions.TransactionStatePSPEOperation.PSPEPromote(InternalTransaction tx)
   at System.Transactions.TransactionStateDelegatedBase.EnterState(InternalTransaction tx)
   at System.Transactions.EnlistableStates.Promote(InternalTransaction tx)
   at System.Transactions.Transaction.Promote()
   at System.Transactions.TransactionInterop.ConvertToOletxTransaction(Transaction transaction)
   at System.Transactions.TransactionInterop.GetExportCookie(Transaction transaction, Byte[] whereabouts)
   at System.Data.SqlClient.SqlInternalConnection.GetTransactionCookie(Transaction transaction, Byte[] whereAbouts)
   at System.Data.SqlClient.SqlInternalConnection.EnlistNonNull(Transaction tx)
   at System.Data.SqlClient.SqlInternalConnection.Enlist(Transaction tx)
   at System.Data.SqlClient.SqlInternalConnectionTds.Activate(Transaction transaction)
   at System.Data.ProviderBase.DbConnectionInternal.ActivateConnection(Transaction transaction)
   at System.Data.ProviderBase.DbConnectionPool.TryGetConnection(DbConnection owningObject, UInt32 waitForMultipleObjectsTimeout, Boolean allowCreate, Boolean onlyOneCheckConnection, DbConnectionOptions userOptions, DbConnectionInternal&amp; connection)
   at System.Data.ProviderBase.DbConnectionPool.TryGetConnection(DbConnection owningObject, TaskCompletionSource`1 retry, DbConnectionOptions userOptions, DbConnectionInternal&amp; connection)
   at System.Data.ProviderBase.DbConnectionFactory.TryGetConnection(DbConnection owningConnection, TaskCompletionSource`1 retry, DbConnectionOptions userOptions, DbConnectionInternal&amp; connection)
   at System.Data.ProviderBase.DbConnectionClosed.TryOpenConnection(DbConnection outerConnection, DbConnectionFactory connectionFactory, TaskCompletionSource`1 retry, DbConnectionOptions userOptions)
   at System.Data.SqlClient.SqlConnection.TryOpen(TaskCompletionSource`1 retry)
   at System.Data.SqlClient.SqlConnection.Open()
   at System.Data.Linq.SqlClient.SqlConnectionManager.UseConnection(IConnectionUser user)
   at System.Data.Linq.SqlClient.SqlProvider.get_IsSqlCe()
   at System.Data.Linq.SqlClient.SqlProvider.InitializeProviderMode()
   at System.Data.Linq.SqlClient.SqlProvider.System.Data.Linq.Provider.IProvider.Execute(Expression query)
   at System.Data.Linq.DataContext.ExecuteMethodCall(Object instance, MethodInfo methodInfo, Object[] parameters)
   at Tavisca.Catapult.Internal.ResourceAccess.DataProviders.Rate.LINQ.RateDataContext.spSaveRateCard(Nullable`1 id, Nullable`1 productId, String productType, String scope, Nullable`1 isEnabled, Nullable`1 isDeleted) in d:\Code\TOM\Catapult\Code\trunk\CatapultServices\Tavisca.Catapult.Internal.ResourceAccess.DataProviders\Rate\LINQ\Rate.designer.cs:line 265
   at Tavisca.Catapult.Internal.ResourceAccess.DataProviders.Rate.RateProvider.SaveRateCard(String scopeId, RateCard rateCard) in d:\Code\TOM\Catapult\Code\trunk\CatapultServices\Tavisca.Catapult.Internal.ResourceAccess.DataProviders\Rate\RateProvider.cs:line 649
   at Tavisca.Catapult.External.Facade.Tests.TestActivityGenerator.SaveRateCard(RateCard rateCard) in d:\Code\TOM\Catapult\Code\trunk\CatapultServices\Tavisca.Catapult.External.Facade.Tests\TestActivityGenerator.cs:line 352
   at Tavisca.Catapult.External.Facade.Tests.ActivityMultiAvailTests.SearchByAirportCodeTest.GuestInformationTest6() in d:\Code\TOM\Catapult\Code\trunk\CatapultServices\Tavisca.Catapult.External.Facade.Tests\ActivityMultiAvailTests\SearchByAirportCodeTest.cs:line 955
</StackTrace>
        </ErrorInfo>
      </Output>
    </UnitTestResult>
    <UnitTestResult executionId="426523c4-0462-49f0-a435-8daad4121124" testId="1ef8638a-aaa6-ebb3-b810-b85192b72dde" testName="WeekEndDayPricingTest1" computerName="PHOENIXX" duration="00:00:00.3027444" startTime="2013-08-09T22:00:39.5073858+05:30" endTime="2013-08-09T22:00:39.8104767+05:30" testType="13cdc9d9-ddb5-4fa4-a97d-d965ccfc6d4b" outcome="Failed" testListId="8c84fa94-04c1-424b-9868-57a2d4851a1d" relativeResultsDirectory="426523c4-0462-49f0-a435-8daad4121124">
      <Output>
        <ErrorInfo>
          <Message>Test method Tavisca.Catapult.External.Facade.Tests.ActivityMultiAvailTests.SearchByAirportCodeTest.WeekEndDayPricingTest1 threw exception: 
System.Transactions.TransactionManagerCommunicationException: Network access for Distributed Transaction Manager (MSDTC) has been disabled. Please enable DTC for network access in the security configuration for MSDTC using the Component Services Administrative tool. ---&gt; System.Runtime.InteropServices.COMException: The transaction manager has disabled its support for remote/network transactions. (Exception from HRESULT: 0x8004D024)</Message>
          <StackTrace>    at System.Transactions.Oletx.IDtcProxyShimFactory.ReceiveTransaction(UInt32 propgationTokenSize, Byte[] propgationToken, IntPtr managedIdentifier, Guid&amp; transactionIdentifier, OletxTransactionIsolationLevel&amp; isolationLevel, ITransactionShim&amp; transactionShim)
   at System.Transactions.TransactionInterop.GetOletxTransactionFromTransmitterPropigationToken(Byte[] propagationToken)
 --- End of inner exception stack trace ---
    at System.Transactions.Oletx.OletxTransactionManager.ProxyException(COMException comException)
   at System.Transactions.TransactionInterop.GetOletxTransactionFromTransmitterPropigationToken(Byte[] propagationToken)
   at System.Transactions.TransactionStatePSPEOperation.PSPEPromote(InternalTransaction tx)
   at System.Transactions.TransactionStateDelegatedBase.EnterState(InternalTransaction tx)
   at System.Transactions.EnlistableStates.Promote(InternalTransaction tx)
   at System.Transactions.Transaction.Promote()
   at System.Transactions.TransactionInterop.ConvertToOletxTransaction(Transaction transaction)
   at System.Transactions.TransactionInterop.GetExportCookie(Transaction transaction, Byte[] whereabouts)
   at System.Data.SqlClient.SqlInternalConnection.GetTransactionCookie(Transaction transaction, Byte[] whereAbouts)
   at System.Data.SqlClient.SqlInternalConnection.EnlistNonNull(Transaction tx)
   at System.Data.SqlClient.SqlInternalConnection.Enlist(Transaction tx)
   at System.Data.SqlClient.SqlInternalConnectionTds.Activate(Transaction transaction)
   at System.Data.ProviderBase.DbConnectionInternal.ActivateConnection(Transaction transaction)
   at System.Data.ProviderBase.DbConnectionPool.TryGetConnection(DbConnection owningObject, UInt32 waitForMultipleObjectsTimeout, Boolean allowCreate, Boolean onlyOneCheckConnection, DbConnectionOptions userOptions, DbConnectionInternal&amp; connection)
   at System.Data.ProviderBase.DbConnectionPool.TryGetConnection(DbConnection owningObject, TaskCompletionSource`1 retry, DbConnectionOptions userOptions, DbConnectionInternal&amp; connection)
   at System.Data.ProviderBase.DbConnectionFactory.TryGetConnection(DbConnection owningConnection, TaskCompletionSource`1 retry, DbConnectionOptions userOptions, DbConnectionInternal&amp; connection)
   at System.Data.ProviderBase.DbConnectionClosed.TryOpenConnection(DbConnection outerConnection, DbConnectionFactory connectionFactory, TaskCompletionSource`1 retry, DbConnectionOptions userOptions)
   at System.Data.SqlClient.SqlConnection.TryOpen(TaskCompletionSource`1 retry)
   at System.Data.SqlClient.SqlConnection.Open()
   at System.Data.Linq.SqlClient.SqlConnectionManager.UseConnection(IConnectionUser user)
   at System.Data.Linq.SqlClient.SqlProvider.get_IsSqlCe()
   at System.Data.Linq.SqlClient.SqlProvider.InitializeProviderMode()
   at System.Data.Linq.SqlClient.SqlProvider.System.Data.Linq.Provider.IProvider.Execute(Expression query)
   at System.Data.Linq.DataContext.ExecuteMethodCall(Object instance, MethodInfo methodInfo, Object[] parameters)
   at Tavisca.Catapult.Internal.ResourceAccess.DataProviders.Rate.LINQ.RateDataContext.spSaveRateCard(Nullable`1 id, Nullable`1 productId, String productType, String scope, Nullable`1 isEnabled, Nullable`1 isDeleted) in d:\Code\TOM\Catapult\Code\trunk\CatapultServices\Tavisca.Catapult.Internal.ResourceAccess.DataProviders\Rate\LINQ\Rate.designer.cs:line 265
   at Tavisca.Catapult.Internal.ResourceAccess.DataProviders.Rate.RateProvider.SaveRateCard(String scopeId, RateCard rateCard) in d:\Code\TOM\Catapult\Code\trunk\CatapultServices\Tavisca.Catapult.Internal.ResourceAccess.DataProviders\Rate\RateProvider.cs:line 649
   at Tavisca.Catapult.External.Facade.Tests.TestActivityGenerator.SaveRateCard(RateCard rateCard) in d:\Code\TOM\Catapult\Code\trunk\CatapultServices\Tavisca.Catapult.External.Facade.Tests\TestActivityGenerator.cs:line 352
   at Tavisca.Catapult.External.Facade.Tests.ActivityMultiAvailTests.SearchByAirportCodeTest.WeekEndDayPricingTest1() in d:\Code\TOM\Catapult\Code\trunk\CatapultServices\Tavisca.Catapult.External.Facade.Tests\ActivityMultiAvailTests\SearchByAirportCodeTest.cs:line 996
</StackTrace>
        </ErrorInfo>
      </Output>
    </UnitTestResult>
    <UnitTestResult executionId="369e441c-a455-4d09-af11-76737ad2dac1" testId="bbca7f70-4467-2673-ed20-89900695bea0" testName="WeekEndDayPricingTest2" computerName="PHOENIXX" duration="00:00:00.3171827" startTime="2013-08-09T22:00:39.8104767+05:30" endTime="2013-08-09T22:00:40.1275718+05:30" testType="13cdc9d9-ddb5-4fa4-a97d-d965ccfc6d4b" outcome="Failed" testListId="8c84fa94-04c1-424b-9868-57a2d4851a1d" relativeResultsDirectory="369e441c-a455-4d09-af11-76737ad2dac1">
      <Output>
        <ErrorInfo>
          <Message>Test method Tavisca.Catapult.External.Facade.Tests.ActivityMultiAvailTests.SearchByAirportCodeTest.WeekEndDayPricingTest2 threw exception: 
System.Transactions.TransactionManagerCommunicationException: Network access for Distributed Transaction Manager (MSDTC) has been disabled. Please enable DTC for network access in the security configuration for MSDTC using the Component Services Administrative tool. ---&gt; System.Runtime.InteropServices.COMException: The transaction manager has disabled its support for remote/network transactions. (Exception from HRESULT: 0x8004D024)</Message>
          <StackTrace>    at System.Transactions.Oletx.IDtcProxyShimFactory.ReceiveTransaction(UInt32 propgationTokenSize, Byte[] propgationToken, IntPtr managedIdentifier, Guid&amp; transactionIdentifier, OletxTransactionIsolationLevel&amp; isolationLevel, ITransactionShim&amp; transactionShim)
   at System.Transactions.TransactionInterop.GetOletxTransactionFromTransmitterPropigationToken(Byte[] propagationToken)
 --- End of inner exception stack trace ---
    at System.Transactions.Oletx.OletxTransactionManager.ProxyException(COMException comException)
   at System.Transactions.TransactionInterop.GetOletxTransactionFromTransmitterPropigationToken(Byte[] propagationToken)
   at System.Transactions.TransactionStatePSPEOperation.PSPEPromote(InternalTransaction tx)
   at System.Transactions.TransactionStateDelegatedBase.EnterState(InternalTransaction tx)
   at System.Transactions.EnlistableStates.Promote(InternalTransaction tx)
   at System.Transactions.Transaction.Promote()
   at System.Transactions.TransactionInterop.ConvertToOletxTransaction(Transaction transaction)
   at System.Transactions.TransactionInterop.GetExportCookie(Transaction transaction, Byte[] whereabouts)
   at System.Data.SqlClient.SqlInternalConnection.GetTransactionCookie(Transaction transaction, Byte[] whereAbouts)
   at System.Data.SqlClient.SqlInternalConnection.EnlistNonNull(Transaction tx)
   at System.Data.SqlClient.SqlInternalConnection.Enlist(Transaction tx)
   at System.Data.SqlClient.SqlInternalConnectionTds.Activate(Transaction transaction)
   at System.Data.ProviderBase.DbConnectionInternal.ActivateConnection(Transaction transaction)
   at System.Data.ProviderBase.DbConnectionPool.TryGetConnection(DbConnection owningObject, UInt32 waitForMultipleObjectsTimeout, Boolean allowCreate, Boolean onlyOneCheckConnection, DbConnectionOptions userOptions, DbConnectionInternal&amp; connection)
   at System.Data.ProviderBase.DbConnectionPool.TryGetConnection(DbConnection owningObject, TaskCompletionSource`1 retry, DbConnectionOptions userOptions, DbConnectionInternal&amp; connection)
   at System.Data.ProviderBase.DbConnectionFactory.TryGetConnection(DbConnection owningConnection, TaskCompletionSource`1 retry, DbConnectionOptions userOptions, DbConnectionInternal&amp; connection)
   at System.Data.ProviderBase.DbConnectionClosed.TryOpenConnection(DbConnection outerConnection, DbConnectionFactory connectionFactory, TaskCompletionSource`1 retry, DbConnectionOptions userOptions)
   at System.Data.SqlClient.SqlConnection.TryOpen(TaskCompletionSource`1 retry)
   at System.Data.SqlClient.SqlConnection.Open()
   at System.Data.Linq.SqlClient.SqlConnectionManager.UseConnection(IConnectionUser user)
   at System.Data.Linq.SqlClient.SqlProvider.get_IsSqlCe()
   at System.Data.Linq.SqlClient.SqlProvider.InitializeProviderMode()
   at System.Data.Linq.SqlClient.SqlProvider.System.Data.Linq.Provider.IProvider.Execute(Expression query)
   at System.Data.Linq.DataContext.ExecuteMethodCall(Object instance, MethodInfo methodInfo, Object[] parameters)
   at Tavisca.Catapult.Internal.ResourceAccess.DataProviders.Rate.LINQ.RateDataContext.spSaveRateCard(Nullable`1 id, Nullable`1 productId, String productType, String scope, Nullable`1 isEnabled, Nullable`1 isDeleted) in d:\Code\TOM\Catapult\Code\trunk\CatapultServices\Tavisca.Catapult.Internal.ResourceAccess.DataProviders\Rate\LINQ\Rate.designer.cs:line 265
   at Tavisca.Catapult.Internal.ResourceAccess.DataProviders.Rate.RateProvider.SaveRateCard(String scopeId, RateCard rateCard) in d:\Code\TOM\Catapult\Code\trunk\CatapultServices\Tavisca.Catapult.Internal.ResourceAccess.DataProviders\Rate\RateProvider.cs:line 649
   at Tavisca.Catapult.External.Facade.Tests.TestActivityGenerator.SaveRateCard(RateCard rateCard) in d:\Code\TOM\Catapult\Code\trunk\CatapultServices\Tavisca.Catapult.External.Facade.Tests\TestActivityGenerator.cs:line 352
   at Tavisca.Catapult.External.Facade.Tests.ActivityMultiAvailTests.SearchByAirportCodeTest.WeekEndDayPricingTest2() in d:\Code\TOM\Catapult\Code\trunk\CatapultServices\Tavisca.Catapult.External.Facade.Tests\ActivityMultiAvailTests\SearchByAirportCodeTest.cs:line 1054
</StackTrace>
        </ErrorInfo>
      </Output>
    </UnitTestResult>
    <UnitTestResult executionId="215e2f2d-df2a-4b1c-9ba5-ebca745ed8ec" testId="a922f362-408f-7841-48b4-79297e449827" testName="WeekEndDayPricingTest3" computerName="PHOENIXX" duration="00:00:00.2967791" startTime="2013-08-09T22:00:40.1275718+05:30" endTime="2013-08-09T22:00:40.4246609+05:30" testType="13cdc9d9-ddb5-4fa4-a97d-d965ccfc6d4b" outcome="Failed" testListId="8c84fa94-04c1-424b-9868-57a2d4851a1d" relativeResultsDirectory="215e2f2d-df2a-4b1c-9ba5-ebca745ed8ec">
      <Output>
        <ErrorInfo>
          <Message>Test method Tavisca.Catapult.External.Facade.Tests.ActivityMultiAvailTests.SearchByAirportCodeTest.WeekEndDayPricingTest3 threw exception: 
System.Transactions.TransactionManagerCommunicationException: Network access for Distributed Transaction Manager (MSDTC) has been disabled. Please enable DTC for network access in the security configuration for MSDTC using the Component Services Administrative tool. ---&gt; System.Runtime.InteropServices.COMException: The transaction manager has disabled its support for remote/network transactions. (Exception from HRESULT: 0x8004D024)</Message>
          <StackTrace>    at System.Transactions.Oletx.IDtcProxyShimFactory.ReceiveTransaction(UInt32 propgationTokenSize, Byte[] propgationToken, IntPtr managedIdentifier, Guid&amp; transactionIdentifier, OletxTransactionIsolationLevel&amp; isolationLevel, ITransactionShim&amp; transactionShim)
   at System.Transactions.TransactionInterop.GetOletxTransactionFromTransmitterPropigationToken(Byte[] propagationToken)
 --- End of inner exception stack trace ---
    at System.Transactions.Oletx.OletxTransactionManager.ProxyException(COMException comException)
   at System.Transactions.TransactionInterop.GetOletxTransactionFromTransmitterPropigationToken(Byte[] propagationToken)
   at System.Transactions.TransactionStatePSPEOperation.PSPEPromote(InternalTransaction tx)
   at System.Transactions.TransactionStateDelegatedBase.EnterState(InternalTransaction tx)
   at System.Transactions.EnlistableStates.Promote(InternalTransaction tx)
   at System.Transactions.Transaction.Promote()
   at System.Transactions.TransactionInterop.ConvertToOletxTransaction(Transaction transaction)
   at System.Transactions.TransactionInterop.GetExportCookie(Transaction transaction, Byte[] whereabouts)
   at System.Data.SqlClient.SqlInternalConnection.GetTransactionCookie(Transaction transaction, Byte[] whereAbouts)
   at System.Data.SqlClient.SqlInternalConnection.EnlistNonNull(Transaction tx)
   at System.Data.SqlClient.SqlInternalConnection.Enlist(Transaction tx)
   at System.Data.SqlClient.SqlInternalConnectionTds.Activate(Transaction transaction)
   at System.Data.ProviderBase.DbConnectionInternal.ActivateConnection(Transaction transaction)
   at System.Data.ProviderBase.DbConnectionPool.TryGetConnection(DbConnection owningObject, UInt32 waitForMultipleObjectsTimeout, Boolean allowCreate, Boolean onlyOneCheckConnection, DbConnectionOptions userOptions, DbConnectionInternal&amp; connection)
   at System.Data.ProviderBase.DbConnectionPool.TryGetConnection(DbConnection owningObject, TaskCompletionSource`1 retry, DbConnectionOptions userOptions, DbConnectionInternal&amp; connection)
   at System.Data.ProviderBase.DbConnectionFactory.TryGetConnection(DbConnection owningConnection, TaskCompletionSource`1 retry, DbConnectionOptions userOptions, DbConnectionInternal&amp; connection)
   at System.Data.ProviderBase.DbConnectionClosed.TryOpenConnection(DbConnection outerConnection, DbConnectionFactory connectionFactory, TaskCompletionSource`1 retry, DbConnectionOptions userOptions)
   at System.Data.SqlClient.SqlConnection.TryOpen(TaskCompletionSource`1 retry)
   at System.Data.SqlClient.SqlConnection.Open()
   at System.Data.Linq.SqlClient.SqlConnectionManager.UseConnection(IConnectionUser user)
   at System.Data.Linq.SqlClient.SqlProvider.get_IsSqlCe()
   at System.Data.Linq.SqlClient.SqlProvider.InitializeProviderMode()
   at System.Data.Linq.SqlClient.SqlProvider.System.Data.Linq.Provider.IProvider.Execute(Expression query)
   at System.Data.Linq.DataContext.ExecuteMethodCall(Object instance, MethodInfo methodInfo, Object[] parameters)
   at Tavisca.Catapult.Internal.ResourceAccess.DataProviders.Rate.LINQ.RateDataContext.spSaveRateCard(Nullable`1 id, Nullable`1 productId, String productType, String scope, Nullable`1 isEnabled, Nullable`1 isDeleted) in d:\Code\TOM\Catapult\Code\trunk\CatapultServices\Tavisca.Catapult.Internal.ResourceAccess.DataProviders\Rate\LINQ\Rate.designer.cs:line 265
   at Tavisca.Catapult.Internal.ResourceAccess.DataProviders.Rate.RateProvider.SaveRateCard(String scopeId, RateCard rateCard) in d:\Code\TOM\Catapult\Code\trunk\CatapultServices\Tavisca.Catapult.Internal.ResourceAccess.DataProviders\Rate\RateProvider.cs:line 649
   at Tavisca.Catapult.External.Facade.Tests.TestActivityGenerator.SaveRateCard(RateCard rateCard) in d:\Code\TOM\Catapult\Code\trunk\CatapultServices\Tavisca.Catapult.External.Facade.Tests\TestActivityGenerator.cs:line 352
   at Tavisca.Catapult.External.Facade.Tests.ActivityMultiAvailTests.SearchByAirportCodeTest.WeekEndDayPricingTest3() in d:\Code\TOM\Catapult\Code\trunk\CatapultServices\Tavisca.Catapult.External.Facade.Tests\ActivityMultiAvailTests\SearchByAirportCodeTest.cs:line 1115
</StackTrace>
        </ErrorInfo>
      </Output>
    </UnitTestResult>
    <UnitTestResult executionId="a5d68d90-b8a0-43af-a05d-1ecf7cdcab7d" testId="662b8da8-e11c-11dd-39a3-4a5315335a91" testName="AvailabilityTest1" computerName="PHOENIXX" duration="00:00:00.2952458" startTime="2013-08-09T22:00:40.4246609+05:30" endTime="2013-08-09T22:00:40.7207497+05:30" testType="13cdc9d9-ddb5-4fa4-a97d-d965ccfc6d4b" outcome="Failed" testListId="8c84fa94-04c1-424b-9868-57a2d4851a1d" relativeResultsDirectory="a5d68d90-b8a0-43af-a05d-1ecf7cdcab7d">
      <Output>
        <ErrorInfo>
          <Message>Test method Tavisca.Catapult.External.Facade.Tests.ActivityMultiAvailTests.SearchByAirportCodeTest.AvailabilityTest1 threw exception: 
System.Transactions.TransactionManagerCommunicationException: Network access for Distributed Transaction Manager (MSDTC) has been disabled. Please enable DTC for network access in the security configuration for MSDTC using the Component Services Administrative tool. ---&gt; System.Runtime.InteropServices.COMException: The transaction manager has disabled its support for remote/network transactions. (Exception from HRESULT: 0x8004D024)</Message>
          <StackTrace>    at System.Transactions.Oletx.IDtcProxyShimFactory.ReceiveTransaction(UInt32 propgationTokenSize, Byte[] propgationToken, IntPtr managedIdentifier, Guid&amp; transactionIdentifier, OletxTransactionIsolationLevel&amp; isolationLevel, ITransactionShim&amp; transactionShim)
   at System.Transactions.TransactionInterop.GetOletxTransactionFromTransmitterPropigationToken(Byte[] propagationToken)
 --- End of inner exception stack trace ---
    at System.Transactions.Oletx.OletxTransactionManager.ProxyException(COMException comException)
   at System.Transactions.TransactionInterop.GetOletxTransactionFromTransmitterPropigationToken(Byte[] propagationToken)
   at System.Transactions.TransactionStatePSPEOperation.PSPEPromote(InternalTransaction tx)
   at System.Transactions.TransactionStateDelegatedBase.EnterState(InternalTransaction tx)
   at System.Transactions.EnlistableStates.Promote(InternalTransaction tx)
   at System.Transactions.Transaction.Promote()
   at System.Transactions.TransactionInterop.ConvertToOletxTransaction(Transaction transaction)
   at System.Transactions.TransactionInterop.GetExportCookie(Transaction transaction, Byte[] whereabouts)
   at System.Data.SqlClient.SqlInternalConnection.GetTransactionCookie(Transaction transaction, Byte[] whereAbouts)
   at System.Data.SqlClient.SqlInternalConnection.EnlistNonNull(Transaction tx)
   at System.Data.SqlClient.SqlInternalConnection.Enlist(Transaction tx)
   at System.Data.SqlClient.SqlInternalConnectionTds.Activate(Transaction transaction)
   at System.Data.ProviderBase.DbConnectionInternal.ActivateConnection(Transaction transaction)
   at System.Data.ProviderBase.DbConnectionPool.TryGetConnection(DbConnection owningObject, UInt32 waitForMultipleObjectsTimeout, Boolean allowCreate, Boolean onlyOneCheckConnection, DbConnectionOptions userOptions, DbConnectionInternal&amp; connection)
   at System.Data.ProviderBase.DbConnectionPool.TryGetConnection(DbConnection owningObject, TaskCompletionSource`1 retry, DbConnectionOptions userOptions, DbConnectionInternal&amp; connection)
   at System.Data.ProviderBase.DbConnectionFactory.TryGetConnection(DbConnection owningConnection, TaskCompletionSource`1 retry, DbConnectionOptions userOptions, DbConnectionInternal&amp; connection)
   at System.Data.ProviderBase.DbConnectionClosed.TryOpenConnection(DbConnection outerConnection, DbConnectionFactory connectionFactory, TaskCompletionSource`1 retry, DbConnectionOptions userOptions)
   at System.Data.SqlClient.SqlConnection.TryOpen(TaskCompletionSource`1 retry)
   at System.Data.SqlClient.SqlConnection.Open()
   at System.Data.Linq.SqlClient.SqlConnectionManager.UseConnection(IConnectionUser user)
   at System.Data.Linq.SqlClient.SqlProvider.get_IsSqlCe()
   at System.Data.Linq.SqlClient.SqlProvider.InitializeProviderMode()
   at System.Data.Linq.SqlClient.SqlProvider.System.Data.Linq.Provider.IProvider.Execute(Expression query)
   at System.Data.Linq.DataContext.ExecuteMethodCall(Object instance, MethodInfo methodInfo, Object[] parameters)
   at Tavisca.Catapult.Internal.ResourceAccess.DataProviders.Rate.LINQ.RateDataContext.spSaveRateCard(Nullable`1 id, Nullable`1 productId, String productType, String scope, Nullable`1 isEnabled, Nullable`1 isDeleted) in d:\Code\TOM\Catapult\Code\trunk\CatapultServices\Tavisca.Catapult.Internal.ResourceAccess.DataProviders\Rate\LINQ\Rate.designer.cs:line 265
   at Tavisca.Catapult.Internal.ResourceAccess.DataProviders.Rate.RateProvider.SaveRateCard(String scopeId, RateCard rateCard) in d:\Code\TOM\Catapult\Code\trunk\CatapultServices\Tavisca.Catapult.Internal.ResourceAccess.DataProviders\Rate\RateProvider.cs:line 649
   at Tavisca.Catapult.External.Facade.Tests.TestActivityGenerator.SaveRateCard(RateCard rateCard) in d:\Code\TOM\Catapult\Code\trunk\CatapultServices\Tavisca.Catapult.External.Facade.Tests\TestActivityGenerator.cs:line 352
   at Tavisca.Catapult.External.Facade.Tests.ActivityMultiAvailTests.SearchByAirportCodeTest.AvailabilityTest1() in d:\Code\TOM\Catapult\Code\trunk\CatapultServices\Tavisca.Catapult.External.Facade.Tests\ActivityMultiAvailTests\SearchByAirportCodeTest.cs:line 1173
</StackTrace>
        </ErrorInfo>
      </Output>
    </UnitTestResult>
    <UnitTestResult executionId="e4ff5b90-6452-4dfc-b402-3edc7185d31b" testId="65fd3a0e-529b-9dde-c139-8bccaf8fee39" testName="AvailabilityTest2" computerName="PHOENIXX" duration="00:00:00.2966104" startTime="2013-08-09T22:00:40.7207497+05:30" endTime="2013-08-09T22:00:41.0168385+05:30" testType="13cdc9d9-ddb5-4fa4-a97d-d965ccfc6d4b" outcome="Failed" testListId="8c84fa94-04c1-424b-9868-57a2d4851a1d" relativeResultsDirectory="e4ff5b90-6452-4dfc-b402-3edc7185d31b">
      <Output>
        <ErrorInfo>
          <Message>Test method Tavisca.Catapult.External.Facade.Tests.ActivityMultiAvailTests.SearchByAirportCodeTest.AvailabilityTest2 threw exception: 
System.Transactions.TransactionManagerCommunicationException: Network access for Distributed Transaction Manager (MSDTC) has been disabled. Please enable DTC for network access in the security configuration for MSDTC using the Component Services Administrative tool. ---&gt; System.Runtime.InteropServices.COMException: The transaction manager has disabled its support for remote/network transactions. (Exception from HRESULT: 0x8004D024)</Message>
          <StackTrace>    at System.Transactions.Oletx.IDtcProxyShimFactory.ReceiveTransaction(UInt32 propgationTokenSize, Byte[] propgationToken, IntPtr managedIdentifier, Guid&amp; transactionIdentifier, OletxTransactionIsolationLevel&amp; isolationLevel, ITransactionShim&amp; transactionShim)
   at System.Transactions.TransactionInterop.GetOletxTransactionFromTransmitterPropigationToken(Byte[] propagationToken)
 --- End of inner exception stack trace ---
    at System.Transactions.Oletx.OletxTransactionManager.ProxyException(COMException comException)
   at System.Transactions.TransactionInterop.GetOletxTransactionFromTransmitterPropigationToken(Byte[] propagationToken)
   at System.Transactions.TransactionStatePSPEOperation.PSPEPromote(InternalTransaction tx)
   at System.Transactions.TransactionStateDelegatedBase.EnterState(InternalTransaction tx)
   at System.Transactions.EnlistableStates.Promote(InternalTransaction tx)
   at System.Transactions.Transaction.Promote()
   at System.Transactions.TransactionInterop.ConvertToOletxTransaction(Transaction transaction)
   at System.Transactions.TransactionInterop.GetExportCookie(Transaction transaction, Byte[] whereabouts)
   at System.Data.SqlClient.SqlInternalConnection.GetTransactionCookie(Transaction transaction, Byte[] whereAbouts)
   at System.Data.SqlClient.SqlInternalConnection.EnlistNonNull(Transaction tx)
   at System.Data.SqlClient.SqlInternalConnection.Enlist(Transaction tx)
   at System.Data.SqlClient.SqlInternalConnectionTds.Activate(Transaction transaction)
   at System.Data.ProviderBase.DbConnectionInternal.ActivateConnection(Transaction transaction)
   at System.Data.ProviderBase.DbConnectionPool.TryGetConnection(DbConnection owningObject, UInt32 waitForMultipleObjectsTimeout, Boolean allowCreate, Boolean onlyOneCheckConnection, DbConnectionOptions userOptions, DbConnectionInternal&amp; connection)
   at System.Data.ProviderBase.DbConnectionPool.TryGetConnection(DbConnection owningObject, TaskCompletionSource`1 retry, DbConnectionOptions userOptions, DbConnectionInternal&amp; connection)
   at System.Data.ProviderBase.DbConnectionFactory.TryGetConnection(DbConnection owningConnection, TaskCompletionSource`1 retry, DbConnectionOptions userOptions, DbConnectionInternal&amp; connection)
   at System.Data.ProviderBase.DbConnectionClosed.TryOpenConnection(DbConnection outerConnection, DbConnectionFactory connectionFactory, TaskCompletionSource`1 retry, DbConnectionOptions userOptions)
   at System.Data.SqlClient.SqlConnection.TryOpen(TaskCompletionSource`1 retry)
   at System.Data.SqlClient.SqlConnection.Open()
   at System.Data.Linq.SqlClient.SqlConnectionManager.UseConnection(IConnectionUser user)
   at System.Data.Linq.SqlClient.SqlProvider.get_IsSqlCe()
   at System.Data.Linq.SqlClient.SqlProvider.InitializeProviderMode()
   at System.Data.Linq.SqlClient.SqlProvider.System.Data.Linq.Provider.IProvider.Execute(Expression query)
   at System.Data.Linq.DataContext.ExecuteMethodCall(Object instance, MethodInfo methodInfo, Object[] parameters)
   at Tavisca.Catapult.Internal.ResourceAccess.DataProviders.Rate.LINQ.RateDataContext.spSaveRateCard(Nullable`1 id, Nullable`1 productId, String productType, String scope, Nullable`1 isEnabled, Nullable`1 isDeleted) in d:\Code\TOM\Catapult\Code\trunk\CatapultServices\Tavisca.Catapult.Internal.ResourceAccess.DataProviders\Rate\LINQ\Rate.designer.cs:line 265
   at Tavisca.Catapult.Internal.ResourceAccess.DataProviders.Rate.RateProvider.SaveRateCard(String scopeId, RateCard rateCard) in d:\Code\TOM\Catapult\Code\trunk\CatapultServices\Tavisca.Catapult.Internal.ResourceAccess.DataProviders\Rate\RateProvider.cs:line 649
   at Tavisca.Catapult.External.Facade.Tests.TestActivityGenerator.SaveRateCard(RateCard rateCard) in d:\Code\TOM\Catapult\Code\trunk\CatapultServices\Tavisca.Catapult.External.Facade.Tests\TestActivityGenerator.cs:line 352
   at Tavisca.Catapult.External.Facade.Tests.ActivityMultiAvailTests.SearchByAirportCodeTest.AvailabilityTest2() in d:\Code\TOM\Catapult\Code\trunk\CatapultServices\Tavisca.Catapult.External.Facade.Tests\ActivityMultiAvailTests\SearchByAirportCodeTest.cs:line 1218
</StackTrace>
        </ErrorInfo>
      </Output>
    </UnitTestResult>
    <UnitTestResult executionId="c8852eda-92b4-4031-bb28-f4c46bc22962" testId="512d19eb-d880-c7b1-d022-fe9d6cdd2cc4" testName="IsOnRequestTest1" computerName="PHOENIXX" duration="00:00:00.2949096" startTime="2013-08-09T22:00:41.0168385+05:30" endTime="2013-08-09T22:00:41.3129273+05:30" testType="13cdc9d9-ddb5-4fa4-a97d-d965ccfc6d4b" outcome="Failed" testListId="8c84fa94-04c1-424b-9868-57a2d4851a1d" relativeResultsDirectory="c8852eda-92b4-4031-bb28-f4c46bc22962">
      <Output>
        <ErrorInfo>
          <Message>Test method Tavisca.Catapult.External.Facade.Tests.ActivityMultiAvailTests.SearchByAirportCodeTest.IsOnRequestTest1 threw exception: 
System.Transactions.TransactionManagerCommunicationException: Network access for Distributed Transaction Manager (MSDTC) has been disabled. Please enable DTC for network access in the security configuration for MSDTC using the Component Services Administrative tool. ---&gt; System.Runtime.InteropServices.COMException: The transaction manager has disabled its support for remote/network transactions. (Exception from HRESULT: 0x8004D024)</Message>
          <StackTrace>    at System.Transactions.Oletx.IDtcProxyShimFactory.ReceiveTransaction(UInt32 propgationTokenSize, Byte[] propgationToken, IntPtr managedIdentifier, Guid&amp; transactionIdentifier, OletxTransactionIsolationLevel&amp; isolationLevel, ITransactionShim&amp; transactionShim)
   at System.Transactions.TransactionInterop.GetOletxTransactionFromTransmitterPropigationToken(Byte[] propagationToken)
 --- End of inner exception stack trace ---
    at System.Transactions.Oletx.OletxTransactionManager.ProxyException(COMException comException)
   at System.Transactions.TransactionInterop.GetOletxTransactionFromTransmitterPropigationToken(Byte[] propagationToken)
   at System.Transactions.TransactionStatePSPEOperation.PSPEPromote(InternalTransaction tx)
   at System.Transactions.TransactionStateDelegatedBase.EnterState(InternalTransaction tx)
   at System.Transactions.EnlistableStates.Promote(InternalTransaction tx)
   at System.Transactions.Transaction.Promote()
   at System.Transactions.TransactionInterop.ConvertToOletxTransaction(Transaction transaction)
   at System.Transactions.TransactionInterop.GetExportCookie(Transaction transaction, Byte[] whereabouts)
   at System.Data.SqlClient.SqlInternalConnection.GetTransactionCookie(Transaction transaction, Byte[] whereAbouts)
   at System.Data.SqlClient.SqlInternalConnection.EnlistNonNull(Transaction tx)
   at System.Data.SqlClient.SqlInternalConnection.Enlist(Transaction tx)
   at System.Data.SqlClient.SqlInternalConnectionTds.Activate(Transaction transaction)
   at System.Data.ProviderBase.DbConnectionInternal.ActivateConnection(Transaction transaction)
   at System.Data.ProviderBase.DbConnectionPool.TryGetConnection(DbConnection owningObject, UInt32 waitForMultipleObjectsTimeout, Boolean allowCreate, Boolean onlyOneCheckConnection, DbConnectionOptions userOptions, DbConnectionInternal&amp; connection)
   at System.Data.ProviderBase.DbConnectionPool.TryGetConnection(DbConnection owningObject, TaskCompletionSource`1 retry, DbConnectionOptions userOptions, DbConnectionInternal&amp; connection)
   at System.Data.ProviderBase.DbConnectionFactory.TryGetConnection(DbConnection owningConnection, TaskCompletionSource`1 retry, DbConnectionOptions userOptions, DbConnectionInternal&amp; connection)
   at System.Data.ProviderBase.DbConnectionClosed.TryOpenConnection(DbConnection outerConnection, DbConnectionFactory connectionFactory, TaskCompletionSource`1 retry, DbConnectionOptions userOptions)
   at System.Data.SqlClient.SqlConnection.TryOpen(TaskCompletionSource`1 retry)
   at System.Data.SqlClient.SqlConnection.Open()
   at System.Data.Linq.SqlClient.SqlConnectionManager.UseConnection(IConnectionUser user)
   at System.Data.Linq.SqlClient.SqlProvider.get_IsSqlCe()
   at System.Data.Linq.SqlClient.SqlProvider.InitializeProviderMode()
   at System.Data.Linq.SqlClient.SqlProvider.System.Data.Linq.Provider.IProvider.Execute(Expression query)
   at System.Data.Linq.DataContext.ExecuteMethodCall(Object instance, MethodInfo methodInfo, Object[] parameters)
   at Tavisca.Catapult.Internal.ResourceAccess.DataProviders.Rate.LINQ.RateDataContext.spSaveRateCard(Nullable`1 id, Nullable`1 productId, String productType, String scope, Nullable`1 isEnabled, Nullable`1 isDeleted) in d:\Code\TOM\Catapult\Code\trunk\CatapultServices\Tavisca.Catapult.Internal.ResourceAccess.DataProviders\Rate\LINQ\Rate.designer.cs:line 265
   at Tavisca.Catapult.Internal.ResourceAccess.DataProviders.Rate.RateProvider.SaveRateCard(String scopeId, RateCard rateCard) in d:\Code\TOM\Catapult\Code\trunk\CatapultServices\Tavisca.Catapult.Internal.ResourceAccess.DataProviders\Rate\RateProvider.cs:line 649
   at Tavisca.Catapult.External.Facade.Tests.TestActivityGenerator.SaveRateCard(RateCard rateCard) in d:\Code\TOM\Catapult\Code\trunk\CatapultServices\Tavisca.Catapult.External.Facade.Tests\TestActivityGenerator.cs:line 352
   at Tavisca.Catapult.External.Facade.Tests.ActivityMultiAvailTests.SearchByAirportCodeTest.IsOnRequestTest1() in d:\Code\TOM\Catapult\Code\trunk\CatapultServices\Tavisca.Catapult.External.Facade.Tests\ActivityMultiAvailTests\SearchByAirportCodeTest.cs:line 1264
</StackTrace>
        </ErrorInfo>
      </Output>
    </UnitTestResult>
    <UnitTestResult executionId="d68c8870-356f-4fc5-8727-1ace7ee9a4a1" testId="3491d203-6c7a-8c4e-7bb0-83502c14ab63" testName="IsOnRequestTest2" computerName="PHOENIXX" duration="00:00:00.3207594" startTime="2013-08-09T22:00:41.3129273+05:30" endTime="2013-08-09T22:00:41.6340236+05:30" testType="13cdc9d9-ddb5-4fa4-a97d-d965ccfc6d4b" outcome="Failed" testListId="8c84fa94-04c1-424b-9868-57a2d4851a1d" relativeResultsDirectory="d68c8870-356f-4fc5-8727-1ace7ee9a4a1">
      <Output>
        <ErrorInfo>
          <Message>Test method Tavisca.Catapult.External.Facade.Tests.ActivityMultiAvailTests.SearchByAirportCodeTest.IsOnRequestTest2 threw exception: 
System.Transactions.TransactionManagerCommunicationException: Network access for Distributed Transaction Manager (MSDTC) has been disabled. Please enable DTC for network access in the security configuration for MSDTC using the Component Services Administrative tool. ---&gt; System.Runtime.InteropServices.COMException: The transaction manager has disabled its support for remote/network transactions. (Exception from HRESULT: 0x8004D024)</Message>
          <StackTrace>    at System.Transactions.Oletx.IDtcProxyShimFactory.ReceiveTransaction(UInt32 propgationTokenSize, Byte[] propgationToken, IntPtr managedIdentifier, Guid&amp; transactionIdentifier, OletxTransactionIsolationLevel&amp; isolationLevel, ITransactionShim&amp; transactionShim)
   at System.Transactions.TransactionInterop.GetOletxTransactionFromTransmitterPropigationToken(Byte[] propagationToken)
 --- End of inner exception stack trace ---
    at System.Transactions.Oletx.OletxTransactionManager.ProxyException(COMException comException)
   at System.Transactions.TransactionInterop.GetOletxTransactionFromTransmitterPropigationToken(Byte[] propagationToken)
   at System.Transactions.TransactionStatePSPEOperation.PSPEPromote(InternalTransaction tx)
   at System.Transactions.TransactionStateDelegatedBase.EnterState(InternalTransaction tx)
   at System.Transactions.EnlistableStates.Promote(InternalTransaction tx)
   at System.Transactions.Transaction.Promote()
   at System.Transactions.TransactionInterop.ConvertToOletxTransaction(Transaction transaction)
   at System.Transactions.TransactionInterop.GetExportCookie(Transaction transaction, Byte[] whereabouts)
   at System.Data.SqlClient.SqlInternalConnection.GetTransactionCookie(Transaction transaction, Byte[] whereAbouts)
   at System.Data.SqlClient.SqlInternalConnection.EnlistNonNull(Transaction tx)
   at System.Data.SqlClient.SqlInternalConnection.Enlist(Transaction tx)
   at System.Data.SqlClient.SqlInternalConnectionTds.Activate(Transaction transaction)
   at System.Data.ProviderBase.DbConnectionInternal.ActivateConnection(Transaction transaction)
   at System.Data.ProviderBase.DbConnectionPool.TryGetConnection(DbConnection owningObject, UInt32 waitForMultipleObjectsTimeout, Boolean allowCreate, Boolean onlyOneCheckConnection, DbConnectionOptions userOptions, DbConnectionInternal&amp; connection)
   at System.Data.ProviderBase.DbConnectionPool.TryGetConnection(DbConnection owningObject, TaskCompletionSource`1 retry, DbConnectionOptions userOptions, DbConnectionInternal&amp; connection)
   at System.Data.ProviderBase.DbConnectionFactory.TryGetConnection(DbConnection owningConnection, TaskCompletionSource`1 retry, DbConnectionOptions userOptions, DbConnectionInternal&amp; connection)
   at System.Data.ProviderBase.DbConnectionClosed.TryOpenConnection(DbConnection outerConnection, DbConnectionFactory connectionFactory, TaskCompletionSource`1 retry, DbConnectionOptions userOptions)
   at System.Data.SqlClient.SqlConnection.TryOpen(TaskCompletionSource`1 retry)
   at System.Data.SqlClient.SqlConnection.Open()
   at System.Data.Linq.SqlClient.SqlConnectionManager.UseConnection(IConnectionUser user)
   at System.Data.Linq.SqlClient.SqlProvider.get_IsSqlCe()
   at System.Data.Linq.SqlClient.SqlProvider.InitializeProviderMode()
   at System.Data.Linq.SqlClient.SqlProvider.System.Data.Linq.Provider.IProvider.Execute(Expression query)
   at System.Data.Linq.DataContext.ExecuteMethodCall(Object instance, MethodInfo methodInfo, Object[] parameters)
   at Tavisca.Catapult.Internal.ResourceAccess.DataProviders.Rate.LINQ.RateDataContext.spSaveRateCard(Nullable`1 id, Nullable`1 productId, String productType, String scope, Nullable`1 isEnabled, Nullable`1 isDeleted) in d:\Code\TOM\Catapult\Code\trunk\CatapultServices\Tavisca.Catapult.Internal.ResourceAccess.DataProviders\Rate\LINQ\Rate.designer.cs:line 265
   at Tavisca.Catapult.Internal.ResourceAccess.DataProviders.Rate.RateProvider.SaveRateCard(String scopeId, RateCard rateCard) in d:\Code\TOM\Catapult\Code\trunk\CatapultServices\Tavisca.Catapult.Internal.ResourceAccess.DataProviders\Rate\RateProvider.cs:line 649
   at Tavisca.Catapult.External.Facade.Tests.TestActivityGenerator.SaveRateCard(RateCard rateCard) in d:\Code\TOM\Catapult\Code\trunk\CatapultServices\Tavisca.Catapult.External.Facade.Tests\TestActivityGenerator.cs:line 352
   at Tavisca.Catapult.External.Facade.Tests.ActivityMultiAvailTests.SearchByAirportCodeTest.IsOnRequestTest2() in d:\Code\TOM\Catapult\Code\trunk\CatapultServices\Tavisca.Catapult.External.Facade.Tests\ActivityMultiAvailTests\SearchByAirportCodeTest.cs:line 1312
</StackTrace>
        </ErrorInfo>
      </Output>
    </UnitTestResult>
    <UnitTestResult executionId="132d13a1-ce72-4cc4-972d-0a4a17ec5555" testId="859f62f5-0710-a50d-0125-a9c88c118438" testName="IsOnRequestTest3" computerName="PHOENIXX" duration="00:00:00.2909826" startTime="2013-08-09T22:00:41.6340236+05:30" endTime="2013-08-09T22:00:41.9251109+05:30" testType="13cdc9d9-ddb5-4fa4-a97d-d965ccfc6d4b" outcome="Failed" testListId="8c84fa94-04c1-424b-9868-57a2d4851a1d" relativeResultsDirectory="132d13a1-ce72-4cc4-972d-0a4a17ec5555">
      <Output>
        <ErrorInfo>
          <Message>Test method Tavisca.Catapult.External.Facade.Tests.ActivityMultiAvailTests.SearchByAirportCodeTest.IsOnRequestTest3 threw exception: 
System.Transactions.TransactionManagerCommunicationException: Network access for Distributed Transaction Manager (MSDTC) has been disabled. Please enable DTC for network access in the security configuration for MSDTC using the Component Services Administrative tool. ---&gt; System.Runtime.InteropServices.COMException: The transaction manager has disabled its support for remote/network transactions. (Exception from HRESULT: 0x8004D024)</Message>
          <StackTrace>    at System.Transactions.Oletx.IDtcProxyShimFactory.ReceiveTransaction(UInt32 propgationTokenSize, Byte[] propgationToken, IntPtr managedIdentifier, Guid&amp; transactionIdentifier, OletxTransactionIsolationLevel&amp; isolationLevel, ITransactionShim&amp; transactionShim)
   at System.Transactions.TransactionInterop.GetOletxTransactionFromTransmitterPropigationToken(Byte[] propagationToken)
 --- End of inner exception stack trace ---
    at System.Transactions.Oletx.OletxTransactionManager.ProxyException(COMException comException)
   at System.Transactions.TransactionInterop.GetOletxTransactionFromTransmitterPropigationToken(Byte[] propagationToken)
   at System.Transactions.TransactionStatePSPEOperation.PSPEPromote(InternalTransaction tx)
   at System.Transactions.TransactionStateDelegatedBase.EnterState(InternalTransaction tx)
   at System.Transactions.EnlistableStates.Promote(InternalTransaction tx)
   at System.Transactions.Transaction.Promote()
   at System.Transactions.TransactionInterop.ConvertToOletxTransaction(Transaction transaction)
   at System.Transactions.TransactionInterop.GetExportCookie(Transaction transaction, Byte[] whereabouts)
   at System.Data.SqlClient.SqlInternalConnection.GetTransactionCookie(Transaction transaction, Byte[] whereAbouts)
   at System.Data.SqlClient.SqlInternalConnection.EnlistNonNull(Transaction tx)
   at System.Data.SqlClient.SqlInternalConnection.Enlist(Transaction tx)
   at System.Data.SqlClient.SqlInternalConnectionTds.Activate(Transaction transaction)
   at System.Data.ProviderBase.DbConnectionInternal.ActivateConnection(Transaction transaction)
   at System.Data.ProviderBase.DbConnectionPool.TryGetConnection(DbConnection owningObject, UInt32 waitForMultipleObjectsTimeout, Boolean allowCreate, Boolean onlyOneCheckConnection, DbConnectionOptions userOptions, DbConnectionInternal&amp; connection)
   at System.Data.ProviderBase.DbConnectionPool.TryGetConnection(DbConnection owningObject, TaskCompletionSource`1 retry, DbConnectionOptions userOptions, DbConnectionInternal&amp; connection)
   at System.Data.ProviderBase.DbConnectionFactory.TryGetConnection(DbConnection owningConnection, TaskCompletionSource`1 retry, DbConnectionOptions userOptions, DbConnectionInternal&amp; connection)
   at System.Data.ProviderBase.DbConnectionClosed.TryOpenConnection(DbConnection outerConnection, DbConnectionFactory connectionFactory, TaskCompletionSource`1 retry, DbConnectionOptions userOptions)
   at System.Data.SqlClient.SqlConnection.TryOpen(TaskCompletionSource`1 retry)
   at System.Data.SqlClient.SqlConnection.Open()
   at System.Data.Linq.SqlClient.SqlConnectionManager.UseConnection(IConnectionUser user)
   at System.Data.Linq.SqlClient.SqlProvider.get_IsSqlCe()
   at System.Data.Linq.SqlClient.SqlProvider.InitializeProviderMode()
   at System.Data.Linq.SqlClient.SqlProvider.System.Data.Linq.Provider.IProvider.Execute(Expression query)
   at System.Data.Linq.DataContext.ExecuteMethodCall(Object instance, MethodInfo methodInfo, Object[] parameters)
   at Tavisca.Catapult.Internal.ResourceAccess.DataProviders.Rate.LINQ.RateDataContext.spSaveRateCard(Nullable`1 id, Nullable`1 productId, String productType, String scope, Nullable`1 isEnabled, Nullable`1 isDeleted) in d:\Code\TOM\Catapult\Code\trunk\CatapultServices\Tavisca.Catapult.Internal.ResourceAccess.DataProviders\Rate\LINQ\Rate.designer.cs:line 265
   at Tavisca.Catapult.Internal.ResourceAccess.DataProviders.Rate.RateProvider.SaveRateCard(String scopeId, RateCard rateCard) in d:\Code\TOM\Catapult\Code\trunk\CatapultServices\Tavisca.Catapult.Internal.ResourceAccess.DataProviders\Rate\RateProvider.cs:line 649
   at Tavisca.Catapult.External.Facade.Tests.TestActivityGenerator.SaveRateCard(RateCard rateCard) in d:\Code\TOM\Catapult\Code\trunk\CatapultServices\Tavisca.Catapult.External.Facade.Tests\TestActivityGenerator.cs:line 352
   at Tavisca.Catapult.External.Facade.Tests.ActivityMultiAvailTests.SearchByAirportCodeTest.IsOnRequestTest3() in d:\Code\TOM\Catapult\Code\trunk\CatapultServices\Tavisca.Catapult.External.Facade.Tests\ActivityMultiAvailTests\SearchByAirportCodeTest.cs:line 1361
</StackTrace>
        </ErrorInfo>
      </Output>
    </UnitTestResult>
    <UnitTestResult executionId="4a471045-9740-4e95-8aed-bb4f4885a2c7" testId="dad74ab1-33d9-eeb4-27b3-b67c109d546b" testName="IsOnRequestTest4" computerName="PHOENIXX" duration="00:00:00.2981578" startTime="2013-08-09T22:00:41.9251109+05:30" endTime="2013-08-09T22:00:42.2232003+05:30" testType="13cdc9d9-ddb5-4fa4-a97d-d965ccfc6d4b" outcome="Failed" testListId="8c84fa94-04c1-424b-9868-57a2d4851a1d" relativeResultsDirectory="4a471045-9740-4e95-8aed-bb4f4885a2c7">
      <Output>
        <ErrorInfo>
          <Message>Test method Tavisca.Catapult.External.Facade.Tests.ActivityMultiAvailTests.SearchByAirportCodeTest.IsOnRequestTest4 threw exception: 
System.Transactions.TransactionManagerCommunicationException: Network access for Distributed Transaction Manager (MSDTC) has been disabled. Please enable DTC for network access in the security configuration for MSDTC using the Component Services Administrative tool. ---&gt; System.Runtime.InteropServices.COMException: The transaction manager has disabled its support for remote/network transactions. (Exception from HRESULT: 0x8004D024)</Message>
          <StackTrace>    at System.Transactions.Oletx.IDtcProxyShimFactory.ReceiveTransaction(UInt32 propgationTokenSize, Byte[] propgationToken, IntPtr managedIdentifier, Guid&amp; transactionIdentifier, OletxTransactionIsolationLevel&amp; isolationLevel, ITransactionShim&amp; transactionShim)
   at System.Transactions.TransactionInterop.GetOletxTransactionFromTransmitterPropigationToken(Byte[] propagationToken)
 --- End of inner exception stack trace ---
    at System.Transactions.Oletx.OletxTransactionManager.ProxyException(COMException comException)
   at System.Transactions.TransactionInterop.GetOletxTransactionFromTransmitterPropigationToken(Byte[] propagationToken)
   at System.Transactions.TransactionStatePSPEOperation.PSPEPromote(InternalTransaction tx)
   at System.Transactions.TransactionStateDelegatedBase.EnterState(InternalTransaction tx)
   at System.Transactions.EnlistableStates.Promote(InternalTransaction tx)
   at System.Transactions.Transaction.Promote()
   at System.Transactions.TransactionInterop.ConvertToOletxTransaction(Transaction transaction)
   at System.Transactions.TransactionInterop.GetExportCookie(Transaction transaction, Byte[] whereabouts)
   at System.Data.SqlClient.SqlInternalConnection.GetTransactionCookie(Transaction transaction, Byte[] whereAbouts)
   at System.Data.SqlClient.SqlInternalConnection.EnlistNonNull(Transaction tx)
   at System.Data.SqlClient.SqlInternalConnection.Enlist(Transaction tx)
   at System.Data.SqlClient.SqlInternalConnectionTds.Activate(Transaction transaction)
   at System.Data.ProviderBase.DbConnectionInternal.ActivateConnection(Transaction transaction)
   at System.Data.ProviderBase.DbConnectionPool.TryGetConnection(DbConnection owningObject, UInt32 waitForMultipleObjectsTimeout, Boolean allowCreate, Boolean onlyOneCheckConnection, DbConnectionOptions userOptions, DbConnectionInternal&amp; connection)
   at System.Data.ProviderBase.DbConnectionPool.TryGetConnection(DbConnection owningObject, TaskCompletionSource`1 retry, DbConnectionOptions userOptions, DbConnectionInternal&amp; connection)
   at System.Data.ProviderBase.DbConnectionFactory.TryGetConnection(DbConnection owningConnection, TaskCompletionSource`1 retry, DbConnectionOptions userOptions, DbConnectionInternal&amp; connection)
   at System.Data.ProviderBase.DbConnectionClosed.TryOpenConnection(DbConnection outerConnection, DbConnectionFactory connectionFactory, TaskCompletionSource`1 retry, DbConnectionOptions userOptions)
   at System.Data.SqlClient.SqlConnection.TryOpen(TaskCompletionSource`1 retry)
   at System.Data.SqlClient.SqlConnection.Open()
   at System.Data.Linq.SqlClient.SqlConnectionManager.UseConnection(IConnectionUser user)
   at System.Data.Linq.SqlClient.SqlProvider.get_IsSqlCe()
   at System.Data.Linq.SqlClient.SqlProvider.InitializeProviderMode()
   at System.Data.Linq.SqlClient.SqlProvider.System.Data.Linq.Provider.IProvider.Execute(Expression query)
   at System.Data.Linq.DataContext.ExecuteMethodCall(Object instance, MethodInfo methodInfo, Object[] parameters)
   at Tavisca.Catapult.Internal.ResourceAccess.DataProviders.Rate.LINQ.RateDataContext.spSaveRateCard(Nullable`1 id, Nullable`1 productId, String productType, String scope, Nullable`1 isEnabled, Nullable`1 isDeleted) in d:\Code\TOM\Catapult\Code\trunk\CatapultServices\Tavisca.Catapult.Internal.ResourceAccess.DataProviders\Rate\LINQ\Rate.designer.cs:line 265
   at Tavisca.Catapult.Internal.ResourceAccess.DataProviders.Rate.RateProvider.SaveRateCard(String scopeId, RateCard rateCard) in d:\Code\TOM\Catapult\Code\trunk\CatapultServices\Tavisca.Catapult.Internal.ResourceAccess.DataProviders\Rate\RateProvider.cs:line 649
   at Tavisca.Catapult.External.Facade.Tests.TestActivityGenerator.SaveRateCard(RateCard rateCard) in d:\Code\TOM\Catapult\Code\trunk\CatapultServices\Tavisca.Catapult.External.Facade.Tests\TestActivityGenerator.cs:line 352
   at Tavisca.Catapult.External.Facade.Tests.ActivityMultiAvailTests.SearchByAirportCodeTest.IsOnRequestTest4() in d:\Code\TOM\Catapult\Code\trunk\CatapultServices\Tavisca.Catapult.External.Facade.Tests\ActivityMultiAvailTests\SearchByAirportCodeTest.cs:line 1409
</StackTrace>
        </ErrorInfo>
      </Output>
    </UnitTestResult>
    <UnitTestResult executionId="89a4e280-152a-4bfa-86a9-41e06cb89af6" testId="aea4084e-29b5-a789-64c9-d5a9943ab960" testName="PerUnitTest1" computerName="PHOENIXX" duration="00:00:00.2995237" startTime="2013-08-09T22:00:42.2232003+05:30" endTime="2013-08-09T22:00:42.5232903+05:30" testType="13cdc9d9-ddb5-4fa4-a97d-d965ccfc6d4b" outcome="Failed" testListId="8c84fa94-04c1-424b-9868-57a2d4851a1d" relativeResultsDirectory="89a4e280-152a-4bfa-86a9-41e06cb89af6">
      <Output>
        <ErrorInfo>
          <Message>Test method Tavisca.Catapult.External.Facade.Tests.ActivityMultiAvailTests.SearchByAirportCodeTest.PerUnitTest1 threw exception: 
System.Transactions.TransactionManagerCommunicationException: Network access for Distributed Transaction Manager (MSDTC) has been disabled. Please enable DTC for network access in the security configuration for MSDTC using the Component Services Administrative tool. ---&gt; System.Runtime.InteropServices.COMException: The transaction manager has disabled its support for remote/network transactions. (Exception from HRESULT: 0x8004D024)</Message>
          <StackTrace>    at System.Transactions.Oletx.IDtcProxyShimFactory.ReceiveTransaction(UInt32 propgationTokenSize, Byte[] propgationToken, IntPtr managedIdentifier, Guid&amp; transactionIdentifier, OletxTransactionIsolationLevel&amp; isolationLevel, ITransactionShim&amp; transactionShim)
   at System.Transactions.TransactionInterop.GetOletxTransactionFromTransmitterPropigationToken(Byte[] propagationToken)
 --- End of inner exception stack trace ---
    at System.Transactions.Oletx.OletxTransactionManager.ProxyException(COMException comException)
   at System.Transactions.TransactionInterop.GetOletxTransactionFromTransmitterPropigationToken(Byte[] propagationToken)
   at System.Transactions.TransactionStatePSPEOperation.PSPEPromote(InternalTransaction tx)
   at System.Transactions.TransactionStateDelegatedBase.EnterState(InternalTransaction tx)
   at System.Transactions.EnlistableStates.Promote(InternalTransaction tx)
   at System.Transactions.Transaction.Promote()
   at System.Transactions.TransactionInterop.ConvertToOletxTransaction(Transaction transaction)
   at System.Transactions.TransactionInterop.GetExportCookie(Transaction transaction, Byte[] whereabouts)
   at System.Data.SqlClient.SqlInternalConnection.GetTransactionCookie(Transaction transaction, Byte[] whereAbouts)
   at System.Data.SqlClient.SqlInternalConnection.EnlistNonNull(Transaction tx)
   at System.Data.SqlClient.SqlInternalConnection.Enlist(Transaction tx)
   at System.Data.SqlClient.SqlInternalConnectionTds.Activate(Transaction transaction)
   at System.Data.ProviderBase.DbConnectionInternal.ActivateConnection(Transaction transaction)
   at System.Data.ProviderBase.DbConnectionPool.TryGetConnection(DbConnection owningObject, UInt32 waitForMultipleObjectsTimeout, Boolean allowCreate, Boolean onlyOneCheckConnection, DbConnectionOptions userOptions, DbConnectionInternal&amp; connection)
   at System.Data.ProviderBase.DbConnectionPool.TryGetConnection(DbConnection owningObject, TaskCompletionSource`1 retry, DbConnectionOptions userOptions, DbConnectionInternal&amp; connection)
   at System.Data.ProviderBase.DbConnectionFactory.TryGetConnection(DbConnection owningConnection, TaskCompletionSource`1 retry, DbConnectionOptions userOptions, DbConnectionInternal&amp; connection)
   at System.Data.ProviderBase.DbConnectionClosed.TryOpenConnection(DbConnection outerConnection, DbConnectionFactory connectionFactory, TaskCompletionSource`1 retry, DbConnectionOptions userOptions)
   at System.Data.SqlClient.SqlConnection.TryOpen(TaskCompletionSource`1 retry)
   at System.Data.SqlClient.SqlConnection.Open()
   at System.Data.Linq.SqlClient.SqlConnectionManager.UseConnection(IConnectionUser user)
   at System.Data.Linq.SqlClient.SqlProvider.get_IsSqlCe()
   at System.Data.Linq.SqlClient.SqlProvider.InitializeProviderMode()
   at System.Data.Linq.SqlClient.SqlProvider.System.Data.Linq.Provider.IProvider.Execute(Expression query)
   at System.Data.Linq.DataContext.ExecuteMethodCall(Object instance, MethodInfo methodInfo, Object[] parameters)
   at Tavisca.Catapult.Internal.ResourceAccess.DataProviders.Rate.LINQ.RateDataContext.spSaveRateCard(Nullable`1 id, Nullable`1 productId, String productType, String scope, Nullable`1 isEnabled, Nullable`1 isDeleted) in d:\Code\TOM\Catapult\Code\trunk\CatapultServices\Tavisca.Catapult.Internal.ResourceAccess.DataProviders\Rate\LINQ\Rate.designer.cs:line 265
   at Tavisca.Catapult.Internal.ResourceAccess.DataProviders.Rate.RateProvider.SaveRateCard(String scopeId, RateCard rateCard) in d:\Code\TOM\Catapult\Code\trunk\CatapultServices\Tavisca.Catapult.Internal.ResourceAccess.DataProviders\Rate\RateProvider.cs:line 649
   at Tavisca.Catapult.External.Facade.Tests.TestActivityGenerator.SaveRateCard(RateCard rateCard) in d:\Code\TOM\Catapult\Code\trunk\CatapultServices\Tavisca.Catapult.External.Facade.Tests\TestActivityGenerator.cs:line 352
   at Tavisca.Catapult.External.Facade.Tests.ActivityMultiAvailTests.SearchByAirportCodeTest.PerUnitTest1() in d:\Code\TOM\Catapult\Code\trunk\CatapultServices\Tavisca.Catapult.External.Facade.Tests\ActivityMultiAvailTests\SearchByAirportCodeTest.cs:line 1459
</StackTrace>
        </ErrorInfo>
      </Output>
    </UnitTestResult>
    <UnitTestResult executionId="f5a9d875-a631-499e-9bcc-0f4f27f5492a" testId="84a83906-7370-bbae-5b8a-6458991034a9" testName="PerUnitTest2" computerName="PHOENIXX" duration="00:00:00.2945253" startTime="2013-08-09T22:00:42.5232903+05:30" endTime="2013-08-09T22:00:42.8173785+05:30" testType="13cdc9d9-ddb5-4fa4-a97d-d965ccfc6d4b" outcome="Failed" testListId="8c84fa94-04c1-424b-9868-57a2d4851a1d" relativeResultsDirectory="f5a9d875-a631-499e-9bcc-0f4f27f5492a">
      <Output>
        <ErrorInfo>
          <Message>Test method Tavisca.Catapult.External.Facade.Tests.ActivityMultiAvailTests.SearchByAirportCodeTest.PerUnitTest2 threw exception: 
System.Transactions.TransactionManagerCommunicationException: Network access for Distributed Transaction Manager (MSDTC) has been disabled. Please enable DTC for network access in the security configuration for MSDTC using the Component Services Administrative tool. ---&gt; System.Runtime.InteropServices.COMException: The transaction manager has disabled its support for remote/network transactions. (Exception from HRESULT: 0x8004D024)</Message>
          <StackTrace>    at System.Transactions.Oletx.IDtcProxyShimFactory.ReceiveTransaction(UInt32 propgationTokenSize, Byte[] propgationToken, IntPtr managedIdentifier, Guid&amp; transactionIdentifier, OletxTransactionIsolationLevel&amp; isolationLevel, ITransactionShim&amp; transactionShim)
   at System.Transactions.TransactionInterop.GetOletxTransactionFromTransmitterPropigationToken(Byte[] propagationToken)
 --- End of inner exception stack trace ---
    at System.Transactions.Oletx.OletxTransactionManager.ProxyException(COMException comException)
   at System.Transactions.TransactionInterop.GetOletxTransactionFromTransmitterPropigationToken(Byte[] propagationToken)
   at System.Transactions.TransactionStatePSPEOperation.PSPEPromote(InternalTransaction tx)
   at System.Transactions.TransactionStateDelegatedBase.EnterState(InternalTransaction tx)
   at System.Transactions.EnlistableStates.Promote(InternalTransaction tx)
   at System.Transactions.Transaction.Promote()
   at System.Transactions.TransactionInterop.ConvertToOletxTransaction(Transaction transaction)
   at System.Transactions.TransactionInterop.GetExportCookie(Transaction transaction, Byte[] whereabouts)
   at System.Data.SqlClient.SqlInternalConnection.GetTransactionCookie(Transaction transaction, Byte[] whereAbouts)
   at System.Data.SqlClient.SqlInternalConnection.EnlistNonNull(Transaction tx)
   at System.Data.SqlClient.SqlInternalConnection.Enlist(Transaction tx)
   at System.Data.SqlClient.SqlInternalConnectionTds.Activate(Transaction transaction)
   at System.Data.ProviderBase.DbConnectionInternal.ActivateConnection(Transaction transaction)
   at System.Data.ProviderBase.DbConnectionPool.TryGetConnection(DbConnection owningObject, UInt32 waitForMultipleObjectsTimeout, Boolean allowCreate, Boolean onlyOneCheckConnection, DbConnectionOptions userOptions, DbConnectionInternal&amp; connection)
   at System.Data.ProviderBase.DbConnectionPool.TryGetConnection(DbConnection owningObject, TaskCompletionSource`1 retry, DbConnectionOptions userOptions, DbConnectionInternal&amp; connection)
   at System.Data.ProviderBase.DbConnectionFactory.TryGetConnection(DbConnection owningConnection, TaskCompletionSource`1 retry, DbConnectionOptions userOptions, DbConnectionInternal&amp; connection)
   at System.Data.ProviderBase.DbConnectionClosed.TryOpenConnection(DbConnection outerConnection, DbConnectionFactory connectionFactory, TaskCompletionSource`1 retry, DbConnectionOptions userOptions)
   at System.Data.SqlClient.SqlConnection.TryOpen(TaskCompletionSource`1 retry)
   at System.Data.SqlClient.SqlConnection.Open()
   at System.Data.Linq.SqlClient.SqlConnectionManager.UseConnection(IConnectionUser user)
   at System.Data.Linq.SqlClient.SqlProvider.get_IsSqlCe()
   at System.Data.Linq.SqlClient.SqlProvider.InitializeProviderMode()
   at System.Data.Linq.SqlClient.SqlProvider.System.Data.Linq.Provider.IProvider.Execute(Expression query)
   at System.Data.Linq.DataContext.ExecuteMethodCall(Object instance, MethodInfo methodInfo, Object[] parameters)
   at Tavisca.Catapult.Internal.ResourceAccess.DataProviders.Rate.LINQ.RateDataContext.spSaveRateCard(Nullable`1 id, Nullable`1 productId, String productType, String scope, Nullable`1 isEnabled, Nullable`1 isDeleted) in d:\Code\TOM\Catapult\Code\trunk\CatapultServices\Tavisca.Catapult.Internal.ResourceAccess.DataProviders\Rate\LINQ\Rate.designer.cs:line 265
   at Tavisca.Catapult.Internal.ResourceAccess.DataProviders.Rate.RateProvider.SaveRateCard(String scopeId, RateCard rateCard) in d:\Code\TOM\Catapult\Code\trunk\CatapultServices\Tavisca.Catapult.Internal.ResourceAccess.DataProviders\Rate\RateProvider.cs:line 649
   at Tavisca.Catapult.External.Facade.Tests.TestActivityGenerator.SaveRateCard(RateCard rateCard) in d:\Code\TOM\Catapult\Code\trunk\CatapultServices\Tavisca.Catapult.External.Facade.Tests\TestActivityGenerator.cs:line 352
   at Tavisca.Catapult.External.Facade.Tests.ActivityMultiAvailTests.SearchByAirportCodeTest.PerUnitTest2() in d:\Code\TOM\Catapult\Code\trunk\CatapultServices\Tavisca.Catapult.External.Facade.Tests\ActivityMultiAvailTests\SearchByAirportCodeTest.cs:line 1509
</StackTrace>
        </ErrorInfo>
      </Output>
    </UnitTestResult>
    <UnitTestResult executionId="46db2b58-251e-4207-a177-d254a06bbb51" testId="8662c243-082e-d5e0-0a85-228ee68a42e2" testName="PerUnitTest3" computerName="PHOENIXX" duration="00:00:00.6035500" startTime="2013-08-09T22:00:42.8183788+05:30" endTime="2013-08-09T22:00:43.4215597+05:30" testType="13cdc9d9-ddb5-4fa4-a97d-d965ccfc6d4b" outcome="Failed" testListId="8c84fa94-04c1-424b-9868-57a2d4851a1d" relativeResultsDirectory="46db2b58-251e-4207-a177-d254a06bbb51">
      <Output>
        <ErrorInfo>
          <Message>Test method Tavisca.Catapult.External.Facade.Tests.ActivityMultiAvailTests.SearchByAirportCodeTest.PerUnitTest3 threw exception: 
System.Transactions.TransactionManagerCommunicationException: Network access for Distributed Transaction Manager (MSDTC) has been disabled. Please enable DTC for network access in the security configuration for MSDTC using the Component Services Administrative tool. ---&gt; System.Runtime.InteropServices.COMException: The transaction manager has disabled its support for remote/network transactions. (Exception from HRESULT: 0x8004D024)</Message>
          <StackTrace>    at System.Transactions.Oletx.IDtcProxyShimFactory.ReceiveTransaction(UInt32 propgationTokenSize, Byte[] propgationToken, IntPtr managedIdentifier, Guid&amp; transactionIdentifier, OletxTransactionIsolationLevel&amp; isolationLevel, ITransactionShim&amp; transactionShim)
   at System.Transactions.TransactionInterop.GetOletxTransactionFromTransmitterPropigationToken(Byte[] propagationToken)
 --- End of inner exception stack trace ---
    at System.Transactions.Oletx.OletxTransactionManager.ProxyException(COMException comException)
   at System.Transactions.TransactionInterop.GetOletxTransactionFromTransmitterPropigationToken(Byte[] propagationToken)
   at System.Transactions.TransactionStatePSPEOperation.PSPEPromote(InternalTransaction tx)
   at System.Transactions.TransactionStateDelegatedBase.EnterState(InternalTransaction tx)
   at System.Transactions.EnlistableStates.Promote(InternalTransaction tx)
   at System.Transactions.Transaction.Promote()
   at System.Transactions.TransactionInterop.ConvertToOletxTransaction(Transaction transaction)
   at System.Transactions.TransactionInterop.GetExportCookie(Transaction transaction, Byte[] whereabouts)
   at System.Data.SqlClient.SqlInternalConnection.GetTransactionCookie(Transaction transaction, Byte[] whereAbouts)
   at System.Data.SqlClient.SqlInternalConnection.EnlistNonNull(Transaction tx)
   at System.Data.SqlClient.SqlInternalConnection.Enlist(Transaction tx)
   at System.Data.SqlClient.SqlInternalConnectionTds.Activate(Transaction transaction)
   at System.Data.ProviderBase.DbConnectionInternal.ActivateConnection(Transaction transaction)
   at System.Data.ProviderBase.DbConnectionPool.TryGetConnection(DbConnection owningObject, UInt32 waitForMultipleObjectsTimeout, Boolean allowCreate, Boolean onlyOneCheckConnection, DbConnectionOptions userOptions, DbConnectionInternal&amp; connection)
   at System.Data.ProviderBase.DbConnectionPool.TryGetConnection(DbConnection owningObject, TaskCompletionSource`1 retry, DbConnectionOptions userOptions, DbConnectionInternal&amp; connection)
   at System.Data.ProviderBase.DbConnectionFactory.TryGetConnection(DbConnection owningConnection, TaskCompletionSource`1 retry, DbConnectionOptions userOptions, DbConnectionInternal&amp; connection)
   at System.Data.ProviderBase.DbConnectionClosed.TryOpenConnection(DbConnection outerConnection, DbConnectionFactory connectionFactory, TaskCompletionSource`1 retry, DbConnectionOptions userOptions)
   at System.Data.SqlClient.SqlConnection.TryOpen(TaskCompletionSource`1 retry)
   at System.Data.SqlClient.SqlConnection.Open()
   at System.Data.Linq.SqlClient.SqlConnectionManager.UseConnection(IConnectionUser user)
   at System.Data.Linq.SqlClient.SqlProvider.get_IsSqlCe()
   at System.Data.Linq.SqlClient.SqlProvider.InitializeProviderMode()
   at System.Data.Linq.SqlClient.SqlProvider.System.Data.Linq.Provider.IProvider.Execute(Expression query)
   at System.Data.Linq.DataContext.ExecuteMethodCall(Object instance, MethodInfo methodInfo, Object[] parameters)
   at Tavisca.Catapult.Internal.ResourceAccess.DataProviders.Rate.LINQ.RateDataContext.spSaveRateCard(Nullable`1 id, Nullable`1 productId, String productType, String scope, Nullable`1 isEnabled, Nullable`1 isDeleted) in d:\Code\TOM\Catapult\Code\trunk\CatapultServices\Tavisca.Catapult.Internal.ResourceAccess.DataProviders\Rate\LINQ\Rate.designer.cs:line 265
   at Tavisca.Catapult.Internal.ResourceAccess.DataProviders.Rate.RateProvider.SaveRateCard(String scopeId, RateCard rateCard) in d:\Code\TOM\Catapult\Code\trunk\CatapultServices\Tavisca.Catapult.Internal.ResourceAccess.DataProviders\Rate\RateProvider.cs:line 649
   at Tavisca.Catapult.External.Facade.Tests.TestActivityGenerator.SaveRateCard(RateCard rateCard) in d:\Code\TOM\Catapult\Code\trunk\CatapultServices\Tavisca.Catapult.External.Facade.Tests\TestActivityGenerator.cs:line 352
   at Tavisca.Catapult.External.Facade.Tests.ActivityMultiAvailTests.SearchByAirportCodeTest.PerUnitTest3() in d:\Code\TOM\Catapult\Code\trunk\CatapultServices\Tavisca.Catapult.External.Facade.Tests\ActivityMultiAvailTests\SearchByAirportCodeTest.cs:line 1555
</StackTrace>
        </ErrorInfo>
      </Output>
    </UnitTestResult>
    <UnitTestResult executionId="ce7ec762-5791-470b-9f5b-24d4536b8935" testId="c52c0759-3dcd-7a87-4324-4aa52dbefdda" testName="PerPersonTest1" computerName="PHOENIXX" duration="00:00:00.5234486" startTime="2013-08-09T22:00:43.4215597+05:30" endTime="2013-08-09T22:00:43.9457169+05:30" testType="13cdc9d9-ddb5-4fa4-a97d-d965ccfc6d4b" outcome="Failed" testListId="8c84fa94-04c1-424b-9868-57a2d4851a1d" relativeResultsDirectory="ce7ec762-5791-470b-9f5b-24d4536b8935">
      <Output>
        <ErrorInfo>
          <Message>Test method Tavisca.Catapult.External.Facade.Tests.ActivityMultiAvailTests.SearchByAirportCodeTest.PerPersonTest1 threw exception: 
System.Transactions.TransactionManagerCommunicationException: Network access for Distributed Transaction Manager (MSDTC) has been disabled. Please enable DTC for network access in the security configuration for MSDTC using the Component Services Administrative tool. ---&gt; System.Runtime.InteropServices.COMException: The transaction manager has disabled its support for remote/network transactions. (Exception from HRESULT: 0x8004D024)</Message>
          <StackTrace>    at System.Transactions.Oletx.IDtcProxyShimFactory.ReceiveTransaction(UInt32 propgationTokenSize, Byte[] propgationToken, IntPtr managedIdentifier, Guid&amp; transactionIdentifier, OletxTransactionIsolationLevel&amp; isolationLevel, ITransactionShim&amp; transactionShim)
   at System.Transactions.TransactionInterop.GetOletxTransactionFromTransmitterPropigationToken(Byte[] propagationToken)
 --- End of inner exception stack trace ---
    at System.Transactions.Oletx.OletxTransactionManager.ProxyException(COMException comException)
   at System.Transactions.TransactionInterop.GetOletxTransactionFromTransmitterPropigationToken(Byte[] propagationToken)
   at System.Transactions.TransactionStatePSPEOperation.PSPEPromote(InternalTransaction tx)
   at System.Transactions.TransactionStateDelegatedBase.EnterState(InternalTransaction tx)
   at System.Transactions.EnlistableStates.Promote(InternalTransaction tx)
   at System.Transactions.Transaction.Promote()
   at System.Transactions.TransactionInterop.ConvertToOletxTransaction(Transaction transaction)
   at System.Transactions.TransactionInterop.GetExportCookie(Transaction transaction, Byte[] whereabouts)
   at System.Data.SqlClient.SqlInternalConnection.GetTransactionCookie(Transaction transaction, Byte[] whereAbouts)
   at System.Data.SqlClient.SqlInternalConnection.EnlistNonNull(Transaction tx)
   at System.Data.SqlClient.SqlInternalConnection.Enlist(Transaction tx)
   at System.Data.SqlClient.SqlInternalConnectionTds.Activate(Transaction transaction)
   at System.Data.ProviderBase.DbConnectionInternal.ActivateConnection(Transaction transaction)
   at System.Data.ProviderBase.DbConnectionPool.TryGetConnection(DbConnection owningObject, UInt32 waitForMultipleObjectsTimeout, Boolean allowCreate, Boolean onlyOneCheckConnection, DbConnectionOptions userOptions, DbConnectionInternal&amp; connection)
   at System.Data.ProviderBase.DbConnectionPool.TryGetConnection(DbConnection owningObject, TaskCompletionSource`1 retry, DbConnectionOptions userOptions, DbConnectionInternal&amp; connection)
   at System.Data.ProviderBase.DbConnectionFactory.TryGetConnection(DbConnection owningConnection, TaskCompletionSource`1 retry, DbConnectionOptions userOptions, DbConnectionInternal&amp; connection)
   at System.Data.ProviderBase.DbConnectionClosed.TryOpenConnection(DbConnection outerConnection, DbConnectionFactory connectionFactory, TaskCompletionSource`1 retry, DbConnectionOptions userOptions)
   at System.Data.SqlClient.SqlConnection.TryOpen(TaskCompletionSource`1 retry)
   at System.Data.SqlClient.SqlConnection.Open()
   at System.Data.Linq.SqlClient.SqlConnectionManager.UseConnection(IConnectionUser user)
   at System.Data.Linq.SqlClient.SqlProvider.get_IsSqlCe()
   at System.Data.Linq.SqlClient.SqlProvider.InitializeProviderMode()
   at System.Data.Linq.SqlClient.SqlProvider.System.Data.Linq.Provider.IProvider.Execute(Expression query)
   at System.Data.Linq.DataContext.ExecuteMethodCall(Object instance, MethodInfo methodInfo, Object[] parameters)
   at Tavisca.Catapult.Internal.ResourceAccess.DataProviders.Rate.LINQ.RateDataContext.spSaveRateCard(Nullable`1 id, Nullable`1 productId, String productType, String scope, Nullable`1 isEnabled, Nullable`1 isDeleted) in d:\Code\TOM\Catapult\Code\trunk\CatapultServices\Tavisca.Catapult.Internal.ResourceAccess.DataProviders\Rate\LINQ\Rate.designer.cs:line 265
   at Tavisca.Catapult.Internal.ResourceAccess.DataProviders.Rate.RateProvider.SaveRateCard(String scopeId, RateCard rateCard) in d:\Code\TOM\Catapult\Code\trunk\CatapultServices\Tavisca.Catapult.Internal.ResourceAccess.DataProviders\Rate\RateProvider.cs:line 649
   at Tavisca.Catapult.External.Facade.Tests.TestActivityGenerator.SaveRateCard(RateCard rateCard) in d:\Code\TOM\Catapult\Code\trunk\CatapultServices\Tavisca.Catapult.External.Facade.Tests\TestActivityGenerator.cs:line 352
   at Tavisca.Catapult.External.Facade.Tests.ActivityMultiAvailTests.SearchByAirportCodeTest.PerPersonTest1() in d:\Code\TOM\Catapult\Code\trunk\CatapultServices\Tavisca.Catapult.External.Facade.Tests\ActivityMultiAvailTests\SearchByAirportCodeTest.cs:line 1601
</StackTrace>
        </ErrorInfo>
      </Output>
    </UnitTestResult>
    <UnitTestResult executionId="27c0c794-b29e-4382-849d-d36d43d25132" testId="12374823-f2bf-f8da-3d19-f7578f1d4f7c" testName="PerPersonTest2" computerName="PHOENIXX" duration="00:00:00.3071416" startTime="2013-08-09T22:00:43.9457169+05:30" endTime="2013-08-09T22:00:44.2528090+05:30" testType="13cdc9d9-ddb5-4fa4-a97d-d965ccfc6d4b" outcome="Failed" testListId="8c84fa94-04c1-424b-9868-57a2d4851a1d" relativeResultsDirectory="27c0c794-b29e-4382-849d-d36d43d25132">
      <Output>
        <ErrorInfo>
          <Message>Test method Tavisca.Catapult.External.Facade.Tests.ActivityMultiAvailTests.SearchByAirportCodeTest.PerPersonTest2 threw exception: 
System.Transactions.TransactionManagerCommunicationException: Network access for Distributed Transaction Manager (MSDTC) has been disabled. Please enable DTC for network access in the security configuration for MSDTC using the Component Services Administrative tool. ---&gt; System.Runtime.InteropServices.COMException: The transaction manager has disabled its support for remote/network transactions. (Exception from HRESULT: 0x8004D024)</Message>
          <StackTrace>    at System.Transactions.Oletx.IDtcProxyShimFactory.ReceiveTransaction(UInt32 propgationTokenSize, Byte[] propgationToken, IntPtr managedIdentifier, Guid&amp; transactionIdentifier, OletxTransactionIsolationLevel&amp; isolationLevel, ITransactionShim&amp; transactionShim)
   at System.Transactions.TransactionInterop.GetOletxTransactionFromTransmitterPropigationToken(Byte[] propagationToken)
 --- End of inner exception stack trace ---
    at System.Transactions.Oletx.OletxTransactionManager.ProxyException(COMException comException)
   at System.Transactions.TransactionInterop.GetOletxTransactionFromTransmitterPropigationToken(Byte[] propagationToken)
   at System.Transactions.TransactionStatePSPEOperation.PSPEPromote(InternalTransaction tx)
   at System.Transactions.TransactionStateDelegatedBase.EnterState(InternalTransaction tx)
   at System.Transactions.EnlistableStates.Promote(InternalTransaction tx)
   at System.Transactions.Transaction.Promote()
   at System.Transactions.TransactionInterop.ConvertToOletxTransaction(Transaction transaction)
   at System.Transactions.TransactionInterop.GetExportCookie(Transaction transaction, Byte[] whereabouts)
   at System.Data.SqlClient.SqlInternalConnection.GetTransactionCookie(Transaction transaction, Byte[] whereAbouts)
   at System.Data.SqlClient.SqlInternalConnection.EnlistNonNull(Transaction tx)
   at System.Data.SqlClient.SqlInternalConnection.Enlist(Transaction tx)
   at System.Data.SqlClient.SqlInternalConnectionTds.Activate(Transaction transaction)
   at System.Data.ProviderBase.DbConnectionInternal.ActivateConnection(Transaction transaction)
   at System.Data.ProviderBase.DbConnectionPool.TryGetConnection(DbConnection owningObject, UInt32 waitForMultipleObjectsTimeout, Boolean allowCreate, Boolean onlyOneCheckConnection, DbConnectionOptions userOptions, DbConnectionInternal&amp; connection)
   at System.Data.ProviderBase.DbConnectionPool.TryGetConnection(DbConnection owningObject, TaskCompletionSource`1 retry, DbConnectionOptions userOptions, DbConnectionInternal&amp; connection)
   at System.Data.ProviderBase.DbConnectionFactory.TryGetConnection(DbConnection owningConnection, TaskCompletionSource`1 retry, DbConnectionOptions userOptions, DbConnectionInternal&amp; connection)
   at System.Data.ProviderBase.DbConnectionClosed.TryOpenConnection(DbConnection outerConnection, DbConnectionFactory connectionFactory, TaskCompletionSource`1 retry, DbConnectionOptions userOptions)
   at System.Data.SqlClient.SqlConnection.TryOpen(TaskCompletionSource`1 retry)
   at System.Data.SqlClient.SqlConnection.Open()
   at System.Data.Linq.SqlClient.SqlConnectionManager.UseConnection(IConnectionUser user)
   at System.Data.Linq.SqlClient.SqlProvider.get_IsSqlCe()
   at System.Data.Linq.SqlClient.SqlProvider.InitializeProviderMode()
   at System.Data.Linq.SqlClient.SqlProvider.System.Data.Linq.Provider.IProvider.Execute(Expression query)
   at System.Data.Linq.DataContext.ExecuteMethodCall(Object instance, MethodInfo methodInfo, Object[] parameters)
   at Tavisca.Catapult.Internal.ResourceAccess.DataProviders.Rate.LINQ.RateDataContext.spSaveRateCard(Nullable`1 id, Nullable`1 productId, String productType, String scope, Nullable`1 isEnabled, Nullable`1 isDeleted) in d:\Code\TOM\Catapult\Code\trunk\CatapultServices\Tavisca.Catapult.Internal.ResourceAccess.DataProviders\Rate\LINQ\Rate.designer.cs:line 265
   at Tavisca.Catapult.Internal.ResourceAccess.DataProviders.Rate.RateProvider.SaveRateCard(String scopeId, RateCard rateCard) in d:\Code\TOM\Catapult\Code\trunk\CatapultServices\Tavisca.Catapult.Internal.ResourceAccess.DataProviders\Rate\RateProvider.cs:line 649
   at Tavisca.Catapult.External.Facade.Tests.TestActivityGenerator.SaveRateCard(RateCard rateCard) in d:\Code\TOM\Catapult\Code\trunk\CatapultServices\Tavisca.Catapult.External.Facade.Tests\TestActivityGenerator.cs:line 352
   at Tavisca.Catapult.External.Facade.Tests.ActivityMultiAvailTests.SearchByAirportCodeTest.PerPersonTest2() in d:\Code\TOM\Catapult\Code\trunk\CatapultServices\Tavisca.Catapult.External.Facade.Tests\ActivityMultiAvailTests\SearchByAirportCodeTest.cs:line 1647
</StackTrace>
        </ErrorInfo>
      </Output>
    </UnitTestResult>
    <UnitTestResult executionId="75f4e6da-bce3-478b-b132-901d65f059b3" testId="2d2b36ac-cec2-dd3b-ef6a-0d4a6419b592" testName="PerPersonTes3" computerName="PHOENIXX" duration="00:00:00.3190028" startTime="2013-08-09T22:00:44.2528090+05:30" endTime="2013-08-09T22:00:44.5719047+05:30" testType="13cdc9d9-ddb5-4fa4-a97d-d965ccfc6d4b" outcome="Failed" testListId="8c84fa94-04c1-424b-9868-57a2d4851a1d" relativeResultsDirectory="75f4e6da-bce3-478b-b132-901d65f059b3">
      <Output>
        <ErrorInfo>
          <Message>Test method Tavisca.Catapult.External.Facade.Tests.ActivityMultiAvailTests.SearchByAirportCodeTest.PerPersonTes3 threw exception: 
System.Transactions.TransactionManagerCommunicationException: Network access for Distributed Transaction Manager (MSDTC) has been disabled. Please enable DTC for network access in the security configuration for MSDTC using the Component Services Administrative tool. ---&gt; System.Runtime.InteropServices.COMException: The transaction manager has disabled its support for remote/network transactions. (Exception from HRESULT: 0x8004D024)</Message>
          <StackTrace>    at System.Transactions.Oletx.IDtcProxyShimFactory.ReceiveTransaction(UInt32 propgationTokenSize, Byte[] propgationToken, IntPtr managedIdentifier, Guid&amp; transactionIdentifier, OletxTransactionIsolationLevel&amp; isolationLevel, ITransactionShim&amp; transactionShim)
   at System.Transactions.TransactionInterop.GetOletxTransactionFromTransmitterPropigationToken(Byte[] propagationToken)
 --- End of inner exception stack trace ---
    at System.Transactions.Oletx.OletxTransactionManager.ProxyException(COMException comException)
   at System.Transactions.TransactionInterop.GetOletxTransactionFromTransmitterPropigationToken(Byte[] propagationToken)
   at System.Transactions.TransactionStatePSPEOperation.PSPEPromote(InternalTransaction tx)
   at System.Transactions.TransactionStateDelegatedBase.EnterState(InternalTransaction tx)
   at System.Transactions.EnlistableStates.Promote(InternalTransaction tx)
   at System.Transactions.Transaction.Promote()
   at System.Transactions.TransactionInterop.ConvertToOletxTransaction(Transaction transaction)
   at System.Transactions.TransactionInterop.GetExportCookie(Transaction transaction, Byte[] whereabouts)
   at System.Data.SqlClient.SqlInternalConnection.GetTransactionCookie(Transaction transaction, Byte[] whereAbouts)
   at System.Data.SqlClient.SqlInternalConnection.EnlistNonNull(Transaction tx)
   at System.Data.SqlClient.SqlInternalConnection.Enlist(Transaction tx)
   at System.Data.SqlClient.SqlInternalConnectionTds.Activate(Transaction transaction)
   at System.Data.ProviderBase.DbConnectionInternal.ActivateConnection(Transaction transaction)
   at System.Data.ProviderBase.DbConnectionPool.TryGetConnection(DbConnection owningObject, UInt32 waitForMultipleObjectsTimeout, Boolean allowCreate, Boolean onlyOneCheckConnection, DbConnectionOptions userOptions, DbConnectionInternal&amp; connection)
   at System.Data.ProviderBase.DbConnectionPool.TryGetConnection(DbConnection owningObject, TaskCompletionSource`1 retry, DbConnectionOptions userOptions, DbConnectionInternal&amp; connection)
   at System.Data.ProviderBase.DbConnectionFactory.TryGetConnection(DbConnection owningConnection, TaskCompletionSource`1 retry, DbConnectionOptions userOptions, DbConnectionInternal&amp; connection)
   at System.Data.ProviderBase.DbConnectionClosed.TryOpenConnection(DbConnection outerConnection, DbConnectionFactory connectionFactory, TaskCompletionSource`1 retry, DbConnectionOptions userOptions)
   at System.Data.SqlClient.SqlConnection.TryOpen(TaskCompletionSource`1 retry)
   at System.Data.SqlClient.SqlConnection.Open()
   at System.Data.Linq.SqlClient.SqlConnectionManager.UseConnection(IConnectionUser user)
   at System.Data.Linq.SqlClient.SqlProvider.get_IsSqlCe()
   at System.Data.Linq.SqlClient.SqlProvider.InitializeProviderMode()
   at System.Data.Linq.SqlClient.SqlProvider.System.Data.Linq.Provider.IProvider.Execute(Expression query)
   at System.Data.Linq.DataContext.ExecuteMethodCall(Object instance, MethodInfo methodInfo, Object[] parameters)
   at Tavisca.Catapult.Internal.ResourceAccess.DataProviders.Rate.LINQ.RateDataContext.spSaveRateCard(Nullable`1 id, Nullable`1 productId, String productType, String scope, Nullable`1 isEnabled, Nullable`1 isDeleted) in d:\Code\TOM\Catapult\Code\trunk\CatapultServices\Tavisca.Catapult.Internal.ResourceAccess.DataProviders\Rate\LINQ\Rate.designer.cs:line 265
   at Tavisca.Catapult.Internal.ResourceAccess.DataProviders.Rate.RateProvider.SaveRateCard(String scopeId, RateCard rateCard) in d:\Code\TOM\Catapult\Code\trunk\CatapultServices\Tavisca.Catapult.Internal.ResourceAccess.DataProviders\Rate\RateProvider.cs:line 649
   at Tavisca.Catapult.External.Facade.Tests.TestActivityGenerator.SaveRateCard(RateCard rateCard) in d:\Code\TOM\Catapult\Code\trunk\CatapultServices\Tavisca.Catapult.External.Facade.Tests\TestActivityGenerator.cs:line 352
   at Tavisca.Catapult.External.Facade.Tests.ActivityMultiAvailTests.SearchByAirportCodeTest.PerPersonTes3() in d:\Code\TOM\Catapult\Code\trunk\CatapultServices\Tavisca.Catapult.External.Facade.Tests\ActivityMultiAvailTests\SearchByAirportCodeTest.cs:line 1693
</StackTrace>
        </ErrorInfo>
      </Output>
    </UnitTestResult>
    <UnitTestResult executionId="6687138b-94ec-414a-b684-6d661c560d64" testId="408a234b-e1f6-f523-3055-b975b398ec8d" testName="TaxesTest1" computerName="PHOENIXX" duration="00:00:00.3895108" startTime="2013-08-09T22:00:44.5719047+05:30" endTime="2013-08-09T22:00:44.9620217+05:30" testType="13cdc9d9-ddb5-4fa4-a97d-d965ccfc6d4b" outcome="Failed" testListId="8c84fa94-04c1-424b-9868-57a2d4851a1d" relativeResultsDirectory="6687138b-94ec-414a-b684-6d661c560d64">
      <Output>
        <ErrorInfo>
          <Message>Test method Tavisca.Catapult.External.Facade.Tests.ActivityMultiAvailTests.SearchByAirportCodeTest.TaxesTest1 threw exception: 
System.Transactions.TransactionManagerCommunicationException: Network access for Distributed Transaction Manager (MSDTC) has been disabled. Please enable DTC for network access in the security configuration for MSDTC using the Component Services Administrative tool. ---&gt; System.Runtime.InteropServices.COMException: The transaction manager has disabled its support for remote/network transactions. (Exception from HRESULT: 0x8004D024)</Message>
          <StackTrace>    at System.Transactions.Oletx.IDtcProxyShimFactory.ReceiveTransaction(UInt32 propgationTokenSize, Byte[] propgationToken, IntPtr managedIdentifier, Guid&amp; transactionIdentifier, OletxTransactionIsolationLevel&amp; isolationLevel, ITransactionShim&amp; transactionShim)
   at System.Transactions.TransactionInterop.GetOletxTransactionFromTransmitterPropigationToken(Byte[] propagationToken)
 --- End of inner exception stack trace ---
    at System.Transactions.Oletx.OletxTransactionManager.ProxyException(COMException comException)
   at System.Transactions.TransactionInterop.GetOletxTransactionFromTransmitterPropigationToken(Byte[] propagationToken)
   at System.Transactions.TransactionStatePSPEOperation.PSPEPromote(InternalTransaction tx)
   at System.Transactions.TransactionStateDelegatedBase.EnterState(InternalTransaction tx)
   at System.Transactions.EnlistableStates.Promote(InternalTransaction tx)
   at System.Transactions.Transaction.Promote()
   at System.Transactions.TransactionInterop.ConvertToOletxTransaction(Transaction transaction)
   at System.Transactions.TransactionInterop.GetExportCookie(Transaction transaction, Byte[] whereabouts)
   at System.Data.SqlClient.SqlInternalConnection.GetTransactionCookie(Transaction transaction, Byte[] whereAbouts)
   at System.Data.SqlClient.SqlInternalConnection.EnlistNonNull(Transaction tx)
   at System.Data.SqlClient.SqlInternalConnection.Enlist(Transaction tx)
   at System.Data.SqlClient.SqlInternalConnectionTds.Activate(Transaction transaction)
   at System.Data.ProviderBase.DbConnectionInternal.ActivateConnection(Transaction transaction)
   at System.Data.ProviderBase.DbConnectionPool.TryGetConnection(DbConnection owningObject, UInt32 waitForMultipleObjectsTimeout, Boolean allowCreate, Boolean onlyOneCheckConnection, DbConnectionOptions userOptions, DbConnectionInternal&amp; connection)
   at System.Data.ProviderBase.DbConnectionPool.TryGetConnection(DbConnection owningObject, TaskCompletionSource`1 retry, DbConnectionOptions userOptions, DbConnectionInternal&amp; connection)
   at System.Data.ProviderBase.DbConnectionFactory.TryGetConnection(DbConnection owningConnection, TaskCompletionSource`1 retry, DbConnectionOptions userOptions, DbConnectionInternal&amp; connection)
   at System.Data.ProviderBase.DbConnectionClosed.TryOpenConnection(DbConnection outerConnection, DbConnectionFactory connectionFactory, TaskCompletionSource`1 retry, DbConnectionOptions userOptions)
   at System.Data.SqlClient.SqlConnection.TryOpen(TaskCompletionSource`1 retry)
   at System.Data.SqlClient.SqlConnection.Open()
   at System.Data.Linq.SqlClient.SqlConnectionManager.UseConnection(IConnectionUser user)
   at System.Data.Linq.SqlClient.SqlProvider.get_IsSqlCe()
   at System.Data.Linq.SqlClient.SqlProvider.InitializeProviderMode()
   at System.Data.Linq.SqlClient.SqlProvider.System.Data.Linq.Provider.IProvider.Execute(Expression query)
   at System.Data.Linq.DataContext.ExecuteMethodCall(Object instance, MethodInfo methodInfo, Object[] parameters)
   at Tavisca.Catapult.Internal.ResourceAccess.DataProviders.Rate.LINQ.RateDataContext.spSaveRateCard(Nullable`1 id, Nullable`1 productId, String productType, String scope, Nullable`1 isEnabled, Nullable`1 isDeleted) in d:\Code\TOM\Catapult\Code\trunk\CatapultServices\Tavisca.Catapult.Internal.ResourceAccess.DataProviders\Rate\LINQ\Rate.designer.cs:line 265
   at Tavisca.Catapult.Internal.ResourceAccess.DataProviders.Rate.RateProvider.SaveRateCard(String scopeId, RateCard rateCard) in d:\Code\TOM\Catapult\Code\trunk\CatapultServices\Tavisca.Catapult.Internal.ResourceAccess.DataProviders\Rate\RateProvider.cs:line 649
   at Tavisca.Catapult.External.Facade.Tests.TestActivityGenerator.SaveRateCard(RateCard rateCard) in d:\Code\TOM\Catapult\Code\trunk\CatapultServices\Tavisca.Catapult.External.Facade.Tests\TestActivityGenerator.cs:line 352
   at Tavisca.Catapult.External.Facade.Tests.ActivityMultiAvailTests.SearchByAirportCodeTest.TaxesTest1() in d:\Code\TOM\Catapult\Code\trunk\CatapultServices\Tavisca.Catapult.External.Facade.Tests\ActivityMultiAvailTests\SearchByAirportCodeTest.cs:line 1741
</StackTrace>
        </ErrorInfo>
      </Output>
    </UnitTestResult>
    <UnitTestResult executionId="ab0009e6-eea6-46b7-b5e7-c316765d15d3" testId="25882cf7-bd1e-8820-07ab-167220235732" testName="TaxesTest2" computerName="PHOENIXX" duration="00:00:00.2978897" startTime="2013-08-09T22:00:44.9620217+05:30" endTime="2013-08-09T22:00:45.2601111+05:30" testType="13cdc9d9-ddb5-4fa4-a97d-d965ccfc6d4b" outcome="Failed" testListId="8c84fa94-04c1-424b-9868-57a2d4851a1d" relativeResultsDirectory="ab0009e6-eea6-46b7-b5e7-c316765d15d3">
      <Output>
        <ErrorInfo>
          <Message>Test method Tavisca.Catapult.External.Facade.Tests.ActivityMultiAvailTests.SearchByAirportCodeTest.TaxesTest2 threw exception: 
System.Transactions.TransactionManagerCommunicationException: Network access for Distributed Transaction Manager (MSDTC) has been disabled. Please enable DTC for network access in the security configuration for MSDTC using the Component Services Administrative tool. ---&gt; System.Runtime.InteropServices.COMException: The transaction manager has disabled its support for remote/network transactions. (Exception from HRESULT: 0x8004D024)</Message>
          <StackTrace>    at System.Transactions.Oletx.IDtcProxyShimFactory.ReceiveTransaction(UInt32 propgationTokenSize, Byte[] propgationToken, IntPtr managedIdentifier, Guid&amp; transactionIdentifier, OletxTransactionIsolationLevel&amp; isolationLevel, ITransactionShim&amp; transactionShim)
   at System.Transactions.TransactionInterop.GetOletxTransactionFromTransmitterPropigationToken(Byte[] propagationToken)
 --- End of inner exception stack trace ---
    at System.Transactions.Oletx.OletxTransactionManager.ProxyException(COMException comException)
   at System.Transactions.TransactionInterop.GetOletxTransactionFromTransmitterPropigationToken(Byte[] propagationToken)
   at System.Transactions.TransactionStatePSPEOperation.PSPEPromote(InternalTransaction tx)
   at System.Transactions.TransactionStateDelegatedBase.EnterState(InternalTransaction tx)
   at System.Transactions.EnlistableStates.Promote(InternalTransaction tx)
   at System.Transactions.Transaction.Promote()
   at System.Transactions.TransactionInterop.ConvertToOletxTransaction(Transaction transaction)
   at System.Transactions.TransactionInterop.GetExportCookie(Transaction transaction, Byte[] whereabouts)
   at System.Data.SqlClient.SqlInternalConnection.GetTransactionCookie(Transaction transaction, Byte[] whereAbouts)
   at System.Data.SqlClient.SqlInternalConnection.EnlistNonNull(Transaction tx)
   at System.Data.SqlClient.SqlInternalConnection.Enlist(Transaction tx)
   at System.Data.SqlClient.SqlInternalConnectionTds.Activate(Transaction transaction)
   at System.Data.ProviderBase.DbConnectionInternal.ActivateConnection(Transaction transaction)
   at System.Data.ProviderBase.DbConnectionPool.TryGetConnection(DbConnection owningObject, UInt32 waitForMultipleObjectsTimeout, Boolean allowCreate, Boolean onlyOneCheckConnection, DbConnectionOptions userOptions, DbConnectionInternal&amp; connection)
   at System.Data.ProviderBase.DbConnectionPool.TryGetConnection(DbConnection owningObject, TaskCompletionSource`1 retry, DbConnectionOptions userOptions, DbConnectionInternal&amp; connection)
   at System.Data.ProviderBase.DbConnectionFactory.TryGetConnection(DbConnection owningConnection, TaskCompletionSource`1 retry, DbConnectionOptions userOptions, DbConnectionInternal&amp; connection)
   at System.Data.ProviderBase.DbConnectionClosed.TryOpenConnection(DbConnection outerConnection, DbConnectionFactory connectionFactory, TaskCompletionSource`1 retry, DbConnectionOptions userOptions)
   at System.Data.SqlClient.SqlConnection.TryOpen(TaskCompletionSource`1 retry)
   at System.Data.SqlClient.SqlConnection.Open()
   at System.Data.Linq.SqlClient.SqlConnectionManager.UseConnection(IConnectionUser user)
   at System.Data.Linq.SqlClient.SqlProvider.get_IsSqlCe()
   at System.Data.Linq.SqlClient.SqlProvider.InitializeProviderMode()
   at System.Data.Linq.SqlClient.SqlProvider.System.Data.Linq.Provider.IProvider.Execute(Expression query)
   at System.Data.Linq.DataContext.ExecuteMethodCall(Object instance, MethodInfo methodInfo, Object[] parameters)
   at Tavisca.Catapult.Internal.ResourceAccess.DataProviders.Rate.LINQ.RateDataContext.spSaveRateCard(Nullable`1 id, Nullable`1 productId, String productType, String scope, Nullable`1 isEnabled, Nullable`1 isDeleted) in d:\Code\TOM\Catapult\Code\trunk\CatapultServices\Tavisca.Catapult.Internal.ResourceAccess.DataProviders\Rate\LINQ\Rate.designer.cs:line 265
   at Tavisca.Catapult.Internal.ResourceAccess.DataProviders.Rate.RateProvider.SaveRateCard(String scopeId, RateCard rateCard) in d:\Code\TOM\Catapult\Code\trunk\CatapultServices\Tavisca.Catapult.Internal.ResourceAccess.DataProviders\Rate\RateProvider.cs:line 649
   at Tavisca.Catapult.External.Facade.Tests.TestActivityGenerator.SaveRateCard(RateCard rateCard) in d:\Code\TOM\Catapult\Code\trunk\CatapultServices\Tavisca.Catapult.External.Facade.Tests\TestActivityGenerator.cs:line 352
   at Tavisca.Catapult.External.Facade.Tests.ActivityMultiAvailTests.SearchByAirportCodeTest.TaxesTest2() in d:\Code\TOM\Catapult\Code\trunk\CatapultServices\Tavisca.Catapult.External.Facade.Tests\ActivityMultiAvailTests\SearchByAirportCodeTest.cs:line 1796
</StackTrace>
        </ErrorInfo>
      </Output>
    </UnitTestResult>
    <UnitTestResult executionId="a091138f-4a8d-44d3-a63a-0e537102698e" testId="0f989856-7e0f-8c14-2223-5c6786b022a7" testName="TaxesTest3" computerName="PHOENIXX" duration="00:00:00.3108915" startTime="2013-08-09T22:00:45.2601111+05:30" endTime="2013-08-09T22:00:45.5712044+05:30" testType="13cdc9d9-ddb5-4fa4-a97d-d965ccfc6d4b" outcome="Failed" testListId="8c84fa94-04c1-424b-9868-57a2d4851a1d" relativeResultsDirectory="a091138f-4a8d-44d3-a63a-0e537102698e">
      <Output>
        <ErrorInfo>
          <Message>Test method Tavisca.Catapult.External.Facade.Tests.ActivityMultiAvailTests.SearchByAirportCodeTest.TaxesTest3 threw exception: 
System.Transactions.TransactionManagerCommunicationException: Network access for Distributed Transaction Manager (MSDTC) has been disabled. Please enable DTC for network access in the security configuration for MSDTC using the Component Services Administrative tool. ---&gt; System.Runtime.InteropServices.COMException: The transaction manager has disabled its support for remote/network transactions. (Exception from HRESULT: 0x8004D024)</Message>
          <StackTrace>    at System.Transactions.Oletx.IDtcProxyShimFactory.ReceiveTransaction(UInt32 propgationTokenSize, Byte[] propgationToken, IntPtr managedIdentifier, Guid&amp; transactionIdentifier, OletxTransactionIsolationLevel&amp; isolationLevel, ITransactionShim&amp; transactionShim)
   at System.Transactions.TransactionInterop.GetOletxTransactionFromTransmitterPropigationToken(Byte[] propagationToken)
 --- End of inner exception stack trace ---
    at System.Transactions.Oletx.OletxTransactionManager.ProxyException(COMException comException)
   at System.Transactions.TransactionInterop.GetOletxTransactionFromTransmitterPropigationToken(Byte[] propagationToken)
   at System.Transactions.TransactionStatePSPEOperation.PSPEPromote(InternalTransaction tx)
   at System.Transactions.TransactionStateDelegatedBase.EnterState(InternalTransaction tx)
   at System.Transactions.EnlistableStates.Promote(InternalTransaction tx)
   at System.Transactions.Transaction.Promote()
   at System.Transactions.TransactionInterop.ConvertToOletxTransaction(Transaction transaction)
   at System.Transactions.TransactionInterop.GetExportCookie(Transaction transaction, Byte[] whereabouts)
   at System.Data.SqlClient.SqlInternalConnection.GetTransactionCookie(Transaction transaction, Byte[] whereAbouts)
   at System.Data.SqlClient.SqlInternalConnection.EnlistNonNull(Transaction tx)
   at System.Data.SqlClient.SqlInternalConnection.Enlist(Transaction tx)
   at System.Data.SqlClient.SqlInternalConnectionTds.Activate(Transaction transaction)
   at System.Data.ProviderBase.DbConnectionInternal.ActivateConnection(Transaction transaction)
   at System.Data.ProviderBase.DbConnectionPool.TryGetConnection(DbConnection owningObject, UInt32 waitForMultipleObjectsTimeout, Boolean allowCreate, Boolean onlyOneCheckConnection, DbConnectionOptions userOptions, DbConnectionInternal&amp; connection)
   at System.Data.ProviderBase.DbConnectionPool.TryGetConnection(DbConnection owningObject, TaskCompletionSource`1 retry, DbConnectionOptions userOptions, DbConnectionInternal&amp; connection)
   at System.Data.ProviderBase.DbConnectionFactory.TryGetConnection(DbConnection owningConnection, TaskCompletionSource`1 retry, DbConnectionOptions userOptions, DbConnectionInternal&amp; connection)
   at System.Data.ProviderBase.DbConnectionClosed.TryOpenConnection(DbConnection outerConnection, DbConnectionFactory connectionFactory, TaskCompletionSource`1 retry, DbConnectionOptions userOptions)
   at System.Data.SqlClient.SqlConnection.TryOpen(TaskCompletionSource`1 retry)
   at System.Data.SqlClient.SqlConnection.Open()
   at System.Data.Linq.SqlClient.SqlConnectionManager.UseConnection(IConnectionUser user)
   at System.Data.Linq.SqlClient.SqlProvider.get_IsSqlCe()
   at System.Data.Linq.SqlClient.SqlProvider.InitializeProviderMode()
   at System.Data.Linq.SqlClient.SqlProvider.System.Data.Linq.Provider.IProvider.Execute(Expression query)
   at System.Data.Linq.DataContext.ExecuteMethodCall(Object instance, MethodInfo methodInfo, Object[] parameters)
   at Tavisca.Catapult.Internal.ResourceAccess.DataProviders.Rate.LINQ.RateDataContext.spSaveRateCard(Nullable`1 id, Nullable`1 productId, String productType, String scope, Nullable`1 isEnabled, Nullable`1 isDeleted) in d:\Code\TOM\Catapult\Code\trunk\CatapultServices\Tavisca.Catapult.Internal.ResourceAccess.DataProviders\Rate\LINQ\Rate.designer.cs:line 265
   at Tavisca.Catapult.Internal.ResourceAccess.DataProviders.Rate.RateProvider.SaveRateCard(String scopeId, RateCard rateCard) in d:\Code\TOM\Catapult\Code\trunk\CatapultServices\Tavisca.Catapult.Internal.ResourceAccess.DataProviders\Rate\RateProvider.cs:line 649
   at Tavisca.Catapult.External.Facade.Tests.TestActivityGenerator.SaveRateCard(RateCard rateCard) in d:\Code\TOM\Catapult\Code\trunk\CatapultServices\Tavisca.Catapult.External.Facade.Tests\TestActivityGenerator.cs:line 352
   at Tavisca.Catapult.External.Facade.Tests.ActivityMultiAvailTests.SearchByAirportCodeTest.TaxesTest3() in d:\Code\TOM\Catapult\Code\trunk\CatapultServices\Tavisca.Catapult.External.Facade.Tests\ActivityMultiAvailTests\SearchByAirportCodeTest.cs:line 1840
</StackTrace>
        </ErrorInfo>
      </Output>
    </UnitTestResult>
    <UnitTestResult executionId="594a31b6-2e5b-4222-b267-013aff497dba" testId="de7000e9-fa4c-4bc6-c0e7-4c94bb6e3fc1" testName="PenaltiesTest1" computerName="PHOENIXX" duration="00:00:00.3198426" startTime="2013-08-09T22:00:45.5712044+05:30" endTime="2013-08-09T22:00:45.8913004+05:30" testType="13cdc9d9-ddb5-4fa4-a97d-d965ccfc6d4b" outcome="Failed" testListId="8c84fa94-04c1-424b-9868-57a2d4851a1d" relativeResultsDirectory="594a31b6-2e5b-4222-b267-013aff497dba">
      <Output>
        <ErrorInfo>
          <Message>Test method Tavisca.Catapult.External.Facade.Tests.ActivityMultiAvailTests.SearchByAirportCodeTest.PenaltiesTest1 threw exception: 
System.Transactions.TransactionManagerCommunicationException: Network access for Distributed Transaction Manager (MSDTC) has been disabled. Please enable DTC for network access in the security configuration for MSDTC using the Component Services Administrative tool. ---&gt; System.Runtime.InteropServices.COMException: The transaction manager has disabled its support for remote/network transactions. (Exception from HRESULT: 0x8004D024)</Message>
          <StackTrace>    at System.Transactions.Oletx.IDtcProxyShimFactory.ReceiveTransaction(UInt32 propgationTokenSize, Byte[] propgationToken, IntPtr managedIdentifier, Guid&amp; transactionIdentifier, OletxTransactionIsolationLevel&amp; isolationLevel, ITransactionShim&amp; transactionShim)
   at System.Transactions.TransactionInterop.GetOletxTransactionFromTransmitterPropigationToken(Byte[] propagationToken)
 --- End of inner exception stack trace ---
    at System.Transactions.Oletx.OletxTransactionManager.ProxyException(COMException comException)
   at System.Transactions.TransactionInterop.GetOletxTransactionFromTransmitterPropigationToken(Byte[] propagationToken)
   at System.Transactions.TransactionStatePSPEOperation.PSPEPromote(InternalTransaction tx)
   at System.Transactions.TransactionStateDelegatedBase.EnterState(InternalTransaction tx)
   at System.Transactions.EnlistableStates.Promote(InternalTransaction tx)
   at System.Transactions.Transaction.Promote()
   at System.Transactions.TransactionInterop.ConvertToOletxTransaction(Transaction transaction)
   at System.Transactions.TransactionInterop.GetExportCookie(Transaction transaction, Byte[] whereabouts)
   at System.Data.SqlClient.SqlInternalConnection.GetTransactionCookie(Transaction transaction, Byte[] whereAbouts)
   at System.Data.SqlClient.SqlInternalConnection.EnlistNonNull(Transaction tx)
   at System.Data.SqlClient.SqlInternalConnection.Enlist(Transaction tx)
   at System.Data.SqlClient.SqlInternalConnectionTds.Activate(Transaction transaction)
   at System.Data.ProviderBase.DbConnectionInternal.ActivateConnection(Transaction transaction)
   at System.Data.ProviderBase.DbConnectionPool.TryGetConnection(DbConnection owningObject, UInt32 waitForMultipleObjectsTimeout, Boolean allowCreate, Boolean onlyOneCheckConnection, DbConnectionOptions userOptions, DbConnectionInternal&amp; connection)
   at System.Data.ProviderBase.DbConnectionPool.TryGetConnection(DbConnection owningObject, TaskCompletionSource`1 retry, DbConnectionOptions userOptions, DbConnectionInternal&amp; connection)
   at System.Data.ProviderBase.DbConnectionFactory.TryGetConnection(DbConnection owningConnection, TaskCompletionSource`1 retry, DbConnectionOptions userOptions, DbConnectionInternal&amp; connection)
   at System.Data.ProviderBase.DbConnectionClosed.TryOpenConnection(DbConnection outerConnection, DbConnectionFactory connectionFactory, TaskCompletionSource`1 retry, DbConnectionOptions userOptions)
   at System.Data.SqlClient.SqlConnection.TryOpen(TaskCompletionSource`1 retry)
   at System.Data.SqlClient.SqlConnection.Open()
   at System.Data.Linq.SqlClient.SqlConnectionManager.UseConnection(IConnectionUser user)
   at System.Data.Linq.SqlClient.SqlProvider.get_IsSqlCe()
   at System.Data.Linq.SqlClient.SqlProvider.InitializeProviderMode()
   at System.Data.Linq.SqlClient.SqlProvider.System.Data.Linq.Provider.IProvider.Execute(Expression query)
   at System.Data.Linq.DataContext.ExecuteMethodCall(Object instance, MethodInfo methodInfo, Object[] parameters)
   at Tavisca.Catapult.Internal.ResourceAccess.DataProviders.Rate.LINQ.RateDataContext.spSaveRateCard(Nullable`1 id, Nullable`1 productId, String productType, String scope, Nullable`1 isEnabled, Nullable`1 isDeleted) in d:\Code\TOM\Catapult\Code\trunk\CatapultServices\Tavisca.Catapult.Internal.ResourceAccess.DataProviders\Rate\LINQ\Rate.designer.cs:line 265
   at Tavisca.Catapult.Internal.ResourceAccess.DataProviders.Rate.RateProvider.SaveRateCard(String scopeId, RateCard rateCard) in d:\Code\TOM\Catapult\Code\trunk\CatapultServices\Tavisca.Catapult.Internal.ResourceAccess.DataProviders\Rate\RateProvider.cs:line 649
   at Tavisca.Catapult.External.Facade.Tests.TestActivityGenerator.SaveRateCard(RateCard rateCard) in d:\Code\TOM\Catapult\Code\trunk\CatapultServices\Tavisca.Catapult.External.Facade.Tests\TestActivityGenerator.cs:line 352
   at Tavisca.Catapult.External.Facade.Tests.ActivityMultiAvailTests.SearchByAirportCodeTest.PenaltiesTest1() in d:\Code\TOM\Catapult\Code\trunk\CatapultServices\Tavisca.Catapult.External.Facade.Tests\ActivityMultiAvailTests\SearchByAirportCodeTest.cs:line 1890
</StackTrace>
        </ErrorInfo>
      </Output>
    </UnitTestResult>
    <UnitTestResult executionId="5cca4a4f-7172-4b2b-aee9-3da6c028af73" testId="5f599953-261f-1baa-673d-130662061489" testName="PenaltiesTest2" computerName="PHOENIXX" duration="00:00:00.3007805" startTime="2013-08-09T22:00:45.8913004+05:30" endTime="2013-08-09T22:00:46.1923907+05:30" testType="13cdc9d9-ddb5-4fa4-a97d-d965ccfc6d4b" outcome="Failed" testListId="8c84fa94-04c1-424b-9868-57a2d4851a1d" relativeResultsDirectory="5cca4a4f-7172-4b2b-aee9-3da6c028af73">
      <Output>
        <ErrorInfo>
          <Message>Test method Tavisca.Catapult.External.Facade.Tests.ActivityMultiAvailTests.SearchByAirportCodeTest.PenaltiesTest2 threw exception: 
System.Transactions.TransactionManagerCommunicationException: Network access for Distributed Transaction Manager (MSDTC) has been disabled. Please enable DTC for network access in the security configuration for MSDTC using the Component Services Administrative tool. ---&gt; System.Runtime.InteropServices.COMException: The transaction manager has disabled its support for remote/network transactions. (Exception from HRESULT: 0x8004D024)</Message>
          <StackTrace>    at System.Transactions.Oletx.IDtcProxyShimFactory.ReceiveTransaction(UInt32 propgationTokenSize, Byte[] propgationToken, IntPtr managedIdentifier, Guid&amp; transactionIdentifier, OletxTransactionIsolationLevel&amp; isolationLevel, ITransactionShim&amp; transactionShim)
   at System.Transactions.TransactionInterop.GetOletxTransactionFromTransmitterPropigationToken(Byte[] propagationToken)
 --- End of inner exception stack trace ---
    at System.Transactions.Oletx.OletxTransactionManager.ProxyException(COMException comException)
   at System.Transactions.TransactionInterop.GetOletxTransactionFromTransmitterPropigationToken(Byte[] propagationToken)
   at System.Transactions.TransactionStatePSPEOperation.PSPEPromote(InternalTransaction tx)
   at System.Transactions.TransactionStateDelegatedBase.EnterState(InternalTransaction tx)
   at System.Transactions.EnlistableStates.Promote(InternalTransaction tx)
   at System.Transactions.Transaction.Promote()
   at System.Transactions.TransactionInterop.ConvertToOletxTransaction(Transaction transaction)
   at System.Transactions.TransactionInterop.GetExportCookie(Transaction transaction, Byte[] whereabouts)
   at System.Data.SqlClient.SqlInternalConnection.GetTransactionCookie(Transaction transaction, Byte[] whereAbouts)
   at System.Data.SqlClient.SqlInternalConnection.EnlistNonNull(Transaction tx)
   at System.Data.SqlClient.SqlInternalConnection.Enlist(Transaction tx)
   at System.Data.SqlClient.SqlInternalConnectionTds.Activate(Transaction transaction)
   at System.Data.ProviderBase.DbConnectionInternal.ActivateConnection(Transaction transaction)
   at System.Data.ProviderBase.DbConnectionPool.TryGetConnection(DbConnection owningObject, UInt32 waitForMultipleObjectsTimeout, Boolean allowCreate, Boolean onlyOneCheckConnection, DbConnectionOptions userOptions, DbConnectionInternal&amp; connection)
   at System.Data.ProviderBase.DbConnectionPool.TryGetConnection(DbConnection owningObject, TaskCompletionSource`1 retry, DbConnectionOptions userOptions, DbConnectionInternal&amp; connection)
   at System.Data.ProviderBase.DbConnectionFactory.TryGetConnection(DbConnection owningConnection, TaskCompletionSource`1 retry, DbConnectionOptions userOptions, DbConnectionInternal&amp; connection)
   at System.Data.ProviderBase.DbConnectionClosed.TryOpenConnection(DbConnection outerConnection, DbConnectionFactory connectionFactory, TaskCompletionSource`1 retry, DbConnectionOptions userOptions)
   at System.Data.SqlClient.SqlConnection.TryOpen(TaskCompletionSource`1 retry)
   at System.Data.SqlClient.SqlConnection.Open()
   at System.Data.Linq.SqlClient.SqlConnectionManager.UseConnection(IConnectionUser user)
   at System.Data.Linq.SqlClient.SqlProvider.get_IsSqlCe()
   at System.Data.Linq.SqlClient.SqlProvider.InitializeProviderMode()
   at System.Data.Linq.SqlClient.SqlProvider.System.Data.Linq.Provider.IProvider.Execute(Expression query)
   at System.Data.Linq.DataContext.ExecuteMethodCall(Object instance, MethodInfo methodInfo, Object[] parameters)
   at Tavisca.Catapult.Internal.ResourceAccess.DataProviders.Rate.LINQ.RateDataContext.spSaveRateCard(Nullable`1 id, Nullable`1 productId, String productType, String scope, Nullable`1 isEnabled, Nullable`1 isDeleted) in d:\Code\TOM\Catapult\Code\trunk\CatapultServices\Tavisca.Catapult.Internal.ResourceAccess.DataProviders\Rate\LINQ\Rate.designer.cs:line 265
   at Tavisca.Catapult.Internal.ResourceAccess.DataProviders.Rate.RateProvider.SaveRateCard(String scopeId, RateCard rateCard) in d:\Code\TOM\Catapult\Code\trunk\CatapultServices\Tavisca.Catapult.Internal.ResourceAccess.DataProviders\Rate\RateProvider.cs:line 649
   at Tavisca.Catapult.External.Facade.Tests.TestActivityGenerator.SaveRateCard(RateCard rateCard) in d:\Code\TOM\Catapult\Code\trunk\CatapultServices\Tavisca.Catapult.External.Facade.Tests\TestActivityGenerator.cs:line 352
   at Tavisca.Catapult.External.Facade.Tests.ActivityMultiAvailTests.SearchByAirportCodeTest.PenaltiesTest2() in d:\Code\TOM\Catapult\Code\trunk\CatapultServices\Tavisca.Catapult.External.Facade.Tests\ActivityMultiAvailTests\SearchByAirportCodeTest.cs:line 1948
</StackTrace>
        </ErrorInfo>
      </Output>
    </UnitTestResult>
    <UnitTestResult executionId="6324aab1-9d6a-4225-9102-f33c87ab3148" testId="925aa9e0-5112-af2f-b37f-6563a41da01c" testName="PenaltiesTest3" computerName="PHOENIXX" duration="00:00:00.3140826" startTime="2013-08-09T22:00:46.1923907+05:30" endTime="2013-08-09T22:00:46.5064849+05:30" testType="13cdc9d9-ddb5-4fa4-a97d-d965ccfc6d4b" outcome="Failed" testListId="8c84fa94-04c1-424b-9868-57a2d4851a1d" relativeResultsDirectory="6324aab1-9d6a-4225-9102-f33c87ab3148">
      <Output>
        <ErrorInfo>
          <Message>Test method Tavisca.Catapult.External.Facade.Tests.ActivityMultiAvailTests.SearchByAirportCodeTest.PenaltiesTest3 threw exception: 
System.Transactions.TransactionManagerCommunicationException: Network access for Distributed Transaction Manager (MSDTC) has been disabled. Please enable DTC for network access in the security configuration for MSDTC using the Component Services Administrative tool. ---&gt; System.Runtime.InteropServices.COMException: The transaction manager has disabled its support for remote/network transactions. (Exception from HRESULT: 0x8004D024)</Message>
          <StackTrace>    at System.Transactions.Oletx.IDtcProxyShimFactory.ReceiveTransaction(UInt32 propgationTokenSize, Byte[] propgationToken, IntPtr managedIdentifier, Guid&amp; transactionIdentifier, OletxTransactionIsolationLevel&amp; isolationLevel, ITransactionShim&amp; transactionShim)
   at System.Transactions.TransactionInterop.GetOletxTransactionFromTransmitterPropigationToken(Byte[] propagationToken)
 --- End of inner exception stack trace ---
    at System.Transactions.Oletx.OletxTransactionManager.ProxyException(COMException comException)
   at System.Transactions.TransactionInterop.GetOletxTransactionFromTransmitterPropigationToken(Byte[] propagationToken)
   at System.Transactions.TransactionStatePSPEOperation.PSPEPromote(InternalTransaction tx)
   at System.Transactions.TransactionStateDelegatedBase.EnterState(InternalTransaction tx)
   at System.Transactions.EnlistableStates.Promote(InternalTransaction tx)
   at System.Transactions.Transaction.Promote()
   at System.Transactions.TransactionInterop.ConvertToOletxTransaction(Transaction transaction)
   at System.Transactions.TransactionInterop.GetExportCookie(Transaction transaction, Byte[] whereabouts)
   at System.Data.SqlClient.SqlInternalConnection.GetTransactionCookie(Transaction transaction, Byte[] whereAbouts)
   at System.Data.SqlClient.SqlInternalConnection.EnlistNonNull(Transaction tx)
   at System.Data.SqlClient.SqlInternalConnection.Enlist(Transaction tx)
   at System.Data.SqlClient.SqlInternalConnectionTds.Activate(Transaction transaction)
   at System.Data.ProviderBase.DbConnectionInternal.ActivateConnection(Transaction transaction)
   at System.Data.ProviderBase.DbConnectionPool.TryGetConnection(DbConnection owningObject, UInt32 waitForMultipleObjectsTimeout, Boolean allowCreate, Boolean onlyOneCheckConnection, DbConnectionOptions userOptions, DbConnectionInternal&amp; connection)
   at System.Data.ProviderBase.DbConnectionPool.TryGetConnection(DbConnection owningObject, TaskCompletionSource`1 retry, DbConnectionOptions userOptions, DbConnectionInternal&amp; connection)
   at System.Data.ProviderBase.DbConnectionFactory.TryGetConnection(DbConnection owningConnection, TaskCompletionSource`1 retry, DbConnectionOptions userOptions, DbConnectionInternal&amp; connection)
   at System.Data.ProviderBase.DbConnectionClosed.TryOpenConnection(DbConnection outerConnection, DbConnectionFactory connectionFactory, TaskCompletionSource`1 retry, DbConnectionOptions userOptions)
   at System.Data.SqlClient.SqlConnection.TryOpen(TaskCompletionSource`1 retry)
   at System.Data.SqlClient.SqlConnection.Open()
   at System.Data.Linq.SqlClient.SqlConnectionManager.UseConnection(IConnectionUser user)
   at System.Data.Linq.SqlClient.SqlProvider.get_IsSqlCe()
   at System.Data.Linq.SqlClient.SqlProvider.InitializeProviderMode()
   at System.Data.Linq.SqlClient.SqlProvider.System.Data.Linq.Provider.IProvider.Execute(Expression query)
   at System.Data.Linq.DataContext.ExecuteMethodCall(Object instance, MethodInfo methodInfo, Object[] parameters)
   at Tavisca.Catapult.Internal.ResourceAccess.DataProviders.Rate.LINQ.RateDataContext.spSaveRateCard(Nullable`1 id, Nullable`1 productId, String productType, String scope, Nullable`1 isEnabled, Nullable`1 isDeleted) in d:\Code\TOM\Catapult\Code\trunk\CatapultServices\Tavisca.Catapult.Internal.ResourceAccess.DataProviders\Rate\LINQ\Rate.designer.cs:line 265
   at Tavisca.Catapult.Internal.ResourceAccess.DataProviders.Rate.RateProvider.SaveRateCard(String scopeId, RateCard rateCard) in d:\Code\TOM\Catapult\Code\trunk\CatapultServices\Tavisca.Catapult.Internal.ResourceAccess.DataProviders\Rate\RateProvider.cs:line 649
   at Tavisca.Catapult.External.Facade.Tests.TestActivityGenerator.SaveRateCard(RateCard rateCard) in d:\Code\TOM\Catapult\Code\trunk\CatapultServices\Tavisca.Catapult.External.Facade.Tests\TestActivityGenerator.cs:line 352
   at Tavisca.Catapult.External.Facade.Tests.ActivityMultiAvailTests.SearchByAirportCodeTest.PenaltiesTest3() in d:\Code\TOM\Catapult\Code\trunk\CatapultServices\Tavisca.Catapult.External.Facade.Tests\ActivityMultiAvailTests\SearchByAirportCodeTest.cs:line 1992
</StackTrace>
        </ErrorInfo>
      </Output>
    </UnitTestResult>
    <UnitTestResult executionId="9d6efdfc-a463-4a4a-9210-c0c3e5d4d303" testId="de385433-b0d2-0ba5-99b2-d2423fe5325a" testName="PoliciesTest1" computerName="PHOENIXX" duration="00:00:01.6589608" startTime="2013-08-09T22:00:46.5074852+05:30" endTime="2013-08-09T22:00:48.1669829+05:30" testType="13cdc9d9-ddb5-4fa4-a97d-d965ccfc6d4b" outcome="Failed" testListId="8c84fa94-04c1-424b-9868-57a2d4851a1d" relativeResultsDirectory="9d6efdfc-a463-4a4a-9210-c0c3e5d4d303">
      <Output>
        <ErrorInfo>
          <Message>Test method Tavisca.Catapult.External.Facade.Tests.ActivityMultiAvailTests.SearchByAirportCodeTest.PoliciesTest1 threw exception: 
System.Transactions.TransactionManagerCommunicationException: Network access for Distributed Transaction Manager (MSDTC) has been disabled. Please enable DTC for network access in the security configuration for MSDTC using the Component Services Administrative tool. ---&gt; System.Runtime.InteropServices.COMException: The transaction manager has disabled its support for remote/network transactions. (Exception from HRESULT: 0x8004D024)</Message>
          <StackTrace>    at System.Transactions.Oletx.IDtcProxyShimFactory.ReceiveTransaction(UInt32 propgationTokenSize, Byte[] propgationToken, IntPtr managedIdentifier, Guid&amp; transactionIdentifier, OletxTransactionIsolationLevel&amp; isolationLevel, ITransactionShim&amp; transactionShim)
   at System.Transactions.TransactionInterop.GetOletxTransactionFromTransmitterPropigationToken(Byte[] propagationToken)
 --- End of inner exception stack trace ---
    at System.Transactions.Oletx.OletxTransactionManager.ProxyException(COMException comException)
   at System.Transactions.TransactionInterop.GetOletxTransactionFromTransmitterPropigationToken(Byte[] propagationToken)
   at System.Transactions.TransactionStatePSPEOperation.PSPEPromote(InternalTransaction tx)
   at System.Transactions.TransactionStateDelegatedBase.EnterState(InternalTransaction tx)
   at System.Transactions.EnlistableStates.Promote(InternalTransaction tx)
   at System.Transactions.Transaction.Promote()
   at System.Transactions.TransactionInterop.ConvertToOletxTransaction(Transaction transaction)
   at System.Transactions.TransactionInterop.GetExportCookie(Transaction transaction, Byte[] whereabouts)
   at System.Data.SqlClient.SqlInternalConnection.GetTransactionCookie(Transaction transaction, Byte[] whereAbouts)
   at System.Data.SqlClient.SqlInternalConnection.EnlistNonNull(Transaction tx)
   at System.Data.SqlClient.SqlInternalConnection.Enlist(Transaction tx)
   at System.Data.SqlClient.SqlInternalConnectionTds.Activate(Transaction transaction)
   at System.Data.ProviderBase.DbConnectionInternal.ActivateConnection(Transaction transaction)
   at System.Data.ProviderBase.DbConnectionPool.TryGetConnection(DbConnection owningObject, UInt32 waitForMultipleObjectsTimeout, Boolean allowCreate, Boolean onlyOneCheckConnection, DbConnectionOptions userOptions, DbConnectionInternal&amp; connection)
   at System.Data.ProviderBase.DbConnectionPool.TryGetConnection(DbConnection owningObject, TaskCompletionSource`1 retry, DbConnectionOptions userOptions, DbConnectionInternal&amp; connection)
   at System.Data.ProviderBase.DbConnectionFactory.TryGetConnection(DbConnection owningConnection, TaskCompletionSource`1 retry, DbConnectionOptions userOptions, DbConnectionInternal&amp; connection)
   at System.Data.ProviderBase.DbConnectionClosed.TryOpenConnection(DbConnection outerConnection, DbConnectionFactory connectionFactory, TaskCompletionSource`1 retry, DbConnectionOptions userOptions)
   at System.Data.SqlClient.SqlConnection.TryOpen(TaskCompletionSource`1 retry)
   at System.Data.SqlClient.SqlConnection.Open()
   at System.Data.Linq.SqlClient.SqlConnectionManager.UseConnection(IConnectionUser user)
   at System.Data.Linq.SqlClient.SqlProvider.get_IsSqlCe()
   at System.Data.Linq.SqlClient.SqlProvider.InitializeProviderMode()
   at System.Data.Linq.SqlClient.SqlProvider.System.Data.Linq.Provider.IProvider.Execute(Expression query)
   at System.Data.Linq.DataContext.ExecuteMethodCall(Object instance, MethodInfo methodInfo, Object[] parameters)
   at Tavisca.Catapult.Internal.ResourceAccess.DataProviders.Rate.LINQ.RateDataContext.spSaveRateCard(Nullable`1 id, Nullable`1 productId, String productType, String scope, Nullable`1 isEnabled, Nullable`1 isDeleted) in d:\Code\TOM\Catapult\Code\trunk\CatapultServices\Tavisca.Catapult.Internal.ResourceAccess.DataProviders\Rate\LINQ\Rate.designer.cs:line 265
   at Tavisca.Catapult.Internal.ResourceAccess.DataProviders.Rate.RateProvider.SaveRateCard(String scopeId, RateCard rateCard) in d:\Code\TOM\Catapult\Code\trunk\CatapultServices\Tavisca.Catapult.Internal.ResourceAccess.DataProviders\Rate\RateProvider.cs:line 649
   at Tavisca.Catapult.External.Facade.Tests.TestActivityGenerator.SaveRateCard(RateCard rateCard) in d:\Code\TOM\Catapult\Code\trunk\CatapultServices\Tavisca.Catapult.External.Facade.Tests\TestActivityGenerator.cs:line 352
   at Tavisca.Catapult.External.Facade.Tests.ActivityMultiAvailTests.SearchByAirportCodeTest.PoliciesTest1() in d:\Code\TOM\Catapult\Code\trunk\CatapultServices\Tavisca.Catapult.External.Facade.Tests\ActivityMultiAvailTests\SearchByAirportCodeTest.cs:line 2044
</StackTrace>
        </ErrorInfo>
      </Output>
    </UnitTestResult>
    <UnitTestResult executionId="79de573a-47db-4576-a80b-3531eb4ba780" testId="072b3430-2380-439d-d9fa-aed0e7e5f2ae" testName="CurrencyTest1" computerName="PHOENIXX" duration="00:00:00.3041609" startTime="2013-08-09T22:00:48.1669829+05:30" endTime="2013-08-09T22:00:48.4710741+05:30" testType="13cdc9d9-ddb5-4fa4-a97d-d965ccfc6d4b" outcome="Failed" testListId="8c84fa94-04c1-424b-9868-57a2d4851a1d" relativeResultsDirectory="79de573a-47db-4576-a80b-3531eb4ba780">
      <Output>
        <ErrorInfo>
          <Message>Test method Tavisca.Catapult.External.Facade.Tests.ActivityMultiAvailTests.SearchByAirportCodeTest.CurrencyTest1 threw exception: 
System.Transactions.TransactionManagerCommunicationException: Network access for Distributed Transaction Manager (MSDTC) has been disabled. Please enable DTC for network access in the security configuration for MSDTC using the Component Services Administrative tool. ---&gt; System.Runtime.InteropServices.COMException: The transaction manager has disabled its support for remote/network transactions. (Exception from HRESULT: 0x8004D024)</Message>
          <StackTrace>    at System.Transactions.Oletx.IDtcProxyShimFactory.ReceiveTransaction(UInt32 propgationTokenSize, Byte[] propgationToken, IntPtr managedIdentifier, Guid&amp; transactionIdentifier, OletxTransactionIsolationLevel&amp; isolationLevel, ITransactionShim&amp; transactionShim)
   at System.Transactions.TransactionInterop.GetOletxTransactionFromTransmitterPropigationToken(Byte[] propagationToken)
 --- End of inner exception stack trace ---
    at System.Transactions.Oletx.OletxTransactionManager.ProxyException(COMException comException)
   at System.Transactions.TransactionInterop.GetOletxTransactionFromTransmitterPropigationToken(Byte[] propagationToken)
   at System.Transactions.TransactionStatePSPEOperation.PSPEPromote(InternalTransaction tx)
   at System.Transactions.TransactionStateDelegatedBase.EnterState(InternalTransaction tx)
   at System.Transactions.EnlistableStates.Promote(InternalTransaction tx)
   at System.Transactions.Transaction.Promote()
   at System.Transactions.TransactionInterop.ConvertToOletxTransaction(Transaction transaction)
   at System.Transactions.TransactionInterop.GetExportCookie(Transaction transaction, Byte[] whereabouts)
   at System.Data.SqlClient.SqlInternalConnection.GetTransactionCookie(Transaction transaction, Byte[] whereAbouts)
   at System.Data.SqlClient.SqlInternalConnection.EnlistNonNull(Transaction tx)
   at System.Data.SqlClient.SqlInternalConnection.Enlist(Transaction tx)
   at System.Data.SqlClient.SqlInternalConnectionTds.Activate(Transaction transaction)
   at System.Data.ProviderBase.DbConnectionInternal.ActivateConnection(Transaction transaction)
   at System.Data.ProviderBase.DbConnectionPool.TryGetConnection(DbConnection owningObject, UInt32 waitForMultipleObjectsTimeout, Boolean allowCreate, Boolean onlyOneCheckConnection, DbConnectionOptions userOptions, DbConnectionInternal&amp; connection)
   at System.Data.ProviderBase.DbConnectionPool.TryGetConnection(DbConnection owningObject, TaskCompletionSource`1 retry, DbConnectionOptions userOptions, DbConnectionInternal&amp; connection)
   at System.Data.ProviderBase.DbConnectionFactory.TryGetConnection(DbConnection owningConnection, TaskCompletionSource`1 retry, DbConnectionOptions userOptions, DbConnectionInternal&amp; connection)
   at System.Data.ProviderBase.DbConnectionClosed.TryOpenConnection(DbConnection outerConnection, DbConnectionFactory connectionFactory, TaskCompletionSource`1 retry, DbConnectionOptions userOptions)
   at System.Data.SqlClient.SqlConnection.TryOpen(TaskCompletionSource`1 retry)
   at System.Data.SqlClient.SqlConnection.Open()
   at System.Data.Linq.SqlClient.SqlConnectionManager.UseConnection(IConnectionUser user)
   at System.Data.Linq.SqlClient.SqlProvider.get_IsSqlCe()
   at System.Data.Linq.SqlClient.SqlProvider.InitializeProviderMode()
   at System.Data.Linq.SqlClient.SqlProvider.System.Data.Linq.Provider.IProvider.Execute(Expression query)
   at System.Data.Linq.DataContext.ExecuteMethodCall(Object instance, MethodInfo methodInfo, Object[] parameters)
   at Tavisca.Catapult.Internal.ResourceAccess.DataProviders.Rate.LINQ.RateDataContext.spSaveRateCard(Nullable`1 id, Nullable`1 productId, String productType, String scope, Nullable`1 isEnabled, Nullable`1 isDeleted) in d:\Code\TOM\Catapult\Code\trunk\CatapultServices\Tavisca.Catapult.Internal.ResourceAccess.DataProviders\Rate\LINQ\Rate.designer.cs:line 265
   at Tavisca.Catapult.Internal.ResourceAccess.DataProviders.Rate.RateProvider.SaveRateCard(String scopeId, RateCard rateCard) in d:\Code\TOM\Catapult\Code\trunk\CatapultServices\Tavisca.Catapult.Internal.ResourceAccess.DataProviders\Rate\RateProvider.cs:line 649
   at Tavisca.Catapult.External.Facade.Tests.TestActivityGenerator.SaveRateCard(RateCard rateCard) in d:\Code\TOM\Catapult\Code\trunk\CatapultServices\Tavisca.Catapult.External.Facade.Tests\TestActivityGenerator.cs:line 352
   at Tavisca.Catapult.External.Facade.Tests.ActivityMultiAvailTests.SearchByAirportCodeTest.CurrencyTest1() in d:\Code\TOM\Catapult\Code\trunk\CatapultServices\Tavisca.Catapult.External.Facade.Tests\ActivityMultiAvailTests\SearchByAirportCodeTest.cs:line 2087
</StackTrace>
        </ErrorInfo>
      </Output>
    </UnitTestResult>
    <UnitTestResult executionId="f83339b2-6967-4a6d-b8d3-780a3604c480" testId="228b59eb-d495-0003-cd22-24851a2caa64" testName="FilterByTagsTest1" computerName="PHOENIXX" duration="00:00:00.3340172" startTime="2013-08-09T22:00:48.4710741+05:30" endTime="2013-08-09T22:00:48.8051743+05:30" testType="13cdc9d9-ddb5-4fa4-a97d-d965ccfc6d4b" outcome="Failed" testListId="8c84fa94-04c1-424b-9868-57a2d4851a1d" relativeResultsDirectory="f83339b2-6967-4a6d-b8d3-780a3604c480">
      <Output>
        <ErrorInfo>
          <Message>Test method Tavisca.Catapult.External.Facade.Tests.ActivityMultiAvailTests.SearchByAirportCodeTest.FilterByTagsTest1 threw exception: 
System.Transactions.TransactionManagerCommunicationException: Network access for Distributed Transaction Manager (MSDTC) has been disabled. Please enable DTC for network access in the security configuration for MSDTC using the Component Services Administrative tool. ---&gt; System.Runtime.InteropServices.COMException: The transaction manager has disabled its support for remote/network transactions. (Exception from HRESULT: 0x8004D024)</Message>
          <StackTrace>    at System.Transactions.Oletx.IDtcProxyShimFactory.ReceiveTransaction(UInt32 propgationTokenSize, Byte[] propgationToken, IntPtr managedIdentifier, Guid&amp; transactionIdentifier, OletxTransactionIsolationLevel&amp; isolationLevel, ITransactionShim&amp; transactionShim)
   at System.Transactions.TransactionInterop.GetOletxTransactionFromTransmitterPropigationToken(Byte[] propagationToken)
 --- End of inner exception stack trace ---
    at System.Transactions.Oletx.OletxTransactionManager.ProxyException(COMException comException)
   at System.Transactions.TransactionInterop.GetOletxTransactionFromTransmitterPropigationToken(Byte[] propagationToken)
   at System.Transactions.TransactionStatePSPEOperation.PSPEPromote(InternalTransaction tx)
   at System.Transactions.TransactionStateDelegatedBase.EnterState(InternalTransaction tx)
   at System.Transactions.EnlistableStates.Promote(InternalTransaction tx)
   at System.Transactions.Transaction.Promote()
   at System.Transactions.TransactionInterop.ConvertToOletxTransaction(Transaction transaction)
   at System.Transactions.TransactionInterop.GetExportCookie(Transaction transaction, Byte[] whereabouts)
   at System.Data.SqlClient.SqlInternalConnection.GetTransactionCookie(Transaction transaction, Byte[] whereAbouts)
   at System.Data.SqlClient.SqlInternalConnection.EnlistNonNull(Transaction tx)
   at System.Data.SqlClient.SqlInternalConnection.Enlist(Transaction tx)
   at System.Data.SqlClient.SqlInternalConnectionTds.Activate(Transaction transaction)
   at System.Data.ProviderBase.DbConnectionInternal.ActivateConnection(Transaction transaction)
   at System.Data.ProviderBase.DbConnectionPool.TryGetConnection(DbConnection owningObject, UInt32 waitForMultipleObjectsTimeout, Boolean allowCreate, Boolean onlyOneCheckConnection, DbConnectionOptions userOptions, DbConnectionInternal&amp; connection)
   at System.Data.ProviderBase.DbConnectionPool.TryGetConnection(DbConnection owningObject, TaskCompletionSource`1 retry, DbConnectionOptions userOptions, DbConnectionInternal&amp; connection)
   at System.Data.ProviderBase.DbConnectionFactory.TryGetConnection(DbConnection owningConnection, TaskCompletionSource`1 retry, DbConnectionOptions userOptions, DbConnectionInternal&amp; connection)
   at System.Data.ProviderBase.DbConnectionClosed.TryOpenConnection(DbConnection outerConnection, DbConnectionFactory connectionFactory, TaskCompletionSource`1 retry, DbConnectionOptions userOptions)
   at System.Data.SqlClient.SqlConnection.TryOpen(TaskCompletionSource`1 retry)
   at System.Data.SqlClient.SqlConnection.Open()
   at System.Data.Linq.SqlClient.SqlConnectionManager.UseConnection(IConnectionUser user)
   at System.Data.Linq.SqlClient.SqlProvider.get_IsSqlCe()
   at System.Data.Linq.SqlClient.SqlProvider.InitializeProviderMode()
   at System.Data.Linq.SqlClient.SqlProvider.System.Data.Linq.Provider.IProvider.Execute(Expression query)
   at System.Data.Linq.DataContext.ExecuteMethodCall(Object instance, MethodInfo methodInfo, Object[] parameters)
   at Tavisca.Catapult.Internal.ResourceAccess.DataProviders.Rate.LINQ.RateDataContext.spSaveRateCard(Nullable`1 id, Nullable`1 productId, String productType, String scope, Nullable`1 isEnabled, Nullable`1 isDeleted) in d:\Code\TOM\Catapult\Code\trunk\CatapultServices\Tavisca.Catapult.Internal.ResourceAccess.DataProviders\Rate\LINQ\Rate.designer.cs:line 265
   at Tavisca.Catapult.Internal.ResourceAccess.DataProviders.Rate.RateProvider.SaveRateCard(String scopeId, RateCard rateCard) in d:\Code\TOM\Catapult\Code\trunk\CatapultServices\Tavisca.Catapult.Internal.ResourceAccess.DataProviders\Rate\RateProvider.cs:line 649
   at Tavisca.Catapult.External.Facade.Tests.TestActivityGenerator.SaveRateCard(RateCard rateCard) in d:\Code\TOM\Catapult\Code\trunk\CatapultServices\Tavisca.Catapult.External.Facade.Tests\TestActivityGenerator.cs:line 352
   at Tavisca.Catapult.External.Facade.Tests.ActivityMultiAvailTests.SearchByAirportCodeTest.FilterByTagsTest1() in d:\Code\TOM\Catapult\Code\trunk\CatapultServices\Tavisca.Catapult.External.Facade.Tests\ActivityMultiAvailTests\SearchByAirportCodeTest.cs:line 2130
</StackTrace>
        </ErrorInfo>
      </Output>
    </UnitTestResult>
    <UnitTestResult executionId="a1b1a88f-38e1-4830-9d88-170ad92a3e71" testId="2f4137f9-86fb-45de-1b05-26b7aea3d4c0" testName="FilterByRateCodesTest1" computerName="PHOENIXX" duration="00:00:00.3048987" startTime="2013-08-09T22:00:48.8051743+05:30" endTime="2013-08-09T22:00:49.1102658+05:30" testType="13cdc9d9-ddb5-4fa4-a97d-d965ccfc6d4b" outcome="Failed" testListId="8c84fa94-04c1-424b-9868-57a2d4851a1d" relativeResultsDirectory="a1b1a88f-38e1-4830-9d88-170ad92a3e71">
      <Output>
        <ErrorInfo>
          <Message>Test method Tavisca.Catapult.External.Facade.Tests.ActivityMultiAvailTests.SearchByAirportCodeTest.FilterByRateCodesTest1 threw exception: 
System.Transactions.TransactionManagerCommunicationException: Network access for Distributed Transaction Manager (MSDTC) has been disabled. Please enable DTC for network access in the security configuration for MSDTC using the Component Services Administrative tool. ---&gt; System.Runtime.InteropServices.COMException: The transaction manager has disabled its support for remote/network transactions. (Exception from HRESULT: 0x8004D024)</Message>
          <StackTrace>    at System.Transactions.Oletx.IDtcProxyShimFactory.ReceiveTransaction(UInt32 propgationTokenSize, Byte[] propgationToken, IntPtr managedIdentifier, Guid&amp; transactionIdentifier, OletxTransactionIsolationLevel&amp; isolationLevel, ITransactionShim&amp; transactionShim)
   at System.Transactions.TransactionInterop.GetOletxTransactionFromTransmitterPropigationToken(Byte[] propagationToken)
 --- End of inner exception stack trace ---
    at System.Transactions.Oletx.OletxTransactionManager.ProxyException(COMException comException)
   at System.Transactions.TransactionInterop.GetOletxTransactionFromTransmitterPropigationToken(Byte[] propagationToken)
   at System.Transactions.TransactionStatePSPEOperation.PSPEPromote(InternalTransaction tx)
   at System.Transactions.TransactionStateDelegatedBase.EnterState(InternalTransaction tx)
   at System.Transactions.EnlistableStates.Promote(InternalTransaction tx)
   at System.Transactions.Transaction.Promote()
   at System.Transactions.TransactionInterop.ConvertToOletxTransaction(Transaction transaction)
   at System.Transactions.TransactionInterop.GetExportCookie(Transaction transaction, Byte[] whereabouts)
   at System.Data.SqlClient.SqlInternalConnection.GetTransactionCookie(Transaction transaction, Byte[] whereAbouts)
   at System.Data.SqlClient.SqlInternalConnection.EnlistNonNull(Transaction tx)
   at System.Data.SqlClient.SqlInternalConnection.Enlist(Transaction tx)
   at System.Data.SqlClient.SqlInternalConnectionTds.Activate(Transaction transaction)
   at System.Data.ProviderBase.DbConnectionInternal.ActivateConnection(Transaction transaction)
   at System.Data.ProviderBase.DbConnectionPool.TryGetConnection(DbConnection owningObject, UInt32 waitForMultipleObjectsTimeout, Boolean allowCreate, Boolean onlyOneCheckConnection, DbConnectionOptions userOptions, DbConnectionInternal&amp; connection)
   at System.Data.ProviderBase.DbConnectionPool.TryGetConnection(DbConnection owningObject, TaskCompletionSource`1 retry, DbConnectionOptions userOptions, DbConnectionInternal&amp; connection)
   at System.Data.ProviderBase.DbConnectionFactory.TryGetConnection(DbConnection owningConnection, TaskCompletionSource`1 retry, DbConnectionOptions userOptions, DbConnectionInternal&amp; connection)
   at System.Data.ProviderBase.DbConnectionClosed.TryOpenConnection(DbConnection outerConnection, DbConnectionFactory connectionFactory, TaskCompletionSource`1 retry, DbConnectionOptions userOptions)
   at System.Data.SqlClient.SqlConnection.TryOpen(TaskCompletionSource`1 retry)
   at System.Data.SqlClient.SqlConnection.Open()
   at System.Data.Linq.SqlClient.SqlConnectionManager.UseConnection(IConnectionUser user)
   at System.Data.Linq.SqlClient.SqlProvider.get_IsSqlCe()
   at System.Data.Linq.SqlClient.SqlProvider.InitializeProviderMode()
   at System.Data.Linq.SqlClient.SqlProvider.System.Data.Linq.Provider.IProvider.Execute(Expression query)
   at System.Data.Linq.DataContext.ExecuteMethodCall(Object instance, MethodInfo methodInfo, Object[] parameters)
   at Tavisca.Catapult.Internal.ResourceAccess.DataProviders.Rate.LINQ.RateDataContext.spSaveRateCard(Nullable`1 id, Nullable`1 productId, String productType, String scope, Nullable`1 isEnabled, Nullable`1 isDeleted) in d:\Code\TOM\Catapult\Code\trunk\CatapultServices\Tavisca.Catapult.Internal.ResourceAccess.DataProviders\Rate\LINQ\Rate.designer.cs:line 265
   at Tavisca.Catapult.Internal.ResourceAccess.DataProviders.Rate.RateProvider.SaveRateCard(String scopeId, RateCard rateCard) in d:\Code\TOM\Catapult\Code\trunk\CatapultServices\Tavisca.Catapult.Internal.ResourceAccess.DataProviders\Rate\RateProvider.cs:line 649
   at Tavisca.Catapult.External.Facade.Tests.TestActivityGenerator.SaveRateCard(RateCard rateCard) in d:\Code\TOM\Catapult\Code\trunk\CatapultServices\Tavisca.Catapult.External.Facade.Tests\TestActivityGenerator.cs:line 352
   at Tavisca.Catapult.External.Facade.Tests.ActivityMultiAvailTests.SearchByAirportCodeTest.FilterByRateCodesTest1() in d:\Code\TOM\Catapult\Code\trunk\CatapultServices\Tavisca.Catapult.External.Facade.Tests\ActivityMultiAvailTests\SearchByAirportCodeTest.cs:line 2172
</StackTrace>
        </ErrorInfo>
      </Output>
    </UnitTestResult>
    <UnitTestResult executionId="6f4e8007-7b19-4431-9243-96aa2e1f0bfb" testId="65c07103-3471-fd8e-51c7-64ccf905eb6a" testName="FilterByRateCodesTest2" computerName="PHOENIXX" duration="00:00:00.3135963" startTime="2013-08-09T22:00:49.1102658+05:30" endTime="2013-08-09T22:00:49.4243600+05:30" testType="13cdc9d9-ddb5-4fa4-a97d-d965ccfc6d4b" outcome="Failed" testListId="8c84fa94-04c1-424b-9868-57a2d4851a1d" relativeResultsDirectory="6f4e8007-7b19-4431-9243-96aa2e1f0bfb">
      <Output>
        <ErrorInfo>
          <Message>Test method Tavisca.Catapult.External.Facade.Tests.ActivityMultiAvailTests.SearchByAirportCodeTest.FilterByRateCodesTest2 threw exception: 
System.Transactions.TransactionManagerCommunicationException: Network access for Distributed Transaction Manager (MSDTC) has been disabled. Please enable DTC for network access in the security configuration for MSDTC using the Component Services Administrative tool. ---&gt; System.Runtime.InteropServices.COMException: The transaction manager has disabled its support for remote/network transactions. (Exception from HRESULT: 0x8004D024)</Message>
          <StackTrace>    at System.Transactions.Oletx.IDtcProxyShimFactory.ReceiveTransaction(UInt32 propgationTokenSize, Byte[] propgationToken, IntPtr managedIdentifier, Guid&amp; transactionIdentifier, OletxTransactionIsolationLevel&amp; isolationLevel, ITransactionShim&amp; transactionShim)
   at System.Transactions.TransactionInterop.GetOletxTransactionFromTransmitterPropigationToken(Byte[] propagationToken)
 --- End of inner exception stack trace ---
    at System.Transactions.Oletx.OletxTransactionManager.ProxyException(COMException comException)
   at System.Transactions.TransactionInterop.GetOletxTransactionFromTransmitterPropigationToken(Byte[] propagationToken)
   at System.Transactions.TransactionStatePSPEOperation.PSPEPromote(InternalTransaction tx)
   at System.Transactions.TransactionStateDelegatedBase.EnterState(InternalTransaction tx)
   at System.Transactions.EnlistableStates.Promote(InternalTransaction tx)
   at System.Transactions.Transaction.Promote()
   at System.Transactions.TransactionInterop.ConvertToOletxTransaction(Transaction transaction)
   at System.Transactions.TransactionInterop.GetExportCookie(Transaction transaction, Byte[] whereabouts)
   at System.Data.SqlClient.SqlInternalConnection.GetTransactionCookie(Transaction transaction, Byte[] whereAbouts)
   at System.Data.SqlClient.SqlInternalConnection.EnlistNonNull(Transaction tx)
   at System.Data.SqlClient.SqlInternalConnection.Enlist(Transaction tx)
   at System.Data.SqlClient.SqlInternalConnectionTds.Activate(Transaction transaction)
   at System.Data.ProviderBase.DbConnectionInternal.ActivateConnection(Transaction transaction)
   at System.Data.ProviderBase.DbConnectionPool.TryGetConnection(DbConnection owningObject, UInt32 waitForMultipleObjectsTimeout, Boolean allowCreate, Boolean onlyOneCheckConnection, DbConnectionOptions userOptions, DbConnectionInternal&amp; connection)
   at System.Data.ProviderBase.DbConnectionPool.TryGetConnection(DbConnection owningObject, TaskCompletionSource`1 retry, DbConnectionOptions userOptions, DbConnectionInternal&amp; connection)
   at System.Data.ProviderBase.DbConnectionFactory.TryGetConnection(DbConnection owningConnection, TaskCompletionSource`1 retry, DbConnectionOptions userOptions, DbConnectionInternal&amp; connection)
   at System.Data.ProviderBase.DbConnectionClosed.TryOpenConnection(DbConnection outerConnection, DbConnectionFactory connectionFactory, TaskCompletionSource`1 retry, DbConnectionOptions userOptions)
   at System.Data.SqlClient.SqlConnection.TryOpen(TaskCompletionSource`1 retry)
   at System.Data.SqlClient.SqlConnection.Open()
   at System.Data.Linq.SqlClient.SqlConnectionManager.UseConnection(IConnectionUser user)
   at System.Data.Linq.SqlClient.SqlProvider.get_IsSqlCe()
   at System.Data.Linq.SqlClient.SqlProvider.InitializeProviderMode()
   at System.Data.Linq.SqlClient.SqlProvider.System.Data.Linq.Provider.IProvider.Execute(Expression query)
   at System.Data.Linq.DataContext.ExecuteMethodCall(Object instance, MethodInfo methodInfo, Object[] parameters)
   at Tavisca.Catapult.Internal.ResourceAccess.DataProviders.Rate.LINQ.RateDataContext.spSaveRateCard(Nullable`1 id, Nullable`1 productId, String productType, String scope, Nullable`1 isEnabled, Nullable`1 isDeleted) in d:\Code\TOM\Catapult\Code\trunk\CatapultServices\Tavisca.Catapult.Internal.ResourceAccess.DataProviders\Rate\LINQ\Rate.designer.cs:line 265
   at Tavisca.Catapult.Internal.ResourceAccess.DataProviders.Rate.RateProvider.SaveRateCard(String scopeId, RateCard rateCard) in d:\Code\TOM\Catapult\Code\trunk\CatapultServices\Tavisca.Catapult.Internal.ResourceAccess.DataProviders\Rate\RateProvider.cs:line 649
   at Tavisca.Catapult.External.Facade.Tests.TestActivityGenerator.SaveRateCard(RateCard rateCard) in d:\Code\TOM\Catapult\Code\trunk\CatapultServices\Tavisca.Catapult.External.Facade.Tests\TestActivityGenerator.cs:line 352
   at Tavisca.Catapult.External.Facade.Tests.ActivityMultiAvailTests.SearchByAirportCodeTest.FilterByRateCodesTest2() in d:\Code\TOM\Catapult\Code\trunk\CatapultServices\Tavisca.Catapult.External.Facade.Tests\ActivityMultiAvailTests\SearchByAirportCodeTest.cs:line 2214
</StackTrace>
        </ErrorInfo>
      </Output>
    </UnitTestResult>
    <UnitTestResult executionId="75b3d31d-c9f7-4462-bd3c-57ddf0d7cde0" testId="792d6800-47be-84f7-7f3e-7bb3f4275301" testName="FilterByRateCodesTest3" computerName="PHOENIXX" duration="00:00:00.3359457" startTime="2013-08-09T22:00:49.4243600+05:30" endTime="2013-08-09T22:00:49.7604608+05:30" testType="13cdc9d9-ddb5-4fa4-a97d-d965ccfc6d4b" outcome="Failed" testListId="8c84fa94-04c1-424b-9868-57a2d4851a1d" relativeResultsDirectory="75b3d31d-c9f7-4462-bd3c-57ddf0d7cde0">
      <Output>
        <ErrorInfo>
          <Message>Test method Tavisca.Catapult.External.Facade.Tests.ActivityMultiAvailTests.SearchByAirportCodeTest.FilterByRateCodesTest3 threw exception: 
System.Transactions.TransactionManagerCommunicationException: Network access for Distributed Transaction Manager (MSDTC) has been disabled. Please enable DTC for network access in the security configuration for MSDTC using the Component Services Administrative tool. ---&gt; System.Runtime.InteropServices.COMException: The transaction manager has disabled its support for remote/network transactions. (Exception from HRESULT: 0x8004D024)</Message>
          <StackTrace>    at System.Transactions.Oletx.IDtcProxyShimFactory.ReceiveTransaction(UInt32 propgationTokenSize, Byte[] propgationToken, IntPtr managedIdentifier, Guid&amp; transactionIdentifier, OletxTransactionIsolationLevel&amp; isolationLevel, ITransactionShim&amp; transactionShim)
   at System.Transactions.TransactionInterop.GetOletxTransactionFromTransmitterPropigationToken(Byte[] propagationToken)
 --- End of inner exception stack trace ---
    at System.Transactions.Oletx.OletxTransactionManager.ProxyException(COMException comException)
   at System.Transactions.TransactionInterop.GetOletxTransactionFromTransmitterPropigationToken(Byte[] propagationToken)
   at System.Transactions.TransactionStatePSPEOperation.PSPEPromote(InternalTransaction tx)
   at System.Transactions.TransactionStateDelegatedBase.EnterState(InternalTransaction tx)
   at System.Transactions.EnlistableStates.Promote(InternalTransaction tx)
   at System.Transactions.Transaction.Promote()
   at System.Transactions.TransactionInterop.ConvertToOletxTransaction(Transaction transaction)
   at System.Transactions.TransactionInterop.GetExportCookie(Transaction transaction, Byte[] whereabouts)
   at System.Data.SqlClient.SqlInternalConnection.GetTransactionCookie(Transaction transaction, Byte[] whereAbouts)
   at System.Data.SqlClient.SqlInternalConnection.EnlistNonNull(Transaction tx)
   at System.Data.SqlClient.SqlInternalConnection.Enlist(Transaction tx)
   at System.Data.SqlClient.SqlInternalConnectionTds.Activate(Transaction transaction)
   at System.Data.ProviderBase.DbConnectionInternal.ActivateConnection(Transaction transaction)
   at System.Data.ProviderBase.DbConnectionPool.TryGetConnection(DbConnection owningObject, UInt32 waitForMultipleObjectsTimeout, Boolean allowCreate, Boolean onlyOneCheckConnection, DbConnectionOptions userOptions, DbConnectionInternal&amp; connection)
   at System.Data.ProviderBase.DbConnectionPool.TryGetConnection(DbConnection owningObject, TaskCompletionSource`1 retry, DbConnectionOptions userOptions, DbConnectionInternal&amp; connection)
   at System.Data.ProviderBase.DbConnectionFactory.TryGetConnection(DbConnection owningConnection, TaskCompletionSource`1 retry, DbConnectionOptions userOptions, DbConnectionInternal&amp; connection)
   at System.Data.ProviderBase.DbConnectionClosed.TryOpenConnection(DbConnection outerConnection, DbConnectionFactory connectionFactory, TaskCompletionSource`1 retry, DbConnectionOptions userOptions)
   at System.Data.SqlClient.SqlConnection.TryOpen(TaskCompletionSource`1 retry)
   at System.Data.SqlClient.SqlConnection.Open()
   at System.Data.Linq.SqlClient.SqlConnectionManager.UseConnection(IConnectionUser user)
   at System.Data.Linq.SqlClient.SqlProvider.get_IsSqlCe()
   at System.Data.Linq.SqlClient.SqlProvider.InitializeProviderMode()
   at System.Data.Linq.SqlClient.SqlProvider.System.Data.Linq.Provider.IProvider.Execute(Expression query)
   at System.Data.Linq.DataContext.ExecuteMethodCall(Object instance, MethodInfo methodInfo, Object[] parameters)
   at Tavisca.Catapult.Internal.ResourceAccess.DataProviders.Rate.LINQ.RateDataContext.spSaveRateCard(Nullable`1 id, Nullable`1 productId, String productType, String scope, Nullable`1 isEnabled, Nullable`1 isDeleted) in d:\Code\TOM\Catapult\Code\trunk\CatapultServices\Tavisca.Catapult.Internal.ResourceAccess.DataProviders\Rate\LINQ\Rate.designer.cs:line 265
   at Tavisca.Catapult.Internal.ResourceAccess.DataProviders.Rate.RateProvider.SaveRateCard(String scopeId, RateCard rateCard) in d:\Code\TOM\Catapult\Code\trunk\CatapultServices\Tavisca.Catapult.Internal.ResourceAccess.DataProviders\Rate\RateProvider.cs:line 649
   at Tavisca.Catapult.External.Facade.Tests.TestActivityGenerator.SaveRateCard(RateCard rateCard) in d:\Code\TOM\Catapult\Code\trunk\CatapultServices\Tavisca.Catapult.External.Facade.Tests\TestActivityGenerator.cs:line 352
   at Tavisca.Catapult.External.Facade.Tests.ActivityMultiAvailTests.SearchByAirportCodeTest.FilterByRateCodesTest3() in d:\Code\TOM\Catapult\Code\trunk\CatapultServices\Tavisca.Catapult.External.Facade.Tests\ActivityMultiAvailTests\SearchByAirportCodeTest.cs:line 2256
</StackTrace>
        </ErrorInfo>
      </Output>
    </UnitTestResult>
    <UnitTestResult executionId="a75e352d-9f92-479d-9649-bc294f0cd228" testId="63f82f2b-94d8-6638-2b31-ff5867e33380" testName="ScopeTest1" computerName="PHOENIXX" duration="00:00:00.3280642" startTime="2013-08-09T22:00:49.7604608+05:30" endTime="2013-08-09T22:00:50.0895595+05:30" testType="13cdc9d9-ddb5-4fa4-a97d-d965ccfc6d4b" outcome="Failed" testListId="8c84fa94-04c1-424b-9868-57a2d4851a1d" relativeResultsDirectory="a75e352d-9f92-479d-9649-bc294f0cd228">
      <Output>
        <ErrorInfo>
          <Message>Test method Tavisca.Catapult.External.Facade.Tests.ActivityMultiAvailTests.SearchByAirportCodeTest.ScopeTest1 threw exception: 
System.Transactions.TransactionManagerCommunicationException: Network access for Distributed Transaction Manager (MSDTC) has been disabled. Please enable DTC for network access in the security configuration for MSDTC using the Component Services Administrative tool. ---&gt; System.Runtime.InteropServices.COMException: The transaction manager has disabled its support for remote/network transactions. (Exception from HRESULT: 0x8004D024)</Message>
          <StackTrace>    at System.Transactions.Oletx.IDtcProxyShimFactory.ReceiveTransaction(UInt32 propgationTokenSize, Byte[] propgationToken, IntPtr managedIdentifier, Guid&amp; transactionIdentifier, OletxTransactionIsolationLevel&amp; isolationLevel, ITransactionShim&amp; transactionShim)
   at System.Transactions.TransactionInterop.GetOletxTransactionFromTransmitterPropigationToken(Byte[] propagationToken)
 --- End of inner exception stack trace ---
    at System.Transactions.Oletx.OletxTransactionManager.ProxyException(COMException comException)
   at System.Transactions.TransactionInterop.GetOletxTransactionFromTransmitterPropigationToken(Byte[] propagationToken)
   at System.Transactions.TransactionStatePSPEOperation.PSPEPromote(InternalTransaction tx)
   at System.Transactions.TransactionStateDelegatedBase.EnterState(InternalTransaction tx)
   at System.Transactions.EnlistableStates.Promote(InternalTransaction tx)
   at System.Transactions.Transaction.Promote()
   at System.Transactions.TransactionInterop.ConvertToOletxTransaction(Transaction transaction)
   at System.Transactions.TransactionInterop.GetExportCookie(Transaction transaction, Byte[] whereabouts)
   at System.Data.SqlClient.SqlInternalConnection.GetTransactionCookie(Transaction transaction, Byte[] whereAbouts)
   at System.Data.SqlClient.SqlInternalConnection.EnlistNonNull(Transaction tx)
   at System.Data.SqlClient.SqlInternalConnection.Enlist(Transaction tx)
   at System.Data.SqlClient.SqlInternalConnectionTds.Activate(Transaction transaction)
   at System.Data.ProviderBase.DbConnectionInternal.ActivateConnection(Transaction transaction)
   at System.Data.ProviderBase.DbConnectionPool.TryGetConnection(DbConnection owningObject, UInt32 waitForMultipleObjectsTimeout, Boolean allowCreate, Boolean onlyOneCheckConnection, DbConnectionOptions userOptions, DbConnectionInternal&amp; connection)
   at System.Data.ProviderBase.DbConnectionPool.TryGetConnection(DbConnection owningObject, TaskCompletionSource`1 retry, DbConnectionOptions userOptions, DbConnectionInternal&amp; connection)
   at System.Data.ProviderBase.DbConnectionFactory.TryGetConnection(DbConnection owningConnection, TaskCompletionSource`1 retry, DbConnectionOptions userOptions, DbConnectionInternal&amp; connection)
   at System.Data.ProviderBase.DbConnectionClosed.TryOpenConnection(DbConnection outerConnection, DbConnectionFactory connectionFactory, TaskCompletionSource`1 retry, DbConnectionOptions userOptions)
   at System.Data.SqlClient.SqlConnection.TryOpen(TaskCompletionSource`1 retry)
   at System.Data.SqlClient.SqlConnection.Open()
   at System.Data.Linq.SqlClient.SqlConnectionManager.UseConnection(IConnectionUser user)
   at System.Data.Linq.SqlClient.SqlProvider.get_IsSqlCe()
   at System.Data.Linq.SqlClient.SqlProvider.InitializeProviderMode()
   at System.Data.Linq.SqlClient.SqlProvider.System.Data.Linq.Provider.IProvider.Execute(Expression query)
   at System.Data.Linq.DataContext.ExecuteMethodCall(Object instance, MethodInfo methodInfo, Object[] parameters)
   at Tavisca.Catapult.Internal.ResourceAccess.DataProviders.Rate.LINQ.RateDataContext.spSaveRateCard(Nullable`1 id, Nullable`1 productId, String productType, String scope, Nullable`1 isEnabled, Nullable`1 isDeleted) in d:\Code\TOM\Catapult\Code\trunk\CatapultServices\Tavisca.Catapult.Internal.ResourceAccess.DataProviders\Rate\LINQ\Rate.designer.cs:line 265
   at Tavisca.Catapult.Internal.ResourceAccess.DataProviders.Rate.RateProvider.SaveRateCard(String scopeId, RateCard rateCard) in d:\Code\TOM\Catapult\Code\trunk\CatapultServices\Tavisca.Catapult.Internal.ResourceAccess.DataProviders\Rate\RateProvider.cs:line 649
   at Tavisca.Catapult.External.Facade.Tests.TestActivityGenerator.SaveRateCard(RateCard rateCard) in d:\Code\TOM\Catapult\Code\trunk\CatapultServices\Tavisca.Catapult.External.Facade.Tests\TestActivityGenerator.cs:line 352
   at Tavisca.Catapult.External.Facade.Tests.ActivityMultiAvailTests.SearchByAirportCodeTest.ScopeTest1() in d:\Code\TOM\Catapult\Code\trunk\CatapultServices\Tavisca.Catapult.External.Facade.Tests\ActivityMultiAvailTests\SearchByAirportCodeTest.cs:line 2303
</StackTrace>
        </ErrorInfo>
      </Output>
    </UnitTestResult>
    <UnitTestResult executionId="1db0b0f2-b9a1-42d6-ab8e-78d83e2635f8" testId="c1183241-7b01-4138-f11e-67614196d4ff" testName="ScopeTest2" computerName="PHOENIXX" duration="00:00:00.3049597" startTime="2013-08-09T22:00:50.0895595+05:30" endTime="2013-08-09T22:00:50.3946510+05:30" testType="13cdc9d9-ddb5-4fa4-a97d-d965ccfc6d4b" outcome="Failed" testListId="8c84fa94-04c1-424b-9868-57a2d4851a1d" relativeResultsDirectory="1db0b0f2-b9a1-42d6-ab8e-78d83e2635f8">
      <Output>
        <ErrorInfo>
          <Message>Test method Tavisca.Catapult.External.Facade.Tests.ActivityMultiAvailTests.SearchByAirportCodeTest.ScopeTest2 threw exception: 
System.Transactions.TransactionManagerCommunicationException: Network access for Distributed Transaction Manager (MSDTC) has been disabled. Please enable DTC for network access in the security configuration for MSDTC using the Component Services Administrative tool. ---&gt; System.Runtime.InteropServices.COMException: The transaction manager has disabled its support for remote/network transactions. (Exception from HRESULT: 0x8004D024)</Message>
          <StackTrace>    at System.Transactions.Oletx.IDtcProxyShimFactory.ReceiveTransaction(UInt32 propgationTokenSize, Byte[] propgationToken, IntPtr managedIdentifier, Guid&amp; transactionIdentifier, OletxTransactionIsolationLevel&amp; isolationLevel, ITransactionShim&amp; transactionShim)
   at System.Transactions.TransactionInterop.GetOletxTransactionFromTransmitterPropigationToken(Byte[] propagationToken)
 --- End of inner exception stack trace ---
    at System.Transactions.Oletx.OletxTransactionManager.ProxyException(COMException comException)
   at System.Transactions.TransactionInterop.GetOletxTransactionFromTransmitterPropigationToken(Byte[] propagationToken)
   at System.Transactions.TransactionStatePSPEOperation.PSPEPromote(InternalTransaction tx)
   at System.Transactions.TransactionStateDelegatedBase.EnterState(InternalTransaction tx)
   at System.Transactions.EnlistableStates.Promote(InternalTransaction tx)
   at System.Transactions.Transaction.Promote()
   at System.Transactions.TransactionInterop.ConvertToOletxTransaction(Transaction transaction)
   at System.Transactions.TransactionInterop.GetExportCookie(Transaction transaction, Byte[] whereabouts)
   at System.Data.SqlClient.SqlInternalConnection.GetTransactionCookie(Transaction transaction, Byte[] whereAbouts)
   at System.Data.SqlClient.SqlInternalConnection.EnlistNonNull(Transaction tx)
   at System.Data.SqlClient.SqlInternalConnection.Enlist(Transaction tx)
   at System.Data.SqlClient.SqlInternalConnectionTds.Activate(Transaction transaction)
   at System.Data.ProviderBase.DbConnectionInternal.ActivateConnection(Transaction transaction)
   at System.Data.ProviderBase.DbConnectionPool.TryGetConnection(DbConnection owningObject, UInt32 waitForMultipleObjectsTimeout, Boolean allowCreate, Boolean onlyOneCheckConnection, DbConnectionOptions userOptions, DbConnectionInternal&amp; connection)
   at System.Data.ProviderBase.DbConnectionPool.TryGetConnection(DbConnection owningObject, TaskCompletionSource`1 retry, DbConnectionOptions userOptions, DbConnectionInternal&amp; connection)
   at System.Data.ProviderBase.DbConnectionFactory.TryGetConnection(DbConnection owningConnection, TaskCompletionSource`1 retry, DbConnectionOptions userOptions, DbConnectionInternal&amp; connection)
   at System.Data.ProviderBase.DbConnectionClosed.TryOpenConnection(DbConnection outerConnection, DbConnectionFactory connectionFactory, TaskCompletionSource`1 retry, DbConnectionOptions userOptions)
   at System.Data.SqlClient.SqlConnection.TryOpen(TaskCompletionSource`1 retry)
   at System.Data.SqlClient.SqlConnection.Open()
   at System.Data.Linq.SqlClient.SqlConnectionManager.UseConnection(IConnectionUser user)
   at System.Data.Linq.SqlClient.SqlProvider.get_IsSqlCe()
   at System.Data.Linq.SqlClient.SqlProvider.InitializeProviderMode()
   at System.Data.Linq.SqlClient.SqlProvider.System.Data.Linq.Provider.IProvider.Execute(Expression query)
   at System.Data.Linq.DataContext.ExecuteMethodCall(Object instance, MethodInfo methodInfo, Object[] parameters)
   at Tavisca.Catapult.Internal.ResourceAccess.DataProviders.Rate.LINQ.RateDataContext.spSaveRateCard(Nullable`1 id, Nullable`1 productId, String productType, String scope, Nullable`1 isEnabled, Nullable`1 isDeleted) in d:\Code\TOM\Catapult\Code\trunk\CatapultServices\Tavisca.Catapult.Internal.ResourceAccess.DataProviders\Rate\LINQ\Rate.designer.cs:line 265
   at Tavisca.Catapult.Internal.ResourceAccess.DataProviders.Rate.RateProvider.SaveRateCard(String scopeId, RateCard rateCard) in d:\Code\TOM\Catapult\Code\trunk\CatapultServices\Tavisca.Catapult.Internal.ResourceAccess.DataProviders\Rate\RateProvider.cs:line 649
   at Tavisca.Catapult.External.Facade.Tests.TestActivityGenerator.SaveRateCard(RateCard rateCard) in d:\Code\TOM\Catapult\Code\trunk\CatapultServices\Tavisca.Catapult.External.Facade.Tests\TestActivityGenerator.cs:line 352
   at Tavisca.Catapult.External.Facade.Tests.ActivityMultiAvailTests.SearchByAirportCodeTest.ScopeTest2() in d:\Code\TOM\Catapult\Code\trunk\CatapultServices\Tavisca.Catapult.External.Facade.Tests\ActivityMultiAvailTests\SearchByAirportCodeTest.cs:line 2345
</StackTrace>
        </ErrorInfo>
      </Output>
    </UnitTestResult>
    <UnitTestResult executionId="a090674f-d1b1-42fe-b4d7-fd27cfd02c3d" testId="35b62bbd-047c-0e62-48ce-5f54fdf41074" testName="SearchByActivityCode1" computerName="PHOENIXX" duration="00:00:00.3058989" startTime="2013-08-09T22:00:50.3946510+05:30" endTime="2013-08-09T22:00:50.7007428+05:30" testType="13cdc9d9-ddb5-4fa4-a97d-d965ccfc6d4b" outcome="Failed" testListId="8c84fa94-04c1-424b-9868-57a2d4851a1d" relativeResultsDirectory="a090674f-d1b1-42fe-b4d7-fd27cfd02c3d">
      <Output>
        <ErrorInfo>
          <Message>Test method Tavisca.Catapult.External.Facade.Tests.ActivityMultiAvailTests.SearchByCityCodeTest.SearchByActivityCode1 threw exception: 
System.Transactions.TransactionManagerCommunicationException: Network access for Distributed Transaction Manager (MSDTC) has been disabled. Please enable DTC for network access in the security configuration for MSDTC using the Component Services Administrative tool. ---&gt; System.Runtime.InteropServices.COMException: The transaction manager has disabled its support for remote/network transactions. (Exception from HRESULT: 0x8004D024)</Message>
          <StackTrace>    at System.Transactions.Oletx.IDtcProxyShimFactory.ReceiveTransaction(UInt32 propgationTokenSize, Byte[] propgationToken, IntPtr managedIdentifier, Guid&amp; transactionIdentifier, OletxTransactionIsolationLevel&amp; isolationLevel, ITransactionShim&amp; transactionShim)
   at System.Transactions.TransactionInterop.GetOletxTransactionFromTransmitterPropigationToken(Byte[] propagationToken)
 --- End of inner exception stack trace ---
    at System.Transactions.Oletx.OletxTransactionManager.ProxyException(COMException comException)
   at System.Transactions.TransactionInterop.GetOletxTransactionFromTransmitterPropigationToken(Byte[] propagationToken)
   at System.Transactions.TransactionStatePSPEOperation.PSPEPromote(InternalTransaction tx)
   at System.Transactions.TransactionStateDelegatedBase.EnterState(InternalTransaction tx)
   at System.Transactions.EnlistableStates.Promote(InternalTransaction tx)
   at System.Transactions.Transaction.Promote()
   at System.Transactions.TransactionInterop.ConvertToOletxTransaction(Transaction transaction)
   at System.Transactions.TransactionInterop.GetExportCookie(Transaction transaction, Byte[] whereabouts)
   at System.Data.SqlClient.SqlInternalConnection.GetTransactionCookie(Transaction transaction, Byte[] whereAbouts)
   at System.Data.SqlClient.SqlInternalConnection.EnlistNonNull(Transaction tx)
   at System.Data.SqlClient.SqlInternalConnection.Enlist(Transaction tx)
   at System.Data.SqlClient.SqlInternalConnectionTds.Activate(Transaction transaction)
   at System.Data.ProviderBase.DbConnectionInternal.ActivateConnection(Transaction transaction)
   at System.Data.ProviderBase.DbConnectionPool.TryGetConnection(DbConnection owningObject, UInt32 waitForMultipleObjectsTimeout, Boolean allowCreate, Boolean onlyOneCheckConnection, DbConnectionOptions userOptions, DbConnectionInternal&amp; connection)
   at System.Data.ProviderBase.DbConnectionPool.TryGetConnection(DbConnection owningObject, TaskCompletionSource`1 retry, DbConnectionOptions userOptions, DbConnectionInternal&amp; connection)
   at System.Data.ProviderBase.DbConnectionFactory.TryGetConnection(DbConnection owningConnection, TaskCompletionSource`1 retry, DbConnectionOptions userOptions, DbConnectionInternal&amp; connection)
   at System.Data.ProviderBase.DbConnectionClosed.TryOpenConnection(DbConnection outerConnection, DbConnectionFactory connectionFactory, TaskCompletionSource`1 retry, DbConnectionOptions userOptions)
   at System.Data.SqlClient.SqlConnection.TryOpen(TaskCompletionSource`1 retry)
   at System.Data.SqlClient.SqlConnection.Open()
   at System.Data.Linq.SqlClient.SqlConnectionManager.UseConnection(IConnectionUser user)
   at System.Data.Linq.SqlClient.SqlProvider.get_IsSqlCe()
   at System.Data.Linq.SqlClient.SqlProvider.InitializeProviderMode()
   at System.Data.Linq.SqlClient.SqlProvider.System.Data.Linq.Provider.IProvider.Execute(Expression query)
   at System.Data.Linq.DataContext.ExecuteMethodCall(Object instance, MethodInfo methodInfo, Object[] parameters)
   at Tavisca.Catapult.Internal.ResourceAccess.DataProviders.Rate.LINQ.RateDataContext.spSaveRateCard(Nullable`1 id, Nullable`1 productId, String productType, String scope, Nullable`1 isEnabled, Nullable`1 isDeleted) in d:\Code\TOM\Catapult\Code\trunk\CatapultServices\Tavisca.Catapult.Internal.ResourceAccess.DataProviders\Rate\LINQ\Rate.designer.cs:line 265
   at Tavisca.Catapult.Internal.ResourceAccess.DataProviders.Rate.RateProvider.SaveRateCard(String scopeId, RateCard rateCard) in d:\Code\TOM\Catapult\Code\trunk\CatapultServices\Tavisca.Catapult.Internal.ResourceAccess.DataProviders\Rate\RateProvider.cs:line 649
   at Tavisca.Catapult.External.Facade.Tests.TestActivityGenerator.SaveRateCard(RateCard rateCard) in d:\Code\TOM\Catapult\Code\trunk\CatapultServices\Tavisca.Catapult.External.Facade.Tests\TestActivityGenerator.cs:line 352
   at Tavisca.Catapult.External.Facade.Tests.ActivityMultiAvailTests.SearchByCityCodeTest.SearchByActivityCode1() in d:\Code\TOM\Catapult\Code\trunk\CatapultServices\Tavisca.Catapult.External.Facade.Tests\ActivityMultiAvailTests\SearchByCityCodeTest.cs:line 32
</StackTrace>
        </ErrorInfo>
      </Output>
    </UnitTestResult>
    <UnitTestResult executionId="dff50408-d39f-4aa5-8ca3-7d81a5cb42aa" testId="a55a7e60-bb8c-e356-9790-673420e3c4ee" testName="SearchByActivityCode2" computerName="PHOENIXX" duration="00:00:00.2975920" startTime="2013-08-09T22:00:50.7007428+05:30" endTime="2013-08-09T22:00:50.9988322+05:30" testType="13cdc9d9-ddb5-4fa4-a97d-d965ccfc6d4b" outcome="Failed" testListId="8c84fa94-04c1-424b-9868-57a2d4851a1d" relativeResultsDirectory="dff50408-d39f-4aa5-8ca3-7d81a5cb42aa">
      <Output>
        <ErrorInfo>
          <Message>Test method Tavisca.Catapult.External.Facade.Tests.ActivityMultiAvailTests.SearchByCityCodeTest.SearchByActivityCode2 threw exception: 
System.Transactions.TransactionManagerCommunicationException: Network access for Distributed Transaction Manager (MSDTC) has been disabled. Please enable DTC for network access in the security configuration for MSDTC using the Component Services Administrative tool. ---&gt; System.Runtime.InteropServices.COMException: The transaction manager has disabled its support for remote/network transactions. (Exception from HRESULT: 0x8004D024)</Message>
          <StackTrace>    at System.Transactions.Oletx.IDtcProxyShimFactory.ReceiveTransaction(UInt32 propgationTokenSize, Byte[] propgationToken, IntPtr managedIdentifier, Guid&amp; transactionIdentifier, OletxTransactionIsolationLevel&amp; isolationLevel, ITransactionShim&amp; transactionShim)
   at System.Transactions.TransactionInterop.GetOletxTransactionFromTransmitterPropigationToken(Byte[] propagationToken)
 --- End of inner exception stack trace ---
    at System.Transactions.Oletx.OletxTransactionManager.ProxyException(COMException comException)
   at System.Transactions.TransactionInterop.GetOletxTransactionFromTransmitterPropigationToken(Byte[] propagationToken)
   at System.Transactions.TransactionStatePSPEOperation.PSPEPromote(InternalTransaction tx)
   at System.Transactions.TransactionStateDelegatedBase.EnterState(InternalTransaction tx)
   at System.Transactions.EnlistableStates.Promote(InternalTransaction tx)
   at System.Transactions.Transaction.Promote()
   at System.Transactions.TransactionInterop.ConvertToOletxTransaction(Transaction transaction)
   at System.Transactions.TransactionInterop.GetExportCookie(Transaction transaction, Byte[] whereabouts)
   at System.Data.SqlClient.SqlInternalConnection.GetTransactionCookie(Transaction transaction, Byte[] whereAbouts)
   at System.Data.SqlClient.SqlInternalConnection.EnlistNonNull(Transaction tx)
   at System.Data.SqlClient.SqlInternalConnection.Enlist(Transaction tx)
   at System.Data.SqlClient.SqlInternalConnectionTds.Activate(Transaction transaction)
   at System.Data.ProviderBase.DbConnectionInternal.ActivateConnection(Transaction transaction)
   at System.Data.ProviderBase.DbConnectionPool.TryGetConnection(DbConnection owningObject, UInt32 waitForMultipleObjectsTimeout, Boolean allowCreate, Boolean onlyOneCheckConnection, DbConnectionOptions userOptions, DbConnectionInternal&amp; connection)
   at System.Data.ProviderBase.DbConnectionPool.TryGetConnection(DbConnection owningObject, TaskCompletionSource`1 retry, DbConnectionOptions userOptions, DbConnectionInternal&amp; connection)
   at System.Data.ProviderBase.DbConnectionFactory.TryGetConnection(DbConnection owningConnection, TaskCompletionSource`1 retry, DbConnectionOptions userOptions, DbConnectionInternal&amp; connection)
   at System.Data.ProviderBase.DbConnectionClosed.TryOpenConnection(DbConnection outerConnection, DbConnectionFactory connectionFactory, TaskCompletionSource`1 retry, DbConnectionOptions userOptions)
   at System.Data.SqlClient.SqlConnection.TryOpen(TaskCompletionSource`1 retry)
   at System.Data.SqlClient.SqlConnection.Open()
   at System.Data.Linq.SqlClient.SqlConnectionManager.UseConnection(IConnectionUser user)
   at System.Data.Linq.SqlClient.SqlProvider.get_IsSqlCe()
   at System.Data.Linq.SqlClient.SqlProvider.InitializeProviderMode()
   at System.Data.Linq.SqlClient.SqlProvider.System.Data.Linq.Provider.IProvider.Execute(Expression query)
   at System.Data.Linq.DataContext.ExecuteMethodCall(Object instance, MethodInfo methodInfo, Object[] parameters)
   at Tavisca.Catapult.Internal.ResourceAccess.DataProviders.Rate.LINQ.RateDataContext.spSaveRateCard(Nullable`1 id, Nullable`1 productId, String productType, String scope, Nullable`1 isEnabled, Nullable`1 isDeleted) in d:\Code\TOM\Catapult\Code\trunk\CatapultServices\Tavisca.Catapult.Internal.ResourceAccess.DataProviders\Rate\LINQ\Rate.designer.cs:line 265
   at Tavisca.Catapult.Internal.ResourceAccess.DataProviders.Rate.RateProvider.SaveRateCard(String scopeId, RateCard rateCard) in d:\Code\TOM\Catapult\Code\trunk\CatapultServices\Tavisca.Catapult.Internal.ResourceAccess.DataProviders\Rate\RateProvider.cs:line 649
   at Tavisca.Catapult.External.Facade.Tests.TestActivityGenerator.SaveRateCard(RateCard rateCard) in d:\Code\TOM\Catapult\Code\trunk\CatapultServices\Tavisca.Catapult.External.Facade.Tests\TestActivityGenerator.cs:line 352
   at Tavisca.Catapult.External.Facade.Tests.ActivityMultiAvailTests.SearchByCityCodeTest.SearchByActivityCode2() in d:\Code\TOM\Catapult\Code\trunk\CatapultServices\Tavisca.Catapult.External.Facade.Tests\ActivityMultiAvailTests\SearchByCityCodeTest.cs:line 82
</StackTrace>
        </ErrorInfo>
      </Output>
    </UnitTestResult>
    <UnitTestResult executionId="c26e3c7f-ad5c-41b8-aa42-27c4c43758d3" testId="562a91ee-5a2b-00e1-089e-b53a3e66bf7c" testName="BlackOutPeriodTest1" computerName="PHOENIXX" duration="00:00:00.3540627" startTime="2013-08-09T22:00:50.9988322+05:30" endTime="2013-08-09T22:00:51.3529384+05:30" testType="13cdc9d9-ddb5-4fa4-a97d-d965ccfc6d4b" outcome="Failed" testListId="8c84fa94-04c1-424b-9868-57a2d4851a1d" relativeResultsDirectory="c26e3c7f-ad5c-41b8-aa42-27c4c43758d3">
      <Output>
        <ErrorInfo>
          <Message>Test method Tavisca.Catapult.External.Facade.Tests.ActivityMultiAvailTests.SearchByCityCodeTest.BlackOutPeriodTest1 threw exception: 
System.Transactions.TransactionManagerCommunicationException: Network access for Distributed Transaction Manager (MSDTC) has been disabled. Please enable DTC for network access in the security configuration for MSDTC using the Component Services Administrative tool. ---&gt; System.Runtime.InteropServices.COMException: The transaction manager has disabled its support for remote/network transactions. (Exception from HRESULT: 0x8004D024)</Message>
          <StackTrace>    at System.Transactions.Oletx.IDtcProxyShimFactory.ReceiveTransaction(UInt32 propgationTokenSize, Byte[] propgationToken, IntPtr managedIdentifier, Guid&amp; transactionIdentifier, OletxTransactionIsolationLevel&amp; isolationLevel, ITransactionShim&amp; transactionShim)
   at System.Transactions.TransactionInterop.GetOletxTransactionFromTransmitterPropigationToken(Byte[] propagationToken)
 --- End of inner exception stack trace ---
    at System.Transactions.Oletx.OletxTransactionManager.ProxyException(COMException comException)
   at System.Transactions.TransactionInterop.GetOletxTransactionFromTransmitterPropigationToken(Byte[] propagationToken)
   at System.Transactions.TransactionStatePSPEOperation.PSPEPromote(InternalTransaction tx)
   at System.Transactions.TransactionStateDelegatedBase.EnterState(InternalTransaction tx)
   at System.Transactions.EnlistableStates.Promote(InternalTransaction tx)
   at System.Transactions.Transaction.Promote()
   at System.Transactions.TransactionInterop.ConvertToOletxTransaction(Transaction transaction)
   at System.Transactions.TransactionInterop.GetExportCookie(Transaction transaction, Byte[] whereabouts)
   at System.Data.SqlClient.SqlInternalConnection.GetTransactionCookie(Transaction transaction, Byte[] whereAbouts)
   at System.Data.SqlClient.SqlInternalConnection.EnlistNonNull(Transaction tx)
   at System.Data.SqlClient.SqlInternalConnection.Enlist(Transaction tx)
   at System.Data.SqlClient.SqlInternalConnectionTds.Activate(Transaction transaction)
   at System.Data.ProviderBase.DbConnectionInternal.ActivateConnection(Transaction transaction)
   at System.Data.ProviderBase.DbConnectionPool.TryGetConnection(DbConnection owningObject, UInt32 waitForMultipleObjectsTimeout, Boolean allowCreate, Boolean onlyOneCheckConnection, DbConnectionOptions userOptions, DbConnectionInternal&amp; connection)
   at System.Data.ProviderBase.DbConnectionPool.TryGetConnection(DbConnection owningObject, TaskCompletionSource`1 retry, DbConnectionOptions userOptions, DbConnectionInternal&amp; connection)
   at System.Data.ProviderBase.DbConnectionFactory.TryGetConnection(DbConnection owningConnection, TaskCompletionSource`1 retry, DbConnectionOptions userOptions, DbConnectionInternal&amp; connection)
   at System.Data.ProviderBase.DbConnectionClosed.TryOpenConnection(DbConnection outerConnection, DbConnectionFactory connectionFactory, TaskCompletionSource`1 retry, DbConnectionOptions userOptions)
   at System.Data.SqlClient.SqlConnection.TryOpen(TaskCompletionSource`1 retry)
   at System.Data.SqlClient.SqlConnection.Open()
   at System.Data.Linq.SqlClient.SqlConnectionManager.UseConnection(IConnectionUser user)
   at System.Data.Linq.SqlClient.SqlProvider.get_IsSqlCe()
   at System.Data.Linq.SqlClient.SqlProvider.InitializeProviderMode()
   at System.Data.Linq.SqlClient.SqlProvider.System.Data.Linq.Provider.IProvider.Execute(Expression query)
   at System.Data.Linq.DataContext.ExecuteMethodCall(Object instance, MethodInfo methodInfo, Object[] parameters)
   at Tavisca.Catapult.Internal.ResourceAccess.DataProviders.Rate.LINQ.RateDataContext.spSaveRateCard(Nullable`1 id, Nullable`1 productId, String productType, String scope, Nullable`1 isEnabled, Nullable`1 isDeleted) in d:\Code\TOM\Catapult\Code\trunk\CatapultServices\Tavisca.Catapult.Internal.ResourceAccess.DataProviders\Rate\LINQ\Rate.designer.cs:line 265
   at Tavisca.Catapult.Internal.ResourceAccess.DataProviders.Rate.RateProvider.SaveRateCard(String scopeId, RateCard rateCard) in d:\Code\TOM\Catapult\Code\trunk\CatapultServices\Tavisca.Catapult.Internal.ResourceAccess.DataProviders\Rate\RateProvider.cs:line 649
   at Tavisca.Catapult.External.Facade.Tests.TestActivityGenerator.SaveRateCard(RateCard rateCard) in d:\Code\TOM\Catapult\Code\trunk\CatapultServices\Tavisca.Catapult.External.Facade.Tests\TestActivityGenerator.cs:line 352
   at Tavisca.Catapult.External.Facade.Tests.ActivityMultiAvailTests.SearchByCityCodeTest.BlackOutPeriodTest1() in d:\Code\TOM\Catapult\Code\trunk\CatapultServices\Tavisca.Catapult.External.Facade.Tests\ActivityMultiAvailTests\SearchByCityCodeTest.cs:line 133
</StackTrace>
        </ErrorInfo>
      </Output>
    </UnitTestResult>
    <UnitTestResult executionId="664355f9-982a-4f65-bc4b-3302f1bd7384" testId="51dd57ec-ccf3-797a-e208-710aa00c879d" testName="BlackOutPeriodTest2" computerName="PHOENIXX" duration="00:00:00.3867387" startTime="2013-08-09T22:00:51.3529384+05:30" endTime="2013-08-09T22:00:51.7400545+05:30" testType="13cdc9d9-ddb5-4fa4-a97d-d965ccfc6d4b" outcome="Failed" testListId="8c84fa94-04c1-424b-9868-57a2d4851a1d" relativeResultsDirectory="664355f9-982a-4f65-bc4b-3302f1bd7384">
      <Output>
        <ErrorInfo>
          <Message>Test method Tavisca.Catapult.External.Facade.Tests.ActivityMultiAvailTests.SearchByCityCodeTest.BlackOutPeriodTest2 threw exception: 
System.Transactions.TransactionManagerCommunicationException: Network access for Distributed Transaction Manager (MSDTC) has been disabled. Please enable DTC for network access in the security configuration for MSDTC using the Component Services Administrative tool. ---&gt; System.Runtime.InteropServices.COMException: The transaction manager has disabled its support for remote/network transactions. (Exception from HRESULT: 0x8004D024)</Message>
          <StackTrace>    at System.Transactions.Oletx.IDtcProxyShimFactory.ReceiveTransaction(UInt32 propgationTokenSize, Byte[] propgationToken, IntPtr managedIdentifier, Guid&amp; transactionIdentifier, OletxTransactionIsolationLevel&amp; isolationLevel, ITransactionShim&amp; transactionShim)
   at System.Transactions.TransactionInterop.GetOletxTransactionFromTransmitterPropigationToken(Byte[] propagationToken)
 --- End of inner exception stack trace ---
    at System.Transactions.Oletx.OletxTransactionManager.ProxyException(COMException comException)
   at System.Transactions.TransactionInterop.GetOletxTransactionFromTransmitterPropigationToken(Byte[] propagationToken)
   at System.Transactions.TransactionStatePSPEOperation.PSPEPromote(InternalTransaction tx)
   at System.Transactions.TransactionStateDelegatedBase.EnterState(InternalTransaction tx)
   at System.Transactions.EnlistableStates.Promote(InternalTransaction tx)
   at System.Transactions.Transaction.Promote()
   at System.Transactions.TransactionInterop.ConvertToOletxTransaction(Transaction transaction)
   at System.Transactions.TransactionInterop.GetExportCookie(Transaction transaction, Byte[] whereabouts)
   at System.Data.SqlClient.SqlInternalConnection.GetTransactionCookie(Transaction transaction, Byte[] whereAbouts)
   at System.Data.SqlClient.SqlInternalConnection.EnlistNonNull(Transaction tx)
   at System.Data.SqlClient.SqlInternalConnection.Enlist(Transaction tx)
   at System.Data.SqlClient.SqlInternalConnectionTds.Activate(Transaction transaction)
   at System.Data.ProviderBase.DbConnectionInternal.ActivateConnection(Transaction transaction)
   at System.Data.ProviderBase.DbConnectionPool.TryGetConnection(DbConnection owningObject, UInt32 waitForMultipleObjectsTimeout, Boolean allowCreate, Boolean onlyOneCheckConnection, DbConnectionOptions userOptions, DbConnectionInternal&amp; connection)
   at System.Data.ProviderBase.DbConnectionPool.TryGetConnection(DbConnection owningObject, TaskCompletionSource`1 retry, DbConnectionOptions userOptions, DbConnectionInternal&amp; connection)
   at System.Data.ProviderBase.DbConnectionFactory.TryGetConnection(DbConnection owningConnection, TaskCompletionSource`1 retry, DbConnectionOptions userOptions, DbConnectionInternal&amp; connection)
   at System.Data.ProviderBase.DbConnectionClosed.TryOpenConnection(DbConnection outerConnection, DbConnectionFactory connectionFactory, TaskCompletionSource`1 retry, DbConnectionOptions userOptions)
   at System.Data.SqlClient.SqlConnection.TryOpen(TaskCompletionSource`1 retry)
   at System.Data.SqlClient.SqlConnection.Open()
   at System.Data.Linq.SqlClient.SqlConnectionManager.UseConnection(IConnectionUser user)
   at System.Data.Linq.SqlClient.SqlProvider.get_IsSqlCe()
   at System.Data.Linq.SqlClient.SqlProvider.InitializeProviderMode()
   at System.Data.Linq.SqlClient.SqlProvider.System.Data.Linq.Provider.IProvider.Execute(Expression query)
   at System.Data.Linq.DataContext.ExecuteMethodCall(Object instance, MethodInfo methodInfo, Object[] parameters)
   at Tavisca.Catapult.Internal.ResourceAccess.DataProviders.Rate.LINQ.RateDataContext.spSaveRateCard(Nullable`1 id, Nullable`1 productId, String productType, String scope, Nullable`1 isEnabled, Nullable`1 isDeleted) in d:\Code\TOM\Catapult\Code\trunk\CatapultServices\Tavisca.Catapult.Internal.ResourceAccess.DataProviders\Rate\LINQ\Rate.designer.cs:line 265
   at Tavisca.Catapult.Internal.ResourceAccess.DataProviders.Rate.RateProvider.SaveRateCard(String scopeId, RateCard rateCard) in d:\Code\TOM\Catapult\Code\trunk\CatapultServices\Tavisca.Catapult.Internal.ResourceAccess.DataProviders\Rate\RateProvider.cs:line 649
   at Tavisca.Catapult.External.Facade.Tests.TestActivityGenerator.SaveRateCard(RateCard rateCard) in d:\Code\TOM\Catapult\Code\trunk\CatapultServices\Tavisca.Catapult.External.Facade.Tests\TestActivityGenerator.cs:line 352
   at Tavisca.Catapult.External.Facade.Tests.ActivityMultiAvailTests.SearchByCityCodeTest.BlackOutPeriodTest2() in d:\Code\TOM\Catapult\Code\trunk\CatapultServices\Tavisca.Catapult.External.Facade.Tests\ActivityMultiAvailTests\SearchByCityCodeTest.cs:line 183
</StackTrace>
        </ErrorInfo>
      </Output>
    </UnitTestResult>
    <UnitTestResult executionId="087b2d1c-8598-4800-ba3e-35d4d2809297" testId="8faa753c-3396-717c-d2b0-471eefdb9199" testName="RateContractTest1" computerName="PHOENIXX" duration="00:00:00.8225753" startTime="2013-08-09T22:00:51.7400545+05:30" endTime="2013-08-09T22:00:52.5633014+05:30" testType="13cdc9d9-ddb5-4fa4-a97d-d965ccfc6d4b" outcome="Failed" testListId="8c84fa94-04c1-424b-9868-57a2d4851a1d" relativeResultsDirectory="087b2d1c-8598-4800-ba3e-35d4d2809297">
      <Output>
        <ErrorInfo>
          <Message>Test method Tavisca.Catapult.External.Facade.Tests.ActivityMultiAvailTests.SearchByCityCodeTest.RateContractTest1 threw exception: 
System.Transactions.TransactionManagerCommunicationException: Network access for Distributed Transaction Manager (MSDTC) has been disabled. Please enable DTC for network access in the security configuration for MSDTC using the Component Services Administrative tool. ---&gt; System.Runtime.InteropServices.COMException: The transaction manager has disabled its support for remote/network transactions. (Exception from HRESULT: 0x8004D024)</Message>
          <StackTrace>    at System.Transactions.Oletx.IDtcProxyShimFactory.ReceiveTransaction(UInt32 propgationTokenSize, Byte[] propgationToken, IntPtr managedIdentifier, Guid&amp; transactionIdentifier, OletxTransactionIsolationLevel&amp; isolationLevel, ITransactionShim&amp; transactionShim)
   at System.Transactions.TransactionInterop.GetOletxTransactionFromTransmitterPropigationToken(Byte[] propagationToken)
 --- End of inner exception stack trace ---
    at System.Transactions.Oletx.OletxTransactionManager.ProxyException(COMException comException)
   at System.Transactions.TransactionInterop.GetOletxTransactionFromTransmitterPropigationToken(Byte[] propagationToken)
   at System.Transactions.TransactionStatePSPEOperation.PSPEPromote(InternalTransaction tx)
   at System.Transactions.TransactionStateDelegatedBase.EnterState(InternalTransaction tx)
   at System.Transactions.EnlistableStates.Promote(InternalTransaction tx)
   at System.Transactions.Transaction.Promote()
   at System.Transactions.TransactionInterop.ConvertToOletxTransaction(Transaction transaction)
   at System.Transactions.TransactionInterop.GetExportCookie(Transaction transaction, Byte[] whereabouts)
   at System.Data.SqlClient.SqlInternalConnection.GetTransactionCookie(Transaction transaction, Byte[] whereAbouts)
   at System.Data.SqlClient.SqlInternalConnection.EnlistNonNull(Transaction tx)
   at System.Data.SqlClient.SqlInternalConnection.Enlist(Transaction tx)
   at System.Data.SqlClient.SqlInternalConnectionTds.Activate(Transaction transaction)
   at System.Data.ProviderBase.DbConnectionInternal.ActivateConnection(Transaction transaction)
   at System.Data.ProviderBase.DbConnectionPool.TryGetConnection(DbConnection owningObject, UInt32 waitForMultipleObjectsTimeout, Boolean allowCreate, Boolean onlyOneCheckConnection, DbConnectionOptions userOptions, DbConnectionInternal&amp; connection)
   at System.Data.ProviderBase.DbConnectionPool.TryGetConnection(DbConnection owningObject, TaskCompletionSource`1 retry, DbConnectionOptions userOptions, DbConnectionInternal&amp; connection)
   at System.Data.ProviderBase.DbConnectionFactory.TryGetConnection(DbConnection owningConnection, TaskCompletionSource`1 retry, DbConnectionOptions userOptions, DbConnectionInternal&amp; connection)
   at System.Data.ProviderBase.DbConnectionClosed.TryOpenConnection(DbConnection outerConnection, DbConnectionFactory connectionFactory, TaskCompletionSource`1 retry, DbConnectionOptions userOptions)
   at System.Data.SqlClient.SqlConnection.TryOpen(TaskCompletionSource`1 retry)
   at System.Data.SqlClient.SqlConnection.Open()
   at System.Data.Linq.SqlClient.SqlConnectionManager.UseConnection(IConnectionUser user)
   at System.Data.Linq.SqlClient.SqlProvider.get_IsSqlCe()
   at System.Data.Linq.SqlClient.SqlProvider.InitializeProviderMode()
   at System.Data.Linq.SqlClient.SqlProvider.System.Data.Linq.Provider.IProvider.Execute(Expression query)
   at System.Data.Linq.DataContext.ExecuteMethodCall(Object instance, MethodInfo methodInfo, Object[] parameters)
   at Tavisca.Catapult.Internal.ResourceAccess.DataProviders.Rate.LINQ.RateDataContext.spSaveRateCard(Nullable`1 id, Nullable`1 productId, String productType, String scope, Nullable`1 isEnabled, Nullable`1 isDeleted) in d:\Code\TOM\Catapult\Code\trunk\CatapultServices\Tavisca.Catapult.Internal.ResourceAccess.DataProviders\Rate\LINQ\Rate.designer.cs:line 265
   at Tavisca.Catapult.Internal.ResourceAccess.DataProviders.Rate.RateProvider.SaveRateCard(String scopeId, RateCard rateCard) in d:\Code\TOM\Catapult\Code\trunk\CatapultServices\Tavisca.Catapult.Internal.ResourceAccess.DataProviders\Rate\RateProvider.cs:line 649
   at Tavisca.Catapult.External.Facade.Tests.TestActivityGenerator.SaveRateCard(RateCard rateCard) in d:\Code\TOM\Catapult\Code\trunk\CatapultServices\Tavisca.Catapult.External.Facade.Tests\TestActivityGenerator.cs:line 352
   at Tavisca.Catapult.External.Facade.Tests.ActivityMultiAvailTests.SearchByCityCodeTest.RateContractTest1() in d:\Code\TOM\Catapult\Code\trunk\CatapultServices\Tavisca.Catapult.External.Facade.Tests\ActivityMultiAvailTests\SearchByCityCodeTest.cs:line 245
</StackTrace>
        </ErrorInfo>
      </Output>
    </UnitTestResult>
    <UnitTestResult executionId="6e5fcd95-6f6a-4c4b-bcb5-fa4e65e255ff" testId="4a1fd4ed-79cb-db5b-edca-ca56e6439175" testName="RateContractTest2" computerName="PHOENIXX" duration="00:00:00.3268984" startTime="2013-08-09T22:00:52.5633014+05:30" endTime="2013-08-09T22:00:52.8903995+05:30" testType="13cdc9d9-ddb5-4fa4-a97d-d965ccfc6d4b" outcome="Failed" testListId="8c84fa94-04c1-424b-9868-57a2d4851a1d" relativeResultsDirectory="6e5fcd95-6f6a-4c4b-bcb5-fa4e65e255ff">
      <Output>
        <ErrorInfo>
          <Message>Test method Tavisca.Catapult.External.Facade.Tests.ActivityMultiAvailTests.SearchByCityCodeTest.RateContractTest2 threw exception: 
System.Transactions.TransactionManagerCommunicationException: Network access for Distributed Transaction Manager (MSDTC) has been disabled. Please enable DTC for network access in the security configuration for MSDTC using the Component Services Administrative tool. ---&gt; System.Runtime.InteropServices.COMException: The transaction manager has disabled its support for remote/network transactions. (Exception from HRESULT: 0x8004D024)</Message>
          <StackTrace>    at System.Transactions.Oletx.IDtcProxyShimFactory.ReceiveTransaction(UInt32 propgationTokenSize, Byte[] propgationToken, IntPtr managedIdentifier, Guid&amp; transactionIdentifier, OletxTransactionIsolationLevel&amp; isolationLevel, ITransactionShim&amp; transactionShim)
   at System.Transactions.TransactionInterop.GetOletxTransactionFromTransmitterPropigationToken(Byte[] propagationToken)
 --- End of inner exception stack trace ---
    at System.Transactions.Oletx.OletxTransactionManager.ProxyException(COMException comException)
   at System.Transactions.TransactionInterop.GetOletxTransactionFromTransmitterPropigationToken(Byte[] propagationToken)
   at System.Transactions.TransactionStatePSPEOperation.PSPEPromote(InternalTransaction tx)
   at System.Transactions.TransactionStateDelegatedBase.EnterState(InternalTransaction tx)
   at System.Transactions.EnlistableStates.Promote(InternalTransaction tx)
   at System.Transactions.Transaction.Promote()
   at System.Transactions.TransactionInterop.ConvertToOletxTransaction(Transaction transaction)
   at System.Transactions.TransactionInterop.GetExportCookie(Transaction transaction, Byte[] whereabouts)
   at System.Data.SqlClient.SqlInternalConnection.GetTransactionCookie(Transaction transaction, Byte[] whereAbouts)
   at System.Data.SqlClient.SqlInternalConnection.EnlistNonNull(Transaction tx)
   at System.Data.SqlClient.SqlInternalConnection.Enlist(Transaction tx)
   at System.Data.SqlClient.SqlInternalConnectionTds.Activate(Transaction transaction)
   at System.Data.ProviderBase.DbConnectionInternal.ActivateConnection(Transaction transaction)
   at System.Data.ProviderBase.DbConnectionPool.TryGetConnection(DbConnection owningObject, UInt32 waitForMultipleObjectsTimeout, Boolean allowCreate, Boolean onlyOneCheckConnection, DbConnectionOptions userOptions, DbConnectionInternal&amp; connection)
   at System.Data.ProviderBase.DbConnectionPool.TryGetConnection(DbConnection owningObject, TaskCompletionSource`1 retry, DbConnectionOptions userOptions, DbConnectionInternal&amp; connection)
   at System.Data.ProviderBase.DbConnectionFactory.TryGetConnection(DbConnection owningConnection, TaskCompletionSource`1 retry, DbConnectionOptions userOptions, DbConnectionInternal&amp; connection)
   at System.Data.ProviderBase.DbConnectionClosed.TryOpenConnection(DbConnection outerConnection, DbConnectionFactory connectionFactory, TaskCompletionSource`1 retry, DbConnectionOptions userOptions)
   at System.Data.SqlClient.SqlConnection.TryOpen(TaskCompletionSource`1 retry)
   at System.Data.SqlClient.SqlConnection.Open()
   at System.Data.Linq.SqlClient.SqlConnectionManager.UseConnection(IConnectionUser user)
   at System.Data.Linq.SqlClient.SqlProvider.get_IsSqlCe()
   at System.Data.Linq.SqlClient.SqlProvider.InitializeProviderMode()
   at System.Data.Linq.SqlClient.SqlProvider.System.Data.Linq.Provider.IProvider.Execute(Expression query)
   at System.Data.Linq.DataContext.ExecuteMethodCall(Object instance, MethodInfo methodInfo, Object[] parameters)
   at Tavisca.Catapult.Internal.ResourceAccess.DataProviders.Rate.LINQ.RateDataContext.spSaveRateCard(Nullable`1 id, Nullable`1 productId, String productType, String scope, Nullable`1 isEnabled, Nullable`1 isDeleted) in d:\Code\TOM\Catapult\Code\trunk\CatapultServices\Tavisca.Catapult.Internal.ResourceAccess.DataProviders\Rate\LINQ\Rate.designer.cs:line 265
   at Tavisca.Catapult.Internal.ResourceAccess.DataProviders.Rate.RateProvider.SaveRateCard(String scopeId, RateCard rateCard) in d:\Code\TOM\Catapult\Code\trunk\CatapultServices\Tavisca.Catapult.Internal.ResourceAccess.DataProviders\Rate\RateProvider.cs:line 649
   at Tavisca.Catapult.External.Facade.Tests.TestActivityGenerator.SaveRateCard(RateCard rateCard) in d:\Code\TOM\Catapult\Code\trunk\CatapultServices\Tavisca.Catapult.External.Facade.Tests\TestActivityGenerator.cs:line 352
   at Tavisca.Catapult.External.Facade.Tests.ActivityMultiAvailTests.SearchByCityCodeTest.RateContractTest2() in d:\Code\TOM\Catapult\Code\trunk\CatapultServices\Tavisca.Catapult.External.Facade.Tests\ActivityMultiAvailTests\SearchByCityCodeTest.cs:line 294
</StackTrace>
        </ErrorInfo>
      </Output>
    </UnitTestResult>
    <UnitTestResult executionId="622863b7-3df5-4489-a7dc-2b0e5fbee606" testId="73625e66-977e-ebef-b6f4-68d1654f395e" testName="RateContractTest3" computerName="PHOENIXX" duration="00:00:00.3015613" startTime="2013-08-09T22:00:52.8903995+05:30" endTime="2013-08-09T22:00:53.1924901+05:30" testType="13cdc9d9-ddb5-4fa4-a97d-d965ccfc6d4b" outcome="Failed" testListId="8c84fa94-04c1-424b-9868-57a2d4851a1d" relativeResultsDirectory="622863b7-3df5-4489-a7dc-2b0e5fbee606">
      <Output>
        <ErrorInfo>
          <Message>Test method Tavisca.Catapult.External.Facade.Tests.ActivityMultiAvailTests.SearchByCityCodeTest.RateContractTest3 threw exception: 
System.Transactions.TransactionManagerCommunicationException: Network access for Distributed Transaction Manager (MSDTC) has been disabled. Please enable DTC for network access in the security configuration for MSDTC using the Component Services Administrative tool. ---&gt; System.Runtime.InteropServices.COMException: The transaction manager has disabled its support for remote/network transactions. (Exception from HRESULT: 0x8004D024)</Message>
          <StackTrace>    at System.Transactions.Oletx.IDtcProxyShimFactory.ReceiveTransaction(UInt32 propgationTokenSize, Byte[] propgationToken, IntPtr managedIdentifier, Guid&amp; transactionIdentifier, OletxTransactionIsolationLevel&amp; isolationLevel, ITransactionShim&amp; transactionShim)
   at System.Transactions.TransactionInterop.GetOletxTransactionFromTransmitterPropigationToken(Byte[] propagationToken)
 --- End of inner exception stack trace ---
    at System.Transactions.Oletx.OletxTransactionManager.ProxyException(COMException comException)
   at System.Transactions.TransactionInterop.GetOletxTransactionFromTransmitterPropigationToken(Byte[] propagationToken)
   at System.Transactions.TransactionStatePSPEOperation.PSPEPromote(InternalTransaction tx)
   at System.Transactions.TransactionStateDelegatedBase.EnterState(InternalTransaction tx)
   at System.Transactions.EnlistableStates.Promote(InternalTransaction tx)
   at System.Transactions.Transaction.Promote()
   at System.Transactions.TransactionInterop.ConvertToOletxTransaction(Transaction transaction)
   at System.Transactions.TransactionInterop.GetExportCookie(Transaction transaction, Byte[] whereabouts)
   at System.Data.SqlClient.SqlInternalConnection.GetTransactionCookie(Transaction transaction, Byte[] whereAbouts)
   at System.Data.SqlClient.SqlInternalConnection.EnlistNonNull(Transaction tx)
   at System.Data.SqlClient.SqlInternalConnection.Enlist(Transaction tx)
   at System.Data.SqlClient.SqlInternalConnectionTds.Activate(Transaction transaction)
   at System.Data.ProviderBase.DbConnectionInternal.ActivateConnection(Transaction transaction)
   at System.Data.ProviderBase.DbConnectionPool.TryGetConnection(DbConnection owningObject, UInt32 waitForMultipleObjectsTimeout, Boolean allowCreate, Boolean onlyOneCheckConnection, DbConnectionOptions userOptions, DbConnectionInternal&amp; connection)
   at System.Data.ProviderBase.DbConnectionPool.TryGetConnection(DbConnection owningObject, TaskCompletionSource`1 retry, DbConnectionOptions userOptions, DbConnectionInternal&amp; connection)
   at System.Data.ProviderBase.DbConnectionFactory.TryGetConnection(DbConnection owningConnection, TaskCompletionSource`1 retry, DbConnectionOptions userOptions, DbConnectionInternal&amp; connection)
   at System.Data.ProviderBase.DbConnectionClosed.TryOpenConnection(DbConnection outerConnection, DbConnectionFactory connectionFactory, TaskCompletionSource`1 retry, DbConnectionOptions userOptions)
   at System.Data.SqlClient.SqlConnection.TryOpen(TaskCompletionSource`1 retry)
   at System.Data.SqlClient.SqlConnection.Open()
   at System.Data.Linq.SqlClient.SqlConnectionManager.UseConnection(IConnectionUser user)
   at System.Data.Linq.SqlClient.SqlProvider.get_IsSqlCe()
   at System.Data.Linq.SqlClient.SqlProvider.InitializeProviderMode()
   at System.Data.Linq.SqlClient.SqlProvider.System.Data.Linq.Provider.IProvider.Execute(Expression query)
   at System.Data.Linq.DataContext.ExecuteMethodCall(Object instance, MethodInfo methodInfo, Object[] parameters)
   at Tavisca.Catapult.Internal.ResourceAccess.DataProviders.Rate.LINQ.RateDataContext.spSaveRateCard(Nullable`1 id, Nullable`1 productId, String productType, String scope, Nullable`1 isEnabled, Nullable`1 isDeleted) in d:\Code\TOM\Catapult\Code\trunk\CatapultServices\Tavisca.Catapult.Internal.ResourceAccess.DataProviders\Rate\LINQ\Rate.designer.cs:line 265
   at Tavisca.Catapult.Internal.ResourceAccess.DataProviders.Rate.RateProvider.SaveRateCard(String scopeId, RateCard rateCard) in d:\Code\TOM\Catapult\Code\trunk\CatapultServices\Tavisca.Catapult.Internal.ResourceAccess.DataProviders\Rate\RateProvider.cs:line 649
   at Tavisca.Catapult.External.Facade.Tests.TestActivityGenerator.SaveRateCard(RateCard rateCard) in d:\Code\TOM\Catapult\Code\trunk\CatapultServices\Tavisca.Catapult.External.Facade.Tests\TestActivityGenerator.cs:line 352
   at Tavisca.Catapult.External.Facade.Tests.ActivityMultiAvailTests.SearchByCityCodeTest.RateContractTest3() in d:\Code\TOM\Catapult\Code\trunk\CatapultServices\Tavisca.Catapult.External.Facade.Tests\ActivityMultiAvailTests\SearchByCityCodeTest.cs:line 343
</StackTrace>
        </ErrorInfo>
      </Output>
    </UnitTestResult>
    <UnitTestResult executionId="d6acc101-bfe1-4c38-b6d9-e677ec1ee32d" testId="b2d25eda-4009-d8e9-931a-03918c0efa68" testName="RateContractTest4" computerName="PHOENIXX" duration="00:00:00.3097553" startTime="2013-08-09T22:00:53.1924901+05:30" endTime="2013-08-09T22:00:53.5025831+05:30" testType="13cdc9d9-ddb5-4fa4-a97d-d965ccfc6d4b" outcome="Failed" testListId="8c84fa94-04c1-424b-9868-57a2d4851a1d" relativeResultsDirectory="d6acc101-bfe1-4c38-b6d9-e677ec1ee32d">
      <Output>
        <ErrorInfo>
          <Message>Test method Tavisca.Catapult.External.Facade.Tests.ActivityMultiAvailTests.SearchByCityCodeTest.RateContractTest4 threw exception: 
System.Transactions.TransactionManagerCommunicationException: Network access for Distributed Transaction Manager (MSDTC) has been disabled. Please enable DTC for network access in the security configuration for MSDTC using the Component Services Administrative tool. ---&gt; System.Runtime.InteropServices.COMException: The transaction manager has disabled its support for remote/network transactions. (Exception from HRESULT: 0x8004D024)</Message>
          <StackTrace>    at System.Transactions.Oletx.IDtcProxyShimFactory.ReceiveTransaction(UInt32 propgationTokenSize, Byte[] propgationToken, IntPtr managedIdentifier, Guid&amp; transactionIdentifier, OletxTransactionIsolationLevel&amp; isolationLevel, ITransactionShim&amp; transactionShim)
   at System.Transactions.TransactionInterop.GetOletxTransactionFromTransmitterPropigationToken(Byte[] propagationToken)
 --- End of inner exception stack trace ---
    at System.Transactions.Oletx.OletxTransactionManager.ProxyException(COMException comException)
   at System.Transactions.TransactionInterop.GetOletxTransactionFromTransmitterPropigationToken(Byte[] propagationToken)
   at System.Transactions.TransactionStatePSPEOperation.PSPEPromote(InternalTransaction tx)
   at System.Transactions.TransactionStateDelegatedBase.EnterState(InternalTransaction tx)
   at System.Transactions.EnlistableStates.Promote(InternalTransaction tx)
   at System.Transactions.Transaction.Promote()
   at System.Transactions.TransactionInterop.ConvertToOletxTransaction(Transaction transaction)
   at System.Transactions.TransactionInterop.GetExportCookie(Transaction transaction, Byte[] whereabouts)
   at System.Data.SqlClient.SqlInternalConnection.GetTransactionCookie(Transaction transaction, Byte[] whereAbouts)
   at System.Data.SqlClient.SqlInternalConnection.EnlistNonNull(Transaction tx)
   at System.Data.SqlClient.SqlInternalConnection.Enlist(Transaction tx)
   at System.Data.SqlClient.SqlInternalConnectionTds.Activate(Transaction transaction)
   at System.Data.ProviderBase.DbConnectionInternal.ActivateConnection(Transaction transaction)
   at System.Data.ProviderBase.DbConnectionPool.TryGetConnection(DbConnection owningObject, UInt32 waitForMultipleObjectsTimeout, Boolean allowCreate, Boolean onlyOneCheckConnection, DbConnectionOptions userOptions, DbConnectionInternal&amp; connection)
   at System.Data.ProviderBase.DbConnectionPool.TryGetConnection(DbConnection owningObject, TaskCompletionSource`1 retry, DbConnectionOptions userOptions, DbConnectionInternal&amp; connection)
   at System.Data.ProviderBase.DbConnectionFactory.TryGetConnection(DbConnection owningConnection, TaskCompletionSource`1 retry, DbConnectionOptions userOptions, DbConnectionInternal&amp; connection)
   at System.Data.ProviderBase.DbConnectionClosed.TryOpenConnection(DbConnection outerConnection, DbConnectionFactory connectionFactory, TaskCompletionSource`1 retry, DbConnectionOptions userOptions)
   at System.Data.SqlClient.SqlConnection.TryOpen(TaskCompletionSource`1 retry)
   at System.Data.SqlClient.SqlConnection.Open()
   at System.Data.Linq.SqlClient.SqlConnectionManager.UseConnection(IConnectionUser user)
   at System.Data.Linq.SqlClient.SqlProvider.get_IsSqlCe()
   at System.Data.Linq.SqlClient.SqlProvider.InitializeProviderMode()
   at System.Data.Linq.SqlClient.SqlProvider.System.Data.Linq.Provider.IProvider.Execute(Expression query)
   at System.Data.Linq.DataContext.ExecuteMethodCall(Object instance, MethodInfo methodInfo, Object[] parameters)
   at Tavisca.Catapult.Internal.ResourceAccess.DataProviders.Rate.LINQ.RateDataContext.spSaveRateCard(Nullable`1 id, Nullable`1 productId, String productType, String scope, Nullable`1 isEnabled, Nullable`1 isDeleted) in d:\Code\TOM\Catapult\Code\trunk\CatapultServices\Tavisca.Catapult.Internal.ResourceAccess.DataProviders\Rate\LINQ\Rate.designer.cs:line 265
   at Tavisca.Catapult.Internal.ResourceAccess.DataProviders.Rate.RateProvider.SaveRateCard(String scopeId, RateCard rateCard) in d:\Code\TOM\Catapult\Code\trunk\CatapultServices\Tavisca.Catapult.Internal.ResourceAccess.DataProviders\Rate\RateProvider.cs:line 649
   at Tavisca.Catapult.External.Facade.Tests.TestActivityGenerator.SaveRateCard(RateCard rateCard) in d:\Code\TOM\Catapult\Code\trunk\CatapultServices\Tavisca.Catapult.External.Facade.Tests\TestActivityGenerator.cs:line 352
   at Tavisca.Catapult.External.Facade.Tests.ActivityMultiAvailTests.SearchByCityCodeTest.RateContractTest4() in d:\Code\TOM\Catapult\Code\trunk\CatapultServices\Tavisca.Catapult.External.Facade.Tests\ActivityMultiAvailTests\SearchByCityCodeTest.cs:line 392
</StackTrace>
        </ErrorInfo>
      </Output>
    </UnitTestResult>
    <UnitTestResult executionId="7d7ab80e-8673-4c77-a8bd-7a34c447b43c" testId="48917dc3-d286-1f13-7734-0b2fa6e582c9" testName="RateContractTest5" computerName="PHOENIXX" duration="00:00:00.2993248" startTime="2013-08-09T22:00:53.5025831+05:30" endTime="2013-08-09T22:00:53.8016728+05:30" testType="13cdc9d9-ddb5-4fa4-a97d-d965ccfc6d4b" outcome="Failed" testListId="8c84fa94-04c1-424b-9868-57a2d4851a1d" relativeResultsDirectory="7d7ab80e-8673-4c77-a8bd-7a34c447b43c">
      <Output>
        <ErrorInfo>
          <Message>Test method Tavisca.Catapult.External.Facade.Tests.ActivityMultiAvailTests.SearchByCityCodeTest.RateContractTest5 threw exception: 
System.Transactions.TransactionManagerCommunicationException: Network access for Distributed Transaction Manager (MSDTC) has been disabled. Please enable DTC for network access in the security configuration for MSDTC using the Component Services Administrative tool. ---&gt; System.Runtime.InteropServices.COMException: The transaction manager has disabled its support for remote/network transactions. (Exception from HRESULT: 0x8004D024)</Message>
          <StackTrace>    at System.Transactions.Oletx.IDtcProxyShimFactory.ReceiveTransaction(UInt32 propgationTokenSize, Byte[] propgationToken, IntPtr managedIdentifier, Guid&amp; transactionIdentifier, OletxTransactionIsolationLevel&amp; isolationLevel, ITransactionShim&amp; transactionShim)
   at System.Transactions.TransactionInterop.GetOletxTransactionFromTransmitterPropigationToken(Byte[] propagationToken)
 --- End of inner exception stack trace ---
    at System.Transactions.Oletx.OletxTransactionManager.ProxyException(COMException comException)
   at System.Transactions.TransactionInterop.GetOletxTransactionFromTransmitterPropigationToken(Byte[] propagationToken)
   at System.Transactions.TransactionStatePSPEOperation.PSPEPromote(InternalTransaction tx)
   at System.Transactions.TransactionStateDelegatedBase.EnterState(InternalTransaction tx)
   at System.Transactions.EnlistableStates.Promote(InternalTransaction tx)
   at System.Transactions.Transaction.Promote()
   at System.Transactions.TransactionInterop.ConvertToOletxTransaction(Transaction transaction)
   at System.Transactions.TransactionInterop.GetExportCookie(Transaction transaction, Byte[] whereabouts)
   at System.Data.SqlClient.SqlInternalConnection.GetTransactionCookie(Transaction transaction, Byte[] whereAbouts)
   at System.Data.SqlClient.SqlInternalConnection.EnlistNonNull(Transaction tx)
   at System.Data.SqlClient.SqlInternalConnection.Enlist(Transaction tx)
   at System.Data.SqlClient.SqlInternalConnectionTds.Activate(Transaction transaction)
   at System.Data.ProviderBase.DbConnectionInternal.ActivateConnection(Transaction transaction)
   at System.Data.ProviderBase.DbConnectionPool.TryGetConnection(DbConnection owningObject, UInt32 waitForMultipleObjectsTimeout, Boolean allowCreate, Boolean onlyOneCheckConnection, DbConnectionOptions userOptions, DbConnectionInternal&amp; connection)
   at System.Data.ProviderBase.DbConnectionPool.TryGetConnection(DbConnection owningObject, TaskCompletionSource`1 retry, DbConnectionOptions userOptions, DbConnectionInternal&amp; connection)
   at System.Data.ProviderBase.DbConnectionFactory.TryGetConnection(DbConnection owningConnection, TaskCompletionSource`1 retry, DbConnectionOptions userOptions, DbConnectionInternal&amp; connection)
   at System.Data.ProviderBase.DbConnectionClosed.TryOpenConnection(DbConnection outerConnection, DbConnectionFactory connectionFactory, TaskCompletionSource`1 retry, DbConnectionOptions userOptions)
   at System.Data.SqlClient.SqlConnection.TryOpen(TaskCompletionSource`1 retry)
   at System.Data.SqlClient.SqlConnection.Open()
   at System.Data.Linq.SqlClient.SqlConnectionManager.UseConnection(IConnectionUser user)
   at System.Data.Linq.SqlClient.SqlProvider.get_IsSqlCe()
   at System.Data.Linq.SqlClient.SqlProvider.InitializeProviderMode()
   at System.Data.Linq.SqlClient.SqlProvider.System.Data.Linq.Provider.IProvider.Execute(Expression query)
   at System.Data.Linq.DataContext.ExecuteMethodCall(Object instance, MethodInfo methodInfo, Object[] parameters)
   at Tavisca.Catapult.Internal.ResourceAccess.DataProviders.Rate.LINQ.RateDataContext.spSaveRateCard(Nullable`1 id, Nullable`1 productId, String productType, String scope, Nullable`1 isEnabled, Nullable`1 isDeleted) in d:\Code\TOM\Catapult\Code\trunk\CatapultServices\Tavisca.Catapult.Internal.ResourceAccess.DataProviders\Rate\LINQ\Rate.designer.cs:line 265
   at Tavisca.Catapult.Internal.ResourceAccess.DataProviders.Rate.RateProvider.SaveRateCard(String scopeId, RateCard rateCard) in d:\Code\TOM\Catapult\Code\trunk\CatapultServices\Tavisca.Catapult.Internal.ResourceAccess.DataProviders\Rate\RateProvider.cs:line 649
   at Tavisca.Catapult.External.Facade.Tests.TestActivityGenerator.SaveRateCard(RateCard rateCard) in d:\Code\TOM\Catapult\Code\trunk\CatapultServices\Tavisca.Catapult.External.Facade.Tests\TestActivityGenerator.cs:line 352
   at Tavisca.Catapult.External.Facade.Tests.ActivityMultiAvailTests.SearchByCityCodeTest.RateContractTest5() in d:\Code\TOM\Catapult\Code\trunk\CatapultServices\Tavisca.Catapult.External.Facade.Tests\ActivityMultiAvailTests\SearchByCityCodeTest.cs:line 441
</StackTrace>
        </ErrorInfo>
      </Output>
    </UnitTestResult>
    <UnitTestResult executionId="5969aefa-7295-49ef-a147-789841c2bd7d" testId="efa02f09-64b8-99df-d69b-4070c46d820a" testName="RateContractTest6" computerName="PHOENIXX" duration="00:00:00.2905682" startTime="2013-08-09T22:00:53.8016728+05:30" endTime="2013-08-09T22:00:54.0927601+05:30" testType="13cdc9d9-ddb5-4fa4-a97d-d965ccfc6d4b" outcome="Failed" testListId="8c84fa94-04c1-424b-9868-57a2d4851a1d" relativeResultsDirectory="5969aefa-7295-49ef-a147-789841c2bd7d">
      <Output>
        <ErrorInfo>
          <Message>Test method Tavisca.Catapult.External.Facade.Tests.ActivityMultiAvailTests.SearchByCityCodeTest.RateContractTest6 threw exception: 
System.Transactions.TransactionManagerCommunicationException: Network access for Distributed Transaction Manager (MSDTC) has been disabled. Please enable DTC for network access in the security configuration for MSDTC using the Component Services Administrative tool. ---&gt; System.Runtime.InteropServices.COMException: The transaction manager has disabled its support for remote/network transactions. (Exception from HRESULT: 0x8004D024)</Message>
          <StackTrace>    at System.Transactions.Oletx.IDtcProxyShimFactory.ReceiveTransaction(UInt32 propgationTokenSize, Byte[] propgationToken, IntPtr managedIdentifier, Guid&amp; transactionIdentifier, OletxTransactionIsolationLevel&amp; isolationLevel, ITransactionShim&amp; transactionShim)
   at System.Transactions.TransactionInterop.GetOletxTransactionFromTransmitterPropigationToken(Byte[] propagationToken)
 --- End of inner exception stack trace ---
    at System.Transactions.Oletx.OletxTransactionManager.ProxyException(COMException comException)
   at System.Transactions.TransactionInterop.GetOletxTransactionFromTransmitterPropigationToken(Byte[] propagationToken)
   at System.Transactions.TransactionStatePSPEOperation.PSPEPromote(InternalTransaction tx)
   at System.Transactions.TransactionStateDelegatedBase.EnterState(InternalTransaction tx)
   at System.Transactions.EnlistableStates.Promote(InternalTransaction tx)
   at System.Transactions.Transaction.Promote()
   at System.Transactions.TransactionInterop.ConvertToOletxTransaction(Transaction transaction)
   at System.Transactions.TransactionInterop.GetExportCookie(Transaction transaction, Byte[] whereabouts)
   at System.Data.SqlClient.SqlInternalConnection.GetTransactionCookie(Transaction transaction, Byte[] whereAbouts)
   at System.Data.SqlClient.SqlInternalConnection.EnlistNonNull(Transaction tx)
   at System.Data.SqlClient.SqlInternalConnection.Enlist(Transaction tx)
   at System.Data.SqlClient.SqlInternalConnectionTds.Activate(Transaction transaction)
   at System.Data.ProviderBase.DbConnectionInternal.ActivateConnection(Transaction transaction)
   at System.Data.ProviderBase.DbConnectionPool.TryGetConnection(DbConnection owningObject, UInt32 waitForMultipleObjectsTimeout, Boolean allowCreate, Boolean onlyOneCheckConnection, DbConnectionOptions userOptions, DbConnectionInternal&amp; connection)
   at System.Data.ProviderBase.DbConnectionPool.TryGetConnection(DbConnection owningObject, TaskCompletionSource`1 retry, DbConnectionOptions userOptions, DbConnectionInternal&amp; connection)
   at System.Data.ProviderBase.DbConnectionFactory.TryGetConnection(DbConnection owningConnection, TaskCompletionSource`1 retry, DbConnectionOptions userOptions, DbConnectionInternal&amp; connection)
   at System.Data.ProviderBase.DbConnectionClosed.TryOpenConnection(DbConnection outerConnection, DbConnectionFactory connectionFactory, TaskCompletionSource`1 retry, DbConnectionOptions userOptions)
   at System.Data.SqlClient.SqlConnection.TryOpen(TaskCompletionSource`1 retry)
   at System.Data.SqlClient.SqlConnection.Open()
   at System.Data.Linq.SqlClient.SqlConnectionManager.UseConnection(IConnectionUser user)
   at System.Data.Linq.SqlClient.SqlProvider.get_IsSqlCe()
   at System.Data.Linq.SqlClient.SqlProvider.InitializeProviderMode()
   at System.Data.Linq.SqlClient.SqlProvider.System.Data.Linq.Provider.IProvider.Execute(Expression query)
   at System.Data.Linq.DataContext.ExecuteMethodCall(Object instance, MethodInfo methodInfo, Object[] parameters)
   at Tavisca.Catapult.Internal.ResourceAccess.DataProviders.Rate.LINQ.RateDataContext.spSaveRateCard(Nullable`1 id, Nullable`1 productId, String productType, String scope, Nullable`1 isEnabled, Nullable`1 isDeleted) in d:\Code\TOM\Catapult\Code\trunk\CatapultServices\Tavisca.Catapult.Internal.ResourceAccess.DataProviders\Rate\LINQ\Rate.designer.cs:line 265
   at Tavisca.Catapult.Internal.ResourceAccess.DataProviders.Rate.RateProvider.SaveRateCard(String scopeId, RateCard rateCard) in d:\Code\TOM\Catapult\Code\trunk\CatapultServices\Tavisca.Catapult.Internal.ResourceAccess.DataProviders\Rate\RateProvider.cs:line 649
   at Tavisca.Catapult.External.Facade.Tests.TestActivityGenerator.SaveRateCard(RateCard rateCard) in d:\Code\TOM\Catapult\Code\trunk\CatapultServices\Tavisca.Catapult.External.Facade.Tests\TestActivityGenerator.cs:line 352
   at Tavisca.Catapult.External.Facade.Tests.ActivityMultiAvailTests.SearchByCityCodeTest.RateContractTest6() in d:\Code\TOM\Catapult\Code\trunk\CatapultServices\Tavisca.Catapult.External.Facade.Tests\ActivityMultiAvailTests\SearchByCityCodeTest.cs:line 490
</StackTrace>
        </ErrorInfo>
      </Output>
    </UnitTestResult>
    <UnitTestResult executionId="21c44ccd-aea9-4297-9898-614099d95e34" testId="3e80942b-05a7-39c3-0671-6682f9cd8177" testName="RateContractTest7" computerName="PHOENIXX" duration="00:00:00.2962659" startTime="2013-08-09T22:00:54.0927601+05:30" endTime="2013-08-09T22:00:54.3888489+05:30" testType="13cdc9d9-ddb5-4fa4-a97d-d965ccfc6d4b" outcome="Failed" testListId="8c84fa94-04c1-424b-9868-57a2d4851a1d" relativeResultsDirectory="21c44ccd-aea9-4297-9898-614099d95e34">
      <Output>
        <ErrorInfo>
          <Message>Test method Tavisca.Catapult.External.Facade.Tests.ActivityMultiAvailTests.SearchByCityCodeTest.RateContractTest7 threw exception: 
System.Transactions.TransactionManagerCommunicationException: Network access for Distributed Transaction Manager (MSDTC) has been disabled. Please enable DTC for network access in the security configuration for MSDTC using the Component Services Administrative tool. ---&gt; System.Runtime.InteropServices.COMException: The transaction manager has disabled its support for remote/network transactions. (Exception from HRESULT: 0x8004D024)</Message>
          <StackTrace>    at System.Transactions.Oletx.IDtcProxyShimFactory.ReceiveTransaction(UInt32 propgationTokenSize, Byte[] propgationToken, IntPtr managedIdentifier, Guid&amp; transactionIdentifier, OletxTransactionIsolationLevel&amp; isolationLevel, ITransactionShim&amp; transactionShim)
   at System.Transactions.TransactionInterop.GetOletxTransactionFromTransmitterPropigationToken(Byte[] propagationToken)
 --- End of inner exception stack trace ---
    at System.Transactions.Oletx.OletxTransactionManager.ProxyException(COMException comException)
   at System.Transactions.TransactionInterop.GetOletxTransactionFromTransmitterPropigationToken(Byte[] propagationToken)
   at System.Transactions.TransactionStatePSPEOperation.PSPEPromote(InternalTransaction tx)
   at System.Transactions.TransactionStateDelegatedBase.EnterState(InternalTransaction tx)
   at System.Transactions.EnlistableStates.Promote(InternalTransaction tx)
   at System.Transactions.Transaction.Promote()
   at System.Transactions.TransactionInterop.ConvertToOletxTransaction(Transaction transaction)
   at System.Transactions.TransactionInterop.GetExportCookie(Transaction transaction, Byte[] whereabouts)
   at System.Data.SqlClient.SqlInternalConnection.GetTransactionCookie(Transaction transaction, Byte[] whereAbouts)
   at System.Data.SqlClient.SqlInternalConnection.EnlistNonNull(Transaction tx)
   at System.Data.SqlClient.SqlInternalConnection.Enlist(Transaction tx)
   at System.Data.SqlClient.SqlInternalConnectionTds.Activate(Transaction transaction)
   at System.Data.ProviderBase.DbConnectionInternal.ActivateConnection(Transaction transaction)
   at System.Data.ProviderBase.DbConnectionPool.TryGetConnection(DbConnection owningObject, UInt32 waitForMultipleObjectsTimeout, Boolean allowCreate, Boolean onlyOneCheckConnection, DbConnectionOptions userOptions, DbConnectionInternal&amp; connection)
   at System.Data.ProviderBase.DbConnectionPool.TryGetConnection(DbConnection owningObject, TaskCompletionSource`1 retry, DbConnectionOptions userOptions, DbConnectionInternal&amp; connection)
   at System.Data.ProviderBase.DbConnectionFactory.TryGetConnection(DbConnection owningConnection, TaskCompletionSource`1 retry, DbConnectionOptions userOptions, DbConnectionInternal&amp; connection)
   at System.Data.ProviderBase.DbConnectionClosed.TryOpenConnection(DbConnection outerConnection, DbConnectionFactory connectionFactory, TaskCompletionSource`1 retry, DbConnectionOptions userOptions)
   at System.Data.SqlClient.SqlConnection.TryOpen(TaskCompletionSource`1 retry)
   at System.Data.SqlClient.SqlConnection.Open()
   at System.Data.Linq.SqlClient.SqlConnectionManager.UseConnection(IConnectionUser user)
   at System.Data.Linq.SqlClient.SqlProvider.get_IsSqlCe()
   at System.Data.Linq.SqlClient.SqlProvider.InitializeProviderMode()
   at System.Data.Linq.SqlClient.SqlProvider.System.Data.Linq.Provider.IProvider.Execute(Expression query)
   at System.Data.Linq.DataContext.ExecuteMethodCall(Object instance, MethodInfo methodInfo, Object[] parameters)
   at Tavisca.Catapult.Internal.ResourceAccess.DataProviders.Rate.LINQ.RateDataContext.spSaveRateCard(Nullable`1 id, Nullable`1 productId, String productType, String scope, Nullable`1 isEnabled, Nullable`1 isDeleted) in d:\Code\TOM\Catapult\Code\trunk\CatapultServices\Tavisca.Catapult.Internal.ResourceAccess.DataProviders\Rate\LINQ\Rate.designer.cs:line 265
   at Tavisca.Catapult.Internal.ResourceAccess.DataProviders.Rate.RateProvider.SaveRateCard(String scopeId, RateCard rateCard) in d:\Code\TOM\Catapult\Code\trunk\CatapultServices\Tavisca.Catapult.Internal.ResourceAccess.DataProviders\Rate\RateProvider.cs:line 649
   at Tavisca.Catapult.External.Facade.Tests.TestActivityGenerator.SaveRateCard(RateCard rateCard) in d:\Code\TOM\Catapult\Code\trunk\CatapultServices\Tavisca.Catapult.External.Facade.Tests\TestActivityGenerator.cs:line 352
   at Tavisca.Catapult.External.Facade.Tests.ActivityMultiAvailTests.SearchByCityCodeTest.RateContractTest7() in d:\Code\TOM\Catapult\Code\trunk\CatapultServices\Tavisca.Catapult.External.Facade.Tests\ActivityMultiAvailTests\SearchByCityCodeTest.cs:line 539
</StackTrace>
        </ErrorInfo>
      </Output>
    </UnitTestResult>
    <UnitTestResult executionId="feb745e0-ea03-4a2c-a55c-4d8ee01bc55d" testId="319fd9f6-382e-1e66-1baf-067a38938e5b" testName="RateContractTest8" computerName="PHOENIXX" duration="00:00:00.3071512" startTime="2013-08-09T22:00:54.3888489+05:30" endTime="2013-08-09T22:00:54.6969413+05:30" testType="13cdc9d9-ddb5-4fa4-a97d-d965ccfc6d4b" outcome="Failed" testListId="8c84fa94-04c1-424b-9868-57a2d4851a1d" relativeResultsDirectory="feb745e0-ea03-4a2c-a55c-4d8ee01bc55d">
      <Output>
        <ErrorInfo>
          <Message>Test method Tavisca.Catapult.External.Facade.Tests.ActivityMultiAvailTests.SearchByCityCodeTest.RateContractTest8 threw exception: 
System.Transactions.TransactionManagerCommunicationException: Network access for Distributed Transaction Manager (MSDTC) has been disabled. Please enable DTC for network access in the security configuration for MSDTC using the Component Services Administrative tool. ---&gt; System.Runtime.InteropServices.COMException: The transaction manager has disabled its support for remote/network transactions. (Exception from HRESULT: 0x8004D024)</Message>
          <StackTrace>    at System.Transactions.Oletx.IDtcProxyShimFactory.ReceiveTransaction(UInt32 propgationTokenSize, Byte[] propgationToken, IntPtr managedIdentifier, Guid&amp; transactionIdentifier, OletxTransactionIsolationLevel&amp; isolationLevel, ITransactionShim&amp; transactionShim)
   at System.Transactions.TransactionInterop.GetOletxTransactionFromTransmitterPropigationToken(Byte[] propagationToken)
 --- End of inner exception stack trace ---
    at System.Transactions.Oletx.OletxTransactionManager.ProxyException(COMException comException)
   at System.Transactions.TransactionInterop.GetOletxTransactionFromTransmitterPropigationToken(Byte[] propagationToken)
   at System.Transactions.TransactionStatePSPEOperation.PSPEPromote(InternalTransaction tx)
   at System.Transactions.TransactionStateDelegatedBase.EnterState(InternalTransaction tx)
   at System.Transactions.EnlistableStates.Promote(InternalTransaction tx)
   at System.Transactions.Transaction.Promote()
   at System.Transactions.TransactionInterop.ConvertToOletxTransaction(Transaction transaction)
   at System.Transactions.TransactionInterop.GetExportCookie(Transaction transaction, Byte[] whereabouts)
   at System.Data.SqlClient.SqlInternalConnection.GetTransactionCookie(Transaction transaction, Byte[] whereAbouts)
   at System.Data.SqlClient.SqlInternalConnection.EnlistNonNull(Transaction tx)
   at System.Data.SqlClient.SqlInternalConnection.Enlist(Transaction tx)
   at System.Data.SqlClient.SqlInternalConnectionTds.Activate(Transaction transaction)
   at System.Data.ProviderBase.DbConnectionInternal.ActivateConnection(Transaction transaction)
   at System.Data.ProviderBase.DbConnectionPool.TryGetConnection(DbConnection owningObject, UInt32 waitForMultipleObjectsTimeout, Boolean allowCreate, Boolean onlyOneCheckConnection, DbConnectionOptions userOptions, DbConnectionInternal&amp; connection)
   at System.Data.ProviderBase.DbConnectionPool.TryGetConnection(DbConnection owningObject, TaskCompletionSource`1 retry, DbConnectionOptions userOptions, DbConnectionInternal&amp; connection)
   at System.Data.ProviderBase.DbConnectionFactory.TryGetConnection(DbConnection owningConnection, TaskCompletionSource`1 retry, DbConnectionOptions userOptions, DbConnectionInternal&amp; connection)
   at System.Data.ProviderBase.DbConnectionClosed.TryOpenConnection(DbConnection outerConnection, DbConnectionFactory connectionFactory, TaskCompletionSource`1 retry, DbConnectionOptions userOptions)
   at System.Data.SqlClient.SqlConnection.TryOpen(TaskCompletionSource`1 retry)
   at System.Data.SqlClient.SqlConnection.Open()
   at System.Data.Linq.SqlClient.SqlConnectionManager.UseConnection(IConnectionUser user)
   at System.Data.Linq.SqlClient.SqlProvider.get_IsSqlCe()
   at System.Data.Linq.SqlClient.SqlProvider.InitializeProviderMode()
   at System.Data.Linq.SqlClient.SqlProvider.System.Data.Linq.Provider.IProvider.Execute(Expression query)
   at System.Data.Linq.DataContext.ExecuteMethodCall(Object instance, MethodInfo methodInfo, Object[] parameters)
   at Tavisca.Catapult.Internal.ResourceAccess.DataProviders.Rate.LINQ.RateDataContext.spSaveRateCard(Nullable`1 id, Nullable`1 productId, String productType, String scope, Nullable`1 isEnabled, Nullable`1 isDeleted) in d:\Code\TOM\Catapult\Code\trunk\CatapultServices\Tavisca.Catapult.Internal.ResourceAccess.DataProviders\Rate\LINQ\Rate.designer.cs:line 265
   at Tavisca.Catapult.Internal.ResourceAccess.DataProviders.Rate.RateProvider.SaveRateCard(String scopeId, RateCard rateCard) in d:\Code\TOM\Catapult\Code\trunk\CatapultServices\Tavisca.Catapult.Internal.ResourceAccess.DataProviders\Rate\RateProvider.cs:line 649
   at Tavisca.Catapult.External.Facade.Tests.TestActivityGenerator.SaveRateCard(RateCard rateCard) in d:\Code\TOM\Catapult\Code\trunk\CatapultServices\Tavisca.Catapult.External.Facade.Tests\TestActivityGenerator.cs:line 352
   at Tavisca.Catapult.External.Facade.Tests.ActivityMultiAvailTests.SearchByCityCodeTest.RateContractTest8() in d:\Code\TOM\Catapult\Code\trunk\CatapultServices\Tavisca.Catapult.External.Facade.Tests\ActivityMultiAvailTests\SearchByCityCodeTest.cs:line 588
</StackTrace>
        </ErrorInfo>
      </Output>
    </UnitTestResult>
    <UnitTestResult executionId="a3ebb846-271a-4fca-86b8-70692d86368c" testId="cd5ad7eb-412a-b4c4-7f35-d0f08dadf18b" testName="RateContractTest9" computerName="PHOENIXX" duration="00:00:00.8058428" startTime="2013-08-09T22:00:54.6969413+05:30" endTime="2013-08-09T22:00:55.5031831+05:30" testType="13cdc9d9-ddb5-4fa4-a97d-d965ccfc6d4b" outcome="Failed" testListId="8c84fa94-04c1-424b-9868-57a2d4851a1d" relativeResultsDirectory="a3ebb846-271a-4fca-86b8-70692d86368c">
      <Output>
        <ErrorInfo>
          <Message>Test method Tavisca.Catapult.External.Facade.Tests.ActivityMultiAvailTests.SearchByCityCodeTest.RateContractTest9 threw exception: 
System.Transactions.TransactionManagerCommunicationException: Network access for Distributed Transaction Manager (MSDTC) has been disabled. Please enable DTC for network access in the security configuration for MSDTC using the Component Services Administrative tool. ---&gt; System.Runtime.InteropServices.COMException: The transaction manager has disabled its support for remote/network transactions. (Exception from HRESULT: 0x8004D024)</Message>
          <StackTrace>    at System.Transactions.Oletx.IDtcProxyShimFactory.ReceiveTransaction(UInt32 propgationTokenSize, Byte[] propgationToken, IntPtr managedIdentifier, Guid&amp; transactionIdentifier, OletxTransactionIsolationLevel&amp; isolationLevel, ITransactionShim&amp; transactionShim)
   at System.Transactions.TransactionInterop.GetOletxTransactionFromTransmitterPropigationToken(Byte[] propagationToken)
 --- End of inner exception stack trace ---
    at System.Transactions.Oletx.OletxTransactionManager.ProxyException(COMException comException)
   at System.Transactions.TransactionInterop.GetOletxTransactionFromTransmitterPropigationToken(Byte[] propagationToken)
   at System.Transactions.TransactionStatePSPEOperation.PSPEPromote(InternalTransaction tx)
   at System.Transactions.TransactionStateDelegatedBase.EnterState(InternalTransaction tx)
   at System.Transactions.EnlistableStates.Promote(InternalTransaction tx)
   at System.Transactions.Transaction.Promote()
   at System.Transactions.TransactionInterop.ConvertToOletxTransaction(Transaction transaction)
   at System.Transactions.TransactionInterop.GetExportCookie(Transaction transaction, Byte[] whereabouts)
   at System.Data.SqlClient.SqlInternalConnection.GetTransactionCookie(Transaction transaction, Byte[] whereAbouts)
   at System.Data.SqlClient.SqlInternalConnection.EnlistNonNull(Transaction tx)
   at System.Data.SqlClient.SqlInternalConnection.Enlist(Transaction tx)
   at System.Data.SqlClient.SqlInternalConnectionTds.Activate(Transaction transaction)
   at System.Data.ProviderBase.DbConnectionInternal.ActivateConnection(Transaction transaction)
   at System.Data.ProviderBase.DbConnectionPool.TryGetConnection(DbConnection owningObject, UInt32 waitForMultipleObjectsTimeout, Boolean allowCreate, Boolean onlyOneCheckConnection, DbConnectionOptions userOptions, DbConnectionInternal&amp; connection)
   at System.Data.ProviderBase.DbConnectionPool.TryGetConnection(DbConnection owningObject, TaskCompletionSource`1 retry, DbConnectionOptions userOptions, DbConnectionInternal&amp; connection)
   at System.Data.ProviderBase.DbConnectionFactory.TryGetConnection(DbConnection owningConnection, TaskCompletionSource`1 retry, DbConnectionOptions userOptions, DbConnectionInternal&amp; connection)
   at System.Data.ProviderBase.DbConnectionClosed.TryOpenConnection(DbConnection outerConnection, DbConnectionFactory connectionFactory, TaskCompletionSource`1 retry, DbConnectionOptions userOptions)
   at System.Data.SqlClient.SqlConnection.TryOpen(TaskCompletionSource`1 retry)
   at System.Data.SqlClient.SqlConnection.Open()
   at System.Data.Linq.SqlClient.SqlConnectionManager.UseConnection(IConnectionUser user)
   at System.Data.Linq.SqlClient.SqlProvider.get_IsSqlCe()
   at System.Data.Linq.SqlClient.SqlProvider.InitializeProviderMode()
   at System.Data.Linq.SqlClient.SqlProvider.System.Data.Linq.Provider.IProvider.Execute(Expression query)
   at System.Data.Linq.DataContext.ExecuteMethodCall(Object instance, MethodInfo methodInfo, Object[] parameters)
   at Tavisca.Catapult.Internal.ResourceAccess.DataProviders.Rate.LINQ.RateDataContext.spSaveRateCard(Nullable`1 id, Nullable`1 productId, String productType, String scope, Nullable`1 isEnabled, Nullable`1 isDeleted) in d:\Code\TOM\Catapult\Code\trunk\CatapultServices\Tavisca.Catapult.Internal.ResourceAccess.DataProviders\Rate\LINQ\Rate.designer.cs:line 265
   at Tavisca.Catapult.Internal.ResourceAccess.DataProviders.Rate.RateProvider.SaveRateCard(String scopeId, RateCard rateCard) in d:\Code\TOM\Catapult\Code\trunk\CatapultServices\Tavisca.Catapult.Internal.ResourceAccess.DataProviders\Rate\RateProvider.cs:line 649
   at Tavisca.Catapult.External.Facade.Tests.TestActivityGenerator.SaveRateCard(RateCard rateCard) in d:\Code\TOM\Catapult\Code\trunk\CatapultServices\Tavisca.Catapult.External.Facade.Tests\TestActivityGenerator.cs:line 352
   at Tavisca.Catapult.External.Facade.Tests.ActivityMultiAvailTests.SearchByCityCodeTest.RateContractTest9() in d:\Code\TOM\Catapult\Code\trunk\CatapultServices\Tavisca.Catapult.External.Facade.Tests\ActivityMultiAvailTests\SearchByCityCodeTest.cs:line 658
</StackTrace>
        </ErrorInfo>
      </Output>
    </UnitTestResult>
    <UnitTestResult executionId="378c9f74-fb10-4d07-85d7-acda3764ca0d" testId="75fb9a13-c63f-dbea-f333-0dbfe13aae6b" testName="GuestInformationTest1" computerName="PHOENIXX" duration="00:00:00.3358469" startTime="2013-08-09T22:00:55.5031831+05:30" endTime="2013-08-09T22:00:55.8392839+05:30" testType="13cdc9d9-ddb5-4fa4-a97d-d965ccfc6d4b" outcome="Failed" testListId="8c84fa94-04c1-424b-9868-57a2d4851a1d" relativeResultsDirectory="378c9f74-fb10-4d07-85d7-acda3764ca0d">
      <Output>
        <ErrorInfo>
          <Message>Test method Tavisca.Catapult.External.Facade.Tests.ActivityMultiAvailTests.SearchByCityCodeTest.GuestInformationTest1 threw exception: 
System.Transactions.TransactionManagerCommunicationException: Network access for Distributed Transaction Manager (MSDTC) has been disabled. Please enable DTC for network access in the security configuration for MSDTC using the Component Services Administrative tool. ---&gt; System.Runtime.InteropServices.COMException: The transaction manager has disabled its support for remote/network transactions. (Exception from HRESULT: 0x8004D024)</Message>
          <StackTrace>    at System.Transactions.Oletx.IDtcProxyShimFactory.ReceiveTransaction(UInt32 propgationTokenSize, Byte[] propgationToken, IntPtr managedIdentifier, Guid&amp; transactionIdentifier, OletxTransactionIsolationLevel&amp; isolationLevel, ITransactionShim&amp; transactionShim)
   at System.Transactions.TransactionInterop.GetOletxTransactionFromTransmitterPropigationToken(Byte[] propagationToken)
 --- End of inner exception stack trace ---
    at System.Transactions.Oletx.OletxTransactionManager.ProxyException(COMException comException)
   at System.Transactions.TransactionInterop.GetOletxTransactionFromTransmitterPropigationToken(Byte[] propagationToken)
   at System.Transactions.TransactionStatePSPEOperation.PSPEPromote(InternalTransaction tx)
   at System.Transactions.TransactionStateDelegatedBase.EnterState(InternalTransaction tx)
   at System.Transactions.EnlistableStates.Promote(InternalTransaction tx)
   at System.Transactions.Transaction.Promote()
   at System.Transactions.TransactionInterop.ConvertToOletxTransaction(Transaction transaction)
   at System.Transactions.TransactionInterop.GetExportCookie(Transaction transaction, Byte[] whereabouts)
   at System.Data.SqlClient.SqlInternalConnection.GetTransactionCookie(Transaction transaction, Byte[] whereAbouts)
   at System.Data.SqlClient.SqlInternalConnection.EnlistNonNull(Transaction tx)
   at System.Data.SqlClient.SqlInternalConnection.Enlist(Transaction tx)
   at System.Data.SqlClient.SqlInternalConnectionTds.Activate(Transaction transaction)
   at System.Data.ProviderBase.DbConnectionInternal.ActivateConnection(Transaction transaction)
   at System.Data.ProviderBase.DbConnectionPool.TryGetConnection(DbConnection owningObject, UInt32 waitForMultipleObjectsTimeout, Boolean allowCreate, Boolean onlyOneCheckConnection, DbConnectionOptions userOptions, DbConnectionInternal&amp; connection)
   at System.Data.ProviderBase.DbConnectionPool.TryGetConnection(DbConnection owningObject, TaskCompletionSource`1 retry, DbConnectionOptions userOptions, DbConnectionInternal&amp; connection)
   at System.Data.ProviderBase.DbConnectionFactory.TryGetConnection(DbConnection owningConnection, TaskCompletionSource`1 retry, DbConnectionOptions userOptions, DbConnectionInternal&amp; connection)
   at System.Data.ProviderBase.DbConnectionClosed.TryOpenConnection(DbConnection outerConnection, DbConnectionFactory connectionFactory, TaskCompletionSource`1 retry, DbConnectionOptions userOptions)
   at System.Data.SqlClient.SqlConnection.TryOpen(TaskCompletionSource`1 retry)
   at System.Data.SqlClient.SqlConnection.Open()
   at System.Data.Linq.SqlClient.SqlConnectionManager.UseConnection(IConnectionUser user)
   at System.Data.Linq.SqlClient.SqlProvider.get_IsSqlCe()
   at System.Data.Linq.SqlClient.SqlProvider.InitializeProviderMode()
   at System.Data.Linq.SqlClient.SqlProvider.System.Data.Linq.Provider.IProvider.Execute(Expression query)
   at System.Data.Linq.DataContext.ExecuteMethodCall(Object instance, MethodInfo methodInfo, Object[] parameters)
   at Tavisca.Catapult.Internal.ResourceAccess.DataProviders.Rate.LINQ.RateDataContext.spSaveRateCard(Nullable`1 id, Nullable`1 productId, String productType, String scope, Nullable`1 isEnabled, Nullable`1 isDeleted) in d:\Code\TOM\Catapult\Code\trunk\CatapultServices\Tavisca.Catapult.Internal.ResourceAccess.DataProviders\Rate\LINQ\Rate.designer.cs:line 265
   at Tavisca.Catapult.Internal.ResourceAccess.DataProviders.Rate.RateProvider.SaveRateCard(String scopeId, RateCard rateCard) in d:\Code\TOM\Catapult\Code\trunk\CatapultServices\Tavisca.Catapult.Internal.ResourceAccess.DataProviders\Rate\RateProvider.cs:line 649
   at Tavisca.Catapult.External.Facade.Tests.TestActivityGenerator.SaveRateCard(RateCard rateCard) in d:\Code\TOM\Catapult\Code\trunk\CatapultServices\Tavisca.Catapult.External.Facade.Tests\TestActivityGenerator.cs:line 352
   at Tavisca.Catapult.External.Facade.Tests.ActivityMultiAvailTests.SearchByCityCodeTest.GuestInformationTest1() in d:\Code\TOM\Catapult\Code\trunk\CatapultServices\Tavisca.Catapult.External.Facade.Tests\ActivityMultiAvailTests\SearchByCityCodeTest.cs:line 729
</StackTrace>
        </ErrorInfo>
      </Output>
    </UnitTestResult>
    <UnitTestResult executionId="0990698a-30bc-45f5-9dfb-c02c1c5e553c" testId="f0904ff2-050c-15a6-7191-4710c73f0d27" testName="GuestInformationTest2" computerName="PHOENIXX" duration="00:00:00.2981014" startTime="2013-08-09T22:00:55.8392839+05:30" endTime="2013-08-09T22:00:56.1373733+05:30" testType="13cdc9d9-ddb5-4fa4-a97d-d965ccfc6d4b" outcome="Failed" testListId="8c84fa94-04c1-424b-9868-57a2d4851a1d" relativeResultsDirectory="0990698a-30bc-45f5-9dfb-c02c1c5e553c">
      <Output>
        <ErrorInfo>
          <Message>Test method Tavisca.Catapult.External.Facade.Tests.ActivityMultiAvailTests.SearchByCityCodeTest.GuestInformationTest2 threw exception: 
System.Transactions.TransactionManagerCommunicationException: Network access for Distributed Transaction Manager (MSDTC) has been disabled. Please enable DTC for network access in the security configuration for MSDTC using the Component Services Administrative tool. ---&gt; System.Runtime.InteropServices.COMException: The transaction manager has disabled its support for remote/network transactions. (Exception from HRESULT: 0x8004D024)</Message>
          <StackTrace>    at System.Transactions.Oletx.IDtcProxyShimFactory.ReceiveTransaction(UInt32 propgationTokenSize, Byte[] propgationToken, IntPtr managedIdentifier, Guid&amp; transactionIdentifier, OletxTransactionIsolationLevel&amp; isolationLevel, ITransactionShim&amp; transactionShim)
   at System.Transactions.TransactionInterop.GetOletxTransactionFromTransmitterPropigationToken(Byte[] propagationToken)
 --- End of inner exception stack trace ---
    at System.Transactions.Oletx.OletxTransactionManager.ProxyException(COMException comException)
   at System.Transactions.TransactionInterop.GetOletxTransactionFromTransmitterPropigationToken(Byte[] propagationToken)
   at System.Transactions.TransactionStatePSPEOperation.PSPEPromote(InternalTransaction tx)
   at System.Transactions.TransactionStateDelegatedBase.EnterState(InternalTransaction tx)
   at System.Transactions.EnlistableStates.Promote(InternalTransaction tx)
   at System.Transactions.Transaction.Promote()
   at System.Transactions.TransactionInterop.ConvertToOletxTransaction(Transaction transaction)
   at System.Transactions.TransactionInterop.GetExportCookie(Transaction transaction, Byte[] whereabouts)
   at System.Data.SqlClient.SqlInternalConnection.GetTransactionCookie(Transaction transaction, Byte[] whereAbouts)
   at System.Data.SqlClient.SqlInternalConnection.EnlistNonNull(Transaction tx)
   at System.Data.SqlClient.SqlInternalConnection.Enlist(Transaction tx)
   at System.Data.SqlClient.SqlInternalConnectionTds.Activate(Transaction transaction)
   at System.Data.ProviderBase.DbConnectionInternal.ActivateConnection(Transaction transaction)
   at System.Data.ProviderBase.DbConnectionPool.TryGetConnection(DbConnection owningObject, UInt32 waitForMultipleObjectsTimeout, Boolean allowCreate, Boolean onlyOneCheckConnection, DbConnectionOptions userOptions, DbConnectionInternal&amp; connection)
   at System.Data.ProviderBase.DbConnectionPool.TryGetConnection(DbConnection owningObject, TaskCompletionSource`1 retry, DbConnectionOptions userOptions, DbConnectionInternal&amp; connection)
   at System.Data.ProviderBase.DbConnectionFactory.TryGetConnection(DbConnection owningConnection, TaskCompletionSource`1 retry, DbConnectionOptions userOptions, DbConnectionInternal&amp; connection)
   at System.Data.ProviderBase.DbConnectionClosed.TryOpenConnection(DbConnection outerConnection, DbConnectionFactory connectionFactory, TaskCompletionSource`1 retry, DbConnectionOptions userOptions)
   at System.Data.SqlClient.SqlConnection.TryOpen(TaskCompletionSource`1 retry)
   at System.Data.SqlClient.SqlConnection.Open()
   at System.Data.Linq.SqlClient.SqlConnectionManager.UseConnection(IConnectionUser user)
   at System.Data.Linq.SqlClient.SqlProvider.get_IsSqlCe()
   at System.Data.Linq.SqlClient.SqlProvider.InitializeProviderMode()
   at System.Data.Linq.SqlClient.SqlProvider.System.Data.Linq.Provider.IProvider.Execute(Expression query)
   at System.Data.Linq.DataContext.ExecuteMethodCall(Object instance, MethodInfo methodInfo, Object[] parameters)
   at Tavisca.Catapult.Internal.ResourceAccess.DataProviders.Rate.LINQ.RateDataContext.spSaveRateCard(Nullable`1 id, Nullable`1 productId, String productType, String scope, Nullable`1 isEnabled, Nullable`1 isDeleted) in d:\Code\TOM\Catapult\Code\trunk\CatapultServices\Tavisca.Catapult.Internal.ResourceAccess.DataProviders\Rate\LINQ\Rate.designer.cs:line 265
   at Tavisca.Catapult.Internal.ResourceAccess.DataProviders.Rate.RateProvider.SaveRateCard(String scopeId, RateCard rateCard) in d:\Code\TOM\Catapult\Code\trunk\CatapultServices\Tavisca.Catapult.Internal.ResourceAccess.DataProviders\Rate\RateProvider.cs:line 649
   at Tavisca.Catapult.External.Facade.Tests.TestActivityGenerator.SaveRateCard(RateCard rateCard) in d:\Code\TOM\Catapult\Code\trunk\CatapultServices\Tavisca.Catapult.External.Facade.Tests\TestActivityGenerator.cs:line 352
   at Tavisca.Catapult.External.Facade.Tests.ActivityMultiAvailTests.SearchByCityCodeTest.GuestInformationTest2() in d:\Code\TOM\Catapult\Code\trunk\CatapultServices\Tavisca.Catapult.External.Facade.Tests\ActivityMultiAvailTests\SearchByCityCodeTest.cs:line 778
</StackTrace>
        </ErrorInfo>
      </Output>
    </UnitTestResult>
    <UnitTestResult executionId="8cda9088-fe72-4bcf-8198-5a6d3bff2f59" testId="d202d41f-5f48-f250-cf34-f647b0d61a00" testName="GuestInformationTest3" computerName="PHOENIXX" duration="00:00:00.3005335" startTime="2013-08-09T22:00:56.1373733+05:30" endTime="2013-08-09T22:00:56.4384636+05:30" testType="13cdc9d9-ddb5-4fa4-a97d-d965ccfc6d4b" outcome="Failed" testListId="8c84fa94-04c1-424b-9868-57a2d4851a1d" relativeResultsDirectory="8cda9088-fe72-4bcf-8198-5a6d3bff2f59">
      <Output>
        <ErrorInfo>
          <Message>Test method Tavisca.Catapult.External.Facade.Tests.ActivityMultiAvailTests.SearchByCityCodeTest.GuestInformationTest3 threw exception: 
System.Transactions.TransactionManagerCommunicationException: Network access for Distributed Transaction Manager (MSDTC) has been disabled. Please enable DTC for network access in the security configuration for MSDTC using the Component Services Administrative tool. ---&gt; System.Runtime.InteropServices.COMException: The transaction manager has disabled its support for remote/network transactions. (Exception from HRESULT: 0x8004D024)</Message>
          <StackTrace>    at System.Transactions.Oletx.IDtcProxyShimFactory.ReceiveTransaction(UInt32 propgationTokenSize, Byte[] propgationToken, IntPtr managedIdentifier, Guid&amp; transactionIdentifier, OletxTransactionIsolationLevel&amp; isolationLevel, ITransactionShim&amp; transactionShim)
   at System.Transactions.TransactionInterop.GetOletxTransactionFromTransmitterPropigationToken(Byte[] propagationToken)
 --- End of inner exception stack trace ---
    at System.Transactions.Oletx.OletxTransactionManager.ProxyException(COMException comException)
   at System.Transactions.TransactionInterop.GetOletxTransactionFromTransmitterPropigationToken(Byte[] propagationToken)
   at System.Transactions.TransactionStatePSPEOperation.PSPEPromote(InternalTransaction tx)
   at System.Transactions.TransactionStateDelegatedBase.EnterState(InternalTransaction tx)
   at System.Transactions.EnlistableStates.Promote(InternalTransaction tx)
   at System.Transactions.Transaction.Promote()
   at System.Transactions.TransactionInterop.ConvertToOletxTransaction(Transaction transaction)
   at System.Transactions.TransactionInterop.GetExportCookie(Transaction transaction, Byte[] whereabouts)
   at System.Data.SqlClient.SqlInternalConnection.GetTransactionCookie(Transaction transaction, Byte[] whereAbouts)
   at System.Data.SqlClient.SqlInternalConnection.EnlistNonNull(Transaction tx)
   at System.Data.SqlClient.SqlInternalConnection.Enlist(Transaction tx)
   at System.Data.SqlClient.SqlInternalConnectionTds.Activate(Transaction transaction)
   at System.Data.ProviderBase.DbConnectionInternal.ActivateConnection(Transaction transaction)
   at System.Data.ProviderBase.DbConnectionPool.TryGetConnection(DbConnection owningObject, UInt32 waitForMultipleObjectsTimeout, Boolean allowCreate, Boolean onlyOneCheckConnection, DbConnectionOptions userOptions, DbConnectionInternal&amp; connection)
   at System.Data.ProviderBase.DbConnectionPool.TryGetConnection(DbConnection owningObject, TaskCompletionSource`1 retry, DbConnectionOptions userOptions, DbConnectionInternal&amp; connection)
   at System.Data.ProviderBase.DbConnectionFactory.TryGetConnection(DbConnection owningConnection, TaskCompletionSource`1 retry, DbConnectionOptions userOptions, DbConnectionInternal&amp; connection)
   at System.Data.ProviderBase.DbConnectionClosed.TryOpenConnection(DbConnection outerConnection, DbConnectionFactory connectionFactory, TaskCompletionSource`1 retry, DbConnectionOptions userOptions)
   at System.Data.SqlClient.SqlConnection.TryOpen(TaskCompletionSource`1 retry)
   at System.Data.SqlClient.SqlConnection.Open()
   at System.Data.Linq.SqlClient.SqlConnectionManager.UseConnection(IConnectionUser user)
   at System.Data.Linq.SqlClient.SqlProvider.get_IsSqlCe()
   at System.Data.Linq.SqlClient.SqlProvider.InitializeProviderMode()
   at System.Data.Linq.SqlClient.SqlProvider.System.Data.Linq.Provider.IProvider.Execute(Expression query)
   at System.Data.Linq.DataContext.ExecuteMethodCall(Object instance, MethodInfo methodInfo, Object[] parameters)
   at Tavisca.Catapult.Internal.ResourceAccess.DataProviders.Rate.LINQ.RateDataContext.spSaveRateCard(Nullable`1 id, Nullable`1 productId, String productType, String scope, Nullable`1 isEnabled, Nullable`1 isDeleted) in d:\Code\TOM\Catapult\Code\trunk\CatapultServices\Tavisca.Catapult.Internal.ResourceAccess.DataProviders\Rate\LINQ\Rate.designer.cs:line 265
   at Tavisca.Catapult.Internal.ResourceAccess.DataProviders.Rate.RateProvider.SaveRateCard(String scopeId, RateCard rateCard) in d:\Code\TOM\Catapult\Code\trunk\CatapultServices\Tavisca.Catapult.Internal.ResourceAccess.DataProviders\Rate\RateProvider.cs:line 649
   at Tavisca.Catapult.External.Facade.Tests.TestActivityGenerator.SaveRateCard(RateCard rateCard) in d:\Code\TOM\Catapult\Code\trunk\CatapultServices\Tavisca.Catapult.External.Facade.Tests\TestActivityGenerator.cs:line 352
   at Tavisca.Catapult.External.Facade.Tests.ActivityMultiAvailTests.SearchByCityCodeTest.GuestInformationTest3() in d:\Code\TOM\Catapult\Code\trunk\CatapultServices\Tavisca.Catapult.External.Facade.Tests\ActivityMultiAvailTests\SearchByCityCodeTest.cs:line 827
</StackTrace>
        </ErrorInfo>
      </Output>
    </UnitTestResult>
    <UnitTestResult executionId="39747d4f-bde6-4a20-8ff0-c2b4a1a9bd80" testId="59f06897-3cc6-bc57-98a3-837d0e0e8d72" testName="GuestInformationTest4" computerName="PHOENIXX" duration="00:00:00.3206894" startTime="2013-08-09T22:00:56.4384636+05:30" endTime="2013-08-09T22:00:56.7595599+05:30" testType="13cdc9d9-ddb5-4fa4-a97d-d965ccfc6d4b" outcome="Failed" testListId="8c84fa94-04c1-424b-9868-57a2d4851a1d" relativeResultsDirectory="39747d4f-bde6-4a20-8ff0-c2b4a1a9bd80">
      <Output>
        <ErrorInfo>
          <Message>Test method Tavisca.Catapult.External.Facade.Tests.ActivityMultiAvailTests.SearchByCityCodeTest.GuestInformationTest4 threw exception: 
System.Transactions.TransactionManagerCommunicationException: Network access for Distributed Transaction Manager (MSDTC) has been disabled. Please enable DTC for network access in the security configuration for MSDTC using the Component Services Administrative tool. ---&gt; System.Runtime.InteropServices.COMException: The transaction manager has disabled its support for remote/network transactions. (Exception from HRESULT: 0x8004D024)</Message>
          <StackTrace>    at System.Transactions.Oletx.IDtcProxyShimFactory.ReceiveTransaction(UInt32 propgationTokenSize, Byte[] propgationToken, IntPtr managedIdentifier, Guid&amp; transactionIdentifier, OletxTransactionIsolationLevel&amp; isolationLevel, ITransactionShim&amp; transactionShim)
   at System.Transactions.TransactionInterop.GetOletxTransactionFromTransmitterPropigationToken(Byte[] propagationToken)
 --- End of inner exception stack trace ---
    at System.Transactions.Oletx.OletxTransactionManager.ProxyException(COMException comException)
   at System.Transactions.TransactionInterop.GetOletxTransactionFromTransmitterPropigationToken(Byte[] propagationToken)
   at System.Transactions.TransactionStatePSPEOperation.PSPEPromote(InternalTransaction tx)
   at System.Transactions.TransactionStateDelegatedBase.EnterState(InternalTransaction tx)
   at System.Transactions.EnlistableStates.Promote(InternalTransaction tx)
   at System.Transactions.Transaction.Promote()
   at System.Transactions.TransactionInterop.ConvertToOletxTransaction(Transaction transaction)
   at System.Transactions.TransactionInterop.GetExportCookie(Transaction transaction, Byte[] whereabouts)
   at System.Data.SqlClient.SqlInternalConnection.GetTransactionCookie(Transaction transaction, Byte[] whereAbouts)
   at System.Data.SqlClient.SqlInternalConnection.EnlistNonNull(Transaction tx)
   at System.Data.SqlClient.SqlInternalConnection.Enlist(Transaction tx)
   at System.Data.SqlClient.SqlInternalConnectionTds.Activate(Transaction transaction)
   at System.Data.ProviderBase.DbConnectionInternal.ActivateConnection(Transaction transaction)
   at System.Data.ProviderBase.DbConnectionPool.TryGetConnection(DbConnection owningObject, UInt32 waitForMultipleObjectsTimeout, Boolean allowCreate, Boolean onlyOneCheckConnection, DbConnectionOptions userOptions, DbConnectionInternal&amp; connection)
   at System.Data.ProviderBase.DbConnectionPool.TryGetConnection(DbConnection owningObject, TaskCompletionSource`1 retry, DbConnectionOptions userOptions, DbConnectionInternal&amp; connection)
   at System.Data.ProviderBase.DbConnectionFactory.TryGetConnection(DbConnection owningConnection, TaskCompletionSource`1 retry, DbConnectionOptions userOptions, DbConnectionInternal&amp; connection)
   at System.Data.ProviderBase.DbConnectionClosed.TryOpenConnection(DbConnection outerConnection, DbConnectionFactory connectionFactory, TaskCompletionSource`1 retry, DbConnectionOptions userOptions)
   at System.Data.SqlClient.SqlConnection.TryOpen(TaskCompletionSource`1 retry)
   at System.Data.SqlClient.SqlConnection.Open()
   at System.Data.Linq.SqlClient.SqlConnectionManager.UseConnection(IConnectionUser user)
   at System.Data.Linq.SqlClient.SqlProvider.get_IsSqlCe()
   at System.Data.Linq.SqlClient.SqlProvider.InitializeProviderMode()
   at System.Data.Linq.SqlClient.SqlProvider.System.Data.Linq.Provider.IProvider.Execute(Expression query)
   at System.Data.Linq.DataContext.ExecuteMethodCall(Object instance, MethodInfo methodInfo, Object[] parameters)
   at Tavisca.Catapult.Internal.ResourceAccess.DataProviders.Rate.LINQ.RateDataContext.spSaveRateCard(Nullable`1 id, Nullable`1 productId, String productType, String scope, Nullable`1 isEnabled, Nullable`1 isDeleted) in d:\Code\TOM\Catapult\Code\trunk\CatapultServices\Tavisca.Catapult.Internal.ResourceAccess.DataProviders\Rate\LINQ\Rate.designer.cs:line 265
   at Tavisca.Catapult.Internal.ResourceAccess.DataProviders.Rate.RateProvider.SaveRateCard(String scopeId, RateCard rateCard) in d:\Code\TOM\Catapult\Code\trunk\CatapultServices\Tavisca.Catapult.Internal.ResourceAccess.DataProviders\Rate\RateProvider.cs:line 649
   at Tavisca.Catapult.External.Facade.Tests.TestActivityGenerator.SaveRateCard(RateCard rateCard) in d:\Code\TOM\Catapult\Code\trunk\CatapultServices\Tavisca.Catapult.External.Facade.Tests\TestActivityGenerator.cs:line 352
   at Tavisca.Catapult.External.Facade.Tests.ActivityMultiAvailTests.SearchByCityCodeTest.GuestInformationTest4() in d:\Code\TOM\Catapult\Code\trunk\CatapultServices\Tavisca.Catapult.External.Facade.Tests\ActivityMultiAvailTests\SearchByCityCodeTest.cs:line 876
</StackTrace>
        </ErrorInfo>
      </Output>
    </UnitTestResult>
    <UnitTestResult executionId="947c4ad1-fd35-453c-8c8f-f0ae5838182f" testId="0c6eb897-fd3c-bb46-8959-0f847001ef1f" testName="GuestInformationTest5" computerName="PHOENIXX" duration="00:00:00.2992825" startTime="2013-08-09T22:00:56.7595599+05:30" endTime="2013-08-09T22:00:57.0586496+05:30" testType="13cdc9d9-ddb5-4fa4-a97d-d965ccfc6d4b" outcome="Failed" testListId="8c84fa94-04c1-424b-9868-57a2d4851a1d" relativeResultsDirectory="947c4ad1-fd35-453c-8c8f-f0ae5838182f">
      <Output>
        <ErrorInfo>
          <Message>Test method Tavisca.Catapult.External.Facade.Tests.ActivityMultiAvailTests.SearchByCityCodeTest.GuestInformationTest5 threw exception: 
System.Transactions.TransactionManagerCommunicationException: Network access for Distributed Transaction Manager (MSDTC) has been disabled. Please enable DTC for network access in the security configuration for MSDTC using the Component Services Administrative tool. ---&gt; System.Runtime.InteropServices.COMException: The transaction manager has disabled its support for remote/network transactions. (Exception from HRESULT: 0x8004D024)</Message>
          <StackTrace>    at System.Transactions.Oletx.IDtcProxyShimFactory.ReceiveTransaction(UInt32 propgationTokenSize, Byte[] propgationToken, IntPtr managedIdentifier, Guid&amp; transactionIdentifier, OletxTransactionIsolationLevel&amp; isolationLevel, ITransactionShim&amp; transactionShim)
   at System.Transactions.TransactionInterop.GetOletxTransactionFromTransmitterPropigationToken(Byte[] propagationToken)
 --- End of inner exception stack trace ---
    at System.Transactions.Oletx.OletxTransactionManager.ProxyException(COMException comException)
   at System.Transactions.TransactionInterop.GetOletxTransactionFromTransmitterPropigationToken(Byte[] propagationToken)
   at System.Transactions.TransactionStatePSPEOperation.PSPEPromote(InternalTransaction tx)
   at System.Transactions.TransactionStateDelegatedBase.EnterState(InternalTransaction tx)
   at System.Transactions.EnlistableStates.Promote(InternalTransaction tx)
   at System.Transactions.Transaction.Promote()
   at System.Transactions.TransactionInterop.ConvertToOletxTransaction(Transaction transaction)
   at System.Transactions.TransactionInterop.GetExportCookie(Transaction transaction, Byte[] whereabouts)
   at System.Data.SqlClient.SqlInternalConnection.GetTransactionCookie(Transaction transaction, Byte[] whereAbouts)
   at System.Data.SqlClient.SqlInternalConnection.EnlistNonNull(Transaction tx)
   at System.Data.SqlClient.SqlInternalConnection.Enlist(Transaction tx)
   at System.Data.SqlClient.SqlInternalConnectionTds.Activate(Transaction transaction)
   at System.Data.ProviderBase.DbConnectionInternal.ActivateConnection(Transaction transaction)
   at System.Data.ProviderBase.DbConnectionPool.TryGetConnection(DbConnection owningObject, UInt32 waitForMultipleObjectsTimeout, Boolean allowCreate, Boolean onlyOneCheckConnection, DbConnectionOptions userOptions, DbConnectionInternal&amp; connection)
   at System.Data.ProviderBase.DbConnectionPool.TryGetConnection(DbConnection owningObject, TaskCompletionSource`1 retry, DbConnectionOptions userOptions, DbConnectionInternal&amp; connection)
   at System.Data.ProviderBase.DbConnectionFactory.TryGetConnection(DbConnection owningConnection, TaskCompletionSource`1 retry, DbConnectionOptions userOptions, DbConnectionInternal&amp; connection)
   at System.Data.ProviderBase.DbConnectionClosed.TryOpenConnection(DbConnection outerConnection, DbConnectionFactory connectionFactory, TaskCompletionSource`1 retry, DbConnectionOptions userOptions)
   at System.Data.SqlClient.SqlConnection.TryOpen(TaskCompletionSource`1 retry)
   at System.Data.SqlClient.SqlConnection.Open()
   at System.Data.Linq.SqlClient.SqlConnectionManager.UseConnection(IConnectionUser user)
   at System.Data.Linq.SqlClient.SqlProvider.get_IsSqlCe()
   at System.Data.Linq.SqlClient.SqlProvider.InitializeProviderMode()
   at System.Data.Linq.SqlClient.SqlProvider.System.Data.Linq.Provider.IProvider.Execute(Expression query)
   at System.Data.Linq.DataContext.ExecuteMethodCall(Object instance, MethodInfo methodInfo, Object[] parameters)
   at Tavisca.Catapult.Internal.ResourceAccess.DataProviders.Rate.LINQ.RateDataContext.spSaveRateCard(Nullable`1 id, Nullable`1 productId, String productType, String scope, Nullable`1 isEnabled, Nullable`1 isDeleted) in d:\Code\TOM\Catapult\Code\trunk\CatapultServices\Tavisca.Catapult.Internal.ResourceAccess.DataProviders\Rate\LINQ\Rate.designer.cs:line 265
   at Tavisca.Catapult.Internal.ResourceAccess.DataProviders.Rate.RateProvider.SaveRateCard(String scopeId, RateCard rateCard) in d:\Code\TOM\Catapult\Code\trunk\CatapultServices\Tavisca.Catapult.Internal.ResourceAccess.DataProviders\Rate\RateProvider.cs:line 649
   at Tavisca.Catapult.External.Facade.Tests.TestActivityGenerator.SaveRateCard(RateCard rateCard) in d:\Code\TOM\Catapult\Code\trunk\CatapultServices\Tavisca.Catapult.External.Facade.Tests\TestActivityGenerator.cs:line 352
   at Tavisca.Catapult.External.Facade.Tests.ActivityMultiAvailTests.SearchByCityCodeTest.GuestInformationTest5() in d:\Code\TOM\Catapult\Code\trunk\CatapultServices\Tavisca.Catapult.External.Facade.Tests\ActivityMultiAvailTests\SearchByCityCodeTest.cs:line 925
</StackTrace>
        </ErrorInfo>
      </Output>
    </UnitTestResult>
    <UnitTestResult executionId="041dbeec-7781-4793-af74-36bd96c1ef62" testId="2d8aae77-b3c8-f51f-4296-a7b0aeca2427" testName="GuestInformationTest6" computerName="PHOENIXX" duration="00:00:00.2999606" startTime="2013-08-09T22:00:57.0586496+05:30" endTime="2013-08-09T22:00:57.3587396+05:30" testType="13cdc9d9-ddb5-4fa4-a97d-d965ccfc6d4b" outcome="Failed" testListId="8c84fa94-04c1-424b-9868-57a2d4851a1d" relativeResultsDirectory="041dbeec-7781-4793-af74-36bd96c1ef62">
      <Output>
        <ErrorInfo>
          <Message>Test method Tavisca.Catapult.External.Facade.Tests.ActivityMultiAvailTests.SearchByCityCodeTest.GuestInformationTest6 threw exception: 
System.Transactions.TransactionManagerCommunicationException: Network access for Distributed Transaction Manager (MSDTC) has been disabled. Please enable DTC for network access in the security configuration for MSDTC using the Component Services Administrative tool. ---&gt; System.Runtime.InteropServices.COMException: The transaction manager has disabled its support for remote/network transactions. (Exception from HRESULT: 0x8004D024)</Message>
          <StackTrace>    at System.Transactions.Oletx.IDtcProxyShimFactory.ReceiveTransaction(UInt32 propgationTokenSize, Byte[] propgationToken, IntPtr managedIdentifier, Guid&amp; transactionIdentifier, OletxTransactionIsolationLevel&amp; isolationLevel, ITransactionShim&amp; transactionShim)
   at System.Transactions.TransactionInterop.GetOletxTransactionFromTransmitterPropigationToken(Byte[] propagationToken)
 --- End of inner exception stack trace ---
    at System.Transactions.Oletx.OletxTransactionManager.ProxyException(COMException comException)
   at System.Transactions.TransactionInterop.GetOletxTransactionFromTransmitterPropigationToken(Byte[] propagationToken)
   at System.Transactions.TransactionStatePSPEOperation.PSPEPromote(InternalTransaction tx)
   at System.Transactions.TransactionStateDelegatedBase.EnterState(InternalTransaction tx)
   at System.Transactions.EnlistableStates.Promote(InternalTransaction tx)
   at System.Transactions.Transaction.Promote()
   at System.Transactions.TransactionInterop.ConvertToOletxTransaction(Transaction transaction)
   at System.Transactions.TransactionInterop.GetExportCookie(Transaction transaction, Byte[] whereabouts)
   at System.Data.SqlClient.SqlInternalConnection.GetTransactionCookie(Transaction transaction, Byte[] whereAbouts)
   at System.Data.SqlClient.SqlInternalConnection.EnlistNonNull(Transaction tx)
   at System.Data.SqlClient.SqlInternalConnection.Enlist(Transaction tx)
   at System.Data.SqlClient.SqlInternalConnectionTds.Activate(Transaction transaction)
   at System.Data.ProviderBase.DbConnectionInternal.ActivateConnection(Transaction transaction)
   at System.Data.ProviderBase.DbConnectionPool.TryGetConnection(DbConnection owningObject, UInt32 waitForMultipleObjectsTimeout, Boolean allowCreate, Boolean onlyOneCheckConnection, DbConnectionOptions userOptions, DbConnectionInternal&amp; connection)
   at System.Data.ProviderBase.DbConnectionPool.TryGetConnection(DbConnection owningObject, TaskCompletionSource`1 retry, DbConnectionOptions userOptions, DbConnectionInternal&amp; connection)
   at System.Data.ProviderBase.DbConnectionFactory.TryGetConnection(DbConnection owningConnection, TaskCompletionSource`1 retry, DbConnectionOptions userOptions, DbConnectionInternal&amp; connection)
   at System.Data.ProviderBase.DbConnectionClosed.TryOpenConnection(DbConnection outerConnection, DbConnectionFactory connectionFactory, TaskCompletionSource`1 retry, DbConnectionOptions userOptions)
   at System.Data.SqlClient.SqlConnection.TryOpen(TaskCompletionSource`1 retry)
   at System.Data.SqlClient.SqlConnection.Open()
   at System.Data.Linq.SqlClient.SqlConnectionManager.UseConnection(IConnectionUser user)
   at System.Data.Linq.SqlClient.SqlProvider.get_IsSqlCe()
   at System.Data.Linq.SqlClient.SqlProvider.InitializeProviderMode()
   at System.Data.Linq.SqlClient.SqlProvider.System.Data.Linq.Provider.IProvider.Execute(Expression query)
   at System.Data.Linq.DataContext.ExecuteMethodCall(Object instance, MethodInfo methodInfo, Object[] parameters)
   at Tavisca.Catapult.Internal.ResourceAccess.DataProviders.Rate.LINQ.RateDataContext.spSaveRateCard(Nullable`1 id, Nullable`1 productId, String productType, String scope, Nullable`1 isEnabled, Nullable`1 isDeleted) in d:\Code\TOM\Catapult\Code\trunk\CatapultServices\Tavisca.Catapult.Internal.ResourceAccess.DataProviders\Rate\LINQ\Rate.designer.cs:line 265
   at Tavisca.Catapult.Internal.ResourceAccess.DataProviders.Rate.RateProvider.SaveRateCard(String scopeId, RateCard rateCard) in d:\Code\TOM\Catapult\Code\trunk\CatapultServices\Tavisca.Catapult.Internal.ResourceAccess.DataProviders\Rate\RateProvider.cs:line 649
   at Tavisca.Catapult.External.Facade.Tests.TestActivityGenerator.SaveRateCard(RateCard rateCard) in d:\Code\TOM\Catapult\Code\trunk\CatapultServices\Tavisca.Catapult.External.Facade.Tests\TestActivityGenerator.cs:line 352
   at Tavisca.Catapult.External.Facade.Tests.ActivityMultiAvailTests.SearchByCityCodeTest.GuestInformationTest6() in d:\Code\TOM\Catapult\Code\trunk\CatapultServices\Tavisca.Catapult.External.Facade.Tests\ActivityMultiAvailTests\SearchByCityCodeTest.cs:line 974
</StackTrace>
        </ErrorInfo>
      </Output>
    </UnitTestResult>
    <UnitTestResult executionId="82e77144-1f15-4f99-b93c-64ceec9cb39f" testId="027b0b5e-f463-17ee-5338-3e4cfb9fcbcb" testName="WeekEndDayPricingTest1" computerName="PHOENIXX" duration="00:00:00.3042013" startTime="2013-08-09T22:00:57.3597399+05:30" endTime="2013-08-09T22:00:57.6638311+05:30" testType="13cdc9d9-ddb5-4fa4-a97d-d965ccfc6d4b" outcome="Failed" testListId="8c84fa94-04c1-424b-9868-57a2d4851a1d" relativeResultsDirectory="82e77144-1f15-4f99-b93c-64ceec9cb39f">
      <Output>
        <ErrorInfo>
          <Message>Test method Tavisca.Catapult.External.Facade.Tests.ActivityMultiAvailTests.SearchByCityCodeTest.WeekEndDayPricingTest1 threw exception: 
System.Transactions.TransactionManagerCommunicationException: Network access for Distributed Transaction Manager (MSDTC) has been disabled. Please enable DTC for network access in the security configuration for MSDTC using the Component Services Administrative tool. ---&gt; System.Runtime.InteropServices.COMException: The transaction manager has disabled its support for remote/network transactions. (Exception from HRESULT: 0x8004D024)</Message>
          <StackTrace>    at System.Transactions.Oletx.IDtcProxyShimFactory.ReceiveTransaction(UInt32 propgationTokenSize, Byte[] propgationToken, IntPtr managedIdentifier, Guid&amp; transactionIdentifier, OletxTransactionIsolationLevel&amp; isolationLevel, ITransactionShim&amp; transactionShim)
   at System.Transactions.TransactionInterop.GetOletxTransactionFromTransmitterPropigationToken(Byte[] propagationToken)
 --- End of inner exception stack trace ---
    at System.Transactions.Oletx.OletxTransactionManager.ProxyException(COMException comException)
   at System.Transactions.TransactionInterop.GetOletxTransactionFromTransmitterPropigationToken(Byte[] propagationToken)
   at System.Transactions.TransactionStatePSPEOperation.PSPEPromote(InternalTransaction tx)
   at System.Transactions.TransactionStateDelegatedBase.EnterState(InternalTransaction tx)
   at System.Transactions.EnlistableStates.Promote(InternalTransaction tx)
   at System.Transactions.Transaction.Promote()
   at System.Transactions.TransactionInterop.ConvertToOletxTransaction(Transaction transaction)
   at System.Transactions.TransactionInterop.GetExportCookie(Transaction transaction, Byte[] whereabouts)
   at System.Data.SqlClient.SqlInternalConnection.GetTransactionCookie(Transaction transaction, Byte[] whereAbouts)
   at System.Data.SqlClient.SqlInternalConnection.EnlistNonNull(Transaction tx)
   at System.Data.SqlClient.SqlInternalConnection.Enlist(Transaction tx)
   at System.Data.SqlClient.SqlInternalConnectionTds.Activate(Transaction transaction)
   at System.Data.ProviderBase.DbConnectionInternal.ActivateConnection(Transaction transaction)
   at System.Data.ProviderBase.DbConnectionPool.TryGetConnection(DbConnection owningObject, UInt32 waitForMultipleObjectsTimeout, Boolean allowCreate, Boolean onlyOneCheckConnection, DbConnectionOptions userOptions, DbConnectionInternal&amp; connection)
   at System.Data.ProviderBase.DbConnectionPool.TryGetConnection(DbConnection owningObject, TaskCompletionSource`1 retry, DbConnectionOptions userOptions, DbConnectionInternal&amp; connection)
   at System.Data.ProviderBase.DbConnectionFactory.TryGetConnection(DbConnection owningConnection, TaskCompletionSource`1 retry, DbConnectionOptions userOptions, DbConnectionInternal&amp; connection)
   at System.Data.ProviderBase.DbConnectionClosed.TryOpenConnection(DbConnection outerConnection, DbConnectionFactory connectionFactory, TaskCompletionSource`1 retry, DbConnectionOptions userOptions)
   at System.Data.SqlClient.SqlConnection.TryOpen(TaskCompletionSource`1 retry)
   at System.Data.SqlClient.SqlConnection.Open()
   at System.Data.Linq.SqlClient.SqlConnectionManager.UseConnection(IConnectionUser user)
   at System.Data.Linq.SqlClient.SqlProvider.get_IsSqlCe()
   at System.Data.Linq.SqlClient.SqlProvider.InitializeProviderMode()
   at System.Data.Linq.SqlClient.SqlProvider.System.Data.Linq.Provider.IProvider.Execute(Expression query)
   at System.Data.Linq.DataContext.ExecuteMethodCall(Object instance, MethodInfo methodInfo, Object[] parameters)
   at Tavisca.Catapult.Internal.ResourceAccess.DataProviders.Rate.LINQ.RateDataContext.spSaveRateCard(Nullable`1 id, Nullable`1 productId, String productType, String scope, Nullable`1 isEnabled, Nullable`1 isDeleted) in d:\Code\TOM\Catapult\Code\trunk\CatapultServices\Tavisca.Catapult.Internal.ResourceAccess.DataProviders\Rate\LINQ\Rate.designer.cs:line 265
   at Tavisca.Catapult.Internal.ResourceAccess.DataProviders.Rate.RateProvider.SaveRateCard(String scopeId, RateCard rateCard) in d:\Code\TOM\Catapult\Code\trunk\CatapultServices\Tavisca.Catapult.Internal.ResourceAccess.DataProviders\Rate\RateProvider.cs:line 649
   at Tavisca.Catapult.External.Facade.Tests.TestActivityGenerator.SaveRateCard(RateCard rateCard) in d:\Code\TOM\Catapult\Code\trunk\CatapultServices\Tavisca.Catapult.External.Facade.Tests\TestActivityGenerator.cs:line 352
   at Tavisca.Catapult.External.Facade.Tests.ActivityMultiAvailTests.SearchByCityCodeTest.WeekEndDayPricingTest1() in d:\Code\TOM\Catapult\Code\trunk\CatapultServices\Tavisca.Catapult.External.Facade.Tests\ActivityMultiAvailTests\SearchByCityCodeTest.cs:line 1021
</StackTrace>
        </ErrorInfo>
      </Output>
    </UnitTestResult>
    <UnitTestResult executionId="cd200c58-aba8-45ce-982b-4c554213925e" testId="23ee3628-f092-b0be-cb5b-3a53d4180858" testName="WeekEndDayPricingTest2" computerName="PHOENIXX" duration="00:00:00.3142077" startTime="2013-08-09T22:00:57.6638311+05:30" endTime="2013-08-09T22:00:57.9779253+05:30" testType="13cdc9d9-ddb5-4fa4-a97d-d965ccfc6d4b" outcome="Failed" testListId="8c84fa94-04c1-424b-9868-57a2d4851a1d" relativeResultsDirectory="cd200c58-aba8-45ce-982b-4c554213925e">
      <Output>
        <ErrorInfo>
          <Message>Test method Tavisca.Catapult.External.Facade.Tests.ActivityMultiAvailTests.SearchByCityCodeTest.WeekEndDayPricingTest2 threw exception: 
System.Transactions.TransactionManagerCommunicationException: Network access for Distributed Transaction Manager (MSDTC) has been disabled. Please enable DTC for network access in the security configuration for MSDTC using the Component Services Administrative tool. ---&gt; System.Runtime.InteropServices.COMException: The transaction manager has disabled its support for remote/network transactions. (Exception from HRESULT: 0x8004D024)</Message>
          <StackTrace>    at System.Transactions.Oletx.IDtcProxyShimFactory.ReceiveTransaction(UInt32 propgationTokenSize, Byte[] propgationToken, IntPtr managedIdentifier, Guid&amp; transactionIdentifier, OletxTransactionIsolationLevel&amp; isolationLevel, ITransactionShim&amp; transactionShim)
   at System.Transactions.TransactionInterop.GetOletxTransactionFromTransmitterPropigationToken(Byte[] propagationToken)
 --- End of inner exception stack trace ---
    at System.Transactions.Oletx.OletxTransactionManager.ProxyException(COMException comException)
   at System.Transactions.TransactionInterop.GetOletxTransactionFromTransmitterPropigationToken(Byte[] propagationToken)
   at System.Transactions.TransactionStatePSPEOperation.PSPEPromote(InternalTransaction tx)
   at System.Transactions.TransactionStateDelegatedBase.EnterState(InternalTransaction tx)
   at System.Transactions.EnlistableStates.Promote(InternalTransaction tx)
   at System.Transactions.Transaction.Promote()
   at System.Transactions.TransactionInterop.ConvertToOletxTransaction(Transaction transaction)
   at System.Transactions.TransactionInterop.GetExportCookie(Transaction transaction, Byte[] whereabouts)
   at System.Data.SqlClient.SqlInternalConnection.GetTransactionCookie(Transaction transaction, Byte[] whereAbouts)
   at System.Data.SqlClient.SqlInternalConnection.EnlistNonNull(Transaction tx)
   at System.Data.SqlClient.SqlInternalConnection.Enlist(Transaction tx)
   at System.Data.SqlClient.SqlInternalConnectionTds.Activate(Transaction transaction)
   at System.Data.ProviderBase.DbConnectionInternal.ActivateConnection(Transaction transaction)
   at System.Data.ProviderBase.DbConnectionPool.TryGetConnection(DbConnection owningObject, UInt32 waitForMultipleObjectsTimeout, Boolean allowCreate, Boolean onlyOneCheckConnection, DbConnectionOptions userOptions, DbConnectionInternal&amp; connection)
   at System.Data.ProviderBase.DbConnectionPool.TryGetConnection(DbConnection owningObject, TaskCompletionSource`1 retry, DbConnectionOptions userOptions, DbConnectionInternal&amp; connection)
   at System.Data.ProviderBase.DbConnectionFactory.TryGetConnection(DbConnection owningConnection, TaskCompletionSource`1 retry, DbConnectionOptions userOptions, DbConnectionInternal&amp; connection)
   at System.Data.ProviderBase.DbConnectionClosed.TryOpenConnection(DbConnection outerConnection, DbConnectionFactory connectionFactory, TaskCompletionSource`1 retry, DbConnectionOptions userOptions)
   at System.Data.SqlClient.SqlConnection.TryOpen(TaskCompletionSource`1 retry)
   at System.Data.SqlClient.SqlConnection.Open()
   at System.Data.Linq.SqlClient.SqlConnectionManager.UseConnection(IConnectionUser user)
   at System.Data.Linq.SqlClient.SqlProvider.get_IsSqlCe()
   at System.Data.Linq.SqlClient.SqlProvider.InitializeProviderMode()
   at System.Data.Linq.SqlClient.SqlProvider.System.Data.Linq.Provider.IProvider.Execute(Expression query)
   at System.Data.Linq.DataContext.ExecuteMethodCall(Object instance, MethodInfo methodInfo, Object[] parameters)
   at Tavisca.Catapult.Internal.ResourceAccess.DataProviders.Rate.LINQ.RateDataContext.spSaveRateCard(Nullable`1 id, Nullable`1 productId, String productType, String scope, Nullable`1 isEnabled, Nullable`1 isDeleted) in d:\Code\TOM\Catapult\Code\trunk\CatapultServices\Tavisca.Catapult.Internal.ResourceAccess.DataProviders\Rate\LINQ\Rate.designer.cs:line 265
   at Tavisca.Catapult.Internal.ResourceAccess.DataProviders.Rate.RateProvider.SaveRateCard(String scopeId, RateCard rateCard) in d:\Code\TOM\Catapult\Code\trunk\CatapultServices\Tavisca.Catapult.Internal.ResourceAccess.DataProviders\Rate\RateProvider.cs:line 649
   at Tavisca.Catapult.External.Facade.Tests.TestActivityGenerator.SaveRateCard(RateCard rateCard) in d:\Code\TOM\Catapult\Code\trunk\CatapultServices\Tavisca.Catapult.External.Facade.Tests\TestActivityGenerator.cs:line 352
   at Tavisca.Catapult.External.Facade.Tests.ActivityMultiAvailTests.SearchByCityCodeTest.WeekEndDayPricingTest2() in d:\Code\TOM\Catapult\Code\trunk\CatapultServices\Tavisca.Catapult.External.Facade.Tests\ActivityMultiAvailTests\SearchByCityCodeTest.cs:line 1085
</StackTrace>
        </ErrorInfo>
      </Output>
    </UnitTestResult>
    <UnitTestResult executionId="274d8176-9aa4-4e0d-866b-728a9d406aec" testId="38624ebd-4490-c568-ab8a-1c5bf0e584af" testName="WeekEndDayPricingTest3" computerName="PHOENIXX" duration="00:00:00.3534488" startTime="2013-08-09T22:00:57.9779253+05:30" endTime="2013-08-09T22:00:58.3320315+05:30" testType="13cdc9d9-ddb5-4fa4-a97d-d965ccfc6d4b" outcome="Failed" testListId="8c84fa94-04c1-424b-9868-57a2d4851a1d" relativeResultsDirectory="274d8176-9aa4-4e0d-866b-728a9d406aec">
      <Output>
        <ErrorInfo>
          <Message>Test method Tavisca.Catapult.External.Facade.Tests.ActivityMultiAvailTests.SearchByCityCodeTest.WeekEndDayPricingTest3 threw exception: 
System.Transactions.TransactionManagerCommunicationException: Network access for Distributed Transaction Manager (MSDTC) has been disabled. Please enable DTC for network access in the security configuration for MSDTC using the Component Services Administrative tool. ---&gt; System.Runtime.InteropServices.COMException: The transaction manager has disabled its support for remote/network transactions. (Exception from HRESULT: 0x8004D024)</Message>
          <StackTrace>    at System.Transactions.Oletx.IDtcProxyShimFactory.ReceiveTransaction(UInt32 propgationTokenSize, Byte[] propgationToken, IntPtr managedIdentifier, Guid&amp; transactionIdentifier, OletxTransactionIsolationLevel&amp; isolationLevel, ITransactionShim&amp; transactionShim)
   at System.Transactions.TransactionInterop.GetOletxTransactionFromTransmitterPropigationToken(Byte[] propagationToken)
 --- End of inner exception stack trace ---
    at System.Transactions.Oletx.OletxTransactionManager.ProxyException(COMException comException)
   at System.Transactions.TransactionInterop.GetOletxTransactionFromTransmitterPropigationToken(Byte[] propagationToken)
   at System.Transactions.TransactionStatePSPEOperation.PSPEPromote(InternalTransaction tx)
   at System.Transactions.TransactionStateDelegatedBase.EnterState(InternalTransaction tx)
   at System.Transactions.EnlistableStates.Promote(InternalTransaction tx)
   at System.Transactions.Transaction.Promote()
   at System.Transactions.TransactionInterop.ConvertToOletxTransaction(Transaction transaction)
   at System.Transactions.TransactionInterop.GetExportCookie(Transaction transaction, Byte[] whereabouts)
   at System.Data.SqlClient.SqlInternalConnection.GetTransactionCookie(Transaction transaction, Byte[] whereAbouts)
   at System.Data.SqlClient.SqlInternalConnection.EnlistNonNull(Transaction tx)
   at System.Data.SqlClient.SqlInternalConnection.Enlist(Transaction tx)
   at System.Data.SqlClient.SqlInternalConnectionTds.Activate(Transaction transaction)
   at System.Data.ProviderBase.DbConnectionInternal.ActivateConnection(Transaction transaction)
   at System.Data.ProviderBase.DbConnectionPool.TryGetConnection(DbConnection owningObject, UInt32 waitForMultipleObjectsTimeout, Boolean allowCreate, Boolean onlyOneCheckConnection, DbConnectionOptions userOptions, DbConnectionInternal&amp; connection)
   at System.Data.ProviderBase.DbConnectionPool.TryGetConnection(DbConnection owningObject, TaskCompletionSource`1 retry, DbConnectionOptions userOptions, DbConnectionInternal&amp; connection)
   at System.Data.ProviderBase.DbConnectionFactory.TryGetConnection(DbConnection owningConnection, TaskCompletionSource`1 retry, DbConnectionOptions userOptions, DbConnectionInternal&amp; connection)
   at System.Data.ProviderBase.DbConnectionClosed.TryOpenConnection(DbConnection outerConnection, DbConnectionFactory connectionFactory, TaskCompletionSource`1 retry, DbConnectionOptions userOptions)
   at System.Data.SqlClient.SqlConnection.TryOpen(TaskCompletionSource`1 retry)
   at System.Data.SqlClient.SqlConnection.Open()
   at System.Data.Linq.SqlClient.SqlConnectionManager.UseConnection(IConnectionUser user)
   at System.Data.Linq.SqlClient.SqlProvider.get_IsSqlCe()
   at System.Data.Linq.SqlClient.SqlProvider.InitializeProviderMode()
   at System.Data.Linq.SqlClient.SqlProvider.System.Data.Linq.Provider.IProvider.Execute(Expression query)
   at System.Data.Linq.DataContext.ExecuteMethodCall(Object instance, MethodInfo methodInfo, Object[] parameters)
   at Tavisca.Catapult.Internal.ResourceAccess.DataProviders.Rate.LINQ.RateDataContext.spSaveRateCard(Nullable`1 id, Nullable`1 productId, String productType, String scope, Nullable`1 isEnabled, Nullable`1 isDeleted) in d:\Code\TOM\Catapult\Code\trunk\CatapultServices\Tavisca.Catapult.Internal.ResourceAccess.DataProviders\Rate\LINQ\Rate.designer.cs:line 265
   at Tavisca.Catapult.Internal.ResourceAccess.DataProviders.Rate.RateProvider.SaveRateCard(String scopeId, RateCard rateCard) in d:\Code\TOM\Catapult\Code\trunk\CatapultServices\Tavisca.Catapult.Internal.ResourceAccess.DataProviders\Rate\RateProvider.cs:line 649
   at Tavisca.Catapult.External.Facade.Tests.TestActivityGenerator.SaveRateCard(RateCard rateCard) in d:\Code\TOM\Catapult\Code\trunk\CatapultServices\Tavisca.Catapult.External.Facade.Tests\TestActivityGenerator.cs:line 352
   at Tavisca.Catapult.External.Facade.Tests.ActivityMultiAvailTests.SearchByCityCodeTest.WeekEndDayPricingTest3() in d:\Code\TOM\Catapult\Code\trunk\CatapultServices\Tavisca.Catapult.External.Facade.Tests\ActivityMultiAvailTests\SearchByCityCodeTest.cs:line 1152
</StackTrace>
        </ErrorInfo>
      </Output>
    </UnitTestResult>
    <UnitTestResult executionId="2f4b3d3e-14d3-48c5-bbd0-f9730cc809dc" testId="e021b749-a6a0-c62f-778a-a23745c008ac" testName="AvailabilityTest1" computerName="PHOENIXX" duration="00:00:00.3937483" startTime="2013-08-09T22:00:58.3320315+05:30" endTime="2013-08-09T22:00:58.7261497+05:30" testType="13cdc9d9-ddb5-4fa4-a97d-d965ccfc6d4b" outcome="Failed" testListId="8c84fa94-04c1-424b-9868-57a2d4851a1d" relativeResultsDirectory="2f4b3d3e-14d3-48c5-bbd0-f9730cc809dc">
      <Output>
        <ErrorInfo>
          <Message>Test method Tavisca.Catapult.External.Facade.Tests.ActivityMultiAvailTests.SearchByCityCodeTest.AvailabilityTest1 threw exception: 
System.Transactions.TransactionManagerCommunicationException: Network access for Distributed Transaction Manager (MSDTC) has been disabled. Please enable DTC for network access in the security configuration for MSDTC using the Component Services Administrative tool. ---&gt; System.Runtime.InteropServices.COMException: The transaction manager has disabled its support for remote/network transactions. (Exception from HRESULT: 0x8004D024)</Message>
          <StackTrace>    at System.Transactions.Oletx.IDtcProxyShimFactory.ReceiveTransaction(UInt32 propgationTokenSize, Byte[] propgationToken, IntPtr managedIdentifier, Guid&amp; transactionIdentifier, OletxTransactionIsolationLevel&amp; isolationLevel, ITransactionShim&amp; transactionShim)
   at System.Transactions.TransactionInterop.GetOletxTransactionFromTransmitterPropigationToken(Byte[] propagationToken)
 --- End of inner exception stack trace ---
    at System.Transactions.Oletx.OletxTransactionManager.ProxyException(COMException comException)
   at System.Transactions.TransactionInterop.GetOletxTransactionFromTransmitterPropigationToken(Byte[] propagationToken)
   at System.Transactions.TransactionStatePSPEOperation.PSPEPromote(InternalTransaction tx)
   at System.Transactions.TransactionStateDelegatedBase.EnterState(InternalTransaction tx)
   at System.Transactions.EnlistableStates.Promote(InternalTransaction tx)
   at System.Transactions.Transaction.Promote()
   at System.Transactions.TransactionInterop.ConvertToOletxTransaction(Transaction transaction)
   at System.Transactions.TransactionInterop.GetExportCookie(Transaction transaction, Byte[] whereabouts)
   at System.Data.SqlClient.SqlInternalConnection.GetTransactionCookie(Transaction transaction, Byte[] whereAbouts)
   at System.Data.SqlClient.SqlInternalConnection.EnlistNonNull(Transaction tx)
   at System.Data.SqlClient.SqlInternalConnection.Enlist(Transaction tx)
   at System.Data.SqlClient.SqlInternalConnectionTds.Activate(Transaction transaction)
   at System.Data.ProviderBase.DbConnectionInternal.ActivateConnection(Transaction transaction)
   at System.Data.ProviderBase.DbConnectionPool.TryGetConnection(DbConnection owningObject, UInt32 waitForMultipleObjectsTimeout, Boolean allowCreate, Boolean onlyOneCheckConnection, DbConnectionOptions userOptions, DbConnectionInternal&amp; connection)
   at System.Data.ProviderBase.DbConnectionPool.TryGetConnection(DbConnection owningObject, TaskCompletionSource`1 retry, DbConnectionOptions userOptions, DbConnectionInternal&amp; connection)
   at System.Data.ProviderBase.DbConnectionFactory.TryGetConnection(DbConnection owningConnection, TaskCompletionSource`1 retry, DbConnectionOptions userOptions, DbConnectionInternal&amp; connection)
   at System.Data.ProviderBase.DbConnectionClosed.TryOpenConnection(DbConnection outerConnection, DbConnectionFactory connectionFactory, TaskCompletionSource`1 retry, DbConnectionOptions userOptions)
   at System.Data.SqlClient.SqlConnection.TryOpen(TaskCompletionSource`1 retry)
   at System.Data.SqlClient.SqlConnection.Open()
   at System.Data.Linq.SqlClient.SqlConnectionManager.UseConnection(IConnectionUser user)
   at System.Data.Linq.SqlClient.SqlProvider.get_IsSqlCe()
   at System.Data.Linq.SqlClient.SqlProvider.InitializeProviderMode()
   at System.Data.Linq.SqlClient.SqlProvider.System.Data.Linq.Provider.IProvider.Execute(Expression query)
   at System.Data.Linq.DataContext.ExecuteMethodCall(Object instance, MethodInfo methodInfo, Object[] parameters)
   at Tavisca.Catapult.Internal.ResourceAccess.DataProviders.Rate.LINQ.RateDataContext.spSaveRateCard(Nullable`1 id, Nullable`1 productId, String productType, String scope, Nullable`1 isEnabled, Nullable`1 isDeleted) in d:\Code\TOM\Catapult\Code\trunk\CatapultServices\Tavisca.Catapult.Internal.ResourceAccess.DataProviders\Rate\LINQ\Rate.designer.cs:line 265
   at Tavisca.Catapult.Internal.ResourceAccess.DataProviders.Rate.RateProvider.SaveRateCard(String scopeId, RateCard rateCard) in d:\Code\TOM\Catapult\Code\trunk\CatapultServices\Tavisca.Catapult.Internal.ResourceAccess.DataProviders\Rate\RateProvider.cs:line 649
   at Tavisca.Catapult.External.Facade.Tests.TestActivityGenerator.SaveRateCard(RateCard rateCard) in d:\Code\TOM\Catapult\Code\trunk\CatapultServices\Tavisca.Catapult.External.Facade.Tests\TestActivityGenerator.cs:line 352
   at Tavisca.Catapult.External.Facade.Tests.ActivityMultiAvailTests.SearchByCityCodeTest.AvailabilityTest1() in d:\Code\TOM\Catapult\Code\trunk\CatapultServices\Tavisca.Catapult.External.Facade.Tests\ActivityMultiAvailTests\SearchByCityCodeTest.cs:line 1216
</StackTrace>
        </ErrorInfo>
      </Output>
    </UnitTestResult>
    <UnitTestResult executionId="c79032bd-fc28-4c9b-a26b-1f8bf36aa5c5" testId="9e4b1bc4-6afe-c2a8-1e68-3fc68cfc0d19" testName="AvailabilityTest2" computerName="PHOENIXX" duration="00:00:00.3141115" startTime="2013-08-09T22:00:58.7261497+05:30" endTime="2013-08-09T22:00:59.0402439+05:30" testType="13cdc9d9-ddb5-4fa4-a97d-d965ccfc6d4b" outcome="Failed" testListId="8c84fa94-04c1-424b-9868-57a2d4851a1d" relativeResultsDirectory="c79032bd-fc28-4c9b-a26b-1f8bf36aa5c5">
      <Output>
        <ErrorInfo>
          <Message>Test method Tavisca.Catapult.External.Facade.Tests.ActivityMultiAvailTests.SearchByCityCodeTest.AvailabilityTest2 threw exception: 
System.Transactions.TransactionManagerCommunicationException: Network access for Distributed Transaction Manager (MSDTC) has been disabled. Please enable DTC for network access in the security configuration for MSDTC using the Component Services Administrative tool. ---&gt; System.Runtime.InteropServices.COMException: The transaction manager has disabled its support for remote/network transactions. (Exception from HRESULT: 0x8004D024)</Message>
          <StackTrace>    at System.Transactions.Oletx.IDtcProxyShimFactory.ReceiveTransaction(UInt32 propgationTokenSize, Byte[] propgationToken, IntPtr managedIdentifier, Guid&amp; transactionIdentifier, OletxTransactionIsolationLevel&amp; isolationLevel, ITransactionShim&amp; transactionShim)
   at System.Transactions.TransactionInterop.GetOletxTransactionFromTransmitterPropigationToken(Byte[] propagationToken)
 --- End of inner exception stack trace ---
    at System.Transactions.Oletx.OletxTransactionManager.ProxyException(COMException comException)
   at System.Transactions.TransactionInterop.GetOletxTransactionFromTransmitterPropigationToken(Byte[] propagationToken)
   at System.Transactions.TransactionStatePSPEOperation.PSPEPromote(InternalTransaction tx)
   at System.Transactions.TransactionStateDelegatedBase.EnterState(InternalTransaction tx)
   at System.Transactions.EnlistableStates.Promote(InternalTransaction tx)
   at System.Transactions.Transaction.Promote()
   at System.Transactions.TransactionInterop.ConvertToOletxTransaction(Transaction transaction)
   at System.Transactions.TransactionInterop.GetExportCookie(Transaction transaction, Byte[] whereabouts)
   at System.Data.SqlClient.SqlInternalConnection.GetTransactionCookie(Transaction transaction, Byte[] whereAbouts)
   at System.Data.SqlClient.SqlInternalConnection.EnlistNonNull(Transaction tx)
   at System.Data.SqlClient.SqlInternalConnection.Enlist(Transaction tx)
   at System.Data.SqlClient.SqlInternalConnectionTds.Activate(Transaction transaction)
   at System.Data.ProviderBase.DbConnectionInternal.ActivateConnection(Transaction transaction)
   at System.Data.ProviderBase.DbConnectionPool.TryGetConnection(DbConnection owningObject, UInt32 waitForMultipleObjectsTimeout, Boolean allowCreate, Boolean onlyOneCheckConnection, DbConnectionOptions userOptions, DbConnectionInternal&amp; connection)
   at System.Data.ProviderBase.DbConnectionPool.TryGetConnection(DbConnection owningObject, TaskCompletionSource`1 retry, DbConnectionOptions userOptions, DbConnectionInternal&amp; connection)
   at System.Data.ProviderBase.DbConnectionFactory.TryGetConnection(DbConnection owningConnection, TaskCompletionSource`1 retry, DbConnectionOptions userOptions, DbConnectionInternal&amp; connection)
   at System.Data.ProviderBase.DbConnectionClosed.TryOpenConnection(DbConnection outerConnection, DbConnectionFactory connectionFactory, TaskCompletionSource`1 retry, DbConnectionOptions userOptions)
   at System.Data.SqlClient.SqlConnection.TryOpen(TaskCompletionSource`1 retry)
   at System.Data.SqlClient.SqlConnection.Open()
   at System.Data.Linq.SqlClient.SqlConnectionManager.UseConnection(IConnectionUser user)
   at System.Data.Linq.SqlClient.SqlProvider.get_IsSqlCe()
   at System.Data.Linq.SqlClient.SqlProvider.InitializeProviderMode()
   at System.Data.Linq.SqlClient.SqlProvider.System.Data.Linq.Provider.IProvider.Execute(Expression query)
   at System.Data.Linq.DataContext.ExecuteMethodCall(Object instance, MethodInfo methodInfo, Object[] parameters)
   at Tavisca.Catapult.Internal.ResourceAccess.DataProviders.Rate.LINQ.RateDataContext.spSaveRateCard(Nullable`1 id, Nullable`1 productId, String productType, String scope, Nullable`1 isEnabled, Nullable`1 isDeleted) in d:\Code\TOM\Catapult\Code\trunk\CatapultServices\Tavisca.Catapult.Internal.ResourceAccess.DataProviders\Rate\LINQ\Rate.designer.cs:line 265
   at Tavisca.Catapult.Internal.ResourceAccess.DataProviders.Rate.RateProvider.SaveRateCard(String scopeId, RateCard rateCard) in d:\Code\TOM\Catapult\Code\trunk\CatapultServices\Tavisca.Catapult.Internal.ResourceAccess.DataProviders\Rate\RateProvider.cs:line 649
   at Tavisca.Catapult.External.Facade.Tests.TestActivityGenerator.SaveRateCard(RateCard rateCard) in d:\Code\TOM\Catapult\Code\trunk\CatapultServices\Tavisca.Catapult.External.Facade.Tests\TestActivityGenerator.cs:line 352
   at Tavisca.Catapult.External.Facade.Tests.ActivityMultiAvailTests.SearchByCityCodeTest.AvailabilityTest2() in d:\Code\TOM\Catapult\Code\trunk\CatapultServices\Tavisca.Catapult.External.Facade.Tests\ActivityMultiAvailTests\SearchByCityCodeTest.cs:line 1267
</StackTrace>
        </ErrorInfo>
      </Output>
    </UnitTestResult>
    <UnitTestResult executionId="bdd6706c-5803-4c91-862f-f4c1ca740cad" testId="b45d0fe6-8f45-79ea-93b9-e0739fae6a76" testName="IsOnRequestTest1" computerName="PHOENIXX" duration="00:00:00.3026051" startTime="2013-08-09T22:00:59.0402439+05:30" endTime="2013-08-09T22:00:59.3433348+05:30" testType="13cdc9d9-ddb5-4fa4-a97d-d965ccfc6d4b" outcome="Failed" testListId="8c84fa94-04c1-424b-9868-57a2d4851a1d" relativeResultsDirectory="bdd6706c-5803-4c91-862f-f4c1ca740cad">
      <Output>
        <ErrorInfo>
          <Message>Test method Tavisca.Catapult.External.Facade.Tests.ActivityMultiAvailTests.SearchByCityCodeTest.IsOnRequestTest1 threw exception: 
System.Transactions.TransactionManagerCommunicationException: Network access for Distributed Transaction Manager (MSDTC) has been disabled. Please enable DTC for network access in the security configuration for MSDTC using the Component Services Administrative tool. ---&gt; System.Runtime.InteropServices.COMException: The transaction manager has disabled its support for remote/network transactions. (Exception from HRESULT: 0x8004D024)</Message>
          <StackTrace>    at System.Transactions.Oletx.IDtcProxyShimFactory.ReceiveTransaction(UInt32 propgationTokenSize, Byte[] propgationToken, IntPtr managedIdentifier, Guid&amp; transactionIdentifier, OletxTransactionIsolationLevel&amp; isolationLevel, ITransactionShim&amp; transactionShim)
   at System.Transactions.TransactionInterop.GetOletxTransactionFromTransmitterPropigationToken(Byte[] propagationToken)
 --- End of inner exception stack trace ---
    at System.Transactions.Oletx.OletxTransactionManager.ProxyException(COMException comException)
   at System.Transactions.TransactionInterop.GetOletxTransactionFromTransmitterPropigationToken(Byte[] propagationToken)
   at System.Transactions.TransactionStatePSPEOperation.PSPEPromote(InternalTransaction tx)
   at System.Transactions.TransactionStateDelegatedBase.EnterState(InternalTransaction tx)
   at System.Transactions.EnlistableStates.Promote(InternalTransaction tx)
   at System.Transactions.Transaction.Promote()
   at System.Transactions.TransactionInterop.ConvertToOletxTransaction(Transaction transaction)
   at System.Transactions.TransactionInterop.GetExportCookie(Transaction transaction, Byte[] whereabouts)
   at System.Data.SqlClient.SqlInternalConnection.GetTransactionCookie(Transaction transaction, Byte[] whereAbouts)
   at System.Data.SqlClient.SqlInternalConnection.EnlistNonNull(Transaction tx)
   at System.Data.SqlClient.SqlInternalConnection.Enlist(Transaction tx)
   at System.Data.SqlClient.SqlInternalConnectionTds.Activate(Transaction transaction)
   at System.Data.ProviderBase.DbConnectionInternal.ActivateConnection(Transaction transaction)
   at System.Data.ProviderBase.DbConnectionPool.TryGetConnection(DbConnection owningObject, UInt32 waitForMultipleObjectsTimeout, Boolean allowCreate, Boolean onlyOneCheckConnection, DbConnectionOptions userOptions, DbConnectionInternal&amp; connection)
   at System.Data.ProviderBase.DbConnectionPool.TryGetConnection(DbConnection owningObject, TaskCompletionSource`1 retry, DbConnectionOptions userOptions, DbConnectionInternal&amp; connection)
   at System.Data.ProviderBase.DbConnectionFactory.TryGetConnection(DbConnection owningConnection, TaskCompletionSource`1 retry, DbConnectionOptions userOptions, DbConnectionInternal&amp; connection)
   at System.Data.ProviderBase.DbConnectionClosed.TryOpenConnection(DbConnection outerConnection, DbConnectionFactory connectionFactory, TaskCompletionSource`1 retry, DbConnectionOptions userOptions)
   at System.Data.SqlClient.SqlConnection.TryOpen(TaskCompletionSource`1 retry)
   at System.Data.SqlClient.SqlConnection.Open()
   at System.Data.Linq.SqlClient.SqlConnectionManager.UseConnection(IConnectionUser user)
   at System.Data.Linq.SqlClient.SqlProvider.get_IsSqlCe()
   at System.Data.Linq.SqlClient.SqlProvider.InitializeProviderMode()
   at System.Data.Linq.SqlClient.SqlProvider.System.Data.Linq.Provider.IProvider.Execute(Expression query)
   at System.Data.Linq.DataContext.ExecuteMethodCall(Object instance, MethodInfo methodInfo, Object[] parameters)
   at Tavisca.Catapult.Internal.ResourceAccess.DataProviders.Rate.LINQ.RateDataContext.spSaveRateCard(Nullable`1 id, Nullable`1 productId, String productType, String scope, Nullable`1 isEnabled, Nullable`1 isDeleted) in d:\Code\TOM\Catapult\Code\trunk\CatapultServices\Tavisca.Catapult.Internal.ResourceAccess.DataProviders\Rate\LINQ\Rate.designer.cs:line 265
   at Tavisca.Catapult.Internal.ResourceAccess.DataProviders.Rate.RateProvider.SaveRateCard(String scopeId, RateCard rateCard) in d:\Code\TOM\Catapult\Code\trunk\CatapultServices\Tavisca.Catapult.Internal.ResourceAccess.DataProviders\Rate\RateProvider.cs:line 649
   at Tavisca.Catapult.External.Facade.Tests.TestActivityGenerator.SaveRateCard(RateCard rateCard) in d:\Code\TOM\Catapult\Code\trunk\CatapultServices\Tavisca.Catapult.External.Facade.Tests\TestActivityGenerator.cs:line 352
   at Tavisca.Catapult.External.Facade.Tests.ActivityMultiAvailTests.SearchByCityCodeTest.IsOnRequestTest1() in d:\Code\TOM\Catapult\Code\trunk\CatapultServices\Tavisca.Catapult.External.Facade.Tests\ActivityMultiAvailTests\SearchByCityCodeTest.cs:line 1319
</StackTrace>
        </ErrorInfo>
      </Output>
    </UnitTestResult>
    <UnitTestResult executionId="bb05c123-ea3b-41a6-823f-a4085cf5dcc1" testId="beb4163c-0773-8534-668a-200ef3c50158" testName="IsOnRequestTest2" computerName="PHOENIXX" duration="00:00:00.5970811" startTime="2013-08-09T22:00:59.3433348+05:30" endTime="2013-08-09T22:00:59.9405139+05:30" testType="13cdc9d9-ddb5-4fa4-a97d-d965ccfc6d4b" outcome="Failed" testListId="8c84fa94-04c1-424b-9868-57a2d4851a1d" relativeResultsDirectory="bb05c123-ea3b-41a6-823f-a4085cf5dcc1">
      <Output>
        <ErrorInfo>
          <Message>Test method Tavisca.Catapult.External.Facade.Tests.ActivityMultiAvailTests.SearchByCityCodeTest.IsOnRequestTest2 threw exception: 
System.Transactions.TransactionManagerCommunicationException: Network access for Distributed Transaction Manager (MSDTC) has been disabled. Please enable DTC for network access in the security configuration for MSDTC using the Component Services Administrative tool. ---&gt; System.Runtime.InteropServices.COMException: The transaction manager has disabled its support for remote/network transactions. (Exception from HRESULT: 0x8004D024)</Message>
          <StackTrace>    at System.Transactions.Oletx.IDtcProxyShimFactory.ReceiveTransaction(UInt32 propgationTokenSize, Byte[] propgationToken, IntPtr managedIdentifier, Guid&amp; transactionIdentifier, OletxTransactionIsolationLevel&amp; isolationLevel, ITransactionShim&amp; transactionShim)
   at System.Transactions.TransactionInterop.GetOletxTransactionFromTransmitterPropigationToken(Byte[] propagationToken)
 --- End of inner exception stack trace ---
    at System.Transactions.Oletx.OletxTransactionManager.ProxyException(COMException comException)
   at System.Transactions.TransactionInterop.GetOletxTransactionFromTransmitterPropigationToken(Byte[] propagationToken)
   at System.Transactions.TransactionStatePSPEOperation.PSPEPromote(InternalTransaction tx)
   at System.Transactions.TransactionStateDelegatedBase.EnterState(InternalTransaction tx)
   at System.Transactions.EnlistableStates.Promote(InternalTransaction tx)
   at System.Transactions.Transaction.Promote()
   at System.Transactions.TransactionInterop.ConvertToOletxTransaction(Transaction transaction)
   at System.Transactions.TransactionInterop.GetExportCookie(Transaction transaction, Byte[] whereabouts)
   at System.Data.SqlClient.SqlInternalConnection.GetTransactionCookie(Transaction transaction, Byte[] whereAbouts)
   at System.Data.SqlClient.SqlInternalConnection.EnlistNonNull(Transaction tx)
   at System.Data.SqlClient.SqlInternalConnection.Enlist(Transaction tx)
   at System.Data.SqlClient.SqlInternalConnectionTds.Activate(Transaction transaction)
   at System.Data.ProviderBase.DbConnectionInternal.ActivateConnection(Transaction transaction)
   at System.Data.ProviderBase.DbConnectionPool.TryGetConnection(DbConnection owningObject, UInt32 waitForMultipleObjectsTimeout, Boolean allowCreate, Boolean onlyOneCheckConnection, DbConnectionOptions userOptions, DbConnectionInternal&amp; connection)
   at System.Data.ProviderBase.DbConnectionPool.TryGetConnection(DbConnection owningObject, TaskCompletionSource`1 retry, DbConnectionOptions userOptions, DbConnectionInternal&amp; connection)
   at System.Data.ProviderBase.DbConnectionFactory.TryGetConnection(DbConnection owningConnection, TaskCompletionSource`1 retry, DbConnectionOptions userOptions, DbConnectionInternal&amp; connection)
   at System.Data.ProviderBase.DbConnectionClosed.TryOpenConnection(DbConnection outerConnection, DbConnectionFactory connectionFactory, TaskCompletionSource`1 retry, DbConnectionOptions userOptions)
   at System.Data.SqlClient.SqlConnection.TryOpen(TaskCompletionSource`1 retry)
   at System.Data.SqlClient.SqlConnection.Open()
   at System.Data.Linq.SqlClient.SqlConnectionManager.UseConnection(IConnectionUser user)
   at System.Data.Linq.SqlClient.SqlProvider.get_IsSqlCe()
   at System.Data.Linq.SqlClient.SqlProvider.InitializeProviderMode()
   at System.Data.Linq.SqlClient.SqlProvider.System.Data.Linq.Provider.IProvider.Execute(Expression query)
   at System.Data.Linq.DataContext.ExecuteMethodCall(Object instance, MethodInfo methodInfo, Object[] parameters)
   at Tavisca.Catapult.Internal.ResourceAccess.DataProviders.Rate.LINQ.RateDataContext.spSaveRateCard(Nullable`1 id, Nullable`1 productId, String productType, String scope, Nullable`1 isEnabled, Nullable`1 isDeleted) in d:\Code\TOM\Catapult\Code\trunk\CatapultServices\Tavisca.Catapult.Internal.ResourceAccess.DataProviders\Rate\LINQ\Rate.designer.cs:line 265
   at Tavisca.Catapult.Internal.ResourceAccess.DataProviders.Rate.RateProvider.SaveRateCard(String scopeId, RateCard rateCard) in d:\Code\TOM\Catapult\Code\trunk\CatapultServices\Tavisca.Catapult.Internal.ResourceAccess.DataProviders\Rate\RateProvider.cs:line 649
   at Tavisca.Catapult.External.Facade.Tests.TestActivityGenerator.SaveRateCard(RateCard rateCard) in d:\Code\TOM\Catapult\Code\trunk\CatapultServices\Tavisca.Catapult.External.Facade.Tests\TestActivityGenerator.cs:line 352
   at Tavisca.Catapult.External.Facade.Tests.ActivityMultiAvailTests.SearchByCityCodeTest.IsOnRequestTest2() in d:\Code\TOM\Catapult\Code\trunk\CatapultServices\Tavisca.Catapult.External.Facade.Tests\ActivityMultiAvailTests\SearchByCityCodeTest.cs:line 1372
</StackTrace>
        </ErrorInfo>
      </Output>
    </UnitTestResult>
    <UnitTestResult executionId="e52ddbba-604b-4b68-947e-fdab31268150" testId="8f84bcef-ab78-da6b-b59f-ea6b48a4d014" testName="IsOnRequestTest3" computerName="PHOENIXX" duration="00:00:00.3248256" startTime="2013-08-09T22:00:59.9405139+05:30" endTime="2013-08-09T22:01:00.2656114+05:30" testType="13cdc9d9-ddb5-4fa4-a97d-d965ccfc6d4b" outcome="Failed" testListId="8c84fa94-04c1-424b-9868-57a2d4851a1d" relativeResultsDirectory="e52ddbba-604b-4b68-947e-fdab31268150">
      <Output>
        <ErrorInfo>
          <Message>Test method Tavisca.Catapult.External.Facade.Tests.ActivityMultiAvailTests.SearchByCityCodeTest.IsOnRequestTest3 threw exception: 
System.Transactions.TransactionManagerCommunicationException: Network access for Distributed Transaction Manager (MSDTC) has been disabled. Please enable DTC for network access in the security configuration for MSDTC using the Component Services Administrative tool. ---&gt; System.Runtime.InteropServices.COMException: The transaction manager has disabled its support for remote/network transactions. (Exception from HRESULT: 0x8004D024)</Message>
          <StackTrace>    at System.Transactions.Oletx.IDtcProxyShimFactory.ReceiveTransaction(UInt32 propgationTokenSize, Byte[] propgationToken, IntPtr managedIdentifier, Guid&amp; transactionIdentifier, OletxTransactionIsolationLevel&amp; isolationLevel, ITransactionShim&amp; transactionShim)
   at System.Transactions.TransactionInterop.GetOletxTransactionFromTransmitterPropigationToken(Byte[] propagationToken)
 --- End of inner exception stack trace ---
    at System.Transactions.Oletx.OletxTransactionManager.ProxyException(COMException comException)
   at System.Transactions.TransactionInterop.GetOletxTransactionFromTransmitterPropigationToken(Byte[] propagationToken)
   at System.Transactions.TransactionStatePSPEOperation.PSPEPromote(InternalTransaction tx)
   at System.Transactions.TransactionStateDelegatedBase.EnterState(InternalTransaction tx)
   at System.Transactions.EnlistableStates.Promote(InternalTransaction tx)
   at System.Transactions.Transaction.Promote()
   at System.Transactions.TransactionInterop.ConvertToOletxTransaction(Transaction transaction)
   at System.Transactions.TransactionInterop.GetExportCookie(Transaction transaction, Byte[] whereabouts)
   at System.Data.SqlClient.SqlInternalConnection.GetTransactionCookie(Transaction transaction, Byte[] whereAbouts)
   at System.Data.SqlClient.SqlInternalConnection.EnlistNonNull(Transaction tx)
   at System.Data.SqlClient.SqlInternalConnection.Enlist(Transaction tx)
   at System.Data.SqlClient.SqlInternalConnectionTds.Activate(Transaction transaction)
   at System.Data.ProviderBase.DbConnectionInternal.ActivateConnection(Transaction transaction)
   at System.Data.ProviderBase.DbConnectionPool.TryGetConnection(DbConnection owningObject, UInt32 waitForMultipleObjectsTimeout, Boolean allowCreate, Boolean onlyOneCheckConnection, DbConnectionOptions userOptions, DbConnectionInternal&amp; connection)
   at System.Data.ProviderBase.DbConnectionPool.TryGetConnection(DbConnection owningObject, TaskCompletionSource`1 retry, DbConnectionOptions userOptions, DbConnectionInternal&amp; connection)
   at System.Data.ProviderBase.DbConnectionFactory.TryGetConnection(DbConnection owningConnection, TaskCompletionSource`1 retry, DbConnectionOptions userOptions, DbConnectionInternal&amp; connection)
   at System.Data.ProviderBase.DbConnectionClosed.TryOpenConnection(DbConnection outerConnection, DbConnectionFactory connectionFactory, TaskCompletionSource`1 retry, DbConnectionOptions userOptions)
   at System.Data.SqlClient.SqlConnection.TryOpen(TaskCompletionSource`1 retry)
   at System.Data.SqlClient.SqlConnection.Open()
   at System.Data.Linq.SqlClient.SqlConnectionManager.UseConnection(IConnectionUser user)
   at System.Data.Linq.SqlClient.SqlProvider.get_IsSqlCe()
   at System.Data.Linq.SqlClient.SqlProvider.InitializeProviderMode()
   at System.Data.Linq.SqlClient.SqlProvider.System.Data.Linq.Provider.IProvider.Execute(Expression query)
   at System.Data.Linq.DataContext.ExecuteMethodCall(Object instance, MethodInfo methodInfo, Object[] parameters)
   at Tavisca.Catapult.Internal.ResourceAccess.DataProviders.Rate.LINQ.RateDataContext.spSaveRateCard(Nullable`1 id, Nullable`1 productId, String productType, String scope, Nullable`1 isEnabled, Nullable`1 isDeleted) in d:\Code\TOM\Catapult\Code\trunk\CatapultServices\Tavisca.Catapult.Internal.ResourceAccess.DataProviders\Rate\LINQ\Rate.designer.cs:line 265
   at Tavisca.Catapult.Internal.ResourceAccess.DataProviders.Rate.RateProvider.SaveRateCard(String scopeId, RateCard rateCard) in d:\Code\TOM\Catapult\Code\trunk\CatapultServices\Tavisca.Catapult.Internal.ResourceAccess.DataProviders\Rate\RateProvider.cs:line 649
   at Tavisca.Catapult.External.Facade.Tests.TestActivityGenerator.SaveRateCard(RateCard rateCard) in d:\Code\TOM\Catapult\Code\trunk\CatapultServices\Tavisca.Catapult.External.Facade.Tests\TestActivityGenerator.cs:line 352
   at Tavisca.Catapult.External.Facade.Tests.ActivityMultiAvailTests.SearchByCityCodeTest.IsOnRequestTest3() in d:\Code\TOM\Catapult\Code\trunk\CatapultServices\Tavisca.Catapult.External.Facade.Tests\ActivityMultiAvailTests\SearchByCityCodeTest.cs:line 1427
</StackTrace>
        </ErrorInfo>
      </Output>
    </UnitTestResult>
    <UnitTestResult executionId="b9ecdf3d-a8fe-41f6-aebe-05c6c3017728" testId="3b28a284-6be5-4786-c59b-0066567ad872" testName="IsOnRequestTest4" computerName="PHOENIXX" duration="00:00:00.9705581" startTime="2013-08-09T22:01:00.2656114+05:30" endTime="2013-08-09T22:01:01.2369027+05:30" testType="13cdc9d9-ddb5-4fa4-a97d-d965ccfc6d4b" outcome="Failed" testListId="8c84fa94-04c1-424b-9868-57a2d4851a1d" relativeResultsDirectory="b9ecdf3d-a8fe-41f6-aebe-05c6c3017728">
      <Output>
        <ErrorInfo>
          <Message>Test method Tavisca.Catapult.External.Facade.Tests.ActivityMultiAvailTests.SearchByCityCodeTest.IsOnRequestTest4 threw exception: 
System.Transactions.TransactionManagerCommunicationException: Network access for Distributed Transaction Manager (MSDTC) has been disabled. Please enable DTC for network access in the security configuration for MSDTC using the Component Services Administrative tool. ---&gt; System.Runtime.InteropServices.COMException: The transaction manager has disabled its support for remote/network transactions. (Exception from HRESULT: 0x8004D024)</Message>
          <StackTrace>    at System.Transactions.Oletx.IDtcProxyShimFactory.ReceiveTransaction(UInt32 propgationTokenSize, Byte[] propgationToken, IntPtr managedIdentifier, Guid&amp; transactionIdentifier, OletxTransactionIsolationLevel&amp; isolationLevel, ITransactionShim&amp; transactionShim)
   at System.Transactions.TransactionInterop.GetOletxTransactionFromTransmitterPropigationToken(Byte[] propagationToken)
 --- End of inner exception stack trace ---
    at System.Transactions.Oletx.OletxTransactionManager.ProxyException(COMException comException)
   at System.Transactions.TransactionInterop.GetOletxTransactionFromTransmitterPropigationToken(Byte[] propagationToken)
   at System.Transactions.TransactionStatePSPEOperation.PSPEPromote(InternalTransaction tx)
   at System.Transactions.TransactionStateDelegatedBase.EnterState(InternalTransaction tx)
   at System.Transactions.EnlistableStates.Promote(InternalTransaction tx)
   at System.Transactions.Transaction.Promote()
   at System.Transactions.TransactionInterop.ConvertToOletxTransaction(Transaction transaction)
   at System.Transactions.TransactionInterop.GetExportCookie(Transaction transaction, Byte[] whereabouts)
   at System.Data.SqlClient.SqlInternalConnection.GetTransactionCookie(Transaction transaction, Byte[] whereAbouts)
   at System.Data.SqlClient.SqlInternalConnection.EnlistNonNull(Transaction tx)
   at System.Data.SqlClient.SqlInternalConnection.Enlist(Transaction tx)
   at System.Data.SqlClient.SqlInternalConnectionTds.Activate(Transaction transaction)
   at System.Data.ProviderBase.DbConnectionInternal.ActivateConnection(Transaction transaction)
   at System.Data.ProviderBase.DbConnectionPool.TryGetConnection(DbConnection owningObject, UInt32 waitForMultipleObjectsTimeout, Boolean allowCreate, Boolean onlyOneCheckConnection, DbConnectionOptions userOptions, DbConnectionInternal&amp; connection)
   at System.Data.ProviderBase.DbConnectionPool.TryGetConnection(DbConnection owningObject, TaskCompletionSource`1 retry, DbConnectionOptions userOptions, DbConnectionInternal&amp; connection)
   at System.Data.ProviderBase.DbConnectionFactory.TryGetConnection(DbConnection owningConnection, TaskCompletionSource`1 retry, DbConnectionOptions userOptions, DbConnectionInternal&amp; connection)
   at System.Data.ProviderBase.DbConnectionClosed.TryOpenConnection(DbConnection outerConnection, DbConnectionFactory connectionFactory, TaskCompletionSource`1 retry, DbConnectionOptions userOptions)
   at System.Data.SqlClient.SqlConnection.TryOpen(TaskCompletionSource`1 retry)
   at System.Data.SqlClient.SqlConnection.Open()
   at System.Data.Linq.SqlClient.SqlConnectionManager.UseConnection(IConnectionUser user)
   at System.Data.Linq.SqlClient.SqlProvider.get_IsSqlCe()
   at System.Data.Linq.SqlClient.SqlProvider.InitializeProviderMode()
   at System.Data.Linq.SqlClient.SqlProvider.System.Data.Linq.Provider.IProvider.Execute(Expression query)
   at System.Data.Linq.DataContext.ExecuteMethodCall(Object instance, MethodInfo methodInfo, Object[] parameters)
   at Tavisca.Catapult.Internal.ResourceAccess.DataProviders.Rate.LINQ.RateDataContext.spSaveRateCard(Nullable`1 id, Nullable`1 productId, String productType, String scope, Nullable`1 isEnabled, Nullable`1 isDeleted) in d:\Code\TOM\Catapult\Code\trunk\CatapultServices\Tavisca.Catapult.Internal.ResourceAccess.DataProviders\Rate\LINQ\Rate.designer.cs:line 265
   at Tavisca.Catapult.Internal.ResourceAccess.DataProviders.Rate.RateProvider.SaveRateCard(String scopeId, RateCard rateCard) in d:\Code\TOM\Catapult\Code\trunk\CatapultServices\Tavisca.Catapult.Internal.ResourceAccess.DataProviders\Rate\RateProvider.cs:line 649
   at Tavisca.Catapult.External.Facade.Tests.TestActivityGenerator.SaveRateCard(RateCard rateCard) in d:\Code\TOM\Catapult\Code\trunk\CatapultServices\Tavisca.Catapult.External.Facade.Tests\TestActivityGenerator.cs:line 352
   at Tavisca.Catapult.External.Facade.Tests.ActivityMultiAvailTests.SearchByCityCodeTest.IsOnRequestTest4() in d:\Code\TOM\Catapult\Code\trunk\CatapultServices\Tavisca.Catapult.External.Facade.Tests\ActivityMultiAvailTests\SearchByCityCodeTest.cs:line 1480
</StackTrace>
        </ErrorInfo>
      </Output>
    </UnitTestResult>
    <UnitTestResult executionId="e09519d3-2247-4827-9d6b-bb07af247887" testId="1bab8c31-4448-04b8-f07c-075d89669e52" testName="PerUnitTest1" computerName="PHOENIXX" duration="00:00:01.2193801" startTime="2013-08-09T22:01:01.2369027+05:30" endTime="2013-08-09T22:01:02.4572687+05:30" testType="13cdc9d9-ddb5-4fa4-a97d-d965ccfc6d4b" outcome="Failed" testListId="8c84fa94-04c1-424b-9868-57a2d4851a1d" relativeResultsDirectory="e09519d3-2247-4827-9d6b-bb07af247887">
      <Output>
        <ErrorInfo>
          <Message>Test method Tavisca.Catapult.External.Facade.Tests.ActivityMultiAvailTests.SearchByCityCodeTest.PerUnitTest1 threw exception: 
System.Transactions.TransactionManagerCommunicationException: Network access for Distributed Transaction Manager (MSDTC) has been disabled. Please enable DTC for network access in the security configuration for MSDTC using the Component Services Administrative tool. ---&gt; System.Runtime.InteropServices.COMException: The transaction manager has disabled its support for remote/network transactions. (Exception from HRESULT: 0x8004D024)</Message>
          <StackTrace>    at System.Transactions.Oletx.IDtcProxyShimFactory.ReceiveTransaction(UInt32 propgationTokenSize, Byte[] propgationToken, IntPtr managedIdentifier, Guid&amp; transactionIdentifier, OletxTransactionIsolationLevel&amp; isolationLevel, ITransactionShim&amp; transactionShim)
   at System.Transactions.TransactionInterop.GetOletxTransactionFromTransmitterPropigationToken(Byte[] propagationToken)
 --- End of inner exception stack trace ---
    at System.Transactions.Oletx.OletxTransactionManager.ProxyException(COMException comException)
   at System.Transactions.TransactionInterop.GetOletxTransactionFromTransmitterPropigationToken(Byte[] propagationToken)
   at System.Transactions.TransactionStatePSPEOperation.PSPEPromote(InternalTransaction tx)
   at System.Transactions.TransactionStateDelegatedBase.EnterState(InternalTransaction tx)
   at System.Transactions.EnlistableStates.Promote(InternalTransaction tx)
   at System.Transactions.Transaction.Promote()
   at System.Transactions.TransactionInterop.ConvertToOletxTransaction(Transaction transaction)
   at System.Transactions.TransactionInterop.GetExportCookie(Transaction transaction, Byte[] whereabouts)
   at System.Data.SqlClient.SqlInternalConnection.GetTransactionCookie(Transaction transaction, Byte[] whereAbouts)
   at System.Data.SqlClient.SqlInternalConnection.EnlistNonNull(Transaction tx)
   at System.Data.SqlClient.SqlInternalConnection.Enlist(Transaction tx)
   at System.Data.SqlClient.SqlInternalConnectionTds.Activate(Transaction transaction)
   at System.Data.ProviderBase.DbConnectionInternal.ActivateConnection(Transaction transaction)
   at System.Data.ProviderBase.DbConnectionPool.TryGetConnection(DbConnection owningObject, UInt32 waitForMultipleObjectsTimeout, Boolean allowCreate, Boolean onlyOneCheckConnection, DbConnectionOptions userOptions, DbConnectionInternal&amp; connection)
   at System.Data.ProviderBase.DbConnectionPool.TryGetConnection(DbConnection owningObject, TaskCompletionSource`1 retry, DbConnectionOptions userOptions, DbConnectionInternal&amp; connection)
   at System.Data.ProviderBase.DbConnectionFactory.TryGetConnection(DbConnection owningConnection, TaskCompletionSource`1 retry, DbConnectionOptions userOptions, DbConnectionInternal&amp; connection)
   at System.Data.ProviderBase.DbConnectionClosed.TryOpenConnection(DbConnection outerConnection, DbConnectionFactory connectionFactory, TaskCompletionSource`1 retry, DbConnectionOptions userOptions)
   at System.Data.SqlClient.SqlConnection.TryOpen(TaskCompletionSource`1 retry)
   at System.Data.SqlClient.SqlConnection.Open()
   at System.Data.Linq.SqlClient.SqlConnectionManager.UseConnection(IConnectionUser user)
   at System.Data.Linq.SqlClient.SqlProvider.get_IsSqlCe()
   at System.Data.Linq.SqlClient.SqlProvider.InitializeProviderMode()
   at System.Data.Linq.SqlClient.SqlProvider.System.Data.Linq.Provider.IProvider.Execute(Expression query)
   at System.Data.Linq.DataContext.ExecuteMethodCall(Object instance, MethodInfo methodInfo, Object[] parameters)
   at Tavisca.Catapult.Internal.ResourceAccess.DataProviders.Rate.LINQ.RateDataContext.spSaveRateCard(Nullable`1 id, Nullable`1 productId, String productType, String scope, Nullable`1 isEnabled, Nullable`1 isDeleted) in d:\Code\TOM\Catapult\Code\trunk\CatapultServices\Tavisca.Catapult.Internal.ResourceAccess.DataProviders\Rate\LINQ\Rate.designer.cs:line 265
   at Tavisca.Catapult.Internal.ResourceAccess.DataProviders.Rate.RateProvider.SaveRateCard(String scopeId, RateCard rateCard) in d:\Code\TOM\Catapult\Code\trunk\CatapultServices\Tavisca.Catapult.Internal.ResourceAccess.DataProviders\Rate\RateProvider.cs:line 649
   at Tavisca.Catapult.External.Facade.Tests.TestActivityGenerator.SaveRateCard(RateCard rateCard) in d:\Code\TOM\Catapult\Code\trunk\CatapultServices\Tavisca.Catapult.External.Facade.Tests\TestActivityGenerator.cs:line 352
   at Tavisca.Catapult.External.Facade.Tests.ActivityMultiAvailTests.SearchByCityCodeTest.PerUnitTest1() in d:\Code\TOM\Catapult\Code\trunk\CatapultServices\Tavisca.Catapult.External.Facade.Tests\ActivityMultiAvailTests\SearchByCityCodeTest.cs:line 1536
</StackTrace>
        </ErrorInfo>
      </Output>
    </UnitTestResult>
    <UnitTestResult executionId="9f4d5511-9fef-4e9d-a725-7a9385e59745" testId="0b5e303b-25ef-4267-ef4d-34c66e6b428e" testName="PerUnitTest2" computerName="PHOENIXX" duration="00:00:00.5914027" startTime="2013-08-09T22:01:02.4572687+05:30" endTime="2013-08-09T22:01:03.0484460+05:30" testType="13cdc9d9-ddb5-4fa4-a97d-d965ccfc6d4b" outcome="Failed" testListId="8c84fa94-04c1-424b-9868-57a2d4851a1d" relativeResultsDirectory="9f4d5511-9fef-4e9d-a725-7a9385e59745">
      <Output>
        <ErrorInfo>
          <Message>Test method Tavisca.Catapult.External.Facade.Tests.ActivityMultiAvailTests.SearchByCityCodeTest.PerUnitTest2 threw exception: 
System.Transactions.TransactionManagerCommunicationException: Network access for Distributed Transaction Manager (MSDTC) has been disabled. Please enable DTC for network access in the security configuration for MSDTC using the Component Services Administrative tool. ---&gt; System.Runtime.InteropServices.COMException: The transaction manager has disabled its support for remote/network transactions. (Exception from HRESULT: 0x8004D024)</Message>
          <StackTrace>    at System.Transactions.Oletx.IDtcProxyShimFactory.ReceiveTransaction(UInt32 propgationTokenSize, Byte[] propgationToken, IntPtr managedIdentifier, Guid&amp; transactionIdentifier, OletxTransactionIsolationLevel&amp; isolationLevel, ITransactionShim&amp; transactionShim)
   at System.Transactions.TransactionInterop.GetOletxTransactionFromTransmitterPropigationToken(Byte[] propagationToken)
 --- End of inner exception stack trace ---
    at System.Transactions.Oletx.OletxTransactionManager.ProxyException(COMException comException)
   at System.Transactions.TransactionInterop.GetOletxTransactionFromTransmitterPropigationToken(Byte[] propagationToken)
   at System.Transactions.TransactionStatePSPEOperation.PSPEPromote(InternalTransaction tx)
   at System.Transactions.TransactionStateDelegatedBase.EnterState(InternalTransaction tx)
   at System.Transactions.EnlistableStates.Promote(InternalTransaction tx)
   at System.Transactions.Transaction.Promote()
   at System.Transactions.TransactionInterop.ConvertToOletxTransaction(Transaction transaction)
   at System.Transactions.TransactionInterop.GetExportCookie(Transaction transaction, Byte[] whereabouts)
   at System.Data.SqlClient.SqlInternalConnection.GetTransactionCookie(Transaction transaction, Byte[] whereAbouts)
   at System.Data.SqlClient.SqlInternalConnection.EnlistNonNull(Transaction tx)
   at System.Data.SqlClient.SqlInternalConnection.Enlist(Transaction tx)
   at System.Data.SqlClient.SqlInternalConnectionTds.Activate(Transaction transaction)
   at System.Data.ProviderBase.DbConnectionInternal.ActivateConnection(Transaction transaction)
   at System.Data.ProviderBase.DbConnectionPool.TryGetConnection(DbConnection owningObject, UInt32 waitForMultipleObjectsTimeout, Boolean allowCreate, Boolean onlyOneCheckConnection, DbConnectionOptions userOptions, DbConnectionInternal&amp; connection)
   at System.Data.ProviderBase.DbConnectionPool.TryGetConnection(DbConnection owningObject, TaskCompletionSource`1 retry, DbConnectionOptions userOptions, DbConnectionInternal&amp; connection)
   at System.Data.ProviderBase.DbConnectionFactory.TryGetConnection(DbConnection owningConnection, TaskCompletionSource`1 retry, DbConnectionOptions userOptions, DbConnectionInternal&amp; connection)
   at System.Data.ProviderBase.DbConnectionClosed.TryOpenConnection(DbConnection outerConnection, DbConnectionFactory connectionFactory, TaskCompletionSource`1 retry, DbConnectionOptions userOptions)
   at System.Data.SqlClient.SqlConnection.TryOpen(TaskCompletionSource`1 retry)
   at System.Data.SqlClient.SqlConnection.Open()
   at System.Data.Linq.SqlClient.SqlConnectionManager.UseConnection(IConnectionUser user)
   at System.Data.Linq.SqlClient.SqlProvider.get_IsSqlCe()
   at System.Data.Linq.SqlClient.SqlProvider.InitializeProviderMode()
   at System.Data.Linq.SqlClient.SqlProvider.System.Data.Linq.Provider.IProvider.Execute(Expression query)
   at System.Data.Linq.DataContext.ExecuteMethodCall(Object instance, MethodInfo methodInfo, Object[] parameters)
   at Tavisca.Catapult.Internal.ResourceAccess.DataProviders.Rate.LINQ.RateDataContext.spSaveRateCard(Nullable`1 id, Nullable`1 productId, String productType, String scope, Nullable`1 isEnabled, Nullable`1 isDeleted) in d:\Code\TOM\Catapult\Code\trunk\CatapultServices\Tavisca.Catapult.Internal.ResourceAccess.DataProviders\Rate\LINQ\Rate.designer.cs:line 265
   at Tavisca.Catapult.Internal.ResourceAccess.DataProviders.Rate.RateProvider.SaveRateCard(String scopeId, RateCard rateCard) in d:\Code\TOM\Catapult\Code\trunk\CatapultServices\Tavisca.Catapult.Internal.ResourceAccess.DataProviders\Rate\RateProvider.cs:line 649
   at Tavisca.Catapult.External.Facade.Tests.TestActivityGenerator.SaveRateCard(RateCard rateCard) in d:\Code\TOM\Catapult\Code\trunk\CatapultServices\Tavisca.Catapult.External.Facade.Tests\TestActivityGenerator.cs:line 352
   at Tavisca.Catapult.External.Facade.Tests.ActivityMultiAvailTests.SearchByCityCodeTest.PerUnitTest2() in d:\Code\TOM\Catapult\Code\trunk\CatapultServices\Tavisca.Catapult.External.Facade.Tests\ActivityMultiAvailTests\SearchByCityCodeTest.cs:line 1592
</StackTrace>
        </ErrorInfo>
      </Output>
    </UnitTestResult>
    <UnitTestResult executionId="7c1528d3-d484-4b74-8813-e0e29fb5d1dc" testId="00a3c0c5-42dc-81c6-4f2c-1577c19a99f1" testName="PerUnitTest3" computerName="PHOENIXX" duration="00:00:00.4543822" startTime="2013-08-09T22:01:03.0484460+05:30" endTime="2013-08-09T22:01:03.5035825+05:30" testType="13cdc9d9-ddb5-4fa4-a97d-d965ccfc6d4b" outcome="Failed" testListId="8c84fa94-04c1-424b-9868-57a2d4851a1d" relativeResultsDirectory="7c1528d3-d484-4b74-8813-e0e29fb5d1dc">
      <Output>
        <ErrorInfo>
          <Message>Test method Tavisca.Catapult.External.Facade.Tests.ActivityMultiAvailTests.SearchByCityCodeTest.PerUnitTest3 threw exception: 
System.Transactions.TransactionManagerCommunicationException: Network access for Distributed Transaction Manager (MSDTC) has been disabled. Please enable DTC for network access in the security configuration for MSDTC using the Component Services Administrative tool. ---&gt; System.Runtime.InteropServices.COMException: The transaction manager has disabled its support for remote/network transactions. (Exception from HRESULT: 0x8004D024)</Message>
          <StackTrace>    at System.Transactions.Oletx.IDtcProxyShimFactory.ReceiveTransaction(UInt32 propgationTokenSize, Byte[] propgationToken, IntPtr managedIdentifier, Guid&amp; transactionIdentifier, OletxTransactionIsolationLevel&amp; isolationLevel, ITransactionShim&amp; transactionShim)
   at System.Transactions.TransactionInterop.GetOletxTransactionFromTransmitterPropigationToken(Byte[] propagationToken)
 --- End of inner exception stack trace ---
    at System.Transactions.Oletx.OletxTransactionManager.ProxyException(COMException comException)
   at System.Transactions.TransactionInterop.GetOletxTransactionFromTransmitterPropigationToken(Byte[] propagationToken)
   at System.Transactions.TransactionStatePSPEOperation.PSPEPromote(InternalTransaction tx)
   at System.Transactions.TransactionStateDelegatedBase.EnterState(InternalTransaction tx)
   at System.Transactions.EnlistableStates.Promote(InternalTransaction tx)
   at System.Transactions.Transaction.Promote()
   at System.Transactions.TransactionInterop.ConvertToOletxTransaction(Transaction transaction)
   at System.Transactions.TransactionInterop.GetExportCookie(Transaction transaction, Byte[] whereabouts)
   at System.Data.SqlClient.SqlInternalConnection.GetTransactionCookie(Transaction transaction, Byte[] whereAbouts)
   at System.Data.SqlClient.SqlInternalConnection.EnlistNonNull(Transaction tx)
   at System.Data.SqlClient.SqlInternalConnection.Enlist(Transaction tx)
   at System.Data.SqlClient.SqlInternalConnectionTds.Activate(Transaction transaction)
   at System.Data.ProviderBase.DbConnectionInternal.ActivateConnection(Transaction transaction)
   at System.Data.ProviderBase.DbConnectionPool.TryGetConnection(DbConnection owningObject, UInt32 waitForMultipleObjectsTimeout, Boolean allowCreate, Boolean onlyOneCheckConnection, DbConnectionOptions userOptions, DbConnectionInternal&amp; connection)
   at System.Data.ProviderBase.DbConnectionPool.TryGetConnection(DbConnection owningObject, TaskCompletionSource`1 retry, DbConnectionOptions userOptions, DbConnectionInternal&amp; connection)
   at System.Data.ProviderBase.DbConnectionFactory.TryGetConnection(DbConnection owningConnection, TaskCompletionSource`1 retry, DbConnectionOptions userOptions, DbConnectionInternal&amp; connection)
   at System.Data.ProviderBase.DbConnectionClosed.TryOpenConnection(DbConnection outerConnection, DbConnectionFactory connectionFactory, TaskCompletionSource`1 retry, DbConnectionOptions userOptions)
   at System.Data.SqlClient.SqlConnection.TryOpen(TaskCompletionSource`1 retry)
   at System.Data.SqlClient.SqlConnection.Open()
   at System.Data.Linq.SqlClient.SqlConnectionManager.UseConnection(IConnectionUser user)
   at System.Data.Linq.SqlClient.SqlProvider.get_IsSqlCe()
   at System.Data.Linq.SqlClient.SqlProvider.InitializeProviderMode()
   at System.Data.Linq.SqlClient.SqlProvider.System.Data.Linq.Provider.IProvider.Execute(Expression query)
   at System.Data.Linq.DataContext.ExecuteMethodCall(Object instance, MethodInfo methodInfo, Object[] parameters)
   at Tavisca.Catapult.Internal.ResourceAccess.DataProviders.Rate.LINQ.RateDataContext.spSaveRateCard(Nullable`1 id, Nullable`1 productId, String productType, String scope, Nullable`1 isEnabled, Nullable`1 isDeleted) in d:\Code\TOM\Catapult\Code\trunk\CatapultServices\Tavisca.Catapult.Internal.ResourceAccess.DataProviders\Rate\LINQ\Rate.designer.cs:line 265
   at Tavisca.Catapult.Internal.ResourceAccess.DataProviders.Rate.RateProvider.SaveRateCard(String scopeId, RateCard rateCard) in d:\Code\TOM\Catapult\Code\trunk\CatapultServices\Tavisca.Catapult.Internal.ResourceAccess.DataProviders\Rate\RateProvider.cs:line 649
   at Tavisca.Catapult.External.Facade.Tests.TestActivityGenerator.SaveRateCard(RateCard rateCard) in d:\Code\TOM\Catapult\Code\trunk\CatapultServices\Tavisca.Catapult.External.Facade.Tests\TestActivityGenerator.cs:line 352
   at Tavisca.Catapult.External.Facade.Tests.ActivityMultiAvailTests.SearchByCityCodeTest.PerUnitTest3() in d:\Code\TOM\Catapult\Code\trunk\CatapultServices\Tavisca.Catapult.External.Facade.Tests\ActivityMultiAvailTests\SearchByCityCodeTest.cs:line 1644
</StackTrace>
        </ErrorInfo>
      </Output>
    </UnitTestResult>
    <UnitTestResult executionId="fcd5a8b6-00fb-4f1d-9a04-78e18a0b8cde" testId="94e1acad-bb70-f866-5efb-01d59bad8348" testName="PerPersonTest1" computerName="PHOENIXX" duration="00:00:00.3569420" startTime="2013-08-09T22:01:03.5035825+05:30" endTime="2013-08-09T22:01:03.8606896+05:30" testType="13cdc9d9-ddb5-4fa4-a97d-d965ccfc6d4b" outcome="Failed" testListId="8c84fa94-04c1-424b-9868-57a2d4851a1d" relativeResultsDirectory="fcd5a8b6-00fb-4f1d-9a04-78e18a0b8cde">
      <Output>
        <ErrorInfo>
          <Message>Test method Tavisca.Catapult.External.Facade.Tests.ActivityMultiAvailTests.SearchByCityCodeTest.PerPersonTest1 threw exception: 
System.Transactions.TransactionManagerCommunicationException: Network access for Distributed Transaction Manager (MSDTC) has been disabled. Please enable DTC for network access in the security configuration for MSDTC using the Component Services Administrative tool. ---&gt; System.Runtime.InteropServices.COMException: The transaction manager has disabled its support for remote/network transactions. (Exception from HRESULT: 0x8004D024)</Message>
          <StackTrace>    at System.Transactions.Oletx.IDtcProxyShimFactory.ReceiveTransaction(UInt32 propgationTokenSize, Byte[] propgationToken, IntPtr managedIdentifier, Guid&amp; transactionIdentifier, OletxTransactionIsolationLevel&amp; isolationLevel, ITransactionShim&amp; transactionShim)
   at System.Transactions.TransactionInterop.GetOletxTransactionFromTransmitterPropigationToken(Byte[] propagationToken)
 --- End of inner exception stack trace ---
    at System.Transactions.Oletx.OletxTransactionManager.ProxyException(COMException comException)
   at System.Transactions.TransactionInterop.GetOletxTransactionFromTransmitterPropigationToken(Byte[] propagationToken)
   at System.Transactions.TransactionStatePSPEOperation.PSPEPromote(InternalTransaction tx)
   at System.Transactions.TransactionStateDelegatedBase.EnterState(InternalTransaction tx)
   at System.Transactions.EnlistableStates.Promote(InternalTransaction tx)
   at System.Transactions.Transaction.Promote()
   at System.Transactions.TransactionInterop.ConvertToOletxTransaction(Transaction transaction)
   at System.Transactions.TransactionInterop.GetExportCookie(Transaction transaction, Byte[] whereabouts)
   at System.Data.SqlClient.SqlInternalConnection.GetTransactionCookie(Transaction transaction, Byte[] whereAbouts)
   at System.Data.SqlClient.SqlInternalConnection.EnlistNonNull(Transaction tx)
   at System.Data.SqlClient.SqlInternalConnection.Enlist(Transaction tx)
   at System.Data.SqlClient.SqlInternalConnectionTds.Activate(Transaction transaction)
   at System.Data.ProviderBase.DbConnectionInternal.ActivateConnection(Transaction transaction)
   at System.Data.ProviderBase.DbConnectionPool.TryGetConnection(DbConnection owningObject, UInt32 waitForMultipleObjectsTimeout, Boolean allowCreate, Boolean onlyOneCheckConnection, DbConnectionOptions userOptions, DbConnectionInternal&amp; connection)
   at System.Data.ProviderBase.DbConnectionPool.TryGetConnection(DbConnection owningObject, TaskCompletionSource`1 retry, DbConnectionOptions userOptions, DbConnectionInternal&amp; connection)
   at System.Data.ProviderBase.DbConnectionFactory.TryGetConnection(DbConnection owningConnection, TaskCompletionSource`1 retry, DbConnectionOptions userOptions, DbConnectionInternal&amp; connection)
   at System.Data.ProviderBase.DbConnectionClosed.TryOpenConnection(DbConnection outerConnection, DbConnectionFactory connectionFactory, TaskCompletionSource`1 retry, DbConnectionOptions userOptions)
   at System.Data.SqlClient.SqlConnection.TryOpen(TaskCompletionSource`1 retry)
   at System.Data.SqlClient.SqlConnection.Open()
   at System.Data.Linq.SqlClient.SqlConnectionManager.UseConnection(IConnectionUser user)
   at System.Data.Linq.SqlClient.SqlProvider.get_IsSqlCe()
   at System.Data.Linq.SqlClient.SqlProvider.InitializeProviderMode()
   at System.Data.Linq.SqlClient.SqlProvider.System.Data.Linq.Provider.IProvider.Execute(Expression query)
   at System.Data.Linq.DataContext.ExecuteMethodCall(Object instance, MethodInfo methodInfo, Object[] parameters)
   at Tavisca.Catapult.Internal.ResourceAccess.DataProviders.Rate.LINQ.RateDataContext.spSaveRateCard(Nullable`1 id, Nullable`1 productId, String productType, String scope, Nullable`1 isEnabled, Nullable`1 isDeleted) in d:\Code\TOM\Catapult\Code\trunk\CatapultServices\Tavisca.Catapult.Internal.ResourceAccess.DataProviders\Rate\LINQ\Rate.designer.cs:line 265
   at Tavisca.Catapult.Internal.ResourceAccess.DataProviders.Rate.RateProvider.SaveRateCard(String scopeId, RateCard rateCard) in d:\Code\TOM\Catapult\Code\trunk\CatapultServices\Tavisca.Catapult.Internal.ResourceAccess.DataProviders\Rate\RateProvider.cs:line 649
   at Tavisca.Catapult.External.Facade.Tests.TestActivityGenerator.SaveRateCard(RateCard rateCard) in d:\Code\TOM\Catapult\Code\trunk\CatapultServices\Tavisca.Catapult.External.Facade.Tests\TestActivityGenerator.cs:line 352
   at Tavisca.Catapult.External.Facade.Tests.ActivityMultiAvailTests.SearchByCityCodeTest.PerPersonTest1() in d:\Code\TOM\Catapult\Code\trunk\CatapultServices\Tavisca.Catapult.External.Facade.Tests\ActivityMultiAvailTests\SearchByCityCodeTest.cs:line 1696
</StackTrace>
        </ErrorInfo>
      </Output>
    </UnitTestResult>
    <UnitTestResult executionId="29b70daa-9515-4511-80ca-3d2e04bb5075" testId="f21ff747-dcb5-ed97-f506-aca7b32158a6" testName="PerPersonTest2" computerName="PHOENIXX" duration="00:00:00.3393511" startTime="2013-08-09T22:01:03.8606896+05:30" endTime="2013-08-09T22:01:04.1997913+05:30" testType="13cdc9d9-ddb5-4fa4-a97d-d965ccfc6d4b" outcome="Failed" testListId="8c84fa94-04c1-424b-9868-57a2d4851a1d" relativeResultsDirectory="29b70daa-9515-4511-80ca-3d2e04bb5075">
      <Output>
        <ErrorInfo>
          <Message>Test method Tavisca.Catapult.External.Facade.Tests.ActivityMultiAvailTests.SearchByCityCodeTest.PerPersonTest2 threw exception: 
System.Transactions.TransactionManagerCommunicationException: Network access for Distributed Transaction Manager (MSDTC) has been disabled. Please enable DTC for network access in the security configuration for MSDTC using the Component Services Administrative tool. ---&gt; System.Runtime.InteropServices.COMException: The transaction manager has disabled its support for remote/network transactions. (Exception from HRESULT: 0x8004D024)</Message>
          <StackTrace>    at System.Transactions.Oletx.IDtcProxyShimFactory.ReceiveTransaction(UInt32 propgationTokenSize, Byte[] propgationToken, IntPtr managedIdentifier, Guid&amp; transactionIdentifier, OletxTransactionIsolationLevel&amp; isolationLevel, ITransactionShim&amp; transactionShim)
   at System.Transactions.TransactionInterop.GetOletxTransactionFromTransmitterPropigationToken(Byte[] propagationToken)
 --- End of inner exception stack trace ---
    at System.Transactions.Oletx.OletxTransactionManager.ProxyException(COMException comException)
   at System.Transactions.TransactionInterop.GetOletxTransactionFromTransmitterPropigationToken(Byte[] propagationToken)
   at System.Transactions.TransactionStatePSPEOperation.PSPEPromote(InternalTransaction tx)
   at System.Transactions.TransactionStateDelegatedBase.EnterState(InternalTransaction tx)
   at System.Transactions.EnlistableStates.Promote(InternalTransaction tx)
   at System.Transactions.Transaction.Promote()
   at System.Transactions.TransactionInterop.ConvertToOletxTransaction(Transaction transaction)
   at System.Transactions.TransactionInterop.GetExportCookie(Transaction transaction, Byte[] whereabouts)
   at System.Data.SqlClient.SqlInternalConnection.GetTransactionCookie(Transaction transaction, Byte[] whereAbouts)
   at System.Data.SqlClient.SqlInternalConnection.EnlistNonNull(Transaction tx)
   at System.Data.SqlClient.SqlInternalConnection.Enlist(Transaction tx)
   at System.Data.SqlClient.SqlInternalConnectionTds.Activate(Transaction transaction)
   at System.Data.ProviderBase.DbConnectionInternal.ActivateConnection(Transaction transaction)
   at System.Data.ProviderBase.DbConnectionPool.TryGetConnection(DbConnection owningObject, UInt32 waitForMultipleObjectsTimeout, Boolean allowCreate, Boolean onlyOneCheckConnection, DbConnectionOptions userOptions, DbConnectionInternal&amp; connection)
   at System.Data.ProviderBase.DbConnectionPool.TryGetConnection(DbConnection owningObject, TaskCompletionSource`1 retry, DbConnectionOptions userOptions, DbConnectionInternal&amp; connection)
   at System.Data.ProviderBase.DbConnectionFactory.TryGetConnection(DbConnection owningConnection, TaskCompletionSource`1 retry, DbConnectionOptions userOptions, DbConnectionInternal&amp; connection)
   at System.Data.ProviderBase.DbConnectionClosed.TryOpenConnection(DbConnection outerConnection, DbConnectionFactory connectionFactory, TaskCompletionSource`1 retry, DbConnectionOptions userOptions)
   at System.Data.SqlClient.SqlConnection.TryOpen(TaskCompletionSource`1 retry)
   at System.Data.SqlClient.SqlConnection.Open()
   at System.Data.Linq.SqlClient.SqlConnectionManager.UseConnection(IConnectionUser user)
   at System.Data.Linq.SqlClient.SqlProvider.get_IsSqlCe()
   at System.Data.Linq.SqlClient.SqlProvider.InitializeProviderMode()
   at System.Data.Linq.SqlClient.SqlProvider.System.Data.Linq.Provider.IProvider.Execute(Expression query)
   at System.Data.Linq.DataContext.ExecuteMethodCall(Object instance, MethodInfo methodInfo, Object[] parameters)
   at Tavisca.Catapult.Internal.ResourceAccess.DataProviders.Rate.LINQ.RateDataContext.spSaveRateCard(Nullable`1 id, Nullable`1 productId, String productType, String scope, Nullable`1 isEnabled, Nullable`1 isDeleted) in d:\Code\TOM\Catapult\Code\trunk\CatapultServices\Tavisca.Catapult.Internal.ResourceAccess.DataProviders\Rate\LINQ\Rate.designer.cs:line 265
   at Tavisca.Catapult.Internal.ResourceAccess.DataProviders.Rate.RateProvider.SaveRateCard(String scopeId, RateCard rateCard) in d:\Code\TOM\Catapult\Code\trunk\CatapultServices\Tavisca.Catapult.Internal.ResourceAccess.DataProviders\Rate\RateProvider.cs:line 649
   at Tavisca.Catapult.External.Facade.Tests.TestActivityGenerator.SaveRateCard(RateCard rateCard) in d:\Code\TOM\Catapult\Code\trunk\CatapultServices\Tavisca.Catapult.External.Facade.Tests\TestActivityGenerator.cs:line 352
   at Tavisca.Catapult.External.Facade.Tests.ActivityMultiAvailTests.SearchByCityCodeTest.PerPersonTest2() in d:\Code\TOM\Catapult\Code\trunk\CatapultServices\Tavisca.Catapult.External.Facade.Tests\ActivityMultiAvailTests\SearchByCityCodeTest.cs:line 1748
</StackTrace>
        </ErrorInfo>
      </Output>
    </UnitTestResult>
    <UnitTestResult executionId="d7dd33ca-1731-4c43-aa7d-ca2648cd86fb" testId="8807f456-1387-e414-8904-9764886bc335" testName="PerPersonTes3" computerName="PHOENIXX" duration="00:00:00.3237471" startTime="2013-08-09T22:01:04.1997913+05:30" endTime="2013-08-09T22:01:04.5238885+05:30" testType="13cdc9d9-ddb5-4fa4-a97d-d965ccfc6d4b" outcome="Failed" testListId="8c84fa94-04c1-424b-9868-57a2d4851a1d" relativeResultsDirectory="d7dd33ca-1731-4c43-aa7d-ca2648cd86fb">
      <Output>
        <ErrorInfo>
          <Message>Test method Tavisca.Catapult.External.Facade.Tests.ActivityMultiAvailTests.SearchByCityCodeTest.PerPersonTes3 threw exception: 
System.Transactions.TransactionManagerCommunicationException: Network access for Distributed Transaction Manager (MSDTC) has been disabled. Please enable DTC for network access in the security configuration for MSDTC using the Component Services Administrative tool. ---&gt; System.Runtime.InteropServices.COMException: The transaction manager has disabled its support for remote/network transactions. (Exception from HRESULT: 0x8004D024)</Message>
          <StackTrace>    at System.Transactions.Oletx.IDtcProxyShimFactory.ReceiveTransaction(UInt32 propgationTokenSize, Byte[] propgationToken, IntPtr managedIdentifier, Guid&amp; transactionIdentifier, OletxTransactionIsolationLevel&amp; isolationLevel, ITransactionShim&amp; transactionShim)
   at System.Transactions.TransactionInterop.GetOletxTransactionFromTransmitterPropigationToken(Byte[] propagationToken)
 --- End of inner exception stack trace ---
    at System.Transactions.Oletx.OletxTransactionManager.ProxyException(COMException comException)
   at System.Transactions.TransactionInterop.GetOletxTransactionFromTransmitterPropigationToken(Byte[] propagationToken)
   at System.Transactions.TransactionStatePSPEOperation.PSPEPromote(InternalTransaction tx)
   at System.Transactions.TransactionStateDelegatedBase.EnterState(InternalTransaction tx)
   at System.Transactions.EnlistableStates.Promote(InternalTransaction tx)
   at System.Transactions.Transaction.Promote()
   at System.Transactions.TransactionInterop.ConvertToOletxTransaction(Transaction transaction)
   at System.Transactions.TransactionInterop.GetExportCookie(Transaction transaction, Byte[] whereabouts)
   at System.Data.SqlClient.SqlInternalConnection.GetTransactionCookie(Transaction transaction, Byte[] whereAbouts)
   at System.Data.SqlClient.SqlInternalConnection.EnlistNonNull(Transaction tx)
   at System.Data.SqlClient.SqlInternalConnection.Enlist(Transaction tx)
   at System.Data.SqlClient.SqlInternalConnectionTds.Activate(Transaction transaction)
   at System.Data.ProviderBase.DbConnectionInternal.ActivateConnection(Transaction transaction)
   at System.Data.ProviderBase.DbConnectionPool.TryGetConnection(DbConnection owningObject, UInt32 waitForMultipleObjectsTimeout, Boolean allowCreate, Boolean onlyOneCheckConnection, DbConnectionOptions userOptions, DbConnectionInternal&amp; connection)
   at System.Data.ProviderBase.DbConnectionPool.TryGetConnection(DbConnection owningObject, TaskCompletionSource`1 retry, DbConnectionOptions userOptions, DbConnectionInternal&amp; connection)
   at System.Data.ProviderBase.DbConnectionFactory.TryGetConnection(DbConnection owningConnection, TaskCompletionSource`1 retry, DbConnectionOptions userOptions, DbConnectionInternal&amp; connection)
   at System.Data.ProviderBase.DbConnectionClosed.TryOpenConnection(DbConnection outerConnection, DbConnectionFactory connectionFactory, TaskCompletionSource`1 retry, DbConnectionOptions userOptions)
   at System.Data.SqlClient.SqlConnection.TryOpen(TaskCompletionSource`1 retry)
   at System.Data.SqlClient.SqlConnection.Open()
   at System.Data.Linq.SqlClient.SqlConnectionManager.UseConnection(IConnectionUser user)
   at System.Data.Linq.SqlClient.SqlProvider.get_IsSqlCe()
   at System.Data.Linq.SqlClient.SqlProvider.InitializeProviderMode()
   at System.Data.Linq.SqlClient.SqlProvider.System.Data.Linq.Provider.IProvider.Execute(Expression query)
   at System.Data.Linq.DataContext.ExecuteMethodCall(Object instance, MethodInfo methodInfo, Object[] parameters)
   at Tavisca.Catapult.Internal.ResourceAccess.DataProviders.Rate.LINQ.RateDataContext.spSaveRateCard(Nullable`1 id, Nullable`1 productId, String productType, String scope, Nullable`1 isEnabled, Nullable`1 isDeleted) in d:\Code\TOM\Catapult\Code\trunk\CatapultServices\Tavisca.Catapult.Internal.ResourceAccess.DataProviders\Rate\LINQ\Rate.designer.cs:line 265
   at Tavisca.Catapult.Internal.ResourceAccess.DataProviders.Rate.RateProvider.SaveRateCard(String scopeId, RateCard rateCard) in d:\Code\TOM\Catapult\Code\trunk\CatapultServices\Tavisca.Catapult.Internal.ResourceAccess.DataProviders\Rate\RateProvider.cs:line 649
   at Tavisca.Catapult.External.Facade.Tests.TestActivityGenerator.SaveRateCard(RateCard rateCard) in d:\Code\TOM\Catapult\Code\trunk\CatapultServices\Tavisca.Catapult.External.Facade.Tests\TestActivityGenerator.cs:line 352
   at Tavisca.Catapult.External.Facade.Tests.ActivityMultiAvailTests.SearchByCityCodeTest.PerPersonTes3() in d:\Code\TOM\Catapult\Code\trunk\CatapultServices\Tavisca.Catapult.External.Facade.Tests\ActivityMultiAvailTests\SearchByCityCodeTest.cs:line 1800
</StackTrace>
        </ErrorInfo>
      </Output>
    </UnitTestResult>
    <UnitTestResult executionId="83484a13-ee28-411f-8de5-31f7698d526f" testId="0fd276a6-7806-9dc1-4e97-eb457e389a03" testName="TaxesTest1" computerName="PHOENIXX" duration="00:00:00.3358597" startTime="2013-08-09T22:01:04.5238885+05:30" endTime="2013-08-09T22:01:04.8609896+05:30" testType="13cdc9d9-ddb5-4fa4-a97d-d965ccfc6d4b" outcome="Failed" testListId="8c84fa94-04c1-424b-9868-57a2d4851a1d" relativeResultsDirectory="83484a13-ee28-411f-8de5-31f7698d526f">
      <Output>
        <ErrorInfo>
          <Message>Test method Tavisca.Catapult.External.Facade.Tests.ActivityMultiAvailTests.SearchByCityCodeTest.TaxesTest1 threw exception: 
System.Transactions.TransactionManagerCommunicationException: Network access for Distributed Transaction Manager (MSDTC) has been disabled. Please enable DTC for network access in the security configuration for MSDTC using the Component Services Administrative tool. ---&gt; System.Runtime.InteropServices.COMException: The transaction manager has disabled its support for remote/network transactions. (Exception from HRESULT: 0x8004D024)</Message>
          <StackTrace>    at System.Transactions.Oletx.IDtcProxyShimFactory.ReceiveTransaction(UInt32 propgationTokenSize, Byte[] propgationToken, IntPtr managedIdentifier, Guid&amp; transactionIdentifier, OletxTransactionIsolationLevel&amp; isolationLevel, ITransactionShim&amp; transactionShim)
   at System.Transactions.TransactionInterop.GetOletxTransactionFromTransmitterPropigationToken(Byte[] propagationToken)
 --- End of inner exception stack trace ---
    at System.Transactions.Oletx.OletxTransactionManager.ProxyException(COMException comException)
   at System.Transactions.TransactionInterop.GetOletxTransactionFromTransmitterPropigationToken(Byte[] propagationToken)
   at System.Transactions.TransactionStatePSPEOperation.PSPEPromote(InternalTransaction tx)
   at System.Transactions.TransactionStateDelegatedBase.EnterState(InternalTransaction tx)
   at System.Transactions.EnlistableStates.Promote(InternalTransaction tx)
   at System.Transactions.Transaction.Promote()
   at System.Transactions.TransactionInterop.ConvertToOletxTransaction(Transaction transaction)
   at System.Transactions.TransactionInterop.GetExportCookie(Transaction transaction, Byte[] whereabouts)
   at System.Data.SqlClient.SqlInternalConnection.GetTransactionCookie(Transaction transaction, Byte[] whereAbouts)
   at System.Data.SqlClient.SqlInternalConnection.EnlistNonNull(Transaction tx)
   at System.Data.SqlClient.SqlInternalConnection.Enlist(Transaction tx)
   at System.Data.SqlClient.SqlInternalConnectionTds.Activate(Transaction transaction)
   at System.Data.ProviderBase.DbConnectionInternal.ActivateConnection(Transaction transaction)
   at System.Data.ProviderBase.DbConnectionPool.TryGetConnection(DbConnection owningObject, UInt32 waitForMultipleObjectsTimeout, Boolean allowCreate, Boolean onlyOneCheckConnection, DbConnectionOptions userOptions, DbConnectionInternal&amp; connection)
   at System.Data.ProviderBase.DbConnectionPool.TryGetConnection(DbConnection owningObject, TaskCompletionSource`1 retry, DbConnectionOptions userOptions, DbConnectionInternal&amp; connection)
   at System.Data.ProviderBase.DbConnectionFactory.TryGetConnection(DbConnection owningConnection, TaskCompletionSource`1 retry, DbConnectionOptions userOptions, DbConnectionInternal&amp; connection)
   at System.Data.ProviderBase.DbConnectionClosed.TryOpenConnection(DbConnection outerConnection, DbConnectionFactory connectionFactory, TaskCompletionSource`1 retry, DbConnectionOptions userOptions)
   at System.Data.SqlClient.SqlConnection.TryOpen(TaskCompletionSource`1 retry)
   at System.Data.SqlClient.SqlConnection.Open()
   at System.Data.Linq.SqlClient.SqlConnectionManager.UseConnection(IConnectionUser user)
   at System.Data.Linq.SqlClient.SqlProvider.get_IsSqlCe()
   at System.Data.Linq.SqlClient.SqlProvider.InitializeProviderMode()
   at System.Data.Linq.SqlClient.SqlProvider.System.Data.Linq.Provider.IProvider.Execute(Expression query)
   at System.Data.Linq.DataContext.ExecuteMethodCall(Object instance, MethodInfo methodInfo, Object[] parameters)
   at Tavisca.Catapult.Internal.ResourceAccess.DataProviders.Rate.LINQ.RateDataContext.spSaveRateCard(Nullable`1 id, Nullable`1 productId, String productType, String scope, Nullable`1 isEnabled, Nullable`1 isDeleted) in d:\Code\TOM\Catapult\Code\trunk\CatapultServices\Tavisca.Catapult.Internal.ResourceAccess.DataProviders\Rate\LINQ\Rate.designer.cs:line 265
   at Tavisca.Catapult.Internal.ResourceAccess.DataProviders.Rate.RateProvider.SaveRateCard(String scopeId, RateCard rateCard) in d:\Code\TOM\Catapult\Code\trunk\CatapultServices\Tavisca.Catapult.Internal.ResourceAccess.DataProviders\Rate\RateProvider.cs:line 649
   at Tavisca.Catapult.External.Facade.Tests.TestActivityGenerator.SaveRateCard(RateCard rateCard) in d:\Code\TOM\Catapult\Code\trunk\CatapultServices\Tavisca.Catapult.External.Facade.Tests\TestActivityGenerator.cs:line 352
   at Tavisca.Catapult.External.Facade.Tests.ActivityMultiAvailTests.SearchByCityCodeTest.TaxesTest1() in d:\Code\TOM\Catapult\Code\trunk\CatapultServices\Tavisca.Catapult.External.Facade.Tests\ActivityMultiAvailTests\SearchByCityCodeTest.cs:line 1854
</StackTrace>
        </ErrorInfo>
      </Output>
    </UnitTestResult>
    <UnitTestResult executionId="b6d99f4e-d6d0-450a-ad07-ba820674f859" testId="cd35d58b-55ac-73e8-4588-2b2874baa652" testName="TaxesTest2" computerName="PHOENIXX" duration="00:00:00.3620065" startTime="2013-08-09T22:01:04.8609896+05:30" endTime="2013-08-09T22:01:05.2230982+05:30" testType="13cdc9d9-ddb5-4fa4-a97d-d965ccfc6d4b" outcome="Failed" testListId="8c84fa94-04c1-424b-9868-57a2d4851a1d" relativeResultsDirectory="b6d99f4e-d6d0-450a-ad07-ba820674f859">
      <Output>
        <ErrorInfo>
          <Message>Test method Tavisca.Catapult.External.Facade.Tests.ActivityMultiAvailTests.SearchByCityCodeTest.TaxesTest2 threw exception: 
System.Transactions.TransactionManagerCommunicationException: Network access for Distributed Transaction Manager (MSDTC) has been disabled. Please enable DTC for network access in the security configuration for MSDTC using the Component Services Administrative tool. ---&gt; System.Runtime.InteropServices.COMException: The transaction manager has disabled its support for remote/network transactions. (Exception from HRESULT: 0x8004D024)</Message>
          <StackTrace>    at System.Transactions.Oletx.IDtcProxyShimFactory.ReceiveTransaction(UInt32 propgationTokenSize, Byte[] propgationToken, IntPtr managedIdentifier, Guid&amp; transactionIdentifier, OletxTransactionIsolationLevel&amp; isolationLevel, ITransactionShim&amp; transactionShim)
   at System.Transactions.TransactionInterop.GetOletxTransactionFromTransmitterPropigationToken(Byte[] propagationToken)
 --- End of inner exception stack trace ---
    at System.Transactions.Oletx.OletxTransactionManager.ProxyException(COMException comException)
   at System.Transactions.TransactionInterop.GetOletxTransactionFromTransmitterPropigationToken(Byte[] propagationToken)
   at System.Transactions.TransactionStatePSPEOperation.PSPEPromote(InternalTransaction tx)
   at System.Transactions.TransactionStateDelegatedBase.EnterState(InternalTransaction tx)
   at System.Transactions.EnlistableStates.Promote(InternalTransaction tx)
   at System.Transactions.Transaction.Promote()
   at System.Transactions.TransactionInterop.ConvertToOletxTransaction(Transaction transaction)
   at System.Transactions.TransactionInterop.GetExportCookie(Transaction transaction, Byte[] whereabouts)
   at System.Data.SqlClient.SqlInternalConnection.GetTransactionCookie(Transaction transaction, Byte[] whereAbouts)
   at System.Data.SqlClient.SqlInternalConnection.EnlistNonNull(Transaction tx)
   at System.Data.SqlClient.SqlInternalConnection.Enlist(Transaction tx)
   at System.Data.SqlClient.SqlInternalConnectionTds.Activate(Transaction transaction)
   at System.Data.ProviderBase.DbConnectionInternal.ActivateConnection(Transaction transaction)
   at System.Data.ProviderBase.DbConnectionPool.TryGetConnection(DbConnection owningObject, UInt32 waitForMultipleObjectsTimeout, Boolean allowCreate, Boolean onlyOneCheckConnection, DbConnectionOptions userOptions, DbConnectionInternal&amp; connection)
   at System.Data.ProviderBase.DbConnectionPool.TryGetConnection(DbConnection owningObject, TaskCompletionSource`1 retry, DbConnectionOptions userOptions, DbConnectionInternal&amp; connection)
   at System.Data.ProviderBase.DbConnectionFactory.TryGetConnection(DbConnection owningConnection, TaskCompletionSource`1 retry, DbConnectionOptions userOptions, DbConnectionInternal&amp; connection)
   at System.Data.ProviderBase.DbConnectionClosed.TryOpenConnection(DbConnection outerConnection, DbConnectionFactory connectionFactory, TaskCompletionSource`1 retry, DbConnectionOptions userOptions)
   at System.Data.SqlClient.SqlConnection.TryOpen(TaskCompletionSource`1 retry)
   at System.Data.SqlClient.SqlConnection.Open()
   at System.Data.Linq.SqlClient.SqlConnectionManager.UseConnection(IConnectionUser user)
   at System.Data.Linq.SqlClient.SqlProvider.get_IsSqlCe()
   at System.Data.Linq.SqlClient.SqlProvider.InitializeProviderMode()
   at System.Data.Linq.SqlClient.SqlProvider.System.Data.Linq.Provider.IProvider.Execute(Expression query)
   at System.Data.Linq.DataContext.ExecuteMethodCall(Object instance, MethodInfo methodInfo, Object[] parameters)
   at Tavisca.Catapult.Internal.ResourceAccess.DataProviders.Rate.LINQ.RateDataContext.spSaveRateCard(Nullable`1 id, Nullable`1 productId, String productType, String scope, Nullable`1 isEnabled, Nullable`1 isDeleted) in d:\Code\TOM\Catapult\Code\trunk\CatapultServices\Tavisca.Catapult.Internal.ResourceAccess.DataProviders\Rate\LINQ\Rate.designer.cs:line 265
   at Tavisca.Catapult.Internal.ResourceAccess.DataProviders.Rate.RateProvider.SaveRateCard(String scopeId, RateCard rateCard) in d:\Code\TOM\Catapult\Code\trunk\CatapultServices\Tavisca.Catapult.Internal.ResourceAccess.DataProviders\Rate\RateProvider.cs:line 649
   at Tavisca.Catapult.External.Facade.Tests.TestActivityGenerator.SaveRateCard(RateCard rateCard) in d:\Code\TOM\Catapult\Code\trunk\CatapultServices\Tavisca.Catapult.External.Facade.Tests\TestActivityGenerator.cs:line 352
   at Tavisca.Catapult.External.Facade.Tests.ActivityMultiAvailTests.SearchByCityCodeTest.TaxesTest2() in d:\Code\TOM\Catapult\Code\trunk\CatapultServices\Tavisca.Catapult.External.Facade.Tests\ActivityMultiAvailTests\SearchByCityCodeTest.cs:line 1915
</StackTrace>
        </ErrorInfo>
      </Output>
    </UnitTestResult>
    <UnitTestResult executionId="a940ee99-7314-4bf6-b1c0-6a8bf3d1e2d6" testId="36f8f610-e667-71d9-8f01-fc9a86b6ba5c" testName="TaxesTest3" computerName="PHOENIXX" duration="00:00:00.3800773" startTime="2013-08-09T22:01:05.2230982+05:30" endTime="2013-08-09T22:01:05.6032122+05:30" testType="13cdc9d9-ddb5-4fa4-a97d-d965ccfc6d4b" outcome="Failed" testListId="8c84fa94-04c1-424b-9868-57a2d4851a1d" relativeResultsDirectory="a940ee99-7314-4bf6-b1c0-6a8bf3d1e2d6">
      <Output>
        <ErrorInfo>
          <Message>Test method Tavisca.Catapult.External.Facade.Tests.ActivityMultiAvailTests.SearchByCityCodeTest.TaxesTest3 threw exception: 
System.Transactions.TransactionManagerCommunicationException: Network access for Distributed Transaction Manager (MSDTC) has been disabled. Please enable DTC for network access in the security configuration for MSDTC using the Component Services Administrative tool. ---&gt; System.Runtime.InteropServices.COMException: The transaction manager has disabled its support for remote/network transactions. (Exception from HRESULT: 0x8004D024)</Message>
          <StackTrace>    at System.Transactions.Oletx.IDtcProxyShimFactory.ReceiveTransaction(UInt32 propgationTokenSize, Byte[] propgationToken, IntPtr managedIdentifier, Guid&amp; transactionIdentifier, OletxTransactionIsolationLevel&amp; isolationLevel, ITransactionShim&amp; transactionShim)
   at System.Transactions.TransactionInterop.GetOletxTransactionFromTransmitterPropigationToken(Byte[] propagationToken)
 --- End of inner exception stack trace ---
    at System.Transactions.Oletx.OletxTransactionManager.ProxyException(COMException comException)
   at System.Transactions.TransactionInterop.GetOletxTransactionFromTransmitterPropigationToken(Byte[] propagationToken)
   at System.Transactions.TransactionStatePSPEOperation.PSPEPromote(InternalTransaction tx)
   at System.Transactions.TransactionStateDelegatedBase.EnterState(InternalTransaction tx)
   at System.Transactions.EnlistableStates.Promote(InternalTransaction tx)
   at System.Transactions.Transaction.Promote()
   at System.Transactions.TransactionInterop.ConvertToOletxTransaction(Transaction transaction)
   at System.Transactions.TransactionInterop.GetExportCookie(Transaction transaction, Byte[] whereabouts)
   at System.Data.SqlClient.SqlInternalConnection.GetTransactionCookie(Transaction transaction, Byte[] whereAbouts)
   at System.Data.SqlClient.SqlInternalConnection.EnlistNonNull(Transaction tx)
   at System.Data.SqlClient.SqlInternalConnection.Enlist(Transaction tx)
   at System.Data.SqlClient.SqlInternalConnectionTds.Activate(Transaction transaction)
   at System.Data.ProviderBase.DbConnectionInternal.ActivateConnection(Transaction transaction)
   at System.Data.ProviderBase.DbConnectionPool.TryGetConnection(DbConnection owningObject, UInt32 waitForMultipleObjectsTimeout, Boolean allowCreate, Boolean onlyOneCheckConnection, DbConnectionOptions userOptions, DbConnectionInternal&amp; connection)
   at System.Data.ProviderBase.DbConnectionPool.TryGetConnection(DbConnection owningObject, TaskCompletionSource`1 retry, DbConnectionOptions userOptions, DbConnectionInternal&amp; connection)
   at System.Data.ProviderBase.DbConnectionFactory.TryGetConnection(DbConnection owningConnection, TaskCompletionSource`1 retry, DbConnectionOptions userOptions, DbConnectionInternal&amp; connection)
   at System.Data.ProviderBase.DbConnectionClosed.TryOpenConnection(DbConnection outerConnection, DbConnectionFactory connectionFactory, TaskCompletionSource`1 retry, DbConnectionOptions userOptions)
   at System.Data.SqlClient.SqlConnection.TryOpen(TaskCompletionSource`1 retry)
   at System.Data.SqlClient.SqlConnection.Open()
   at System.Data.Linq.SqlClient.SqlConnectionManager.UseConnection(IConnectionUser user)
   at System.Data.Linq.SqlClient.SqlProvider.get_IsSqlCe()
   at System.Data.Linq.SqlClient.SqlProvider.InitializeProviderMode()
   at System.Data.Linq.SqlClient.SqlProvider.System.Data.Linq.Provider.IProvider.Execute(Expression query)
   at System.Data.Linq.DataContext.ExecuteMethodCall(Object instance, MethodInfo methodInfo, Object[] parameters)
   at Tavisca.Catapult.Internal.ResourceAccess.DataProviders.Rate.LINQ.RateDataContext.spSaveRateCard(Nullable`1 id, Nullable`1 productId, String productType, String scope, Nullable`1 isEnabled, Nullable`1 isDeleted) in d:\Code\TOM\Catapult\Code\trunk\CatapultServices\Tavisca.Catapult.Internal.ResourceAccess.DataProviders\Rate\LINQ\Rate.designer.cs:line 265
   at Tavisca.Catapult.Internal.ResourceAccess.DataProviders.Rate.RateProvider.SaveRateCard(String scopeId, RateCard rateCard) in d:\Code\TOM\Catapult\Code\trunk\CatapultServices\Tavisca.Catapult.Internal.ResourceAccess.DataProviders\Rate\RateProvider.cs:line 649
   at Tavisca.Catapult.External.Facade.Tests.TestActivityGenerator.SaveRateCard(RateCard rateCard) in d:\Code\TOM\Catapult\Code\trunk\CatapultServices\Tavisca.Catapult.External.Facade.Tests\TestActivityGenerator.cs:line 352
   at Tavisca.Catapult.External.Facade.Tests.ActivityMultiAvailTests.SearchByCityCodeTest.TaxesTest3() in d:\Code\TOM\Catapult\Code\trunk\CatapultServices\Tavisca.Catapult.External.Facade.Tests\ActivityMultiAvailTests\SearchByCityCodeTest.cs:line 1965
</StackTrace>
        </ErrorInfo>
      </Output>
    </UnitTestResult>
    <UnitTestResult executionId="1104a164-859e-4227-80d7-f14acc41a071" testId="61783281-a9d3-9678-1abe-4699c9539488" testName="PenaltiesTest1" computerName="PHOENIXX" duration="00:00:00.3314471" startTime="2013-08-09T22:01:05.6032122+05:30" endTime="2013-08-09T22:01:05.9353118+05:30" testType="13cdc9d9-ddb5-4fa4-a97d-d965ccfc6d4b" outcome="Failed" testListId="8c84fa94-04c1-424b-9868-57a2d4851a1d" relativeResultsDirectory="1104a164-859e-4227-80d7-f14acc41a071">
      <Output>
        <ErrorInfo>
          <Message>Test method Tavisca.Catapult.External.Facade.Tests.ActivityMultiAvailTests.SearchByCityCodeTest.PenaltiesTest1 threw exception: 
System.Transactions.TransactionManagerCommunicationException: Network access for Distributed Transaction Manager (MSDTC) has been disabled. Please enable DTC for network access in the security configuration for MSDTC using the Component Services Administrative tool. ---&gt; System.Runtime.InteropServices.COMException: The transaction manager has disabled its support for remote/network transactions. (Exception from HRESULT: 0x8004D024)</Message>
          <StackTrace>    at System.Transactions.Oletx.IDtcProxyShimFactory.ReceiveTransaction(UInt32 propgationTokenSize, Byte[] propgationToken, IntPtr managedIdentifier, Guid&amp; transactionIdentifier, OletxTransactionIsolationLevel&amp; isolationLevel, ITransactionShim&amp; transactionShim)
   at System.Transactions.TransactionInterop.GetOletxTransactionFromTransmitterPropigationToken(Byte[] propagationToken)
 --- End of inner exception stack trace ---
    at System.Transactions.Oletx.OletxTransactionManager.ProxyException(COMException comException)
   at System.Transactions.TransactionInterop.GetOletxTransactionFromTransmitterPropigationToken(Byte[] propagationToken)
   at System.Transactions.TransactionStatePSPEOperation.PSPEPromote(InternalTransaction tx)
   at System.Transactions.TransactionStateDelegatedBase.EnterState(InternalTransaction tx)
   at System.Transactions.EnlistableStates.Promote(InternalTransaction tx)
   at System.Transactions.Transaction.Promote()
   at System.Transactions.TransactionInterop.ConvertToOletxTransaction(Transaction transaction)
   at System.Transactions.TransactionInterop.GetExportCookie(Transaction transaction, Byte[] whereabouts)
   at System.Data.SqlClient.SqlInternalConnection.GetTransactionCookie(Transaction transaction, Byte[] whereAbouts)
   at System.Data.SqlClient.SqlInternalConnection.EnlistNonNull(Transaction tx)
   at System.Data.SqlClient.SqlInternalConnection.Enlist(Transaction tx)
   at System.Data.SqlClient.SqlInternalConnectionTds.Activate(Transaction transaction)
   at System.Data.ProviderBase.DbConnectionInternal.ActivateConnection(Transaction transaction)
   at System.Data.ProviderBase.DbConnectionPool.TryGetConnection(DbConnection owningObject, UInt32 waitForMultipleObjectsTimeout, Boolean allowCreate, Boolean onlyOneCheckConnection, DbConnectionOptions userOptions, DbConnectionInternal&amp; connection)
   at System.Data.ProviderBase.DbConnectionPool.TryGetConnection(DbConnection owningObject, TaskCompletionSource`1 retry, DbConnectionOptions userOptions, DbConnectionInternal&amp; connection)
   at System.Data.ProviderBase.DbConnectionFactory.TryGetConnection(DbConnection owningConnection, TaskCompletionSource`1 retry, DbConnectionOptions userOptions, DbConnectionInternal&amp; connection)
   at System.Data.ProviderBase.DbConnectionClosed.TryOpenConnection(DbConnection outerConnection, DbConnectionFactory connectionFactory, TaskCompletionSource`1 retry, DbConnectionOptions userOptions)
   at System.Data.SqlClient.SqlConnection.TryOpen(TaskCompletionSource`1 retry)
   at System.Data.SqlClient.SqlConnection.Open()
   at System.Data.Linq.SqlClient.SqlConnectionManager.UseConnection(IConnectionUser user)
   at System.Data.Linq.SqlClient.SqlProvider.get_IsSqlCe()
   at System.Data.Linq.SqlClient.SqlProvider.InitializeProviderMode()
   at System.Data.Linq.SqlClient.SqlProvider.System.Data.Linq.Provider.IProvider.Execute(Expression query)
   at System.Data.Linq.DataContext.ExecuteMethodCall(Object instance, MethodInfo methodInfo, Object[] parameters)
   at Tavisca.Catapult.Internal.ResourceAccess.DataProviders.Rate.LINQ.RateDataContext.spSaveRateCard(Nullable`1 id, Nullable`1 productId, String productType, String scope, Nullable`1 isEnabled, Nullable`1 isDeleted) in d:\Code\TOM\Catapult\Code\trunk\CatapultServices\Tavisca.Catapult.Internal.ResourceAccess.DataProviders\Rate\LINQ\Rate.designer.cs:line 265
   at Tavisca.Catapult.Internal.ResourceAccess.DataProviders.Rate.RateProvider.SaveRateCard(String scopeId, RateCard rateCard) in d:\Code\TOM\Catapult\Code\trunk\CatapultServices\Tavisca.Catapult.Internal.ResourceAccess.DataProviders\Rate\RateProvider.cs:line 649
   at Tavisca.Catapult.External.Facade.Tests.TestActivityGenerator.SaveRateCard(RateCard rateCard) in d:\Code\TOM\Catapult\Code\trunk\CatapultServices\Tavisca.Catapult.External.Facade.Tests\TestActivityGenerator.cs:line 352
   at Tavisca.Catapult.External.Facade.Tests.ActivityMultiAvailTests.SearchByCityCodeTest.PenaltiesTest1() in d:\Code\TOM\Catapult\Code\trunk\CatapultServices\Tavisca.Catapult.External.Facade.Tests\ActivityMultiAvailTests\SearchByCityCodeTest.cs:line 2021
</StackTrace>
        </ErrorInfo>
      </Output>
    </UnitTestResult>
    <UnitTestResult executionId="2116ea5e-9ec0-421b-b3f1-74c122cd1b5f" testId="b4a5d92d-554b-ae2c-838e-c46208a4f3a2" testName="PenaltiesTest2" computerName="PHOENIXX" duration="00:00:00.6453668" startTime="2013-08-09T22:01:05.9353118+05:30" endTime="2013-08-09T22:01:06.5805053+05:30" testType="13cdc9d9-ddb5-4fa4-a97d-d965ccfc6d4b" outcome="Failed" testListId="8c84fa94-04c1-424b-9868-57a2d4851a1d" relativeResultsDirectory="2116ea5e-9ec0-421b-b3f1-74c122cd1b5f">
      <Output>
        <ErrorInfo>
          <Message>Test method Tavisca.Catapult.External.Facade.Tests.ActivityMultiAvailTests.SearchByCityCodeTest.PenaltiesTest2 threw exception: 
System.Transactions.TransactionManagerCommunicationException: Network access for Distributed Transaction Manager (MSDTC) has been disabled. Please enable DTC for network access in the security configuration for MSDTC using the Component Services Administrative tool. ---&gt; System.Runtime.InteropServices.COMException: The transaction manager has disabled its support for remote/network transactions. (Exception from HRESULT: 0x8004D024)</Message>
          <StackTrace>    at System.Transactions.Oletx.IDtcProxyShimFactory.ReceiveTransaction(UInt32 propgationTokenSize, Byte[] propgationToken, IntPtr managedIdentifier, Guid&amp; transactionIdentifier, OletxTransactionIsolationLevel&amp; isolationLevel, ITransactionShim&amp; transactionShim)
   at System.Transactions.TransactionInterop.GetOletxTransactionFromTransmitterPropigationToken(Byte[] propagationToken)
 --- End of inner exception stack trace ---
    at System.Transactions.Oletx.OletxTransactionManager.ProxyException(COMException comException)
   at System.Transactions.TransactionInterop.GetOletxTransactionFromTransmitterPropigationToken(Byte[] propagationToken)
   at System.Transactions.TransactionStatePSPEOperation.PSPEPromote(InternalTransaction tx)
   at System.Transactions.TransactionStateDelegatedBase.EnterState(InternalTransaction tx)
   at System.Transactions.EnlistableStates.Promote(InternalTransaction tx)
   at System.Transactions.Transaction.Promote()
   at System.Transactions.TransactionInterop.ConvertToOletxTransaction(Transaction transaction)
   at System.Transactions.TransactionInterop.GetExportCookie(Transaction transaction, Byte[] whereabouts)
   at System.Data.SqlClient.SqlInternalConnection.GetTransactionCookie(Transaction transaction, Byte[] whereAbouts)
   at System.Data.SqlClient.SqlInternalConnection.EnlistNonNull(Transaction tx)
   at System.Data.SqlClient.SqlInternalConnection.Enlist(Transaction tx)
   at System.Data.SqlClient.SqlInternalConnectionTds.Activate(Transaction transaction)
   at System.Data.ProviderBase.DbConnectionInternal.ActivateConnection(Transaction transaction)
   at System.Data.ProviderBase.DbConnectionPool.TryGetConnection(DbConnection owningObject, UInt32 waitForMultipleObjectsTimeout, Boolean allowCreate, Boolean onlyOneCheckConnection, DbConnectionOptions userOptions, DbConnectionInternal&amp; connection)
   at System.Data.ProviderBase.DbConnectionPool.TryGetConnection(DbConnection owningObject, TaskCompletionSource`1 retry, DbConnectionOptions userOptions, DbConnectionInternal&amp; connection)
   at System.Data.ProviderBase.DbConnectionFactory.TryGetConnection(DbConnection owningConnection, TaskCompletionSource`1 retry, DbConnectionOptions userOptions, DbConnectionInternal&amp; connection)
   at System.Data.ProviderBase.DbConnectionClosed.TryOpenConnection(DbConnection outerConnection, DbConnectionFactory connectionFactory, TaskCompletionSource`1 retry, DbConnectionOptions userOptions)
   at System.Data.SqlClient.SqlConnection.TryOpen(TaskCompletionSource`1 retry)
   at System.Data.SqlClient.SqlConnection.Open()
   at System.Data.Linq.SqlClient.SqlConnectionManager.UseConnection(IConnectionUser user)
   at System.Data.Linq.SqlClient.SqlProvider.get_IsSqlCe()
   at System.Data.Linq.SqlClient.SqlProvider.InitializeProviderMode()
   at System.Data.Linq.SqlClient.SqlProvider.System.Data.Linq.Provider.IProvider.Execute(Expression query)
   at System.Data.Linq.DataContext.ExecuteMethodCall(Object instance, MethodInfo methodInfo, Object[] parameters)
   at Tavisca.Catapult.Internal.ResourceAccess.DataProviders.Rate.LINQ.RateDataContext.spSaveRateCard(Nullable`1 id, Nullable`1 productId, String productType, String scope, Nullable`1 isEnabled, Nullable`1 isDeleted) in d:\Code\TOM\Catapult\Code\trunk\CatapultServices\Tavisca.Catapult.Internal.ResourceAccess.DataProviders\Rate\LINQ\Rate.designer.cs:line 265
   at Tavisca.Catapult.Internal.ResourceAccess.DataProviders.Rate.RateProvider.SaveRateCard(String scopeId, RateCard rateCard) in d:\Code\TOM\Catapult\Code\trunk\CatapultServices\Tavisca.Catapult.Internal.ResourceAccess.DataProviders\Rate\RateProvider.cs:line 649
   at Tavisca.Catapult.External.Facade.Tests.TestActivityGenerator.SaveRateCard(RateCard rateCard) in d:\Code\TOM\Catapult\Code\trunk\CatapultServices\Tavisca.Catapult.External.Facade.Tests\TestActivityGenerator.cs:line 352
   at Tavisca.Catapult.External.Facade.Tests.ActivityMultiAvailTests.SearchByCityCodeTest.PenaltiesTest2() in d:\Code\TOM\Catapult\Code\trunk\CatapultServices\Tavisca.Catapult.External.Facade.Tests\ActivityMultiAvailTests\SearchByCityCodeTest.cs:line 2087
</StackTrace>
        </ErrorInfo>
      </Output>
    </UnitTestResult>
    <UnitTestResult executionId="88b03dc8-38fe-41de-a895-3e85cd0b6c68" testId="a81ee980-32c9-b49e-d9d1-1392186ce4cf" testName="PenaltiesTest3" computerName="PHOENIXX" duration="00:00:00.3008652" startTime="2013-08-09T22:01:06.5805053+05:30" endTime="2013-08-09T22:01:06.8815956+05:30" testType="13cdc9d9-ddb5-4fa4-a97d-d965ccfc6d4b" outcome="Failed" testListId="8c84fa94-04c1-424b-9868-57a2d4851a1d" relativeResultsDirectory="88b03dc8-38fe-41de-a895-3e85cd0b6c68">
      <Output>
        <ErrorInfo>
          <Message>Test method Tavisca.Catapult.External.Facade.Tests.ActivityMultiAvailTests.SearchByCityCodeTest.PenaltiesTest3 threw exception: 
System.Transactions.TransactionManagerCommunicationException: Network access for Distributed Transaction Manager (MSDTC) has been disabled. Please enable DTC for network access in the security configuration for MSDTC using the Component Services Administrative tool. ---&gt; System.Runtime.InteropServices.COMException: The transaction manager has disabled its support for remote/network transactions. (Exception from HRESULT: 0x8004D024)</Message>
          <StackTrace>    at System.Transactions.Oletx.IDtcProxyShimFactory.ReceiveTransaction(UInt32 propgationTokenSize, Byte[] propgationToken, IntPtr managedIdentifier, Guid&amp; transactionIdentifier, OletxTransactionIsolationLevel&amp; isolationLevel, ITransactionShim&amp; transactionShim)
   at System.Transactions.TransactionInterop.GetOletxTransactionFromTransmitterPropigationToken(Byte[] propagationToken)
 --- End of inner exception stack trace ---
    at System.Transactions.Oletx.OletxTransactionManager.ProxyException(COMException comException)
   at System.Transactions.TransactionInterop.GetOletxTransactionFromTransmitterPropigationToken(Byte[] propagationToken)
   at System.Transactions.TransactionStatePSPEOperation.PSPEPromote(InternalTransaction tx)
   at System.Transactions.TransactionStateDelegatedBase.EnterState(InternalTransaction tx)
   at System.Transactions.EnlistableStates.Promote(InternalTransaction tx)
   at System.Transactions.Transaction.Promote()
   at System.Transactions.TransactionInterop.ConvertToOletxTransaction(Transaction transaction)
   at System.Transactions.TransactionInterop.GetExportCookie(Transaction transaction, Byte[] whereabouts)
   at System.Data.SqlClient.SqlInternalConnection.GetTransactionCookie(Transaction transaction, Byte[] whereAbouts)
   at System.Data.SqlClient.SqlInternalConnection.EnlistNonNull(Transaction tx)
   at System.Data.SqlClient.SqlInternalConnection.Enlist(Transaction tx)
   at System.Data.SqlClient.SqlInternalConnectionTds.Activate(Transaction transaction)
   at System.Data.ProviderBase.DbConnectionInternal.ActivateConnection(Transaction transaction)
   at System.Data.ProviderBase.DbConnectionPool.TryGetConnection(DbConnection owningObject, UInt32 waitForMultipleObjectsTimeout, Boolean allowCreate, Boolean onlyOneCheckConnection, DbConnectionOptions userOptions, DbConnectionInternal&amp; connection)
   at System.Data.ProviderBase.DbConnectionPool.TryGetConnection(DbConnection owningObject, TaskCompletionSource`1 retry, DbConnectionOptions userOptions, DbConnectionInternal&amp; connection)
   at System.Data.ProviderBase.DbConnectionFactory.TryGetConnection(DbConnection owningConnection, TaskCompletionSource`1 retry, DbConnectionOptions userOptions, DbConnectionInternal&amp; connection)
   at System.Data.ProviderBase.DbConnectionClosed.TryOpenConnection(DbConnection outerConnection, DbConnectionFactory connectionFactory, TaskCompletionSource`1 retry, DbConnectionOptions userOptions)
   at System.Data.SqlClient.SqlConnection.TryOpen(TaskCompletionSource`1 retry)
   at System.Data.SqlClient.SqlConnection.Open()
   at System.Data.Linq.SqlClient.SqlConnectionManager.UseConnection(IConnectionUser user)
   at System.Data.Linq.SqlClient.SqlProvider.get_IsSqlCe()
   at System.Data.Linq.SqlClient.SqlProvider.InitializeProviderMode()
   at System.Data.Linq.SqlClient.SqlProvider.System.Data.Linq.Provider.IProvider.Execute(Expression query)
   at System.Data.Linq.DataContext.ExecuteMethodCall(Object instance, MethodInfo methodInfo, Object[] parameters)
   at Tavisca.Catapult.Internal.ResourceAccess.DataProviders.Rate.LINQ.RateDataContext.spSaveRateCard(Nullable`1 id, Nullable`1 productId, String productType, String scope, Nullable`1 isEnabled, Nullable`1 isDeleted) in d:\Code\TOM\Catapult\Code\trunk\CatapultServices\Tavisca.Catapult.Internal.ResourceAccess.DataProviders\Rate\LINQ\Rate.designer.cs:line 265
   at Tavisca.Catapult.Internal.ResourceAccess.DataProviders.Rate.RateProvider.SaveRateCard(String scopeId, RateCard rateCard) in d:\Code\TOM\Catapult\Code\trunk\CatapultServices\Tavisca.Catapult.Internal.ResourceAccess.DataProviders\Rate\RateProvider.cs:line 649
   at Tavisca.Catapult.External.Facade.Tests.TestActivityGenerator.SaveRateCard(RateCard rateCard) in d:\Code\TOM\Catapult\Code\trunk\CatapultServices\Tavisca.Catapult.External.Facade.Tests\TestActivityGenerator.cs:line 352
   at Tavisca.Catapult.External.Facade.Tests.ActivityMultiAvailTests.SearchByCityCodeTest.PenaltiesTest3() in d:\Code\TOM\Catapult\Code\trunk\CatapultServices\Tavisca.Catapult.External.Facade.Tests\ActivityMultiAvailTests\SearchByCityCodeTest.cs:line 2137
</StackTrace>
        </ErrorInfo>
      </Output>
    </UnitTestResult>
    <UnitTestResult executionId="d3e3f4a5-815f-40cf-866e-ea71817c5514" testId="9833f5ff-d0f2-6046-5d72-a8e6b55db624" testName="PoliciesTest1" computerName="PHOENIXX" duration="00:00:00.2967753" startTime="2013-08-09T22:01:06.8815956+05:30" endTime="2013-08-09T22:01:07.1786847+05:30" testType="13cdc9d9-ddb5-4fa4-a97d-d965ccfc6d4b" outcome="Failed" testListId="8c84fa94-04c1-424b-9868-57a2d4851a1d" relativeResultsDirectory="d3e3f4a5-815f-40cf-866e-ea71817c5514">
      <Output>
        <ErrorInfo>
          <Message>Test method Tavisca.Catapult.External.Facade.Tests.ActivityMultiAvailTests.SearchByCityCodeTest.PoliciesTest1 threw exception: 
System.Transactions.TransactionManagerCommunicationException: Network access for Distributed Transaction Manager (MSDTC) has been disabled. Please enable DTC for network access in the security configuration for MSDTC using the Component Services Administrative tool. ---&gt; System.Runtime.InteropServices.COMException: The transaction manager has disabled its support for remote/network transactions. (Exception from HRESULT: 0x8004D024)</Message>
          <StackTrace>    at System.Transactions.Oletx.IDtcProxyShimFactory.ReceiveTransaction(UInt32 propgationTokenSize, Byte[] propgationToken, IntPtr managedIdentifier, Guid&amp; transactionIdentifier, OletxTransactionIsolationLevel&amp; isolationLevel, ITransactionShim&amp; transactionShim)
   at System.Transactions.TransactionInterop.GetOletxTransactionFromTransmitterPropigationToken(Byte[] propagationToken)
 --- End of inner exception stack trace ---
    at System.Transactions.Oletx.OletxTransactionManager.ProxyException(COMException comException)
   at System.Transactions.TransactionInterop.GetOletxTransactionFromTransmitterPropigationToken(Byte[] propagationToken)
   at System.Transactions.TransactionStatePSPEOperation.PSPEPromote(InternalTransaction tx)
   at System.Transactions.TransactionStateDelegatedBase.EnterState(InternalTransaction tx)
   at System.Transactions.EnlistableStates.Promote(InternalTransaction tx)
   at System.Transactions.Transaction.Promote()
   at System.Transactions.TransactionInterop.ConvertToOletxTransaction(Transaction transaction)
   at System.Transactions.TransactionInterop.GetExportCookie(Transaction transaction, Byte[] whereabouts)
   at System.Data.SqlClient.SqlInternalConnection.GetTransactionCookie(Transaction transaction, Byte[] whereAbouts)
   at System.Data.SqlClient.SqlInternalConnection.EnlistNonNull(Transaction tx)
   at System.Data.SqlClient.SqlInternalConnection.Enlist(Transaction tx)
   at System.Data.SqlClient.SqlInternalConnectionTds.Activate(Transaction transaction)
   at System.Data.ProviderBase.DbConnectionInternal.ActivateConnection(Transaction transaction)
   at System.Data.ProviderBase.DbConnectionPool.TryGetConnection(DbConnection owningObject, UInt32 waitForMultipleObjectsTimeout, Boolean allowCreate, Boolean onlyOneCheckConnection, DbConnectionOptions userOptions, DbConnectionInternal&amp; connection)
   at System.Data.ProviderBase.DbConnectionPool.TryGetConnection(DbConnection owningObject, TaskCompletionSource`1 retry, DbConnectionOptions userOptions, DbConnectionInternal&amp; connection)
   at System.Data.ProviderBase.DbConnectionFactory.TryGetConnection(DbConnection owningConnection, TaskCompletionSource`1 retry, DbConnectionOptions userOptions, DbConnectionInternal&amp; connection)
   at System.Data.ProviderBase.DbConnectionClosed.TryOpenConnection(DbConnection outerConnection, DbConnectionFactory connectionFactory, TaskCompletionSource`1 retry, DbConnectionOptions userOptions)
   at System.Data.SqlClient.SqlConnection.TryOpen(TaskCompletionSource`1 retry)
   at System.Data.SqlClient.SqlConnection.Open()
   at System.Data.Linq.SqlClient.SqlConnectionManager.UseConnection(IConnectionUser user)
   at System.Data.Linq.SqlClient.SqlProvider.get_IsSqlCe()
   at System.Data.Linq.SqlClient.SqlProvider.InitializeProviderMode()
   at System.Data.Linq.SqlClient.SqlProvider.System.Data.Linq.Provider.IProvider.Execute(Expression query)
   at System.Data.Linq.DataContext.ExecuteMethodCall(Object instance, MethodInfo methodInfo, Object[] parameters)
   at Tavisca.Catapult.Internal.ResourceAccess.DataProviders.Rate.LINQ.RateDataContext.spSaveRateCard(Nullable`1 id, Nullable`1 productId, String productType, String scope, Nullable`1 isEnabled, Nullable`1 isDeleted) in d:\Code\TOM\Catapult\Code\trunk\CatapultServices\Tavisca.Catapult.Internal.ResourceAccess.DataProviders\Rate\LINQ\Rate.designer.cs:line 265
   at Tavisca.Catapult.Internal.ResourceAccess.DataProviders.Rate.RateProvider.SaveRateCard(String scopeId, RateCard rateCard) in d:\Code\TOM\Catapult\Code\trunk\CatapultServices\Tavisca.Catapult.Internal.ResourceAccess.DataProviders\Rate\RateProvider.cs:line 649
   at Tavisca.Catapult.External.Facade.Tests.TestActivityGenerator.SaveRateCard(RateCard rateCard) in d:\Code\TOM\Catapult\Code\trunk\CatapultServices\Tavisca.Catapult.External.Facade.Tests\TestActivityGenerator.cs:line 352
   at Tavisca.Catapult.External.Facade.Tests.ActivityMultiAvailTests.SearchByCityCodeTest.PoliciesTest1() in d:\Code\TOM\Catapult\Code\trunk\CatapultServices\Tavisca.Catapult.External.Facade.Tests\ActivityMultiAvailTests\SearchByCityCodeTest.cs:line 2195
</StackTrace>
        </ErrorInfo>
      </Output>
    </UnitTestResult>
    <UnitTestResult executionId="ed5769f2-6ef4-4713-a87f-0b9a9417496a" testId="ff75647e-4b17-e31b-0183-93134cd6d359" testName="CurrencyTest1" computerName="PHOENIXX" duration="00:00:00.2989444" startTime="2013-08-09T22:01:07.1786847+05:30" endTime="2013-08-09T22:01:07.4777744+05:30" testType="13cdc9d9-ddb5-4fa4-a97d-d965ccfc6d4b" outcome="Failed" testListId="8c84fa94-04c1-424b-9868-57a2d4851a1d" relativeResultsDirectory="ed5769f2-6ef4-4713-a87f-0b9a9417496a">
      <Output>
        <ErrorInfo>
          <Message>Test method Tavisca.Catapult.External.Facade.Tests.ActivityMultiAvailTests.SearchByCityCodeTest.CurrencyTest1 threw exception: 
System.Transactions.TransactionManagerCommunicationException: Network access for Distributed Transaction Manager (MSDTC) has been disabled. Please enable DTC for network access in the security configuration for MSDTC using the Component Services Administrative tool. ---&gt; System.Runtime.InteropServices.COMException: The transaction manager has disabled its support for remote/network transactions. (Exception from HRESULT: 0x8004D024)</Message>
          <StackTrace>    at System.Transactions.Oletx.IDtcProxyShimFactory.ReceiveTransaction(UInt32 propgationTokenSize, Byte[] propgationToken, IntPtr managedIdentifier, Guid&amp; transactionIdentifier, OletxTransactionIsolationLevel&amp; isolationLevel, ITransactionShim&amp; transactionShim)
   at System.Transactions.TransactionInterop.GetOletxTransactionFromTransmitterPropigationToken(Byte[] propagationToken)
 --- End of inner exception stack trace ---
    at System.Transactions.Oletx.OletxTransactionManager.ProxyException(COMException comException)
   at System.Transactions.TransactionInterop.GetOletxTransactionFromTransmitterPropigationToken(Byte[] propagationToken)
   at System.Transactions.TransactionStatePSPEOperation.PSPEPromote(InternalTransaction tx)
   at System.Transactions.TransactionStateDelegatedBase.EnterState(InternalTransaction tx)
   at System.Transactions.EnlistableStates.Promote(InternalTransaction tx)
   at System.Transactions.Transaction.Promote()
   at System.Transactions.TransactionInterop.ConvertToOletxTransaction(Transaction transaction)
   at System.Transactions.TransactionInterop.GetExportCookie(Transaction transaction, Byte[] whereabouts)
   at System.Data.SqlClient.SqlInternalConnection.GetTransactionCookie(Transaction transaction, Byte[] whereAbouts)
   at System.Data.SqlClient.SqlInternalConnection.EnlistNonNull(Transaction tx)
   at System.Data.SqlClient.SqlInternalConnection.Enlist(Transaction tx)
   at System.Data.SqlClient.SqlInternalConnectionTds.Activate(Transaction transaction)
   at System.Data.ProviderBase.DbConnectionInternal.ActivateConnection(Transaction transaction)
   at System.Data.ProviderBase.DbConnectionPool.TryGetConnection(DbConnection owningObject, UInt32 waitForMultipleObjectsTimeout, Boolean allowCreate, Boolean onlyOneCheckConnection, DbConnectionOptions userOptions, DbConnectionInternal&amp; connection)
   at System.Data.ProviderBase.DbConnectionPool.TryGetConnection(DbConnection owningObject, TaskCompletionSource`1 retry, DbConnectionOptions userOptions, DbConnectionInternal&amp; connection)
   at System.Data.ProviderBase.DbConnectionFactory.TryGetConnection(DbConnection owningConnection, TaskCompletionSource`1 retry, DbConnectionOptions userOptions, DbConnectionInternal&amp; connection)
   at System.Data.ProviderBase.DbConnectionClosed.TryOpenConnection(DbConnection outerConnection, DbConnectionFactory connectionFactory, TaskCompletionSource`1 retry, DbConnectionOptions userOptions)
   at System.Data.SqlClient.SqlConnection.TryOpen(TaskCompletionSource`1 retry)
   at System.Data.SqlClient.SqlConnection.Open()
   at System.Data.Linq.SqlClient.SqlConnectionManager.UseConnection(IConnectionUser user)
   at System.Data.Linq.SqlClient.SqlProvider.get_IsSqlCe()
   at System.Data.Linq.SqlClient.SqlProvider.InitializeProviderMode()
   at System.Data.Linq.SqlClient.SqlProvider.System.Data.Linq.Provider.IProvider.Execute(Expression query)
   at System.Data.Linq.DataContext.ExecuteMethodCall(Object instance, MethodInfo methodInfo, Object[] parameters)
   at Tavisca.Catapult.Internal.ResourceAccess.DataProviders.Rate.LINQ.RateDataContext.spSaveRateCard(Nullable`1 id, Nullable`1 productId, String productType, String scope, Nullable`1 isEnabled, Nullable`1 isDeleted) in d:\Code\TOM\Catapult\Code\trunk\CatapultServices\Tavisca.Catapult.Internal.ResourceAccess.DataProviders\Rate\LINQ\Rate.designer.cs:line 265
   at Tavisca.Catapult.Internal.ResourceAccess.DataProviders.Rate.RateProvider.SaveRateCard(String scopeId, RateCard rateCard) in d:\Code\TOM\Catapult\Code\trunk\CatapultServices\Tavisca.Catapult.Internal.ResourceAccess.DataProviders\Rate\RateProvider.cs:line 649
   at Tavisca.Catapult.External.Facade.Tests.TestActivityGenerator.SaveRateCard(RateCard rateCard) in d:\Code\TOM\Catapult\Code\trunk\CatapultServices\Tavisca.Catapult.External.Facade.Tests\TestActivityGenerator.cs:line 352
   at Tavisca.Catapult.External.Facade.Tests.ActivityMultiAvailTests.SearchByCityCodeTest.CurrencyTest1() in d:\Code\TOM\Catapult\Code\trunk\CatapultServices\Tavisca.Catapult.External.Facade.Tests\ActivityMultiAvailTests\SearchByCityCodeTest.cs:line 2244
</StackTrace>
        </ErrorInfo>
      </Output>
    </UnitTestResult>
    <UnitTestResult executionId="e521032f-82cf-4ef9-8e10-92c68163825e" testId="6320db32-ee9d-28b2-200f-15b20ca61a06" testName="FilterByTagsTest2" computerName="PHOENIXX" duration="00:00:00.3038158" startTime="2013-08-09T22:01:07.4777744+05:30" endTime="2013-08-09T22:01:07.7818656+05:30" testType="13cdc9d9-ddb5-4fa4-a97d-d965ccfc6d4b" outcome="Failed" testListId="8c84fa94-04c1-424b-9868-57a2d4851a1d" relativeResultsDirectory="e521032f-82cf-4ef9-8e10-92c68163825e">
      <Output>
        <ErrorInfo>
          <Message>Test method Tavisca.Catapult.External.Facade.Tests.ActivityMultiAvailTests.SearchByCityCodeTest.FilterByTagsTest2 threw exception: 
System.Transactions.TransactionManagerCommunicationException: Network access for Distributed Transaction Manager (MSDTC) has been disabled. Please enable DTC for network access in the security configuration for MSDTC using the Component Services Administrative tool. ---&gt; System.Runtime.InteropServices.COMException: The transaction manager has disabled its support for remote/network transactions. (Exception from HRESULT: 0x8004D024)</Message>
          <StackTrace>    at System.Transactions.Oletx.IDtcProxyShimFactory.ReceiveTransaction(UInt32 propgationTokenSize, Byte[] propgationToken, IntPtr managedIdentifier, Guid&amp; transactionIdentifier, OletxTransactionIsolationLevel&amp; isolationLevel, ITransactionShim&amp; transactionShim)
   at System.Transactions.TransactionInterop.GetOletxTransactionFromTransmitterPropigationToken(Byte[] propagationToken)
 --- End of inner exception stack trace ---
    at System.Transactions.Oletx.OletxTransactionManager.ProxyException(COMException comException)
   at System.Transactions.TransactionInterop.GetOletxTransactionFromTransmitterPropigationToken(Byte[] propagationToken)
   at System.Transactions.TransactionStatePSPEOperation.PSPEPromote(InternalTransaction tx)
   at System.Transactions.TransactionStateDelegatedBase.EnterState(InternalTransaction tx)
   at System.Transactions.EnlistableStates.Promote(InternalTransaction tx)
   at System.Transactions.Transaction.Promote()
   at System.Transactions.TransactionInterop.ConvertToOletxTransaction(Transaction transaction)
   at System.Transactions.TransactionInterop.GetExportCookie(Transaction transaction, Byte[] whereabouts)
   at System.Data.SqlClient.SqlInternalConnection.GetTransactionCookie(Transaction transaction, Byte[] whereAbouts)
   at System.Data.SqlClient.SqlInternalConnection.EnlistNonNull(Transaction tx)
   at System.Data.SqlClient.SqlInternalConnection.Enlist(Transaction tx)
   at System.Data.SqlClient.SqlInternalConnectionTds.Activate(Transaction transaction)
   at System.Data.ProviderBase.DbConnectionInternal.ActivateConnection(Transaction transaction)
   at System.Data.ProviderBase.DbConnectionPool.TryGetConnection(DbConnection owningObject, UInt32 waitForMultipleObjectsTimeout, Boolean allowCreate, Boolean onlyOneCheckConnection, DbConnectionOptions userOptions, DbConnectionInternal&amp; connection)
   at System.Data.ProviderBase.DbConnectionPool.TryGetConnection(DbConnection owningObject, TaskCompletionSource`1 retry, DbConnectionOptions userOptions, DbConnectionInternal&amp; connection)
   at System.Data.ProviderBase.DbConnectionFactory.TryGetConnection(DbConnection owningConnection, TaskCompletionSource`1 retry, DbConnectionOptions userOptions, DbConnectionInternal&amp; connection)
   at System.Data.ProviderBase.DbConnectionClosed.TryOpenConnection(DbConnection outerConnection, DbConnectionFactory connectionFactory, TaskCompletionSource`1 retry, DbConnectionOptions userOptions)
   at System.Data.SqlClient.SqlConnection.TryOpen(TaskCompletionSource`1 retry)
   at System.Data.SqlClient.SqlConnection.Open()
   at System.Data.Linq.SqlClient.SqlConnectionManager.UseConnection(IConnectionUser user)
   at System.Data.Linq.SqlClient.SqlProvider.get_IsSqlCe()
   at System.Data.Linq.SqlClient.SqlProvider.InitializeProviderMode()
   at System.Data.Linq.SqlClient.SqlProvider.System.Data.Linq.Provider.IProvider.Execute(Expression query)
   at System.Data.Linq.DataContext.ExecuteMethodCall(Object instance, MethodInfo methodInfo, Object[] parameters)
   at Tavisca.Catapult.Internal.ResourceAccess.DataProviders.Rate.LINQ.RateDataContext.spSaveRateCard(Nullable`1 id, Nullable`1 productId, String productType, String scope, Nullable`1 isEnabled, Nullable`1 isDeleted) in d:\Code\TOM\Catapult\Code\trunk\CatapultServices\Tavisca.Catapult.Internal.ResourceAccess.DataProviders\Rate\LINQ\Rate.designer.cs:line 265
   at Tavisca.Catapult.Internal.ResourceAccess.DataProviders.Rate.RateProvider.SaveRateCard(String scopeId, RateCard rateCard) in d:\Code\TOM\Catapult\Code\trunk\CatapultServices\Tavisca.Catapult.Internal.ResourceAccess.DataProviders\Rate\RateProvider.cs:line 649
   at Tavisca.Catapult.External.Facade.Tests.TestActivityGenerator.SaveRateCard(RateCard rateCard) in d:\Code\TOM\Catapult\Code\trunk\CatapultServices\Tavisca.Catapult.External.Facade.Tests\TestActivityGenerator.cs:line 352
   at Tavisca.Catapult.External.Facade.Tests.ActivityMultiAvailTests.SearchByCityCodeTest.FilterByTagsTest2() in d:\Code\TOM\Catapult\Code\trunk\CatapultServices\Tavisca.Catapult.External.Facade.Tests\ActivityMultiAvailTests\SearchByCityCodeTest.cs:line 2346
</StackTrace>
        </ErrorInfo>
      </Output>
    </UnitTestResult>
    <UnitTestResult executionId="30f09341-3c81-4ef1-a494-da9dee316364" testId="d4c2a7ce-0a66-2917-8c63-46d31c776b4e" testName="FilterByRateCodes1" computerName="PHOENIXX" duration="00:00:00.3012239" startTime="2013-08-09T22:01:07.7818656+05:30" endTime="2013-08-09T22:01:08.0839562+05:30" testType="13cdc9d9-ddb5-4fa4-a97d-d965ccfc6d4b" outcome="Failed" testListId="8c84fa94-04c1-424b-9868-57a2d4851a1d" relativeResultsDirectory="30f09341-3c81-4ef1-a494-da9dee316364">
      <Output>
        <ErrorInfo>
          <Message>Test method Tavisca.Catapult.External.Facade.Tests.ActivityMultiAvailTests.SearchByCityCodeTest.FilterByRateCodes1 threw exception: 
System.Transactions.TransactionManagerCommunicationException: Network access for Distributed Transaction Manager (MSDTC) has been disabled. Please enable DTC for network access in the security configuration for MSDTC using the Component Services Administrative tool. ---&gt; System.Runtime.InteropServices.COMException: The transaction manager has disabled its support for remote/network transactions. (Exception from HRESULT: 0x8004D024)</Message>
          <StackTrace>    at System.Transactions.Oletx.IDtcProxyShimFactory.ReceiveTransaction(UInt32 propgationTokenSize, Byte[] propgationToken, IntPtr managedIdentifier, Guid&amp; transactionIdentifier, OletxTransactionIsolationLevel&amp; isolationLevel, ITransactionShim&amp; transactionShim)
   at System.Transactions.TransactionInterop.GetOletxTransactionFromTransmitterPropigationToken(Byte[] propagationToken)
 --- End of inner exception stack trace ---
    at System.Transactions.Oletx.OletxTransactionManager.ProxyException(COMException comException)
   at System.Transactions.TransactionInterop.GetOletxTransactionFromTransmitterPropigationToken(Byte[] propagationToken)
   at System.Transactions.TransactionStatePSPEOperation.PSPEPromote(InternalTransaction tx)
   at System.Transactions.TransactionStateDelegatedBase.EnterState(InternalTransaction tx)
   at System.Transactions.EnlistableStates.Promote(InternalTransaction tx)
   at System.Transactions.Transaction.Promote()
   at System.Transactions.TransactionInterop.ConvertToOletxTransaction(Transaction transaction)
   at System.Transactions.TransactionInterop.GetExportCookie(Transaction transaction, Byte[] whereabouts)
   at System.Data.SqlClient.SqlInternalConnection.GetTransactionCookie(Transaction transaction, Byte[] whereAbouts)
   at System.Data.SqlClient.SqlInternalConnection.EnlistNonNull(Transaction tx)
   at System.Data.SqlClient.SqlInternalConnection.Enlist(Transaction tx)
   at System.Data.SqlClient.SqlInternalConnectionTds.Activate(Transaction transaction)
   at System.Data.ProviderBase.DbConnectionInternal.ActivateConnection(Transaction transaction)
   at System.Data.ProviderBase.DbConnectionPool.TryGetConnection(DbConnection owningObject, UInt32 waitForMultipleObjectsTimeout, Boolean allowCreate, Boolean onlyOneCheckConnection, DbConnectionOptions userOptions, DbConnectionInternal&amp; connection)
   at System.Data.ProviderBase.DbConnectionPool.TryGetConnection(DbConnection owningObject, TaskCompletionSource`1 retry, DbConnectionOptions userOptions, DbConnectionInternal&amp; connection)
   at System.Data.ProviderBase.DbConnectionFactory.TryGetConnection(DbConnection owningConnection, TaskCompletionSource`1 retry, DbConnectionOptions userOptions, DbConnectionInternal&amp; connection)
   at System.Data.ProviderBase.DbConnectionClosed.TryOpenConnection(DbConnection outerConnection, DbConnectionFactory connectionFactory, TaskCompletionSource`1 retry, DbConnectionOptions userOptions)
   at System.Data.SqlClient.SqlConnection.TryOpen(TaskCompletionSource`1 retry)
   at System.Data.SqlClient.SqlConnection.Open()
   at System.Data.Linq.SqlClient.SqlConnectionManager.UseConnection(IConnectionUser user)
   at System.Data.Linq.SqlClient.SqlProvider.get_IsSqlCe()
   at System.Data.Linq.SqlClient.SqlProvider.InitializeProviderMode()
   at System.Data.Linq.SqlClient.SqlProvider.System.Data.Linq.Provider.IProvider.Execute(Expression query)
   at System.Data.Linq.DataContext.ExecuteMethodCall(Object instance, MethodInfo methodInfo, Object[] parameters)
   at Tavisca.Catapult.Internal.ResourceAccess.DataProviders.Rate.LINQ.RateDataContext.spSaveRateCard(Nullable`1 id, Nullable`1 productId, String productType, String scope, Nullable`1 isEnabled, Nullable`1 isDeleted) in d:\Code\TOM\Catapult\Code\trunk\CatapultServices\Tavisca.Catapult.Internal.ResourceAccess.DataProviders\Rate\LINQ\Rate.designer.cs:line 265
   at Tavisca.Catapult.Internal.ResourceAccess.DataProviders.Rate.RateProvider.SaveRateCard(String scopeId, RateCard rateCard) in d:\Code\TOM\Catapult\Code\trunk\CatapultServices\Tavisca.Catapult.Internal.ResourceAccess.DataProviders\Rate\RateProvider.cs:line 649
   at Tavisca.Catapult.External.Facade.Tests.TestActivityGenerator.SaveRateCard(RateCard rateCard) in d:\Code\TOM\Catapult\Code\trunk\CatapultServices\Tavisca.Catapult.External.Facade.Tests\TestActivityGenerator.cs:line 352
   at Tavisca.Catapult.External.Facade.Tests.ActivityMultiAvailTests.SearchByCityCodeTest.FilterByRateCodes1() in d:\Code\TOM\Catapult\Code\trunk\CatapultServices\Tavisca.Catapult.External.Facade.Tests\ActivityMultiAvailTests\SearchByCityCodeTest.cs:line 2449
</StackTrace>
        </ErrorInfo>
      </Output>
    </UnitTestResult>
    <UnitTestResult executionId="16c68f45-e83e-44e6-ad72-01b5663bc7b6" testId="de2a9787-3661-315f-fb14-0af59f6540d6" testName="FilterByRateCodes2" computerName="PHOENIXX" duration="00:00:00.3030337" startTime="2013-08-09T22:01:08.0839562+05:30" endTime="2013-08-09T22:01:08.3870471+05:30" testType="13cdc9d9-ddb5-4fa4-a97d-d965ccfc6d4b" outcome="Failed" testListId="8c84fa94-04c1-424b-9868-57a2d4851a1d" relativeResultsDirectory="16c68f45-e83e-44e6-ad72-01b5663bc7b6">
      <Output>
        <ErrorInfo>
          <Message>Test method Tavisca.Catapult.External.Facade.Tests.ActivityMultiAvailTests.SearchByCityCodeTest.FilterByRateCodes2 threw exception: 
System.Transactions.TransactionManagerCommunicationException: Network access for Distributed Transaction Manager (MSDTC) has been disabled. Please enable DTC for network access in the security configuration for MSDTC using the Component Services Administrative tool. ---&gt; System.Runtime.InteropServices.COMException: The transaction manager has disabled its support for remote/network transactions. (Exception from HRESULT: 0x8004D024)</Message>
          <StackTrace>    at System.Transactions.Oletx.IDtcProxyShimFactory.ReceiveTransaction(UInt32 propgationTokenSize, Byte[] propgationToken, IntPtr managedIdentifier, Guid&amp; transactionIdentifier, OletxTransactionIsolationLevel&amp; isolationLevel, ITransactionShim&amp; transactionShim)
   at System.Transactions.TransactionInterop.GetOletxTransactionFromTransmitterPropigationToken(Byte[] propagationToken)
 --- End of inner exception stack trace ---
    at System.Transactions.Oletx.OletxTransactionManager.ProxyException(COMException comException)
   at System.Transactions.TransactionInterop.GetOletxTransactionFromTransmitterPropigationToken(Byte[] propagationToken)
   at System.Transactions.TransactionStatePSPEOperation.PSPEPromote(InternalTransaction tx)
   at System.Transactions.TransactionStateDelegatedBase.EnterState(InternalTransaction tx)
   at System.Transactions.EnlistableStates.Promote(InternalTransaction tx)
   at System.Transactions.Transaction.Promote()
   at System.Transactions.TransactionInterop.ConvertToOletxTransaction(Transaction transaction)
   at System.Transactions.TransactionInterop.GetExportCookie(Transaction transaction, Byte[] whereabouts)
   at System.Data.SqlClient.SqlInternalConnection.GetTransactionCookie(Transaction transaction, Byte[] whereAbouts)
   at System.Data.SqlClient.SqlInternalConnection.EnlistNonNull(Transaction tx)
   at System.Data.SqlClient.SqlInternalConnection.Enlist(Transaction tx)
   at System.Data.SqlClient.SqlInternalConnectionTds.Activate(Transaction transaction)
   at System.Data.ProviderBase.DbConnectionInternal.ActivateConnection(Transaction transaction)
   at System.Data.ProviderBase.DbConnectionPool.TryGetConnection(DbConnection owningObject, UInt32 waitForMultipleObjectsTimeout, Boolean allowCreate, Boolean onlyOneCheckConnection, DbConnectionOptions userOptions, DbConnectionInternal&amp; connection)
   at System.Data.ProviderBase.DbConnectionPool.TryGetConnection(DbConnection owningObject, TaskCompletionSource`1 retry, DbConnectionOptions userOptions, DbConnectionInternal&amp; connection)
   at System.Data.ProviderBase.DbConnectionFactory.TryGetConnection(DbConnection owningConnection, TaskCompletionSource`1 retry, DbConnectionOptions userOptions, DbConnectionInternal&amp; connection)
   at System.Data.ProviderBase.DbConnectionClosed.TryOpenConnection(DbConnection outerConnection, DbConnectionFactory connectionFactory, TaskCompletionSource`1 retry, DbConnectionOptions userOptions)
   at System.Data.SqlClient.SqlConnection.TryOpen(TaskCompletionSource`1 retry)
   at System.Data.SqlClient.SqlConnection.Open()
   at System.Data.Linq.SqlClient.SqlConnectionManager.UseConnection(IConnectionUser user)
   at System.Data.Linq.SqlClient.SqlProvider.get_IsSqlCe()
   at System.Data.Linq.SqlClient.SqlProvider.InitializeProviderMode()
   at System.Data.Linq.SqlClient.SqlProvider.System.Data.Linq.Provider.IProvider.Execute(Expression query)
   at System.Data.Linq.DataContext.ExecuteMethodCall(Object instance, MethodInfo methodInfo, Object[] parameters)
   at Tavisca.Catapult.Internal.ResourceAccess.DataProviders.Rate.LINQ.RateDataContext.spSaveRateCard(Nullable`1 id, Nullable`1 productId, String productType, String scope, Nullable`1 isEnabled, Nullable`1 isDeleted) in d:\Code\TOM\Catapult\Code\trunk\CatapultServices\Tavisca.Catapult.Internal.ResourceAccess.DataProviders\Rate\LINQ\Rate.designer.cs:line 265
   at Tavisca.Catapult.Internal.ResourceAccess.DataProviders.Rate.RateProvider.SaveRateCard(String scopeId, RateCard rateCard) in d:\Code\TOM\Catapult\Code\trunk\CatapultServices\Tavisca.Catapult.Internal.ResourceAccess.DataProviders\Rate\RateProvider.cs:line 649
   at Tavisca.Catapult.External.Facade.Tests.TestActivityGenerator.SaveRateCard(RateCard rateCard) in d:\Code\TOM\Catapult\Code\trunk\CatapultServices\Tavisca.Catapult.External.Facade.Tests\TestActivityGenerator.cs:line 352
   at Tavisca.Catapult.External.Facade.Tests.ActivityMultiAvailTests.SearchByCityCodeTest.FilterByRateCodes2() in d:\Code\TOM\Catapult\Code\trunk\CatapultServices\Tavisca.Catapult.External.Facade.Tests\ActivityMultiAvailTests\SearchByCityCodeTest.cs:line 2497
</StackTrace>
        </ErrorInfo>
      </Output>
    </UnitTestResult>
    <UnitTestResult executionId="af69b827-7494-4765-b6fc-3dc3153e5a08" testId="06f92bac-583f-693e-acb6-b410c6dc75d0" testName="FilterByRateCodesTest3" computerName="PHOENIXX" duration="00:00:00.2948294" startTime="2013-08-09T22:01:08.3870471+05:30" endTime="2013-08-09T22:01:08.6821356+05:30" testType="13cdc9d9-ddb5-4fa4-a97d-d965ccfc6d4b" outcome="Failed" testListId="8c84fa94-04c1-424b-9868-57a2d4851a1d" relativeResultsDirectory="af69b827-7494-4765-b6fc-3dc3153e5a08">
      <Output>
        <ErrorInfo>
          <Message>Test method Tavisca.Catapult.External.Facade.Tests.ActivityMultiAvailTests.SearchByCityCodeTest.FilterByRateCodesTest3 threw exception: 
System.Transactions.TransactionManagerCommunicationException: Network access for Distributed Transaction Manager (MSDTC) has been disabled. Please enable DTC for network access in the security configuration for MSDTC using the Component Services Administrative tool. ---&gt; System.Runtime.InteropServices.COMException: The transaction manager has disabled its support for remote/network transactions. (Exception from HRESULT: 0x8004D024)</Message>
          <StackTrace>    at System.Transactions.Oletx.IDtcProxyShimFactory.ReceiveTransaction(UInt32 propgationTokenSize, Byte[] propgationToken, IntPtr managedIdentifier, Guid&amp; transactionIdentifier, OletxTransactionIsolationLevel&amp; isolationLevel, ITransactionShim&amp; transactionShim)
   at System.Transactions.TransactionInterop.GetOletxTransactionFromTransmitterPropigationToken(Byte[] propagationToken)
 --- End of inner exception stack trace ---
    at System.Transactions.Oletx.OletxTransactionManager.ProxyException(COMException comException)
   at System.Transactions.TransactionInterop.GetOletxTransactionFromTransmitterPropigationToken(Byte[] propagationToken)
   at System.Transactions.TransactionStatePSPEOperation.PSPEPromote(InternalTransaction tx)
   at System.Transactions.TransactionStateDelegatedBase.EnterState(InternalTransaction tx)
   at System.Transactions.EnlistableStates.Promote(InternalTransaction tx)
   at System.Transactions.Transaction.Promote()
   at System.Transactions.TransactionInterop.ConvertToOletxTransaction(Transaction transaction)
   at System.Transactions.TransactionInterop.GetExportCookie(Transaction transaction, Byte[] whereabouts)
   at System.Data.SqlClient.SqlInternalConnection.GetTransactionCookie(Transaction transaction, Byte[] whereAbouts)
   at System.Data.SqlClient.SqlInternalConnection.EnlistNonNull(Transaction tx)
   at System.Data.SqlClient.SqlInternalConnection.Enlist(Transaction tx)
   at System.Data.SqlClient.SqlInternalConnectionTds.Activate(Transaction transaction)
   at System.Data.ProviderBase.DbConnectionInternal.ActivateConnection(Transaction transaction)
   at System.Data.ProviderBase.DbConnectionPool.TryGetConnection(DbConnection owningObject, UInt32 waitForMultipleObjectsTimeout, Boolean allowCreate, Boolean onlyOneCheckConnection, DbConnectionOptions userOptions, DbConnectionInternal&amp; connection)
   at System.Data.ProviderBase.DbConnectionPool.TryGetConnection(DbConnection owningObject, TaskCompletionSource`1 retry, DbConnectionOptions userOptions, DbConnectionInternal&amp; connection)
   at System.Data.ProviderBase.DbConnectionFactory.TryGetConnection(DbConnection owningConnection, TaskCompletionSource`1 retry, DbConnectionOptions userOptions, DbConnectionInternal&amp; connection)
   at System.Data.ProviderBase.DbConnectionClosed.TryOpenConnection(DbConnection outerConnection, DbConnectionFactory connectionFactory, TaskCompletionSource`1 retry, DbConnectionOptions userOptions)
   at System.Data.SqlClient.SqlConnection.TryOpen(TaskCompletionSource`1 retry)
   at System.Data.SqlClient.SqlConnection.Open()
   at System.Data.Linq.SqlClient.SqlConnectionManager.UseConnection(IConnectionUser user)
   at System.Data.Linq.SqlClient.SqlProvider.get_IsSqlCe()
   at System.Data.Linq.SqlClient.SqlProvider.InitializeProviderMode()
   at System.Data.Linq.SqlClient.SqlProvider.System.Data.Linq.Provider.IProvider.Execute(Expression query)
   at System.Data.Linq.DataContext.ExecuteMethodCall(Object instance, MethodInfo methodInfo, Object[] parameters)
   at Tavisca.Catapult.Internal.ResourceAccess.DataProviders.Rate.LINQ.RateDataContext.spSaveRateCard(Nullable`1 id, Nullable`1 productId, String productType, String scope, Nullable`1 isEnabled, Nullable`1 isDeleted) in d:\Code\TOM\Catapult\Code\trunk\CatapultServices\Tavisca.Catapult.Internal.ResourceAccess.DataProviders\Rate\LINQ\Rate.designer.cs:line 265
   at Tavisca.Catapult.Internal.ResourceAccess.DataProviders.Rate.RateProvider.SaveRateCard(String scopeId, RateCard rateCard) in d:\Code\TOM\Catapult\Code\trunk\CatapultServices\Tavisca.Catapult.Internal.ResourceAccess.DataProviders\Rate\RateProvider.cs:line 649
   at Tavisca.Catapult.External.Facade.Tests.TestActivityGenerator.SaveRateCard(RateCard rateCard) in d:\Code\TOM\Catapult\Code\trunk\CatapultServices\Tavisca.Catapult.External.Facade.Tests\TestActivityGenerator.cs:line 352
   at Tavisca.Catapult.External.Facade.Tests.ActivityMultiAvailTests.SearchByCityCodeTest.FilterByRateCodesTest3() in d:\Code\TOM\Catapult\Code\trunk\CatapultServices\Tavisca.Catapult.External.Facade.Tests\ActivityMultiAvailTests\SearchByCityCodeTest.cs:line 2545
</StackTrace>
        </ErrorInfo>
      </Output>
    </UnitTestResult>
    <UnitTestResult executionId="60d08b9e-5585-4f0c-8e01-6421c79413d3" testId="d5c0805a-36ab-aa22-0d39-d898c34d9347" testName="ScopeTest1" computerName="PHOENIXX" duration="00:00:00.3016255" startTime="2013-08-09T22:01:08.6821356+05:30" endTime="2013-08-09T22:01:08.9842262+05:30" testType="13cdc9d9-ddb5-4fa4-a97d-d965ccfc6d4b" outcome="Failed" testListId="8c84fa94-04c1-424b-9868-57a2d4851a1d" relativeResultsDirectory="60d08b9e-5585-4f0c-8e01-6421c79413d3">
      <Output>
        <ErrorInfo>
          <Message>Test method Tavisca.Catapult.External.Facade.Tests.ActivityMultiAvailTests.SearchByCityCodeTest.ScopeTest1 threw exception: 
System.Transactions.TransactionManagerCommunicationException: Network access for Distributed Transaction Manager (MSDTC) has been disabled. Please enable DTC for network access in the security configuration for MSDTC using the Component Services Administrative tool. ---&gt; System.Runtime.InteropServices.COMException: The transaction manager has disabled its support for remote/network transactions. (Exception from HRESULT: 0x8004D024)</Message>
          <StackTrace>    at System.Transactions.Oletx.IDtcProxyShimFactory.ReceiveTransaction(UInt32 propgationTokenSize, Byte[] propgationToken, IntPtr managedIdentifier, Guid&amp; transactionIdentifier, OletxTransactionIsolationLevel&amp; isolationLevel, ITransactionShim&amp; transactionShim)
   at System.Transactions.TransactionInterop.GetOletxTransactionFromTransmitterPropigationToken(Byte[] propagationToken)
 --- End of inner exception stack trace ---
    at System.Transactions.Oletx.OletxTransactionManager.ProxyException(COMException comException)
   at System.Transactions.TransactionInterop.GetOletxTransactionFromTransmitterPropigationToken(Byte[] propagationToken)
   at System.Transactions.TransactionStatePSPEOperation.PSPEPromote(InternalTransaction tx)
   at System.Transactions.TransactionStateDelegatedBase.EnterState(InternalTransaction tx)
   at System.Transactions.EnlistableStates.Promote(InternalTransaction tx)
   at System.Transactions.Transaction.Promote()
   at System.Transactions.TransactionInterop.ConvertToOletxTransaction(Transaction transaction)
   at System.Transactions.TransactionInterop.GetExportCookie(Transaction transaction, Byte[] whereabouts)
   at System.Data.SqlClient.SqlInternalConnection.GetTransactionCookie(Transaction transaction, Byte[] whereAbouts)
   at System.Data.SqlClient.SqlInternalConnection.EnlistNonNull(Transaction tx)
   at System.Data.SqlClient.SqlInternalConnection.Enlist(Transaction tx)
   at System.Data.SqlClient.SqlInternalConnectionTds.Activate(Transaction transaction)
   at System.Data.ProviderBase.DbConnectionInternal.ActivateConnection(Transaction transaction)
   at System.Data.ProviderBase.DbConnectionPool.TryGetConnection(DbConnection owningObject, UInt32 waitForMultipleObjectsTimeout, Boolean allowCreate, Boolean onlyOneCheckConnection, DbConnectionOptions userOptions, DbConnectionInternal&amp; connection)
   at System.Data.ProviderBase.DbConnectionPool.TryGetConnection(DbConnection owningObject, TaskCompletionSource`1 retry, DbConnectionOptions userOptions, DbConnectionInternal&amp; connection)
   at System.Data.ProviderBase.DbConnectionFactory.TryGetConnection(DbConnection owningConnection, TaskCompletionSource`1 retry, DbConnectionOptions userOptions, DbConnectionInternal&amp; connection)
   at System.Data.ProviderBase.DbConnectionClosed.TryOpenConnection(DbConnection outerConnection, DbConnectionFactory connectionFactory, TaskCompletionSource`1 retry, DbConnectionOptions userOptions)
   at System.Data.SqlClient.SqlConnection.TryOpen(TaskCompletionSource`1 retry)
   at System.Data.SqlClient.SqlConnection.Open()
   at System.Data.Linq.SqlClient.SqlConnectionManager.UseConnection(IConnectionUser user)
   at System.Data.Linq.SqlClient.SqlProvider.get_IsSqlCe()
   at System.Data.Linq.SqlClient.SqlProvider.InitializeProviderMode()
   at System.Data.Linq.SqlClient.SqlProvider.System.Data.Linq.Provider.IProvider.Execute(Expression query)
   at System.Data.Linq.DataContext.ExecuteMethodCall(Object instance, MethodInfo methodInfo, Object[] parameters)
   at Tavisca.Catapult.Internal.ResourceAccess.DataProviders.Rate.LINQ.RateDataContext.spSaveRateCard(Nullable`1 id, Nullable`1 productId, String productType, String scope, Nullable`1 isEnabled, Nullable`1 isDeleted) in d:\Code\TOM\Catapult\Code\trunk\CatapultServices\Tavisca.Catapult.Internal.ResourceAccess.DataProviders\Rate\LINQ\Rate.designer.cs:line 265
   at Tavisca.Catapult.Internal.ResourceAccess.DataProviders.Rate.RateProvider.SaveRateCard(String scopeId, RateCard rateCard) in d:\Code\TOM\Catapult\Code\trunk\CatapultServices\Tavisca.Catapult.Internal.ResourceAccess.DataProviders\Rate\RateProvider.cs:line 649
   at Tavisca.Catapult.External.Facade.Tests.TestActivityGenerator.SaveRateCard(RateCard rateCard) in d:\Code\TOM\Catapult\Code\trunk\CatapultServices\Tavisca.Catapult.External.Facade.Tests\TestActivityGenerator.cs:line 352
   at Tavisca.Catapult.External.Facade.Tests.ActivityMultiAvailTests.SearchByCityCodeTest.ScopeTest1() in d:\Code\TOM\Catapult\Code\trunk\CatapultServices\Tavisca.Catapult.External.Facade.Tests\ActivityMultiAvailTests\SearchByCityCodeTest.cs:line 2598
</StackTrace>
        </ErrorInfo>
      </Output>
    </UnitTestResult>
    <UnitTestResult executionId="b7aab915-5b79-4002-9597-57ee2131c120" testId="2a474cc3-c69d-3c77-aa1b-c0e134423f79" testName="ScopeTest2" computerName="PHOENIXX" duration="00:00:00.3097162" startTime="2013-08-09T22:01:08.9842262+05:30" endTime="2013-08-09T22:01:09.2943192+05:30" testType="13cdc9d9-ddb5-4fa4-a97d-d965ccfc6d4b" outcome="Failed" testListId="8c84fa94-04c1-424b-9868-57a2d4851a1d" relativeResultsDirectory="b7aab915-5b79-4002-9597-57ee2131c120">
      <Output>
        <ErrorInfo>
          <Message>Test method Tavisca.Catapult.External.Facade.Tests.ActivityMultiAvailTests.SearchByCityCodeTest.ScopeTest2 threw exception: 
System.Transactions.TransactionManagerCommunicationException: Network access for Distributed Transaction Manager (MSDTC) has been disabled. Please enable DTC for network access in the security configuration for MSDTC using the Component Services Administrative tool. ---&gt; System.Runtime.InteropServices.COMException: The transaction manager has disabled its support for remote/network transactions. (Exception from HRESULT: 0x8004D024)</Message>
          <StackTrace>    at System.Transactions.Oletx.IDtcProxyShimFactory.ReceiveTransaction(UInt32 propgationTokenSize, Byte[] propgationToken, IntPtr managedIdentifier, Guid&amp; transactionIdentifier, OletxTransactionIsolationLevel&amp; isolationLevel, ITransactionShim&amp; transactionShim)
   at System.Transactions.TransactionInterop.GetOletxTransactionFromTransmitterPropigationToken(Byte[] propagationToken)
 --- End of inner exception stack trace ---
    at System.Transactions.Oletx.OletxTransactionManager.ProxyException(COMException comException)
   at System.Transactions.TransactionInterop.GetOletxTransactionFromTransmitterPropigationToken(Byte[] propagationToken)
   at System.Transactions.TransactionStatePSPEOperation.PSPEPromote(InternalTransaction tx)
   at System.Transactions.TransactionStateDelegatedBase.EnterState(InternalTransaction tx)
   at System.Transactions.EnlistableStates.Promote(InternalTransaction tx)
   at System.Transactions.Transaction.Promote()
   at System.Transactions.TransactionInterop.ConvertToOletxTransaction(Transaction transaction)
   at System.Transactions.TransactionInterop.GetExportCookie(Transaction transaction, Byte[] whereabouts)
   at System.Data.SqlClient.SqlInternalConnection.GetTransactionCookie(Transaction transaction, Byte[] whereAbouts)
   at System.Data.SqlClient.SqlInternalConnection.EnlistNonNull(Transaction tx)
   at System.Data.SqlClient.SqlInternalConnection.Enlist(Transaction tx)
   at System.Data.SqlClient.SqlInternalConnectionTds.Activate(Transaction transaction)
   at System.Data.ProviderBase.DbConnectionInternal.ActivateConnection(Transaction transaction)
   at System.Data.ProviderBase.DbConnectionPool.TryGetConnection(DbConnection owningObject, UInt32 waitForMultipleObjectsTimeout, Boolean allowCreate, Boolean onlyOneCheckConnection, DbConnectionOptions userOptions, DbConnectionInternal&amp; connection)
   at System.Data.ProviderBase.DbConnectionPool.TryGetConnection(DbConnection owningObject, TaskCompletionSource`1 retry, DbConnectionOptions userOptions, DbConnectionInternal&amp; connection)
   at System.Data.ProviderBase.DbConnectionFactory.TryGetConnection(DbConnection owningConnection, TaskCompletionSource`1 retry, DbConnectionOptions userOptions, DbConnectionInternal&amp; connection)
   at System.Data.ProviderBase.DbConnectionClosed.TryOpenConnection(DbConnection outerConnection, DbConnectionFactory connectionFactory, TaskCompletionSource`1 retry, DbConnectionOptions userOptions)
   at System.Data.SqlClient.SqlConnection.TryOpen(TaskCompletionSource`1 retry)
   at System.Data.SqlClient.SqlConnection.Open()
   at System.Data.Linq.SqlClient.SqlConnectionManager.UseConnection(IConnectionUser user)
   at System.Data.Linq.SqlClient.SqlProvider.get_IsSqlCe()
   at System.Data.Linq.SqlClient.SqlProvider.InitializeProviderMode()
   at System.Data.Linq.SqlClient.SqlProvider.System.Data.Linq.Provider.IProvider.Execute(Expression query)
   at System.Data.Linq.DataContext.ExecuteMethodCall(Object instance, MethodInfo methodInfo, Object[] parameters)
   at Tavisca.Catapult.Internal.ResourceAccess.DataProviders.Rate.LINQ.RateDataContext.spSaveRateCard(Nullable`1 id, Nullable`1 productId, String productType, String scope, Nullable`1 isEnabled, Nullable`1 isDeleted) in d:\Code\TOM\Catapult\Code\trunk\CatapultServices\Tavisca.Catapult.Internal.ResourceAccess.DataProviders\Rate\LINQ\Rate.designer.cs:line 265
   at Tavisca.Catapult.Internal.ResourceAccess.DataProviders.Rate.RateProvider.SaveRateCard(String scopeId, RateCard rateCard) in d:\Code\TOM\Catapult\Code\trunk\CatapultServices\Tavisca.Catapult.Internal.ResourceAccess.DataProviders\Rate\RateProvider.cs:line 649
   at Tavisca.Catapult.External.Facade.Tests.TestActivityGenerator.SaveRateCard(RateCard rateCard) in d:\Code\TOM\Catapult\Code\trunk\CatapultServices\Tavisca.Catapult.External.Facade.Tests\TestActivityGenerator.cs:line 352
   at Tavisca.Catapult.External.Facade.Tests.ActivityMultiAvailTests.SearchByCityCodeTest.ScopeTest2() in d:\Code\TOM\Catapult\Code\trunk\CatapultServices\Tavisca.Catapult.External.Facade.Tests\ActivityMultiAvailTests\SearchByCityCodeTest.cs:line 2651
</StackTrace>
        </ErrorInfo>
      </Output>
    </UnitTestResult>
    <UnitTestResult executionId="c0119c55-b1e3-442d-9015-c3286964a269" testId="a2d76df9-cb96-600e-de64-a9d32f312dce" testName="GeoCodeTest1" computerName="PHOENIXX" duration="00:00:00.3003006" startTime="2013-08-09T22:01:09.2943192+05:30" endTime="2013-08-09T22:01:09.5944092+05:30" testType="13cdc9d9-ddb5-4fa4-a97d-d965ccfc6d4b" outcome="Failed" testListId="8c84fa94-04c1-424b-9868-57a2d4851a1d" relativeResultsDirectory="c0119c55-b1e3-442d-9015-c3286964a269">
      <Output>
        <ErrorInfo>
          <Message>Test method Tavisca.Catapult.External.Facade.Tests.ActivityMultiAvailTests.SearchByGeoCodeTest.GeoCodeTest1 threw exception: 
System.Transactions.TransactionManagerCommunicationException: Network access for Distributed Transaction Manager (MSDTC) has been disabled. Please enable DTC for network access in the security configuration for MSDTC using the Component Services Administrative tool. ---&gt; System.Runtime.InteropServices.COMException: The transaction manager has disabled its support for remote/network transactions. (Exception from HRESULT: 0x8004D024)</Message>
          <StackTrace>    at System.Transactions.Oletx.IDtcProxyShimFactory.ReceiveTransaction(UInt32 propgationTokenSize, Byte[] propgationToken, IntPtr managedIdentifier, Guid&amp; transactionIdentifier, OletxTransactionIsolationLevel&amp; isolationLevel, ITransactionShim&amp; transactionShim)
   at System.Transactions.TransactionInterop.GetOletxTransactionFromTransmitterPropigationToken(Byte[] propagationToken)
 --- End of inner exception stack trace ---
    at System.Transactions.Oletx.OletxTransactionManager.ProxyException(COMException comException)
   at System.Transactions.TransactionInterop.GetOletxTransactionFromTransmitterPropigationToken(Byte[] propagationToken)
   at System.Transactions.TransactionStatePSPEOperation.PSPEPromote(InternalTransaction tx)
   at System.Transactions.TransactionStateDelegatedBase.EnterState(InternalTransaction tx)
   at System.Transactions.EnlistableStates.Promote(InternalTransaction tx)
   at System.Transactions.Transaction.Promote()
   at System.Transactions.TransactionInterop.ConvertToOletxTransaction(Transaction transaction)
   at System.Transactions.TransactionInterop.GetExportCookie(Transaction transaction, Byte[] whereabouts)
   at System.Data.SqlClient.SqlInternalConnection.GetTransactionCookie(Transaction transaction, Byte[] whereAbouts)
   at System.Data.SqlClient.SqlInternalConnection.EnlistNonNull(Transaction tx)
   at System.Data.SqlClient.SqlInternalConnection.Enlist(Transaction tx)
   at System.Data.SqlClient.SqlInternalConnectionTds.Activate(Transaction transaction)
   at System.Data.ProviderBase.DbConnectionInternal.ActivateConnection(Transaction transaction)
   at System.Data.ProviderBase.DbConnectionPool.TryGetConnection(DbConnection owningObject, UInt32 waitForMultipleObjectsTimeout, Boolean allowCreate, Boolean onlyOneCheckConnection, DbConnectionOptions userOptions, DbConnectionInternal&amp; connection)
   at System.Data.ProviderBase.DbConnectionPool.TryGetConnection(DbConnection owningObject, TaskCompletionSource`1 retry, DbConnectionOptions userOptions, DbConnectionInternal&amp; connection)
   at System.Data.ProviderBase.DbConnectionFactory.TryGetConnection(DbConnection owningConnection, TaskCompletionSource`1 retry, DbConnectionOptions userOptions, DbConnectionInternal&amp; connection)
   at System.Data.ProviderBase.DbConnectionClosed.TryOpenConnection(DbConnection outerConnection, DbConnectionFactory connectionFactory, TaskCompletionSource`1 retry, DbConnectionOptions userOptions)
   at System.Data.SqlClient.SqlConnection.TryOpen(TaskCompletionSource`1 retry)
   at System.Data.SqlClient.SqlConnection.Open()
   at System.Data.Linq.SqlClient.SqlConnectionManager.UseConnection(IConnectionUser user)
   at System.Data.Linq.SqlClient.SqlProvider.get_IsSqlCe()
   at System.Data.Linq.SqlClient.SqlProvider.InitializeProviderMode()
   at System.Data.Linq.SqlClient.SqlProvider.System.Data.Linq.Provider.IProvider.Execute(Expression query)
   at System.Data.Linq.DataContext.ExecuteMethodCall(Object instance, MethodInfo methodInfo, Object[] parameters)
   at Tavisca.Catapult.Internal.ResourceAccess.DataProviders.Rate.LINQ.RateDataContext.spSaveRateCard(Nullable`1 id, Nullable`1 productId, String productType, String scope, Nullable`1 isEnabled, Nullable`1 isDeleted) in d:\Code\TOM\Catapult\Code\trunk\CatapultServices\Tavisca.Catapult.Internal.ResourceAccess.DataProviders\Rate\LINQ\Rate.designer.cs:line 265
   at Tavisca.Catapult.Internal.ResourceAccess.DataProviders.Rate.RateProvider.SaveRateCard(String scopeId, RateCard rateCard) in d:\Code\TOM\Catapult\Code\trunk\CatapultServices\Tavisca.Catapult.Internal.ResourceAccess.DataProviders\Rate\RateProvider.cs:line 649
   at Tavisca.Catapult.External.Facade.Tests.TestActivityGenerator.SaveRateCard(RateCard rateCard) in d:\Code\TOM\Catapult\Code\trunk\CatapultServices\Tavisca.Catapult.External.Facade.Tests\TestActivityGenerator.cs:line 352
   at Tavisca.Catapult.External.Facade.Tests.ActivityMultiAvailTests.SearchByGeoCodeTest.GeoCodeTest1() in d:\Code\TOM\Catapult\Code\trunk\CatapultServices\Tavisca.Catapult.External.Facade.Tests\ActivityMultiAvailTests\SearchByGeoCodeTest.cs:line 40
</StackTrace>
        </ErrorInfo>
      </Output>
    </UnitTestResult>
    <UnitTestResult executionId="13c90290-253a-4198-ba27-21d27a85f263" testId="b4079b9d-6dbe-218a-78a8-41781f25a3fc" testName="GeoCodeTest2" computerName="PHOENIXX" duration="00:00:00.2976099" startTime="2013-08-09T22:01:09.5954095+05:30" endTime="2013-08-09T22:01:09.8924986+05:30" testType="13cdc9d9-ddb5-4fa4-a97d-d965ccfc6d4b" outcome="Failed" testListId="8c84fa94-04c1-424b-9868-57a2d4851a1d" relativeResultsDirectory="13c90290-253a-4198-ba27-21d27a85f263">
      <Output>
        <ErrorInfo>
          <Message>Test method Tavisca.Catapult.External.Facade.Tests.ActivityMultiAvailTests.SearchByGeoCodeTest.GeoCodeTest2 threw exception: 
System.Transactions.TransactionManagerCommunicationException: Network access for Distributed Transaction Manager (MSDTC) has been disabled. Please enable DTC for network access in the security configuration for MSDTC using the Component Services Administrative tool. ---&gt; System.Runtime.InteropServices.COMException: The transaction manager has disabled its support for remote/network transactions. (Exception from HRESULT: 0x8004D024)</Message>
          <StackTrace>    at System.Transactions.Oletx.IDtcProxyShimFactory.ReceiveTransaction(UInt32 propgationTokenSize, Byte[] propgationToken, IntPtr managedIdentifier, Guid&amp; transactionIdentifier, OletxTransactionIsolationLevel&amp; isolationLevel, ITransactionShim&amp; transactionShim)
   at System.Transactions.TransactionInterop.GetOletxTransactionFromTransmitterPropigationToken(Byte[] propagationToken)
 --- End of inner exception stack trace ---
    at System.Transactions.Oletx.OletxTransactionManager.ProxyException(COMException comException)
   at System.Transactions.TransactionInterop.GetOletxTransactionFromTransmitterPropigationToken(Byte[] propagationToken)
   at System.Transactions.TransactionStatePSPEOperation.PSPEPromote(InternalTransaction tx)
   at System.Transactions.TransactionStateDelegatedBase.EnterState(InternalTransaction tx)
   at System.Transactions.EnlistableStates.Promote(InternalTransaction tx)
   at System.Transactions.Transaction.Promote()
   at System.Transactions.TransactionInterop.ConvertToOletxTransaction(Transaction transaction)
   at System.Transactions.TransactionInterop.GetExportCookie(Transaction transaction, Byte[] whereabouts)
   at System.Data.SqlClient.SqlInternalConnection.GetTransactionCookie(Transaction transaction, Byte[] whereAbouts)
   at System.Data.SqlClient.SqlInternalConnection.EnlistNonNull(Transaction tx)
   at System.Data.SqlClient.SqlInternalConnection.Enlist(Transaction tx)
   at System.Data.SqlClient.SqlInternalConnectionTds.Activate(Transaction transaction)
   at System.Data.ProviderBase.DbConnectionInternal.ActivateConnection(Transaction transaction)
   at System.Data.ProviderBase.DbConnectionPool.TryGetConnection(DbConnection owningObject, UInt32 waitForMultipleObjectsTimeout, Boolean allowCreate, Boolean onlyOneCheckConnection, DbConnectionOptions userOptions, DbConnectionInternal&amp; connection)
   at System.Data.ProviderBase.DbConnectionPool.TryGetConnection(DbConnection owningObject, TaskCompletionSource`1 retry, DbConnectionOptions userOptions, DbConnectionInternal&amp; connection)
   at System.Data.ProviderBase.DbConnectionFactory.TryGetConnection(DbConnection owningConnection, TaskCompletionSource`1 retry, DbConnectionOptions userOptions, DbConnectionInternal&amp; connection)
   at System.Data.ProviderBase.DbConnectionClosed.TryOpenConnection(DbConnection outerConnection, DbConnectionFactory connectionFactory, TaskCompletionSource`1 retry, DbConnectionOptions userOptions)
   at System.Data.SqlClient.SqlConnection.TryOpen(TaskCompletionSource`1 retry)
   at System.Data.SqlClient.SqlConnection.Open()
   at System.Data.Linq.SqlClient.SqlConnectionManager.UseConnection(IConnectionUser user)
   at System.Data.Linq.SqlClient.SqlProvider.get_IsSqlCe()
   at System.Data.Linq.SqlClient.SqlProvider.InitializeProviderMode()
   at System.Data.Linq.SqlClient.SqlProvider.System.Data.Linq.Provider.IProvider.Execute(Expression query)
   at System.Data.Linq.DataContext.ExecuteMethodCall(Object instance, MethodInfo methodInfo, Object[] parameters)
   at Tavisca.Catapult.Internal.ResourceAccess.DataProviders.Rate.LINQ.RateDataContext.spSaveRateCard(Nullable`1 id, Nullable`1 productId, String productType, String scope, Nullable`1 isEnabled, Nullable`1 isDeleted) in d:\Code\TOM\Catapult\Code\trunk\CatapultServices\Tavisca.Catapult.Internal.ResourceAccess.DataProviders\Rate\LINQ\Rate.designer.cs:line 265
   at Tavisca.Catapult.Internal.ResourceAccess.DataProviders.Rate.RateProvider.SaveRateCard(String scopeId, RateCard rateCard) in d:\Code\TOM\Catapult\Code\trunk\CatapultServices\Tavisca.Catapult.Internal.ResourceAccess.DataProviders\Rate\RateProvider.cs:line 649
   at Tavisca.Catapult.External.Facade.Tests.TestActivityGenerator.SaveRateCard(RateCard rateCard) in d:\Code\TOM\Catapult\Code\trunk\CatapultServices\Tavisca.Catapult.External.Facade.Tests\TestActivityGenerator.cs:line 352
   at Tavisca.Catapult.External.Facade.Tests.ActivityMultiAvailTests.SearchByGeoCodeTest.GeoCodeTest2() in d:\Code\TOM\Catapult\Code\trunk\CatapultServices\Tavisca.Catapult.External.Facade.Tests\ActivityMultiAvailTests\SearchByGeoCodeTest.cs:line 97
</StackTrace>
        </ErrorInfo>
      </Output>
    </UnitTestResult>
    <UnitTestResult executionId="470f1a61-e123-442e-a198-60c8bfb53df6" testId="37c00438-9c3a-e8b1-eedc-270d16b7b726" testName="SearchByActivityCodeContentEnabledTest1" computerName="PHOENIXX" duration="00:00:00.2971602" startTime="2013-08-09T22:01:09.8924986+05:30" endTime="2013-08-09T22:01:10.1905880+05:30" testType="13cdc9d9-ddb5-4fa4-a97d-d965ccfc6d4b" outcome="Failed" testListId="8c84fa94-04c1-424b-9868-57a2d4851a1d" relativeResultsDirectory="470f1a61-e123-442e-a198-60c8bfb53df6">
      <Output>
        <ErrorInfo>
          <Message>Test method Tavisca.Catapult.External.Facade.Tests.ActivityMultiAvailTests.SearchByGeoCodeTest.SearchByActivityCodeContentEnabledTest1 threw exception: 
System.Transactions.TransactionManagerCommunicationException: Network access for Distributed Transaction Manager (MSDTC) has been disabled. Please enable DTC for network access in the security configuration for MSDTC using the Component Services Administrative tool. ---&gt; System.Runtime.InteropServices.COMException: The transaction manager has disabled its support for remote/network transactions. (Exception from HRESULT: 0x8004D024)</Message>
          <StackTrace>    at System.Transactions.Oletx.IDtcProxyShimFactory.ReceiveTransaction(UInt32 propgationTokenSize, Byte[] propgationToken, IntPtr managedIdentifier, Guid&amp; transactionIdentifier, OletxTransactionIsolationLevel&amp; isolationLevel, ITransactionShim&amp; transactionShim)
   at System.Transactions.TransactionInterop.GetOletxTransactionFromTransmitterPropigationToken(Byte[] propagationToken)
 --- End of inner exception stack trace ---
    at System.Transactions.Oletx.OletxTransactionManager.ProxyException(COMException comException)
   at System.Transactions.TransactionInterop.GetOletxTransactionFromTransmitterPropigationToken(Byte[] propagationToken)
   at System.Transactions.TransactionStatePSPEOperation.PSPEPromote(InternalTransaction tx)
   at System.Transactions.TransactionStateDelegatedBase.EnterState(InternalTransaction tx)
   at System.Transactions.EnlistableStates.Promote(InternalTransaction tx)
   at System.Transactions.Transaction.Promote()
   at System.Transactions.TransactionInterop.ConvertToOletxTransaction(Transaction transaction)
   at System.Transactions.TransactionInterop.GetExportCookie(Transaction transaction, Byte[] whereabouts)
   at System.Data.SqlClient.SqlInternalConnection.GetTransactionCookie(Transaction transaction, Byte[] whereAbouts)
   at System.Data.SqlClient.SqlInternalConnection.EnlistNonNull(Transaction tx)
   at System.Data.SqlClient.SqlInternalConnection.Enlist(Transaction tx)
   at System.Data.SqlClient.SqlInternalConnectionTds.Activate(Transaction transaction)
   at System.Data.ProviderBase.DbConnectionInternal.ActivateConnection(Transaction transaction)
   at System.Data.ProviderBase.DbConnectionPool.TryGetConnection(DbConnection owningObject, UInt32 waitForMultipleObjectsTimeout, Boolean allowCreate, Boolean onlyOneCheckConnection, DbConnectionOptions userOptions, DbConnectionInternal&amp; connection)
   at System.Data.ProviderBase.DbConnectionPool.TryGetConnection(DbConnection owningObject, TaskCompletionSource`1 retry, DbConnectionOptions userOptions, DbConnectionInternal&amp; connection)
   at System.Data.ProviderBase.DbConnectionFactory.TryGetConnection(DbConnection owningConnection, TaskCompletionSource`1 retry, DbConnectionOptions userOptions, DbConnectionInternal&amp; connection)
   at System.Data.ProviderBase.DbConnectionClosed.TryOpenConnection(DbConnection outerConnection, DbConnectionFactory connectionFactory, TaskCompletionSource`1 retry, DbConnectionOptions userOptions)
   at System.Data.SqlClient.SqlConnection.TryOpen(TaskCompletionSource`1 retry)
   at System.Data.SqlClient.SqlConnection.Open()
   at System.Data.Linq.SqlClient.SqlConnectionManager.UseConnection(IConnectionUser user)
   at System.Data.Linq.SqlClient.SqlProvider.get_IsSqlCe()
   at System.Data.Linq.SqlClient.SqlProvider.InitializeProviderMode()
   at System.Data.Linq.SqlClient.SqlProvider.System.Data.Linq.Provider.IProvider.Execute(Expression query)
   at System.Data.Linq.DataContext.ExecuteMethodCall(Object instance, MethodInfo methodInfo, Object[] parameters)
   at Tavisca.Catapult.Internal.ResourceAccess.DataProviders.Rate.LINQ.RateDataContext.spSaveRateCard(Nullable`1 id, Nullable`1 productId, String productType, String scope, Nullable`1 isEnabled, Nullable`1 isDeleted) in d:\Code\TOM\Catapult\Code\trunk\CatapultServices\Tavisca.Catapult.Internal.ResourceAccess.DataProviders\Rate\LINQ\Rate.designer.cs:line 265
   at Tavisca.Catapult.Internal.ResourceAccess.DataProviders.Rate.RateProvider.SaveRateCard(String scopeId, RateCard rateCard) in d:\Code\TOM\Catapult\Code\trunk\CatapultServices\Tavisca.Catapult.Internal.ResourceAccess.DataProviders\Rate\RateProvider.cs:line 649
   at Tavisca.Catapult.External.Facade.Tests.TestActivityGenerator.SaveRateCard(RateCard rateCard) in d:\Code\TOM\Catapult\Code\trunk\CatapultServices\Tavisca.Catapult.External.Facade.Tests\TestActivityGenerator.cs:line 352
   at Tavisca.Catapult.External.Facade.Tests.ActivityMultiAvailTests.SearchByGeoCodeTest.SearchByActivityCodeContentEnabledTest1() in d:\Code\TOM\Catapult\Code\trunk\CatapultServices\Tavisca.Catapult.External.Facade.Tests\ActivityMultiAvailTests\SearchByGeoCodeTest.cs:line 145
</StackTrace>
        </ErrorInfo>
      </Output>
    </UnitTestResult>
    <UnitTestResult executionId="80293cea-53a3-4b07-8fd2-ddde2c2a79ec" testId="8c975187-1e1d-7bdd-1e9c-457f0832075e" testName="SearchByActivityCodeContentDisabledTest1" computerName="PHOENIXX" duration="00:00:00.3012649" startTime="2013-08-09T22:01:10.1905880+05:30" endTime="2013-08-09T22:01:10.4916783+05:30" testType="13cdc9d9-ddb5-4fa4-a97d-d965ccfc6d4b" outcome="Failed" testListId="8c84fa94-04c1-424b-9868-57a2d4851a1d" relativeResultsDirectory="80293cea-53a3-4b07-8fd2-ddde2c2a79ec">
      <Output>
        <ErrorInfo>
          <Message>Test method Tavisca.Catapult.External.Facade.Tests.ActivityMultiAvailTests.SearchByGeoCodeTest.SearchByActivityCodeContentDisabledTest1 threw exception: 
System.Transactions.TransactionManagerCommunicationException: Network access for Distributed Transaction Manager (MSDTC) has been disabled. Please enable DTC for network access in the security configuration for MSDTC using the Component Services Administrative tool. ---&gt; System.Runtime.InteropServices.COMException: The transaction manager has disabled its support for remote/network transactions. (Exception from HRESULT: 0x8004D024)</Message>
          <StackTrace>    at System.Transactions.Oletx.IDtcProxyShimFactory.ReceiveTransaction(UInt32 propgationTokenSize, Byte[] propgationToken, IntPtr managedIdentifier, Guid&amp; transactionIdentifier, OletxTransactionIsolationLevel&amp; isolationLevel, ITransactionShim&amp; transactionShim)
   at System.Transactions.TransactionInterop.GetOletxTransactionFromTransmitterPropigationToken(Byte[] propagationToken)
 --- End of inner exception stack trace ---
    at System.Transactions.Oletx.OletxTransactionManager.ProxyException(COMException comException)
   at System.Transactions.TransactionInterop.GetOletxTransactionFromTransmitterPropigationToken(Byte[] propagationToken)
   at System.Transactions.TransactionStatePSPEOperation.PSPEPromote(InternalTransaction tx)
   at System.Transactions.TransactionStateDelegatedBase.EnterState(InternalTransaction tx)
   at System.Transactions.EnlistableStates.Promote(InternalTransaction tx)
   at System.Transactions.Transaction.Promote()
   at System.Transactions.TransactionInterop.ConvertToOletxTransaction(Transaction transaction)
   at System.Transactions.TransactionInterop.GetExportCookie(Transaction transaction, Byte[] whereabouts)
   at System.Data.SqlClient.SqlInternalConnection.GetTransactionCookie(Transaction transaction, Byte[] whereAbouts)
   at System.Data.SqlClient.SqlInternalConnection.EnlistNonNull(Transaction tx)
   at System.Data.SqlClient.SqlInternalConnection.Enlist(Transaction tx)
   at System.Data.SqlClient.SqlInternalConnectionTds.Activate(Transaction transaction)
   at System.Data.ProviderBase.DbConnectionInternal.ActivateConnection(Transaction transaction)
   at System.Data.ProviderBase.DbConnectionPool.TryGetConnection(DbConnection owningObject, UInt32 waitForMultipleObjectsTimeout, Boolean allowCreate, Boolean onlyOneCheckConnection, DbConnectionOptions userOptions, DbConnectionInternal&amp; connection)
   at System.Data.ProviderBase.DbConnectionPool.TryGetConnection(DbConnection owningObject, TaskCompletionSource`1 retry, DbConnectionOptions userOptions, DbConnectionInternal&amp; connection)
   at System.Data.ProviderBase.DbConnectionFactory.TryGetConnection(DbConnection owningConnection, TaskCompletionSource`1 retry, DbConnectionOptions userOptions, DbConnectionInternal&amp; connection)
   at System.Data.ProviderBase.DbConnectionClosed.TryOpenConnection(DbConnection outerConnection, DbConnectionFactory connectionFactory, TaskCompletionSource`1 retry, DbConnectionOptions userOptions)
   at System.Data.SqlClient.SqlConnection.TryOpen(TaskCompletionSource`1 retry)
   at System.Data.SqlClient.SqlConnection.Open()
   at System.Data.Linq.SqlClient.SqlConnectionManager.UseConnection(IConnectionUser user)
   at System.Data.Linq.SqlClient.SqlProvider.get_IsSqlCe()
   at System.Data.Linq.SqlClient.SqlProvider.InitializeProviderMode()
   at System.Data.Linq.SqlClient.SqlProvider.System.Data.Linq.Provider.IProvider.Execute(Expression query)
   at System.Data.Linq.DataContext.ExecuteMethodCall(Object instance, MethodInfo methodInfo, Object[] parameters)
   at Tavisca.Catapult.Internal.ResourceAccess.DataProviders.Rate.LINQ.RateDataContext.spSaveRateCard(Nullable`1 id, Nullable`1 productId, String productType, String scope, Nullable`1 isEnabled, Nullable`1 isDeleted) in d:\Code\TOM\Catapult\Code\trunk\CatapultServices\Tavisca.Catapult.Internal.ResourceAccess.DataProviders\Rate\LINQ\Rate.designer.cs:line 265
   at Tavisca.Catapult.Internal.ResourceAccess.DataProviders.Rate.RateProvider.SaveRateCard(String scopeId, RateCard rateCard) in d:\Code\TOM\Catapult\Code\trunk\CatapultServices\Tavisca.Catapult.Internal.ResourceAccess.DataProviders\Rate\RateProvider.cs:line 649
   at Tavisca.Catapult.External.Facade.Tests.TestActivityGenerator.SaveRateCard(RateCard rateCard) in d:\Code\TOM\Catapult\Code\trunk\CatapultServices\Tavisca.Catapult.External.Facade.Tests\TestActivityGenerator.cs:line 352
   at Tavisca.Catapult.External.Facade.Tests.ActivityMultiAvailTests.SearchByGeoCodeTest.SearchByActivityCodeContentDisabledTest1() in d:\Code\TOM\Catapult\Code\trunk\CatapultServices\Tavisca.Catapult.External.Facade.Tests\ActivityMultiAvailTests\SearchByGeoCodeTest.cs:line 195
</StackTrace>
        </ErrorInfo>
      </Output>
    </UnitTestResult>
    <UnitTestResult executionId="fedbf1e3-ba29-4fdb-9c5d-658ffd9b8ee0" testId="33f9c41b-fdc1-1f43-5638-8453ffcaf1bc" testName="BlackOutPeriodTest1" computerName="PHOENIXX" duration="00:00:00.3659457" startTime="2013-08-09T22:01:10.4916783+05:30" endTime="2013-08-09T22:01:10.8577881+05:30" testType="13cdc9d9-ddb5-4fa4-a97d-d965ccfc6d4b" outcome="Failed" testListId="8c84fa94-04c1-424b-9868-57a2d4851a1d" relativeResultsDirectory="fedbf1e3-ba29-4fdb-9c5d-658ffd9b8ee0">
      <Output>
        <ErrorInfo>
          <Message>Test method Tavisca.Catapult.External.Facade.Tests.ActivityMultiAvailTests.SearchByGeoCodeTest.BlackOutPeriodTest1 threw exception: 
System.Transactions.TransactionManagerCommunicationException: Network access for Distributed Transaction Manager (MSDTC) has been disabled. Please enable DTC for network access in the security configuration for MSDTC using the Component Services Administrative tool. ---&gt; System.Runtime.InteropServices.COMException: The transaction manager has disabled its support for remote/network transactions. (Exception from HRESULT: 0x8004D024)</Message>
          <StackTrace>    at System.Transactions.Oletx.IDtcProxyShimFactory.ReceiveTransaction(UInt32 propgationTokenSize, Byte[] propgationToken, IntPtr managedIdentifier, Guid&amp; transactionIdentifier, OletxTransactionIsolationLevel&amp; isolationLevel, ITransactionShim&amp; transactionShim)
   at System.Transactions.TransactionInterop.GetOletxTransactionFromTransmitterPropigationToken(Byte[] propagationToken)
 --- End of inner exception stack trace ---
    at System.Transactions.Oletx.OletxTransactionManager.ProxyException(COMException comException)
   at System.Transactions.TransactionInterop.GetOletxTransactionFromTransmitterPropigationToken(Byte[] propagationToken)
   at System.Transactions.TransactionStatePSPEOperation.PSPEPromote(InternalTransaction tx)
   at System.Transactions.TransactionStateDelegatedBase.EnterState(InternalTransaction tx)
   at System.Transactions.EnlistableStates.Promote(InternalTransaction tx)
   at System.Transactions.Transaction.Promote()
   at System.Transactions.TransactionInterop.ConvertToOletxTransaction(Transaction transaction)
   at System.Transactions.TransactionInterop.GetExportCookie(Transaction transaction, Byte[] whereabouts)
   at System.Data.SqlClient.SqlInternalConnection.GetTransactionCookie(Transaction transaction, Byte[] whereAbouts)
   at System.Data.SqlClient.SqlInternalConnection.EnlistNonNull(Transaction tx)
   at System.Data.SqlClient.SqlInternalConnection.Enlist(Transaction tx)
   at System.Data.SqlClient.SqlInternalConnectionTds.Activate(Transaction transaction)
   at System.Data.ProviderBase.DbConnectionInternal.ActivateConnection(Transaction transaction)
   at System.Data.ProviderBase.DbConnectionPool.TryGetConnection(DbConnection owningObject, UInt32 waitForMultipleObjectsTimeout, Boolean allowCreate, Boolean onlyOneCheckConnection, DbConnectionOptions userOptions, DbConnectionInternal&amp; connection)
   at System.Data.ProviderBase.DbConnectionPool.TryGetConnection(DbConnection owningObject, TaskCompletionSource`1 retry, DbConnectionOptions userOptions, DbConnectionInternal&amp; connection)
   at System.Data.ProviderBase.DbConnectionFactory.TryGetConnection(DbConnection owningConnection, TaskCompletionSource`1 retry, DbConnectionOptions userOptions, DbConnectionInternal&amp; connection)
   at System.Data.ProviderBase.DbConnectionClosed.TryOpenConnection(DbConnection outerConnection, DbConnectionFactory connectionFactory, TaskCompletionSource`1 retry, DbConnectionOptions userOptions)
   at System.Data.SqlClient.SqlConnection.TryOpen(TaskCompletionSource`1 retry)
   at System.Data.SqlClient.SqlConnection.Open()
   at System.Data.Linq.SqlClient.SqlConnectionManager.UseConnection(IConnectionUser user)
   at System.Data.Linq.SqlClient.SqlProvider.get_IsSqlCe()
   at System.Data.Linq.SqlClient.SqlProvider.InitializeProviderMode()
   at System.Data.Linq.SqlClient.SqlProvider.System.Data.Linq.Provider.IProvider.Execute(Expression query)
   at System.Data.Linq.DataContext.ExecuteMethodCall(Object instance, MethodInfo methodInfo, Object[] parameters)
   at Tavisca.Catapult.Internal.ResourceAccess.DataProviders.Rate.LINQ.RateDataContext.spSaveRateCard(Nullable`1 id, Nullable`1 productId, String productType, String scope, Nullable`1 isEnabled, Nullable`1 isDeleted) in d:\Code\TOM\Catapult\Code\trunk\CatapultServices\Tavisca.Catapult.Internal.ResourceAccess.DataProviders\Rate\LINQ\Rate.designer.cs:line 265
   at Tavisca.Catapult.Internal.ResourceAccess.DataProviders.Rate.RateProvider.SaveRateCard(String scopeId, RateCard rateCard) in d:\Code\TOM\Catapult\Code\trunk\CatapultServices\Tavisca.Catapult.Internal.ResourceAccess.DataProviders\Rate\RateProvider.cs:line 649
   at Tavisca.Catapult.External.Facade.Tests.TestActivityGenerator.SaveRateCard(RateCard rateCard) in d:\Code\TOM\Catapult\Code\trunk\CatapultServices\Tavisca.Catapult.External.Facade.Tests\TestActivityGenerator.cs:line 352
   at Tavisca.Catapult.External.Facade.Tests.ActivityMultiAvailTests.SearchByGeoCodeTest.BlackOutPeriodTest1() in d:\Code\TOM\Catapult\Code\trunk\CatapultServices\Tavisca.Catapult.External.Facade.Tests\ActivityMultiAvailTests\SearchByGeoCodeTest.cs:line 245
</StackTrace>
        </ErrorInfo>
      </Output>
    </UnitTestResult>
    <UnitTestResult executionId="bfd4a26f-7b17-4aef-bc32-a8544bebd938" testId="9ebdb339-dd51-80dc-e6ae-354d9fd997d3" testName="BlackOutPeriodTest2" computerName="PHOENIXX" duration="00:00:00.3535488" startTime="2013-08-09T22:01:10.8577881+05:30" endTime="2013-08-09T22:01:11.2118943+05:30" testType="13cdc9d9-ddb5-4fa4-a97d-d965ccfc6d4b" outcome="Failed" testListId="8c84fa94-04c1-424b-9868-57a2d4851a1d" relativeResultsDirectory="bfd4a26f-7b17-4aef-bc32-a8544bebd938">
      <Output>
        <ErrorInfo>
          <Message>Test method Tavisca.Catapult.External.Facade.Tests.ActivityMultiAvailTests.SearchByGeoCodeTest.BlackOutPeriodTest2 threw exception: 
System.Transactions.TransactionManagerCommunicationException: Network access for Distributed Transaction Manager (MSDTC) has been disabled. Please enable DTC for network access in the security configuration for MSDTC using the Component Services Administrative tool. ---&gt; System.Runtime.InteropServices.COMException: The transaction manager has disabled its support for remote/network transactions. (Exception from HRESULT: 0x8004D024)</Message>
          <StackTrace>    at System.Transactions.Oletx.IDtcProxyShimFactory.ReceiveTransaction(UInt32 propgationTokenSize, Byte[] propgationToken, IntPtr managedIdentifier, Guid&amp; transactionIdentifier, OletxTransactionIsolationLevel&amp; isolationLevel, ITransactionShim&amp; transactionShim)
   at System.Transactions.TransactionInterop.GetOletxTransactionFromTransmitterPropigationToken(Byte[] propagationToken)
 --- End of inner exception stack trace ---
    at System.Transactions.Oletx.OletxTransactionManager.ProxyException(COMException comException)
   at System.Transactions.TransactionInterop.GetOletxTransactionFromTransmitterPropigationToken(Byte[] propagationToken)
   at System.Transactions.TransactionStatePSPEOperation.PSPEPromote(InternalTransaction tx)
   at System.Transactions.TransactionStateDelegatedBase.EnterState(InternalTransaction tx)
   at System.Transactions.EnlistableStates.Promote(InternalTransaction tx)
   at System.Transactions.Transaction.Promote()
   at System.Transactions.TransactionInterop.ConvertToOletxTransaction(Transaction transaction)
   at System.Transactions.TransactionInterop.GetExportCookie(Transaction transaction, Byte[] whereabouts)
   at System.Data.SqlClient.SqlInternalConnection.GetTransactionCookie(Transaction transaction, Byte[] whereAbouts)
   at System.Data.SqlClient.SqlInternalConnection.EnlistNonNull(Transaction tx)
   at System.Data.SqlClient.SqlInternalConnection.Enlist(Transaction tx)
   at System.Data.SqlClient.SqlInternalConnectionTds.Activate(Transaction transaction)
   at System.Data.ProviderBase.DbConnectionInternal.ActivateConnection(Transaction transaction)
   at System.Data.ProviderBase.DbConnectionPool.TryGetConnection(DbConnection owningObject, UInt32 waitForMultipleObjectsTimeout, Boolean allowCreate, Boolean onlyOneCheckConnection, DbConnectionOptions userOptions, DbConnectionInternal&amp; connection)
   at System.Data.ProviderBase.DbConnectionPool.TryGetConnection(DbConnection owningObject, TaskCompletionSource`1 retry, DbConnectionOptions userOptions, DbConnectionInternal&amp; connection)
   at System.Data.ProviderBase.DbConnectionFactory.TryGetConnection(DbConnection owningConnection, TaskCompletionSource`1 retry, DbConnectionOptions userOptions, DbConnectionInternal&amp; connection)
   at System.Data.ProviderBase.DbConnectionClosed.TryOpenConnection(DbConnection outerConnection, DbConnectionFactory connectionFactory, TaskCompletionSource`1 retry, DbConnectionOptions userOptions)
   at System.Data.SqlClient.SqlConnection.TryOpen(TaskCompletionSource`1 retry)
   at System.Data.SqlClient.SqlConnection.Open()
   at System.Data.Linq.SqlClient.SqlConnectionManager.UseConnection(IConnectionUser user)
   at System.Data.Linq.SqlClient.SqlProvider.get_IsSqlCe()
   at System.Data.Linq.SqlClient.SqlProvider.InitializeProviderMode()
   at System.Data.Linq.SqlClient.SqlProvider.System.Data.Linq.Provider.IProvider.Execute(Expression query)
   at System.Data.Linq.DataContext.ExecuteMethodCall(Object instance, MethodInfo methodInfo, Object[] parameters)
   at Tavisca.Catapult.Internal.ResourceAccess.DataProviders.Rate.LINQ.RateDataContext.spSaveRateCard(Nullable`1 id, Nullable`1 productId, String productType, String scope, Nullable`1 isEnabled, Nullable`1 isDeleted) in d:\Code\TOM\Catapult\Code\trunk\CatapultServices\Tavisca.Catapult.Internal.ResourceAccess.DataProviders\Rate\LINQ\Rate.designer.cs:line 265
   at Tavisca.Catapult.Internal.ResourceAccess.DataProviders.Rate.RateProvider.SaveRateCard(String scopeId, RateCard rateCard) in d:\Code\TOM\Catapult\Code\trunk\CatapultServices\Tavisca.Catapult.Internal.ResourceAccess.DataProviders\Rate\RateProvider.cs:line 649
   at Tavisca.Catapult.External.Facade.Tests.TestActivityGenerator.SaveRateCard(RateCard rateCard) in d:\Code\TOM\Catapult\Code\trunk\CatapultServices\Tavisca.Catapult.External.Facade.Tests\TestActivityGenerator.cs:line 352
   at Tavisca.Catapult.External.Facade.Tests.ActivityMultiAvailTests.SearchByGeoCodeTest.BlackOutPeriodTest2() in d:\Code\TOM\Catapult\Code\trunk\CatapultServices\Tavisca.Catapult.External.Facade.Tests\ActivityMultiAvailTests\SearchByGeoCodeTest.cs:line 294
</StackTrace>
        </ErrorInfo>
      </Output>
    </UnitTestResult>
    <UnitTestResult executionId="f99f0428-1000-47b7-ba75-f18bd3aa64a3" testId="9ac6f7de-9328-9b84-08bf-c72cf8f004a6" testName="BlackOutPeriodTest3" computerName="PHOENIXX" duration="00:00:00.3725307" startTime="2013-08-09T22:01:11.2118943+05:30" endTime="2013-08-09T22:01:11.5850062+05:30" testType="13cdc9d9-ddb5-4fa4-a97d-d965ccfc6d4b" outcome="Failed" testListId="8c84fa94-04c1-424b-9868-57a2d4851a1d" relativeResultsDirectory="f99f0428-1000-47b7-ba75-f18bd3aa64a3">
      <Output>
        <ErrorInfo>
          <Message>Test method Tavisca.Catapult.External.Facade.Tests.ActivityMultiAvailTests.SearchByGeoCodeTest.BlackOutPeriodTest3 threw exception: 
System.Transactions.TransactionManagerCommunicationException: Network access for Distributed Transaction Manager (MSDTC) has been disabled. Please enable DTC for network access in the security configuration for MSDTC using the Component Services Administrative tool. ---&gt; System.Runtime.InteropServices.COMException: The transaction manager has disabled its support for remote/network transactions. (Exception from HRESULT: 0x8004D024)</Message>
          <StackTrace>    at System.Transactions.Oletx.IDtcProxyShimFactory.ReceiveTransaction(UInt32 propgationTokenSize, Byte[] propgationToken, IntPtr managedIdentifier, Guid&amp; transactionIdentifier, OletxTransactionIsolationLevel&amp; isolationLevel, ITransactionShim&amp; transactionShim)
   at System.Transactions.TransactionInterop.GetOletxTransactionFromTransmitterPropigationToken(Byte[] propagationToken)
 --- End of inner exception stack trace ---
    at System.Transactions.Oletx.OletxTransactionManager.ProxyException(COMException comException)
   at System.Transactions.TransactionInterop.GetOletxTransactionFromTransmitterPropigationToken(Byte[] propagationToken)
   at System.Transactions.TransactionStatePSPEOperation.PSPEPromote(InternalTransaction tx)
   at System.Transactions.TransactionStateDelegatedBase.EnterState(InternalTransaction tx)
   at System.Transactions.EnlistableStates.Promote(InternalTransaction tx)
   at System.Transactions.Transaction.Promote()
   at System.Transactions.TransactionInterop.ConvertToOletxTransaction(Transaction transaction)
   at System.Transactions.TransactionInterop.GetExportCookie(Transaction transaction, Byte[] whereabouts)
   at System.Data.SqlClient.SqlInternalConnection.GetTransactionCookie(Transaction transaction, Byte[] whereAbouts)
   at System.Data.SqlClient.SqlInternalConnection.EnlistNonNull(Transaction tx)
   at System.Data.SqlClient.SqlInternalConnection.Enlist(Transaction tx)
   at System.Data.SqlClient.SqlInternalConnectionTds.Activate(Transaction transaction)
   at System.Data.ProviderBase.DbConnectionInternal.ActivateConnection(Transaction transaction)
   at System.Data.ProviderBase.DbConnectionPool.TryGetConnection(DbConnection owningObject, UInt32 waitForMultipleObjectsTimeout, Boolean allowCreate, Boolean onlyOneCheckConnection, DbConnectionOptions userOptions, DbConnectionInternal&amp; connection)
   at System.Data.ProviderBase.DbConnectionPool.TryGetConnection(DbConnection owningObject, TaskCompletionSource`1 retry, DbConnectionOptions userOptions, DbConnectionInternal&amp; connection)
   at System.Data.ProviderBase.DbConnectionFactory.TryGetConnection(DbConnection owningConnection, TaskCompletionSource`1 retry, DbConnectionOptions userOptions, DbConnectionInternal&amp; connection)
   at System.Data.ProviderBase.DbConnectionClosed.TryOpenConnection(DbConnection outerConnection, DbConnectionFactory connectionFactory, TaskCompletionSource`1 retry, DbConnectionOptions userOptions)
   at System.Data.SqlClient.SqlConnection.TryOpen(TaskCompletionSource`1 retry)
   at System.Data.SqlClient.SqlConnection.Open()
   at System.Data.Linq.SqlClient.SqlConnectionManager.UseConnection(IConnectionUser user)
   at System.Data.Linq.SqlClient.SqlProvider.get_IsSqlCe()
   at System.Data.Linq.SqlClient.SqlProvider.InitializeProviderMode()
   at System.Data.Linq.SqlClient.SqlProvider.System.Data.Linq.Provider.IProvider.Execute(Expression query)
   at System.Data.Linq.DataContext.ExecuteMethodCall(Object instance, MethodInfo methodInfo, Object[] parameters)
   at Tavisca.Catapult.Internal.ResourceAccess.DataProviders.Rate.LINQ.RateDataContext.spSaveRateCard(Nullable`1 id, Nullable`1 productId, String productType, String scope, Nullable`1 isEnabled, Nullable`1 isDeleted) in d:\Code\TOM\Catapult\Code\trunk\CatapultServices\Tavisca.Catapult.Internal.ResourceAccess.DataProviders\Rate\LINQ\Rate.designer.cs:line 265
   at Tavisca.Catapult.Internal.ResourceAccess.DataProviders.Rate.RateProvider.SaveRateCard(String scopeId, RateCard rateCard) in d:\Code\TOM\Catapult\Code\trunk\CatapultServices\Tavisca.Catapult.Internal.ResourceAccess.DataProviders\Rate\RateProvider.cs:line 649
   at Tavisca.Catapult.External.Facade.Tests.TestActivityGenerator.SaveRateCard(RateCard rateCard) in d:\Code\TOM\Catapult\Code\trunk\CatapultServices\Tavisca.Catapult.External.Facade.Tests\TestActivityGenerator.cs:line 352
   at Tavisca.Catapult.External.Facade.Tests.ActivityMultiAvailTests.SearchByGeoCodeTest.BlackOutPeriodTest3() in d:\Code\TOM\Catapult\Code\trunk\CatapultServices\Tavisca.Catapult.External.Facade.Tests\ActivityMultiAvailTests\SearchByGeoCodeTest.cs:line 361
</StackTrace>
        </ErrorInfo>
      </Output>
    </UnitTestResult>
    <UnitTestResult executionId="477a10ee-4594-4d84-b20f-b61e4ce2fad5" testId="a482a9ad-6f8f-4900-07f1-d71ef783de8c" testName="RateContractTest1" computerName="PHOENIXX" duration="00:00:00.2943681" startTime="2013-08-09T22:01:11.5850062+05:30" endTime="2013-08-09T22:01:11.8790944+05:30" testType="13cdc9d9-ddb5-4fa4-a97d-d965ccfc6d4b" outcome="Failed" testListId="8c84fa94-04c1-424b-9868-57a2d4851a1d" relativeResultsDirectory="477a10ee-4594-4d84-b20f-b61e4ce2fad5">
      <Output>
        <ErrorInfo>
          <Message>Test method Tavisca.Catapult.External.Facade.Tests.ActivityMultiAvailTests.SearchByGeoCodeTest.RateContractTest1 threw exception: 
System.Transactions.TransactionManagerCommunicationException: Network access for Distributed Transaction Manager (MSDTC) has been disabled. Please enable DTC for network access in the security configuration for MSDTC using the Component Services Administrative tool. ---&gt; System.Runtime.InteropServices.COMException: The transaction manager has disabled its support for remote/network transactions. (Exception from HRESULT: 0x8004D024)</Message>
          <StackTrace>    at System.Transactions.Oletx.IDtcProxyShimFactory.ReceiveTransaction(UInt32 propgationTokenSize, Byte[] propgationToken, IntPtr managedIdentifier, Guid&amp; transactionIdentifier, OletxTransactionIsolationLevel&amp; isolationLevel, ITransactionShim&amp; transactionShim)
   at System.Transactions.TransactionInterop.GetOletxTransactionFromTransmitterPropigationToken(Byte[] propagationToken)
 --- End of inner exception stack trace ---
    at System.Transactions.Oletx.OletxTransactionManager.ProxyException(COMException comException)
   at System.Transactions.TransactionInterop.GetOletxTransactionFromTransmitterPropigationToken(Byte[] propagationToken)
   at System.Transactions.TransactionStatePSPEOperation.PSPEPromote(InternalTransaction tx)
   at System.Transactions.TransactionStateDelegatedBase.EnterState(InternalTransaction tx)
   at System.Transactions.EnlistableStates.Promote(InternalTransaction tx)
   at System.Transactions.Transaction.Promote()
   at System.Transactions.TransactionInterop.ConvertToOletxTransaction(Transaction transaction)
   at System.Transactions.TransactionInterop.GetExportCookie(Transaction transaction, Byte[] whereabouts)
   at System.Data.SqlClient.SqlInternalConnection.GetTransactionCookie(Transaction transaction, Byte[] whereAbouts)
   at System.Data.SqlClient.SqlInternalConnection.EnlistNonNull(Transaction tx)
   at System.Data.SqlClient.SqlInternalConnection.Enlist(Transaction tx)
   at System.Data.SqlClient.SqlInternalConnectionTds.Activate(Transaction transaction)
   at System.Data.ProviderBase.DbConnectionInternal.ActivateConnection(Transaction transaction)
   at System.Data.ProviderBase.DbConnectionPool.TryGetConnection(DbConnection owningObject, UInt32 waitForMultipleObjectsTimeout, Boolean allowCreate, Boolean onlyOneCheckConnection, DbConnectionOptions userOptions, DbConnectionInternal&amp; connection)
   at System.Data.ProviderBase.DbConnectionPool.TryGetConnection(DbConnection owningObject, TaskCompletionSource`1 retry, DbConnectionOptions userOptions, DbConnectionInternal&amp; connection)
   at System.Data.ProviderBase.DbConnectionFactory.TryGetConnection(DbConnection owningConnection, TaskCompletionSource`1 retry, DbConnectionOptions userOptions, DbConnectionInternal&amp; connection)
   at System.Data.ProviderBase.DbConnectionClosed.TryOpenConnection(DbConnection outerConnection, DbConnectionFactory connectionFactory, TaskCompletionSource`1 retry, DbConnectionOptions userOptions)
   at System.Data.SqlClient.SqlConnection.TryOpen(TaskCompletionSource`1 retry)
   at System.Data.SqlClient.SqlConnection.Open()
   at System.Data.Linq.SqlClient.SqlConnectionManager.UseConnection(IConnectionUser user)
   at System.Data.Linq.SqlClient.SqlProvider.get_IsSqlCe()
   at System.Data.Linq.SqlClient.SqlProvider.InitializeProviderMode()
   at System.Data.Linq.SqlClient.SqlProvider.System.Data.Linq.Provider.IProvider.Execute(Expression query)
   at System.Data.Linq.DataContext.ExecuteMethodCall(Object instance, MethodInfo methodInfo, Object[] parameters)
   at Tavisca.Catapult.Internal.ResourceAccess.DataProviders.Rate.LINQ.RateDataContext.spSaveRateCard(Nullable`1 id, Nullable`1 productId, String productType, String scope, Nullable`1 isEnabled, Nullable`1 isDeleted) in d:\Code\TOM\Catapult\Code\trunk\CatapultServices\Tavisca.Catapult.Internal.ResourceAccess.DataProviders\Rate\LINQ\Rate.designer.cs:line 265
   at Tavisca.Catapult.Internal.ResourceAccess.DataProviders.Rate.RateProvider.SaveRateCard(String scopeId, RateCard rateCard) in d:\Code\TOM\Catapult\Code\trunk\CatapultServices\Tavisca.Catapult.Internal.ResourceAccess.DataProviders\Rate\RateProvider.cs:line 649
   at Tavisca.Catapult.External.Facade.Tests.TestActivityGenerator.SaveRateCard(RateCard rateCard) in d:\Code\TOM\Catapult\Code\trunk\CatapultServices\Tavisca.Catapult.External.Facade.Tests\TestActivityGenerator.cs:line 352
   at Tavisca.Catapult.External.Facade.Tests.ActivityMultiAvailTests.SearchByGeoCodeTest.RateContractTest1() in d:\Code\TOM\Catapult\Code\trunk\CatapultServices\Tavisca.Catapult.External.Facade.Tests\ActivityMultiAvailTests\SearchByGeoCodeTest.cs:line 409
</StackTrace>
        </ErrorInfo>
      </Output>
    </UnitTestResult>
    <UnitTestResult executionId="dc131a21-900e-47aa-855e-83b3c732511a" testId="5d0986a5-cc73-f1aa-dab3-e0834c8a842d" testName="RateContractTest2" computerName="PHOENIXX" duration="00:00:00.2966630" startTime="2013-08-09T22:01:11.8790944+05:30" endTime="2013-08-09T22:01:12.1761835+05:30" testType="13cdc9d9-ddb5-4fa4-a97d-d965ccfc6d4b" outcome="Failed" testListId="8c84fa94-04c1-424b-9868-57a2d4851a1d" relativeResultsDirectory="dc131a21-900e-47aa-855e-83b3c732511a">
      <Output>
        <ErrorInfo>
          <Message>Test method Tavisca.Catapult.External.Facade.Tests.ActivityMultiAvailTests.SearchByGeoCodeTest.RateContractTest2 threw exception: 
System.Transactions.TransactionManagerCommunicationException: Network access for Distributed Transaction Manager (MSDTC) has been disabled. Please enable DTC for network access in the security configuration for MSDTC using the Component Services Administrative tool. ---&gt; System.Runtime.InteropServices.COMException: The transaction manager has disabled its support for remote/network transactions. (Exception from HRESULT: 0x8004D024)</Message>
          <StackTrace>    at System.Transactions.Oletx.IDtcProxyShimFactory.ReceiveTransaction(UInt32 propgationTokenSize, Byte[] propgationToken, IntPtr managedIdentifier, Guid&amp; transactionIdentifier, OletxTransactionIsolationLevel&amp; isolationLevel, ITransactionShim&amp; transactionShim)
   at System.Transactions.TransactionInterop.GetOletxTransactionFromTransmitterPropigationToken(Byte[] propagationToken)
 --- End of inner exception stack trace ---
    at System.Transactions.Oletx.OletxTransactionManager.ProxyException(COMException comException)
   at System.Transactions.TransactionInterop.GetOletxTransactionFromTransmitterPropigationToken(Byte[] propagationToken)
   at System.Transactions.TransactionStatePSPEOperation.PSPEPromote(InternalTransaction tx)
   at System.Transactions.TransactionStateDelegatedBase.EnterState(InternalTransaction tx)
   at System.Transactions.EnlistableStates.Promote(InternalTransaction tx)
   at System.Transactions.Transaction.Promote()
   at System.Transactions.TransactionInterop.ConvertToOletxTransaction(Transaction transaction)
   at System.Transactions.TransactionInterop.GetExportCookie(Transaction transaction, Byte[] whereabouts)
   at System.Data.SqlClient.SqlInternalConnection.GetTransactionCookie(Transaction transaction, Byte[] whereAbouts)
   at System.Data.SqlClient.SqlInternalConnection.EnlistNonNull(Transaction tx)
   at System.Data.SqlClient.SqlInternalConnection.Enlist(Transaction tx)
   at System.Data.SqlClient.SqlInternalConnectionTds.Activate(Transaction transaction)
   at System.Data.ProviderBase.DbConnectionInternal.ActivateConnection(Transaction transaction)
   at System.Data.ProviderBase.DbConnectionPool.TryGetConnection(DbConnection owningObject, UInt32 waitForMultipleObjectsTimeout, Boolean allowCreate, Boolean onlyOneCheckConnection, DbConnectionOptions userOptions, DbConnectionInternal&amp; connection)
   at System.Data.ProviderBase.DbConnectionPool.TryGetConnection(DbConnection owningObject, TaskCompletionSource`1 retry, DbConnectionOptions userOptions, DbConnectionInternal&amp; connection)
   at System.Data.ProviderBase.DbConnectionFactory.TryGetConnection(DbConnection owningConnection, TaskCompletionSource`1 retry, DbConnectionOptions userOptions, DbConnectionInternal&amp; connection)
   at System.Data.ProviderBase.DbConnectionClosed.TryOpenConnection(DbConnection outerConnection, DbConnectionFactory connectionFactory, TaskCompletionSource`1 retry, DbConnectionOptions userOptions)
   at System.Data.SqlClient.SqlConnection.TryOpen(TaskCompletionSource`1 retry)
   at System.Data.SqlClient.SqlConnection.Open()
   at System.Data.Linq.SqlClient.SqlConnectionManager.UseConnection(IConnectionUser user)
   at System.Data.Linq.SqlClient.SqlProvider.get_IsSqlCe()
   at System.Data.Linq.SqlClient.SqlProvider.InitializeProviderMode()
   at System.Data.Linq.SqlClient.SqlProvider.System.Data.Linq.Provider.IProvider.Execute(Expression query)
   at System.Data.Linq.DataContext.ExecuteMethodCall(Object instance, MethodInfo methodInfo, Object[] parameters)
   at Tavisca.Catapult.Internal.ResourceAccess.DataProviders.Rate.LINQ.RateDataContext.spSaveRateCard(Nullable`1 id, Nullable`1 productId, String productType, String scope, Nullable`1 isEnabled, Nullable`1 isDeleted) in d:\Code\TOM\Catapult\Code\trunk\CatapultServices\Tavisca.Catapult.Internal.ResourceAccess.DataProviders\Rate\LINQ\Rate.designer.cs:line 265
   at Tavisca.Catapult.Internal.ResourceAccess.DataProviders.Rate.RateProvider.SaveRateCard(String scopeId, RateCard rateCard) in d:\Code\TOM\Catapult\Code\trunk\CatapultServices\Tavisca.Catapult.Internal.ResourceAccess.DataProviders\Rate\RateProvider.cs:line 649
   at Tavisca.Catapult.External.Facade.Tests.TestActivityGenerator.SaveRateCard(RateCard rateCard) in d:\Code\TOM\Catapult\Code\trunk\CatapultServices\Tavisca.Catapult.External.Facade.Tests\TestActivityGenerator.cs:line 352
   at Tavisca.Catapult.External.Facade.Tests.ActivityMultiAvailTests.SearchByGeoCodeTest.RateContractTest2() in d:\Code\TOM\Catapult\Code\trunk\CatapultServices\Tavisca.Catapult.External.Facade.Tests\ActivityMultiAvailTests\SearchByGeoCodeTest.cs:line 457
</StackTrace>
        </ErrorInfo>
      </Output>
    </UnitTestResult>
    <UnitTestResult executionId="d702ad42-4769-4667-9c86-578974238cca" testId="ed4fbd40-9b68-5c5f-bfc2-be13e3cc5eb7" testName="RateContractTest3" computerName="PHOENIXX" duration="00:00:00.3179391" startTime="2013-08-09T22:01:12.1761835+05:30" endTime="2013-08-09T22:01:12.4942789+05:30" testType="13cdc9d9-ddb5-4fa4-a97d-d965ccfc6d4b" outcome="Failed" testListId="8c84fa94-04c1-424b-9868-57a2d4851a1d" relativeResultsDirectory="d702ad42-4769-4667-9c86-578974238cca">
      <Output>
        <ErrorInfo>
          <Message>Test method Tavisca.Catapult.External.Facade.Tests.ActivityMultiAvailTests.SearchByGeoCodeTest.RateContractTest3 threw exception: 
System.Transactions.TransactionManagerCommunicationException: Network access for Distributed Transaction Manager (MSDTC) has been disabled. Please enable DTC for network access in the security configuration for MSDTC using the Component Services Administrative tool. ---&gt; System.Runtime.InteropServices.COMException: The transaction manager has disabled its support for remote/network transactions. (Exception from HRESULT: 0x8004D024)</Message>
          <StackTrace>    at System.Transactions.Oletx.IDtcProxyShimFactory.ReceiveTransaction(UInt32 propgationTokenSize, Byte[] propgationToken, IntPtr managedIdentifier, Guid&amp; transactionIdentifier, OletxTransactionIsolationLevel&amp; isolationLevel, ITransactionShim&amp; transactionShim)
   at System.Transactions.TransactionInterop.GetOletxTransactionFromTransmitterPropigationToken(Byte[] propagationToken)
 --- End of inner exception stack trace ---
    at System.Transactions.Oletx.OletxTransactionManager.ProxyException(COMException comException)
   at System.Transactions.TransactionInterop.GetOletxTransactionFromTransmitterPropigationToken(Byte[] propagationToken)
   at System.Transactions.TransactionStatePSPEOperation.PSPEPromote(InternalTransaction tx)
   at System.Transactions.TransactionStateDelegatedBase.EnterState(InternalTransaction tx)
   at System.Transactions.EnlistableStates.Promote(InternalTransaction tx)
   at System.Transactions.Transaction.Promote()
   at System.Transactions.TransactionInterop.ConvertToOletxTransaction(Transaction transaction)
   at System.Transactions.TransactionInterop.GetExportCookie(Transaction transaction, Byte[] whereabouts)
   at System.Data.SqlClient.SqlInternalConnection.GetTransactionCookie(Transaction transaction, Byte[] whereAbouts)
   at System.Data.SqlClient.SqlInternalConnection.EnlistNonNull(Transaction tx)
   at System.Data.SqlClient.SqlInternalConnection.Enlist(Transaction tx)
   at System.Data.SqlClient.SqlInternalConnectionTds.Activate(Transaction transaction)
   at System.Data.ProviderBase.DbConnectionInternal.ActivateConnection(Transaction transaction)
   at System.Data.ProviderBase.DbConnectionPool.TryGetConnection(DbConnection owningObject, UInt32 waitForMultipleObjectsTimeout, Boolean allowCreate, Boolean onlyOneCheckConnection, DbConnectionOptions userOptions, DbConnectionInternal&amp; connection)
   at System.Data.ProviderBase.DbConnectionPool.TryGetConnection(DbConnection owningObject, TaskCompletionSource`1 retry, DbConnectionOptions userOptions, DbConnectionInternal&amp; connection)
   at System.Data.ProviderBase.DbConnectionFactory.TryGetConnection(DbConnection owningConnection, TaskCompletionSource`1 retry, DbConnectionOptions userOptions, DbConnectionInternal&amp; connection)
   at System.Data.ProviderBase.DbConnectionClosed.TryOpenConnection(DbConnection outerConnection, DbConnectionFactory connectionFactory, TaskCompletionSource`1 retry, DbConnectionOptions userOptions)
   at System.Data.SqlClient.SqlConnection.TryOpen(TaskCompletionSource`1 retry)
   at System.Data.SqlClient.SqlConnection.Open()
   at System.Data.Linq.SqlClient.SqlConnectionManager.UseConnection(IConnectionUser user)
   at System.Data.Linq.SqlClient.SqlProvider.get_IsSqlCe()
   at System.Data.Linq.SqlClient.SqlProvider.InitializeProviderMode()
   at System.Data.Linq.SqlClient.SqlProvider.System.Data.Linq.Provider.IProvider.Execute(Expression query)
   at System.Data.Linq.DataContext.ExecuteMethodCall(Object instance, MethodInfo methodInfo, Object[] parameters)
   at Tavisca.Catapult.Internal.ResourceAccess.DataProviders.Rate.LINQ.RateDataContext.spSaveRateCard(Nullable`1 id, Nullable`1 productId, String productType, String scope, Nullable`1 isEnabled, Nullable`1 isDeleted) in d:\Code\TOM\Catapult\Code\trunk\CatapultServices\Tavisca.Catapult.Internal.ResourceAccess.DataProviders\Rate\LINQ\Rate.designer.cs:line 265
   at Tavisca.Catapult.Internal.ResourceAccess.DataProviders.Rate.RateProvider.SaveRateCard(String scopeId, RateCard rateCard) in d:\Code\TOM\Catapult\Code\trunk\CatapultServices\Tavisca.Catapult.Internal.ResourceAccess.DataProviders\Rate\RateProvider.cs:line 649
   at Tavisca.Catapult.External.Facade.Tests.TestActivityGenerator.SaveRateCard(RateCard rateCard) in d:\Code\TOM\Catapult\Code\trunk\CatapultServices\Tavisca.Catapult.External.Facade.Tests\TestActivityGenerator.cs:line 352
   at Tavisca.Catapult.External.Facade.Tests.ActivityMultiAvailTests.SearchByGeoCodeTest.RateContractTest3() in d:\Code\TOM\Catapult\Code\trunk\CatapultServices\Tavisca.Catapult.External.Facade.Tests\ActivityMultiAvailTests\SearchByGeoCodeTest.cs:line 505
</StackTrace>
        </ErrorInfo>
      </Output>
    </UnitTestResult>
    <UnitTestResult executionId="fb62924e-b824-49fe-900d-df4c657b913f" testId="147f015e-e9c7-54e0-1a4d-cbebe5b41b2b" testName="RateContractTest4" computerName="PHOENIXX" duration="00:00:00.2955242" startTime="2013-08-09T22:01:12.4942789+05:30" endTime="2013-08-09T22:01:12.7903677+05:30" testType="13cdc9d9-ddb5-4fa4-a97d-d965ccfc6d4b" outcome="Failed" testListId="8c84fa94-04c1-424b-9868-57a2d4851a1d" relativeResultsDirectory="fb62924e-b824-49fe-900d-df4c657b913f">
      <Output>
        <ErrorInfo>
          <Message>Test method Tavisca.Catapult.External.Facade.Tests.ActivityMultiAvailTests.SearchByGeoCodeTest.RateContractTest4 threw exception: 
System.Transactions.TransactionManagerCommunicationException: Network access for Distributed Transaction Manager (MSDTC) has been disabled. Please enable DTC for network access in the security configuration for MSDTC using the Component Services Administrative tool. ---&gt; System.Runtime.InteropServices.COMException: The transaction manager has disabled its support for remote/network transactions. (Exception from HRESULT: 0x8004D024)</Message>
          <StackTrace>    at System.Transactions.Oletx.IDtcProxyShimFactory.ReceiveTransaction(UInt32 propgationTokenSize, Byte[] propgationToken, IntPtr managedIdentifier, Guid&amp; transactionIdentifier, OletxTransactionIsolationLevel&amp; isolationLevel, ITransactionShim&amp; transactionShim)
   at System.Transactions.TransactionInterop.GetOletxTransactionFromTransmitterPropigationToken(Byte[] propagationToken)
 --- End of inner exception stack trace ---
    at System.Transactions.Oletx.OletxTransactionManager.ProxyException(COMException comException)
   at System.Transactions.TransactionInterop.GetOletxTransactionFromTransmitterPropigationToken(Byte[] propagationToken)
   at System.Transactions.TransactionStatePSPEOperation.PSPEPromote(InternalTransaction tx)
   at System.Transactions.TransactionStateDelegatedBase.EnterState(InternalTransaction tx)
   at System.Transactions.EnlistableStates.Promote(InternalTransaction tx)
   at System.Transactions.Transaction.Promote()
   at System.Transactions.TransactionInterop.ConvertToOletxTransaction(Transaction transaction)
   at System.Transactions.TransactionInterop.GetExportCookie(Transaction transaction, Byte[] whereabouts)
   at System.Data.SqlClient.SqlInternalConnection.GetTransactionCookie(Transaction transaction, Byte[] whereAbouts)
   at System.Data.SqlClient.SqlInternalConnection.EnlistNonNull(Transaction tx)
   at System.Data.SqlClient.SqlInternalConnection.Enlist(Transaction tx)
   at System.Data.SqlClient.SqlInternalConnectionTds.Activate(Transaction transaction)
   at System.Data.ProviderBase.DbConnectionInternal.ActivateConnection(Transaction transaction)
   at System.Data.ProviderBase.DbConnectionPool.TryGetConnection(DbConnection owningObject, UInt32 waitForMultipleObjectsTimeout, Boolean allowCreate, Boolean onlyOneCheckConnection, DbConnectionOptions userOptions, DbConnectionInternal&amp; connection)
   at System.Data.ProviderBase.DbConnectionPool.TryGetConnection(DbConnection owningObject, TaskCompletionSource`1 retry, DbConnectionOptions userOptions, DbConnectionInternal&amp; connection)
   at System.Data.ProviderBase.DbConnectionFactory.TryGetConnection(DbConnection owningConnection, TaskCompletionSource`1 retry, DbConnectionOptions userOptions, DbConnectionInternal&amp; connection)
   at System.Data.ProviderBase.DbConnectionClosed.TryOpenConnection(DbConnection outerConnection, DbConnectionFactory connectionFactory, TaskCompletionSource`1 retry, DbConnectionOptions userOptions)
   at System.Data.SqlClient.SqlConnection.TryOpen(TaskCompletionSource`1 retry)
   at System.Data.SqlClient.SqlConnection.Open()
   at System.Data.Linq.SqlClient.SqlConnectionManager.UseConnection(IConnectionUser user)
   at System.Data.Linq.SqlClient.SqlProvider.get_IsSqlCe()
   at System.Data.Linq.SqlClient.SqlProvider.InitializeProviderMode()
   at System.Data.Linq.SqlClient.SqlProvider.System.Data.Linq.Provider.IProvider.Execute(Expression query)
   at System.Data.Linq.DataContext.ExecuteMethodCall(Object instance, MethodInfo methodInfo, Object[] parameters)
   at Tavisca.Catapult.Internal.ResourceAccess.DataProviders.Rate.LINQ.RateDataContext.spSaveRateCard(Nullable`1 id, Nullable`1 productId, String productType, String scope, Nullable`1 isEnabled, Nullable`1 isDeleted) in d:\Code\TOM\Catapult\Code\trunk\CatapultServices\Tavisca.Catapult.Internal.ResourceAccess.DataProviders\Rate\LINQ\Rate.designer.cs:line 265
   at Tavisca.Catapult.Internal.ResourceAccess.DataProviders.Rate.RateProvider.SaveRateCard(String scopeId, RateCard rateCard) in d:\Code\TOM\Catapult\Code\trunk\CatapultServices\Tavisca.Catapult.Internal.ResourceAccess.DataProviders\Rate\RateProvider.cs:line 649
   at Tavisca.Catapult.External.Facade.Tests.TestActivityGenerator.SaveRateCard(RateCard rateCard) in d:\Code\TOM\Catapult\Code\trunk\CatapultServices\Tavisca.Catapult.External.Facade.Tests\TestActivityGenerator.cs:line 352
   at Tavisca.Catapult.External.Facade.Tests.ActivityMultiAvailTests.SearchByGeoCodeTest.RateContractTest4() in d:\Code\TOM\Catapult\Code\trunk\CatapultServices\Tavisca.Catapult.External.Facade.Tests\ActivityMultiAvailTests\SearchByGeoCodeTest.cs:line 553
</StackTrace>
        </ErrorInfo>
      </Output>
    </UnitTestResult>
    <UnitTestResult executionId="e5b4d361-eb9f-4622-b3f0-d4cb594b4f88" testId="19e80ae8-16fc-724d-c1cf-781525c39425" testName="RateContractTest5" computerName="PHOENIXX" duration="00:00:00.3110936" startTime="2013-08-09T22:01:12.7903677+05:30" endTime="2013-08-09T22:01:13.1014610+05:30" testType="13cdc9d9-ddb5-4fa4-a97d-d965ccfc6d4b" outcome="Failed" testListId="8c84fa94-04c1-424b-9868-57a2d4851a1d" relativeResultsDirectory="e5b4d361-eb9f-4622-b3f0-d4cb594b4f88">
      <Output>
        <ErrorInfo>
          <Message>Test method Tavisca.Catapult.External.Facade.Tests.ActivityMultiAvailTests.SearchByGeoCodeTest.RateContractTest5 threw exception: 
System.Transactions.TransactionManagerCommunicationException: Network access for Distributed Transaction Manager (MSDTC) has been disabled. Please enable DTC for network access in the security configuration for MSDTC using the Component Services Administrative tool. ---&gt; System.Runtime.InteropServices.COMException: The transaction manager has disabled its support for remote/network transactions. (Exception from HRESULT: 0x8004D024)</Message>
          <StackTrace>    at System.Transactions.Oletx.IDtcProxyShimFactory.ReceiveTransaction(UInt32 propgationTokenSize, Byte[] propgationToken, IntPtr managedIdentifier, Guid&amp; transactionIdentifier, OletxTransactionIsolationLevel&amp; isolationLevel, ITransactionShim&amp; transactionShim)
   at System.Transactions.TransactionInterop.GetOletxTransactionFromTransmitterPropigationToken(Byte[] propagationToken)
 --- End of inner exception stack trace ---
    at System.Transactions.Oletx.OletxTransactionManager.ProxyException(COMException comException)
   at System.Transactions.TransactionInterop.GetOletxTransactionFromTransmitterPropigationToken(Byte[] propagationToken)
   at System.Transactions.TransactionStatePSPEOperation.PSPEPromote(InternalTransaction tx)
   at System.Transactions.TransactionStateDelegatedBase.EnterState(InternalTransaction tx)
   at System.Transactions.EnlistableStates.Promote(InternalTransaction tx)
   at System.Transactions.Transaction.Promote()
   at System.Transactions.TransactionInterop.ConvertToOletxTransaction(Transaction transaction)
   at System.Transactions.TransactionInterop.GetExportCookie(Transaction transaction, Byte[] whereabouts)
   at System.Data.SqlClient.SqlInternalConnection.GetTransactionCookie(Transaction transaction, Byte[] whereAbouts)
   at System.Data.SqlClient.SqlInternalConnection.EnlistNonNull(Transaction tx)
   at System.Data.SqlClient.SqlInternalConnection.Enlist(Transaction tx)
   at System.Data.SqlClient.SqlInternalConnectionTds.Activate(Transaction transaction)
   at System.Data.ProviderBase.DbConnectionInternal.ActivateConnection(Transaction transaction)
   at System.Data.ProviderBase.DbConnectionPool.TryGetConnection(DbConnection owningObject, UInt32 waitForMultipleObjectsTimeout, Boolean allowCreate, Boolean onlyOneCheckConnection, DbConnectionOptions userOptions, DbConnectionInternal&amp; connection)
   at System.Data.ProviderBase.DbConnectionPool.TryGetConnection(DbConnection owningObject, TaskCompletionSource`1 retry, DbConnectionOptions userOptions, DbConnectionInternal&amp; connection)
   at System.Data.ProviderBase.DbConnectionFactory.TryGetConnection(DbConnection owningConnection, TaskCompletionSource`1 retry, DbConnectionOptions userOptions, DbConnectionInternal&amp; connection)
   at System.Data.ProviderBase.DbConnectionClosed.TryOpenConnection(DbConnection outerConnection, DbConnectionFactory connectionFactory, TaskCompletionSource`1 retry, DbConnectionOptions userOptions)
   at System.Data.SqlClient.SqlConnection.TryOpen(TaskCompletionSource`1 retry)
   at System.Data.SqlClient.SqlConnection.Open()
   at System.Data.Linq.SqlClient.SqlConnectionManager.UseConnection(IConnectionUser user)
   at System.Data.Linq.SqlClient.SqlProvider.get_IsSqlCe()
   at System.Data.Linq.SqlClient.SqlProvider.InitializeProviderMode()
   at System.Data.Linq.SqlClient.SqlProvider.System.Data.Linq.Provider.IProvider.Execute(Expression query)
   at System.Data.Linq.DataContext.ExecuteMethodCall(Object instance, MethodInfo methodInfo, Object[] parameters)
   at Tavisca.Catapult.Internal.ResourceAccess.DataProviders.Rate.LINQ.RateDataContext.spSaveRateCard(Nullable`1 id, Nullable`1 productId, String productType, String scope, Nullable`1 isEnabled, Nullable`1 isDeleted) in d:\Code\TOM\Catapult\Code\trunk\CatapultServices\Tavisca.Catapult.Internal.ResourceAccess.DataProviders\Rate\LINQ\Rate.designer.cs:line 265
   at Tavisca.Catapult.Internal.ResourceAccess.DataProviders.Rate.RateProvider.SaveRateCard(String scopeId, RateCard rateCard) in d:\Code\TOM\Catapult\Code\trunk\CatapultServices\Tavisca.Catapult.Internal.ResourceAccess.DataProviders\Rate\RateProvider.cs:line 649
   at Tavisca.Catapult.External.Facade.Tests.TestActivityGenerator.SaveRateCard(RateCard rateCard) in d:\Code\TOM\Catapult\Code\trunk\CatapultServices\Tavisca.Catapult.External.Facade.Tests\TestActivityGenerator.cs:line 352
   at Tavisca.Catapult.External.Facade.Tests.ActivityMultiAvailTests.SearchByGeoCodeTest.RateContractTest5() in d:\Code\TOM\Catapult\Code\trunk\CatapultServices\Tavisca.Catapult.External.Facade.Tests\ActivityMultiAvailTests\SearchByGeoCodeTest.cs:line 602
</StackTrace>
        </ErrorInfo>
      </Output>
    </UnitTestResult>
    <UnitTestResult executionId="a0d06bcc-6c3d-4bdc-a8ae-e4757e847ca6" testId="4da0d578-1ff5-78df-dc7c-e7cabc6cd136" testName="RateContractTest6" computerName="PHOENIXX" duration="00:00:00.3124961" startTime="2013-08-09T22:01:13.1014610+05:30" endTime="2013-08-09T22:01:13.4145549+05:30" testType="13cdc9d9-ddb5-4fa4-a97d-d965ccfc6d4b" outcome="Failed" testListId="8c84fa94-04c1-424b-9868-57a2d4851a1d" relativeResultsDirectory="a0d06bcc-6c3d-4bdc-a8ae-e4757e847ca6">
      <Output>
        <ErrorInfo>
          <Message>Test method Tavisca.Catapult.External.Facade.Tests.ActivityMultiAvailTests.SearchByGeoCodeTest.RateContractTest6 threw exception: 
System.Transactions.TransactionManagerCommunicationException: Network access for Distributed Transaction Manager (MSDTC) has been disabled. Please enable DTC for network access in the security configuration for MSDTC using the Component Services Administrative tool. ---&gt; System.Runtime.InteropServices.COMException: The transaction manager has disabled its support for remote/network transactions. (Exception from HRESULT: 0x8004D024)</Message>
          <StackTrace>    at System.Transactions.Oletx.IDtcProxyShimFactory.ReceiveTransaction(UInt32 propgationTokenSize, Byte[] propgationToken, IntPtr managedIdentifier, Guid&amp; transactionIdentifier, OletxTransactionIsolationLevel&amp; isolationLevel, ITransactionShim&amp; transactionShim)
   at System.Transactions.TransactionInterop.GetOletxTransactionFromTransmitterPropigationToken(Byte[] propagationToken)
 --- End of inner exception stack trace ---
    at System.Transactions.Oletx.OletxTransactionManager.ProxyException(COMException comException)
   at System.Transactions.TransactionInterop.GetOletxTransactionFromTransmitterPropigationToken(Byte[] propagationToken)
   at System.Transactions.TransactionStatePSPEOperation.PSPEPromote(InternalTransaction tx)
   at System.Transactions.TransactionStateDelegatedBase.EnterState(InternalTransaction tx)
   at System.Transactions.EnlistableStates.Promote(InternalTransaction tx)
   at System.Transactions.Transaction.Promote()
   at System.Transactions.TransactionInterop.ConvertToOletxTransaction(Transaction transaction)
   at System.Transactions.TransactionInterop.GetExportCookie(Transaction transaction, Byte[] whereabouts)
   at System.Data.SqlClient.SqlInternalConnection.GetTransactionCookie(Transaction transaction, Byte[] whereAbouts)
   at System.Data.SqlClient.SqlInternalConnection.EnlistNonNull(Transaction tx)
   at System.Data.SqlClient.SqlInternalConnection.Enlist(Transaction tx)
   at System.Data.SqlClient.SqlInternalConnectionTds.Activate(Transaction transaction)
   at System.Data.ProviderBase.DbConnectionInternal.ActivateConnection(Transaction transaction)
   at System.Data.ProviderBase.DbConnectionPool.TryGetConnection(DbConnection owningObject, UInt32 waitForMultipleObjectsTimeout, Boolean allowCreate, Boolean onlyOneCheckConnection, DbConnectionOptions userOptions, DbConnectionInternal&amp; connection)
   at System.Data.ProviderBase.DbConnectionPool.TryGetConnection(DbConnection owningObject, TaskCompletionSource`1 retry, DbConnectionOptions userOptions, DbConnectionInternal&amp; connection)
   at System.Data.ProviderBase.DbConnectionFactory.TryGetConnection(DbConnection owningConnection, TaskCompletionSource`1 retry, DbConnectionOptions userOptions, DbConnectionInternal&amp; connection)
   at System.Data.ProviderBase.DbConnectionClosed.TryOpenConnection(DbConnection outerConnection, DbConnectionFactory connectionFactory, TaskCompletionSource`1 retry, DbConnectionOptions userOptions)
   at System.Data.SqlClient.SqlConnection.TryOpen(TaskCompletionSource`1 retry)
   at System.Data.SqlClient.SqlConnection.Open()
   at System.Data.Linq.SqlClient.SqlConnectionManager.UseConnection(IConnectionUser user)
   at System.Data.Linq.SqlClient.SqlProvider.get_IsSqlCe()
   at System.Data.Linq.SqlClient.SqlProvider.InitializeProviderMode()
   at System.Data.Linq.SqlClient.SqlProvider.System.Data.Linq.Provider.IProvider.Execute(Expression query)
   at System.Data.Linq.DataContext.ExecuteMethodCall(Object instance, MethodInfo methodInfo, Object[] parameters)
   at Tavisca.Catapult.Internal.ResourceAccess.DataProviders.Rate.LINQ.RateDataContext.spSaveRateCard(Nullable`1 id, Nullable`1 productId, String productType, String scope, Nullable`1 isEnabled, Nullable`1 isDeleted) in d:\Code\TOM\Catapult\Code\trunk\CatapultServices\Tavisca.Catapult.Internal.ResourceAccess.DataProviders\Rate\LINQ\Rate.designer.cs:line 265
   at Tavisca.Catapult.Internal.ResourceAccess.DataProviders.Rate.RateProvider.SaveRateCard(String scopeId, RateCard rateCard) in d:\Code\TOM\Catapult\Code\trunk\CatapultServices\Tavisca.Catapult.Internal.ResourceAccess.DataProviders\Rate\RateProvider.cs:line 649
   at Tavisca.Catapult.External.Facade.Tests.TestActivityGenerator.SaveRateCard(RateCard rateCard) in d:\Code\TOM\Catapult\Code\trunk\CatapultServices\Tavisca.Catapult.External.Facade.Tests\TestActivityGenerator.cs:line 352
   at Tavisca.Catapult.External.Facade.Tests.ActivityMultiAvailTests.SearchByGeoCodeTest.RateContractTest6() in d:\Code\TOM\Catapult\Code\trunk\CatapultServices\Tavisca.Catapult.External.Facade.Tests\ActivityMultiAvailTests\SearchByGeoCodeTest.cs:line 651
</StackTrace>
        </ErrorInfo>
      </Output>
    </UnitTestResult>
    <UnitTestResult executionId="b0c87c69-224a-4069-94db-d80656b0cc39" testId="0225924d-6024-ef57-124d-b71023e66625" testName="RateContractTest7" computerName="PHOENIXX" duration="00:00:00.2880898" startTime="2013-08-09T22:01:13.4145549+05:30" endTime="2013-08-09T22:01:13.7026413+05:30" testType="13cdc9d9-ddb5-4fa4-a97d-d965ccfc6d4b" outcome="Failed" testListId="8c84fa94-04c1-424b-9868-57a2d4851a1d" relativeResultsDirectory="b0c87c69-224a-4069-94db-d80656b0cc39">
      <Output>
        <ErrorInfo>
          <Message>Test method Tavisca.Catapult.External.Facade.Tests.ActivityMultiAvailTests.SearchByGeoCodeTest.RateContractTest7 threw exception: 
System.Transactions.TransactionManagerCommunicationException: Network access for Distributed Transaction Manager (MSDTC) has been disabled. Please enable DTC for network access in the security configuration for MSDTC using the Component Services Administrative tool. ---&gt; System.Runtime.InteropServices.COMException: The transaction manager has disabled its support for remote/network transactions. (Exception from HRESULT: 0x8004D024)</Message>
          <StackTrace>    at System.Transactions.Oletx.IDtcProxyShimFactory.ReceiveTransaction(UInt32 propgationTokenSize, Byte[] propgationToken, IntPtr managedIdentifier, Guid&amp; transactionIdentifier, OletxTransactionIsolationLevel&amp; isolationLevel, ITransactionShim&amp; transactionShim)
   at System.Transactions.TransactionInterop.GetOletxTransactionFromTransmitterPropigationToken(Byte[] propagationToken)
 --- End of inner exception stack trace ---
    at System.Transactions.Oletx.OletxTransactionManager.ProxyException(COMException comException)
   at System.Transactions.TransactionInterop.GetOletxTransactionFromTransmitterPropigationToken(Byte[] propagationToken)
   at System.Transactions.TransactionStatePSPEOperation.PSPEPromote(InternalTransaction tx)
   at System.Transactions.TransactionStateDelegatedBase.EnterState(InternalTransaction tx)
   at System.Transactions.EnlistableStates.Promote(InternalTransaction tx)
   at System.Transactions.Transaction.Promote()
   at System.Transactions.TransactionInterop.ConvertToOletxTransaction(Transaction transaction)
   at System.Transactions.TransactionInterop.GetExportCookie(Transaction transaction, Byte[] whereabouts)
   at System.Data.SqlClient.SqlInternalConnection.GetTransactionCookie(Transaction transaction, Byte[] whereAbouts)
   at System.Data.SqlClient.SqlInternalConnection.EnlistNonNull(Transaction tx)
   at System.Data.SqlClient.SqlInternalConnection.Enlist(Transaction tx)
   at System.Data.SqlClient.SqlInternalConnectionTds.Activate(Transaction transaction)
   at System.Data.ProviderBase.DbConnectionInternal.ActivateConnection(Transaction transaction)
   at System.Data.ProviderBase.DbConnectionPool.TryGetConnection(DbConnection owningObject, UInt32 waitForMultipleObjectsTimeout, Boolean allowCreate, Boolean onlyOneCheckConnection, DbConnectionOptions userOptions, DbConnectionInternal&amp; connection)
   at System.Data.ProviderBase.DbConnectionPool.TryGetConnection(DbConnection owningObject, TaskCompletionSource`1 retry, DbConnectionOptions userOptions, DbConnectionInternal&amp; connection)
   at System.Data.ProviderBase.DbConnectionFactory.TryGetConnection(DbConnection owningConnection, TaskCompletionSource`1 retry, DbConnectionOptions userOptions, DbConnectionInternal&amp; connection)
   at System.Data.ProviderBase.DbConnectionClosed.TryOpenConnection(DbConnection outerConnection, DbConnectionFactory connectionFactory, TaskCompletionSource`1 retry, DbConnectionOptions userOptions)
   at System.Data.SqlClient.SqlConnection.TryOpen(TaskCompletionSource`1 retry)
   at System.Data.SqlClient.SqlConnection.Open()
   at System.Data.Linq.SqlClient.SqlConnectionManager.UseConnection(IConnectionUser user)
   at System.Data.Linq.SqlClient.SqlProvider.get_IsSqlCe()
   at System.Data.Linq.SqlClient.SqlProvider.InitializeProviderMode()
   at System.Data.Linq.SqlClient.SqlProvider.System.Data.Linq.Provider.IProvider.Execute(Expression query)
   at System.Data.Linq.DataContext.ExecuteMethodCall(Object instance, MethodInfo methodInfo, Object[] parameters)
   at Tavisca.Catapult.Internal.ResourceAccess.DataProviders.Rate.LINQ.RateDataContext.spSaveRateCard(Nullable`1 id, Nullable`1 productId, String productType, String scope, Nullable`1 isEnabled, Nullable`1 isDeleted) in d:\Code\TOM\Catapult\Code\trunk\CatapultServices\Tavisca.Catapult.Internal.ResourceAccess.DataProviders\Rate\LINQ\Rate.designer.cs:line 265
   at Tavisca.Catapult.Internal.ResourceAccess.DataProviders.Rate.RateProvider.SaveRateCard(String scopeId, RateCard rateCard) in d:\Code\TOM\Catapult\Code\trunk\CatapultServices\Tavisca.Catapult.Internal.ResourceAccess.DataProviders\Rate\RateProvider.cs:line 649
   at Tavisca.Catapult.External.Facade.Tests.TestActivityGenerator.SaveRateCard(RateCard rateCard) in d:\Code\TOM\Catapult\Code\trunk\CatapultServices\Tavisca.Catapult.External.Facade.Tests\TestActivityGenerator.cs:line 352
   at Tavisca.Catapult.External.Facade.Tests.ActivityMultiAvailTests.SearchByGeoCodeTest.RateContractTest7() in d:\Code\TOM\Catapult\Code\trunk\CatapultServices\Tavisca.Catapult.External.Facade.Tests\ActivityMultiAvailTests\SearchByGeoCodeTest.cs:line 699
</StackTrace>
        </ErrorInfo>
      </Output>
    </UnitTestResult>
    <UnitTestResult executionId="3e6d32fa-310d-487f-a037-21b9ca32d61a" testId="8b4aae5f-0b18-f506-650b-347a6ebf2749" testName="RateContractTest8" computerName="PHOENIXX" duration="00:00:00.2954857" startTime="2013-08-09T22:01:13.7026413+05:30" endTime="2013-08-09T22:01:13.9987301+05:30" testType="13cdc9d9-ddb5-4fa4-a97d-d965ccfc6d4b" outcome="Failed" testListId="8c84fa94-04c1-424b-9868-57a2d4851a1d" relativeResultsDirectory="3e6d32fa-310d-487f-a037-21b9ca32d61a">
      <Output>
        <ErrorInfo>
          <Message>Test method Tavisca.Catapult.External.Facade.Tests.ActivityMultiAvailTests.SearchByGeoCodeTest.RateContractTest8 threw exception: 
System.Transactions.TransactionManagerCommunicationException: Network access for Distributed Transaction Manager (MSDTC) has been disabled. Please enable DTC for network access in the security configuration for MSDTC using the Component Services Administrative tool. ---&gt; System.Runtime.InteropServices.COMException: The transaction manager has disabled its support for remote/network transactions. (Exception from HRESULT: 0x8004D024)</Message>
          <StackTrace>    at System.Transactions.Oletx.IDtcProxyShimFactory.ReceiveTransaction(UInt32 propgationTokenSize, Byte[] propgationToken, IntPtr managedIdentifier, Guid&amp; transactionIdentifier, OletxTransactionIsolationLevel&amp; isolationLevel, ITransactionShim&amp; transactionShim)
   at System.Transactions.TransactionInterop.GetOletxTransactionFromTransmitterPropigationToken(Byte[] propagationToken)
 --- End of inner exception stack trace ---
    at System.Transactions.Oletx.OletxTransactionManager.ProxyException(COMException comException)
   at System.Transactions.TransactionInterop.GetOletxTransactionFromTransmitterPropigationToken(Byte[] propagationToken)
   at System.Transactions.TransactionStatePSPEOperation.PSPEPromote(InternalTransaction tx)
   at System.Transactions.TransactionStateDelegatedBase.EnterState(InternalTransaction tx)
   at System.Transactions.EnlistableStates.Promote(InternalTransaction tx)
   at System.Transactions.Transaction.Promote()
   at System.Transactions.TransactionInterop.ConvertToOletxTransaction(Transaction transaction)
   at System.Transactions.TransactionInterop.GetExportCookie(Transaction transaction, Byte[] whereabouts)
   at System.Data.SqlClient.SqlInternalConnection.GetTransactionCookie(Transaction transaction, Byte[] whereAbouts)
   at System.Data.SqlClient.SqlInternalConnection.EnlistNonNull(Transaction tx)
   at System.Data.SqlClient.SqlInternalConnection.Enlist(Transaction tx)
   at System.Data.SqlClient.SqlInternalConnectionTds.Activate(Transaction transaction)
   at System.Data.ProviderBase.DbConnectionInternal.ActivateConnection(Transaction transaction)
   at System.Data.ProviderBase.DbConnectionPool.TryGetConnection(DbConnection owningObject, UInt32 waitForMultipleObjectsTimeout, Boolean allowCreate, Boolean onlyOneCheckConnection, DbConnectionOptions userOptions, DbConnectionInternal&amp; connection)
   at System.Data.ProviderBase.DbConnectionPool.TryGetConnection(DbConnection owningObject, TaskCompletionSource`1 retry, DbConnectionOptions userOptions, DbConnectionInternal&amp; connection)
   at System.Data.ProviderBase.DbConnectionFactory.TryGetConnection(DbConnection owningConnection, TaskCompletionSource`1 retry, DbConnectionOptions userOptions, DbConnectionInternal&amp; connection)
   at System.Data.ProviderBase.DbConnectionClosed.TryOpenConnection(DbConnection outerConnection, DbConnectionFactory connectionFactory, TaskCompletionSource`1 retry, DbConnectionOptions userOptions)
   at System.Data.SqlClient.SqlConnection.TryOpen(TaskCompletionSource`1 retry)
   at System.Data.SqlClient.SqlConnection.Open()
   at System.Data.Linq.SqlClient.SqlConnectionManager.UseConnection(IConnectionUser user)
   at System.Data.Linq.SqlClient.SqlProvider.get_IsSqlCe()
   at System.Data.Linq.SqlClient.SqlProvider.InitializeProviderMode()
   at System.Data.Linq.SqlClient.SqlProvider.System.Data.Linq.Provider.IProvider.Execute(Expression query)
   at System.Data.Linq.DataContext.ExecuteMethodCall(Object instance, MethodInfo methodInfo, Object[] parameters)
   at Tavisca.Catapult.Internal.ResourceAccess.DataProviders.Rate.LINQ.RateDataContext.spSaveRateCard(Nullable`1 id, Nullable`1 productId, String productType, String scope, Nullable`1 isEnabled, Nullable`1 isDeleted) in d:\Code\TOM\Catapult\Code\trunk\CatapultServices\Tavisca.Catapult.Internal.ResourceAccess.DataProviders\Rate\LINQ\Rate.designer.cs:line 265
   at Tavisca.Catapult.Internal.ResourceAccess.DataProviders.Rate.RateProvider.SaveRateCard(String scopeId, RateCard rateCard) in d:\Code\TOM\Catapult\Code\trunk\CatapultServices\Tavisca.Catapult.Internal.ResourceAccess.DataProviders\Rate\RateProvider.cs:line 649
   at Tavisca.Catapult.External.Facade.Tests.TestActivityGenerator.SaveRateCard(RateCard rateCard) in d:\Code\TOM\Catapult\Code\trunk\CatapultServices\Tavisca.Catapult.External.Facade.Tests\TestActivityGenerator.cs:line 352
   at Tavisca.Catapult.External.Facade.Tests.ActivityMultiAvailTests.SearchByGeoCodeTest.RateContractTest8() in d:\Code\TOM\Catapult\Code\trunk\CatapultServices\Tavisca.Catapult.External.Facade.Tests\ActivityMultiAvailTests\SearchByGeoCodeTest.cs:line 747
</StackTrace>
        </ErrorInfo>
      </Output>
    </UnitTestResult>
    <UnitTestResult executionId="1d6a738b-acb1-48a0-bb9e-14382570726c" testId="85d4e747-3a0d-1646-d2b5-3c8df01e444e" testName="RateContractTest9" computerName="PHOENIXX" duration="00:00:00.2940384" startTime="2013-08-09T22:01:13.9987301+05:30" endTime="2013-08-09T22:01:14.2928183+05:30" testType="13cdc9d9-ddb5-4fa4-a97d-d965ccfc6d4b" outcome="Failed" testListId="8c84fa94-04c1-424b-9868-57a2d4851a1d" relativeResultsDirectory="1d6a738b-acb1-48a0-bb9e-14382570726c">
      <Output>
        <ErrorInfo>
          <Message>Test method Tavisca.Catapult.External.Facade.Tests.ActivityMultiAvailTests.SearchByGeoCodeTest.RateContractTest9 threw exception: 
System.Transactions.TransactionManagerCommunicationException: Network access for Distributed Transaction Manager (MSDTC) has been disabled. Please enable DTC for network access in the security configuration for MSDTC using the Component Services Administrative tool. ---&gt; System.Runtime.InteropServices.COMException: The transaction manager has disabled its support for remote/network transactions. (Exception from HRESULT: 0x8004D024)</Message>
          <StackTrace>    at System.Transactions.Oletx.IDtcProxyShimFactory.ReceiveTransaction(UInt32 propgationTokenSize, Byte[] propgationToken, IntPtr managedIdentifier, Guid&amp; transactionIdentifier, OletxTransactionIsolationLevel&amp; isolationLevel, ITransactionShim&amp; transactionShim)
   at System.Transactions.TransactionInterop.GetOletxTransactionFromTransmitterPropigationToken(Byte[] propagationToken)
 --- End of inner exception stack trace ---
    at System.Transactions.Oletx.OletxTransactionManager.ProxyException(COMException comException)
   at System.Transactions.TransactionInterop.GetOletxTransactionFromTransmitterPropigationToken(Byte[] propagationToken)
   at System.Transactions.TransactionStatePSPEOperation.PSPEPromote(InternalTransaction tx)
   at System.Transactions.TransactionStateDelegatedBase.EnterState(InternalTransaction tx)
   at System.Transactions.EnlistableStates.Promote(InternalTransaction tx)
   at System.Transactions.Transaction.Promote()
   at System.Transactions.TransactionInterop.ConvertToOletxTransaction(Transaction transaction)
   at System.Transactions.TransactionInterop.GetExportCookie(Transaction transaction, Byte[] whereabouts)
   at System.Data.SqlClient.SqlInternalConnection.GetTransactionCookie(Transaction transaction, Byte[] whereAbouts)
   at System.Data.SqlClient.SqlInternalConnection.EnlistNonNull(Transaction tx)
   at System.Data.SqlClient.SqlInternalConnection.Enlist(Transaction tx)
   at System.Data.SqlClient.SqlInternalConnectionTds.Activate(Transaction transaction)
   at System.Data.ProviderBase.DbConnectionInternal.ActivateConnection(Transaction transaction)
   at System.Data.ProviderBase.DbConnectionPool.TryGetConnection(DbConnection owningObject, UInt32 waitForMultipleObjectsTimeout, Boolean allowCreate, Boolean onlyOneCheckConnection, DbConnectionOptions userOptions, DbConnectionInternal&amp; connection)
   at System.Data.ProviderBase.DbConnectionPool.TryGetConnection(DbConnection owningObject, TaskCompletionSource`1 retry, DbConnectionOptions userOptions, DbConnectionInternal&amp; connection)
   at System.Data.ProviderBase.DbConnectionFactory.TryGetConnection(DbConnection owningConnection, TaskCompletionSource`1 retry, DbConnectionOptions userOptions, DbConnectionInternal&amp; connection)
   at System.Data.ProviderBase.DbConnectionClosed.TryOpenConnection(DbConnection outerConnection, DbConnectionFactory connectionFactory, TaskCompletionSource`1 retry, DbConnectionOptions userOptions)
   at System.Data.SqlClient.SqlConnection.TryOpen(TaskCompletionSource`1 retry)
   at System.Data.SqlClient.SqlConnection.Open()
   at System.Data.Linq.SqlClient.SqlConnectionManager.UseConnection(IConnectionUser user)
   at System.Data.Linq.SqlClient.SqlProvider.get_IsSqlCe()
   at System.Data.Linq.SqlClient.SqlProvider.InitializeProviderMode()
   at System.Data.Linq.SqlClient.SqlProvider.System.Data.Linq.Provider.IProvider.Execute(Expression query)
   at System.Data.Linq.DataContext.ExecuteMethodCall(Object instance, MethodInfo methodInfo, Object[] parameters)
   at Tavisca.Catapult.Internal.ResourceAccess.DataProviders.Rate.LINQ.RateDataContext.spSaveRateCard(Nullable`1 id, Nullable`1 productId, String productType, String scope, Nullable`1 isEnabled, Nullable`1 isDeleted) in d:\Code\TOM\Catapult\Code\trunk\CatapultServices\Tavisca.Catapult.Internal.ResourceAccess.DataProviders\Rate\LINQ\Rate.designer.cs:line 265
   at Tavisca.Catapult.Internal.ResourceAccess.DataProviders.Rate.RateProvider.SaveRateCard(String scopeId, RateCard rateCard) in d:\Code\TOM\Catapult\Code\trunk\CatapultServices\Tavisca.Catapult.Internal.ResourceAccess.DataProviders\Rate\RateProvider.cs:line 649
   at Tavisca.Catapult.External.Facade.Tests.TestActivityGenerator.SaveRateCard(RateCard rateCard) in d:\Code\TOM\Catapult\Code\trunk\CatapultServices\Tavisca.Catapult.External.Facade.Tests\TestActivityGenerator.cs:line 352
   at Tavisca.Catapult.External.Facade.Tests.ActivityMultiAvailTests.SearchByGeoCodeTest.RateContractTest9() in d:\Code\TOM\Catapult\Code\trunk\CatapultServices\Tavisca.Catapult.External.Facade.Tests\ActivityMultiAvailTests\SearchByGeoCodeTest.cs:line 816
</StackTrace>
        </ErrorInfo>
      </Output>
    </UnitTestResult>
    <UnitTestResult executionId="7d48f8c3-67b8-4fe5-b0da-98710ac564e8" testId="aa3d1934-91ae-c170-ef84-25775b2141fa" testName="GuestInformationTest1" computerName="PHOENIXX" duration="00:00:00.2930946" startTime="2013-08-09T22:01:14.2928183+05:30" endTime="2013-08-09T22:01:14.5859062+05:30" testType="13cdc9d9-ddb5-4fa4-a97d-d965ccfc6d4b" outcome="Failed" testListId="8c84fa94-04c1-424b-9868-57a2d4851a1d" relativeResultsDirectory="7d48f8c3-67b8-4fe5-b0da-98710ac564e8">
      <Output>
        <ErrorInfo>
          <Message>Test method Tavisca.Catapult.External.Facade.Tests.ActivityMultiAvailTests.SearchByGeoCodeTest.GuestInformationTest1 threw exception: 
System.Transactions.TransactionManagerCommunicationException: Network access for Distributed Transaction Manager (MSDTC) has been disabled. Please enable DTC for network access in the security configuration for MSDTC using the Component Services Administrative tool. ---&gt; System.Runtime.InteropServices.COMException: The transaction manager has disabled its support for remote/network transactions. (Exception from HRESULT: 0x8004D024)</Message>
          <StackTrace>    at System.Transactions.Oletx.IDtcProxyShimFactory.ReceiveTransaction(UInt32 propgationTokenSize, Byte[] propgationToken, IntPtr managedIdentifier, Guid&amp; transactionIdentifier, OletxTransactionIsolationLevel&amp; isolationLevel, ITransactionShim&amp; transactionShim)
   at System.Transactions.TransactionInterop.GetOletxTransactionFromTransmitterPropigationToken(Byte[] propagationToken)
 --- End of inner exception stack trace ---
    at System.Transactions.Oletx.OletxTransactionManager.ProxyException(COMException comException)
   at System.Transactions.TransactionInterop.GetOletxTransactionFromTransmitterPropigationToken(Byte[] propagationToken)
   at System.Transactions.TransactionStatePSPEOperation.PSPEPromote(InternalTransaction tx)
   at System.Transactions.TransactionStateDelegatedBase.EnterState(InternalTransaction tx)
   at System.Transactions.EnlistableStates.Promote(InternalTransaction tx)
   at System.Transactions.Transaction.Promote()
   at System.Transactions.TransactionInterop.ConvertToOletxTransaction(Transaction transaction)
   at System.Transactions.TransactionInterop.GetExportCookie(Transaction transaction, Byte[] whereabouts)
   at System.Data.SqlClient.SqlInternalConnection.GetTransactionCookie(Transaction transaction, Byte[] whereAbouts)
   at System.Data.SqlClient.SqlInternalConnection.EnlistNonNull(Transaction tx)
   at System.Data.SqlClient.SqlInternalConnection.Enlist(Transaction tx)
   at System.Data.SqlClient.SqlInternalConnectionTds.Activate(Transaction transaction)
   at System.Data.ProviderBase.DbConnectionInternal.ActivateConnection(Transaction transaction)
   at System.Data.ProviderBase.DbConnectionPool.TryGetConnection(DbConnection owningObject, UInt32 waitForMultipleObjectsTimeout, Boolean allowCreate, Boolean onlyOneCheckConnection, DbConnectionOptions userOptions, DbConnectionInternal&amp; connection)
   at System.Data.ProviderBase.DbConnectionPool.TryGetConnection(DbConnection owningObject, TaskCompletionSource`1 retry, DbConnectionOptions userOptions, DbConnectionInternal&amp; connection)
   at System.Data.ProviderBase.DbConnectionFactory.TryGetConnection(DbConnection owningConnection, TaskCompletionSource`1 retry, DbConnectionOptions userOptions, DbConnectionInternal&amp; connection)
   at System.Data.ProviderBase.DbConnectionClosed.TryOpenConnection(DbConnection outerConnection, DbConnectionFactory connectionFactory, TaskCompletionSource`1 retry, DbConnectionOptions userOptions)
   at System.Data.SqlClient.SqlConnection.TryOpen(TaskCompletionSource`1 retry)
   at System.Data.SqlClient.SqlConnection.Open()
   at System.Data.Linq.SqlClient.SqlConnectionManager.UseConnection(IConnectionUser user)
   at System.Data.Linq.SqlClient.SqlProvider.get_IsSqlCe()
   at System.Data.Linq.SqlClient.SqlProvider.InitializeProviderMode()
   at System.Data.Linq.SqlClient.SqlProvider.System.Data.Linq.Provider.IProvider.Execute(Expression query)
   at System.Data.Linq.DataContext.ExecuteMethodCall(Object instance, MethodInfo methodInfo, Object[] parameters)
   at Tavisca.Catapult.Internal.ResourceAccess.DataProviders.Rate.LINQ.RateDataContext.spSaveRateCard(Nullable`1 id, Nullable`1 productId, String productType, String scope, Nullable`1 isEnabled, Nullable`1 isDeleted) in d:\Code\TOM\Catapult\Code\trunk\CatapultServices\Tavisca.Catapult.Internal.ResourceAccess.DataProviders\Rate\LINQ\Rate.designer.cs:line 265
   at Tavisca.Catapult.Internal.ResourceAccess.DataProviders.Rate.RateProvider.SaveRateCard(String scopeId, RateCard rateCard) in d:\Code\TOM\Catapult\Code\trunk\CatapultServices\Tavisca.Catapult.Internal.ResourceAccess.DataProviders\Rate\RateProvider.cs:line 649
   at Tavisca.Catapult.External.Facade.Tests.TestActivityGenerator.SaveRateCard(RateCard rateCard) in d:\Code\TOM\Catapult\Code\trunk\CatapultServices\Tavisca.Catapult.External.Facade.Tests\TestActivityGenerator.cs:line 352
   at Tavisca.Catapult.External.Facade.Tests.ActivityMultiAvailTests.SearchByGeoCodeTest.GuestInformationTest1() in d:\Code\TOM\Catapult\Code\trunk\CatapultServices\Tavisca.Catapult.External.Facade.Tests\ActivityMultiAvailTests\SearchByGeoCodeTest.cs:line 886
</StackTrace>
        </ErrorInfo>
      </Output>
    </UnitTestResult>
    <UnitTestResult executionId="dee3a9a6-974b-4cd5-bb9b-8ec58ff5c715" testId="a3397672-f30b-3336-6458-df4b673127fc" testName="GuestInformationTest2" computerName="PHOENIXX" duration="00:00:00.2989656" startTime="2013-08-09T22:01:14.5859062+05:30" endTime="2013-08-09T22:01:14.8849959+05:30" testType="13cdc9d9-ddb5-4fa4-a97d-d965ccfc6d4b" outcome="Failed" testListId="8c84fa94-04c1-424b-9868-57a2d4851a1d" relativeResultsDirectory="dee3a9a6-974b-4cd5-bb9b-8ec58ff5c715">
      <Output>
        <ErrorInfo>
          <Message>Test method Tavisca.Catapult.External.Facade.Tests.ActivityMultiAvailTests.SearchByGeoCodeTest.GuestInformationTest2 threw exception: 
System.Transactions.TransactionManagerCommunicationException: Network access for Distributed Transaction Manager (MSDTC) has been disabled. Please enable DTC for network access in the security configuration for MSDTC using the Component Services Administrative tool. ---&gt; System.Runtime.InteropServices.COMException: The transaction manager has disabled its support for remote/network transactions. (Exception from HRESULT: 0x8004D024)</Message>
          <StackTrace>    at System.Transactions.Oletx.IDtcProxyShimFactory.ReceiveTransaction(UInt32 propgationTokenSize, Byte[] propgationToken, IntPtr managedIdentifier, Guid&amp; transactionIdentifier, OletxTransactionIsolationLevel&amp; isolationLevel, ITransactionShim&amp; transactionShim)
   at System.Transactions.TransactionInterop.GetOletxTransactionFromTransmitterPropigationToken(Byte[] propagationToken)
 --- End of inner exception stack trace ---
    at System.Transactions.Oletx.OletxTransactionManager.ProxyException(COMException comException)
   at System.Transactions.TransactionInterop.GetOletxTransactionFromTransmitterPropigationToken(Byte[] propagationToken)
   at System.Transactions.TransactionStatePSPEOperation.PSPEPromote(InternalTransaction tx)
   at System.Transactions.TransactionStateDelegatedBase.EnterState(InternalTransaction tx)
   at System.Transactions.EnlistableStates.Promote(InternalTransaction tx)
   at System.Transactions.Transaction.Promote()
   at System.Transactions.TransactionInterop.ConvertToOletxTransaction(Transaction transaction)
   at System.Transactions.TransactionInterop.GetExportCookie(Transaction transaction, Byte[] whereabouts)
   at System.Data.SqlClient.SqlInternalConnection.GetTransactionCookie(Transaction transaction, Byte[] whereAbouts)
   at System.Data.SqlClient.SqlInternalConnection.EnlistNonNull(Transaction tx)
   at System.Data.SqlClient.SqlInternalConnection.Enlist(Transaction tx)
   at System.Data.SqlClient.SqlInternalConnectionTds.Activate(Transaction transaction)
   at System.Data.ProviderBase.DbConnectionInternal.ActivateConnection(Transaction transaction)
   at System.Data.ProviderBase.DbConnectionPool.TryGetConnection(DbConnection owningObject, UInt32 waitForMultipleObjectsTimeout, Boolean allowCreate, Boolean onlyOneCheckConnection, DbConnectionOptions userOptions, DbConnectionInternal&amp; connection)
   at System.Data.ProviderBase.DbConnectionPool.TryGetConnection(DbConnection owningObject, TaskCompletionSource`1 retry, DbConnectionOptions userOptions, DbConnectionInternal&amp; connection)
   at System.Data.ProviderBase.DbConnectionFactory.TryGetConnection(DbConnection owningConnection, TaskCompletionSource`1 retry, DbConnectionOptions userOptions, DbConnectionInternal&amp; connection)
   at System.Data.ProviderBase.DbConnectionClosed.TryOpenConnection(DbConnection outerConnection, DbConnectionFactory connectionFactory, TaskCompletionSource`1 retry, DbConnectionOptions userOptions)
   at System.Data.SqlClient.SqlConnection.TryOpen(TaskCompletionSource`1 retry)
   at System.Data.SqlClient.SqlConnection.Open()
   at System.Data.Linq.SqlClient.SqlConnectionManager.UseConnection(IConnectionUser user)
   at System.Data.Linq.SqlClient.SqlProvider.get_IsSqlCe()
   at System.Data.Linq.SqlClient.SqlProvider.InitializeProviderMode()
   at System.Data.Linq.SqlClient.SqlProvider.System.Data.Linq.Provider.IProvider.Execute(Expression query)
   at System.Data.Linq.DataContext.ExecuteMethodCall(Object instance, MethodInfo methodInfo, Object[] parameters)
   at Tavisca.Catapult.Internal.ResourceAccess.DataProviders.Rate.LINQ.RateDataContext.spSaveRateCard(Nullable`1 id, Nullable`1 productId, String productType, String scope, Nullable`1 isEnabled, Nullable`1 isDeleted) in d:\Code\TOM\Catapult\Code\trunk\CatapultServices\Tavisca.Catapult.Internal.ResourceAccess.DataProviders\Rate\LINQ\Rate.designer.cs:line 265
   at Tavisca.Catapult.Internal.ResourceAccess.DataProviders.Rate.RateProvider.SaveRateCard(String scopeId, RateCard rateCard) in d:\Code\TOM\Catapult\Code\trunk\CatapultServices\Tavisca.Catapult.Internal.ResourceAccess.DataProviders\Rate\RateProvider.cs:line 649
   at Tavisca.Catapult.External.Facade.Tests.TestActivityGenerator.SaveRateCard(RateCard rateCard) in d:\Code\TOM\Catapult\Code\trunk\CatapultServices\Tavisca.Catapult.External.Facade.Tests\TestActivityGenerator.cs:line 352
   at Tavisca.Catapult.External.Facade.Tests.ActivityMultiAvailTests.SearchByGeoCodeTest.GuestInformationTest2() in d:\Code\TOM\Catapult\Code\trunk\CatapultServices\Tavisca.Catapult.External.Facade.Tests\ActivityMultiAvailTests\SearchByGeoCodeTest.cs:line 934
</StackTrace>
        </ErrorInfo>
      </Output>
    </UnitTestResult>
    <UnitTestResult executionId="05598719-1c6f-44b3-9337-4dd3ba176ef7" testId="c347a23f-fd5c-b69d-350b-907965d60cee" testName="GuestInformationTest3" computerName="PHOENIXX" duration="00:00:00.2947499" startTime="2013-08-09T22:01:14.8849959+05:30" endTime="2013-08-09T22:01:15.1800844+05:30" testType="13cdc9d9-ddb5-4fa4-a97d-d965ccfc6d4b" outcome="Failed" testListId="8c84fa94-04c1-424b-9868-57a2d4851a1d" relativeResultsDirectory="05598719-1c6f-44b3-9337-4dd3ba176ef7">
      <Output>
        <ErrorInfo>
          <Message>Test method Tavisca.Catapult.External.Facade.Tests.ActivityMultiAvailTests.SearchByGeoCodeTest.GuestInformationTest3 threw exception: 
System.Transactions.TransactionManagerCommunicationException: Network access for Distributed Transaction Manager (MSDTC) has been disabled. Please enable DTC for network access in the security configuration for MSDTC using the Component Services Administrative tool. ---&gt; System.Runtime.InteropServices.COMException: The transaction manager has disabled its support for remote/network transactions. (Exception from HRESULT: 0x8004D024)</Message>
          <StackTrace>    at System.Transactions.Oletx.IDtcProxyShimFactory.ReceiveTransaction(UInt32 propgationTokenSize, Byte[] propgationToken, IntPtr managedIdentifier, Guid&amp; transactionIdentifier, OletxTransactionIsolationLevel&amp; isolationLevel, ITransactionShim&amp; transactionShim)
   at System.Transactions.TransactionInterop.GetOletxTransactionFromTransmitterPropigationToken(Byte[] propagationToken)
 --- End of inner exception stack trace ---
    at System.Transactions.Oletx.OletxTransactionManager.ProxyException(COMException comException)
   at System.Transactions.TransactionInterop.GetOletxTransactionFromTransmitterPropigationToken(Byte[] propagationToken)
   at System.Transactions.TransactionStatePSPEOperation.PSPEPromote(InternalTransaction tx)
   at System.Transactions.TransactionStateDelegatedBase.EnterState(InternalTransaction tx)
   at System.Transactions.EnlistableStates.Promote(InternalTransaction tx)
   at System.Transactions.Transaction.Promote()
   at System.Transactions.TransactionInterop.ConvertToOletxTransaction(Transaction transaction)
   at System.Transactions.TransactionInterop.GetExportCookie(Transaction transaction, Byte[] whereabouts)
   at System.Data.SqlClient.SqlInternalConnection.GetTransactionCookie(Transaction transaction, Byte[] whereAbouts)
   at System.Data.SqlClient.SqlInternalConnection.EnlistNonNull(Transaction tx)
   at System.Data.SqlClient.SqlInternalConnection.Enlist(Transaction tx)
   at System.Data.SqlClient.SqlInternalConnectionTds.Activate(Transaction transaction)
   at System.Data.ProviderBase.DbConnectionInternal.ActivateConnection(Transaction transaction)
   at System.Data.ProviderBase.DbConnectionPool.TryGetConnection(DbConnection owningObject, UInt32 waitForMultipleObjectsTimeout, Boolean allowCreate, Boolean onlyOneCheckConnection, DbConnectionOptions userOptions, DbConnectionInternal&amp; connection)
   at System.Data.ProviderBase.DbConnectionPool.TryGetConnection(DbConnection owningObject, TaskCompletionSource`1 retry, DbConnectionOptions userOptions, DbConnectionInternal&amp; connection)
   at System.Data.ProviderBase.DbConnectionFactory.TryGetConnection(DbConnection owningConnection, TaskCompletionSource`1 retry, DbConnectionOptions userOptions, DbConnectionInternal&amp; connection)
   at System.Data.ProviderBase.DbConnectionClosed.TryOpenConnection(DbConnection outerConnection, DbConnectionFactory connectionFactory, TaskCompletionSource`1 retry, DbConnectionOptions userOptions)
   at System.Data.SqlClient.SqlConnection.TryOpen(TaskCompletionSource`1 retry)
   at System.Data.SqlClient.SqlConnection.Open()
   at System.Data.Linq.SqlClient.SqlConnectionManager.UseConnection(IConnectionUser user)
   at System.Data.Linq.SqlClient.SqlProvider.get_IsSqlCe()
   at System.Data.Linq.SqlClient.SqlProvider.InitializeProviderMode()
   at System.Data.Linq.SqlClient.SqlProvider.System.Data.Linq.Provider.IProvider.Execute(Expression query)
   at System.Data.Linq.DataContext.ExecuteMethodCall(Object instance, MethodInfo methodInfo, Object[] parameters)
   at Tavisca.Catapult.Internal.ResourceAccess.DataProviders.Rate.LINQ.RateDataContext.spSaveRateCard(Nullable`1 id, Nullable`1 productId, String productType, String scope, Nullable`1 isEnabled, Nullable`1 isDeleted) in d:\Code\TOM\Catapult\Code\trunk\CatapultServices\Tavisca.Catapult.Internal.ResourceAccess.DataProviders\Rate\LINQ\Rate.designer.cs:line 265
   at Tavisca.Catapult.Internal.ResourceAccess.DataProviders.Rate.RateProvider.SaveRateCard(String scopeId, RateCard rateCard) in d:\Code\TOM\Catapult\Code\trunk\CatapultServices\Tavisca.Catapult.Internal.ResourceAccess.DataProviders\Rate\RateProvider.cs:line 649
   at Tavisca.Catapult.External.Facade.Tests.TestActivityGenerator.SaveRateCard(RateCard rateCard) in d:\Code\TOM\Catapult\Code\trunk\CatapultServices\Tavisca.Catapult.External.Facade.Tests\TestActivityGenerator.cs:line 352
   at Tavisca.Catapult.External.Facade.Tests.ActivityMultiAvailTests.SearchByGeoCodeTest.GuestInformationTest3() in d:\Code\TOM\Catapult\Code\trunk\CatapultServices\Tavisca.Catapult.External.Facade.Tests\ActivityMultiAvailTests\SearchByGeoCodeTest.cs:line 982
</StackTrace>
        </ErrorInfo>
      </Output>
    </UnitTestResult>
    <UnitTestResult executionId="71a43b66-9145-4f4c-b2fa-720de39e14e0" testId="0e9bbddd-78f8-51f1-c7b2-196084fb2d4d" testName="GuestInformationTest4" computerName="PHOENIXX" duration="00:00:00.2978210" startTime="2013-08-09T22:01:15.1800844+05:30" endTime="2013-08-09T22:01:15.4781738+05:30" testType="13cdc9d9-ddb5-4fa4-a97d-d965ccfc6d4b" outcome="Failed" testListId="8c84fa94-04c1-424b-9868-57a2d4851a1d" relativeResultsDirectory="71a43b66-9145-4f4c-b2fa-720de39e14e0">
      <Output>
        <ErrorInfo>
          <Message>Test method Tavisca.Catapult.External.Facade.Tests.ActivityMultiAvailTests.SearchByGeoCodeTest.GuestInformationTest4 threw exception: 
System.Transactions.TransactionManagerCommunicationException: Network access for Distributed Transaction Manager (MSDTC) has been disabled. Please enable DTC for network access in the security configuration for MSDTC using the Component Services Administrative tool. ---&gt; System.Runtime.InteropServices.COMException: The transaction manager has disabled its support for remote/network transactions. (Exception from HRESULT: 0x8004D024)</Message>
          <StackTrace>    at System.Transactions.Oletx.IDtcProxyShimFactory.ReceiveTransaction(UInt32 propgationTokenSize, Byte[] propgationToken, IntPtr managedIdentifier, Guid&amp; transactionIdentifier, OletxTransactionIsolationLevel&amp; isolationLevel, ITransactionShim&amp; transactionShim)
   at System.Transactions.TransactionInterop.GetOletxTransactionFromTransmitterPropigationToken(Byte[] propagationToken)
 --- End of inner exception stack trace ---
    at System.Transactions.Oletx.OletxTransactionManager.ProxyException(COMException comException)
   at System.Transactions.TransactionInterop.GetOletxTransactionFromTransmitterPropigationToken(Byte[] propagationToken)
   at System.Transactions.TransactionStatePSPEOperation.PSPEPromote(InternalTransaction tx)
   at System.Transactions.TransactionStateDelegatedBase.EnterState(InternalTransaction tx)
   at System.Transactions.EnlistableStates.Promote(InternalTransaction tx)
   at System.Transactions.Transaction.Promote()
   at System.Transactions.TransactionInterop.ConvertToOletxTransaction(Transaction transaction)
   at System.Transactions.TransactionInterop.GetExportCookie(Transaction transaction, Byte[] whereabouts)
   at System.Data.SqlClient.SqlInternalConnection.GetTransactionCookie(Transaction transaction, Byte[] whereAbouts)
   at System.Data.SqlClient.SqlInternalConnection.EnlistNonNull(Transaction tx)
   at System.Data.SqlClient.SqlInternalConnection.Enlist(Transaction tx)
   at System.Data.SqlClient.SqlInternalConnectionTds.Activate(Transaction transaction)
   at System.Data.ProviderBase.DbConnectionInternal.ActivateConnection(Transaction transaction)
   at System.Data.ProviderBase.DbConnectionPool.TryGetConnection(DbConnection owningObject, UInt32 waitForMultipleObjectsTimeout, Boolean allowCreate, Boolean onlyOneCheckConnection, DbConnectionOptions userOptions, DbConnectionInternal&amp; connection)
   at System.Data.ProviderBase.DbConnectionPool.TryGetConnection(DbConnection owningObject, TaskCompletionSource`1 retry, DbConnectionOptions userOptions, DbConnectionInternal&amp; connection)
   at System.Data.ProviderBase.DbConnectionFactory.TryGetConnection(DbConnection owningConnection, TaskCompletionSource`1 retry, DbConnectionOptions userOptions, DbConnectionInternal&amp; connection)
   at System.Data.ProviderBase.DbConnectionClosed.TryOpenConnection(DbConnection outerConnection, DbConnectionFactory connectionFactory, TaskCompletionSource`1 retry, DbConnectionOptions userOptions)
   at System.Data.SqlClient.SqlConnection.TryOpen(TaskCompletionSource`1 retry)
   at System.Data.SqlClient.SqlConnection.Open()
   at System.Data.Linq.SqlClient.SqlConnectionManager.UseConnection(IConnectionUser user)
   at System.Data.Linq.SqlClient.SqlProvider.get_IsSqlCe()
   at System.Data.Linq.SqlClient.SqlProvider.InitializeProviderMode()
   at System.Data.Linq.SqlClient.SqlProvider.System.Data.Linq.Provider.IProvider.Execute(Expression query)
   at System.Data.Linq.DataContext.ExecuteMethodCall(Object instance, MethodInfo methodInfo, Object[] parameters)
   at Tavisca.Catapult.Internal.ResourceAccess.DataProviders.Rate.LINQ.RateDataContext.spSaveRateCard(Nullable`1 id, Nullable`1 productId, String productType, String scope, Nullable`1 isEnabled, Nullable`1 isDeleted) in d:\Code\TOM\Catapult\Code\trunk\CatapultServices\Tavisca.Catapult.Internal.ResourceAccess.DataProviders\Rate\LINQ\Rate.designer.cs:line 265
   at Tavisca.Catapult.Internal.ResourceAccess.DataProviders.Rate.RateProvider.SaveRateCard(String scopeId, RateCard rateCard) in d:\Code\TOM\Catapult\Code\trunk\CatapultServices\Tavisca.Catapult.Internal.ResourceAccess.DataProviders\Rate\RateProvider.cs:line 649
   at Tavisca.Catapult.External.Facade.Tests.TestActivityGenerator.SaveRateCard(RateCard rateCard) in d:\Code\TOM\Catapult\Code\trunk\CatapultServices\Tavisca.Catapult.External.Facade.Tests\TestActivityGenerator.cs:line 352
   at Tavisca.Catapult.External.Facade.Tests.ActivityMultiAvailTests.SearchByGeoCodeTest.GuestInformationTest4() in d:\Code\TOM\Catapult\Code\trunk\CatapultServices\Tavisca.Catapult.External.Facade.Tests\ActivityMultiAvailTests\SearchByGeoCodeTest.cs:line 1030
</StackTrace>
        </ErrorInfo>
      </Output>
    </UnitTestResult>
    <UnitTestResult executionId="0e213d07-7b97-4b32-9814-be600876c4cd" testId="c5df724f-9e4f-3732-36f0-4f28aacf0184" testName="GuestInformationTest5" computerName="PHOENIXX" duration="00:00:00.3035707" startTime="2013-08-09T22:01:15.4781738+05:30" endTime="2013-08-09T22:01:15.7822650+05:30" testType="13cdc9d9-ddb5-4fa4-a97d-d965ccfc6d4b" outcome="Failed" testListId="8c84fa94-04c1-424b-9868-57a2d4851a1d" relativeResultsDirectory="0e213d07-7b97-4b32-9814-be600876c4cd">
      <Output>
        <ErrorInfo>
          <Message>Test method Tavisca.Catapult.External.Facade.Tests.ActivityMultiAvailTests.SearchByGeoCodeTest.GuestInformationTest5 threw exception: 
System.Transactions.TransactionManagerCommunicationException: Network access for Distributed Transaction Manager (MSDTC) has been disabled. Please enable DTC for network access in the security configuration for MSDTC using the Component Services Administrative tool. ---&gt; System.Runtime.InteropServices.COMException: The transaction manager has disabled its support for remote/network transactions. (Exception from HRESULT: 0x8004D024)</Message>
          <StackTrace>    at System.Transactions.Oletx.IDtcProxyShimFactory.ReceiveTransaction(UInt32 propgationTokenSize, Byte[] propgationToken, IntPtr managedIdentifier, Guid&amp; transactionIdentifier, OletxTransactionIsolationLevel&amp; isolationLevel, ITransactionShim&amp; transactionShim)
   at System.Transactions.TransactionInterop.GetOletxTransactionFromTransmitterPropigationToken(Byte[] propagationToken)
 --- End of inner exception stack trace ---
    at System.Transactions.Oletx.OletxTransactionManager.ProxyException(COMException comException)
   at System.Transactions.TransactionInterop.GetOletxTransactionFromTransmitterPropigationToken(Byte[] propagationToken)
   at System.Transactions.TransactionStatePSPEOperation.PSPEPromote(InternalTransaction tx)
   at System.Transactions.TransactionStateDelegatedBase.EnterState(InternalTransaction tx)
   at System.Transactions.EnlistableStates.Promote(InternalTransaction tx)
   at System.Transactions.Transaction.Promote()
   at System.Transactions.TransactionInterop.ConvertToOletxTransaction(Transaction transaction)
   at System.Transactions.TransactionInterop.GetExportCookie(Transaction transaction, Byte[] whereabouts)
   at System.Data.SqlClient.SqlInternalConnection.GetTransactionCookie(Transaction transaction, Byte[] whereAbouts)
   at System.Data.SqlClient.SqlInternalConnection.EnlistNonNull(Transaction tx)
   at System.Data.SqlClient.SqlInternalConnection.Enlist(Transaction tx)
   at System.Data.SqlClient.SqlInternalConnectionTds.Activate(Transaction transaction)
   at System.Data.ProviderBase.DbConnectionInternal.ActivateConnection(Transaction transaction)
   at System.Data.ProviderBase.DbConnectionPool.TryGetConnection(DbConnection owningObject, UInt32 waitForMultipleObjectsTimeout, Boolean allowCreate, Boolean onlyOneCheckConnection, DbConnectionOptions userOptions, DbConnectionInternal&amp; connection)
   at System.Data.ProviderBase.DbConnectionPool.TryGetConnection(DbConnection owningObject, TaskCompletionSource`1 retry, DbConnectionOptions userOptions, DbConnectionInternal&amp; connection)
   at System.Data.ProviderBase.DbConnectionFactory.TryGetConnection(DbConnection owningConnection, TaskCompletionSource`1 retry, DbConnectionOptions userOptions, DbConnectionInternal&amp; connection)
   at System.Data.ProviderBase.DbConnectionClosed.TryOpenConnection(DbConnection outerConnection, DbConnectionFactory connectionFactory, TaskCompletionSource`1 retry, DbConnectionOptions userOptions)
   at System.Data.SqlClient.SqlConnection.TryOpen(TaskCompletionSource`1 retry)
   at System.Data.SqlClient.SqlConnection.Open()
   at System.Data.Linq.SqlClient.SqlConnectionManager.UseConnection(IConnectionUser user)
   at System.Data.Linq.SqlClient.SqlProvider.get_IsSqlCe()
   at System.Data.Linq.SqlClient.SqlProvider.InitializeProviderMode()
   at System.Data.Linq.SqlClient.SqlProvider.System.Data.Linq.Provider.IProvider.Execute(Expression query)
   at System.Data.Linq.DataContext.ExecuteMethodCall(Object instance, MethodInfo methodInfo, Object[] parameters)
   at Tavisca.Catapult.Internal.ResourceAccess.DataProviders.Rate.LINQ.RateDataContext.spSaveRateCard(Nullable`1 id, Nullable`1 productId, String productType, String scope, Nullable`1 isEnabled, Nullable`1 isDeleted) in d:\Code\TOM\Catapult\Code\trunk\CatapultServices\Tavisca.Catapult.Internal.ResourceAccess.DataProviders\Rate\LINQ\Rate.designer.cs:line 265
   at Tavisca.Catapult.Internal.ResourceAccess.DataProviders.Rate.RateProvider.SaveRateCard(String scopeId, RateCard rateCard) in d:\Code\TOM\Catapult\Code\trunk\CatapultServices\Tavisca.Catapult.Internal.ResourceAccess.DataProviders\Rate\RateProvider.cs:line 649
   at Tavisca.Catapult.External.Facade.Tests.TestActivityGenerator.SaveRateCard(RateCard rateCard) in d:\Code\TOM\Catapult\Code\trunk\CatapultServices\Tavisca.Catapult.External.Facade.Tests\TestActivityGenerator.cs:line 352
   at Tavisca.Catapult.External.Facade.Tests.ActivityMultiAvailTests.SearchByGeoCodeTest.GuestInformationTest5() in d:\Code\TOM\Catapult\Code\trunk\CatapultServices\Tavisca.Catapult.External.Facade.Tests\ActivityMultiAvailTests\SearchByGeoCodeTest.cs:line 1078
</StackTrace>
        </ErrorInfo>
      </Output>
    </UnitTestResult>
    <UnitTestResult executionId="2c008b79-57ee-4008-9e92-8999dc993932" testId="f5038ab6-fc1f-a194-bc1a-2159b4654b4f" testName="GuestInformationTest6" computerName="PHOENIXX" duration="00:00:00.3106541" startTime="2013-08-09T22:01:15.7822650+05:30" endTime="2013-08-09T22:01:16.0933583+05:30" testType="13cdc9d9-ddb5-4fa4-a97d-d965ccfc6d4b" outcome="Failed" testListId="8c84fa94-04c1-424b-9868-57a2d4851a1d" relativeResultsDirectory="2c008b79-57ee-4008-9e92-8999dc993932">
      <Output>
        <ErrorInfo>
          <Message>Test method Tavisca.Catapult.External.Facade.Tests.ActivityMultiAvailTests.SearchByGeoCodeTest.GuestInformationTest6 threw exception: 
System.Transactions.TransactionManagerCommunicationException: Network access for Distributed Transaction Manager (MSDTC) has been disabled. Please enable DTC for network access in the security configuration for MSDTC using the Component Services Administrative tool. ---&gt; System.Runtime.InteropServices.COMException: The transaction manager has disabled its support for remote/network transactions. (Exception from HRESULT: 0x8004D024)</Message>
          <StackTrace>    at System.Transactions.Oletx.IDtcProxyShimFactory.ReceiveTransaction(UInt32 propgationTokenSize, Byte[] propgationToken, IntPtr managedIdentifier, Guid&amp; transactionIdentifier, OletxTransactionIsolationLevel&amp; isolationLevel, ITransactionShim&amp; transactionShim)
   at System.Transactions.TransactionInterop.GetOletxTransactionFromTransmitterPropigationToken(Byte[] propagationToken)
 --- End of inner exception stack trace ---
    at System.Transactions.Oletx.OletxTransactionManager.ProxyException(COMException comException)
   at System.Transactions.TransactionInterop.GetOletxTransactionFromTransmitterPropigationToken(Byte[] propagationToken)
   at System.Transactions.TransactionStatePSPEOperation.PSPEPromote(InternalTransaction tx)
   at System.Transactions.TransactionStateDelegatedBase.EnterState(InternalTransaction tx)
   at System.Transactions.EnlistableStates.Promote(InternalTransaction tx)
   at System.Transactions.Transaction.Promote()
   at System.Transactions.TransactionInterop.ConvertToOletxTransaction(Transaction transaction)
   at System.Transactions.TransactionInterop.GetExportCookie(Transaction transaction, Byte[] whereabouts)
   at System.Data.SqlClient.SqlInternalConnection.GetTransactionCookie(Transaction transaction, Byte[] whereAbouts)
   at System.Data.SqlClient.SqlInternalConnection.EnlistNonNull(Transaction tx)
   at System.Data.SqlClient.SqlInternalConnection.Enlist(Transaction tx)
   at System.Data.SqlClient.SqlInternalConnectionTds.Activate(Transaction transaction)
   at System.Data.ProviderBase.DbConnectionInternal.ActivateConnection(Transaction transaction)
   at System.Data.ProviderBase.DbConnectionPool.TryGetConnection(DbConnection owningObject, UInt32 waitForMultipleObjectsTimeout, Boolean allowCreate, Boolean onlyOneCheckConnection, DbConnectionOptions userOptions, DbConnectionInternal&amp; connection)
   at System.Data.ProviderBase.DbConnectionPool.TryGetConnection(DbConnection owningObject, TaskCompletionSource`1 retry, DbConnectionOptions userOptions, DbConnectionInternal&amp; connection)
   at System.Data.ProviderBase.DbConnectionFactory.TryGetConnection(DbConnection owningConnection, TaskCompletionSource`1 retry, DbConnectionOptions userOptions, DbConnectionInternal&amp; connection)
   at System.Data.ProviderBase.DbConnectionClosed.TryOpenConnection(DbConnection outerConnection, DbConnectionFactory connectionFactory, TaskCompletionSource`1 retry, DbConnectionOptions userOptions)
   at System.Data.SqlClient.SqlConnection.TryOpen(TaskCompletionSource`1 retry)
   at System.Data.SqlClient.SqlConnection.Open()
   at System.Data.Linq.SqlClient.SqlConnectionManager.UseConnection(IConnectionUser user)
   at System.Data.Linq.SqlClient.SqlProvider.get_IsSqlCe()
   at System.Data.Linq.SqlClient.SqlProvider.InitializeProviderMode()
   at System.Data.Linq.SqlClient.SqlProvider.System.Data.Linq.Provider.IProvider.Execute(Expression query)
   at System.Data.Linq.DataContext.ExecuteMethodCall(Object instance, MethodInfo methodInfo, Object[] parameters)
   at Tavisca.Catapult.Internal.ResourceAccess.DataProviders.Rate.LINQ.RateDataContext.spSaveRateCard(Nullable`1 id, Nullable`1 productId, String productType, String scope, Nullable`1 isEnabled, Nullable`1 isDeleted) in d:\Code\TOM\Catapult\Code\trunk\CatapultServices\Tavisca.Catapult.Internal.ResourceAccess.DataProviders\Rate\LINQ\Rate.designer.cs:line 265
   at Tavisca.Catapult.Internal.ResourceAccess.DataProviders.Rate.RateProvider.SaveRateCard(String scopeId, RateCard rateCard) in d:\Code\TOM\Catapult\Code\trunk\CatapultServices\Tavisca.Catapult.Internal.ResourceAccess.DataProviders\Rate\RateProvider.cs:line 649
   at Tavisca.Catapult.External.Facade.Tests.TestActivityGenerator.SaveRateCard(RateCard rateCard) in d:\Code\TOM\Catapult\Code\trunk\CatapultServices\Tavisca.Catapult.External.Facade.Tests\TestActivityGenerator.cs:line 352
   at Tavisca.Catapult.External.Facade.Tests.ActivityMultiAvailTests.SearchByGeoCodeTest.GuestInformationTest6() in d:\Code\TOM\Catapult\Code\trunk\CatapultServices\Tavisca.Catapult.External.Facade.Tests\ActivityMultiAvailTests\SearchByGeoCodeTest.cs:line 1126
</StackTrace>
        </ErrorInfo>
      </Output>
    </UnitTestResult>
    <UnitTestResult executionId="5062f511-16c0-49ee-b40c-3563ada2b504" testId="4b9ef6ec-0783-a343-1da9-b693cfc54219" testName="WeekEndDayPricingTest1" computerName="PHOENIXX" duration="00:00:00.3281854" startTime="2013-08-09T22:01:16.0933583+05:30" endTime="2013-08-09T22:01:16.4214567+05:30" testType="13cdc9d9-ddb5-4fa4-a97d-d965ccfc6d4b" outcome="Failed" testListId="8c84fa94-04c1-424b-9868-57a2d4851a1d" relativeResultsDirectory="5062f511-16c0-49ee-b40c-3563ada2b504">
      <Output>
        <ErrorInfo>
          <Message>Test method Tavisca.Catapult.External.Facade.Tests.ActivityMultiAvailTests.SearchByGeoCodeTest.WeekEndDayPricingTest1 threw exception: 
System.Transactions.TransactionManagerCommunicationException: Network access for Distributed Transaction Manager (MSDTC) has been disabled. Please enable DTC for network access in the security configuration for MSDTC using the Component Services Administrative tool. ---&gt; System.Runtime.InteropServices.COMException: The transaction manager has disabled its support for remote/network transactions. (Exception from HRESULT: 0x8004D024)</Message>
          <StackTrace>    at System.Transactions.Oletx.IDtcProxyShimFactory.ReceiveTransaction(UInt32 propgationTokenSize, Byte[] propgationToken, IntPtr managedIdentifier, Guid&amp; transactionIdentifier, OletxTransactionIsolationLevel&amp; isolationLevel, ITransactionShim&amp; transactionShim)
   at System.Transactions.TransactionInterop.GetOletxTransactionFromTransmitterPropigationToken(Byte[] propagationToken)
 --- End of inner exception stack trace ---
    at System.Transactions.Oletx.OletxTransactionManager.ProxyException(COMException comException)
   at System.Transactions.TransactionInterop.GetOletxTransactionFromTransmitterPropigationToken(Byte[] propagationToken)
   at System.Transactions.TransactionStatePSPEOperation.PSPEPromote(InternalTransaction tx)
   at System.Transactions.TransactionStateDelegatedBase.EnterState(InternalTransaction tx)
   at System.Transactions.EnlistableStates.Promote(InternalTransaction tx)
   at System.Transactions.Transaction.Promote()
   at System.Transactions.TransactionInterop.ConvertToOletxTransaction(Transaction transaction)
   at System.Transactions.TransactionInterop.GetExportCookie(Transaction transaction, Byte[] whereabouts)
   at System.Data.SqlClient.SqlInternalConnection.GetTransactionCookie(Transaction transaction, Byte[] whereAbouts)
   at System.Data.SqlClient.SqlInternalConnection.EnlistNonNull(Transaction tx)
   at System.Data.SqlClient.SqlInternalConnection.Enlist(Transaction tx)
   at System.Data.SqlClient.SqlInternalConnectionTds.Activate(Transaction transaction)
   at System.Data.ProviderBase.DbConnectionInternal.ActivateConnection(Transaction transaction)
   at System.Data.ProviderBase.DbConnectionPool.TryGetConnection(DbConnection owningObject, UInt32 waitForMultipleObjectsTimeout, Boolean allowCreate, Boolean onlyOneCheckConnection, DbConnectionOptions userOptions, DbConnectionInternal&amp; connection)
   at System.Data.ProviderBase.DbConnectionPool.TryGetConnection(DbConnection owningObject, TaskCompletionSource`1 retry, DbConnectionOptions userOptions, DbConnectionInternal&amp; connection)
   at System.Data.ProviderBase.DbConnectionFactory.TryGetConnection(DbConnection owningConnection, TaskCompletionSource`1 retry, DbConnectionOptions userOptions, DbConnectionInternal&amp; connection)
   at System.Data.ProviderBase.DbConnectionClosed.TryOpenConnection(DbConnection outerConnection, DbConnectionFactory connectionFactory, TaskCompletionSource`1 retry, DbConnectionOptions userOptions)
   at System.Data.SqlClient.SqlConnection.TryOpen(TaskCompletionSource`1 retry)
   at System.Data.SqlClient.SqlConnection.Open()
   at System.Data.Linq.SqlClient.SqlConnectionManager.UseConnection(IConnectionUser user)
   at System.Data.Linq.SqlClient.SqlProvider.get_IsSqlCe()
   at System.Data.Linq.SqlClient.SqlProvider.InitializeProviderMode()
   at System.Data.Linq.SqlClient.SqlProvider.System.Data.Linq.Provider.IProvider.Execute(Expression query)
   at System.Data.Linq.DataContext.ExecuteMethodCall(Object instance, MethodInfo methodInfo, Object[] parameters)
   at Tavisca.Catapult.Internal.ResourceAccess.DataProviders.Rate.LINQ.RateDataContext.spSaveRateCard(Nullable`1 id, Nullable`1 productId, String productType, String scope, Nullable`1 isEnabled, Nullable`1 isDeleted) in d:\Code\TOM\Catapult\Code\trunk\CatapultServices\Tavisca.Catapult.Internal.ResourceAccess.DataProviders\Rate\LINQ\Rate.designer.cs:line 265
   at Tavisca.Catapult.Internal.ResourceAccess.DataProviders.Rate.RateProvider.SaveRateCard(String scopeId, RateCard rateCard) in d:\Code\TOM\Catapult\Code\trunk\CatapultServices\Tavisca.Catapult.Internal.ResourceAccess.DataProviders\Rate\RateProvider.cs:line 649
   at Tavisca.Catapult.External.Facade.Tests.TestActivityGenerator.SaveRateCard(RateCard rateCard) in d:\Code\TOM\Catapult\Code\trunk\CatapultServices\Tavisca.Catapult.External.Facade.Tests\TestActivityGenerator.cs:line 352
   at Tavisca.Catapult.External.Facade.Tests.ActivityMultiAvailTests.SearchByGeoCodeTest.WeekEndDayPricingTest1() in d:\Code\TOM\Catapult\Code\trunk\CatapultServices\Tavisca.Catapult.External.Facade.Tests\ActivityMultiAvailTests\SearchByGeoCodeTest.cs:line 1172
</StackTrace>
        </ErrorInfo>
      </Output>
    </UnitTestResult>
    <UnitTestResult executionId="7e22c7a6-94e2-4418-a2ef-da00860dbf34" testId="d7d384f9-671e-d44a-5c7e-66603bfc39df" testName="WeekEndDayPricingTest2" computerName="PHOENIXX" duration="00:00:00.3313252" startTime="2013-08-09T22:01:16.4214567+05:30" endTime="2013-08-09T22:01:16.7535563+05:30" testType="13cdc9d9-ddb5-4fa4-a97d-d965ccfc6d4b" outcome="Failed" testListId="8c84fa94-04c1-424b-9868-57a2d4851a1d" relativeResultsDirectory="7e22c7a6-94e2-4418-a2ef-da00860dbf34">
      <Output>
        <ErrorInfo>
          <Message>Test method Tavisca.Catapult.External.Facade.Tests.ActivityMultiAvailTests.SearchByGeoCodeTest.WeekEndDayPricingTest2 threw exception: 
System.Transactions.TransactionManagerCommunicationException: Network access for Distributed Transaction Manager (MSDTC) has been disabled. Please enable DTC for network access in the security configuration for MSDTC using the Component Services Administrative tool. ---&gt; System.Runtime.InteropServices.COMException: The transaction manager has disabled its support for remote/network transactions. (Exception from HRESULT: 0x8004D024)</Message>
          <StackTrace>    at System.Transactions.Oletx.IDtcProxyShimFactory.ReceiveTransaction(UInt32 propgationTokenSize, Byte[] propgationToken, IntPtr managedIdentifier, Guid&amp; transactionIdentifier, OletxTransactionIsolationLevel&amp; isolationLevel, ITransactionShim&amp; transactionShim)
   at System.Transactions.TransactionInterop.GetOletxTransactionFromTransmitterPropigationToken(Byte[] propagationToken)
 --- End of inner exception stack trace ---
    at System.Transactions.Oletx.OletxTransactionManager.ProxyException(COMException comException)
   at System.Transactions.TransactionInterop.GetOletxTransactionFromTransmitterPropigationToken(Byte[] propagationToken)
   at System.Transactions.TransactionStatePSPEOperation.PSPEPromote(InternalTransaction tx)
   at System.Transactions.TransactionStateDelegatedBase.EnterState(InternalTransaction tx)
   at System.Transactions.EnlistableStates.Promote(InternalTransaction tx)
   at System.Transactions.Transaction.Promote()
   at System.Transactions.TransactionInterop.ConvertToOletxTransaction(Transaction transaction)
   at System.Transactions.TransactionInterop.GetExportCookie(Transaction transaction, Byte[] whereabouts)
   at System.Data.SqlClient.SqlInternalConnection.GetTransactionCookie(Transaction transaction, Byte[] whereAbouts)
   at System.Data.SqlClient.SqlInternalConnection.EnlistNonNull(Transaction tx)
   at System.Data.SqlClient.SqlInternalConnection.Enlist(Transaction tx)
   at System.Data.SqlClient.SqlInternalConnectionTds.Activate(Transaction transaction)
   at System.Data.ProviderBase.DbConnectionInternal.ActivateConnection(Transaction transaction)
   at System.Data.ProviderBase.DbConnectionPool.TryGetConnection(DbConnection owningObject, UInt32 waitForMultipleObjectsTimeout, Boolean allowCreate, Boolean onlyOneCheckConnection, DbConnectionOptions userOptions, DbConnectionInternal&amp; connection)
   at System.Data.ProviderBase.DbConnectionPool.TryGetConnection(DbConnection owningObject, TaskCompletionSource`1 retry, DbConnectionOptions userOptions, DbConnectionInternal&amp; connection)
   at System.Data.ProviderBase.DbConnectionFactory.TryGetConnection(DbConnection owningConnection, TaskCompletionSource`1 retry, DbConnectionOptions userOptions, DbConnectionInternal&amp; connection)
   at System.Data.ProviderBase.DbConnectionClosed.TryOpenConnection(DbConnection outerConnection, DbConnectionFactory connectionFactory, TaskCompletionSource`1 retry, DbConnectionOptions userOptions)
   at System.Data.SqlClient.SqlConnection.TryOpen(TaskCompletionSource`1 retry)
   at System.Data.SqlClient.SqlConnection.Open()
   at System.Data.Linq.SqlClient.SqlConnectionManager.UseConnection(IConnectionUser user)
   at System.Data.Linq.SqlClient.SqlProvider.get_IsSqlCe()
   at System.Data.Linq.SqlClient.SqlProvider.InitializeProviderMode()
   at System.Data.Linq.SqlClient.SqlProvider.System.Data.Linq.Provider.IProvider.Execute(Expression query)
   at System.Data.Linq.DataContext.ExecuteMethodCall(Object instance, MethodInfo methodInfo, Object[] parameters)
   at Tavisca.Catapult.Internal.ResourceAccess.DataProviders.Rate.LINQ.RateDataContext.spSaveRateCard(Nullable`1 id, Nullable`1 productId, String productType, String scope, Nullable`1 isEnabled, Nullable`1 isDeleted) in d:\Code\TOM\Catapult\Code\trunk\CatapultServices\Tavisca.Catapult.Internal.ResourceAccess.DataProviders\Rate\LINQ\Rate.designer.cs:line 265
   at Tavisca.Catapult.Internal.ResourceAccess.DataProviders.Rate.RateProvider.SaveRateCard(String scopeId, RateCard rateCard) in d:\Code\TOM\Catapult\Code\trunk\CatapultServices\Tavisca.Catapult.Internal.ResourceAccess.DataProviders\Rate\RateProvider.cs:line 649
   at Tavisca.Catapult.External.Facade.Tests.TestActivityGenerator.SaveRateCard(RateCard rateCard) in d:\Code\TOM\Catapult\Code\trunk\CatapultServices\Tavisca.Catapult.External.Facade.Tests\TestActivityGenerator.cs:line 352
   at Tavisca.Catapult.External.Facade.Tests.ActivityMultiAvailTests.SearchByGeoCodeTest.WeekEndDayPricingTest2() in d:\Code\TOM\Catapult\Code\trunk\CatapultServices\Tavisca.Catapult.External.Facade.Tests\ActivityMultiAvailTests\SearchByGeoCodeTest.cs:line 1235
</StackTrace>
        </ErrorInfo>
      </Output>
    </UnitTestResult>
    <UnitTestResult executionId="50675602-c5fd-4d38-87e1-8b055c90196e" testId="192a62ae-d42e-463b-8846-ae039a745cef" testName="WeekEndDayPricingTest3" computerName="PHOENIXX" duration="00:00:00.3048653" startTime="2013-08-09T22:01:16.7535563+05:30" endTime="2013-08-09T22:01:17.0586478+05:30" testType="13cdc9d9-ddb5-4fa4-a97d-d965ccfc6d4b" outcome="Failed" testListId="8c84fa94-04c1-424b-9868-57a2d4851a1d" relativeResultsDirectory="50675602-c5fd-4d38-87e1-8b055c90196e">
      <Output>
        <ErrorInfo>
          <Message>Test method Tavisca.Catapult.External.Facade.Tests.ActivityMultiAvailTests.SearchByGeoCodeTest.WeekEndDayPricingTest3 threw exception: 
System.Transactions.TransactionManagerCommunicationException: Network access for Distributed Transaction Manager (MSDTC) has been disabled. Please enable DTC for network access in the security configuration for MSDTC using the Component Services Administrative tool. ---&gt; System.Runtime.InteropServices.COMException: The transaction manager has disabled its support for remote/network transactions. (Exception from HRESULT: 0x8004D024)</Message>
          <StackTrace>    at System.Transactions.Oletx.IDtcProxyShimFactory.ReceiveTransaction(UInt32 propgationTokenSize, Byte[] propgationToken, IntPtr managedIdentifier, Guid&amp; transactionIdentifier, OletxTransactionIsolationLevel&amp; isolationLevel, ITransactionShim&amp; transactionShim)
   at System.Transactions.TransactionInterop.GetOletxTransactionFromTransmitterPropigationToken(Byte[] propagationToken)
 --- End of inner exception stack trace ---
    at System.Transactions.Oletx.OletxTransactionManager.ProxyException(COMException comException)
   at System.Transactions.TransactionInterop.GetOletxTransactionFromTransmitterPropigationToken(Byte[] propagationToken)
   at System.Transactions.TransactionStatePSPEOperation.PSPEPromote(InternalTransaction tx)
   at System.Transactions.TransactionStateDelegatedBase.EnterState(InternalTransaction tx)
   at System.Transactions.EnlistableStates.Promote(InternalTransaction tx)
   at System.Transactions.Transaction.Promote()
   at System.Transactions.TransactionInterop.ConvertToOletxTransaction(Transaction transaction)
   at System.Transactions.TransactionInterop.GetExportCookie(Transaction transaction, Byte[] whereabouts)
   at System.Data.SqlClient.SqlInternalConnection.GetTransactionCookie(Transaction transaction, Byte[] whereAbouts)
   at System.Data.SqlClient.SqlInternalConnection.EnlistNonNull(Transaction tx)
   at System.Data.SqlClient.SqlInternalConnection.Enlist(Transaction tx)
   at System.Data.SqlClient.SqlInternalConnectionTds.Activate(Transaction transaction)
   at System.Data.ProviderBase.DbConnectionInternal.ActivateConnection(Transaction transaction)
   at System.Data.ProviderBase.DbConnectionPool.TryGetConnection(DbConnection owningObject, UInt32 waitForMultipleObjectsTimeout, Boolean allowCreate, Boolean onlyOneCheckConnection, DbConnectionOptions userOptions, DbConnectionInternal&amp; connection)
   at System.Data.ProviderBase.DbConnectionPool.TryGetConnection(DbConnection owningObject, TaskCompletionSource`1 retry, DbConnectionOptions userOptions, DbConnectionInternal&amp; connection)
   at System.Data.ProviderBase.DbConnectionFactory.TryGetConnection(DbConnection owningConnection, TaskCompletionSource`1 retry, DbConnectionOptions userOptions, DbConnectionInternal&amp; connection)
   at System.Data.ProviderBase.DbConnectionClosed.TryOpenConnection(DbConnection outerConnection, DbConnectionFactory connectionFactory, TaskCompletionSource`1 retry, DbConnectionOptions userOptions)
   at System.Data.SqlClient.SqlConnection.TryOpen(TaskCompletionSource`1 retry)
   at System.Data.SqlClient.SqlConnection.Open()
   at System.Data.Linq.SqlClient.SqlConnectionManager.UseConnection(IConnectionUser user)
   at System.Data.Linq.SqlClient.SqlProvider.get_IsSqlCe()
   at System.Data.Linq.SqlClient.SqlProvider.InitializeProviderMode()
   at System.Data.Linq.SqlClient.SqlProvider.System.Data.Linq.Provider.IProvider.Execute(Expression query)
   at System.Data.Linq.DataContext.ExecuteMethodCall(Object instance, MethodInfo methodInfo, Object[] parameters)
   at Tavisca.Catapult.Internal.ResourceAccess.DataProviders.Rate.LINQ.RateDataContext.spSaveRateCard(Nullable`1 id, Nullable`1 productId, String productType, String scope, Nullable`1 isEnabled, Nullable`1 isDeleted) in d:\Code\TOM\Catapult\Code\trunk\CatapultServices\Tavisca.Catapult.Internal.ResourceAccess.DataProviders\Rate\LINQ\Rate.designer.cs:line 265
   at Tavisca.Catapult.Internal.ResourceAccess.DataProviders.Rate.RateProvider.SaveRateCard(String scopeId, RateCard rateCard) in d:\Code\TOM\Catapult\Code\trunk\CatapultServices\Tavisca.Catapult.Internal.ResourceAccess.DataProviders\Rate\RateProvider.cs:line 649
   at Tavisca.Catapult.External.Facade.Tests.TestActivityGenerator.SaveRateCard(RateCard rateCard) in d:\Code\TOM\Catapult\Code\trunk\CatapultServices\Tavisca.Catapult.External.Facade.Tests\TestActivityGenerator.cs:line 352
   at Tavisca.Catapult.External.Facade.Tests.ActivityMultiAvailTests.SearchByGeoCodeTest.WeekEndDayPricingTest3() in d:\Code\TOM\Catapult\Code\trunk\CatapultServices\Tavisca.Catapult.External.Facade.Tests\ActivityMultiAvailTests\SearchByGeoCodeTest.cs:line 1301
</StackTrace>
        </ErrorInfo>
      </Output>
    </UnitTestResult>
    <UnitTestResult executionId="45a01665-9d27-416f-ac50-74a1d0d91e3b" testId="99f7ee8d-8094-5fb5-1b4c-99e72efde0d0" testName="AvailabilityTest1" computerName="PHOENIXX" duration="00:00:01.0968877" startTime="2013-08-09T22:01:17.0586478+05:30" endTime="2013-08-09T22:01:18.1559769+05:30" testType="13cdc9d9-ddb5-4fa4-a97d-d965ccfc6d4b" outcome="Failed" testListId="8c84fa94-04c1-424b-9868-57a2d4851a1d" relativeResultsDirectory="45a01665-9d27-416f-ac50-74a1d0d91e3b">
      <Output>
        <ErrorInfo>
          <Message>Test method Tavisca.Catapult.External.Facade.Tests.ActivityMultiAvailTests.SearchByGeoCodeTest.AvailabilityTest1 threw exception: 
System.Transactions.TransactionManagerCommunicationException: Network access for Distributed Transaction Manager (MSDTC) has been disabled. Please enable DTC for network access in the security configuration for MSDTC using the Component Services Administrative tool. ---&gt; System.Runtime.InteropServices.COMException: The transaction manager has disabled its support for remote/network transactions. (Exception from HRESULT: 0x8004D024)</Message>
          <StackTrace>    at System.Transactions.Oletx.IDtcProxyShimFactory.ReceiveTransaction(UInt32 propgationTokenSize, Byte[] propgationToken, IntPtr managedIdentifier, Guid&amp; transactionIdentifier, OletxTransactionIsolationLevel&amp; isolationLevel, ITransactionShim&amp; transactionShim)
   at System.Transactions.TransactionInterop.GetOletxTransactionFromTransmitterPropigationToken(Byte[] propagationToken)
 --- End of inner exception stack trace ---
    at System.Transactions.Oletx.OletxTransactionManager.ProxyException(COMException comException)
   at System.Transactions.TransactionInterop.GetOletxTransactionFromTransmitterPropigationToken(Byte[] propagationToken)
   at System.Transactions.TransactionStatePSPEOperation.PSPEPromote(InternalTransaction tx)
   at System.Transactions.TransactionStateDelegatedBase.EnterState(InternalTransaction tx)
   at System.Transactions.EnlistableStates.Promote(InternalTransaction tx)
   at System.Transactions.Transaction.Promote()
   at System.Transactions.TransactionInterop.ConvertToOletxTransaction(Transaction transaction)
   at System.Transactions.TransactionInterop.GetExportCookie(Transaction transaction, Byte[] whereabouts)
   at System.Data.SqlClient.SqlInternalConnection.GetTransactionCookie(Transaction transaction, Byte[] whereAbouts)
   at System.Data.SqlClient.SqlInternalConnection.EnlistNonNull(Transaction tx)
   at System.Data.SqlClient.SqlInternalConnection.Enlist(Transaction tx)
   at System.Data.SqlClient.SqlInternalConnectionTds.Activate(Transaction transaction)
   at System.Data.ProviderBase.DbConnectionInternal.ActivateConnection(Transaction transaction)
   at System.Data.ProviderBase.DbConnectionPool.TryGetConnection(DbConnection owningObject, UInt32 waitForMultipleObjectsTimeout, Boolean allowCreate, Boolean onlyOneCheckConnection, DbConnectionOptions userOptions, DbConnectionInternal&amp; connection)
   at System.Data.ProviderBase.DbConnectionPool.TryGetConnection(DbConnection owningObject, TaskCompletionSource`1 retry, DbConnectionOptions userOptions, DbConnectionInternal&amp; connection)
   at System.Data.ProviderBase.DbConnectionFactory.TryGetConnection(DbConnection owningConnection, TaskCompletionSource`1 retry, DbConnectionOptions userOptions, DbConnectionInternal&amp; connection)
   at System.Data.ProviderBase.DbConnectionClosed.TryOpenConnection(DbConnection outerConnection, DbConnectionFactory connectionFactory, TaskCompletionSource`1 retry, DbConnectionOptions userOptions)
   at System.Data.SqlClient.SqlConnection.TryOpen(TaskCompletionSource`1 retry)
   at System.Data.SqlClient.SqlConnection.Open()
   at System.Data.Linq.SqlClient.SqlConnectionManager.UseConnection(IConnectionUser user)
   at System.Data.Linq.SqlClient.SqlProvider.get_IsSqlCe()
   at System.Data.Linq.SqlClient.SqlProvider.InitializeProviderMode()
   at System.Data.Linq.SqlClient.SqlProvider.System.Data.Linq.Provider.IProvider.Execute(Expression query)
   at System.Data.Linq.DataContext.ExecuteMethodCall(Object instance, MethodInfo methodInfo, Object[] parameters)
   at Tavisca.Catapult.Internal.ResourceAccess.DataProviders.Rate.LINQ.RateDataContext.spSaveRateCard(Nullable`1 id, Nullable`1 productId, String productType, String scope, Nullable`1 isEnabled, Nullable`1 isDeleted) in d:\Code\TOM\Catapult\Code\trunk\CatapultServices\Tavisca.Catapult.Internal.ResourceAccess.DataProviders\Rate\LINQ\Rate.designer.cs:line 265
   at Tavisca.Catapult.Internal.ResourceAccess.DataProviders.Rate.RateProvider.SaveRateCard(String scopeId, RateCard rateCard) in d:\Code\TOM\Catapult\Code\trunk\CatapultServices\Tavisca.Catapult.Internal.ResourceAccess.DataProviders\Rate\RateProvider.cs:line 649
   at Tavisca.Catapult.External.Facade.Tests.TestActivityGenerator.SaveRateCard(RateCard rateCard) in d:\Code\TOM\Catapult\Code\trunk\CatapultServices\Tavisca.Catapult.External.Facade.Tests\TestActivityGenerator.cs:line 352
   at Tavisca.Catapult.External.Facade.Tests.ActivityMultiAvailTests.SearchByGeoCodeTest.AvailabilityTest1() in d:\Code\TOM\Catapult\Code\trunk\CatapultServices\Tavisca.Catapult.External.Facade.Tests\ActivityMultiAvailTests\SearchByGeoCodeTest.cs:line 1364
</StackTrace>
        </ErrorInfo>
      </Output>
    </UnitTestResult>
    <UnitTestResult executionId="78ea1202-a78e-4b4a-93b2-b8134584801b" testId="e543ab15-69d4-e035-f7a3-11a8c5acd5b3" testName="AvailabilityTest2" computerName="PHOENIXX" duration="00:00:00.4307227" startTime="2013-08-09T22:01:18.1559769+05:30" endTime="2013-08-09T22:01:18.5871062+05:30" testType="13cdc9d9-ddb5-4fa4-a97d-d965ccfc6d4b" outcome="Failed" testListId="8c84fa94-04c1-424b-9868-57a2d4851a1d" relativeResultsDirectory="78ea1202-a78e-4b4a-93b2-b8134584801b">
      <Output>
        <ErrorInfo>
          <Message>Test method Tavisca.Catapult.External.Facade.Tests.ActivityMultiAvailTests.SearchByGeoCodeTest.AvailabilityTest2 threw exception: 
System.Transactions.TransactionManagerCommunicationException: Network access for Distributed Transaction Manager (MSDTC) has been disabled. Please enable DTC for network access in the security configuration for MSDTC using the Component Services Administrative tool. ---&gt; System.Runtime.InteropServices.COMException: The transaction manager has disabled its support for remote/network transactions. (Exception from HRESULT: 0x8004D024)</Message>
          <StackTrace>    at System.Transactions.Oletx.IDtcProxyShimFactory.ReceiveTransaction(UInt32 propgationTokenSize, Byte[] propgationToken, IntPtr managedIdentifier, Guid&amp; transactionIdentifier, OletxTransactionIsolationLevel&amp; isolationLevel, ITransactionShim&amp; transactionShim)
   at System.Transactions.TransactionInterop.GetOletxTransactionFromTransmitterPropigationToken(Byte[] propagationToken)
 --- End of inner exception stack trace ---
    at System.Transactions.Oletx.OletxTransactionManager.ProxyException(COMException comException)
   at System.Transactions.TransactionInterop.GetOletxTransactionFromTransmitterPropigationToken(Byte[] propagationToken)
   at System.Transactions.TransactionStatePSPEOperation.PSPEPromote(InternalTransaction tx)
   at System.Transactions.TransactionStateDelegatedBase.EnterState(InternalTransaction tx)
   at System.Transactions.EnlistableStates.Promote(InternalTransaction tx)
   at System.Transactions.Transaction.Promote()
   at System.Transactions.TransactionInterop.ConvertToOletxTransaction(Transaction transaction)
   at System.Transactions.TransactionInterop.GetExportCookie(Transaction transaction, Byte[] whereabouts)
   at System.Data.SqlClient.SqlInternalConnection.GetTransactionCookie(Transaction transaction, Byte[] whereAbouts)
   at System.Data.SqlClient.SqlInternalConnection.EnlistNonNull(Transaction tx)
   at System.Data.SqlClient.SqlInternalConnection.Enlist(Transaction tx)
   at System.Data.SqlClient.SqlInternalConnectionTds.Activate(Transaction transaction)
   at System.Data.ProviderBase.DbConnectionInternal.ActivateConnection(Transaction transaction)
   at System.Data.ProviderBase.DbConnectionPool.TryGetConnection(DbConnection owningObject, UInt32 waitForMultipleObjectsTimeout, Boolean allowCreate, Boolean onlyOneCheckConnection, DbConnectionOptions userOptions, DbConnectionInternal&amp; connection)
   at System.Data.ProviderBase.DbConnectionPool.TryGetConnection(DbConnection owningObject, TaskCompletionSource`1 retry, DbConnectionOptions userOptions, DbConnectionInternal&amp; connection)
   at System.Data.ProviderBase.DbConnectionFactory.TryGetConnection(DbConnection owningConnection, TaskCompletionSource`1 retry, DbConnectionOptions userOptions, DbConnectionInternal&amp; connection)
   at System.Data.ProviderBase.DbConnectionClosed.TryOpenConnection(DbConnection outerConnection, DbConnectionFactory connectionFactory, TaskCompletionSource`1 retry, DbConnectionOptions userOptions)
   at System.Data.SqlClient.SqlConnection.TryOpen(TaskCompletionSource`1 retry)
   at System.Data.SqlClient.SqlConnection.Open()
   at System.Data.Linq.SqlClient.SqlConnectionManager.UseConnection(IConnectionUser user)
   at System.Data.Linq.SqlClient.SqlProvider.get_IsSqlCe()
   at System.Data.Linq.SqlClient.SqlProvider.InitializeProviderMode()
   at System.Data.Linq.SqlClient.SqlProvider.System.Data.Linq.Provider.IProvider.Execute(Expression query)
   at System.Data.Linq.DataContext.ExecuteMethodCall(Object instance, MethodInfo methodInfo, Object[] parameters)
   at Tavisca.Catapult.Internal.ResourceAccess.DataProviders.Rate.LINQ.RateDataContext.spSaveRateCard(Nullable`1 id, Nullable`1 productId, String productType, String scope, Nullable`1 isEnabled, Nullable`1 isDeleted) in d:\Code\TOM\Catapult\Code\trunk\CatapultServices\Tavisca.Catapult.Internal.ResourceAccess.DataProviders\Rate\LINQ\Rate.designer.cs:line 265
   at Tavisca.Catapult.Internal.ResourceAccess.DataProviders.Rate.RateProvider.SaveRateCard(String scopeId, RateCard rateCard) in d:\Code\TOM\Catapult\Code\trunk\CatapultServices\Tavisca.Catapult.Internal.ResourceAccess.DataProviders\Rate\RateProvider.cs:line 649
   at Tavisca.Catapult.External.Facade.Tests.TestActivityGenerator.SaveRateCard(RateCard rateCard) in d:\Code\TOM\Catapult\Code\trunk\CatapultServices\Tavisca.Catapult.External.Facade.Tests\TestActivityGenerator.cs:line 352
   at Tavisca.Catapult.External.Facade.Tests.ActivityMultiAvailTests.SearchByGeoCodeTest.AvailabilityTest2() in d:\Code\TOM\Catapult\Code\trunk\CatapultServices\Tavisca.Catapult.External.Facade.Tests\ActivityMultiAvailTests\SearchByGeoCodeTest.cs:line 1414
</StackTrace>
        </ErrorInfo>
      </Output>
    </UnitTestResult>
    <UnitTestResult executionId="717ee4f8-689c-45b6-bf99-d1252b296606" testId="f485c88b-03bd-92de-7951-9a500421e78d" testName="IsOnRequestTest1" computerName="PHOENIXX" duration="00:00:00.3767361" startTime="2013-08-09T22:01:18.5871062+05:30" endTime="2013-08-09T22:01:18.9642193+05:30" testType="13cdc9d9-ddb5-4fa4-a97d-d965ccfc6d4b" outcome="Failed" testListId="8c84fa94-04c1-424b-9868-57a2d4851a1d" relativeResultsDirectory="717ee4f8-689c-45b6-bf99-d1252b296606">
      <Output>
        <ErrorInfo>
          <Message>Test method Tavisca.Catapult.External.Facade.Tests.ActivityMultiAvailTests.SearchByGeoCodeTest.IsOnRequestTest1 threw exception: 
System.Transactions.TransactionManagerCommunicationException: Network access for Distributed Transaction Manager (MSDTC) has been disabled. Please enable DTC for network access in the security configuration for MSDTC using the Component Services Administrative tool. ---&gt; System.Runtime.InteropServices.COMException: The transaction manager has disabled its support for remote/network transactions. (Exception from HRESULT: 0x8004D024)</Message>
          <StackTrace>    at System.Transactions.Oletx.IDtcProxyShimFactory.ReceiveTransaction(UInt32 propgationTokenSize, Byte[] propgationToken, IntPtr managedIdentifier, Guid&amp; transactionIdentifier, OletxTransactionIsolationLevel&amp; isolationLevel, ITransactionShim&amp; transactionShim)
   at System.Transactions.TransactionInterop.GetOletxTransactionFromTransmitterPropigationToken(Byte[] propagationToken)
 --- End of inner exception stack trace ---
    at System.Transactions.Oletx.OletxTransactionManager.ProxyException(COMException comException)
   at System.Transactions.TransactionInterop.GetOletxTransactionFromTransmitterPropigationToken(Byte[] propagationToken)
   at System.Transactions.TransactionStatePSPEOperation.PSPEPromote(InternalTransaction tx)
   at System.Transactions.TransactionStateDelegatedBase.EnterState(InternalTransaction tx)
   at System.Transactions.EnlistableStates.Promote(InternalTransaction tx)
   at System.Transactions.Transaction.Promote()
   at System.Transactions.TransactionInterop.ConvertToOletxTransaction(Transaction transaction)
   at System.Transactions.TransactionInterop.GetExportCookie(Transaction transaction, Byte[] whereabouts)
   at System.Data.SqlClient.SqlInternalConnection.GetTransactionCookie(Transaction transaction, Byte[] whereAbouts)
   at System.Data.SqlClient.SqlInternalConnection.EnlistNonNull(Transaction tx)
   at System.Data.SqlClient.SqlInternalConnection.Enlist(Transaction tx)
   at System.Data.SqlClient.SqlInternalConnectionTds.Activate(Transaction transaction)
   at System.Data.ProviderBase.DbConnectionInternal.ActivateConnection(Transaction transaction)
   at System.Data.ProviderBase.DbConnectionPool.TryGetConnection(DbConnection owningObject, UInt32 waitForMultipleObjectsTimeout, Boolean allowCreate, Boolean onlyOneCheckConnection, DbConnectionOptions userOptions, DbConnectionInternal&amp; connection)
   at System.Data.ProviderBase.DbConnectionPool.TryGetConnection(DbConnection owningObject, TaskCompletionSource`1 retry, DbConnectionOptions userOptions, DbConnectionInternal&amp; connection)
   at System.Data.ProviderBase.DbConnectionFactory.TryGetConnection(DbConnection owningConnection, TaskCompletionSource`1 retry, DbConnectionOptions userOptions, DbConnectionInternal&amp; connection)
   at System.Data.ProviderBase.DbConnectionClosed.TryOpenConnection(DbConnection outerConnection, DbConnectionFactory connectionFactory, TaskCompletionSource`1 retry, DbConnectionOptions userOptions)
   at System.Data.SqlClient.SqlConnection.TryOpen(TaskCompletionSource`1 retry)
   at System.Data.SqlClient.SqlConnection.Open()
   at System.Data.Linq.SqlClient.SqlConnectionManager.UseConnection(IConnectionUser user)
   at System.Data.Linq.SqlClient.SqlProvider.get_IsSqlCe()
   at System.Data.Linq.SqlClient.SqlProvider.InitializeProviderMode()
   at System.Data.Linq.SqlClient.SqlProvider.System.Data.Linq.Provider.IProvider.Execute(Expression query)
   at System.Data.Linq.DataContext.ExecuteMethodCall(Object instance, MethodInfo methodInfo, Object[] parameters)
   at Tavisca.Catapult.Internal.ResourceAccess.DataProviders.Rate.LINQ.RateDataContext.spSaveRateCard(Nullable`1 id, Nullable`1 productId, String productType, String scope, Nullable`1 isEnabled, Nullable`1 isDeleted) in d:\Code\TOM\Catapult\Code\trunk\CatapultServices\Tavisca.Catapult.Internal.ResourceAccess.DataProviders\Rate\LINQ\Rate.designer.cs:line 265
   at Tavisca.Catapult.Internal.ResourceAccess.DataProviders.Rate.RateProvider.SaveRateCard(String scopeId, RateCard rateCard) in d:\Code\TOM\Catapult\Code\trunk\CatapultServices\Tavisca.Catapult.Internal.ResourceAccess.DataProviders\Rate\RateProvider.cs:line 649
   at Tavisca.Catapult.External.Facade.Tests.TestActivityGenerator.SaveRateCard(RateCard rateCard) in d:\Code\TOM\Catapult\Code\trunk\CatapultServices\Tavisca.Catapult.External.Facade.Tests\TestActivityGenerator.cs:line 352
   at Tavisca.Catapult.External.Facade.Tests.ActivityMultiAvailTests.SearchByGeoCodeTest.IsOnRequestTest1() in d:\Code\TOM\Catapult\Code\trunk\CatapultServices\Tavisca.Catapult.External.Facade.Tests\ActivityMultiAvailTests\SearchByGeoCodeTest.cs:line 1465
</StackTrace>
        </ErrorInfo>
      </Output>
    </UnitTestResult>
    <UnitTestResult executionId="c579e4f4-906c-4d13-bb88-d234a771ee78" testId="76b77543-e7eb-5ae6-a5c5-d2ddff6da5e4" testName="IsOnRequestTest2" computerName="PHOENIXX" duration="00:00:00.5442410" startTime="2013-08-09T22:01:18.9642193+05:30" endTime="2013-08-09T22:01:19.5083825+05:30" testType="13cdc9d9-ddb5-4fa4-a97d-d965ccfc6d4b" outcome="Failed" testListId="8c84fa94-04c1-424b-9868-57a2d4851a1d" relativeResultsDirectory="c579e4f4-906c-4d13-bb88-d234a771ee78">
      <Output>
        <ErrorInfo>
          <Message>Test method Tavisca.Catapult.External.Facade.Tests.ActivityMultiAvailTests.SearchByGeoCodeTest.IsOnRequestTest2 threw exception: 
System.Transactions.TransactionManagerCommunicationException: Network access for Distributed Transaction Manager (MSDTC) has been disabled. Please enable DTC for network access in the security configuration for MSDTC using the Component Services Administrative tool. ---&gt; System.Runtime.InteropServices.COMException: The transaction manager has disabled its support for remote/network transactions. (Exception from HRESULT: 0x8004D024)</Message>
          <StackTrace>    at System.Transactions.Oletx.IDtcProxyShimFactory.ReceiveTransaction(UInt32 propgationTokenSize, Byte[] propgationToken, IntPtr managedIdentifier, Guid&amp; transactionIdentifier, OletxTransactionIsolationLevel&amp; isolationLevel, ITransactionShim&amp; transactionShim)
   at System.Transactions.TransactionInterop.GetOletxTransactionFromTransmitterPropigationToken(Byte[] propagationToken)
 --- End of inner exception stack trace ---
    at System.Transactions.Oletx.OletxTransactionManager.ProxyException(COMException comException)
   at System.Transactions.TransactionInterop.GetOletxTransactionFromTransmitterPropigationToken(Byte[] propagationToken)
   at System.Transactions.TransactionStatePSPEOperation.PSPEPromote(InternalTransaction tx)
   at System.Transactions.TransactionStateDelegatedBase.EnterState(InternalTransaction tx)
   at System.Transactions.EnlistableStates.Promote(InternalTransaction tx)
   at System.Transactions.Transaction.Promote()
   at System.Transactions.TransactionInterop.ConvertToOletxTransaction(Transaction transaction)
   at System.Transactions.TransactionInterop.GetExportCookie(Transaction transaction, Byte[] whereabouts)
   at System.Data.SqlClient.SqlInternalConnection.GetTransactionCookie(Transaction transaction, Byte[] whereAbouts)
   at System.Data.SqlClient.SqlInternalConnection.EnlistNonNull(Transaction tx)
   at System.Data.SqlClient.SqlInternalConnection.Enlist(Transaction tx)
   at System.Data.SqlClient.SqlInternalConnectionTds.Activate(Transaction transaction)
   at System.Data.ProviderBase.DbConnectionInternal.ActivateConnection(Transaction transaction)
   at System.Data.ProviderBase.DbConnectionPool.TryGetConnection(DbConnection owningObject, UInt32 waitForMultipleObjectsTimeout, Boolean allowCreate, Boolean onlyOneCheckConnection, DbConnectionOptions userOptions, DbConnectionInternal&amp; connection)
   at System.Data.ProviderBase.DbConnectionPool.TryGetConnection(DbConnection owningObject, TaskCompletionSource`1 retry, DbConnectionOptions userOptions, DbConnectionInternal&amp; connection)
   at System.Data.ProviderBase.DbConnectionFactory.TryGetConnection(DbConnection owningConnection, TaskCompletionSource`1 retry, DbConnectionOptions userOptions, DbConnectionInternal&amp; connection)
   at System.Data.ProviderBase.DbConnectionClosed.TryOpenConnection(DbConnection outerConnection, DbConnectionFactory connectionFactory, TaskCompletionSource`1 retry, DbConnectionOptions userOptions)
   at System.Data.SqlClient.SqlConnection.TryOpen(TaskCompletionSource`1 retry)
   at System.Data.SqlClient.SqlConnection.Open()
   at System.Data.Linq.SqlClient.SqlConnectionManager.UseConnection(IConnectionUser user)
   at System.Data.Linq.SqlClient.SqlProvider.get_IsSqlCe()
   at System.Data.Linq.SqlClient.SqlProvider.InitializeProviderMode()
   at System.Data.Linq.SqlClient.SqlProvider.System.Data.Linq.Provider.IProvider.Execute(Expression query)
   at System.Data.Linq.DataContext.ExecuteMethodCall(Object instance, MethodInfo methodInfo, Object[] parameters)
   at Tavisca.Catapult.Internal.ResourceAccess.DataProviders.Rate.LINQ.RateDataContext.spSaveRateCard(Nullable`1 id, Nullable`1 productId, String productType, String scope, Nullable`1 isEnabled, Nullable`1 isDeleted) in d:\Code\TOM\Catapult\Code\trunk\CatapultServices\Tavisca.Catapult.Internal.ResourceAccess.DataProviders\Rate\LINQ\Rate.designer.cs:line 265
   at Tavisca.Catapult.Internal.ResourceAccess.DataProviders.Rate.RateProvider.SaveRateCard(String scopeId, RateCard rateCard) in d:\Code\TOM\Catapult\Code\trunk\CatapultServices\Tavisca.Catapult.Internal.ResourceAccess.DataProviders\Rate\RateProvider.cs:line 649
   at Tavisca.Catapult.External.Facade.Tests.TestActivityGenerator.SaveRateCard(RateCard rateCard) in d:\Code\TOM\Catapult\Code\trunk\CatapultServices\Tavisca.Catapult.External.Facade.Tests\TestActivityGenerator.cs:line 352
   at Tavisca.Catapult.External.Facade.Tests.ActivityMultiAvailTests.SearchByGeoCodeTest.IsOnRequestTest2() in d:\Code\TOM\Catapult\Code\trunk\CatapultServices\Tavisca.Catapult.External.Facade.Tests\ActivityMultiAvailTests\SearchByGeoCodeTest.cs:line 1518
</StackTrace>
        </ErrorInfo>
      </Output>
    </UnitTestResult>
    <UnitTestResult executionId="493fa8bd-2f81-4261-be67-6039496288ca" testId="83026801-f66d-47f5-b8ad-dbb94099be89" testName="IsOnRequestTest3" computerName="PHOENIXX" duration="00:00:00.4666565" startTime="2013-08-09T22:01:19.5083825+05:30" endTime="2013-08-09T22:01:19.9755226+05:30" testType="13cdc9d9-ddb5-4fa4-a97d-d965ccfc6d4b" outcome="Failed" testListId="8c84fa94-04c1-424b-9868-57a2d4851a1d" relativeResultsDirectory="493fa8bd-2f81-4261-be67-6039496288ca">
      <Output>
        <ErrorInfo>
          <Message>Test method Tavisca.Catapult.External.Facade.Tests.ActivityMultiAvailTests.SearchByGeoCodeTest.IsOnRequestTest3 threw exception: 
System.Transactions.TransactionManagerCommunicationException: Network access for Distributed Transaction Manager (MSDTC) has been disabled. Please enable DTC for network access in the security configuration for MSDTC using the Component Services Administrative tool. ---&gt; System.Runtime.InteropServices.COMException: The transaction manager has disabled its support for remote/network transactions. (Exception from HRESULT: 0x8004D024)</Message>
          <StackTrace>    at System.Transactions.Oletx.IDtcProxyShimFactory.ReceiveTransaction(UInt32 propgationTokenSize, Byte[] propgationToken, IntPtr managedIdentifier, Guid&amp; transactionIdentifier, OletxTransactionIsolationLevel&amp; isolationLevel, ITransactionShim&amp; transactionShim)
   at System.Transactions.TransactionInterop.GetOletxTransactionFromTransmitterPropigationToken(Byte[] propagationToken)
 --- End of inner exception stack trace ---
    at System.Transactions.Oletx.OletxTransactionManager.ProxyException(COMException comException)
   at System.Transactions.TransactionInterop.GetOletxTransactionFromTransmitterPropigationToken(Byte[] propagationToken)
   at System.Transactions.TransactionStatePSPEOperation.PSPEPromote(InternalTransaction tx)
   at System.Transactions.TransactionStateDelegatedBase.EnterState(InternalTransaction tx)
   at System.Transactions.EnlistableStates.Promote(InternalTransaction tx)
   at System.Transactions.Transaction.Promote()
   at System.Transactions.TransactionInterop.ConvertToOletxTransaction(Transaction transaction)
   at System.Transactions.TransactionInterop.GetExportCookie(Transaction transaction, Byte[] whereabouts)
   at System.Data.SqlClient.SqlInternalConnection.GetTransactionCookie(Transaction transaction, Byte[] whereAbouts)
   at System.Data.SqlClient.SqlInternalConnection.EnlistNonNull(Transaction tx)
   at System.Data.SqlClient.SqlInternalConnection.Enlist(Transaction tx)
   at System.Data.SqlClient.SqlInternalConnectionTds.Activate(Transaction transaction)
   at System.Data.ProviderBase.DbConnectionInternal.ActivateConnection(Transaction transaction)
   at System.Data.ProviderBase.DbConnectionPool.TryGetConnection(DbConnection owningObject, UInt32 waitForMultipleObjectsTimeout, Boolean allowCreate, Boolean onlyOneCheckConnection, DbConnectionOptions userOptions, DbConnectionInternal&amp; connection)
   at System.Data.ProviderBase.DbConnectionPool.TryGetConnection(DbConnection owningObject, TaskCompletionSource`1 retry, DbConnectionOptions userOptions, DbConnectionInternal&amp; connection)
   at System.Data.ProviderBase.DbConnectionFactory.TryGetConnection(DbConnection owningConnection, TaskCompletionSource`1 retry, DbConnectionOptions userOptions, DbConnectionInternal&amp; connection)
   at System.Data.ProviderBase.DbConnectionClosed.TryOpenConnection(DbConnection outerConnection, DbConnectionFactory connectionFactory, TaskCompletionSource`1 retry, DbConnectionOptions userOptions)
   at System.Data.SqlClient.SqlConnection.TryOpen(TaskCompletionSource`1 retry)
   at System.Data.SqlClient.SqlConnection.Open()
   at System.Data.Linq.SqlClient.SqlConnectionManager.UseConnection(IConnectionUser user)
   at System.Data.Linq.SqlClient.SqlProvider.get_IsSqlCe()
   at System.Data.Linq.SqlClient.SqlProvider.InitializeProviderMode()
   at System.Data.Linq.SqlClient.SqlProvider.System.Data.Linq.Provider.IProvider.Execute(Expression query)
   at System.Data.Linq.DataContext.ExecuteMethodCall(Object instance, MethodInfo methodInfo, Object[] parameters)
   at Tavisca.Catapult.Internal.ResourceAccess.DataProviders.Rate.LINQ.RateDataContext.spSaveRateCard(Nullable`1 id, Nullable`1 productId, String productType, String scope, Nullable`1 isEnabled, Nullable`1 isDeleted) in d:\Code\TOM\Catapult\Code\trunk\CatapultServices\Tavisca.Catapult.Internal.ResourceAccess.DataProviders\Rate\LINQ\Rate.designer.cs:line 265
   at Tavisca.Catapult.Internal.ResourceAccess.DataProviders.Rate.RateProvider.SaveRateCard(String scopeId, RateCard rateCard) in d:\Code\TOM\Catapult\Code\trunk\CatapultServices\Tavisca.Catapult.Internal.ResourceAccess.DataProviders\Rate\RateProvider.cs:line 649
   at Tavisca.Catapult.External.Facade.Tests.TestActivityGenerator.SaveRateCard(RateCard rateCard) in d:\Code\TOM\Catapult\Code\trunk\CatapultServices\Tavisca.Catapult.External.Facade.Tests\TestActivityGenerator.cs:line 352
   at Tavisca.Catapult.External.Facade.Tests.ActivityMultiAvailTests.SearchByGeoCodeTest.IsOnRequestTest3() in d:\Code\TOM\Catapult\Code\trunk\CatapultServices\Tavisca.Catapult.External.Facade.Tests\ActivityMultiAvailTests\SearchByGeoCodeTest.cs:line 1572
</StackTrace>
        </ErrorInfo>
      </Output>
    </UnitTestResult>
    <UnitTestResult executionId="4db381f3-42a7-41af-9382-e8e8e102a065" testId="475787ed-a011-b742-30a5-8e35b5df1a0a" testName="IsOnRequestTest4" computerName="PHOENIXX" duration="00:00:00.5586709" startTime="2013-08-09T22:01:19.9755226+05:30" endTime="2013-08-09T22:01:20.5346903+05:30" testType="13cdc9d9-ddb5-4fa4-a97d-d965ccfc6d4b" outcome="Failed" testListId="8c84fa94-04c1-424b-9868-57a2d4851a1d" relativeResultsDirectory="4db381f3-42a7-41af-9382-e8e8e102a065">
      <Output>
        <ErrorInfo>
          <Message>Test method Tavisca.Catapult.External.Facade.Tests.ActivityMultiAvailTests.SearchByGeoCodeTest.IsOnRequestTest4 threw exception: 
System.Transactions.TransactionManagerCommunicationException: Network access for Distributed Transaction Manager (MSDTC) has been disabled. Please enable DTC for network access in the security configuration for MSDTC using the Component Services Administrative tool. ---&gt; System.Runtime.InteropServices.COMException: The transaction manager has disabled its support for remote/network transactions. (Exception from HRESULT: 0x8004D024)</Message>
          <StackTrace>    at System.Transactions.Oletx.IDtcProxyShimFactory.ReceiveTransaction(UInt32 propgationTokenSize, Byte[] propgationToken, IntPtr managedIdentifier, Guid&amp; transactionIdentifier, OletxTransactionIsolationLevel&amp; isolationLevel, ITransactionShim&amp; transactionShim)
   at System.Transactions.TransactionInterop.GetOletxTransactionFromTransmitterPropigationToken(Byte[] propagationToken)
 --- End of inner exception stack trace ---
    at System.Transactions.Oletx.OletxTransactionManager.ProxyException(COMException comException)
   at System.Transactions.TransactionInterop.GetOletxTransactionFromTransmitterPropigationToken(Byte[] propagationToken)
   at System.Transactions.TransactionStatePSPEOperation.PSPEPromote(InternalTransaction tx)
   at System.Transactions.TransactionStateDelegatedBase.EnterState(InternalTransaction tx)
   at System.Transactions.EnlistableStates.Promote(InternalTransaction tx)
   at System.Transactions.Transaction.Promote()
   at System.Transactions.TransactionInterop.ConvertToOletxTransaction(Transaction transaction)
   at System.Transactions.TransactionInterop.GetExportCookie(Transaction transaction, Byte[] whereabouts)
   at System.Data.SqlClient.SqlInternalConnection.GetTransactionCookie(Transaction transaction, Byte[] whereAbouts)
   at System.Data.SqlClient.SqlInternalConnection.EnlistNonNull(Transaction tx)
   at System.Data.SqlClient.SqlInternalConnection.Enlist(Transaction tx)
   at System.Data.SqlClient.SqlInternalConnectionTds.Activate(Transaction transaction)
   at System.Data.ProviderBase.DbConnectionInternal.ActivateConnection(Transaction transaction)
   at System.Data.ProviderBase.DbConnectionPool.TryGetConnection(DbConnection owningObject, UInt32 waitForMultipleObjectsTimeout, Boolean allowCreate, Boolean onlyOneCheckConnection, DbConnectionOptions userOptions, DbConnectionInternal&amp; connection)
   at System.Data.ProviderBase.DbConnectionPool.TryGetConnection(DbConnection owningObject, TaskCompletionSource`1 retry, DbConnectionOptions userOptions, DbConnectionInternal&amp; connection)
   at System.Data.ProviderBase.DbConnectionFactory.TryGetConnection(DbConnection owningConnection, TaskCompletionSource`1 retry, DbConnectionOptions userOptions, DbConnectionInternal&amp; connection)
   at System.Data.ProviderBase.DbConnectionClosed.TryOpenConnection(DbConnection outerConnection, DbConnectionFactory connectionFactory, TaskCompletionSource`1 retry, DbConnectionOptions userOptions)
   at System.Data.SqlClient.SqlConnection.TryOpen(TaskCompletionSource`1 retry)
   at System.Data.SqlClient.SqlConnection.Open()
   at System.Data.Linq.SqlClient.SqlConnectionManager.UseConnection(IConnectionUser user)
   at System.Data.Linq.SqlClient.SqlProvider.get_IsSqlCe()
   at System.Data.Linq.SqlClient.SqlProvider.InitializeProviderMode()
   at System.Data.Linq.SqlClient.SqlProvider.System.Data.Linq.Provider.IProvider.Execute(Expression query)
   at System.Data.Linq.DataContext.ExecuteMethodCall(Object instance, MethodInfo methodInfo, Object[] parameters)
   at Tavisca.Catapult.Internal.ResourceAccess.DataProviders.Rate.LINQ.RateDataContext.spSaveRateCard(Nullable`1 id, Nullable`1 productId, String productType, String scope, Nullable`1 isEnabled, Nullable`1 isDeleted) in d:\Code\TOM\Catapult\Code\trunk\CatapultServices\Tavisca.Catapult.Internal.ResourceAccess.DataProviders\Rate\LINQ\Rate.designer.cs:line 265
   at Tavisca.Catapult.Internal.ResourceAccess.DataProviders.Rate.RateProvider.SaveRateCard(String scopeId, RateCard rateCard) in d:\Code\TOM\Catapult\Code\trunk\CatapultServices\Tavisca.Catapult.Internal.ResourceAccess.DataProviders\Rate\RateProvider.cs:line 649
   at Tavisca.Catapult.External.Facade.Tests.TestActivityGenerator.SaveRateCard(RateCard rateCard) in d:\Code\TOM\Catapult\Code\trunk\CatapultServices\Tavisca.Catapult.External.Facade.Tests\TestActivityGenerator.cs:line 352
   at Tavisca.Catapult.External.Facade.Tests.ActivityMultiAvailTests.SearchByGeoCodeTest.IsOnRequestTest4() in d:\Code\TOM\Catapult\Code\trunk\CatapultServices\Tavisca.Catapult.External.Facade.Tests\ActivityMultiAvailTests\SearchByGeoCodeTest.cs:line 1625
</StackTrace>
        </ErrorInfo>
      </Output>
    </UnitTestResult>
    <UnitTestResult executionId="81103046-1888-4971-8d3c-34e85bb07b2b" testId="bcd9d794-6d8d-1520-1468-fd86c7599d95" testName="PerUnitTest1" computerName="PHOENIXX" duration="00:00:00.9799121" startTime="2013-08-09T22:01:20.5346903+05:30" endTime="2013-08-09T22:01:21.5149843+05:30" testType="13cdc9d9-ddb5-4fa4-a97d-d965ccfc6d4b" outcome="Failed" testListId="8c84fa94-04c1-424b-9868-57a2d4851a1d" relativeResultsDirectory="81103046-1888-4971-8d3c-34e85bb07b2b">
      <Output>
        <ErrorInfo>
          <Message>Test method Tavisca.Catapult.External.Facade.Tests.ActivityMultiAvailTests.SearchByGeoCodeTest.PerUnitTest1 threw exception: 
System.Transactions.TransactionManagerCommunicationException: Network access for Distributed Transaction Manager (MSDTC) has been disabled. Please enable DTC for network access in the security configuration for MSDTC using the Component Services Administrative tool. ---&gt; System.Runtime.InteropServices.COMException: The transaction manager has disabled its support for remote/network transactions. (Exception from HRESULT: 0x8004D024)</Message>
          <StackTrace>    at System.Transactions.Oletx.IDtcProxyShimFactory.ReceiveTransaction(UInt32 propgationTokenSize, Byte[] propgationToken, IntPtr managedIdentifier, Guid&amp; transactionIdentifier, OletxTransactionIsolationLevel&amp; isolationLevel, ITransactionShim&amp; transactionShim)
   at System.Transactions.TransactionInterop.GetOletxTransactionFromTransmitterPropigationToken(Byte[] propagationToken)
 --- End of inner exception stack trace ---
    at System.Transactions.Oletx.OletxTransactionManager.ProxyException(COMException comException)
   at System.Transactions.TransactionInterop.GetOletxTransactionFromTransmitterPropigationToken(Byte[] propagationToken)
   at System.Transactions.TransactionStatePSPEOperation.PSPEPromote(InternalTransaction tx)
   at System.Transactions.TransactionStateDelegatedBase.EnterState(InternalTransaction tx)
   at System.Transactions.EnlistableStates.Promote(InternalTransaction tx)
   at System.Transactions.Transaction.Promote()
   at System.Transactions.TransactionInterop.ConvertToOletxTransaction(Transaction transaction)
   at System.Transactions.TransactionInterop.GetExportCookie(Transaction transaction, Byte[] whereabouts)
   at System.Data.SqlClient.SqlInternalConnection.GetTransactionCookie(Transaction transaction, Byte[] whereAbouts)
   at System.Data.SqlClient.SqlInternalConnection.EnlistNonNull(Transaction tx)
   at System.Data.SqlClient.SqlInternalConnection.Enlist(Transaction tx)
   at System.Data.SqlClient.SqlInternalConnectionTds.Activate(Transaction transaction)
   at System.Data.ProviderBase.DbConnectionInternal.ActivateConnection(Transaction transaction)
   at System.Data.ProviderBase.DbConnectionPool.TryGetConnection(DbConnection owningObject, UInt32 waitForMultipleObjectsTimeout, Boolean allowCreate, Boolean onlyOneCheckConnection, DbConnectionOptions userOptions, DbConnectionInternal&amp; connection)
   at System.Data.ProviderBase.DbConnectionPool.TryGetConnection(DbConnection owningObject, TaskCompletionSource`1 retry, DbConnectionOptions userOptions, DbConnectionInternal&amp; connection)
   at System.Data.ProviderBase.DbConnectionFactory.TryGetConnection(DbConnection owningConnection, TaskCompletionSource`1 retry, DbConnectionOptions userOptions, DbConnectionInternal&amp; connection)
   at System.Data.ProviderBase.DbConnectionClosed.TryOpenConnection(DbConnection outerConnection, DbConnectionFactory connectionFactory, TaskCompletionSource`1 retry, DbConnectionOptions userOptions)
   at System.Data.SqlClient.SqlConnection.TryOpen(TaskCompletionSource`1 retry)
   at System.Data.SqlClient.SqlConnection.Open()
   at System.Data.Linq.SqlClient.SqlConnectionManager.UseConnection(IConnectionUser user)
   at System.Data.Linq.SqlClient.SqlProvider.get_IsSqlCe()
   at System.Data.Linq.SqlClient.SqlProvider.InitializeProviderMode()
   at System.Data.Linq.SqlClient.SqlProvider.System.Data.Linq.Provider.IProvider.Execute(Expression query)
   at System.Data.Linq.DataContext.ExecuteMethodCall(Object instance, MethodInfo methodInfo, Object[] parameters)
   at Tavisca.Catapult.Internal.ResourceAccess.DataProviders.Rate.LINQ.RateDataContext.spSaveRateCard(Nullable`1 id, Nullable`1 productId, String productType, String scope, Nullable`1 isEnabled, Nullable`1 isDeleted) in d:\Code\TOM\Catapult\Code\trunk\CatapultServices\Tavisca.Catapult.Internal.ResourceAccess.DataProviders\Rate\LINQ\Rate.designer.cs:line 265
   at Tavisca.Catapult.Internal.ResourceAccess.DataProviders.Rate.RateProvider.SaveRateCard(String scopeId, RateCard rateCard) in d:\Code\TOM\Catapult\Code\trunk\CatapultServices\Tavisca.Catapult.Internal.ResourceAccess.DataProviders\Rate\RateProvider.cs:line 649
   at Tavisca.Catapult.External.Facade.Tests.TestActivityGenerator.SaveRateCard(RateCard rateCard) in d:\Code\TOM\Catapult\Code\trunk\CatapultServices\Tavisca.Catapult.External.Facade.Tests\TestActivityGenerator.cs:line 352
   at Tavisca.Catapult.External.Facade.Tests.ActivityMultiAvailTests.SearchByGeoCodeTest.PerUnitTest1() in d:\Code\TOM\Catapult\Code\trunk\CatapultServices\Tavisca.Catapult.External.Facade.Tests\ActivityMultiAvailTests\SearchByGeoCodeTest.cs:line 1680
</StackTrace>
        </ErrorInfo>
      </Output>
    </UnitTestResult>
    <UnitTestResult executionId="7e150dc9-12c9-4265-80a4-68744be3c028" testId="7ac709cb-4319-7eee-d260-ff2a9e77e3ef" testName="PerUnitTest2" computerName="PHOENIXX" duration="00:00:00.4811865" startTime="2013-08-09T22:01:21.5149843+05:30" endTime="2013-08-09T22:01:21.9961286+05:30" testType="13cdc9d9-ddb5-4fa4-a97d-d965ccfc6d4b" outcome="Failed" testListId="8c84fa94-04c1-424b-9868-57a2d4851a1d" relativeResultsDirectory="7e150dc9-12c9-4265-80a4-68744be3c028">
      <Output>
        <ErrorInfo>
          <Message>Test method Tavisca.Catapult.External.Facade.Tests.ActivityMultiAvailTests.SearchByGeoCodeTest.PerUnitTest2 threw exception: 
System.Transactions.TransactionManagerCommunicationException: Network access for Distributed Transaction Manager (MSDTC) has been disabled. Please enable DTC for network access in the security configuration for MSDTC using the Component Services Administrative tool. ---&gt; System.Runtime.InteropServices.COMException: The transaction manager has disabled its support for remote/network transactions. (Exception from HRESULT: 0x8004D024)</Message>
          <StackTrace>    at System.Transactions.Oletx.IDtcProxyShimFactory.ReceiveTransaction(UInt32 propgationTokenSize, Byte[] propgationToken, IntPtr managedIdentifier, Guid&amp; transactionIdentifier, OletxTransactionIsolationLevel&amp; isolationLevel, ITransactionShim&amp; transactionShim)
   at System.Transactions.TransactionInterop.GetOletxTransactionFromTransmitterPropigationToken(Byte[] propagationToken)
 --- End of inner exception stack trace ---
    at System.Transactions.Oletx.OletxTransactionManager.ProxyException(COMException comException)
   at System.Transactions.TransactionInterop.GetOletxTransactionFromTransmitterPropigationToken(Byte[] propagationToken)
   at System.Transactions.TransactionStatePSPEOperation.PSPEPromote(InternalTransaction tx)
   at System.Transactions.TransactionStateDelegatedBase.EnterState(InternalTransaction tx)
   at System.Transactions.EnlistableStates.Promote(InternalTransaction tx)
   at System.Transactions.Transaction.Promote()
   at System.Transactions.TransactionInterop.ConvertToOletxTransaction(Transaction transaction)
   at System.Transactions.TransactionInterop.GetExportCookie(Transaction transaction, Byte[] whereabouts)
   at System.Data.SqlClient.SqlInternalConnection.GetTransactionCookie(Transaction transaction, Byte[] whereAbouts)
   at System.Data.SqlClient.SqlInternalConnection.EnlistNonNull(Transaction tx)
   at System.Data.SqlClient.SqlInternalConnection.Enlist(Transaction tx)
   at System.Data.SqlClient.SqlInternalConnectionTds.Activate(Transaction transaction)
   at System.Data.ProviderBase.DbConnectionInternal.ActivateConnection(Transaction transaction)
   at System.Data.ProviderBase.DbConnectionPool.TryGetConnection(DbConnection owningObject, UInt32 waitForMultipleObjectsTimeout, Boolean allowCreate, Boolean onlyOneCheckConnection, DbConnectionOptions userOptions, DbConnectionInternal&amp; connection)
   at System.Data.ProviderBase.DbConnectionPool.TryGetConnection(DbConnection owningObject, TaskCompletionSource`1 retry, DbConnectionOptions userOptions, DbConnectionInternal&amp; connection)
   at System.Data.ProviderBase.DbConnectionFactory.TryGetConnection(DbConnection owningConnection, TaskCompletionSource`1 retry, DbConnectionOptions userOptions, DbConnectionInternal&amp; connection)
   at System.Data.ProviderBase.DbConnectionClosed.TryOpenConnection(DbConnection outerConnection, DbConnectionFactory connectionFactory, TaskCompletionSource`1 retry, DbConnectionOptions userOptions)
   at System.Data.SqlClient.SqlConnection.TryOpen(TaskCompletionSource`1 retry)
   at System.Data.SqlClient.SqlConnection.Open()
   at System.Data.Linq.SqlClient.SqlConnectionManager.UseConnection(IConnectionUser user)
   at System.Data.Linq.SqlClient.SqlProvider.get_IsSqlCe()
   at System.Data.Linq.SqlClient.SqlProvider.InitializeProviderMode()
   at System.Data.Linq.SqlClient.SqlProvider.System.Data.Linq.Provider.IProvider.Execute(Expression query)
   at System.Data.Linq.DataContext.ExecuteMethodCall(Object instance, MethodInfo methodInfo, Object[] parameters)
   at Tavisca.Catapult.Internal.ResourceAccess.DataProviders.Rate.LINQ.RateDataContext.spSaveRateCard(Nullable`1 id, Nullable`1 productId, String productType, String scope, Nullable`1 isEnabled, Nullable`1 isDeleted) in d:\Code\TOM\Catapult\Code\trunk\CatapultServices\Tavisca.Catapult.Internal.ResourceAccess.DataProviders\Rate\LINQ\Rate.designer.cs:line 265
   at Tavisca.Catapult.Internal.ResourceAccess.DataProviders.Rate.RateProvider.SaveRateCard(String scopeId, RateCard rateCard) in d:\Code\TOM\Catapult\Code\trunk\CatapultServices\Tavisca.Catapult.Internal.ResourceAccess.DataProviders\Rate\RateProvider.cs:line 649
   at Tavisca.Catapult.External.Facade.Tests.TestActivityGenerator.SaveRateCard(RateCard rateCard) in d:\Code\TOM\Catapult\Code\trunk\CatapultServices\Tavisca.Catapult.External.Facade.Tests\TestActivityGenerator.cs:line 352
   at Tavisca.Catapult.External.Facade.Tests.ActivityMultiAvailTests.SearchByGeoCodeTest.PerUnitTest2() in d:\Code\TOM\Catapult\Code\trunk\CatapultServices\Tavisca.Catapult.External.Facade.Tests\ActivityMultiAvailTests\SearchByGeoCodeTest.cs:line 1735
</StackTrace>
        </ErrorInfo>
      </Output>
    </UnitTestResult>
    <UnitTestResult executionId="f171c21c-9336-4bec-9cbe-bf7cc4142073" testId="2a34b52f-be48-0777-49a4-93c887c9c777" testName="PerUnitTest3" computerName="PHOENIXX" duration="00:00:01.1249694" startTime="2013-08-09T22:01:21.9961286+05:30" endTime="2013-08-09T22:01:23.1214661+05:30" testType="13cdc9d9-ddb5-4fa4-a97d-d965ccfc6d4b" outcome="Failed" testListId="8c84fa94-04c1-424b-9868-57a2d4851a1d" relativeResultsDirectory="f171c21c-9336-4bec-9cbe-bf7cc4142073">
      <Output>
        <ErrorInfo>
          <Message>Test method Tavisca.Catapult.External.Facade.Tests.ActivityMultiAvailTests.SearchByGeoCodeTest.PerUnitTest3 threw exception: 
System.Transactions.TransactionManagerCommunicationException: Network access for Distributed Transaction Manager (MSDTC) has been disabled. Please enable DTC for network access in the security configuration for MSDTC using the Component Services Administrative tool. ---&gt; System.Runtime.InteropServices.COMException: The transaction manager has disabled its support for remote/network transactions. (Exception from HRESULT: 0x8004D024)</Message>
          <StackTrace>    at System.Transactions.Oletx.IDtcProxyShimFactory.ReceiveTransaction(UInt32 propgationTokenSize, Byte[] propgationToken, IntPtr managedIdentifier, Guid&amp; transactionIdentifier, OletxTransactionIsolationLevel&amp; isolationLevel, ITransactionShim&amp; transactionShim)
   at System.Transactions.TransactionInterop.GetOletxTransactionFromTransmitterPropigationToken(Byte[] propagationToken)
 --- End of inner exception stack trace ---
    at System.Transactions.Oletx.OletxTransactionManager.ProxyException(COMException comException)
   at System.Transactions.TransactionInterop.GetOletxTransactionFromTransmitterPropigationToken(Byte[] propagationToken)
   at System.Transactions.TransactionStatePSPEOperation.PSPEPromote(InternalTransaction tx)
   at System.Transactions.TransactionStateDelegatedBase.EnterState(InternalTransaction tx)
   at System.Transactions.EnlistableStates.Promote(InternalTransaction tx)
   at System.Transactions.Transaction.Promote()
   at System.Transactions.TransactionInterop.ConvertToOletxTransaction(Transaction transaction)
   at System.Transactions.TransactionInterop.GetExportCookie(Transaction transaction, Byte[] whereabouts)
   at System.Data.SqlClient.SqlInternalConnection.GetTransactionCookie(Transaction transaction, Byte[] whereAbouts)
   at System.Data.SqlClient.SqlInternalConnection.EnlistNonNull(Transaction tx)
   at System.Data.SqlClient.SqlInternalConnection.Enlist(Transaction tx)
   at System.Data.SqlClient.SqlInternalConnectionTds.Activate(Transaction transaction)
   at System.Data.ProviderBase.DbConnectionInternal.ActivateConnection(Transaction transaction)
   at System.Data.ProviderBase.DbConnectionPool.TryGetConnection(DbConnection owningObject, UInt32 waitForMultipleObjectsTimeout, Boolean allowCreate, Boolean onlyOneCheckConnection, DbConnectionOptions userOptions, DbConnectionInternal&amp; connection)
   at System.Data.ProviderBase.DbConnectionPool.TryGetConnection(DbConnection owningObject, TaskCompletionSource`1 retry, DbConnectionOptions userOptions, DbConnectionInternal&amp; connection)
   at System.Data.ProviderBase.DbConnectionFactory.TryGetConnection(DbConnection owningConnection, TaskCompletionSource`1 retry, DbConnectionOptions userOptions, DbConnectionInternal&amp; connection)
   at System.Data.ProviderBase.DbConnectionClosed.TryOpenConnection(DbConnection outerConnection, DbConnectionFactory connectionFactory, TaskCompletionSource`1 retry, DbConnectionOptions userOptions)
   at System.Data.SqlClient.SqlConnection.TryOpen(TaskCompletionSource`1 retry)
   at System.Data.SqlClient.SqlConnection.Open()
   at System.Data.Linq.SqlClient.SqlConnectionManager.UseConnection(IConnectionUser user)
   at System.Data.Linq.SqlClient.SqlProvider.get_IsSqlCe()
   at System.Data.Linq.SqlClient.SqlProvider.InitializeProviderMode()
   at System.Data.Linq.SqlClient.SqlProvider.System.Data.Linq.Provider.IProvider.Execute(Expression query)
   at System.Data.Linq.DataContext.ExecuteMethodCall(Object instance, MethodInfo methodInfo, Object[] parameters)
   at Tavisca.Catapult.Internal.ResourceAccess.DataProviders.Rate.LINQ.RateDataContext.spSaveRateCard(Nullable`1 id, Nullable`1 productId, String productType, String scope, Nullable`1 isEnabled, Nullable`1 isDeleted) in d:\Code\TOM\Catapult\Code\trunk\CatapultServices\Tavisca.Catapult.Internal.ResourceAccess.DataProviders\Rate\LINQ\Rate.designer.cs:line 265
   at Tavisca.Catapult.Internal.ResourceAccess.DataProviders.Rate.RateProvider.SaveRateCard(String scopeId, RateCard rateCard) in d:\Code\TOM\Catapult\Code\trunk\CatapultServices\Tavisca.Catapult.Internal.ResourceAccess.DataProviders\Rate\RateProvider.cs:line 649
   at Tavisca.Catapult.External.Facade.Tests.TestActivityGenerator.SaveRateCard(RateCard rateCard) in d:\Code\TOM\Catapult\Code\trunk\CatapultServices\Tavisca.Catapult.External.Facade.Tests\TestActivityGenerator.cs:line 352
   at Tavisca.Catapult.External.Facade.Tests.ActivityMultiAvailTests.SearchByGeoCodeTest.PerUnitTest3() in d:\Code\TOM\Catapult\Code\trunk\CatapultServices\Tavisca.Catapult.External.Facade.Tests\ActivityMultiAvailTests\SearchByGeoCodeTest.cs:line 1786
</StackTrace>
        </ErrorInfo>
      </Output>
    </UnitTestResult>
    <UnitTestResult executionId="366b2a6b-f4ba-427e-aec6-580e53cc8f5a" testId="78fbcfe0-b588-ab37-cfb1-b2426df44ce6" testName="PerPersonTest1" computerName="PHOENIXX" duration="00:00:00.5422143" startTime="2013-08-09T22:01:23.1224664+05:30" endTime="2013-08-09T22:01:23.6646290+05:30" testType="13cdc9d9-ddb5-4fa4-a97d-d965ccfc6d4b" outcome="Failed" testListId="8c84fa94-04c1-424b-9868-57a2d4851a1d" relativeResultsDirectory="366b2a6b-f4ba-427e-aec6-580e53cc8f5a">
      <Output>
        <ErrorInfo>
          <Message>Test method Tavisca.Catapult.External.Facade.Tests.ActivityMultiAvailTests.SearchByGeoCodeTest.PerPersonTest1 threw exception: 
System.Transactions.TransactionManagerCommunicationException: Network access for Distributed Transaction Manager (MSDTC) has been disabled. Please enable DTC for network access in the security configuration for MSDTC using the Component Services Administrative tool. ---&gt; System.Runtime.InteropServices.COMException: The transaction manager has disabled its support for remote/network transactions. (Exception from HRESULT: 0x8004D024)</Message>
          <StackTrace>    at System.Transactions.Oletx.IDtcProxyShimFactory.ReceiveTransaction(UInt32 propgationTokenSize, Byte[] propgationToken, IntPtr managedIdentifier, Guid&amp; transactionIdentifier, OletxTransactionIsolationLevel&amp; isolationLevel, ITransactionShim&amp; transactionShim)
   at System.Transactions.TransactionInterop.GetOletxTransactionFromTransmitterPropigationToken(Byte[] propagationToken)
 --- End of inner exception stack trace ---
    at System.Transactions.Oletx.OletxTransactionManager.ProxyException(COMException comException)
   at System.Transactions.TransactionInterop.GetOletxTransactionFromTransmitterPropigationToken(Byte[] propagationToken)
   at System.Transactions.TransactionStatePSPEOperation.PSPEPromote(InternalTransaction tx)
   at System.Transactions.TransactionStateDelegatedBase.EnterState(InternalTransaction tx)
   at System.Transactions.EnlistableStates.Promote(InternalTransaction tx)
   at System.Transactions.Transaction.Promote()
   at System.Transactions.TransactionInterop.ConvertToOletxTransaction(Transaction transaction)
   at System.Transactions.TransactionInterop.GetExportCookie(Transaction transaction, Byte[] whereabouts)
   at System.Data.SqlClient.SqlInternalConnection.GetTransactionCookie(Transaction transaction, Byte[] whereAbouts)
   at System.Data.SqlClient.SqlInternalConnection.EnlistNonNull(Transaction tx)
   at System.Data.SqlClient.SqlInternalConnection.Enlist(Transaction tx)
   at System.Data.SqlClient.SqlInternalConnectionTds.Activate(Transaction transaction)
   at System.Data.ProviderBase.DbConnectionInternal.ActivateConnection(Transaction transaction)
   at System.Data.ProviderBase.DbConnectionPool.TryGetConnection(DbConnection owningObject, UInt32 waitForMultipleObjectsTimeout, Boolean allowCreate, Boolean onlyOneCheckConnection, DbConnectionOptions userOptions, DbConnectionInternal&amp; connection)
   at System.Data.ProviderBase.DbConnectionPool.TryGetConnection(DbConnection owningObject, TaskCompletionSource`1 retry, DbConnectionOptions userOptions, DbConnectionInternal&amp; connection)
   at System.Data.ProviderBase.DbConnectionFactory.TryGetConnection(DbConnection owningConnection, TaskCompletionSource`1 retry, DbConnectionOptions userOptions, DbConnectionInternal&amp; connection)
   at System.Data.ProviderBase.DbConnectionClosed.TryOpenConnection(DbConnection outerConnection, DbConnectionFactory connectionFactory, TaskCompletionSource`1 retry, DbConnectionOptions userOptions)
   at System.Data.SqlClient.SqlConnection.TryOpen(TaskCompletionSource`1 retry)
   at System.Data.SqlClient.SqlConnection.Open()
   at System.Data.Linq.SqlClient.SqlConnectionManager.UseConnection(IConnectionUser user)
   at System.Data.Linq.SqlClient.SqlProvider.get_IsSqlCe()
   at System.Data.Linq.SqlClient.SqlProvider.InitializeProviderMode()
   at System.Data.Linq.SqlClient.SqlProvider.System.Data.Linq.Provider.IProvider.Execute(Expression query)
   at System.Data.Linq.DataContext.ExecuteMethodCall(Object instance, MethodInfo methodInfo, Object[] parameters)
   at Tavisca.Catapult.Internal.ResourceAccess.DataProviders.Rate.LINQ.RateDataContext.spSaveRateCard(Nullable`1 id, Nullable`1 productId, String productType, String scope, Nullable`1 isEnabled, Nullable`1 isDeleted) in d:\Code\TOM\Catapult\Code\trunk\CatapultServices\Tavisca.Catapult.Internal.ResourceAccess.DataProviders\Rate\LINQ\Rate.designer.cs:line 265
   at Tavisca.Catapult.Internal.ResourceAccess.DataProviders.Rate.RateProvider.SaveRateCard(String scopeId, RateCard rateCard) in d:\Code\TOM\Catapult\Code\trunk\CatapultServices\Tavisca.Catapult.Internal.ResourceAccess.DataProviders\Rate\RateProvider.cs:line 649
   at Tavisca.Catapult.External.Facade.Tests.TestActivityGenerator.SaveRateCard(RateCard rateCard) in d:\Code\TOM\Catapult\Code\trunk\CatapultServices\Tavisca.Catapult.External.Facade.Tests\TestActivityGenerator.cs:line 352
   at Tavisca.Catapult.External.Facade.Tests.ActivityMultiAvailTests.SearchByGeoCodeTest.PerPersonTest1() in d:\Code\TOM\Catapult\Code\trunk\CatapultServices\Tavisca.Catapult.External.Facade.Tests\ActivityMultiAvailTests\SearchByGeoCodeTest.cs:line 1837
</StackTrace>
        </ErrorInfo>
      </Output>
    </UnitTestResult>
    <UnitTestResult executionId="ac512a40-0e83-4be1-aba7-e1f3d9b68bf7" testId="495b6271-c71d-35b5-90db-a3e39eb7dceb" testName="PerPersonTest2" computerName="PHOENIXX" duration="00:00:00.4839125" startTime="2013-08-09T22:01:23.6646290+05:30" endTime="2013-08-09T22:01:24.1487742+05:30" testType="13cdc9d9-ddb5-4fa4-a97d-d965ccfc6d4b" outcome="Failed" testListId="8c84fa94-04c1-424b-9868-57a2d4851a1d" relativeResultsDirectory="ac512a40-0e83-4be1-aba7-e1f3d9b68bf7">
      <Output>
        <ErrorInfo>
          <Message>Test method Tavisca.Catapult.External.Facade.Tests.ActivityMultiAvailTests.SearchByGeoCodeTest.PerPersonTest2 threw exception: 
System.Transactions.TransactionManagerCommunicationException: Network access for Distributed Transaction Manager (MSDTC) has been disabled. Please enable DTC for network access in the security configuration for MSDTC using the Component Services Administrative tool. ---&gt; System.Runtime.InteropServices.COMException: The transaction manager has disabled its support for remote/network transactions. (Exception from HRESULT: 0x8004D024)</Message>
          <StackTrace>    at System.Transactions.Oletx.IDtcProxyShimFactory.ReceiveTransaction(UInt32 propgationTokenSize, Byte[] propgationToken, IntPtr managedIdentifier, Guid&amp; transactionIdentifier, OletxTransactionIsolationLevel&amp; isolationLevel, ITransactionShim&amp; transactionShim)
   at System.Transactions.TransactionInterop.GetOletxTransactionFromTransmitterPropigationToken(Byte[] propagationToken)
 --- End of inner exception stack trace ---
    at System.Transactions.Oletx.OletxTransactionManager.ProxyException(COMException comException)
   at System.Transactions.TransactionInterop.GetOletxTransactionFromTransmitterPropigationToken(Byte[] propagationToken)
   at System.Transactions.TransactionStatePSPEOperation.PSPEPromote(InternalTransaction tx)
   at System.Transactions.TransactionStateDelegatedBase.EnterState(InternalTransaction tx)
   at System.Transactions.EnlistableStates.Promote(InternalTransaction tx)
   at System.Transactions.Transaction.Promote()
   at System.Transactions.TransactionInterop.ConvertToOletxTransaction(Transaction transaction)
   at System.Transactions.TransactionInterop.GetExportCookie(Transaction transaction, Byte[] whereabouts)
   at System.Data.SqlClient.SqlInternalConnection.GetTransactionCookie(Transaction transaction, Byte[] whereAbouts)
   at System.Data.SqlClient.SqlInternalConnection.EnlistNonNull(Transaction tx)
   at System.Data.SqlClient.SqlInternalConnection.Enlist(Transaction tx)
   at System.Data.SqlClient.SqlInternalConnectionTds.Activate(Transaction transaction)
   at System.Data.ProviderBase.DbConnectionInternal.ActivateConnection(Transaction transaction)
   at System.Data.ProviderBase.DbConnectionPool.TryGetConnection(DbConnection owningObject, UInt32 waitForMultipleObjectsTimeout, Boolean allowCreate, Boolean onlyOneCheckConnection, DbConnectionOptions userOptions, DbConnectionInternal&amp; connection)
   at System.Data.ProviderBase.DbConnectionPool.TryGetConnection(DbConnection owningObject, TaskCompletionSource`1 retry, DbConnectionOptions userOptions, DbConnectionInternal&amp; connection)
   at System.Data.ProviderBase.DbConnectionFactory.TryGetConnection(DbConnection owningConnection, TaskCompletionSource`1 retry, DbConnectionOptions userOptions, DbConnectionInternal&amp; connection)
   at System.Data.ProviderBase.DbConnectionClosed.TryOpenConnection(DbConnection outerConnection, DbConnectionFactory connectionFactory, TaskCompletionSource`1 retry, DbConnectionOptions userOptions)
   at System.Data.SqlClient.SqlConnection.TryOpen(TaskCompletionSource`1 retry)
   at System.Data.SqlClient.SqlConnection.Open()
   at System.Data.Linq.SqlClient.SqlConnectionManager.UseConnection(IConnectionUser user)
   at System.Data.Linq.SqlClient.SqlProvider.get_IsSqlCe()
   at System.Data.Linq.SqlClient.SqlProvider.InitializeProviderMode()
   at System.Data.Linq.SqlClient.SqlProvider.System.Data.Linq.Provider.IProvider.Execute(Expression query)
   at System.Data.Linq.DataContext.ExecuteMethodCall(Object instance, MethodInfo methodInfo, Object[] parameters)
   at Tavisca.Catapult.Internal.ResourceAccess.DataProviders.Rate.LINQ.RateDataContext.spSaveRateCard(Nullable`1 id, Nullable`1 productId, String productType, String scope, Nullable`1 isEnabled, Nullable`1 isDeleted) in d:\Code\TOM\Catapult\Code\trunk\CatapultServices\Tavisca.Catapult.Internal.ResourceAccess.DataProviders\Rate\LINQ\Rate.designer.cs:line 265
   at Tavisca.Catapult.Internal.ResourceAccess.DataProviders.Rate.RateProvider.SaveRateCard(String scopeId, RateCard rateCard) in d:\Code\TOM\Catapult\Code\trunk\CatapultServices\Tavisca.Catapult.Internal.ResourceAccess.DataProviders\Rate\RateProvider.cs:line 649
   at Tavisca.Catapult.External.Facade.Tests.TestActivityGenerator.SaveRateCard(RateCard rateCard) in d:\Code\TOM\Catapult\Code\trunk\CatapultServices\Tavisca.Catapult.External.Facade.Tests\TestActivityGenerator.cs:line 352
   at Tavisca.Catapult.External.Facade.Tests.ActivityMultiAvailTests.SearchByGeoCodeTest.PerPersonTest2() in d:\Code\TOM\Catapult\Code\trunk\CatapultServices\Tavisca.Catapult.External.Facade.Tests\ActivityMultiAvailTests\SearchByGeoCodeTest.cs:line 1888
</StackTrace>
        </ErrorInfo>
      </Output>
    </UnitTestResult>
    <UnitTestResult executionId="aad75f0a-4477-41ba-9556-fe4c938987d4" testId="bef7b645-097e-040a-9842-7520d63d0bf9" testName="PerPersonTes3" computerName="PHOENIXX" duration="00:00:00.4307516" startTime="2013-08-09T22:01:24.1487742+05:30" endTime="2013-08-09T22:01:24.5799035+05:30" testType="13cdc9d9-ddb5-4fa4-a97d-d965ccfc6d4b" outcome="Failed" testListId="8c84fa94-04c1-424b-9868-57a2d4851a1d" relativeResultsDirectory="aad75f0a-4477-41ba-9556-fe4c938987d4">
      <Output>
        <ErrorInfo>
          <Message>Test method Tavisca.Catapult.External.Facade.Tests.ActivityMultiAvailTests.SearchByGeoCodeTest.PerPersonTes3 threw exception: 
System.Transactions.TransactionManagerCommunicationException: Network access for Distributed Transaction Manager (MSDTC) has been disabled. Please enable DTC for network access in the security configuration for MSDTC using the Component Services Administrative tool. ---&gt; System.Runtime.InteropServices.COMException: The transaction manager has disabled its support for remote/network transactions. (Exception from HRESULT: 0x8004D024)</Message>
          <StackTrace>    at System.Transactions.Oletx.IDtcProxyShimFactory.ReceiveTransaction(UInt32 propgationTokenSize, Byte[] propgationToken, IntPtr managedIdentifier, Guid&amp; transactionIdentifier, OletxTransactionIsolationLevel&amp; isolationLevel, ITransactionShim&amp; transactionShim)
   at System.Transactions.TransactionInterop.GetOletxTransactionFromTransmitterPropigationToken(Byte[] propagationToken)
 --- End of inner exception stack trace ---
    at System.Transactions.Oletx.OletxTransactionManager.ProxyException(COMException comException)
   at System.Transactions.TransactionInterop.GetOletxTransactionFromTransmitterPropigationToken(Byte[] propagationToken)
   at System.Transactions.TransactionStatePSPEOperation.PSPEPromote(InternalTransaction tx)
   at System.Transactions.TransactionStateDelegatedBase.EnterState(InternalTransaction tx)
   at System.Transactions.EnlistableStates.Promote(InternalTransaction tx)
   at System.Transactions.Transaction.Promote()
   at System.Transactions.TransactionInterop.ConvertToOletxTransaction(Transaction transaction)
   at System.Transactions.TransactionInterop.GetExportCookie(Transaction transaction, Byte[] whereabouts)
   at System.Data.SqlClient.SqlInternalConnection.GetTransactionCookie(Transaction transaction, Byte[] whereAbouts)
   at System.Data.SqlClient.SqlInternalConnection.EnlistNonNull(Transaction tx)
   at System.Data.SqlClient.SqlInternalConnection.Enlist(Transaction tx)
   at System.Data.SqlClient.SqlInternalConnectionTds.Activate(Transaction transaction)
   at System.Data.ProviderBase.DbConnectionInternal.ActivateConnection(Transaction transaction)
   at System.Data.ProviderBase.DbConnectionPool.TryGetConnection(DbConnection owningObject, UInt32 waitForMultipleObjectsTimeout, Boolean allowCreate, Boolean onlyOneCheckConnection, DbConnectionOptions userOptions, DbConnectionInternal&amp; connection)
   at System.Data.ProviderBase.DbConnectionPool.TryGetConnection(DbConnection owningObject, TaskCompletionSource`1 retry, DbConnectionOptions userOptions, DbConnectionInternal&amp; connection)
   at System.Data.ProviderBase.DbConnectionFactory.TryGetConnection(DbConnection owningConnection, TaskCompletionSource`1 retry, DbConnectionOptions userOptions, DbConnectionInternal&amp; connection)
   at System.Data.ProviderBase.DbConnectionClosed.TryOpenConnection(DbConnection outerConnection, DbConnectionFactory connectionFactory, TaskCompletionSource`1 retry, DbConnectionOptions userOptions)
   at System.Data.SqlClient.SqlConnection.TryOpen(TaskCompletionSource`1 retry)
   at System.Data.SqlClient.SqlConnection.Open()
   at System.Data.Linq.SqlClient.SqlConnectionManager.UseConnection(IConnectionUser user)
   at System.Data.Linq.SqlClient.SqlProvider.get_IsSqlCe()
   at System.Data.Linq.SqlClient.SqlProvider.InitializeProviderMode()
   at System.Data.Linq.SqlClient.SqlProvider.System.Data.Linq.Provider.IProvider.Execute(Expression query)
   at System.Data.Linq.DataContext.ExecuteMethodCall(Object instance, MethodInfo methodInfo, Object[] parameters)
   at Tavisca.Catapult.Internal.ResourceAccess.DataProviders.Rate.LINQ.RateDataContext.spSaveRateCard(Nullable`1 id, Nullable`1 productId, String productType, String scope, Nullable`1 isEnabled, Nullable`1 isDeleted) in d:\Code\TOM\Catapult\Code\trunk\CatapultServices\Tavisca.Catapult.Internal.ResourceAccess.DataProviders\Rate\LINQ\Rate.designer.cs:line 265
   at Tavisca.Catapult.Internal.ResourceAccess.DataProviders.Rate.RateProvider.SaveRateCard(String scopeId, RateCard rateCard) in d:\Code\TOM\Catapult\Code\trunk\CatapultServices\Tavisca.Catapult.Internal.ResourceAccess.DataProviders\Rate\RateProvider.cs:line 649
   at Tavisca.Catapult.External.Facade.Tests.TestActivityGenerator.SaveRateCard(RateCard rateCard) in d:\Code\TOM\Catapult\Code\trunk\CatapultServices\Tavisca.Catapult.External.Facade.Tests\TestActivityGenerator.cs:line 352
   at Tavisca.Catapult.External.Facade.Tests.ActivityMultiAvailTests.SearchByGeoCodeTest.PerPersonTes3() in d:\Code\TOM\Catapult\Code\trunk\CatapultServices\Tavisca.Catapult.External.Facade.Tests\ActivityMultiAvailTests\SearchByGeoCodeTest.cs:line 1939
</StackTrace>
        </ErrorInfo>
      </Output>
    </UnitTestResult>
    <UnitTestResult executionId="eea3cfaa-05dd-402e-a5b7-926a240d6e95" testId="21854ef0-132a-e37c-a319-899fdb20f73d" testName="TaxesTest1" computerName="PHOENIXX" duration="00:00:00.3049584" startTime="2013-08-09T22:01:24.5799035+05:30" endTime="2013-08-09T22:01:24.8849950+05:30" testType="13cdc9d9-ddb5-4fa4-a97d-d965ccfc6d4b" outcome="Failed" testListId="8c84fa94-04c1-424b-9868-57a2d4851a1d" relativeResultsDirectory="eea3cfaa-05dd-402e-a5b7-926a240d6e95">
      <Output>
        <ErrorInfo>
          <Message>Test method Tavisca.Catapult.External.Facade.Tests.ActivityMultiAvailTests.SearchByGeoCodeTest.TaxesTest1 threw exception: 
System.Transactions.TransactionManagerCommunicationException: Network access for Distributed Transaction Manager (MSDTC) has been disabled. Please enable DTC for network access in the security configuration for MSDTC using the Component Services Administrative tool. ---&gt; System.Runtime.InteropServices.COMException: The transaction manager has disabled its support for remote/network transactions. (Exception from HRESULT: 0x8004D024)</Message>
          <StackTrace>    at System.Transactions.Oletx.IDtcProxyShimFactory.ReceiveTransaction(UInt32 propgationTokenSize, Byte[] propgationToken, IntPtr managedIdentifier, Guid&amp; transactionIdentifier, OletxTransactionIsolationLevel&amp; isolationLevel, ITransactionShim&amp; transactionShim)
   at System.Transactions.TransactionInterop.GetOletxTransactionFromTransmitterPropigationToken(Byte[] propagationToken)
 --- End of inner exception stack trace ---
    at System.Transactions.Oletx.OletxTransactionManager.ProxyException(COMException comException)
   at System.Transactions.TransactionInterop.GetOletxTransactionFromTransmitterPropigationToken(Byte[] propagationToken)
   at System.Transactions.TransactionStatePSPEOperation.PSPEPromote(InternalTransaction tx)
   at System.Transactions.TransactionStateDelegatedBase.EnterState(InternalTransaction tx)
   at System.Transactions.EnlistableStates.Promote(InternalTransaction tx)
   at System.Transactions.Transaction.Promote()
   at System.Transactions.TransactionInterop.ConvertToOletxTransaction(Transaction transaction)
   at System.Transactions.TransactionInterop.GetExportCookie(Transaction transaction, Byte[] whereabouts)
   at System.Data.SqlClient.SqlInternalConnection.GetTransactionCookie(Transaction transaction, Byte[] whereAbouts)
   at System.Data.SqlClient.SqlInternalConnection.EnlistNonNull(Transaction tx)
   at System.Data.SqlClient.SqlInternalConnection.Enlist(Transaction tx)
   at System.Data.SqlClient.SqlInternalConnectionTds.Activate(Transaction transaction)
   at System.Data.ProviderBase.DbConnectionInternal.ActivateConnection(Transaction transaction)
   at System.Data.ProviderBase.DbConnectionPool.TryGetConnection(DbConnection owningObject, UInt32 waitForMultipleObjectsTimeout, Boolean allowCreate, Boolean onlyOneCheckConnection, DbConnectionOptions userOptions, DbConnectionInternal&amp; connection)
   at System.Data.ProviderBase.DbConnectionPool.TryGetConnection(DbConnection owningObject, TaskCompletionSource`1 retry, DbConnectionOptions userOptions, DbConnectionInternal&amp; connection)
   at System.Data.ProviderBase.DbConnectionFactory.TryGetConnection(DbConnection owningConnection, TaskCompletionSource`1 retry, DbConnectionOptions userOptions, DbConnectionInternal&amp; connection)
   at System.Data.ProviderBase.DbConnectionClosed.TryOpenConnection(DbConnection outerConnection, DbConnectionFactory connectionFactory, TaskCompletionSource`1 retry, DbConnectionOptions userOptions)
   at System.Data.SqlClient.SqlConnection.TryOpen(TaskCompletionSource`1 retry)
   at System.Data.SqlClient.SqlConnection.Open()
   at System.Data.Linq.SqlClient.SqlConnectionManager.UseConnection(IConnectionUser user)
   at System.Data.Linq.SqlClient.SqlProvider.get_IsSqlCe()
   at System.Data.Linq.SqlClient.SqlProvider.InitializeProviderMode()
   at System.Data.Linq.SqlClient.SqlProvider.System.Data.Linq.Provider.IProvider.Execute(Expression query)
   at System.Data.Linq.DataContext.ExecuteMethodCall(Object instance, MethodInfo methodInfo, Object[] parameters)
   at Tavisca.Catapult.Internal.ResourceAccess.DataProviders.Rate.LINQ.RateDataContext.spSaveRateCard(Nullable`1 id, Nullable`1 productId, String productType, String scope, Nullable`1 isEnabled, Nullable`1 isDeleted) in d:\Code\TOM\Catapult\Code\trunk\CatapultServices\Tavisca.Catapult.Internal.ResourceAccess.DataProviders\Rate\LINQ\Rate.designer.cs:line 265
   at Tavisca.Catapult.Internal.ResourceAccess.DataProviders.Rate.RateProvider.SaveRateCard(String scopeId, RateCard rateCard) in d:\Code\TOM\Catapult\Code\trunk\CatapultServices\Tavisca.Catapult.Internal.ResourceAccess.DataProviders\Rate\RateProvider.cs:line 649
   at Tavisca.Catapult.External.Facade.Tests.TestActivityGenerator.SaveRateCard(RateCard rateCard) in d:\Code\TOM\Catapult\Code\trunk\CatapultServices\Tavisca.Catapult.External.Facade.Tests\TestActivityGenerator.cs:line 352
   at Tavisca.Catapult.External.Facade.Tests.ActivityMultiAvailTests.SearchByGeoCodeTest.TaxesTest1() in d:\Code\TOM\Catapult\Code\trunk\CatapultServices\Tavisca.Catapult.External.Facade.Tests\ActivityMultiAvailTests\SearchByGeoCodeTest.cs:line 1992
</StackTrace>
        </ErrorInfo>
      </Output>
    </UnitTestResult>
    <UnitTestResult executionId="a900ae98-7936-4fe5-b961-6cc4cacd3a5d" testId="cd85d445-cec4-39d6-bf0a-507de6babb98" testName="TaxesTest2" computerName="PHOENIXX" duration="00:00:00.2942770" startTime="2013-08-09T22:01:24.8849950+05:30" endTime="2013-08-09T22:01:25.1800835+05:30" testType="13cdc9d9-ddb5-4fa4-a97d-d965ccfc6d4b" outcome="Failed" testListId="8c84fa94-04c1-424b-9868-57a2d4851a1d" relativeResultsDirectory="a900ae98-7936-4fe5-b961-6cc4cacd3a5d">
      <Output>
        <ErrorInfo>
          <Message>Test method Tavisca.Catapult.External.Facade.Tests.ActivityMultiAvailTests.SearchByGeoCodeTest.TaxesTest2 threw exception: 
System.Transactions.TransactionManagerCommunicationException: Network access for Distributed Transaction Manager (MSDTC) has been disabled. Please enable DTC for network access in the security configuration for MSDTC using the Component Services Administrative tool. ---&gt; System.Runtime.InteropServices.COMException: The transaction manager has disabled its support for remote/network transactions. (Exception from HRESULT: 0x8004D024)</Message>
          <StackTrace>    at System.Transactions.Oletx.IDtcProxyShimFactory.ReceiveTransaction(UInt32 propgationTokenSize, Byte[] propgationToken, IntPtr managedIdentifier, Guid&amp; transactionIdentifier, OletxTransactionIsolationLevel&amp; isolationLevel, ITransactionShim&amp; transactionShim)
   at System.Transactions.TransactionInterop.GetOletxTransactionFromTransmitterPropigationToken(Byte[] propagationToken)
 --- End of inner exception stack trace ---
    at System.Transactions.Oletx.OletxTransactionManager.ProxyException(COMException comException)
   at System.Transactions.TransactionInterop.GetOletxTransactionFromTransmitterPropigationToken(Byte[] propagationToken)
   at System.Transactions.TransactionStatePSPEOperation.PSPEPromote(InternalTransaction tx)
   at System.Transactions.TransactionStateDelegatedBase.EnterState(InternalTransaction tx)
   at System.Transactions.EnlistableStates.Promote(InternalTransaction tx)
   at System.Transactions.Transaction.Promote()
   at System.Transactions.TransactionInterop.ConvertToOletxTransaction(Transaction transaction)
   at System.Transactions.TransactionInterop.GetExportCookie(Transaction transaction, Byte[] whereabouts)
   at System.Data.SqlClient.SqlInternalConnection.GetTransactionCookie(Transaction transaction, Byte[] whereAbouts)
   at System.Data.SqlClient.SqlInternalConnection.EnlistNonNull(Transaction tx)
   at System.Data.SqlClient.SqlInternalConnection.Enlist(Transaction tx)
   at System.Data.SqlClient.SqlInternalConnectionTds.Activate(Transaction transaction)
   at System.Data.ProviderBase.DbConnectionInternal.ActivateConnection(Transaction transaction)
   at System.Data.ProviderBase.DbConnectionPool.TryGetConnection(DbConnection owningObject, UInt32 waitForMultipleObjectsTimeout, Boolean allowCreate, Boolean onlyOneCheckConnection, DbConnectionOptions userOptions, DbConnectionInternal&amp; connection)
   at System.Data.ProviderBase.DbConnectionPool.TryGetConnection(DbConnection owningObject, TaskCompletionSource`1 retry, DbConnectionOptions userOptions, DbConnectionInternal&amp; connection)
   at System.Data.ProviderBase.DbConnectionFactory.TryGetConnection(DbConnection owningConnection, TaskCompletionSource`1 retry, DbConnectionOptions userOptions, DbConnectionInternal&amp; connection)
   at System.Data.ProviderBase.DbConnectionClosed.TryOpenConnection(DbConnection outerConnection, DbConnectionFactory connectionFactory, TaskCompletionSource`1 retry, DbConnectionOptions userOptions)
   at System.Data.SqlClient.SqlConnection.TryOpen(TaskCompletionSource`1 retry)
   at System.Data.SqlClient.SqlConnection.Open()
   at System.Data.Linq.SqlClient.SqlConnectionManager.UseConnection(IConnectionUser user)
   at System.Data.Linq.SqlClient.SqlProvider.get_IsSqlCe()
   at System.Data.Linq.SqlClient.SqlProvider.InitializeProviderMode()
   at System.Data.Linq.SqlClient.SqlProvider.System.Data.Linq.Provider.IProvider.Execute(Expression query)
   at System.Data.Linq.DataContext.ExecuteMethodCall(Object instance, MethodInfo methodInfo, Object[] parameters)
   at Tavisca.Catapult.Internal.ResourceAccess.DataProviders.Rate.LINQ.RateDataContext.spSaveRateCard(Nullable`1 id, Nullable`1 productId, String productType, String scope, Nullable`1 isEnabled, Nullable`1 isDeleted) in d:\Code\TOM\Catapult\Code\trunk\CatapultServices\Tavisca.Catapult.Internal.ResourceAccess.DataProviders\Rate\LINQ\Rate.designer.cs:line 265
   at Tavisca.Catapult.Internal.ResourceAccess.DataProviders.Rate.RateProvider.SaveRateCard(String scopeId, RateCard rateCard) in d:\Code\TOM\Catapult\Code\trunk\CatapultServices\Tavisca.Catapult.Internal.ResourceAccess.DataProviders\Rate\RateProvider.cs:line 649
   at Tavisca.Catapult.External.Facade.Tests.TestActivityGenerator.SaveRateCard(RateCard rateCard) in d:\Code\TOM\Catapult\Code\trunk\CatapultServices\Tavisca.Catapult.External.Facade.Tests\TestActivityGenerator.cs:line 352
   at Tavisca.Catapult.External.Facade.Tests.ActivityMultiAvailTests.SearchByGeoCodeTest.TaxesTest2() in d:\Code\TOM\Catapult\Code\trunk\CatapultServices\Tavisca.Catapult.External.Facade.Tests\ActivityMultiAvailTests\SearchByGeoCodeTest.cs:line 2052
</StackTrace>
        </ErrorInfo>
      </Output>
    </UnitTestResult>
    <UnitTestResult executionId="fa840cb2-e16c-4329-82a9-eeb87b953e1a" testId="32125897-818e-e4fd-ac65-d6a0885000a2" testName="TaxesTest3" computerName="PHOENIXX" duration="00:00:00.3014170" startTime="2013-08-09T22:01:25.1800835+05:30" endTime="2013-08-09T22:01:25.4811738+05:30" testType="13cdc9d9-ddb5-4fa4-a97d-d965ccfc6d4b" outcome="Failed" testListId="8c84fa94-04c1-424b-9868-57a2d4851a1d" relativeResultsDirectory="fa840cb2-e16c-4329-82a9-eeb87b953e1a">
      <Output>
        <ErrorInfo>
          <Message>Test method Tavisca.Catapult.External.Facade.Tests.ActivityMultiAvailTests.SearchByGeoCodeTest.TaxesTest3 threw exception: 
System.Transactions.TransactionManagerCommunicationException: Network access for Distributed Transaction Manager (MSDTC) has been disabled. Please enable DTC for network access in the security configuration for MSDTC using the Component Services Administrative tool. ---&gt; System.Runtime.InteropServices.COMException: The transaction manager has disabled its support for remote/network transactions. (Exception from HRESULT: 0x8004D024)</Message>
          <StackTrace>    at System.Transactions.Oletx.IDtcProxyShimFactory.ReceiveTransaction(UInt32 propgationTokenSize, Byte[] propgationToken, IntPtr managedIdentifier, Guid&amp; transactionIdentifier, OletxTransactionIsolationLevel&amp; isolationLevel, ITransactionShim&amp; transactionShim)
   at System.Transactions.TransactionInterop.GetOletxTransactionFromTransmitterPropigationToken(Byte[] propagationToken)
 --- End of inner exception stack trace ---
    at System.Transactions.Oletx.OletxTransactionManager.ProxyException(COMException comException)
   at System.Transactions.TransactionInterop.GetOletxTransactionFromTransmitterPropigationToken(Byte[] propagationToken)
   at System.Transactions.TransactionStatePSPEOperation.PSPEPromote(InternalTransaction tx)
   at System.Transactions.TransactionStateDelegatedBase.EnterState(InternalTransaction tx)
   at System.Transactions.EnlistableStates.Promote(InternalTransaction tx)
   at System.Transactions.Transaction.Promote()
   at System.Transactions.TransactionInterop.ConvertToOletxTransaction(Transaction transaction)
   at System.Transactions.TransactionInterop.GetExportCookie(Transaction transaction, Byte[] whereabouts)
   at System.Data.SqlClient.SqlInternalConnection.GetTransactionCookie(Transaction transaction, Byte[] whereAbouts)
   at System.Data.SqlClient.SqlInternalConnection.EnlistNonNull(Transaction tx)
   at System.Data.SqlClient.SqlInternalConnection.Enlist(Transaction tx)
   at System.Data.SqlClient.SqlInternalConnectionTds.Activate(Transaction transaction)
   at System.Data.ProviderBase.DbConnectionInternal.ActivateConnection(Transaction transaction)
   at System.Data.ProviderBase.DbConnectionPool.TryGetConnection(DbConnection owningObject, UInt32 waitForMultipleObjectsTimeout, Boolean allowCreate, Boolean onlyOneCheckConnection, DbConnectionOptions userOptions, DbConnectionInternal&amp; connection)
   at System.Data.ProviderBase.DbConnectionPool.TryGetConnection(DbConnection owningObject, TaskCompletionSource`1 retry, DbConnectionOptions userOptions, DbConnectionInternal&amp; connection)
   at System.Data.ProviderBase.DbConnectionFactory.TryGetConnection(DbConnection owningConnection, TaskCompletionSource`1 retry, DbConnectionOptions userOptions, DbConnectionInternal&amp; connection)
   at System.Data.ProviderBase.DbConnectionClosed.TryOpenConnection(DbConnection outerConnection, DbConnectionFactory connectionFactory, TaskCompletionSource`1 retry, DbConnectionOptions userOptions)
   at System.Data.SqlClient.SqlConnection.TryOpen(TaskCompletionSource`1 retry)
   at System.Data.SqlClient.SqlConnection.Open()
   at System.Data.Linq.SqlClient.SqlConnectionManager.UseConnection(IConnectionUser user)
   at System.Data.Linq.SqlClient.SqlProvider.get_IsSqlCe()
   at System.Data.Linq.SqlClient.SqlProvider.InitializeProviderMode()
   at System.Data.Linq.SqlClient.SqlProvider.System.Data.Linq.Provider.IProvider.Execute(Expression query)
   at System.Data.Linq.DataContext.ExecuteMethodCall(Object instance, MethodInfo methodInfo, Object[] parameters)
   at Tavisca.Catapult.Internal.ResourceAccess.DataProviders.Rate.LINQ.RateDataContext.spSaveRateCard(Nullable`1 id, Nullable`1 productId, String productType, String scope, Nullable`1 isEnabled, Nullable`1 isDeleted) in d:\Code\TOM\Catapult\Code\trunk\CatapultServices\Tavisca.Catapult.Internal.ResourceAccess.DataProviders\Rate\LINQ\Rate.designer.cs:line 265
   at Tavisca.Catapult.Internal.ResourceAccess.DataProviders.Rate.RateProvider.SaveRateCard(String scopeId, RateCard rateCard) in d:\Code\TOM\Catapult\Code\trunk\CatapultServices\Tavisca.Catapult.Internal.ResourceAccess.DataProviders\Rate\RateProvider.cs:line 649
   at Tavisca.Catapult.External.Facade.Tests.TestActivityGenerator.SaveRateCard(RateCard rateCard) in d:\Code\TOM\Catapult\Code\trunk\CatapultServices\Tavisca.Catapult.External.Facade.Tests\TestActivityGenerator.cs:line 352
   at Tavisca.Catapult.External.Facade.Tests.ActivityMultiAvailTests.SearchByGeoCodeTest.TaxesTest3() in d:\Code\TOM\Catapult\Code\trunk\CatapultServices\Tavisca.Catapult.External.Facade.Tests\ActivityMultiAvailTests\SearchByGeoCodeTest.cs:line 2101
</StackTrace>
        </ErrorInfo>
      </Output>
    </UnitTestResult>
    <UnitTestResult executionId="5580c2e7-608e-4220-b848-29ef2bfd99bd" testId="693aab8f-1a6f-7920-c927-16447d4088a9" testName="PenaltiesTest1" computerName="PHOENIXX" duration="00:00:00.9659440" startTime="2013-08-09T22:01:25.4811738+05:30" endTime="2013-08-09T22:01:26.4474636+05:30" testType="13cdc9d9-ddb5-4fa4-a97d-d965ccfc6d4b" outcome="Failed" testListId="8c84fa94-04c1-424b-9868-57a2d4851a1d" relativeResultsDirectory="5580c2e7-608e-4220-b848-29ef2bfd99bd">
      <Output>
        <ErrorInfo>
          <Message>Test method Tavisca.Catapult.External.Facade.Tests.ActivityMultiAvailTests.SearchByGeoCodeTest.PenaltiesTest1 threw exception: 
System.Transactions.TransactionManagerCommunicationException: Network access for Distributed Transaction Manager (MSDTC) has been disabled. Please enable DTC for network access in the security configuration for MSDTC using the Component Services Administrative tool. ---&gt; System.Runtime.InteropServices.COMException: The transaction manager has disabled its support for remote/network transactions. (Exception from HRESULT: 0x8004D024)</Message>
          <StackTrace>    at System.Transactions.Oletx.IDtcProxyShimFactory.ReceiveTransaction(UInt32 propgationTokenSize, Byte[] propgationToken, IntPtr managedIdentifier, Guid&amp; transactionIdentifier, OletxTransactionIsolationLevel&amp; isolationLevel, ITransactionShim&amp; transactionShim)
   at System.Transactions.TransactionInterop.GetOletxTransactionFromTransmitterPropigationToken(Byte[] propagationToken)
 --- End of inner exception stack trace ---
    at System.Transactions.Oletx.OletxTransactionManager.ProxyException(COMException comException)
   at System.Transactions.TransactionInterop.GetOletxTransactionFromTransmitterPropigationToken(Byte[] propagationToken)
   at System.Transactions.TransactionStatePSPEOperation.PSPEPromote(InternalTransaction tx)
   at System.Transactions.TransactionStateDelegatedBase.EnterState(InternalTransaction tx)
   at System.Transactions.EnlistableStates.Promote(InternalTransaction tx)
   at System.Transactions.Transaction.Promote()
   at System.Transactions.TransactionInterop.ConvertToOletxTransaction(Transaction transaction)
   at System.Transactions.TransactionInterop.GetExportCookie(Transaction transaction, Byte[] whereabouts)
   at System.Data.SqlClient.SqlInternalConnection.GetTransactionCookie(Transaction transaction, Byte[] whereAbouts)
   at System.Data.SqlClient.SqlInternalConnection.EnlistNonNull(Transaction tx)
   at System.Data.SqlClient.SqlInternalConnection.Enlist(Transaction tx)
   at System.Data.SqlClient.SqlInternalConnectionTds.Activate(Transaction transaction)
   at System.Data.ProviderBase.DbConnectionInternal.ActivateConnection(Transaction transaction)
   at System.Data.ProviderBase.DbConnectionPool.TryGetConnection(DbConnection owningObject, UInt32 waitForMultipleObjectsTimeout, Boolean allowCreate, Boolean onlyOneCheckConnection, DbConnectionOptions userOptions, DbConnectionInternal&amp; connection)
   at System.Data.ProviderBase.DbConnectionPool.TryGetConnection(DbConnection owningObject, TaskCompletionSource`1 retry, DbConnectionOptions userOptions, DbConnectionInternal&amp; connection)
   at System.Data.ProviderBase.DbConnectionFactory.TryGetConnection(DbConnection owningConnection, TaskCompletionSource`1 retry, DbConnectionOptions userOptions, DbConnectionInternal&amp; connection)
   at System.Data.ProviderBase.DbConnectionClosed.TryOpenConnection(DbConnection outerConnection, DbConnectionFactory connectionFactory, TaskCompletionSource`1 retry, DbConnectionOptions userOptions)
   at System.Data.SqlClient.SqlConnection.TryOpen(TaskCompletionSource`1 retry)
   at System.Data.SqlClient.SqlConnection.Open()
   at System.Data.Linq.SqlClient.SqlConnectionManager.UseConnection(IConnectionUser user)
   at System.Data.Linq.SqlClient.SqlProvider.get_IsSqlCe()
   at System.Data.Linq.SqlClient.SqlProvider.InitializeProviderMode()
   at System.Data.Linq.SqlClient.SqlProvider.System.Data.Linq.Provider.IProvider.Execute(Expression query)
   at System.Data.Linq.DataContext.ExecuteMethodCall(Object instance, MethodInfo methodInfo, Object[] parameters)
   at Tavisca.Catapult.Internal.ResourceAccess.DataProviders.Rate.LINQ.RateDataContext.spSaveRateCard(Nullable`1 id, Nullable`1 productId, String productType, String scope, Nullable`1 isEnabled, Nullable`1 isDeleted) in d:\Code\TOM\Catapult\Code\trunk\CatapultServices\Tavisca.Catapult.Internal.ResourceAccess.DataProviders\Rate\LINQ\Rate.designer.cs:line 265
   at Tavisca.Catapult.Internal.ResourceAccess.DataProviders.Rate.RateProvider.SaveRateCard(String scopeId, RateCard rateCard) in d:\Code\TOM\Catapult\Code\trunk\CatapultServices\Tavisca.Catapult.Internal.ResourceAccess.DataProviders\Rate\RateProvider.cs:line 649
   at Tavisca.Catapult.External.Facade.Tests.TestActivityGenerator.SaveRateCard(RateCard rateCard) in d:\Code\TOM\Catapult\Code\trunk\CatapultServices\Tavisca.Catapult.External.Facade.Tests\TestActivityGenerator.cs:line 352
   at Tavisca.Catapult.External.Facade.Tests.ActivityMultiAvailTests.SearchByGeoCodeTest.PenaltiesTest1() in d:\Code\TOM\Catapult\Code\trunk\CatapultServices\Tavisca.Catapult.External.Facade.Tests\ActivityMultiAvailTests\SearchByGeoCodeTest.cs:line 2156
</StackTrace>
        </ErrorInfo>
      </Output>
    </UnitTestResult>
    <UnitTestResult executionId="e3bbf976-7114-42bc-9364-2a1388438f2b" testId="6e84a9ee-37c3-5e5c-1b72-b5b071f09e6c" testName="PenaltiesTest2" computerName="PHOENIXX" duration="00:00:00.7779009" startTime="2013-08-09T22:01:26.4474636+05:30" endTime="2013-08-09T22:01:27.2266973+05:30" testType="13cdc9d9-ddb5-4fa4-a97d-d965ccfc6d4b" outcome="Failed" testListId="8c84fa94-04c1-424b-9868-57a2d4851a1d" relativeResultsDirectory="e3bbf976-7114-42bc-9364-2a1388438f2b">
      <Output>
        <ErrorInfo>
          <Message>Test method Tavisca.Catapult.External.Facade.Tests.ActivityMultiAvailTests.SearchByGeoCodeTest.PenaltiesTest2 threw exception: 
System.Transactions.TransactionManagerCommunicationException: Network access for Distributed Transaction Manager (MSDTC) has been disabled. Please enable DTC for network access in the security configuration for MSDTC using the Component Services Administrative tool. ---&gt; System.Runtime.InteropServices.COMException: The transaction manager has disabled its support for remote/network transactions. (Exception from HRESULT: 0x8004D024)</Message>
          <StackTrace>    at System.Transactions.Oletx.IDtcProxyShimFactory.ReceiveTransaction(UInt32 propgationTokenSize, Byte[] propgationToken, IntPtr managedIdentifier, Guid&amp; transactionIdentifier, OletxTransactionIsolationLevel&amp; isolationLevel, ITransactionShim&amp; transactionShim)
   at System.Transactions.TransactionInterop.GetOletxTransactionFromTransmitterPropigationToken(Byte[] propagationToken)
 --- End of inner exception stack trace ---
    at System.Transactions.Oletx.OletxTransactionManager.ProxyException(COMException comException)
   at System.Transactions.TransactionInterop.GetOletxTransactionFromTransmitterPropigationToken(Byte[] propagationToken)
   at System.Transactions.TransactionStatePSPEOperation.PSPEPromote(InternalTransaction tx)
   at System.Transactions.TransactionStateDelegatedBase.EnterState(InternalTransaction tx)
   at System.Transactions.EnlistableStates.Promote(InternalTransaction tx)
   at System.Transactions.Transaction.Promote()
   at System.Transactions.TransactionInterop.ConvertToOletxTransaction(Transaction transaction)
   at System.Transactions.TransactionInterop.GetExportCookie(Transaction transaction, Byte[] whereabouts)
   at System.Data.SqlClient.SqlInternalConnection.GetTransactionCookie(Transaction transaction, Byte[] whereAbouts)
   at System.Data.SqlClient.SqlInternalConnection.EnlistNonNull(Transaction tx)
   at System.Data.SqlClient.SqlInternalConnection.Enlist(Transaction tx)
   at System.Data.SqlClient.SqlInternalConnectionTds.Activate(Transaction transaction)
   at System.Data.ProviderBase.DbConnectionInternal.ActivateConnection(Transaction transaction)
   at System.Data.ProviderBase.DbConnectionPool.TryGetConnection(DbConnection owningObject, UInt32 waitForMultipleObjectsTimeout, Boolean allowCreate, Boolean onlyOneCheckConnection, DbConnectionOptions userOptions, DbConnectionInternal&amp; connection)
   at System.Data.ProviderBase.DbConnectionPool.TryGetConnection(DbConnection owningObject, TaskCompletionSource`1 retry, DbConnectionOptions userOptions, DbConnectionInternal&amp; connection)
   at System.Data.ProviderBase.DbConnectionFactory.TryGetConnection(DbConnection owningConnection, TaskCompletionSource`1 retry, DbConnectionOptions userOptions, DbConnectionInternal&amp; connection)
   at System.Data.ProviderBase.DbConnectionClosed.TryOpenConnection(DbConnection outerConnection, DbConnectionFactory connectionFactory, TaskCompletionSource`1 retry, DbConnectionOptions userOptions)
   at System.Data.SqlClient.SqlConnection.TryOpen(TaskCompletionSource`1 retry)
   at System.Data.SqlClient.SqlConnection.Open()
   at System.Data.Linq.SqlClient.SqlConnectionManager.UseConnection(IConnectionUser user)
   at System.Data.Linq.SqlClient.SqlProvider.get_IsSqlCe()
   at System.Data.Linq.SqlClient.SqlProvider.InitializeProviderMode()
   at System.Data.Linq.SqlClient.SqlProvider.System.Data.Linq.Provider.IProvider.Execute(Expression query)
   at System.Data.Linq.DataContext.ExecuteMethodCall(Object instance, MethodInfo methodInfo, Object[] parameters)
   at Tavisca.Catapult.Internal.ResourceAccess.DataProviders.Rate.LINQ.RateDataContext.spSaveRateCard(Nullable`1 id, Nullable`1 productId, String productType, String scope, Nullable`1 isEnabled, Nullable`1 isDeleted) in d:\Code\TOM\Catapult\Code\trunk\CatapultServices\Tavisca.Catapult.Internal.ResourceAccess.DataProviders\Rate\LINQ\Rate.designer.cs:line 265
   at Tavisca.Catapult.Internal.ResourceAccess.DataProviders.Rate.RateProvider.SaveRateCard(String scopeId, RateCard rateCard) in d:\Code\TOM\Catapult\Code\trunk\CatapultServices\Tavisca.Catapult.Internal.ResourceAccess.DataProviders\Rate\RateProvider.cs:line 649
   at Tavisca.Catapult.External.Facade.Tests.TestActivityGenerator.SaveRateCard(RateCard rateCard) in d:\Code\TOM\Catapult\Code\trunk\CatapultServices\Tavisca.Catapult.External.Facade.Tests\TestActivityGenerator.cs:line 352
   at Tavisca.Catapult.External.Facade.Tests.ActivityMultiAvailTests.SearchByGeoCodeTest.PenaltiesTest2() in d:\Code\TOM\Catapult\Code\trunk\CatapultServices\Tavisca.Catapult.External.Facade.Tests\ActivityMultiAvailTests\SearchByGeoCodeTest.cs:line 2219
</StackTrace>
        </ErrorInfo>
      </Output>
    </UnitTestResult>
    <UnitTestResult executionId="c9db7592-ab85-4c5d-b6e7-5b845aebbcbe" testId="b305d49f-88f8-0904-1c19-b40059862051" testName="PenaltiesTest3" computerName="PHOENIXX" duration="00:00:00.6544314" startTime="2013-08-09T22:01:27.2266973+05:30" endTime="2013-08-09T22:01:27.8808935+05:30" testType="13cdc9d9-ddb5-4fa4-a97d-d965ccfc6d4b" outcome="Failed" testListId="8c84fa94-04c1-424b-9868-57a2d4851a1d" relativeResultsDirectory="c9db7592-ab85-4c5d-b6e7-5b845aebbcbe">
      <Output>
        <ErrorInfo>
          <Message>Test method Tavisca.Catapult.External.Facade.Tests.ActivityMultiAvailTests.SearchByGeoCodeTest.PenaltiesTest3 threw exception: 
System.Transactions.TransactionManagerCommunicationException: Network access for Distributed Transaction Manager (MSDTC) has been disabled. Please enable DTC for network access in the security configuration for MSDTC using the Component Services Administrative tool. ---&gt; System.Runtime.InteropServices.COMException: The transaction manager has disabled its support for remote/network transactions. (Exception from HRESULT: 0x8004D024)</Message>
          <StackTrace>    at System.Transactions.Oletx.IDtcProxyShimFactory.ReceiveTransaction(UInt32 propgationTokenSize, Byte[] propgationToken, IntPtr managedIdentifier, Guid&amp; transactionIdentifier, OletxTransactionIsolationLevel&amp; isolationLevel, ITransactionShim&amp; transactionShim)
   at System.Transactions.TransactionInterop.GetOletxTransactionFromTransmitterPropigationToken(Byte[] propagationToken)
 --- End of inner exception stack trace ---
    at System.Transactions.Oletx.OletxTransactionManager.ProxyException(COMException comException)
   at System.Transactions.TransactionInterop.GetOletxTransactionFromTransmitterPropigationToken(Byte[] propagationToken)
   at System.Transactions.TransactionStatePSPEOperation.PSPEPromote(InternalTransaction tx)
   at System.Transactions.TransactionStateDelegatedBase.EnterState(InternalTransaction tx)
   at System.Transactions.EnlistableStates.Promote(InternalTransaction tx)
   at System.Transactions.Transaction.Promote()
   at System.Transactions.TransactionInterop.ConvertToOletxTransaction(Transaction transaction)
   at System.Transactions.TransactionInterop.GetExportCookie(Transaction transaction, Byte[] whereabouts)
   at System.Data.SqlClient.SqlInternalConnection.GetTransactionCookie(Transaction transaction, Byte[] whereAbouts)
   at System.Data.SqlClient.SqlInternalConnection.EnlistNonNull(Transaction tx)
   at System.Data.SqlClient.SqlInternalConnection.Enlist(Transaction tx)
   at System.Data.SqlClient.SqlInternalConnectionTds.Activate(Transaction transaction)
   at System.Data.ProviderBase.DbConnectionInternal.ActivateConnection(Transaction transaction)
   at System.Data.ProviderBase.DbConnectionPool.TryGetConnection(DbConnection owningObject, UInt32 waitForMultipleObjectsTimeout, Boolean allowCreate, Boolean onlyOneCheckConnection, DbConnectionOptions userOptions, DbConnectionInternal&amp; connection)
   at System.Data.ProviderBase.DbConnectionPool.TryGetConnection(DbConnection owningObject, TaskCompletionSource`1 retry, DbConnectionOptions userOptions, DbConnectionInternal&amp; connection)
   at System.Data.ProviderBase.DbConnectionFactory.TryGetConnection(DbConnection owningConnection, TaskCompletionSource`1 retry, DbConnectionOptions userOptions, DbConnectionInternal&amp; connection)
   at System.Data.ProviderBase.DbConnectionClosed.TryOpenConnection(DbConnection outerConnection, DbConnectionFactory connectionFactory, TaskCompletionSource`1 retry, DbConnectionOptions userOptions)
   at System.Data.SqlClient.SqlConnection.TryOpen(TaskCompletionSource`1 retry)
   at System.Data.SqlClient.SqlConnection.Open()
   at System.Data.Linq.SqlClient.SqlConnectionManager.UseConnection(IConnectionUser user)
   at System.Data.Linq.SqlClient.SqlProvider.get_IsSqlCe()
   at System.Data.Linq.SqlClient.SqlProvider.InitializeProviderMode()
   at System.Data.Linq.SqlClient.SqlProvider.System.Data.Linq.Provider.IProvider.Execute(Expression query)
   at System.Data.Linq.DataContext.ExecuteMethodCall(Object instance, MethodInfo methodInfo, Object[] parameters)
   at Tavisca.Catapult.Internal.ResourceAccess.DataProviders.Rate.LINQ.RateDataContext.spSaveRateCard(Nullable`1 id, Nullable`1 productId, String productType, String scope, Nullable`1 isEnabled, Nullable`1 isDeleted) in d:\Code\TOM\Catapult\Code\trunk\CatapultServices\Tavisca.Catapult.Internal.ResourceAccess.DataProviders\Rate\LINQ\Rate.designer.cs:line 265
   at Tavisca.Catapult.Internal.ResourceAccess.DataProviders.Rate.RateProvider.SaveRateCard(String scopeId, RateCard rateCard) in d:\Code\TOM\Catapult\Code\trunk\CatapultServices\Tavisca.Catapult.Internal.ResourceAccess.DataProviders\Rate\RateProvider.cs:line 649
   at Tavisca.Catapult.External.Facade.Tests.TestActivityGenerator.SaveRateCard(RateCard rateCard) in d:\Code\TOM\Catapult\Code\trunk\CatapultServices\Tavisca.Catapult.External.Facade.Tests\TestActivityGenerator.cs:line 352
   at Tavisca.Catapult.External.Facade.Tests.ActivityMultiAvailTests.SearchByGeoCodeTest.PenaltiesTest3() in d:\Code\TOM\Catapult\Code\trunk\CatapultServices\Tavisca.Catapult.External.Facade.Tests\ActivityMultiAvailTests\SearchByGeoCodeTest.cs:line 2268
</StackTrace>
        </ErrorInfo>
      </Output>
    </UnitTestResult>
    <UnitTestResult executionId="228f6926-b866-4295-bb0a-6fc2e25b8653" testId="2f23ed4d-0203-fc11-580f-3c1d5265e577" testName="PoliciesTest1" computerName="PHOENIXX" duration="00:00:00.9364797" startTime="2013-08-09T22:01:27.8808935+05:30" endTime="2013-08-09T22:01:28.8181746+05:30" testType="13cdc9d9-ddb5-4fa4-a97d-d965ccfc6d4b" outcome="Failed" testListId="8c84fa94-04c1-424b-9868-57a2d4851a1d" relativeResultsDirectory="228f6926-b866-4295-bb0a-6fc2e25b8653">
      <Output>
        <ErrorInfo>
          <Message>Test method Tavisca.Catapult.External.Facade.Tests.ActivityMultiAvailTests.SearchByGeoCodeTest.PoliciesTest1 threw exception: 
System.Transactions.TransactionManagerCommunicationException: Network access for Distributed Transaction Manager (MSDTC) has been disabled. Please enable DTC for network access in the security configuration for MSDTC using the Component Services Administrative tool. ---&gt; System.Runtime.InteropServices.COMException: The transaction manager has disabled its support for remote/network transactions. (Exception from HRESULT: 0x8004D024)</Message>
          <StackTrace>    at System.Transactions.Oletx.IDtcProxyShimFactory.ReceiveTransaction(UInt32 propgationTokenSize, Byte[] propgationToken, IntPtr managedIdentifier, Guid&amp; transactionIdentifier, OletxTransactionIsolationLevel&amp; isolationLevel, ITransactionShim&amp; transactionShim)
   at System.Transactions.TransactionInterop.GetOletxTransactionFromTransmitterPropigationToken(Byte[] propagationToken)
 --- End of inner exception stack trace ---
    at System.Transactions.Oletx.OletxTransactionManager.ProxyException(COMException comException)
   at System.Transactions.TransactionInterop.GetOletxTransactionFromTransmitterPropigationToken(Byte[] propagationToken)
   at System.Transactions.TransactionStatePSPEOperation.PSPEPromote(InternalTransaction tx)
   at System.Transactions.TransactionStateDelegatedBase.EnterState(InternalTransaction tx)
   at System.Transactions.EnlistableStates.Promote(InternalTransaction tx)
   at System.Transactions.Transaction.Promote()
   at System.Transactions.TransactionInterop.ConvertToOletxTransaction(Transaction transaction)
   at System.Transactions.TransactionInterop.GetExportCookie(Transaction transaction, Byte[] whereabouts)
   at System.Data.SqlClient.SqlInternalConnection.GetTransactionCookie(Transaction transaction, Byte[] whereAbouts)
   at System.Data.SqlClient.SqlInternalConnection.EnlistNonNull(Transaction tx)
   at System.Data.SqlClient.SqlInternalConnection.Enlist(Transaction tx)
   at System.Data.SqlClient.SqlInternalConnectionTds.Activate(Transaction transaction)
   at System.Data.ProviderBase.DbConnectionInternal.ActivateConnection(Transaction transaction)
   at System.Data.ProviderBase.DbConnectionPool.TryGetConnection(DbConnection owningObject, UInt32 waitForMultipleObjectsTimeout, Boolean allowCreate, Boolean onlyOneCheckConnection, DbConnectionOptions userOptions, DbConnectionInternal&amp; connection)
   at System.Data.ProviderBase.DbConnectionPool.TryGetConnection(DbConnection owningObject, TaskCompletionSource`1 retry, DbConnectionOptions userOptions, DbConnectionInternal&amp; connection)
   at System.Data.ProviderBase.DbConnectionFactory.TryGetConnection(DbConnection owningConnection, TaskCompletionSource`1 retry, DbConnectionOptions userOptions, DbConnectionInternal&amp; connection)
   at System.Data.ProviderBase.DbConnectionClosed.TryOpenConnection(DbConnection outerConnection, DbConnectionFactory connectionFactory, TaskCompletionSource`1 retry, DbConnectionOptions userOptions)
   at System.Data.SqlClient.SqlConnection.TryOpen(TaskCompletionSource`1 retry)
   at System.Data.SqlClient.SqlConnection.Open()
   at System.Data.Linq.SqlClient.SqlConnectionManager.UseConnection(IConnectionUser user)
   at System.Data.Linq.SqlClient.SqlProvider.get_IsSqlCe()
   at System.Data.Linq.SqlClient.SqlProvider.InitializeProviderMode()
   at System.Data.Linq.SqlClient.SqlProvider.System.Data.Linq.Provider.IProvider.Execute(Expression query)
   at System.Data.Linq.DataContext.ExecuteMethodCall(Object instance, MethodInfo methodInfo, Object[] parameters)
   at Tavisca.Catapult.Internal.ResourceAccess.DataProviders.Rate.LINQ.RateDataContext.spSaveRateCard(Nullable`1 id, Nullable`1 productId, String productType, String scope, Nullable`1 isEnabled, Nullable`1 isDeleted) in d:\Code\TOM\Catapult\Code\trunk\CatapultServices\Tavisca.Catapult.Internal.ResourceAccess.DataProviders\Rate\LINQ\Rate.designer.cs:line 265
   at Tavisca.Catapult.Internal.ResourceAccess.DataProviders.Rate.RateProvider.SaveRateCard(String scopeId, RateCard rateCard) in d:\Code\TOM\Catapult\Code\trunk\CatapultServices\Tavisca.Catapult.Internal.ResourceAccess.DataProviders\Rate\RateProvider.cs:line 649
   at Tavisca.Catapult.External.Facade.Tests.TestActivityGenerator.SaveRateCard(RateCard rateCard) in d:\Code\TOM\Catapult\Code\trunk\CatapultServices\Tavisca.Catapult.External.Facade.Tests\TestActivityGenerator.cs:line 352
   at Tavisca.Catapult.External.Facade.Tests.ActivityMultiAvailTests.SearchByGeoCodeTest.PoliciesTest1() in d:\Code\TOM\Catapult\Code\trunk\CatapultServices\Tavisca.Catapult.External.Facade.Tests\ActivityMultiAvailTests\SearchByGeoCodeTest.cs:line 2325
</StackTrace>
        </ErrorInfo>
      </Output>
    </UnitTestResult>
    <UnitTestResult executionId="2509aa61-9e94-4ac0-9cc0-36d55957e48e" testId="e1a802b1-8248-6bd4-067c-378db3e05be6" testName="CurrencyTest1" computerName="PHOENIXX" duration="00:00:00.3636419" startTime="2013-08-09T22:01:28.8181746+05:30" endTime="2013-08-09T22:01:29.1822838+05:30" testType="13cdc9d9-ddb5-4fa4-a97d-d965ccfc6d4b" outcome="Failed" testListId="8c84fa94-04c1-424b-9868-57a2d4851a1d" relativeResultsDirectory="2509aa61-9e94-4ac0-9cc0-36d55957e48e">
      <Output>
        <ErrorInfo>
          <Message>Test method Tavisca.Catapult.External.Facade.Tests.ActivityMultiAvailTests.SearchByGeoCodeTest.CurrencyTest1 threw exception: 
System.Transactions.TransactionManagerCommunicationException: Network access for Distributed Transaction Manager (MSDTC) has been disabled. Please enable DTC for network access in the security configuration for MSDTC using the Component Services Administrative tool. ---&gt; System.Runtime.InteropServices.COMException: The transaction manager has disabled its support for remote/network transactions. (Exception from HRESULT: 0x8004D024)</Message>
          <StackTrace>    at System.Transactions.Oletx.IDtcProxyShimFactory.ReceiveTransaction(UInt32 propgationTokenSize, Byte[] propgationToken, IntPtr managedIdentifier, Guid&amp; transactionIdentifier, OletxTransactionIsolationLevel&amp; isolationLevel, ITransactionShim&amp; transactionShim)
   at System.Transactions.TransactionInterop.GetOletxTransactionFromTransmitterPropigationToken(Byte[] propagationToken)
 --- End of inner exception stack trace ---
    at System.Transactions.Oletx.OletxTransactionManager.ProxyException(COMException comException)
   at System.Transactions.TransactionInterop.GetOletxTransactionFromTransmitterPropigationToken(Byte[] propagationToken)
   at System.Transactions.TransactionStatePSPEOperation.PSPEPromote(InternalTransaction tx)
   at System.Transactions.TransactionStateDelegatedBase.EnterState(InternalTransaction tx)
   at System.Transactions.EnlistableStates.Promote(InternalTransaction tx)
   at System.Transactions.Transaction.Promote()
   at System.Transactions.TransactionInterop.ConvertToOletxTransaction(Transaction transaction)
   at System.Transactions.TransactionInterop.GetExportCookie(Transaction transaction, Byte[] whereabouts)
   at System.Data.SqlClient.SqlInternalConnection.GetTransactionCookie(Transaction transaction, Byte[] whereAbouts)
   at System.Data.SqlClient.SqlInternalConnection.EnlistNonNull(Transaction tx)
   at System.Data.SqlClient.SqlInternalConnection.Enlist(Transaction tx)
   at System.Data.SqlClient.SqlInternalConnectionTds.Activate(Transaction transaction)
   at System.Data.ProviderBase.DbConnectionInternal.ActivateConnection(Transaction transaction)
   at System.Data.ProviderBase.DbConnectionPool.TryGetConnection(DbConnection owningObject, UInt32 waitForMultipleObjectsTimeout, Boolean allowCreate, Boolean onlyOneCheckConnection, DbConnectionOptions userOptions, DbConnectionInternal&amp; connection)
   at System.Data.ProviderBase.DbConnectionPool.TryGetConnection(DbConnection owningObject, TaskCompletionSource`1 retry, DbConnectionOptions userOptions, DbConnectionInternal&amp; connection)
   at System.Data.ProviderBase.DbConnectionFactory.TryGetConnection(DbConnection owningConnection, TaskCompletionSource`1 retry, DbConnectionOptions userOptions, DbConnectionInternal&amp; connection)
   at System.Data.ProviderBase.DbConnectionClosed.TryOpenConnection(DbConnection outerConnection, DbConnectionFactory connectionFactory, TaskCompletionSource`1 retry, DbConnectionOptions userOptions)
   at System.Data.SqlClient.SqlConnection.TryOpen(TaskCompletionSource`1 retry)
   at System.Data.SqlClient.SqlConnection.Open()
   at System.Data.Linq.SqlClient.SqlConnectionManager.UseConnection(IConnectionUser user)
   at System.Data.Linq.SqlClient.SqlProvider.get_IsSqlCe()
   at System.Data.Linq.SqlClient.SqlProvider.InitializeProviderMode()
   at System.Data.Linq.SqlClient.SqlProvider.System.Data.Linq.Provider.IProvider.Execute(Expression query)
   at System.Data.Linq.DataContext.ExecuteMethodCall(Object instance, MethodInfo methodInfo, Object[] parameters)
   at Tavisca.Catapult.Internal.ResourceAccess.DataProviders.Rate.LINQ.RateDataContext.spSaveRateCard(Nullable`1 id, Nullable`1 productId, String productType, String scope, Nullable`1 isEnabled, Nullable`1 isDeleted) in d:\Code\TOM\Catapult\Code\trunk\CatapultServices\Tavisca.Catapult.Internal.ResourceAccess.DataProviders\Rate\LINQ\Rate.designer.cs:line 265
   at Tavisca.Catapult.Internal.ResourceAccess.DataProviders.Rate.RateProvider.SaveRateCard(String scopeId, RateCard rateCard) in d:\Code\TOM\Catapult\Code\trunk\CatapultServices\Tavisca.Catapult.Internal.ResourceAccess.DataProviders\Rate\RateProvider.cs:line 649
   at Tavisca.Catapult.External.Facade.Tests.TestActivityGenerator.SaveRateCard(RateCard rateCard) in d:\Code\TOM\Catapult\Code\trunk\CatapultServices\Tavisca.Catapult.External.Facade.Tests\TestActivityGenerator.cs:line 352
   at Tavisca.Catapult.External.Facade.Tests.ActivityMultiAvailTests.SearchByGeoCodeTest.CurrencyTest1() in d:\Code\TOM\Catapult\Code\trunk\CatapultServices\Tavisca.Catapult.External.Facade.Tests\ActivityMultiAvailTests\SearchByGeoCodeTest.cs:line 2373
</StackTrace>
        </ErrorInfo>
      </Output>
    </UnitTestResult>
    <UnitTestResult executionId="f586ddab-976c-4408-a5d7-5002c084f16c" testId="e88e8675-a27c-2f75-d569-ca8144ed62a2" testName="FilterByTagsTest1" computerName="PHOENIXX" duration="00:00:00.3451630" startTime="2013-08-09T22:01:29.1822838+05:30" endTime="2013-08-09T22:01:29.5273873+05:30" testType="13cdc9d9-ddb5-4fa4-a97d-d965ccfc6d4b" outcome="Failed" testListId="8c84fa94-04c1-424b-9868-57a2d4851a1d" relativeResultsDirectory="f586ddab-976c-4408-a5d7-5002c084f16c">
      <Output>
        <ErrorInfo>
          <Message>Test method Tavisca.Catapult.External.Facade.Tests.ActivityMultiAvailTests.SearchByGeoCodeTest.FilterByTagsTest1 threw exception: 
System.Transactions.TransactionManagerCommunicationException: Network access for Distributed Transaction Manager (MSDTC) has been disabled. Please enable DTC for network access in the security configuration for MSDTC using the Component Services Administrative tool. ---&gt; System.Runtime.InteropServices.COMException: The transaction manager has disabled its support for remote/network transactions. (Exception from HRESULT: 0x8004D024)</Message>
          <StackTrace>    at System.Transactions.Oletx.IDtcProxyShimFactory.ReceiveTransaction(UInt32 propgationTokenSize, Byte[] propgationToken, IntPtr managedIdentifier, Guid&amp; transactionIdentifier, OletxTransactionIsolationLevel&amp; isolationLevel, ITransactionShim&amp; transactionShim)
   at System.Transactions.TransactionInterop.GetOletxTransactionFromTransmitterPropigationToken(Byte[] propagationToken)
 --- End of inner exception stack trace ---
    at System.Transactions.Oletx.OletxTransactionManager.ProxyException(COMException comException)
   at System.Transactions.TransactionInterop.GetOletxTransactionFromTransmitterPropigationToken(Byte[] propagationToken)
   at System.Transactions.TransactionStatePSPEOperation.PSPEPromote(InternalTransaction tx)
   at System.Transactions.TransactionStateDelegatedBase.EnterState(InternalTransaction tx)
   at System.Transactions.EnlistableStates.Promote(InternalTransaction tx)
   at System.Transactions.Transaction.Promote()
   at System.Transactions.TransactionInterop.ConvertToOletxTransaction(Transaction transaction)
   at System.Transactions.TransactionInterop.GetExportCookie(Transaction transaction, Byte[] whereabouts)
   at System.Data.SqlClient.SqlInternalConnection.GetTransactionCookie(Transaction transaction, Byte[] whereAbouts)
   at System.Data.SqlClient.SqlInternalConnection.EnlistNonNull(Transaction tx)
   at System.Data.SqlClient.SqlInternalConnection.Enlist(Transaction tx)
   at System.Data.SqlClient.SqlInternalConnectionTds.Activate(Transaction transaction)
   at System.Data.ProviderBase.DbConnectionInternal.ActivateConnection(Transaction transaction)
   at System.Data.ProviderBase.DbConnectionPool.TryGetConnection(DbConnection owningObject, UInt32 waitForMultipleObjectsTimeout, Boolean allowCreate, Boolean onlyOneCheckConnection, DbConnectionOptions userOptions, DbConnectionInternal&amp; connection)
   at System.Data.ProviderBase.DbConnectionPool.TryGetConnection(DbConnection owningObject, TaskCompletionSource`1 retry, DbConnectionOptions userOptions, DbConnectionInternal&amp; connection)
   at System.Data.ProviderBase.DbConnectionFactory.TryGetConnection(DbConnection owningConnection, TaskCompletionSource`1 retry, DbConnectionOptions userOptions, DbConnectionInternal&amp; connection)
   at System.Data.ProviderBase.DbConnectionClosed.TryOpenConnection(DbConnection outerConnection, DbConnectionFactory connectionFactory, TaskCompletionSource`1 retry, DbConnectionOptions userOptions)
   at System.Data.SqlClient.SqlConnection.TryOpen(TaskCompletionSource`1 retry)
   at System.Data.SqlClient.SqlConnection.Open()
   at System.Data.Linq.SqlClient.SqlConnectionManager.UseConnection(IConnectionUser user)
   at System.Data.Linq.SqlClient.SqlProvider.get_IsSqlCe()
   at System.Data.Linq.SqlClient.SqlProvider.InitializeProviderMode()
   at System.Data.Linq.SqlClient.SqlProvider.System.Data.Linq.Provider.IProvider.Execute(Expression query)
   at System.Data.Linq.DataContext.ExecuteMethodCall(Object instance, MethodInfo methodInfo, Object[] parameters)
   at Tavisca.Catapult.Internal.ResourceAccess.DataProviders.Rate.LINQ.RateDataContext.spSaveRateCard(Nullable`1 id, Nullable`1 productId, String productType, String scope, Nullable`1 isEnabled, Nullable`1 isDeleted) in d:\Code\TOM\Catapult\Code\trunk\CatapultServices\Tavisca.Catapult.Internal.ResourceAccess.DataProviders\Rate\LINQ\Rate.designer.cs:line 265
   at Tavisca.Catapult.Internal.ResourceAccess.DataProviders.Rate.RateProvider.SaveRateCard(String scopeId, RateCard rateCard) in d:\Code\TOM\Catapult\Code\trunk\CatapultServices\Tavisca.Catapult.Internal.ResourceAccess.DataProviders\Rate\RateProvider.cs:line 649
   at Tavisca.Catapult.External.Facade.Tests.TestActivityGenerator.SaveRateCard(RateCard rateCard) in d:\Code\TOM\Catapult\Code\trunk\CatapultServices\Tavisca.Catapult.External.Facade.Tests\TestActivityGenerator.cs:line 352
   at Tavisca.Catapult.External.Facade.Tests.ActivityMultiAvailTests.SearchByGeoCodeTest.FilterByTagsTest1() in d:\Code\TOM\Catapult\Code\trunk\CatapultServices\Tavisca.Catapult.External.Facade.Tests\ActivityMultiAvailTests\SearchByGeoCodeTest.cs:line 2421
</StackTrace>
        </ErrorInfo>
      </Output>
    </UnitTestResult>
    <UnitTestResult executionId="b0d0b593-37c2-4482-b2e8-4d37552d0a75" testId="c62894a3-842c-4cba-d421-eb98ac24deaa" testName="FilterByRateCodesTest1" computerName="PHOENIXX" duration="00:00:00.3641282" startTime="2013-08-09T22:01:29.5273873+05:30" endTime="2013-08-09T22:01:29.8914965+05:30" testType="13cdc9d9-ddb5-4fa4-a97d-d965ccfc6d4b" outcome="Failed" testListId="8c84fa94-04c1-424b-9868-57a2d4851a1d" relativeResultsDirectory="b0d0b593-37c2-4482-b2e8-4d37552d0a75">
      <Output>
        <ErrorInfo>
          <Message>Test method Tavisca.Catapult.External.Facade.Tests.ActivityMultiAvailTests.SearchByGeoCodeTest.FilterByRateCodesTest1 threw exception: 
System.Transactions.TransactionManagerCommunicationException: Network access for Distributed Transaction Manager (MSDTC) has been disabled. Please enable DTC for network access in the security configuration for MSDTC using the Component Services Administrative tool. ---&gt; System.Runtime.InteropServices.COMException: The transaction manager has disabled its support for remote/network transactions. (Exception from HRESULT: 0x8004D024)</Message>
          <StackTrace>    at System.Transactions.Oletx.IDtcProxyShimFactory.ReceiveTransaction(UInt32 propgationTokenSize, Byte[] propgationToken, IntPtr managedIdentifier, Guid&amp; transactionIdentifier, OletxTransactionIsolationLevel&amp; isolationLevel, ITransactionShim&amp; transactionShim)
   at System.Transactions.TransactionInterop.GetOletxTransactionFromTransmitterPropigationToken(Byte[] propagationToken)
 --- End of inner exception stack trace ---
    at System.Transactions.Oletx.OletxTransactionManager.ProxyException(COMException comException)
   at System.Transactions.TransactionInterop.GetOletxTransactionFromTransmitterPropigationToken(Byte[] propagationToken)
   at System.Transactions.TransactionStatePSPEOperation.PSPEPromote(InternalTransaction tx)
   at System.Transactions.TransactionStateDelegatedBase.EnterState(InternalTransaction tx)
   at System.Transactions.EnlistableStates.Promote(InternalTransaction tx)
   at System.Transactions.Transaction.Promote()
   at System.Transactions.TransactionInterop.ConvertToOletxTransaction(Transaction transaction)
   at System.Transactions.TransactionInterop.GetExportCookie(Transaction transaction, Byte[] whereabouts)
   at System.Data.SqlClient.SqlInternalConnection.GetTransactionCookie(Transaction transaction, Byte[] whereAbouts)
   at System.Data.SqlClient.SqlInternalConnection.EnlistNonNull(Transaction tx)
   at System.Data.SqlClient.SqlInternalConnection.Enlist(Transaction tx)
   at System.Data.SqlClient.SqlInternalConnectionTds.Activate(Transaction transaction)
   at System.Data.ProviderBase.DbConnectionInternal.ActivateConnection(Transaction transaction)
   at System.Data.ProviderBase.DbConnectionPool.TryGetConnection(DbConnection owningObject, UInt32 waitForMultipleObjectsTimeout, Boolean allowCreate, Boolean onlyOneCheckConnection, DbConnectionOptions userOptions, DbConnectionInternal&amp; connection)
   at System.Data.ProviderBase.DbConnectionPool.TryGetConnection(DbConnection owningObject, TaskCompletionSource`1 retry, DbConnectionOptions userOptions, DbConnectionInternal&amp; connection)
   at System.Data.ProviderBase.DbConnectionFactory.TryGetConnection(DbConnection owningConnection, TaskCompletionSource`1 retry, DbConnectionOptions userOptions, DbConnectionInternal&amp; connection)
   at System.Data.ProviderBase.DbConnectionClosed.TryOpenConnection(DbConnection outerConnection, DbConnectionFactory connectionFactory, TaskCompletionSource`1 retry, DbConnectionOptions userOptions)
   at System.Data.SqlClient.SqlConnection.TryOpen(TaskCompletionSource`1 retry)
   at System.Data.SqlClient.SqlConnection.Open()
   at System.Data.Linq.SqlClient.SqlConnectionManager.UseConnection(IConnectionUser user)
   at System.Data.Linq.SqlClient.SqlProvider.get_IsSqlCe()
   at System.Data.Linq.SqlClient.SqlProvider.InitializeProviderMode()
   at System.Data.Linq.SqlClient.SqlProvider.System.Data.Linq.Provider.IProvider.Execute(Expression query)
   at System.Data.Linq.DataContext.ExecuteMethodCall(Object instance, MethodInfo methodInfo, Object[] parameters)
   at Tavisca.Catapult.Internal.ResourceAccess.DataProviders.Rate.LINQ.RateDataContext.spSaveRateCard(Nullable`1 id, Nullable`1 productId, String productType, String scope, Nullable`1 isEnabled, Nullable`1 isDeleted) in d:\Code\TOM\Catapult\Code\trunk\CatapultServices\Tavisca.Catapult.Internal.ResourceAccess.DataProviders\Rate\LINQ\Rate.designer.cs:line 265
   at Tavisca.Catapult.Internal.ResourceAccess.DataProviders.Rate.RateProvider.SaveRateCard(String scopeId, RateCard rateCard) in d:\Code\TOM\Catapult\Code\trunk\CatapultServices\Tavisca.Catapult.Internal.ResourceAccess.DataProviders\Rate\RateProvider.cs:line 649
   at Tavisca.Catapult.External.Facade.Tests.TestActivityGenerator.SaveRateCard(RateCard rateCard) in d:\Code\TOM\Catapult\Code\trunk\CatapultServices\Tavisca.Catapult.External.Facade.Tests\TestActivityGenerator.cs:line 352
   at Tavisca.Catapult.External.Facade.Tests.ActivityMultiAvailTests.SearchByGeoCodeTest.FilterByRateCodesTest1() in d:\Code\TOM\Catapult\Code\trunk\CatapultServices\Tavisca.Catapult.External.Facade.Tests\ActivityMultiAvailTests\SearchByGeoCodeTest.cs:line 2468
</StackTrace>
        </ErrorInfo>
      </Output>
    </UnitTestResult>
    <UnitTestResult executionId="884f7985-932f-4313-b143-abcedc535d21" testId="2d845072-87a1-b9e4-cb5d-b83f40ec4db9" testName="FilterByRateCodesTest2" computerName="PHOENIXX" duration="00:00:00.4100780" startTime="2013-08-09T22:01:29.8914965+05:30" endTime="2013-08-09T22:01:30.3026198+05:30" testType="13cdc9d9-ddb5-4fa4-a97d-d965ccfc6d4b" outcome="Failed" testListId="8c84fa94-04c1-424b-9868-57a2d4851a1d" relativeResultsDirectory="884f7985-932f-4313-b143-abcedc535d21">
      <Output>
        <ErrorInfo>
          <Message>Test method Tavisca.Catapult.External.Facade.Tests.ActivityMultiAvailTests.SearchByGeoCodeTest.FilterByRateCodesTest2 threw exception: 
System.Transactions.TransactionManagerCommunicationException: Network access for Distributed Transaction Manager (MSDTC) has been disabled. Please enable DTC for network access in the security configuration for MSDTC using the Component Services Administrative tool. ---&gt; System.Runtime.InteropServices.COMException: The transaction manager has disabled its support for remote/network transactions. (Exception from HRESULT: 0x8004D024)</Message>
          <StackTrace>    at System.Transactions.Oletx.IDtcProxyShimFactory.ReceiveTransaction(UInt32 propgationTokenSize, Byte[] propgationToken, IntPtr managedIdentifier, Guid&amp; transactionIdentifier, OletxTransactionIsolationLevel&amp; isolationLevel, ITransactionShim&amp; transactionShim)
   at System.Transactions.TransactionInterop.GetOletxTransactionFromTransmitterPropigationToken(Byte[] propagationToken)
 --- End of inner exception stack trace ---
    at System.Transactions.Oletx.OletxTransactionManager.ProxyException(COMException comException)
   at System.Transactions.TransactionInterop.GetOletxTransactionFromTransmitterPropigationToken(Byte[] propagationToken)
   at System.Transactions.TransactionStatePSPEOperation.PSPEPromote(InternalTransaction tx)
   at System.Transactions.TransactionStateDelegatedBase.EnterState(InternalTransaction tx)
   at System.Transactions.EnlistableStates.Promote(InternalTransaction tx)
   at System.Transactions.Transaction.Promote()
   at System.Transactions.TransactionInterop.ConvertToOletxTransaction(Transaction transaction)
   at System.Transactions.TransactionInterop.GetExportCookie(Transaction transaction, Byte[] whereabouts)
   at System.Data.SqlClient.SqlInternalConnection.GetTransactionCookie(Transaction transaction, Byte[] whereAbouts)
   at System.Data.SqlClient.SqlInternalConnection.EnlistNonNull(Transaction tx)
   at System.Data.SqlClient.SqlInternalConnection.Enlist(Transaction tx)
   at System.Data.SqlClient.SqlInternalConnectionTds.Activate(Transaction transaction)
   at System.Data.ProviderBase.DbConnectionInternal.ActivateConnection(Transaction transaction)
   at System.Data.ProviderBase.DbConnectionPool.TryGetConnection(DbConnection owningObject, UInt32 waitForMultipleObjectsTimeout, Boolean allowCreate, Boolean onlyOneCheckConnection, DbConnectionOptions userOptions, DbConnectionInternal&amp; connection)
   at System.Data.ProviderBase.DbConnectionPool.TryGetConnection(DbConnection owningObject, TaskCompletionSource`1 retry, DbConnectionOptions userOptions, DbConnectionInternal&amp; connection)
   at System.Data.ProviderBase.DbConnectionFactory.TryGetConnection(DbConnection owningConnection, TaskCompletionSource`1 retry, DbConnectionOptions userOptions, DbConnectionInternal&amp; connection)
   at System.Data.ProviderBase.DbConnectionClosed.TryOpenConnection(DbConnection outerConnection, DbConnectionFactory connectionFactory, TaskCompletionSource`1 retry, DbConnectionOptions userOptions)
   at System.Data.SqlClient.SqlConnection.TryOpen(TaskCompletionSource`1 retry)
   at System.Data.SqlClient.SqlConnection.Open()
   at System.Data.Linq.SqlClient.SqlConnectionManager.UseConnection(IConnectionUser user)
   at System.Data.Linq.SqlClient.SqlProvider.get_IsSqlCe()
   at System.Data.Linq.SqlClient.SqlProvider.InitializeProviderMode()
   at System.Data.Linq.SqlClient.SqlProvider.System.Data.Linq.Provider.IProvider.Execute(Expression query)
   at System.Data.Linq.DataContext.ExecuteMethodCall(Object instance, MethodInfo methodInfo, Object[] parameters)
   at Tavisca.Catapult.Internal.ResourceAccess.DataProviders.Rate.LINQ.RateDataContext.spSaveRateCard(Nullable`1 id, Nullable`1 productId, String productType, String scope, Nullable`1 isEnabled, Nullable`1 isDeleted) in d:\Code\TOM\Catapult\Code\trunk\CatapultServices\Tavisca.Catapult.Internal.ResourceAccess.DataProviders\Rate\LINQ\Rate.designer.cs:line 265
   at Tavisca.Catapult.Internal.ResourceAccess.DataProviders.Rate.RateProvider.SaveRateCard(String scopeId, RateCard rateCard) in d:\Code\TOM\Catapult\Code\trunk\CatapultServices\Tavisca.Catapult.Internal.ResourceAccess.DataProviders\Rate\RateProvider.cs:line 649
   at Tavisca.Catapult.External.Facade.Tests.TestActivityGenerator.SaveRateCard(RateCard rateCard) in d:\Code\TOM\Catapult\Code\trunk\CatapultServices\Tavisca.Catapult.External.Facade.Tests\TestActivityGenerator.cs:line 352
   at Tavisca.Catapult.External.Facade.Tests.ActivityMultiAvailTests.SearchByGeoCodeTest.FilterByRateCodesTest2() in d:\Code\TOM\Catapult\Code\trunk\CatapultServices\Tavisca.Catapult.External.Facade.Tests\ActivityMultiAvailTests\SearchByGeoCodeTest.cs:line 2515
</StackTrace>
        </ErrorInfo>
      </Output>
    </UnitTestResult>
    <UnitTestResult executionId="186b3fd3-d932-4f11-8816-6a58531c0806" testId="8b1360b6-7dc3-19e4-6078-7f6085742701" testName="FilterByRateCodesTest3" computerName="PHOENIXX" duration="00:00:00.4454311" startTime="2013-08-09T22:01:30.3026198+05:30" endTime="2013-08-09T22:01:30.7477533+05:30" testType="13cdc9d9-ddb5-4fa4-a97d-d965ccfc6d4b" outcome="Failed" testListId="8c84fa94-04c1-424b-9868-57a2d4851a1d" relativeResultsDirectory="186b3fd3-d932-4f11-8816-6a58531c0806">
      <Output>
        <ErrorInfo>
          <Message>Test method Tavisca.Catapult.External.Facade.Tests.ActivityMultiAvailTests.SearchByGeoCodeTest.FilterByRateCodesTest3 threw exception: 
System.Transactions.TransactionManagerCommunicationException: Network access for Distributed Transaction Manager (MSDTC) has been disabled. Please enable DTC for network access in the security configuration for MSDTC using the Component Services Administrative tool. ---&gt; System.Runtime.InteropServices.COMException: The transaction manager has disabled its support for remote/network transactions. (Exception from HRESULT: 0x8004D024)</Message>
          <StackTrace>    at System.Transactions.Oletx.IDtcProxyShimFactory.ReceiveTransaction(UInt32 propgationTokenSize, Byte[] propgationToken, IntPtr managedIdentifier, Guid&amp; transactionIdentifier, OletxTransactionIsolationLevel&amp; isolationLevel, ITransactionShim&amp; transactionShim)
   at System.Transactions.TransactionInterop.GetOletxTransactionFromTransmitterPropigationToken(Byte[] propagationToken)
 --- End of inner exception stack trace ---
    at System.Transactions.Oletx.OletxTransactionManager.ProxyException(COMException comException)
   at System.Transactions.TransactionInterop.GetOletxTransactionFromTransmitterPropigationToken(Byte[] propagationToken)
   at System.Transactions.TransactionStatePSPEOperation.PSPEPromote(InternalTransaction tx)
   at System.Transactions.TransactionStateDelegatedBase.EnterState(InternalTransaction tx)
   at System.Transactions.EnlistableStates.Promote(InternalTransaction tx)
   at System.Transactions.Transaction.Promote()
   at System.Transactions.TransactionInterop.ConvertToOletxTransaction(Transaction transaction)
   at System.Transactions.TransactionInterop.GetExportCookie(Transaction transaction, Byte[] whereabouts)
   at System.Data.SqlClient.SqlInternalConnection.GetTransactionCookie(Transaction transaction, Byte[] whereAbouts)
   at System.Data.SqlClient.SqlInternalConnection.EnlistNonNull(Transaction tx)
   at System.Data.SqlClient.SqlInternalConnection.Enlist(Transaction tx)
   at System.Data.SqlClient.SqlInternalConnectionTds.Activate(Transaction transaction)
   at System.Data.ProviderBase.DbConnectionInternal.ActivateConnection(Transaction transaction)
   at System.Data.ProviderBase.DbConnectionPool.TryGetConnection(DbConnection owningObject, UInt32 waitForMultipleObjectsTimeout, Boolean allowCreate, Boolean onlyOneCheckConnection, DbConnectionOptions userOptions, DbConnectionInternal&amp; connection)
   at System.Data.ProviderBase.DbConnectionPool.TryGetConnection(DbConnection owningObject, TaskCompletionSource`1 retry, DbConnectionOptions userOptions, DbConnectionInternal&amp; connection)
   at System.Data.ProviderBase.DbConnectionFactory.TryGetConnection(DbConnection owningConnection, TaskCompletionSource`1 retry, DbConnectionOptions userOptions, DbConnectionInternal&amp; connection)
   at System.Data.ProviderBase.DbConnectionClosed.TryOpenConnection(DbConnection outerConnection, DbConnectionFactory connectionFactory, TaskCompletionSource`1 retry, DbConnectionOptions userOptions)
   at System.Data.SqlClient.SqlConnection.TryOpen(TaskCompletionSource`1 retry)
   at System.Data.SqlClient.SqlConnection.Open()
   at System.Data.Linq.SqlClient.SqlConnectionManager.UseConnection(IConnectionUser user)
   at System.Data.Linq.SqlClient.SqlProvider.get_IsSqlCe()
   at System.Data.Linq.SqlClient.SqlProvider.InitializeProviderMode()
   at System.Data.Linq.SqlClient.SqlProvider.System.Data.Linq.Provider.IProvider.Execute(Expression query)
   at System.Data.Linq.DataContext.ExecuteMethodCall(Object instance, MethodInfo methodInfo, Object[] parameters)
   at Tavisca.Catapult.Internal.ResourceAccess.DataProviders.Rate.LINQ.RateDataContext.spSaveRateCard(Nullable`1 id, Nullable`1 productId, String productType, String scope, Nullable`1 isEnabled, Nullable`1 isDeleted) in d:\Code\TOM\Catapult\Code\trunk\CatapultServices\Tavisca.Catapult.Internal.ResourceAccess.DataProviders\Rate\LINQ\Rate.designer.cs:line 265
   at Tavisca.Catapult.Internal.ResourceAccess.DataProviders.Rate.RateProvider.SaveRateCard(String scopeId, RateCard rateCard) in d:\Code\TOM\Catapult\Code\trunk\CatapultServices\Tavisca.Catapult.Internal.ResourceAccess.DataProviders\Rate\RateProvider.cs:line 649
   at Tavisca.Catapult.External.Facade.Tests.TestActivityGenerator.SaveRateCard(RateCard rateCard) in d:\Code\TOM\Catapult\Code\trunk\CatapultServices\Tavisca.Catapult.External.Facade.Tests\TestActivityGenerator.cs:line 352
   at Tavisca.Catapult.External.Facade.Tests.ActivityMultiAvailTests.SearchByGeoCodeTest.FilterByRateCodesTest3() in d:\Code\TOM\Catapult\Code\trunk\CatapultServices\Tavisca.Catapult.External.Facade.Tests\ActivityMultiAvailTests\SearchByGeoCodeTest.cs:line 2562
</StackTrace>
        </ErrorInfo>
      </Output>
    </UnitTestResult>
    <UnitTestResult executionId="274de61e-e64d-4028-b428-186ac7ba4cf0" testId="e8fcff6d-f165-d503-271e-bb2d2e6fd3b0" testName="ScopeTest1" computerName="PHOENIXX" duration="00:00:00.3341372" startTime="2013-08-09T22:01:30.7477533+05:30" endTime="2013-08-09T22:01:31.0828538+05:30" testType="13cdc9d9-ddb5-4fa4-a97d-d965ccfc6d4b" outcome="Failed" testListId="8c84fa94-04c1-424b-9868-57a2d4851a1d" relativeResultsDirectory="274de61e-e64d-4028-b428-186ac7ba4cf0">
      <Output>
        <ErrorInfo>
          <Message>Test method Tavisca.Catapult.External.Facade.Tests.ActivityMultiAvailTests.SearchByGeoCodeTest.ScopeTest1 threw exception: 
System.Transactions.TransactionManagerCommunicationException: Network access for Distributed Transaction Manager (MSDTC) has been disabled. Please enable DTC for network access in the security configuration for MSDTC using the Component Services Administrative tool. ---&gt; System.Runtime.InteropServices.COMException: The transaction manager has disabled its support for remote/network transactions. (Exception from HRESULT: 0x8004D024)</Message>
          <StackTrace>    at System.Transactions.Oletx.IDtcProxyShimFactory.ReceiveTransaction(UInt32 propgationTokenSize, Byte[] propgationToken, IntPtr managedIdentifier, Guid&amp; transactionIdentifier, OletxTransactionIsolationLevel&amp; isolationLevel, ITransactionShim&amp; transactionShim)
   at System.Transactions.TransactionInterop.GetOletxTransactionFromTransmitterPropigationToken(Byte[] propagationToken)
 --- End of inner exception stack trace ---
    at System.Transactions.Oletx.OletxTransactionManager.ProxyException(COMException comException)
   at System.Transactions.TransactionInterop.GetOletxTransactionFromTransmitterPropigationToken(Byte[] propagationToken)
   at System.Transactions.TransactionStatePSPEOperation.PSPEPromote(InternalTransaction tx)
   at System.Transactions.TransactionStateDelegatedBase.EnterState(InternalTransaction tx)
   at System.Transactions.EnlistableStates.Promote(InternalTransaction tx)
   at System.Transactions.Transaction.Promote()
   at System.Transactions.TransactionInterop.ConvertToOletxTransaction(Transaction transaction)
   at System.Transactions.TransactionInterop.GetExportCookie(Transaction transaction, Byte[] whereabouts)
   at System.Data.SqlClient.SqlInternalConnection.GetTransactionCookie(Transaction transaction, Byte[] whereAbouts)
   at System.Data.SqlClient.SqlInternalConnection.EnlistNonNull(Transaction tx)
   at System.Data.SqlClient.SqlInternalConnection.Enlist(Transaction tx)
   at System.Data.SqlClient.SqlInternalConnectionTds.Activate(Transaction transaction)
   at System.Data.ProviderBase.DbConnectionInternal.ActivateConnection(Transaction transaction)
   at System.Data.ProviderBase.DbConnectionPool.TryGetConnection(DbConnection owningObject, UInt32 waitForMultipleObjectsTimeout, Boolean allowCreate, Boolean onlyOneCheckConnection, DbConnectionOptions userOptions, DbConnectionInternal&amp; connection)
   at System.Data.ProviderBase.DbConnectionPool.TryGetConnection(DbConnection owningObject, TaskCompletionSource`1 retry, DbConnectionOptions userOptions, DbConnectionInternal&amp; connection)
   at System.Data.ProviderBase.DbConnectionFactory.TryGetConnection(DbConnection owningConnection, TaskCompletionSource`1 retry, DbConnectionOptions userOptions, DbConnectionInternal&amp; connection)
   at System.Data.ProviderBase.DbConnectionClosed.TryOpenConnection(DbConnection outerConnection, DbConnectionFactory connectionFactory, TaskCompletionSource`1 retry, DbConnectionOptions userOptions)
   at System.Data.SqlClient.SqlConnection.TryOpen(TaskCompletionSource`1 retry)
   at System.Data.SqlClient.SqlConnection.Open()
   at System.Data.Linq.SqlClient.SqlConnectionManager.UseConnection(IConnectionUser user)
   at System.Data.Linq.SqlClient.SqlProvider.get_IsSqlCe()
   at System.Data.Linq.SqlClient.SqlProvider.InitializeProviderMode()
   at System.Data.Linq.SqlClient.SqlProvider.System.Data.Linq.Provider.IProvider.Execute(Expression query)
   at System.Data.Linq.DataContext.ExecuteMethodCall(Object instance, MethodInfo methodInfo, Object[] parameters)
   at Tavisca.Catapult.Internal.ResourceAccess.DataProviders.Rate.LINQ.RateDataContext.spSaveRateCard(Nullable`1 id, Nullable`1 productId, String productType, String scope, Nullable`1 isEnabled, Nullable`1 isDeleted) in d:\Code\TOM\Catapult\Code\trunk\CatapultServices\Tavisca.Catapult.Internal.ResourceAccess.DataProviders\Rate\LINQ\Rate.designer.cs:line 265
   at Tavisca.Catapult.Internal.ResourceAccess.DataProviders.Rate.RateProvider.SaveRateCard(String scopeId, RateCard rateCard) in d:\Code\TOM\Catapult\Code\trunk\CatapultServices\Tavisca.Catapult.Internal.ResourceAccess.DataProviders\Rate\RateProvider.cs:line 649
   at Tavisca.Catapult.External.Facade.Tests.TestActivityGenerator.SaveRateCard(RateCard rateCard) in d:\Code\TOM\Catapult\Code\trunk\CatapultServices\Tavisca.Catapult.External.Facade.Tests\TestActivityGenerator.cs:line 352
   at Tavisca.Catapult.External.Facade.Tests.ActivityMultiAvailTests.SearchByGeoCodeTest.ScopeTest1() in d:\Code\TOM\Catapult\Code\trunk\CatapultServices\Tavisca.Catapult.External.Facade.Tests\ActivityMultiAvailTests\SearchByGeoCodeTest.cs:line 2614
</StackTrace>
        </ErrorInfo>
      </Output>
    </UnitTestResult>
    <UnitTestResult executionId="11c55239-fa21-45b8-b295-0d3a28d4e5bc" testId="ecdff1ab-80ba-81a0-6f6f-3f6af4358c22" testName="ScopeTest2" computerName="PHOENIXX" duration="00:00:00.3051303" startTime="2013-08-09T22:01:31.0828538+05:30" endTime="2013-08-09T22:01:31.3879453+05:30" testType="13cdc9d9-ddb5-4fa4-a97d-d965ccfc6d4b" outcome="Failed" testListId="8c84fa94-04c1-424b-9868-57a2d4851a1d" relativeResultsDirectory="11c55239-fa21-45b8-b295-0d3a28d4e5bc">
      <Output>
        <ErrorInfo>
          <Message>Test method Tavisca.Catapult.External.Facade.Tests.ActivityMultiAvailTests.SearchByGeoCodeTest.ScopeTest2 threw exception: 
System.Transactions.TransactionManagerCommunicationException: Network access for Distributed Transaction Manager (MSDTC) has been disabled. Please enable DTC for network access in the security configuration for MSDTC using the Component Services Administrative tool. ---&gt; System.Runtime.InteropServices.COMException: The transaction manager has disabled its support for remote/network transactions. (Exception from HRESULT: 0x8004D024)</Message>
          <StackTrace>    at System.Transactions.Oletx.IDtcProxyShimFactory.ReceiveTransaction(UInt32 propgationTokenSize, Byte[] propgationToken, IntPtr managedIdentifier, Guid&amp; transactionIdentifier, OletxTransactionIsolationLevel&amp; isolationLevel, ITransactionShim&amp; transactionShim)
   at System.Transactions.TransactionInterop.GetOletxTransactionFromTransmitterPropigationToken(Byte[] propagationToken)
 --- End of inner exception stack trace ---
    at System.Transactions.Oletx.OletxTransactionManager.ProxyException(COMException comException)
   at System.Transactions.TransactionInterop.GetOletxTransactionFromTransmitterPropigationToken(Byte[] propagationToken)
   at System.Transactions.TransactionStatePSPEOperation.PSPEPromote(InternalTransaction tx)
   at System.Transactions.TransactionStateDelegatedBase.EnterState(InternalTransaction tx)
   at System.Transactions.EnlistableStates.Promote(InternalTransaction tx)
   at System.Transactions.Transaction.Promote()
   at System.Transactions.TransactionInterop.ConvertToOletxTransaction(Transaction transaction)
   at System.Transactions.TransactionInterop.GetExportCookie(Transaction transaction, Byte[] whereabouts)
   at System.Data.SqlClient.SqlInternalConnection.GetTransactionCookie(Transaction transaction, Byte[] whereAbouts)
   at System.Data.SqlClient.SqlInternalConnection.EnlistNonNull(Transaction tx)
   at System.Data.SqlClient.SqlInternalConnection.Enlist(Transaction tx)
   at System.Data.SqlClient.SqlInternalConnectionTds.Activate(Transaction transaction)
   at System.Data.ProviderBase.DbConnectionInternal.ActivateConnection(Transaction transaction)
   at System.Data.ProviderBase.DbConnectionPool.TryGetConnection(DbConnection owningObject, UInt32 waitForMultipleObjectsTimeout, Boolean allowCreate, Boolean onlyOneCheckConnection, DbConnectionOptions userOptions, DbConnectionInternal&amp; connection)
   at System.Data.ProviderBase.DbConnectionPool.TryGetConnection(DbConnection owningObject, TaskCompletionSource`1 retry, DbConnectionOptions userOptions, DbConnectionInternal&amp; connection)
   at System.Data.ProviderBase.DbConnectionFactory.TryGetConnection(DbConnection owningConnection, TaskCompletionSource`1 retry, DbConnectionOptions userOptions, DbConnectionInternal&amp; connection)
   at System.Data.ProviderBase.DbConnectionClosed.TryOpenConnection(DbConnection outerConnection, DbConnectionFactory connectionFactory, TaskCompletionSource`1 retry, DbConnectionOptions userOptions)
   at System.Data.SqlClient.SqlConnection.TryOpen(TaskCompletionSource`1 retry)
   at System.Data.SqlClient.SqlConnection.Open()
   at System.Data.Linq.SqlClient.SqlConnectionManager.UseConnection(IConnectionUser user)
   at System.Data.Linq.SqlClient.SqlProvider.get_IsSqlCe()
   at System.Data.Linq.SqlClient.SqlProvider.InitializeProviderMode()
   at System.Data.Linq.SqlClient.SqlProvider.System.Data.Linq.Provider.IProvider.Execute(Expression query)
   at System.Data.Linq.DataContext.ExecuteMethodCall(Object instance, MethodInfo methodInfo, Object[] parameters)
   at Tavisca.Catapult.Internal.ResourceAccess.DataProviders.Rate.LINQ.RateDataContext.spSaveRateCard(Nullable`1 id, Nullable`1 productId, String productType, String scope, Nullable`1 isEnabled, Nullable`1 isDeleted) in d:\Code\TOM\Catapult\Code\trunk\CatapultServices\Tavisca.Catapult.Internal.ResourceAccess.DataProviders\Rate\LINQ\Rate.designer.cs:line 265
   at Tavisca.Catapult.Internal.ResourceAccess.DataProviders.Rate.RateProvider.SaveRateCard(String scopeId, RateCard rateCard) in d:\Code\TOM\Catapult\Code\trunk\CatapultServices\Tavisca.Catapult.Internal.ResourceAccess.DataProviders\Rate\RateProvider.cs:line 649
   at Tavisca.Catapult.External.Facade.Tests.TestActivityGenerator.SaveRateCard(RateCard rateCard) in d:\Code\TOM\Catapult\Code\trunk\CatapultServices\Tavisca.Catapult.External.Facade.Tests\TestActivityGenerator.cs:line 352
   at Tavisca.Catapult.External.Facade.Tests.ActivityMultiAvailTests.SearchByGeoCodeTest.ScopeTest2() in d:\Code\TOM\Catapult\Code\trunk\CatapultServices\Tavisca.Catapult.External.Facade.Tests\ActivityMultiAvailTests\SearchByGeoCodeTest.cs:line 2661
</StackTrace>
        </ErrorInfo>
      </Output>
    </UnitTestResult>
    <UnitTestResult executionId="40e33bc1-3659-4087-ae05-2e292ab23bd2" testId="0a9cfafb-4b30-beda-2bb6-6a2726146cb2" testName="ActivityCodeTest1" computerName="PHOENIXX" duration="00:00:00.3305213" startTime="2013-08-09T22:01:31.3879453+05:30" endTime="2013-08-09T22:01:31.7190446+05:30" testType="13cdc9d9-ddb5-4fa4-a97d-d965ccfc6d4b" outcome="Failed" testListId="8c84fa94-04c1-424b-9868-57a2d4851a1d" relativeResultsDirectory="40e33bc1-3659-4087-ae05-2e292ab23bd2">
      <Output>
        <ErrorInfo>
          <Message>Test method Tavisca.Catapult.External.Facade.Tests.ActivitySingleAvailTests.PriceActivityTest.ActivityCodeTest1 threw exception: 
System.Transactions.TransactionManagerCommunicationException: Network access for Distributed Transaction Manager (MSDTC) has been disabled. Please enable DTC for network access in the security configuration for MSDTC using the Component Services Administrative tool. ---&gt; System.Runtime.InteropServices.COMException: The transaction manager has disabled its support for remote/network transactions. (Exception from HRESULT: 0x8004D024)</Message>
          <StackTrace>    at System.Transactions.Oletx.IDtcProxyShimFactory.ReceiveTransaction(UInt32 propgationTokenSize, Byte[] propgationToken, IntPtr managedIdentifier, Guid&amp; transactionIdentifier, OletxTransactionIsolationLevel&amp; isolationLevel, ITransactionShim&amp; transactionShim)
   at System.Transactions.TransactionInterop.GetOletxTransactionFromTransmitterPropigationToken(Byte[] propagationToken)
 --- End of inner exception stack trace ---
    at System.Transactions.Oletx.OletxTransactionManager.ProxyException(COMException comException)
   at System.Transactions.TransactionInterop.GetOletxTransactionFromTransmitterPropigationToken(Byte[] propagationToken)
   at System.Transactions.TransactionStatePSPEOperation.PSPEPromote(InternalTransaction tx)
   at System.Transactions.TransactionStateDelegatedBase.EnterState(InternalTransaction tx)
   at System.Transactions.EnlistableStates.Promote(InternalTransaction tx)
   at System.Transactions.Transaction.Promote()
   at System.Transactions.TransactionInterop.ConvertToOletxTransaction(Transaction transaction)
   at System.Transactions.TransactionInterop.GetExportCookie(Transaction transaction, Byte[] whereabouts)
   at System.Data.SqlClient.SqlInternalConnection.GetTransactionCookie(Transaction transaction, Byte[] whereAbouts)
   at System.Data.SqlClient.SqlInternalConnection.EnlistNonNull(Transaction tx)
   at System.Data.SqlClient.SqlInternalConnection.Enlist(Transaction tx)
   at System.Data.SqlClient.SqlInternalConnectionTds.Activate(Transaction transaction)
   at System.Data.ProviderBase.DbConnectionInternal.ActivateConnection(Transaction transaction)
   at System.Data.ProviderBase.DbConnectionPool.TryGetConnection(DbConnection owningObject, UInt32 waitForMultipleObjectsTimeout, Boolean allowCreate, Boolean onlyOneCheckConnection, DbConnectionOptions userOptions, DbConnectionInternal&amp; connection)
   at System.Data.ProviderBase.DbConnectionPool.TryGetConnection(DbConnection owningObject, TaskCompletionSource`1 retry, DbConnectionOptions userOptions, DbConnectionInternal&amp; connection)
   at System.Data.ProviderBase.DbConnectionFactory.TryGetConnection(DbConnection owningConnection, TaskCompletionSource`1 retry, DbConnectionOptions userOptions, DbConnectionInternal&amp; connection)
   at System.Data.ProviderBase.DbConnectionClosed.TryOpenConnection(DbConnection outerConnection, DbConnectionFactory connectionFactory, TaskCompletionSource`1 retry, DbConnectionOptions userOptions)
   at System.Data.SqlClient.SqlConnection.TryOpen(TaskCompletionSource`1 retry)
   at System.Data.SqlClient.SqlConnection.Open()
   at System.Data.Linq.SqlClient.SqlConnectionManager.UseConnection(IConnectionUser user)
   at System.Data.Linq.SqlClient.SqlProvider.get_IsSqlCe()
   at System.Data.Linq.SqlClient.SqlProvider.InitializeProviderMode()
   at System.Data.Linq.SqlClient.SqlProvider.System.Data.Linq.Provider.IProvider.Execute(Expression query)
   at System.Data.Linq.DataContext.ExecuteMethodCall(Object instance, MethodInfo methodInfo, Object[] parameters)
   at Tavisca.Catapult.Internal.ResourceAccess.DataProviders.Rate.LINQ.RateDataContext.spSaveRateCard(Nullable`1 id, Nullable`1 productId, String productType, String scope, Nullable`1 isEnabled, Nullable`1 isDeleted) in d:\Code\TOM\Catapult\Code\trunk\CatapultServices\Tavisca.Catapult.Internal.ResourceAccess.DataProviders\Rate\LINQ\Rate.designer.cs:line 265
   at Tavisca.Catapult.Internal.ResourceAccess.DataProviders.Rate.RateProvider.SaveRateCard(String scopeId, RateCard rateCard) in d:\Code\TOM\Catapult\Code\trunk\CatapultServices\Tavisca.Catapult.Internal.ResourceAccess.DataProviders\Rate\RateProvider.cs:line 649
   at Tavisca.Catapult.External.Facade.Tests.TestActivityGenerator.SaveRateCard(RateCard rateCard) in d:\Code\TOM\Catapult\Code\trunk\CatapultServices\Tavisca.Catapult.External.Facade.Tests\TestActivityGenerator.cs:line 352
   at Tavisca.Catapult.External.Facade.Tests.ActivitySingleAvailTests.PriceActivityTest.ActivityCodeTest1() in d:\Code\TOM\Catapult\Code\trunk\CatapultServices\Tavisca.Catapult.External.Facade.Tests\ActivitySingleAvailTests\PriceActivityTest.cs:line 39
</StackTrace>
        </ErrorInfo>
      </Output>
    </UnitTestResult>
    <UnitTestResult executionId="cd37bff3-13b4-46aa-9079-967cf8cfbd28" testId="74f4bdc2-40d0-4d47-e14d-71e140799c31" testName="SelectedDateTest" computerName="PHOENIXX" duration="00:00:00.2995410" startTime="2013-08-09T22:01:31.7190446+05:30" endTime="2013-08-09T22:01:32.0191346+05:30" testType="13cdc9d9-ddb5-4fa4-a97d-d965ccfc6d4b" outcome="Failed" testListId="8c84fa94-04c1-424b-9868-57a2d4851a1d" relativeResultsDirectory="cd37bff3-13b4-46aa-9079-967cf8cfbd28">
      <Output>
        <ErrorInfo>
          <Message>Test method Tavisca.Catapult.External.Facade.Tests.ActivitySingleAvailTests.PriceActivityTest.SelectedDateTest threw exception: 
System.Transactions.TransactionManagerCommunicationException: Network access for Distributed Transaction Manager (MSDTC) has been disabled. Please enable DTC for network access in the security configuration for MSDTC using the Component Services Administrative tool. ---&gt; System.Runtime.InteropServices.COMException: The transaction manager has disabled its support for remote/network transactions. (Exception from HRESULT: 0x8004D024)</Message>
          <StackTrace>    at System.Transactions.Oletx.IDtcProxyShimFactory.ReceiveTransaction(UInt32 propgationTokenSize, Byte[] propgationToken, IntPtr managedIdentifier, Guid&amp; transactionIdentifier, OletxTransactionIsolationLevel&amp; isolationLevel, ITransactionShim&amp; transactionShim)
   at System.Transactions.TransactionInterop.GetOletxTransactionFromTransmitterPropigationToken(Byte[] propagationToken)
 --- End of inner exception stack trace ---
    at System.Transactions.Oletx.OletxTransactionManager.ProxyException(COMException comException)
   at System.Transactions.TransactionInterop.GetOletxTransactionFromTransmitterPropigationToken(Byte[] propagationToken)
   at System.Transactions.TransactionStatePSPEOperation.PSPEPromote(InternalTransaction tx)
   at System.Transactions.TransactionStateDelegatedBase.EnterState(InternalTransaction tx)
   at System.Transactions.EnlistableStates.Promote(InternalTransaction tx)
   at System.Transactions.Transaction.Promote()
   at System.Transactions.TransactionInterop.ConvertToOletxTransaction(Transaction transaction)
   at System.Transactions.TransactionInterop.GetExportCookie(Transaction transaction, Byte[] whereabouts)
   at System.Data.SqlClient.SqlInternalConnection.GetTransactionCookie(Transaction transaction, Byte[] whereAbouts)
   at System.Data.SqlClient.SqlInternalConnection.EnlistNonNull(Transaction tx)
   at System.Data.SqlClient.SqlInternalConnection.Enlist(Transaction tx)
   at System.Data.SqlClient.SqlInternalConnectionTds.Activate(Transaction transaction)
   at System.Data.ProviderBase.DbConnectionInternal.ActivateConnection(Transaction transaction)
   at System.Data.ProviderBase.DbConnectionPool.TryGetConnection(DbConnection owningObject, UInt32 waitForMultipleObjectsTimeout, Boolean allowCreate, Boolean onlyOneCheckConnection, DbConnectionOptions userOptions, DbConnectionInternal&amp; connection)
   at System.Data.ProviderBase.DbConnectionPool.TryGetConnection(DbConnection owningObject, TaskCompletionSource`1 retry, DbConnectionOptions userOptions, DbConnectionInternal&amp; connection)
   at System.Data.ProviderBase.DbConnectionFactory.TryGetConnection(DbConnection owningConnection, TaskCompletionSource`1 retry, DbConnectionOptions userOptions, DbConnectionInternal&amp; connection)
   at System.Data.ProviderBase.DbConnectionClosed.TryOpenConnection(DbConnection outerConnection, DbConnectionFactory connectionFactory, TaskCompletionSource`1 retry, DbConnectionOptions userOptions)
   at System.Data.SqlClient.SqlConnection.TryOpen(TaskCompletionSource`1 retry)
   at System.Data.SqlClient.SqlConnection.Open()
   at System.Data.Linq.SqlClient.SqlConnectionManager.UseConnection(IConnectionUser user)
   at System.Data.Linq.SqlClient.SqlProvider.get_IsSqlCe()
   at System.Data.Linq.SqlClient.SqlProvider.InitializeProviderMode()
   at System.Data.Linq.SqlClient.SqlProvider.System.Data.Linq.Provider.IProvider.Execute(Expression query)
   at System.Data.Linq.DataContext.ExecuteMethodCall(Object instance, MethodInfo methodInfo, Object[] parameters)
   at Tavisca.Catapult.Internal.ResourceAccess.DataProviders.Rate.LINQ.RateDataContext.spSaveRateCard(Nullable`1 id, Nullable`1 productId, String productType, String scope, Nullable`1 isEnabled, Nullable`1 isDeleted) in d:\Code\TOM\Catapult\Code\trunk\CatapultServices\Tavisca.Catapult.Internal.ResourceAccess.DataProviders\Rate\LINQ\Rate.designer.cs:line 265
   at Tavisca.Catapult.Internal.ResourceAccess.DataProviders.Rate.RateProvider.SaveRateCard(String scopeId, RateCard rateCard) in d:\Code\TOM\Catapult\Code\trunk\CatapultServices\Tavisca.Catapult.Internal.ResourceAccess.DataProviders\Rate\RateProvider.cs:line 649
   at Tavisca.Catapult.External.Facade.Tests.TestActivityGenerator.SaveRateCard(RateCard rateCard) in d:\Code\TOM\Catapult\Code\trunk\CatapultServices\Tavisca.Catapult.External.Facade.Tests\TestActivityGenerator.cs:line 352
   at Tavisca.Catapult.External.Facade.Tests.ActivitySingleAvailTests.PriceActivityTest.SelectedDateTest() in d:\Code\TOM\Catapult\Code\trunk\CatapultServices\Tavisca.Catapult.External.Facade.Tests\ActivitySingleAvailTests\PriceActivityTest.cs:line 81
</StackTrace>
        </ErrorInfo>
      </Output>
    </UnitTestResult>
    <UnitTestResult executionId="fc38a5ad-2507-43fe-b4fd-514ca2857cf8" testId="70c5f987-ae87-edf4-6b29-37214c732d09" testName="BlackOutPeriodTest1" computerName="PHOENIXX" duration="00:00:00.3499561" startTime="2013-08-09T22:01:32.0191346+05:30" endTime="2013-08-09T22:01:32.3692396+05:30" testType="13cdc9d9-ddb5-4fa4-a97d-d965ccfc6d4b" outcome="Failed" testListId="8c84fa94-04c1-424b-9868-57a2d4851a1d" relativeResultsDirectory="fc38a5ad-2507-43fe-b4fd-514ca2857cf8">
      <Output>
        <ErrorInfo>
          <Message>Test method Tavisca.Catapult.External.Facade.Tests.ActivitySingleAvailTests.PriceActivityTest.BlackOutPeriodTest1 threw exception: 
System.Transactions.TransactionManagerCommunicationException: Network access for Distributed Transaction Manager (MSDTC) has been disabled. Please enable DTC for network access in the security configuration for MSDTC using the Component Services Administrative tool. ---&gt; System.Runtime.InteropServices.COMException: The transaction manager has disabled its support for remote/network transactions. (Exception from HRESULT: 0x8004D024)</Message>
          <StackTrace>    at System.Transactions.Oletx.IDtcProxyShimFactory.ReceiveTransaction(UInt32 propgationTokenSize, Byte[] propgationToken, IntPtr managedIdentifier, Guid&amp; transactionIdentifier, OletxTransactionIsolationLevel&amp; isolationLevel, ITransactionShim&amp; transactionShim)
   at System.Transactions.TransactionInterop.GetOletxTransactionFromTransmitterPropigationToken(Byte[] propagationToken)
 --- End of inner exception stack trace ---
    at System.Transactions.Oletx.OletxTransactionManager.ProxyException(COMException comException)
   at System.Transactions.TransactionInterop.GetOletxTransactionFromTransmitterPropigationToken(Byte[] propagationToken)
   at System.Transactions.TransactionStatePSPEOperation.PSPEPromote(InternalTransaction tx)
   at System.Transactions.TransactionStateDelegatedBase.EnterState(InternalTransaction tx)
   at System.Transactions.EnlistableStates.Promote(InternalTransaction tx)
   at System.Transactions.Transaction.Promote()
   at System.Transactions.TransactionInterop.ConvertToOletxTransaction(Transaction transaction)
   at System.Transactions.TransactionInterop.GetExportCookie(Transaction transaction, Byte[] whereabouts)
   at System.Data.SqlClient.SqlInternalConnection.GetTransactionCookie(Transaction transaction, Byte[] whereAbouts)
   at System.Data.SqlClient.SqlInternalConnection.EnlistNonNull(Transaction tx)
   at System.Data.SqlClient.SqlInternalConnection.Enlist(Transaction tx)
   at System.Data.SqlClient.SqlInternalConnectionTds.Activate(Transaction transaction)
   at System.Data.ProviderBase.DbConnectionInternal.ActivateConnection(Transaction transaction)
   at System.Data.ProviderBase.DbConnectionPool.TryGetConnection(DbConnection owningObject, UInt32 waitForMultipleObjectsTimeout, Boolean allowCreate, Boolean onlyOneCheckConnection, DbConnectionOptions userOptions, DbConnectionInternal&amp; connection)
   at System.Data.ProviderBase.DbConnectionPool.TryGetConnection(DbConnection owningObject, TaskCompletionSource`1 retry, DbConnectionOptions userOptions, DbConnectionInternal&amp; connection)
   at System.Data.ProviderBase.DbConnectionFactory.TryGetConnection(DbConnection owningConnection, TaskCompletionSource`1 retry, DbConnectionOptions userOptions, DbConnectionInternal&amp; connection)
   at System.Data.ProviderBase.DbConnectionClosed.TryOpenConnection(DbConnection outerConnection, DbConnectionFactory connectionFactory, TaskCompletionSource`1 retry, DbConnectionOptions userOptions)
   at System.Data.SqlClient.SqlConnection.TryOpen(TaskCompletionSource`1 retry)
   at System.Data.SqlClient.SqlConnection.Open()
   at System.Data.Linq.SqlClient.SqlConnectionManager.UseConnection(IConnectionUser user)
   at System.Data.Linq.SqlClient.SqlProvider.get_IsSqlCe()
   at System.Data.Linq.SqlClient.SqlProvider.InitializeProviderMode()
   at System.Data.Linq.SqlClient.SqlProvider.System.Data.Linq.Provider.IProvider.Execute(Expression query)
   at System.Data.Linq.DataContext.ExecuteMethodCall(Object instance, MethodInfo methodInfo, Object[] parameters)
   at Tavisca.Catapult.Internal.ResourceAccess.DataProviders.Rate.LINQ.RateDataContext.spSaveRateCard(Nullable`1 id, Nullable`1 productId, String productType, String scope, Nullable`1 isEnabled, Nullable`1 isDeleted) in d:\Code\TOM\Catapult\Code\trunk\CatapultServices\Tavisca.Catapult.Internal.ResourceAccess.DataProviders\Rate\LINQ\Rate.designer.cs:line 265
   at Tavisca.Catapult.Internal.ResourceAccess.DataProviders.Rate.RateProvider.SaveRateCard(String scopeId, RateCard rateCard) in d:\Code\TOM\Catapult\Code\trunk\CatapultServices\Tavisca.Catapult.Internal.ResourceAccess.DataProviders\Rate\RateProvider.cs:line 649
   at Tavisca.Catapult.External.Facade.Tests.TestActivityGenerator.SaveRateCard(RateCard rateCard) in d:\Code\TOM\Catapult\Code\trunk\CatapultServices\Tavisca.Catapult.External.Facade.Tests\TestActivityGenerator.cs:line 352
   at Tavisca.Catapult.External.Facade.Tests.ActivitySingleAvailTests.PriceActivityTest.BlackOutPeriodTest1() in d:\Code\TOM\Catapult\Code\trunk\CatapultServices\Tavisca.Catapult.External.Facade.Tests\ActivitySingleAvailTests\PriceActivityTest.cs:line 125
</StackTrace>
        </ErrorInfo>
      </Output>
    </UnitTestResult>
    <UnitTestResult executionId="cf0237f2-678b-4847-a563-024e1dc4250e" testId="55acbed4-a661-648d-fe7c-af06111e2445" testName="BlackOutPeriodTest2" computerName="PHOENIXX" duration="00:00:00.4777734" startTime="2013-08-09T22:01:32.3692396+05:30" endTime="2013-08-09T22:01:32.8473830+05:30" testType="13cdc9d9-ddb5-4fa4-a97d-d965ccfc6d4b" outcome="Failed" testListId="8c84fa94-04c1-424b-9868-57a2d4851a1d" relativeResultsDirectory="cf0237f2-678b-4847-a563-024e1dc4250e">
      <Output>
        <ErrorInfo>
          <Message>Test method Tavisca.Catapult.External.Facade.Tests.ActivitySingleAvailTests.PriceActivityTest.BlackOutPeriodTest2 threw exception: 
System.Transactions.TransactionManagerCommunicationException: Network access for Distributed Transaction Manager (MSDTC) has been disabled. Please enable DTC for network access in the security configuration for MSDTC using the Component Services Administrative tool. ---&gt; System.Runtime.InteropServices.COMException: The transaction manager has disabled its support for remote/network transactions. (Exception from HRESULT: 0x8004D024)</Message>
          <StackTrace>    at System.Transactions.Oletx.IDtcProxyShimFactory.ReceiveTransaction(UInt32 propgationTokenSize, Byte[] propgationToken, IntPtr managedIdentifier, Guid&amp; transactionIdentifier, OletxTransactionIsolationLevel&amp; isolationLevel, ITransactionShim&amp; transactionShim)
   at System.Transactions.TransactionInterop.GetOletxTransactionFromTransmitterPropigationToken(Byte[] propagationToken)
 --- End of inner exception stack trace ---
    at System.Transactions.Oletx.OletxTransactionManager.ProxyException(COMException comException)
   at System.Transactions.TransactionInterop.GetOletxTransactionFromTransmitterPropigationToken(Byte[] propagationToken)
   at System.Transactions.TransactionStatePSPEOperation.PSPEPromote(InternalTransaction tx)
   at System.Transactions.TransactionStateDelegatedBase.EnterState(InternalTransaction tx)
   at System.Transactions.EnlistableStates.Promote(InternalTransaction tx)
   at System.Transactions.Transaction.Promote()
   at System.Transactions.TransactionInterop.ConvertToOletxTransaction(Transaction transaction)
   at System.Transactions.TransactionInterop.GetExportCookie(Transaction transaction, Byte[] whereabouts)
   at System.Data.SqlClient.SqlInternalConnection.GetTransactionCookie(Transaction transaction, Byte[] whereAbouts)
   at System.Data.SqlClient.SqlInternalConnection.EnlistNonNull(Transaction tx)
   at System.Data.SqlClient.SqlInternalConnection.Enlist(Transaction tx)
   at System.Data.SqlClient.SqlInternalConnectionTds.Activate(Transaction transaction)
   at System.Data.ProviderBase.DbConnectionInternal.ActivateConnection(Transaction transaction)
   at System.Data.ProviderBase.DbConnectionPool.TryGetConnection(DbConnection owningObject, UInt32 waitForMultipleObjectsTimeout, Boolean allowCreate, Boolean onlyOneCheckConnection, DbConnectionOptions userOptions, DbConnectionInternal&amp; connection)
   at System.Data.ProviderBase.DbConnectionPool.TryGetConnection(DbConnection owningObject, TaskCompletionSource`1 retry, DbConnectionOptions userOptions, DbConnectionInternal&amp; connection)
   at System.Data.ProviderBase.DbConnectionFactory.TryGetConnection(DbConnection owningConnection, TaskCompletionSource`1 retry, DbConnectionOptions userOptions, DbConnectionInternal&amp; connection)
   at System.Data.ProviderBase.DbConnectionClosed.TryOpenConnection(DbConnection outerConnection, DbConnectionFactory connectionFactory, TaskCompletionSource`1 retry, DbConnectionOptions userOptions)
   at System.Data.SqlClient.SqlConnection.TryOpen(TaskCompletionSource`1 retry)
   at System.Data.SqlClient.SqlConnection.Open()
   at System.Data.Linq.SqlClient.SqlConnectionManager.UseConnection(IConnectionUser user)
   at System.Data.Linq.SqlClient.SqlProvider.get_IsSqlCe()
   at System.Data.Linq.SqlClient.SqlProvider.InitializeProviderMode()
   at System.Data.Linq.SqlClient.SqlProvider.System.Data.Linq.Provider.IProvider.Execute(Expression query)
   at System.Data.Linq.DataContext.ExecuteMethodCall(Object instance, MethodInfo methodInfo, Object[] parameters)
   at Tavisca.Catapult.Internal.ResourceAccess.DataProviders.Rate.LINQ.RateDataContext.spSaveRateCard(Nullable`1 id, Nullable`1 productId, String productType, String scope, Nullable`1 isEnabled, Nullable`1 isDeleted) in d:\Code\TOM\Catapult\Code\trunk\CatapultServices\Tavisca.Catapult.Internal.ResourceAccess.DataProviders\Rate\LINQ\Rate.designer.cs:line 265
   at Tavisca.Catapult.Internal.ResourceAccess.DataProviders.Rate.RateProvider.SaveRateCard(String scopeId, RateCard rateCard) in d:\Code\TOM\Catapult\Code\trunk\CatapultServices\Tavisca.Catapult.Internal.ResourceAccess.DataProviders\Rate\RateProvider.cs:line 649
   at Tavisca.Catapult.External.Facade.Tests.TestActivityGenerator.SaveRateCard(RateCard rateCard) in d:\Code\TOM\Catapult\Code\trunk\CatapultServices\Tavisca.Catapult.External.Facade.Tests\TestActivityGenerator.cs:line 352
   at Tavisca.Catapult.External.Facade.Tests.ActivitySingleAvailTests.PriceActivityTest.BlackOutPeriodTest2() in d:\Code\TOM\Catapult\Code\trunk\CatapultServices\Tavisca.Catapult.External.Facade.Tests\ActivitySingleAvailTests\PriceActivityTest.cs:line 171
</StackTrace>
        </ErrorInfo>
      </Output>
    </UnitTestResult>
    <UnitTestResult executionId="b1c5c4c7-cff6-4574-9ce7-689131bc0783" testId="38d3c0cd-f8f1-a5e4-1910-314ba9d72658" testName="GuestInformationTest1" computerName="PHOENIXX" duration="00:00:00.3990688" startTime="2013-08-09T22:01:32.8473830+05:30" endTime="2013-08-09T22:01:33.2465027+05:30" testType="13cdc9d9-ddb5-4fa4-a97d-d965ccfc6d4b" outcome="Failed" testListId="8c84fa94-04c1-424b-9868-57a2d4851a1d" relativeResultsDirectory="b1c5c4c7-cff6-4574-9ce7-689131bc0783">
      <Output>
        <ErrorInfo>
          <Message>Test method Tavisca.Catapult.External.Facade.Tests.ActivitySingleAvailTests.PriceActivityTest.GuestInformationTest1 threw exception: 
System.Transactions.TransactionManagerCommunicationException: Network access for Distributed Transaction Manager (MSDTC) has been disabled. Please enable DTC for network access in the security configuration for MSDTC using the Component Services Administrative tool. ---&gt; System.Runtime.InteropServices.COMException: The transaction manager has disabled its support for remote/network transactions. (Exception from HRESULT: 0x8004D024)</Message>
          <StackTrace>    at System.Transactions.Oletx.IDtcProxyShimFactory.ReceiveTransaction(UInt32 propgationTokenSize, Byte[] propgationToken, IntPtr managedIdentifier, Guid&amp; transactionIdentifier, OletxTransactionIsolationLevel&amp; isolationLevel, ITransactionShim&amp; transactionShim)
   at System.Transactions.TransactionInterop.GetOletxTransactionFromTransmitterPropigationToken(Byte[] propagationToken)
 --- End of inner exception stack trace ---
    at System.Transactions.Oletx.OletxTransactionManager.ProxyException(COMException comException)
   at System.Transactions.TransactionInterop.GetOletxTransactionFromTransmitterPropigationToken(Byte[] propagationToken)
   at System.Transactions.TransactionStatePSPEOperation.PSPEPromote(InternalTransaction tx)
   at System.Transactions.TransactionStateDelegatedBase.EnterState(InternalTransaction tx)
   at System.Transactions.EnlistableStates.Promote(InternalTransaction tx)
   at System.Transactions.Transaction.Promote()
   at System.Transactions.TransactionInterop.ConvertToOletxTransaction(Transaction transaction)
   at System.Transactions.TransactionInterop.GetExportCookie(Transaction transaction, Byte[] whereabouts)
   at System.Data.SqlClient.SqlInternalConnection.GetTransactionCookie(Transaction transaction, Byte[] whereAbouts)
   at System.Data.SqlClient.SqlInternalConnection.EnlistNonNull(Transaction tx)
   at System.Data.SqlClient.SqlInternalConnection.Enlist(Transaction tx)
   at System.Data.SqlClient.SqlInternalConnectionTds.Activate(Transaction transaction)
   at System.Data.ProviderBase.DbConnectionInternal.ActivateConnection(Transaction transaction)
   at System.Data.ProviderBase.DbConnectionPool.TryGetConnection(DbConnection owningObject, UInt32 waitForMultipleObjectsTimeout, Boolean allowCreate, Boolean onlyOneCheckConnection, DbConnectionOptions userOptions, DbConnectionInternal&amp; connection)
   at System.Data.ProviderBase.DbConnectionPool.TryGetConnection(DbConnection owningObject, TaskCompletionSource`1 retry, DbConnectionOptions userOptions, DbConnectionInternal&amp; connection)
   at System.Data.ProviderBase.DbConnectionFactory.TryGetConnection(DbConnection owningConnection, TaskCompletionSource`1 retry, DbConnectionOptions userOptions, DbConnectionInternal&amp; connection)
   at System.Data.ProviderBase.DbConnectionClosed.TryOpenConnection(DbConnection outerConnection, DbConnectionFactory connectionFactory, TaskCompletionSource`1 retry, DbConnectionOptions userOptions)
   at System.Data.SqlClient.SqlConnection.TryOpen(TaskCompletionSource`1 retry)
   at System.Data.SqlClient.SqlConnection.Open()
   at System.Data.Linq.SqlClient.SqlConnectionManager.UseConnection(IConnectionUser user)
   at System.Data.Linq.SqlClient.SqlProvider.get_IsSqlCe()
   at System.Data.Linq.SqlClient.SqlProvider.InitializeProviderMode()
   at System.Data.Linq.SqlClient.SqlProvider.System.Data.Linq.Provider.IProvider.Execute(Expression query)
   at System.Data.Linq.DataContext.ExecuteMethodCall(Object instance, MethodInfo methodInfo, Object[] parameters)
   at Tavisca.Catapult.Internal.ResourceAccess.DataProviders.Rate.LINQ.RateDataContext.spSaveRateCard(Nullable`1 id, Nullable`1 productId, String productType, String scope, Nullable`1 isEnabled, Nullable`1 isDeleted) in d:\Code\TOM\Catapult\Code\trunk\CatapultServices\Tavisca.Catapult.Internal.ResourceAccess.DataProviders\Rate\LINQ\Rate.designer.cs:line 265
   at Tavisca.Catapult.Internal.ResourceAccess.DataProviders.Rate.RateProvider.SaveRateCard(String scopeId, RateCard rateCard) in d:\Code\TOM\Catapult\Code\trunk\CatapultServices\Tavisca.Catapult.Internal.ResourceAccess.DataProviders\Rate\RateProvider.cs:line 649
   at Tavisca.Catapult.External.Facade.Tests.TestActivityGenerator.SaveRateCard(RateCard rateCard) in d:\Code\TOM\Catapult\Code\trunk\CatapultServices\Tavisca.Catapult.External.Facade.Tests\TestActivityGenerator.cs:line 352
   at Tavisca.Catapult.External.Facade.Tests.ActivitySingleAvailTests.PriceActivityTest.GuestInformationTest1() in d:\Code\TOM\Catapult\Code\trunk\CatapultServices\Tavisca.Catapult.External.Facade.Tests\ActivitySingleAvailTests\PriceActivityTest.cs:line 216
</StackTrace>
        </ErrorInfo>
      </Output>
    </UnitTestResult>
    <UnitTestResult executionId="fa71589a-ef9e-42a0-924c-96c837ef2496" testId="4d6ab2fa-eb65-036a-074f-8a576848597f" testName="GuestInformationTest2" computerName="PHOENIXX" duration="00:00:01.1594783" startTime="2013-08-09T22:01:33.2465027+05:30" endTime="2013-08-09T22:01:34.4068507+05:30" testType="13cdc9d9-ddb5-4fa4-a97d-d965ccfc6d4b" outcome="Failed" testListId="8c84fa94-04c1-424b-9868-57a2d4851a1d" relativeResultsDirectory="fa71589a-ef9e-42a0-924c-96c837ef2496">
      <Output>
        <ErrorInfo>
          <Message>Test method Tavisca.Catapult.External.Facade.Tests.ActivitySingleAvailTests.PriceActivityTest.GuestInformationTest2 threw exception: 
System.Transactions.TransactionManagerCommunicationException: Network access for Distributed Transaction Manager (MSDTC) has been disabled. Please enable DTC for network access in the security configuration for MSDTC using the Component Services Administrative tool. ---&gt; System.Runtime.InteropServices.COMException: The transaction manager has disabled its support for remote/network transactions. (Exception from HRESULT: 0x8004D024)</Message>
          <StackTrace>    at System.Transactions.Oletx.IDtcProxyShimFactory.ReceiveTransaction(UInt32 propgationTokenSize, Byte[] propgationToken, IntPtr managedIdentifier, Guid&amp; transactionIdentifier, OletxTransactionIsolationLevel&amp; isolationLevel, ITransactionShim&amp; transactionShim)
   at System.Transactions.TransactionInterop.GetOletxTransactionFromTransmitterPropigationToken(Byte[] propagationToken)
 --- End of inner exception stack trace ---
    at System.Transactions.Oletx.OletxTransactionManager.ProxyException(COMException comException)
   at System.Transactions.TransactionInterop.GetOletxTransactionFromTransmitterPropigationToken(Byte[] propagationToken)
   at System.Transactions.TransactionStatePSPEOperation.PSPEPromote(InternalTransaction tx)
   at System.Transactions.TransactionStateDelegatedBase.EnterState(InternalTransaction tx)
   at System.Transactions.EnlistableStates.Promote(InternalTransaction tx)
   at System.Transactions.Transaction.Promote()
   at System.Transactions.TransactionInterop.ConvertToOletxTransaction(Transaction transaction)
   at System.Transactions.TransactionInterop.GetExportCookie(Transaction transaction, Byte[] whereabouts)
   at System.Data.SqlClient.SqlInternalConnection.GetTransactionCookie(Transaction transaction, Byte[] whereAbouts)
   at System.Data.SqlClient.SqlInternalConnection.EnlistNonNull(Transaction tx)
   at System.Data.SqlClient.SqlInternalConnection.Enlist(Transaction tx)
   at System.Data.SqlClient.SqlInternalConnectionTds.Activate(Transaction transaction)
   at System.Data.ProviderBase.DbConnectionInternal.ActivateConnection(Transaction transaction)
   at System.Data.ProviderBase.DbConnectionPool.TryGetConnection(DbConnection owningObject, UInt32 waitForMultipleObjectsTimeout, Boolean allowCreate, Boolean onlyOneCheckConnection, DbConnectionOptions userOptions, DbConnectionInternal&amp; connection)
   at System.Data.ProviderBase.DbConnectionPool.TryGetConnection(DbConnection owningObject, TaskCompletionSource`1 retry, DbConnectionOptions userOptions, DbConnectionInternal&amp; connection)
   at System.Data.ProviderBase.DbConnectionFactory.TryGetConnection(DbConnection owningConnection, TaskCompletionSource`1 retry, DbConnectionOptions userOptions, DbConnectionInternal&amp; connection)
   at System.Data.ProviderBase.DbConnectionClosed.TryOpenConnection(DbConnection outerConnection, DbConnectionFactory connectionFactory, TaskCompletionSource`1 retry, DbConnectionOptions userOptions)
   at System.Data.SqlClient.SqlConnection.TryOpen(TaskCompletionSource`1 retry)
   at System.Data.SqlClient.SqlConnection.Open()
   at System.Data.Linq.SqlClient.SqlConnectionManager.UseConnection(IConnectionUser user)
   at System.Data.Linq.SqlClient.SqlProvider.get_IsSqlCe()
   at System.Data.Linq.SqlClient.SqlProvider.InitializeProviderMode()
   at System.Data.Linq.SqlClient.SqlProvider.System.Data.Linq.Provider.IProvider.Execute(Expression query)
   at System.Data.Linq.DataContext.ExecuteMethodCall(Object instance, MethodInfo methodInfo, Object[] parameters)
   at Tavisca.Catapult.Internal.ResourceAccess.DataProviders.Rate.LINQ.RateDataContext.spSaveRateCard(Nullable`1 id, Nullable`1 productId, String productType, String scope, Nullable`1 isEnabled, Nullable`1 isDeleted) in d:\Code\TOM\Catapult\Code\trunk\CatapultServices\Tavisca.Catapult.Internal.ResourceAccess.DataProviders\Rate\LINQ\Rate.designer.cs:line 265
   at Tavisca.Catapult.Internal.ResourceAccess.DataProviders.Rate.RateProvider.SaveRateCard(String scopeId, RateCard rateCard) in d:\Code\TOM\Catapult\Code\trunk\CatapultServices\Tavisca.Catapult.Internal.ResourceAccess.DataProviders\Rate\RateProvider.cs:line 649
   at Tavisca.Catapult.External.Facade.Tests.TestActivityGenerator.SaveRateCard(RateCard rateCard) in d:\Code\TOM\Catapult\Code\trunk\CatapultServices\Tavisca.Catapult.External.Facade.Tests\TestActivityGenerator.cs:line 352
   at Tavisca.Catapult.External.Facade.Tests.ActivitySingleAvailTests.PriceActivityTest.GuestInformationTest2() in d:\Code\TOM\Catapult\Code\trunk\CatapultServices\Tavisca.Catapult.External.Facade.Tests\ActivitySingleAvailTests\PriceActivityTest.cs:line 257
</StackTrace>
        </ErrorInfo>
      </Output>
    </UnitTestResult>
    <UnitTestResult executionId="08973084-76b7-4a85-bd02-f61a601fe049" testId="79c1d1a4-facd-c799-a550-8af248cc9973" testName="GuestInformationTest3" computerName="PHOENIXX" duration="00:00:00.3848890" startTime="2013-08-09T22:01:34.4068507+05:30" endTime="2013-08-09T22:01:34.7919662+05:30" testType="13cdc9d9-ddb5-4fa4-a97d-d965ccfc6d4b" outcome="Failed" testListId="8c84fa94-04c1-424b-9868-57a2d4851a1d" relativeResultsDirectory="08973084-76b7-4a85-bd02-f61a601fe049">
      <Output>
        <ErrorInfo>
          <Message>Test method Tavisca.Catapult.External.Facade.Tests.ActivitySingleAvailTests.PriceActivityTest.GuestInformationTest3 threw exception: 
System.Transactions.TransactionManagerCommunicationException: Network access for Distributed Transaction Manager (MSDTC) has been disabled. Please enable DTC for network access in the security configuration for MSDTC using the Component Services Administrative tool. ---&gt; System.Runtime.InteropServices.COMException: The transaction manager has disabled its support for remote/network transactions. (Exception from HRESULT: 0x8004D024)</Message>
          <StackTrace>    at System.Transactions.Oletx.IDtcProxyShimFactory.ReceiveTransaction(UInt32 propgationTokenSize, Byte[] propgationToken, IntPtr managedIdentifier, Guid&amp; transactionIdentifier, OletxTransactionIsolationLevel&amp; isolationLevel, ITransactionShim&amp; transactionShim)
   at System.Transactions.TransactionInterop.GetOletxTransactionFromTransmitterPropigationToken(Byte[] propagationToken)
 --- End of inner exception stack trace ---
    at System.Transactions.Oletx.OletxTransactionManager.ProxyException(COMException comException)
   at System.Transactions.TransactionInterop.GetOletxTransactionFromTransmitterPropigationToken(Byte[] propagationToken)
   at System.Transactions.TransactionStatePSPEOperation.PSPEPromote(InternalTransaction tx)
   at System.Transactions.TransactionStateDelegatedBase.EnterState(InternalTransaction tx)
   at System.Transactions.EnlistableStates.Promote(InternalTransaction tx)
   at System.Transactions.Transaction.Promote()
   at System.Transactions.TransactionInterop.ConvertToOletxTransaction(Transaction transaction)
   at System.Transactions.TransactionInterop.GetExportCookie(Transaction transaction, Byte[] whereabouts)
   at System.Data.SqlClient.SqlInternalConnection.GetTransactionCookie(Transaction transaction, Byte[] whereAbouts)
   at System.Data.SqlClient.SqlInternalConnection.EnlistNonNull(Transaction tx)
   at System.Data.SqlClient.SqlInternalConnection.Enlist(Transaction tx)
   at System.Data.SqlClient.SqlInternalConnectionTds.Activate(Transaction transaction)
   at System.Data.ProviderBase.DbConnectionInternal.ActivateConnection(Transaction transaction)
   at System.Data.ProviderBase.DbConnectionPool.TryGetConnection(DbConnection owningObject, UInt32 waitForMultipleObjectsTimeout, Boolean allowCreate, Boolean onlyOneCheckConnection, DbConnectionOptions userOptions, DbConnectionInternal&amp; connection)
   at System.Data.ProviderBase.DbConnectionPool.TryGetConnection(DbConnection owningObject, TaskCompletionSource`1 retry, DbConnectionOptions userOptions, DbConnectionInternal&amp; connection)
   at System.Data.ProviderBase.DbConnectionFactory.TryGetConnection(DbConnection owningConnection, TaskCompletionSource`1 retry, DbConnectionOptions userOptions, DbConnectionInternal&amp; connection)
   at System.Data.ProviderBase.DbConnectionClosed.TryOpenConnection(DbConnection outerConnection, DbConnectionFactory connectionFactory, TaskCompletionSource`1 retry, DbConnectionOptions userOptions)
   at System.Data.SqlClient.SqlConnection.TryOpen(TaskCompletionSource`1 retry)
   at System.Data.SqlClient.SqlConnection.Open()
   at System.Data.Linq.SqlClient.SqlConnectionManager.UseConnection(IConnectionUser user)
   at System.Data.Linq.SqlClient.SqlProvider.get_IsSqlCe()
   at System.Data.Linq.SqlClient.SqlProvider.InitializeProviderMode()
   at System.Data.Linq.SqlClient.SqlProvider.System.Data.Linq.Provider.IProvider.Execute(Expression query)
   at System.Data.Linq.DataContext.ExecuteMethodCall(Object instance, MethodInfo methodInfo, Object[] parameters)
   at Tavisca.Catapult.Internal.ResourceAccess.DataProviders.Rate.LINQ.RateDataContext.spSaveRateCard(Nullable`1 id, Nullable`1 productId, String productType, String scope, Nullable`1 isEnabled, Nullable`1 isDeleted) in d:\Code\TOM\Catapult\Code\trunk\CatapultServices\Tavisca.Catapult.Internal.ResourceAccess.DataProviders\Rate\LINQ\Rate.designer.cs:line 265
   at Tavisca.Catapult.Internal.ResourceAccess.DataProviders.Rate.RateProvider.SaveRateCard(String scopeId, RateCard rateCard) in d:\Code\TOM\Catapult\Code\trunk\CatapultServices\Tavisca.Catapult.Internal.ResourceAccess.DataProviders\Rate\RateProvider.cs:line 649
   at Tavisca.Catapult.External.Facade.Tests.TestActivityGenerator.SaveRateCard(RateCard rateCard) in d:\Code\TOM\Catapult\Code\trunk\CatapultServices\Tavisca.Catapult.External.Facade.Tests\TestActivityGenerator.cs:line 352
   at Tavisca.Catapult.External.Facade.Tests.ActivitySingleAvailTests.PriceActivityTest.GuestInformationTest3() in d:\Code\TOM\Catapult\Code\trunk\CatapultServices\Tavisca.Catapult.External.Facade.Tests\ActivitySingleAvailTests\PriceActivityTest.cs:line 298
</StackTrace>
        </ErrorInfo>
      </Output>
    </UnitTestResult>
    <UnitTestResult executionId="a2827aca-736b-4671-9f07-7e4aada5df07" testId="ea7b87ff-e7fd-86e5-26e3-1469dc5b1975" testName="GuestInformationTest4" computerName="PHOENIXX" duration="00:00:00.3009903" startTime="2013-08-09T22:01:34.7919662+05:30" endTime="2013-08-09T22:01:35.0930565+05:30" testType="13cdc9d9-ddb5-4fa4-a97d-d965ccfc6d4b" outcome="Failed" testListId="8c84fa94-04c1-424b-9868-57a2d4851a1d" relativeResultsDirectory="a2827aca-736b-4671-9f07-7e4aada5df07">
      <Output>
        <ErrorInfo>
          <Message>Test method Tavisca.Catapult.External.Facade.Tests.ActivitySingleAvailTests.PriceActivityTest.GuestInformationTest4 threw exception: 
System.Transactions.TransactionManagerCommunicationException: Network access for Distributed Transaction Manager (MSDTC) has been disabled. Please enable DTC for network access in the security configuration for MSDTC using the Component Services Administrative tool. ---&gt; System.Runtime.InteropServices.COMException: The transaction manager has disabled its support for remote/network transactions. (Exception from HRESULT: 0x8004D024)</Message>
          <StackTrace>    at System.Transactions.Oletx.IDtcProxyShimFactory.ReceiveTransaction(UInt32 propgationTokenSize, Byte[] propgationToken, IntPtr managedIdentifier, Guid&amp; transactionIdentifier, OletxTransactionIsolationLevel&amp; isolationLevel, ITransactionShim&amp; transactionShim)
   at System.Transactions.TransactionInterop.GetOletxTransactionFromTransmitterPropigationToken(Byte[] propagationToken)
 --- End of inner exception stack trace ---
    at System.Transactions.Oletx.OletxTransactionManager.ProxyException(COMException comException)
   at System.Transactions.TransactionInterop.GetOletxTransactionFromTransmitterPropigationToken(Byte[] propagationToken)
   at System.Transactions.TransactionStatePSPEOperation.PSPEPromote(InternalTransaction tx)
   at System.Transactions.TransactionStateDelegatedBase.EnterState(InternalTransaction tx)
   at System.Transactions.EnlistableStates.Promote(InternalTransaction tx)
   at System.Transactions.Transaction.Promote()
   at System.Transactions.TransactionInterop.ConvertToOletxTransaction(Transaction transaction)
   at System.Transactions.TransactionInterop.GetExportCookie(Transaction transaction, Byte[] whereabouts)
   at System.Data.SqlClient.SqlInternalConnection.GetTransactionCookie(Transaction transaction, Byte[] whereAbouts)
   at System.Data.SqlClient.SqlInternalConnection.EnlistNonNull(Transaction tx)
   at System.Data.SqlClient.SqlInternalConnection.Enlist(Transaction tx)
   at System.Data.SqlClient.SqlInternalConnectionTds.Activate(Transaction transaction)
   at System.Data.ProviderBase.DbConnectionInternal.ActivateConnection(Transaction transaction)
   at System.Data.ProviderBase.DbConnectionPool.TryGetConnection(DbConnection owningObject, UInt32 waitForMultipleObjectsTimeout, Boolean allowCreate, Boolean onlyOneCheckConnection, DbConnectionOptions userOptions, DbConnectionInternal&amp; connection)
   at System.Data.ProviderBase.DbConnectionPool.TryGetConnection(DbConnection owningObject, TaskCompletionSource`1 retry, DbConnectionOptions userOptions, DbConnectionInternal&amp; connection)
   at System.Data.ProviderBase.DbConnectionFactory.TryGetConnection(DbConnection owningConnection, TaskCompletionSource`1 retry, DbConnectionOptions userOptions, DbConnectionInternal&amp; connection)
   at System.Data.ProviderBase.DbConnectionClosed.TryOpenConnection(DbConnection outerConnection, DbConnectionFactory connectionFactory, TaskCompletionSource`1 retry, DbConnectionOptions userOptions)
   at System.Data.SqlClient.SqlConnection.TryOpen(TaskCompletionSource`1 retry)
   at System.Data.SqlClient.SqlConnection.Open()
   at System.Data.Linq.SqlClient.SqlConnectionManager.UseConnection(IConnectionUser user)
   at System.Data.Linq.SqlClient.SqlProvider.get_IsSqlCe()
   at System.Data.Linq.SqlClient.SqlProvider.InitializeProviderMode()
   at System.Data.Linq.SqlClient.SqlProvider.System.Data.Linq.Provider.IProvider.Execute(Expression query)
   at System.Data.Linq.DataContext.ExecuteMethodCall(Object instance, MethodInfo methodInfo, Object[] parameters)
   at Tavisca.Catapult.Internal.ResourceAccess.DataProviders.Rate.LINQ.RateDataContext.spSaveRateCard(Nullable`1 id, Nullable`1 productId, String productType, String scope, Nullable`1 isEnabled, Nullable`1 isDeleted) in d:\Code\TOM\Catapult\Code\trunk\CatapultServices\Tavisca.Catapult.Internal.ResourceAccess.DataProviders\Rate\LINQ\Rate.designer.cs:line 265
   at Tavisca.Catapult.Internal.ResourceAccess.DataProviders.Rate.RateProvider.SaveRateCard(String scopeId, RateCard rateCard) in d:\Code\TOM\Catapult\Code\trunk\CatapultServices\Tavisca.Catapult.Internal.ResourceAccess.DataProviders\Rate\RateProvider.cs:line 649
   at Tavisca.Catapult.External.Facade.Tests.TestActivityGenerator.SaveRateCard(RateCard rateCard) in d:\Code\TOM\Catapult\Code\trunk\CatapultServices\Tavisca.Catapult.External.Facade.Tests\TestActivityGenerator.cs:line 352
   at Tavisca.Catapult.External.Facade.Tests.ActivitySingleAvailTests.PriceActivityTest.GuestInformationTest4() in d:\Code\TOM\Catapult\Code\trunk\CatapultServices\Tavisca.Catapult.External.Facade.Tests\ActivitySingleAvailTests\PriceActivityTest.cs:line 343
</StackTrace>
        </ErrorInfo>
      </Output>
    </UnitTestResult>
    <UnitTestResult executionId="fe6105e1-3f39-4ec7-a902-a463fa3657c1" testId="c010a478-a017-566f-650a-5f9ab50ce72f" testName="GuestInformationTest5" computerName="PHOENIXX" duration="00:00:00.2960766" startTime="2013-08-09T22:01:35.0930565+05:30" endTime="2013-08-09T22:01:35.3891453+05:30" testType="13cdc9d9-ddb5-4fa4-a97d-d965ccfc6d4b" outcome="Failed" testListId="8c84fa94-04c1-424b-9868-57a2d4851a1d" relativeResultsDirectory="fe6105e1-3f39-4ec7-a902-a463fa3657c1">
      <Output>
        <ErrorInfo>
          <Message>Test method Tavisca.Catapult.External.Facade.Tests.ActivitySingleAvailTests.PriceActivityTest.GuestInformationTest5 threw exception: 
System.Transactions.TransactionManagerCommunicationException: Network access for Distributed Transaction Manager (MSDTC) has been disabled. Please enable DTC for network access in the security configuration for MSDTC using the Component Services Administrative tool. ---&gt; System.Runtime.InteropServices.COMException: The transaction manager has disabled its support for remote/network transactions. (Exception from HRESULT: 0x8004D024)</Message>
          <StackTrace>    at System.Transactions.Oletx.IDtcProxyShimFactory.ReceiveTransaction(UInt32 propgationTokenSize, Byte[] propgationToken, IntPtr managedIdentifier, Guid&amp; transactionIdentifier, OletxTransactionIsolationLevel&amp; isolationLevel, ITransactionShim&amp; transactionShim)
   at System.Transactions.TransactionInterop.GetOletxTransactionFromTransmitterPropigationToken(Byte[] propagationToken)
 --- End of inner exception stack trace ---
    at System.Transactions.Oletx.OletxTransactionManager.ProxyException(COMException comException)
   at System.Transactions.TransactionInterop.GetOletxTransactionFromTransmitterPropigationToken(Byte[] propagationToken)
   at System.Transactions.TransactionStatePSPEOperation.PSPEPromote(InternalTransaction tx)
   at System.Transactions.TransactionStateDelegatedBase.EnterState(InternalTransaction tx)
   at System.Transactions.EnlistableStates.Promote(InternalTransaction tx)
   at System.Transactions.Transaction.Promote()
   at System.Transactions.TransactionInterop.ConvertToOletxTransaction(Transaction transaction)
   at System.Transactions.TransactionInterop.GetExportCookie(Transaction transaction, Byte[] whereabouts)
   at System.Data.SqlClient.SqlInternalConnection.GetTransactionCookie(Transaction transaction, Byte[] whereAbouts)
   at System.Data.SqlClient.SqlInternalConnection.EnlistNonNull(Transaction tx)
   at System.Data.SqlClient.SqlInternalConnection.Enlist(Transaction tx)
   at System.Data.SqlClient.SqlInternalConnectionTds.Activate(Transaction transaction)
   at System.Data.ProviderBase.DbConnectionInternal.ActivateConnection(Transaction transaction)
   at System.Data.ProviderBase.DbConnectionPool.TryGetConnection(DbConnection owningObject, UInt32 waitForMultipleObjectsTimeout, Boolean allowCreate, Boolean onlyOneCheckConnection, DbConnectionOptions userOptions, DbConnectionInternal&amp; connection)
   at System.Data.ProviderBase.DbConnectionPool.TryGetConnection(DbConnection owningObject, TaskCompletionSource`1 retry, DbConnectionOptions userOptions, DbConnectionInternal&amp; connection)
   at System.Data.ProviderBase.DbConnectionFactory.TryGetConnection(DbConnection owningConnection, TaskCompletionSource`1 retry, DbConnectionOptions userOptions, DbConnectionInternal&amp; connection)
   at System.Data.ProviderBase.DbConnectionClosed.TryOpenConnection(DbConnection outerConnection, DbConnectionFactory connectionFactory, TaskCompletionSource`1 retry, DbConnectionOptions userOptions)
   at System.Data.SqlClient.SqlConnection.TryOpen(TaskCompletionSource`1 retry)
   at System.Data.SqlClient.SqlConnection.Open()
   at System.Data.Linq.SqlClient.SqlConnectionManager.UseConnection(IConnectionUser user)
   at System.Data.Linq.SqlClient.SqlProvider.get_IsSqlCe()
   at System.Data.Linq.SqlClient.SqlProvider.InitializeProviderMode()
   at System.Data.Linq.SqlClient.SqlProvider.System.Data.Linq.Provider.IProvider.Execute(Expression query)
   at System.Data.Linq.DataContext.ExecuteMethodCall(Object instance, MethodInfo methodInfo, Object[] parameters)
   at Tavisca.Catapult.Internal.ResourceAccess.DataProviders.Rate.LINQ.RateDataContext.spSaveRateCard(Nullable`1 id, Nullable`1 productId, String productType, String scope, Nullable`1 isEnabled, Nullable`1 isDeleted) in d:\Code\TOM\Catapult\Code\trunk\CatapultServices\Tavisca.Catapult.Internal.ResourceAccess.DataProviders\Rate\LINQ\Rate.designer.cs:line 265
   at Tavisca.Catapult.Internal.ResourceAccess.DataProviders.Rate.RateProvider.SaveRateCard(String scopeId, RateCard rateCard) in d:\Code\TOM\Catapult\Code\trunk\CatapultServices\Tavisca.Catapult.Internal.ResourceAccess.DataProviders\Rate\RateProvider.cs:line 649
   at Tavisca.Catapult.External.Facade.Tests.TestActivityGenerator.SaveRateCard(RateCard rateCard) in d:\Code\TOM\Catapult\Code\trunk\CatapultServices\Tavisca.Catapult.External.Facade.Tests\TestActivityGenerator.cs:line 352
   at Tavisca.Catapult.External.Facade.Tests.ActivitySingleAvailTests.PriceActivityTest.GuestInformationTest5() in d:\Code\TOM\Catapult\Code\trunk\CatapultServices\Tavisca.Catapult.External.Facade.Tests\ActivitySingleAvailTests\PriceActivityTest.cs:line 386
</StackTrace>
        </ErrorInfo>
      </Output>
    </UnitTestResult>
    <UnitTestResult executionId="d5488224-2e1c-47aa-9c5f-4012bd8c96f8" testId="fbefaefa-20a5-722b-43ff-f88348daf887" testName="GuestInformationTest6" computerName="PHOENIXX" duration="00:00:00.2985434" startTime="2013-08-09T22:01:35.3891453+05:30" endTime="2013-08-09T22:01:35.6882350+05:30" testType="13cdc9d9-ddb5-4fa4-a97d-d965ccfc6d4b" outcome="Failed" testListId="8c84fa94-04c1-424b-9868-57a2d4851a1d" relativeResultsDirectory="d5488224-2e1c-47aa-9c5f-4012bd8c96f8">
      <Output>
        <ErrorInfo>
          <Message>Test method Tavisca.Catapult.External.Facade.Tests.ActivitySingleAvailTests.PriceActivityTest.GuestInformationTest6 threw exception: 
System.Transactions.TransactionManagerCommunicationException: Network access for Distributed Transaction Manager (MSDTC) has been disabled. Please enable DTC for network access in the security configuration for MSDTC using the Component Services Administrative tool. ---&gt; System.Runtime.InteropServices.COMException: The transaction manager has disabled its support for remote/network transactions. (Exception from HRESULT: 0x8004D024)</Message>
          <StackTrace>    at System.Transactions.Oletx.IDtcProxyShimFactory.ReceiveTransaction(UInt32 propgationTokenSize, Byte[] propgationToken, IntPtr managedIdentifier, Guid&amp; transactionIdentifier, OletxTransactionIsolationLevel&amp; isolationLevel, ITransactionShim&amp; transactionShim)
   at System.Transactions.TransactionInterop.GetOletxTransactionFromTransmitterPropigationToken(Byte[] propagationToken)
 --- End of inner exception stack trace ---
    at System.Transactions.Oletx.OletxTransactionManager.ProxyException(COMException comException)
   at System.Transactions.TransactionInterop.GetOletxTransactionFromTransmitterPropigationToken(Byte[] propagationToken)
   at System.Transactions.TransactionStatePSPEOperation.PSPEPromote(InternalTransaction tx)
   at System.Transactions.TransactionStateDelegatedBase.EnterState(InternalTransaction tx)
   at System.Transactions.EnlistableStates.Promote(InternalTransaction tx)
   at System.Transactions.Transaction.Promote()
   at System.Transactions.TransactionInterop.ConvertToOletxTransaction(Transaction transaction)
   at System.Transactions.TransactionInterop.GetExportCookie(Transaction transaction, Byte[] whereabouts)
   at System.Data.SqlClient.SqlInternalConnection.GetTransactionCookie(Transaction transaction, Byte[] whereAbouts)
   at System.Data.SqlClient.SqlInternalConnection.EnlistNonNull(Transaction tx)
   at System.Data.SqlClient.SqlInternalConnection.Enlist(Transaction tx)
   at System.Data.SqlClient.SqlInternalConnectionTds.Activate(Transaction transaction)
   at System.Data.ProviderBase.DbConnectionInternal.ActivateConnection(Transaction transaction)
   at System.Data.ProviderBase.DbConnectionPool.TryGetConnection(DbConnection owningObject, UInt32 waitForMultipleObjectsTimeout, Boolean allowCreate, Boolean onlyOneCheckConnection, DbConnectionOptions userOptions, DbConnectionInternal&amp; connection)
   at System.Data.ProviderBase.DbConnectionPool.TryGetConnection(DbConnection owningObject, TaskCompletionSource`1 retry, DbConnectionOptions userOptions, DbConnectionInternal&amp; connection)
   at System.Data.ProviderBase.DbConnectionFactory.TryGetConnection(DbConnection owningConnection, TaskCompletionSource`1 retry, DbConnectionOptions userOptions, DbConnectionInternal&amp; connection)
   at System.Data.ProviderBase.DbConnectionClosed.TryOpenConnection(DbConnection outerConnection, DbConnectionFactory connectionFactory, TaskCompletionSource`1 retry, DbConnectionOptions userOptions)
   at System.Data.SqlClient.SqlConnection.TryOpen(TaskCompletionSource`1 retry)
   at System.Data.SqlClient.SqlConnection.Open()
   at System.Data.Linq.SqlClient.SqlConnectionManager.UseConnection(IConnectionUser user)
   at System.Data.Linq.SqlClient.SqlProvider.get_IsSqlCe()
   at System.Data.Linq.SqlClient.SqlProvider.InitializeProviderMode()
   at System.Data.Linq.SqlClient.SqlProvider.System.Data.Linq.Provider.IProvider.Execute(Expression query)
   at System.Data.Linq.DataContext.ExecuteMethodCall(Object instance, MethodInfo methodInfo, Object[] parameters)
   at Tavisca.Catapult.Internal.ResourceAccess.DataProviders.Rate.LINQ.RateDataContext.spSaveRateCard(Nullable`1 id, Nullable`1 productId, String productType, String scope, Nullable`1 isEnabled, Nullable`1 isDeleted) in d:\Code\TOM\Catapult\Code\trunk\CatapultServices\Tavisca.Catapult.Internal.ResourceAccess.DataProviders\Rate\LINQ\Rate.designer.cs:line 265
   at Tavisca.Catapult.Internal.ResourceAccess.DataProviders.Rate.RateProvider.SaveRateCard(String scopeId, RateCard rateCard) in d:\Code\TOM\Catapult\Code\trunk\CatapultServices\Tavisca.Catapult.Internal.ResourceAccess.DataProviders\Rate\RateProvider.cs:line 649
   at Tavisca.Catapult.External.Facade.Tests.TestActivityGenerator.SaveRateCard(RateCard rateCard) in d:\Code\TOM\Catapult\Code\trunk\CatapultServices\Tavisca.Catapult.External.Facade.Tests\TestActivityGenerator.cs:line 352
   at Tavisca.Catapult.External.Facade.Tests.ActivitySingleAvailTests.PriceActivityTest.GuestInformationTest6() in d:\Code\TOM\Catapult\Code\trunk\CatapultServices\Tavisca.Catapult.External.Facade.Tests\ActivitySingleAvailTests\PriceActivityTest.cs:line 427
</StackTrace>
        </ErrorInfo>
      </Output>
    </UnitTestResult>
    <UnitTestResult executionId="3d150997-4650-4784-96bd-9046d97df34f" testId="43542e25-9578-4a5b-16b6-50336bf25aea" testName="PerUnitPriceTest" computerName="PHOENIXX" duration="00:00:00.3050739" startTime="2013-08-09T22:01:35.6882350+05:30" endTime="2013-08-09T22:01:35.9933265+05:30" testType="13cdc9d9-ddb5-4fa4-a97d-d965ccfc6d4b" outcome="Failed" testListId="8c84fa94-04c1-424b-9868-57a2d4851a1d" relativeResultsDirectory="3d150997-4650-4784-96bd-9046d97df34f">
      <Output>
        <ErrorInfo>
          <Message>Test method Tavisca.Catapult.External.Facade.Tests.ActivitySingleAvailTests.PriceActivityTest.PerUnitPriceTest threw exception: 
System.Transactions.TransactionManagerCommunicationException: Network access for Distributed Transaction Manager (MSDTC) has been disabled. Please enable DTC for network access in the security configuration for MSDTC using the Component Services Administrative tool. ---&gt; System.Runtime.InteropServices.COMException: The transaction manager has disabled its support for remote/network transactions. (Exception from HRESULT: 0x8004D024)</Message>
          <StackTrace>    at System.Transactions.Oletx.IDtcProxyShimFactory.ReceiveTransaction(UInt32 propgationTokenSize, Byte[] propgationToken, IntPtr managedIdentifier, Guid&amp; transactionIdentifier, OletxTransactionIsolationLevel&amp; isolationLevel, ITransactionShim&amp; transactionShim)
   at System.Transactions.TransactionInterop.GetOletxTransactionFromTransmitterPropigationToken(Byte[] propagationToken)
 --- End of inner exception stack trace ---
    at System.Transactions.Oletx.OletxTransactionManager.ProxyException(COMException comException)
   at System.Transactions.TransactionInterop.GetOletxTransactionFromTransmitterPropigationToken(Byte[] propagationToken)
   at System.Transactions.TransactionStatePSPEOperation.PSPEPromote(InternalTransaction tx)
   at System.Transactions.TransactionStateDelegatedBase.EnterState(InternalTransaction tx)
   at System.Transactions.EnlistableStates.Promote(InternalTransaction tx)
   at System.Transactions.Transaction.Promote()
   at System.Transactions.TransactionInterop.ConvertToOletxTransaction(Transaction transaction)
   at System.Transactions.TransactionInterop.GetExportCookie(Transaction transaction, Byte[] whereabouts)
   at System.Data.SqlClient.SqlInternalConnection.GetTransactionCookie(Transaction transaction, Byte[] whereAbouts)
   at System.Data.SqlClient.SqlInternalConnection.EnlistNonNull(Transaction tx)
   at System.Data.SqlClient.SqlInternalConnection.Enlist(Transaction tx)
   at System.Data.SqlClient.SqlInternalConnectionTds.Activate(Transaction transaction)
   at System.Data.ProviderBase.DbConnectionInternal.ActivateConnection(Transaction transaction)
   at System.Data.ProviderBase.DbConnectionPool.TryGetConnection(DbConnection owningObject, UInt32 waitForMultipleObjectsTimeout, Boolean allowCreate, Boolean onlyOneCheckConnection, DbConnectionOptions userOptions, DbConnectionInternal&amp; connection)
   at System.Data.ProviderBase.DbConnectionPool.TryGetConnection(DbConnection owningObject, TaskCompletionSource`1 retry, DbConnectionOptions userOptions, DbConnectionInternal&amp; connection)
   at System.Data.ProviderBase.DbConnectionFactory.TryGetConnection(DbConnection owningConnection, TaskCompletionSource`1 retry, DbConnectionOptions userOptions, DbConnectionInternal&amp; connection)
   at System.Data.ProviderBase.DbConnectionClosed.TryOpenConnection(DbConnection outerConnection, DbConnectionFactory connectionFactory, TaskCompletionSource`1 retry, DbConnectionOptions userOptions)
   at System.Data.SqlClient.SqlConnection.TryOpen(TaskCompletionSource`1 retry)
   at System.Data.SqlClient.SqlConnection.Open()
   at System.Data.Linq.SqlClient.SqlConnectionManager.UseConnection(IConnectionUser user)
   at System.Data.Linq.SqlClient.SqlProvider.get_IsSqlCe()
   at System.Data.Linq.SqlClient.SqlProvider.InitializeProviderMode()
   at System.Data.Linq.SqlClient.SqlProvider.System.Data.Linq.Provider.IProvider.Execute(Expression query)
   at System.Data.Linq.DataContext.ExecuteMethodCall(Object instance, MethodInfo methodInfo, Object[] parameters)
   at Tavisca.Catapult.Internal.ResourceAccess.DataProviders.Rate.LINQ.RateDataContext.spSaveRateCard(Nullable`1 id, Nullable`1 productId, String productType, String scope, Nullable`1 isEnabled, Nullable`1 isDeleted) in d:\Code\TOM\Catapult\Code\trunk\CatapultServices\Tavisca.Catapult.Internal.ResourceAccess.DataProviders\Rate\LINQ\Rate.designer.cs:line 265
   at Tavisca.Catapult.Internal.ResourceAccess.DataProviders.Rate.RateProvider.SaveRateCard(String scopeId, RateCard rateCard) in d:\Code\TOM\Catapult\Code\trunk\CatapultServices\Tavisca.Catapult.Internal.ResourceAccess.DataProviders\Rate\RateProvider.cs:line 649
   at Tavisca.Catapult.External.Facade.Tests.TestActivityGenerator.SaveRateCard(RateCard rateCard) in d:\Code\TOM\Catapult\Code\trunk\CatapultServices\Tavisca.Catapult.External.Facade.Tests\TestActivityGenerator.cs:line 352
   at Tavisca.Catapult.External.Facade.Tests.ActivitySingleAvailTests.PriceActivityTest.PerUnitPriceTest() in d:\Code\TOM\Catapult\Code\trunk\CatapultServices\Tavisca.Catapult.External.Facade.Tests\ActivitySingleAvailTests\PriceActivityTest.cs:line 466
</StackTrace>
        </ErrorInfo>
      </Output>
    </UnitTestResult>
    <UnitTestResult executionId="ed8e5047-2d97-494b-b291-0df6c35aae15" testId="3fc23db1-e551-58ca-e09f-a01031cf7767" testName="MidWeekPriceTest" computerName="PHOENIXX" duration="00:00:00.6677900" startTime="2013-08-09T22:01:35.9933265+05:30" endTime="2013-08-09T22:01:36.6625272+05:30" testType="13cdc9d9-ddb5-4fa4-a97d-d965ccfc6d4b" outcome="Failed" testListId="8c84fa94-04c1-424b-9868-57a2d4851a1d" relativeResultsDirectory="ed8e5047-2d97-494b-b291-0df6c35aae15">
      <Output>
        <ErrorInfo>
          <Message>Test method Tavisca.Catapult.External.Facade.Tests.ActivitySingleAvailTests.PriceActivityTest.MidWeekPriceTest threw exception: 
System.Transactions.TransactionManagerCommunicationException: Network access for Distributed Transaction Manager (MSDTC) has been disabled. Please enable DTC for network access in the security configuration for MSDTC using the Component Services Administrative tool. ---&gt; System.Runtime.InteropServices.COMException: The transaction manager has disabled its support for remote/network transactions. (Exception from HRESULT: 0x8004D024)</Message>
          <StackTrace>    at System.Transactions.Oletx.IDtcProxyShimFactory.ReceiveTransaction(UInt32 propgationTokenSize, Byte[] propgationToken, IntPtr managedIdentifier, Guid&amp; transactionIdentifier, OletxTransactionIsolationLevel&amp; isolationLevel, ITransactionShim&amp; transactionShim)
   at System.Transactions.TransactionInterop.GetOletxTransactionFromTransmitterPropigationToken(Byte[] propagationToken)
 --- End of inner exception stack trace ---
    at System.Transactions.Oletx.OletxTransactionManager.ProxyException(COMException comException)
   at System.Transactions.TransactionInterop.GetOletxTransactionFromTransmitterPropigationToken(Byte[] propagationToken)
   at System.Transactions.TransactionStatePSPEOperation.PSPEPromote(InternalTransaction tx)
   at System.Transactions.TransactionStateDelegatedBase.EnterState(InternalTransaction tx)
   at System.Transactions.EnlistableStates.Promote(InternalTransaction tx)
   at System.Transactions.Transaction.Promote()
   at System.Transactions.TransactionInterop.ConvertToOletxTransaction(Transaction transaction)
   at System.Transactions.TransactionInterop.GetExportCookie(Transaction transaction, Byte[] whereabouts)
   at System.Data.SqlClient.SqlInternalConnection.GetTransactionCookie(Transaction transaction, Byte[] whereAbouts)
   at System.Data.SqlClient.SqlInternalConnection.EnlistNonNull(Transaction tx)
   at System.Data.SqlClient.SqlInternalConnection.Enlist(Transaction tx)
   at System.Data.SqlClient.SqlInternalConnectionTds.Activate(Transaction transaction)
   at System.Data.ProviderBase.DbConnectionInternal.ActivateConnection(Transaction transaction)
   at System.Data.ProviderBase.DbConnectionPool.TryGetConnection(DbConnection owningObject, UInt32 waitForMultipleObjectsTimeout, Boolean allowCreate, Boolean onlyOneCheckConnection, DbConnectionOptions userOptions, DbConnectionInternal&amp; connection)
   at System.Data.ProviderBase.DbConnectionPool.TryGetConnection(DbConnection owningObject, TaskCompletionSource`1 retry, DbConnectionOptions userOptions, DbConnectionInternal&amp; connection)
   at System.Data.ProviderBase.DbConnectionFactory.TryGetConnection(DbConnection owningConnection, TaskCompletionSource`1 retry, DbConnectionOptions userOptions, DbConnectionInternal&amp; connection)
   at System.Data.ProviderBase.DbConnectionClosed.TryOpenConnection(DbConnection outerConnection, DbConnectionFactory connectionFactory, TaskCompletionSource`1 retry, DbConnectionOptions userOptions)
   at System.Data.SqlClient.SqlConnection.TryOpen(TaskCompletionSource`1 retry)
   at System.Data.SqlClient.SqlConnection.Open()
   at System.Data.Linq.SqlClient.SqlConnectionManager.UseConnection(IConnectionUser user)
   at System.Data.Linq.SqlClient.SqlProvider.get_IsSqlCe()
   at System.Data.Linq.SqlClient.SqlProvider.InitializeProviderMode()
   at System.Data.Linq.SqlClient.SqlProvider.System.Data.Linq.Provider.IProvider.Execute(Expression query)
   at System.Data.Linq.DataContext.ExecuteMethodCall(Object instance, MethodInfo methodInfo, Object[] parameters)
   at Tavisca.Catapult.Internal.ResourceAccess.DataProviders.Rate.LINQ.RateDataContext.spSaveRateCard(Nullable`1 id, Nullable`1 productId, String productType, String scope, Nullable`1 isEnabled, Nullable`1 isDeleted) in d:\Code\TOM\Catapult\Code\trunk\CatapultServices\Tavisca.Catapult.Internal.ResourceAccess.DataProviders\Rate\LINQ\Rate.designer.cs:line 265
   at Tavisca.Catapult.Internal.ResourceAccess.DataProviders.Rate.RateProvider.SaveRateCard(String scopeId, RateCard rateCard) in d:\Code\TOM\Catapult\Code\trunk\CatapultServices\Tavisca.Catapult.Internal.ResourceAccess.DataProviders\Rate\RateProvider.cs:line 649
   at Tavisca.Catapult.External.Facade.Tests.TestActivityGenerator.SaveRateCard(RateCard rateCard) in d:\Code\TOM\Catapult\Code\trunk\CatapultServices\Tavisca.Catapult.External.Facade.Tests\TestActivityGenerator.cs:line 352
   at Tavisca.Catapult.External.Facade.Tests.ActivitySingleAvailTests.PriceActivityTest.MidWeekPriceTest() in d:\Code\TOM\Catapult\Code\trunk\CatapultServices\Tavisca.Catapult.External.Facade.Tests\ActivitySingleAvailTests\PriceActivityTest.cs:line 505
</StackTrace>
        </ErrorInfo>
      </Output>
    </UnitTestResult>
    <UnitTestResult executionId="ee5394d3-0e7f-4db0-86a0-b47e2dc7bec3" testId="90e32937-2204-5304-6dd7-b26ce770adfd" testName="WeekEndPriceTest" computerName="PHOENIXX" duration="00:00:00.3091555" startTime="2013-08-09T22:01:36.6625272+05:30" endTime="2013-08-09T22:01:36.9716199+05:30" testType="13cdc9d9-ddb5-4fa4-a97d-d965ccfc6d4b" outcome="Failed" testListId="8c84fa94-04c1-424b-9868-57a2d4851a1d" relativeResultsDirectory="ee5394d3-0e7f-4db0-86a0-b47e2dc7bec3">
      <Output>
        <ErrorInfo>
          <Message>Test method Tavisca.Catapult.External.Facade.Tests.ActivitySingleAvailTests.PriceActivityTest.WeekEndPriceTest threw exception: 
System.Transactions.TransactionManagerCommunicationException: Network access for Distributed Transaction Manager (MSDTC) has been disabled. Please enable DTC for network access in the security configuration for MSDTC using the Component Services Administrative tool. ---&gt; System.Runtime.InteropServices.COMException: The transaction manager has disabled its support for remote/network transactions. (Exception from HRESULT: 0x8004D024)</Message>
          <StackTrace>    at System.Transactions.Oletx.IDtcProxyShimFactory.ReceiveTransaction(UInt32 propgationTokenSize, Byte[] propgationToken, IntPtr managedIdentifier, Guid&amp; transactionIdentifier, OletxTransactionIsolationLevel&amp; isolationLevel, ITransactionShim&amp; transactionShim)
   at System.Transactions.TransactionInterop.GetOletxTransactionFromTransmitterPropigationToken(Byte[] propagationToken)
 --- End of inner exception stack trace ---
    at System.Transactions.Oletx.OletxTransactionManager.ProxyException(COMException comException)
   at System.Transactions.TransactionInterop.GetOletxTransactionFromTransmitterPropigationToken(Byte[] propagationToken)
   at System.Transactions.TransactionStatePSPEOperation.PSPEPromote(InternalTransaction tx)
   at System.Transactions.TransactionStateDelegatedBase.EnterState(InternalTransaction tx)
   at System.Transactions.EnlistableStates.Promote(InternalTransaction tx)
   at System.Transactions.Transaction.Promote()
   at System.Transactions.TransactionInterop.ConvertToOletxTransaction(Transaction transaction)
   at System.Transactions.TransactionInterop.GetExportCookie(Transaction transaction, Byte[] whereabouts)
   at System.Data.SqlClient.SqlInternalConnection.GetTransactionCookie(Transaction transaction, Byte[] whereAbouts)
   at System.Data.SqlClient.SqlInternalConnection.EnlistNonNull(Transaction tx)
   at System.Data.SqlClient.SqlInternalConnection.Enlist(Transaction tx)
   at System.Data.SqlClient.SqlInternalConnectionTds.Activate(Transaction transaction)
   at System.Data.ProviderBase.DbConnectionInternal.ActivateConnection(Transaction transaction)
   at System.Data.ProviderBase.DbConnectionPool.TryGetConnection(DbConnection owningObject, UInt32 waitForMultipleObjectsTimeout, Boolean allowCreate, Boolean onlyOneCheckConnection, DbConnectionOptions userOptions, DbConnectionInternal&amp; connection)
   at System.Data.ProviderBase.DbConnectionPool.TryGetConnection(DbConnection owningObject, TaskCompletionSource`1 retry, DbConnectionOptions userOptions, DbConnectionInternal&amp; connection)
   at System.Data.ProviderBase.DbConnectionFactory.TryGetConnection(DbConnection owningConnection, TaskCompletionSource`1 retry, DbConnectionOptions userOptions, DbConnectionInternal&amp; connection)
   at System.Data.ProviderBase.DbConnectionClosed.TryOpenConnection(DbConnection outerConnection, DbConnectionFactory connectionFactory, TaskCompletionSource`1 retry, DbConnectionOptions userOptions)
   at System.Data.SqlClient.SqlConnection.TryOpen(TaskCompletionSource`1 retry)
   at System.Data.SqlClient.SqlConnection.Open()
   at System.Data.Linq.SqlClient.SqlConnectionManager.UseConnection(IConnectionUser user)
   at System.Data.Linq.SqlClient.SqlProvider.get_IsSqlCe()
   at System.Data.Linq.SqlClient.SqlProvider.InitializeProviderMode()
   at System.Data.Linq.SqlClient.SqlProvider.System.Data.Linq.Provider.IProvider.Execute(Expression query)
   at System.Data.Linq.DataContext.ExecuteMethodCall(Object instance, MethodInfo methodInfo, Object[] parameters)
   at Tavisca.Catapult.Internal.ResourceAccess.DataProviders.Rate.LINQ.RateDataContext.spSaveRateCard(Nullable`1 id, Nullable`1 productId, String productType, String scope, Nullable`1 isEnabled, Nullable`1 isDeleted) in d:\Code\TOM\Catapult\Code\trunk\CatapultServices\Tavisca.Catapult.Internal.ResourceAccess.DataProviders\Rate\LINQ\Rate.designer.cs:line 265
   at Tavisca.Catapult.Internal.ResourceAccess.DataProviders.Rate.RateProvider.SaveRateCard(String scopeId, RateCard rateCard) in d:\Code\TOM\Catapult\Code\trunk\CatapultServices\Tavisca.Catapult.Internal.ResourceAccess.DataProviders\Rate\RateProvider.cs:line 649
   at Tavisca.Catapult.External.Facade.Tests.TestActivityGenerator.SaveRateCard(RateCard rateCard) in d:\Code\TOM\Catapult\Code\trunk\CatapultServices\Tavisca.Catapult.External.Facade.Tests\TestActivityGenerator.cs:line 352
   at Tavisca.Catapult.External.Facade.Tests.ActivitySingleAvailTests.PriceActivityTest.WeekEndPriceTest() in d:\Code\TOM\Catapult\Code\trunk\CatapultServices\Tavisca.Catapult.External.Facade.Tests\ActivitySingleAvailTests\PriceActivityTest.cs:line 556
</StackTrace>
        </ErrorInfo>
      </Output>
    </UnitTestResult>
    <UnitTestResult executionId="a159aa8a-3fa2-4d20-9cea-a13e9c640683" testId="d55aaf1b-a60d-e630-d2eb-0ae2619861f0" testName="FareComponentTest1" computerName="PHOENIXX" duration="00:00:00.3041904" startTime="2013-08-09T22:01:36.9716199+05:30" endTime="2013-08-09T22:01:37.2757111+05:30" testType="13cdc9d9-ddb5-4fa4-a97d-d965ccfc6d4b" outcome="Failed" testListId="8c84fa94-04c1-424b-9868-57a2d4851a1d" relativeResultsDirectory="a159aa8a-3fa2-4d20-9cea-a13e9c640683">
      <Output>
        <ErrorInfo>
          <Message>Test method Tavisca.Catapult.External.Facade.Tests.ActivitySingleAvailTests.PriceActivityTest.FareComponentTest1 threw exception: 
System.Transactions.TransactionManagerCommunicationException: Network access for Distributed Transaction Manager (MSDTC) has been disabled. Please enable DTC for network access in the security configuration for MSDTC using the Component Services Administrative tool. ---&gt; System.Runtime.InteropServices.COMException: The transaction manager has disabled its support for remote/network transactions. (Exception from HRESULT: 0x8004D024)</Message>
          <StackTrace>    at System.Transactions.Oletx.IDtcProxyShimFactory.ReceiveTransaction(UInt32 propgationTokenSize, Byte[] propgationToken, IntPtr managedIdentifier, Guid&amp; transactionIdentifier, OletxTransactionIsolationLevel&amp; isolationLevel, ITransactionShim&amp; transactionShim)
   at System.Transactions.TransactionInterop.GetOletxTransactionFromTransmitterPropigationToken(Byte[] propagationToken)
 --- End of inner exception stack trace ---
    at System.Transactions.Oletx.OletxTransactionManager.ProxyException(COMException comException)
   at System.Transactions.TransactionInterop.GetOletxTransactionFromTransmitterPropigationToken(Byte[] propagationToken)
   at System.Transactions.TransactionStatePSPEOperation.PSPEPromote(InternalTransaction tx)
   at System.Transactions.TransactionStateDelegatedBase.EnterState(InternalTransaction tx)
   at System.Transactions.EnlistableStates.Promote(InternalTransaction tx)
   at System.Transactions.Transaction.Promote()
   at System.Transactions.TransactionInterop.ConvertToOletxTransaction(Transaction transaction)
   at System.Transactions.TransactionInterop.GetExportCookie(Transaction transaction, Byte[] whereabouts)
   at System.Data.SqlClient.SqlInternalConnection.GetTransactionCookie(Transaction transaction, Byte[] whereAbouts)
   at System.Data.SqlClient.SqlInternalConnection.EnlistNonNull(Transaction tx)
   at System.Data.SqlClient.SqlInternalConnection.Enlist(Transaction tx)
   at System.Data.SqlClient.SqlInternalConnectionTds.Activate(Transaction transaction)
   at System.Data.ProviderBase.DbConnectionInternal.ActivateConnection(Transaction transaction)
   at System.Data.ProviderBase.DbConnectionPool.TryGetConnection(DbConnection owningObject, UInt32 waitForMultipleObjectsTimeout, Boolean allowCreate, Boolean onlyOneCheckConnection, DbConnectionOptions userOptions, DbConnectionInternal&amp; connection)
   at System.Data.ProviderBase.DbConnectionPool.TryGetConnection(DbConnection owningObject, TaskCompletionSource`1 retry, DbConnectionOptions userOptions, DbConnectionInternal&amp; connection)
   at System.Data.ProviderBase.DbConnectionFactory.TryGetConnection(DbConnection owningConnection, TaskCompletionSource`1 retry, DbConnectionOptions userOptions, DbConnectionInternal&amp; connection)
   at System.Data.ProviderBase.DbConnectionClosed.TryOpenConnection(DbConnection outerConnection, DbConnectionFactory connectionFactory, TaskCompletionSource`1 retry, DbConnectionOptions userOptions)
   at System.Data.SqlClient.SqlConnection.TryOpen(TaskCompletionSource`1 retry)
   at System.Data.SqlClient.SqlConnection.Open()
   at System.Data.Linq.SqlClient.SqlConnectionManager.UseConnection(IConnectionUser user)
   at System.Data.Linq.SqlClient.SqlProvider.get_IsSqlCe()
   at System.Data.Linq.SqlClient.SqlProvider.InitializeProviderMode()
   at System.Data.Linq.SqlClient.SqlProvider.System.Data.Linq.Provider.IProvider.Execute(Expression query)
   at System.Data.Linq.DataContext.ExecuteMethodCall(Object instance, MethodInfo methodInfo, Object[] parameters)
   at Tavisca.Catapult.Internal.ResourceAccess.DataProviders.Rate.LINQ.RateDataContext.spSaveRateCard(Nullable`1 id, Nullable`1 productId, String productType, String scope, Nullable`1 isEnabled, Nullable`1 isDeleted) in d:\Code\TOM\Catapult\Code\trunk\CatapultServices\Tavisca.Catapult.Internal.ResourceAccess.DataProviders\Rate\LINQ\Rate.designer.cs:line 265
   at Tavisca.Catapult.Internal.ResourceAccess.DataProviders.Rate.RateProvider.SaveRateCard(String scopeId, RateCard rateCard) in d:\Code\TOM\Catapult\Code\trunk\CatapultServices\Tavisca.Catapult.Internal.ResourceAccess.DataProviders\Rate\RateProvider.cs:line 649
   at Tavisca.Catapult.External.Facade.Tests.TestActivityGenerator.SaveRateCard(RateCard rateCard) in d:\Code\TOM\Catapult\Code\trunk\CatapultServices\Tavisca.Catapult.External.Facade.Tests\TestActivityGenerator.cs:line 352
   at Tavisca.Catapult.External.Facade.Tests.ActivitySingleAvailTests.PriceActivityTest.FareComponentTest1() in d:\Code\TOM\Catapult\Code\trunk\CatapultServices\Tavisca.Catapult.External.Facade.Tests\ActivitySingleAvailTests\PriceActivityTest.cs:line 598
</StackTrace>
        </ErrorInfo>
      </Output>
    </UnitTestResult>
    <UnitTestResult executionId="f3a406e4-f803-480d-8633-eee255421ed5" testId="42c18022-0d3e-0142-2ce6-31501713817d" testName="FareComponentTest2" computerName="PHOENIXX" duration="00:00:00.3012033" startTime="2013-08-09T22:01:37.2757111+05:30" endTime="2013-08-09T22:01:37.5778017+05:30" testType="13cdc9d9-ddb5-4fa4-a97d-d965ccfc6d4b" outcome="Failed" testListId="8c84fa94-04c1-424b-9868-57a2d4851a1d" relativeResultsDirectory="f3a406e4-f803-480d-8633-eee255421ed5">
      <Output>
        <ErrorInfo>
          <Message>Test method Tavisca.Catapult.External.Facade.Tests.ActivitySingleAvailTests.PriceActivityTest.FareComponentTest2 threw exception: 
System.Transactions.TransactionManagerCommunicationException: Network access for Distributed Transaction Manager (MSDTC) has been disabled. Please enable DTC for network access in the security configuration for MSDTC using the Component Services Administrative tool. ---&gt; System.Runtime.InteropServices.COMException: The transaction manager has disabled its support for remote/network transactions. (Exception from HRESULT: 0x8004D024)</Message>
          <StackTrace>    at System.Transactions.Oletx.IDtcProxyShimFactory.ReceiveTransaction(UInt32 propgationTokenSize, Byte[] propgationToken, IntPtr managedIdentifier, Guid&amp; transactionIdentifier, OletxTransactionIsolationLevel&amp; isolationLevel, ITransactionShim&amp; transactionShim)
   at System.Transactions.TransactionInterop.GetOletxTransactionFromTransmitterPropigationToken(Byte[] propagationToken)
 --- End of inner exception stack trace ---
    at System.Transactions.Oletx.OletxTransactionManager.ProxyException(COMException comException)
   at System.Transactions.TransactionInterop.GetOletxTransactionFromTransmitterPropigationToken(Byte[] propagationToken)
   at System.Transactions.TransactionStatePSPEOperation.PSPEPromote(InternalTransaction tx)
   at System.Transactions.TransactionStateDelegatedBase.EnterState(InternalTransaction tx)
   at System.Transactions.EnlistableStates.Promote(InternalTransaction tx)
   at System.Transactions.Transaction.Promote()
   at System.Transactions.TransactionInterop.ConvertToOletxTransaction(Transaction transaction)
   at System.Transactions.TransactionInterop.GetExportCookie(Transaction transaction, Byte[] whereabouts)
   at System.Data.SqlClient.SqlInternalConnection.GetTransactionCookie(Transaction transaction, Byte[] whereAbouts)
   at System.Data.SqlClient.SqlInternalConnection.EnlistNonNull(Transaction tx)
   at System.Data.SqlClient.SqlInternalConnection.Enlist(Transaction tx)
   at System.Data.SqlClient.SqlInternalConnectionTds.Activate(Transaction transaction)
   at System.Data.ProviderBase.DbConnectionInternal.ActivateConnection(Transaction transaction)
   at System.Data.ProviderBase.DbConnectionPool.TryGetConnection(DbConnection owningObject, UInt32 waitForMultipleObjectsTimeout, Boolean allowCreate, Boolean onlyOneCheckConnection, DbConnectionOptions userOptions, DbConnectionInternal&amp; connection)
   at System.Data.ProviderBase.DbConnectionPool.TryGetConnection(DbConnection owningObject, TaskCompletionSource`1 retry, DbConnectionOptions userOptions, DbConnectionInternal&amp; connection)
   at System.Data.ProviderBase.DbConnectionFactory.TryGetConnection(DbConnection owningConnection, TaskCompletionSource`1 retry, DbConnectionOptions userOptions, DbConnectionInternal&amp; connection)
   at System.Data.ProviderBase.DbConnectionClosed.TryOpenConnection(DbConnection outerConnection, DbConnectionFactory connectionFactory, TaskCompletionSource`1 retry, DbConnectionOptions userOptions)
   at System.Data.SqlClient.SqlConnection.TryOpen(TaskCompletionSource`1 retry)
   at System.Data.SqlClient.SqlConnection.Open()
   at System.Data.Linq.SqlClient.SqlConnectionManager.UseConnection(IConnectionUser user)
   at System.Data.Linq.SqlClient.SqlProvider.get_IsSqlCe()
   at System.Data.Linq.SqlClient.SqlProvider.InitializeProviderMode()
   at System.Data.Linq.SqlClient.SqlProvider.System.Data.Linq.Provider.IProvider.Execute(Expression query)
   at System.Data.Linq.DataContext.ExecuteMethodCall(Object instance, MethodInfo methodInfo, Object[] parameters)
   at Tavisca.Catapult.Internal.ResourceAccess.DataProviders.Rate.LINQ.RateDataContext.spSaveRateCard(Nullable`1 id, Nullable`1 productId, String productType, String scope, Nullable`1 isEnabled, Nullable`1 isDeleted) in d:\Code\TOM\Catapult\Code\trunk\CatapultServices\Tavisca.Catapult.Internal.ResourceAccess.DataProviders\Rate\LINQ\Rate.designer.cs:line 265
   at Tavisca.Catapult.Internal.ResourceAccess.DataProviders.Rate.RateProvider.SaveRateCard(String scopeId, RateCard rateCard) in d:\Code\TOM\Catapult\Code\trunk\CatapultServices\Tavisca.Catapult.Internal.ResourceAccess.DataProviders\Rate\RateProvider.cs:line 649
   at Tavisca.Catapult.External.Facade.Tests.TestActivityGenerator.SaveRateCard(RateCard rateCard) in d:\Code\TOM\Catapult\Code\trunk\CatapultServices\Tavisca.Catapult.External.Facade.Tests\TestActivityGenerator.cs:line 352
   at Tavisca.Catapult.External.Facade.Tests.ActivitySingleAvailTests.PriceActivityTest.FareComponentTest2() in d:\Code\TOM\Catapult\Code\trunk\CatapultServices\Tavisca.Catapult.External.Facade.Tests\ActivitySingleAvailTests\PriceActivityTest.cs:line 667
</StackTrace>
        </ErrorInfo>
      </Output>
    </UnitTestResult>
    <UnitTestResult executionId="0b8b5855-7db2-4161-b0fe-540e90a03f25" testId="6593d292-1355-b9de-65bf-eb15835932f7" testName="FareComponentTest3" computerName="PHOENIXX" duration="00:00:00.3067823" startTime="2013-08-09T22:01:37.5778017+05:30" endTime="2013-08-09T22:01:37.8848938+05:30" testType="13cdc9d9-ddb5-4fa4-a97d-d965ccfc6d4b" outcome="Failed" testListId="8c84fa94-04c1-424b-9868-57a2d4851a1d" relativeResultsDirectory="0b8b5855-7db2-4161-b0fe-540e90a03f25">
      <Output>
        <ErrorInfo>
          <Message>Test method Tavisca.Catapult.External.Facade.Tests.ActivitySingleAvailTests.PriceActivityTest.FareComponentTest3 threw exception: 
System.Transactions.TransactionManagerCommunicationException: Network access for Distributed Transaction Manager (MSDTC) has been disabled. Please enable DTC for network access in the security configuration for MSDTC using the Component Services Administrative tool. ---&gt; System.Runtime.InteropServices.COMException: The transaction manager has disabled its support for remote/network transactions. (Exception from HRESULT: 0x8004D024)</Message>
          <StackTrace>    at System.Transactions.Oletx.IDtcProxyShimFactory.ReceiveTransaction(UInt32 propgationTokenSize, Byte[] propgationToken, IntPtr managedIdentifier, Guid&amp; transactionIdentifier, OletxTransactionIsolationLevel&amp; isolationLevel, ITransactionShim&amp; transactionShim)
   at System.Transactions.TransactionInterop.GetOletxTransactionFromTransmitterPropigationToken(Byte[] propagationToken)
 --- End of inner exception stack trace ---
    at System.Transactions.Oletx.OletxTransactionManager.ProxyException(COMException comException)
   at System.Transactions.TransactionInterop.GetOletxTransactionFromTransmitterPropigationToken(Byte[] propagationToken)
   at System.Transactions.TransactionStatePSPEOperation.PSPEPromote(InternalTransaction tx)
   at System.Transactions.TransactionStateDelegatedBase.EnterState(InternalTransaction tx)
   at System.Transactions.EnlistableStates.Promote(InternalTransaction tx)
   at System.Transactions.Transaction.Promote()
   at System.Transactions.TransactionInterop.ConvertToOletxTransaction(Transaction transaction)
   at System.Transactions.TransactionInterop.GetExportCookie(Transaction transaction, Byte[] whereabouts)
   at System.Data.SqlClient.SqlInternalConnection.GetTransactionCookie(Transaction transaction, Byte[] whereAbouts)
   at System.Data.SqlClient.SqlInternalConnection.EnlistNonNull(Transaction tx)
   at System.Data.SqlClient.SqlInternalConnection.Enlist(Transaction tx)
   at System.Data.SqlClient.SqlInternalConnectionTds.Activate(Transaction transaction)
   at System.Data.ProviderBase.DbConnectionInternal.ActivateConnection(Transaction transaction)
   at System.Data.ProviderBase.DbConnectionPool.TryGetConnection(DbConnection owningObject, UInt32 waitForMultipleObjectsTimeout, Boolean allowCreate, Boolean onlyOneCheckConnection, DbConnectionOptions userOptions, DbConnectionInternal&amp; connection)
   at System.Data.ProviderBase.DbConnectionPool.TryGetConnection(DbConnection owningObject, TaskCompletionSource`1 retry, DbConnectionOptions userOptions, DbConnectionInternal&amp; connection)
   at System.Data.ProviderBase.DbConnectionFactory.TryGetConnection(DbConnection owningConnection, TaskCompletionSource`1 retry, DbConnectionOptions userOptions, DbConnectionInternal&amp; connection)
   at System.Data.ProviderBase.DbConnectionClosed.TryOpenConnection(DbConnection outerConnection, DbConnectionFactory connectionFactory, TaskCompletionSource`1 retry, DbConnectionOptions userOptions)
   at System.Data.SqlClient.SqlConnection.TryOpen(TaskCompletionSource`1 retry)
   at System.Data.SqlClient.SqlConnection.Open()
   at System.Data.Linq.SqlClient.SqlConnectionManager.UseConnection(IConnectionUser user)
   at System.Data.Linq.SqlClient.SqlProvider.get_IsSqlCe()
   at System.Data.Linq.SqlClient.SqlProvider.InitializeProviderMode()
   at System.Data.Linq.SqlClient.SqlProvider.System.Data.Linq.Provider.IProvider.Execute(Expression query)
   at System.Data.Linq.DataContext.ExecuteMethodCall(Object instance, MethodInfo methodInfo, Object[] parameters)
   at Tavisca.Catapult.Internal.ResourceAccess.DataProviders.Rate.LINQ.RateDataContext.spSaveRateCard(Nullable`1 id, Nullable`1 productId, String productType, String scope, Nullable`1 isEnabled, Nullable`1 isDeleted) in d:\Code\TOM\Catapult\Code\trunk\CatapultServices\Tavisca.Catapult.Internal.ResourceAccess.DataProviders\Rate\LINQ\Rate.designer.cs:line 265
   at Tavisca.Catapult.Internal.ResourceAccess.DataProviders.Rate.RateProvider.SaveRateCard(String scopeId, RateCard rateCard) in d:\Code\TOM\Catapult\Code\trunk\CatapultServices\Tavisca.Catapult.Internal.ResourceAccess.DataProviders\Rate\RateProvider.cs:line 649
   at Tavisca.Catapult.External.Facade.Tests.TestActivityGenerator.SaveRateCard(RateCard rateCard) in d:\Code\TOM\Catapult\Code\trunk\CatapultServices\Tavisca.Catapult.External.Facade.Tests\TestActivityGenerator.cs:line 352
   at Tavisca.Catapult.External.Facade.Tests.ActivitySingleAvailTests.PriceActivityTest.FareComponentTest3() in d:\Code\TOM\Catapult\Code\trunk\CatapultServices\Tavisca.Catapult.External.Facade.Tests\ActivitySingleAvailTests\PriceActivityTest.cs:line 723
</StackTrace>
        </ErrorInfo>
      </Output>
    </UnitTestResult>
    <UnitTestResult executionId="c29757fc-4153-40fd-8c82-6d45fdc4d344" testId="9af4f119-2793-3bc9-d2cd-fa0a21364346" testName="OnrequestBookingTest1" computerName="PHOENIXX" duration="00:00:00.2917256" startTime="2013-08-09T22:01:37.8848938+05:30" endTime="2013-08-09T22:01:38.1769814+05:30" testType="13cdc9d9-ddb5-4fa4-a97d-d965ccfc6d4b" outcome="Failed" testListId="8c84fa94-04c1-424b-9868-57a2d4851a1d" relativeResultsDirectory="c29757fc-4153-40fd-8c82-6d45fdc4d344">
      <Output>
        <ErrorInfo>
          <Message>Test method Tavisca.Catapult.External.Facade.Tests.ActivitySingleAvailTests.PriceActivityTest.OnrequestBookingTest1 threw exception: 
System.Transactions.TransactionManagerCommunicationException: Network access for Distributed Transaction Manager (MSDTC) has been disabled. Please enable DTC for network access in the security configuration for MSDTC using the Component Services Administrative tool. ---&gt; System.Runtime.InteropServices.COMException: The transaction manager has disabled its support for remote/network transactions. (Exception from HRESULT: 0x8004D024)</Message>
          <StackTrace>    at System.Transactions.Oletx.IDtcProxyShimFactory.ReceiveTransaction(UInt32 propgationTokenSize, Byte[] propgationToken, IntPtr managedIdentifier, Guid&amp; transactionIdentifier, OletxTransactionIsolationLevel&amp; isolationLevel, ITransactionShim&amp; transactionShim)
   at System.Transactions.TransactionInterop.GetOletxTransactionFromTransmitterPropigationToken(Byte[] propagationToken)
 --- End of inner exception stack trace ---
    at System.Transactions.Oletx.OletxTransactionManager.ProxyException(COMException comException)
   at System.Transactions.TransactionInterop.GetOletxTransactionFromTransmitterPropigationToken(Byte[] propagationToken)
   at System.Transactions.TransactionStatePSPEOperation.PSPEPromote(InternalTransaction tx)
   at System.Transactions.TransactionStateDelegatedBase.EnterState(InternalTransaction tx)
   at System.Transactions.EnlistableStates.Promote(InternalTransaction tx)
   at System.Transactions.Transaction.Promote()
   at System.Transactions.TransactionInterop.ConvertToOletxTransaction(Transaction transaction)
   at System.Transactions.TransactionInterop.GetExportCookie(Transaction transaction, Byte[] whereabouts)
   at System.Data.SqlClient.SqlInternalConnection.GetTransactionCookie(Transaction transaction, Byte[] whereAbouts)
   at System.Data.SqlClient.SqlInternalConnection.EnlistNonNull(Transaction tx)
   at System.Data.SqlClient.SqlInternalConnection.Enlist(Transaction tx)
   at System.Data.SqlClient.SqlInternalConnectionTds.Activate(Transaction transaction)
   at System.Data.ProviderBase.DbConnectionInternal.ActivateConnection(Transaction transaction)
   at System.Data.ProviderBase.DbConnectionPool.TryGetConnection(DbConnection owningObject, UInt32 waitForMultipleObjectsTimeout, Boolean allowCreate, Boolean onlyOneCheckConnection, DbConnectionOptions userOptions, DbConnectionInternal&amp; connection)
   at System.Data.ProviderBase.DbConnectionPool.TryGetConnection(DbConnection owningObject, TaskCompletionSource`1 retry, DbConnectionOptions userOptions, DbConnectionInternal&amp; connection)
   at System.Data.ProviderBase.DbConnectionFactory.TryGetConnection(DbConnection owningConnection, TaskCompletionSource`1 retry, DbConnectionOptions userOptions, DbConnectionInternal&amp; connection)
   at System.Data.ProviderBase.DbConnectionClosed.TryOpenConnection(DbConnection outerConnection, DbConnectionFactory connectionFactory, TaskCompletionSource`1 retry, DbConnectionOptions userOptions)
   at System.Data.SqlClient.SqlConnection.TryOpen(TaskCompletionSource`1 retry)
   at System.Data.SqlClient.SqlConnection.Open()
   at System.Data.Linq.SqlClient.SqlConnectionManager.UseConnection(IConnectionUser user)
   at System.Data.Linq.SqlClient.SqlProvider.get_IsSqlCe()
   at System.Data.Linq.SqlClient.SqlProvider.InitializeProviderMode()
   at System.Data.Linq.SqlClient.SqlProvider.System.Data.Linq.Provider.IProvider.Execute(Expression query)
   at System.Data.Linq.DataContext.ExecuteMethodCall(Object instance, MethodInfo methodInfo, Object[] parameters)
   at Tavisca.Catapult.Internal.ResourceAccess.DataProviders.Rate.LINQ.RateDataContext.spSaveRateCard(Nullable`1 id, Nullable`1 productId, String productType, String scope, Nullable`1 isEnabled, Nullable`1 isDeleted) in d:\Code\TOM\Catapult\Code\trunk\CatapultServices\Tavisca.Catapult.Internal.ResourceAccess.DataProviders\Rate\LINQ\Rate.designer.cs:line 265
   at Tavisca.Catapult.Internal.ResourceAccess.DataProviders.Rate.RateProvider.SaveRateCard(String scopeId, RateCard rateCard) in d:\Code\TOM\Catapult\Code\trunk\CatapultServices\Tavisca.Catapult.Internal.ResourceAccess.DataProviders\Rate\RateProvider.cs:line 649
   at Tavisca.Catapult.External.Facade.Tests.TestActivityGenerator.SaveRateCard(RateCard rateCard) in d:\Code\TOM\Catapult\Code\trunk\CatapultServices\Tavisca.Catapult.External.Facade.Tests\TestActivityGenerator.cs:line 352
   at Tavisca.Catapult.External.Facade.Tests.ActivitySingleAvailTests.PriceActivityTest.OnrequestBookingTest1() in d:\Code\TOM\Catapult\Code\trunk\CatapultServices\Tavisca.Catapult.External.Facade.Tests\ActivitySingleAvailTests\PriceActivityTest.cs:line 779
</StackTrace>
        </ErrorInfo>
      </Output>
    </UnitTestResult>
    <UnitTestResult executionId="a56c38f5-c3ff-46df-af9d-52fb3943808c" testId="61b2f358-ce0d-8586-ada5-dd202928459b" testName="BookActivityActivityCodeTest1" computerName="PHOENIXX" duration="00:00:00.2991234" startTime="2013-08-09T22:01:38.1769814+05:30" endTime="2013-08-09T22:01:38.4760711+05:30" testType="13cdc9d9-ddb5-4fa4-a97d-d965ccfc6d4b" outcome="Failed" testListId="8c84fa94-04c1-424b-9868-57a2d4851a1d" relativeResultsDirectory="a56c38f5-c3ff-46df-af9d-52fb3943808c">
      <Output>
        <ErrorInfo>
          <Message>Test method Tavisca.Catapult.External.Facade.Tests.BookActivityTests.BookActivityTest.BookActivityActivityCodeTest1 threw exception: 
System.Transactions.TransactionManagerCommunicationException: Network access for Distributed Transaction Manager (MSDTC) has been disabled. Please enable DTC for network access in the security configuration for MSDTC using the Component Services Administrative tool. ---&gt; System.Runtime.InteropServices.COMException: The transaction manager has disabled its support for remote/network transactions. (Exception from HRESULT: 0x8004D024)</Message>
          <StackTrace>    at System.Transactions.Oletx.IDtcProxyShimFactory.ReceiveTransaction(UInt32 propgationTokenSize, Byte[] propgationToken, IntPtr managedIdentifier, Guid&amp; transactionIdentifier, OletxTransactionIsolationLevel&amp; isolationLevel, ITransactionShim&amp; transactionShim)
   at System.Transactions.TransactionInterop.GetOletxTransactionFromTransmitterPropigationToken(Byte[] propagationToken)
 --- End of inner exception stack trace ---
    at System.Transactions.Oletx.OletxTransactionManager.ProxyException(COMException comException)
   at System.Transactions.TransactionInterop.GetOletxTransactionFromTransmitterPropigationToken(Byte[] propagationToken)
   at System.Transactions.TransactionStatePSPEOperation.PSPEPromote(InternalTransaction tx)
   at System.Transactions.TransactionStateDelegatedBase.EnterState(InternalTransaction tx)
   at System.Transactions.EnlistableStates.Promote(InternalTransaction tx)
   at System.Transactions.Transaction.Promote()
   at System.Transactions.TransactionInterop.ConvertToOletxTransaction(Transaction transaction)
   at System.Transactions.TransactionInterop.GetExportCookie(Transaction transaction, Byte[] whereabouts)
   at System.Data.SqlClient.SqlInternalConnection.GetTransactionCookie(Transaction transaction, Byte[] whereAbouts)
   at System.Data.SqlClient.SqlInternalConnection.EnlistNonNull(Transaction tx)
   at System.Data.SqlClient.SqlInternalConnection.Enlist(Transaction tx)
   at System.Data.SqlClient.SqlInternalConnectionTds.Activate(Transaction transaction)
   at System.Data.ProviderBase.DbConnectionInternal.ActivateConnection(Transaction transaction)
   at System.Data.ProviderBase.DbConnectionPool.TryGetConnection(DbConnection owningObject, UInt32 waitForMultipleObjectsTimeout, Boolean allowCreate, Boolean onlyOneCheckConnection, DbConnectionOptions userOptions, DbConnectionInternal&amp; connection)
   at System.Data.ProviderBase.DbConnectionPool.TryGetConnection(DbConnection owningObject, TaskCompletionSource`1 retry, DbConnectionOptions userOptions, DbConnectionInternal&amp; connection)
   at System.Data.ProviderBase.DbConnectionFactory.TryGetConnection(DbConnection owningConnection, TaskCompletionSource`1 retry, DbConnectionOptions userOptions, DbConnectionInternal&amp; connection)
   at System.Data.ProviderBase.DbConnectionClosed.TryOpenConnection(DbConnection outerConnection, DbConnectionFactory connectionFactory, TaskCompletionSource`1 retry, DbConnectionOptions userOptions)
   at System.Data.SqlClient.SqlConnection.TryOpen(TaskCompletionSource`1 retry)
   at System.Data.SqlClient.SqlConnection.Open()
   at System.Data.Linq.SqlClient.SqlConnectionManager.UseConnection(IConnectionUser user)
   at System.Data.Linq.SqlClient.SqlProvider.get_IsSqlCe()
   at System.Data.Linq.SqlClient.SqlProvider.InitializeProviderMode()
   at System.Data.Linq.SqlClient.SqlProvider.System.Data.Linq.Provider.IProvider.Execute(Expression query)
   at System.Data.Linq.DataContext.ExecuteMethodCall(Object instance, MethodInfo methodInfo, Object[] parameters)
   at Tavisca.Catapult.Internal.ResourceAccess.DataProviders.Rate.LINQ.RateDataContext.spSaveRateCard(Nullable`1 id, Nullable`1 productId, String productType, String scope, Nullable`1 isEnabled, Nullable`1 isDeleted) in d:\Code\TOM\Catapult\Code\trunk\CatapultServices\Tavisca.Catapult.Internal.ResourceAccess.DataProviders\Rate\LINQ\Rate.designer.cs:line 265
   at Tavisca.Catapult.Internal.ResourceAccess.DataProviders.Rate.RateProvider.SaveRateCard(String scopeId, RateCard rateCard) in d:\Code\TOM\Catapult\Code\trunk\CatapultServices\Tavisca.Catapult.Internal.ResourceAccess.DataProviders\Rate\RateProvider.cs:line 649
   at Tavisca.Catapult.External.Facade.Tests.TestActivityGenerator.SaveRateCard(RateCard rateCard) in d:\Code\TOM\Catapult\Code\trunk\CatapultServices\Tavisca.Catapult.External.Facade.Tests\TestActivityGenerator.cs:line 352
   at Tavisca.Catapult.External.Facade.Tests.BookActivityTests.BookActivityTest.BookActivityActivityCodeTest1() in d:\Code\TOM\Catapult\Code\trunk\CatapultServices\Tavisca.Catapult.External.Facade.Tests\BookActivityTests\BookActivityTest.cs:line 31
</StackTrace>
        </ErrorInfo>
      </Output>
    </UnitTestResult>
    <UnitTestResult executionId="27383310-c79c-41a0-a9e5-c2ab490d2ce9" testId="c634841e-6f70-7edb-09eb-26793cb3ea3a" testName="BookActivityActivityCodeTest2" computerName="PHOENIXX" duration="00:00:00.3061728" startTime="2013-08-09T22:01:38.4760711+05:30" endTime="2013-08-09T22:01:38.7831632+05:30" testType="13cdc9d9-ddb5-4fa4-a97d-d965ccfc6d4b" outcome="Failed" testListId="8c84fa94-04c1-424b-9868-57a2d4851a1d" relativeResultsDirectory="27383310-c79c-41a0-a9e5-c2ab490d2ce9">
      <Output>
        <ErrorInfo>
          <Message>Test method Tavisca.Catapult.External.Facade.Tests.BookActivityTests.BookActivityTest.BookActivityActivityCodeTest2 threw exception: 
System.Transactions.TransactionManagerCommunicationException: Network access for Distributed Transaction Manager (MSDTC) has been disabled. Please enable DTC for network access in the security configuration for MSDTC using the Component Services Administrative tool. ---&gt; System.Runtime.InteropServices.COMException: The transaction manager has disabled its support for remote/network transactions. (Exception from HRESULT: 0x8004D024)</Message>
          <StackTrace>    at System.Transactions.Oletx.IDtcProxyShimFactory.ReceiveTransaction(UInt32 propgationTokenSize, Byte[] propgationToken, IntPtr managedIdentifier, Guid&amp; transactionIdentifier, OletxTransactionIsolationLevel&amp; isolationLevel, ITransactionShim&amp; transactionShim)
   at System.Transactions.TransactionInterop.GetOletxTransactionFromTransmitterPropigationToken(Byte[] propagationToken)
 --- End of inner exception stack trace ---
    at System.Transactions.Oletx.OletxTransactionManager.ProxyException(COMException comException)
   at System.Transactions.TransactionInterop.GetOletxTransactionFromTransmitterPropigationToken(Byte[] propagationToken)
   at System.Transactions.TransactionStatePSPEOperation.PSPEPromote(InternalTransaction tx)
   at System.Transactions.TransactionStateDelegatedBase.EnterState(InternalTransaction tx)
   at System.Transactions.EnlistableStates.Promote(InternalTransaction tx)
   at System.Transactions.Transaction.Promote()
   at System.Transactions.TransactionInterop.ConvertToOletxTransaction(Transaction transaction)
   at System.Transactions.TransactionInterop.GetExportCookie(Transaction transaction, Byte[] whereabouts)
   at System.Data.SqlClient.SqlInternalConnection.GetTransactionCookie(Transaction transaction, Byte[] whereAbouts)
   at System.Data.SqlClient.SqlInternalConnection.EnlistNonNull(Transaction tx)
   at System.Data.SqlClient.SqlInternalConnection.Enlist(Transaction tx)
   at System.Data.SqlClient.SqlInternalConnectionTds.Activate(Transaction transaction)
   at System.Data.ProviderBase.DbConnectionInternal.ActivateConnection(Transaction transaction)
   at System.Data.ProviderBase.DbConnectionPool.TryGetConnection(DbConnection owningObject, UInt32 waitForMultipleObjectsTimeout, Boolean allowCreate, Boolean onlyOneCheckConnection, DbConnectionOptions userOptions, DbConnectionInternal&amp; connection)
   at System.Data.ProviderBase.DbConnectionPool.TryGetConnection(DbConnection owningObject, TaskCompletionSource`1 retry, DbConnectionOptions userOptions, DbConnectionInternal&amp; connection)
   at System.Data.ProviderBase.DbConnectionFactory.TryGetConnection(DbConnection owningConnection, TaskCompletionSource`1 retry, DbConnectionOptions userOptions, DbConnectionInternal&amp; connection)
   at System.Data.ProviderBase.DbConnectionClosed.TryOpenConnection(DbConnection outerConnection, DbConnectionFactory connectionFactory, TaskCompletionSource`1 retry, DbConnectionOptions userOptions)
   at System.Data.SqlClient.SqlConnection.TryOpen(TaskCompletionSource`1 retry)
   at System.Data.SqlClient.SqlConnection.Open()
   at System.Data.Linq.SqlClient.SqlConnectionManager.UseConnection(IConnectionUser user)
   at System.Data.Linq.SqlClient.SqlProvider.get_IsSqlCe()
   at System.Data.Linq.SqlClient.SqlProvider.InitializeProviderMode()
   at System.Data.Linq.SqlClient.SqlProvider.System.Data.Linq.Provider.IProvider.Execute(Expression query)
   at System.Data.Linq.DataContext.ExecuteMethodCall(Object instance, MethodInfo methodInfo, Object[] parameters)
   at Tavisca.Catapult.Internal.ResourceAccess.DataProviders.Rate.LINQ.RateDataContext.spSaveRateCard(Nullable`1 id, Nullable`1 productId, String productType, String scope, Nullable`1 isEnabled, Nullable`1 isDeleted) in d:\Code\TOM\Catapult\Code\trunk\CatapultServices\Tavisca.Catapult.Internal.ResourceAccess.DataProviders\Rate\LINQ\Rate.designer.cs:line 265
   at Tavisca.Catapult.Internal.ResourceAccess.DataProviders.Rate.RateProvider.SaveRateCard(String scopeId, RateCard rateCard) in d:\Code\TOM\Catapult\Code\trunk\CatapultServices\Tavisca.Catapult.Internal.ResourceAccess.DataProviders\Rate\RateProvider.cs:line 649
   at Tavisca.Catapult.External.Facade.Tests.TestActivityGenerator.SaveRateCard(RateCard rateCard) in d:\Code\TOM\Catapult\Code\trunk\CatapultServices\Tavisca.Catapult.External.Facade.Tests\TestActivityGenerator.cs:line 352
   at Tavisca.Catapult.External.Facade.Tests.BookActivityTests.BookActivityTest.BookActivityActivityCodeTest2() in d:\Code\TOM\Catapult\Code\trunk\CatapultServices\Tavisca.Catapult.External.Facade.Tests\BookActivityTests\BookActivityTest.cs:line 77
</StackTrace>
        </ErrorInfo>
      </Output>
    </UnitTestResult>
    <UnitTestResult executionId="b2334d7e-e06f-40ce-bfe1-43ec0480df6a" testId="13ef6aa4-8bcf-f4f7-c8e0-7ecdd518cdb4" testName="BookActivityOptionCodeTest1" computerName="PHOENIXX" duration="00:00:00.3040525" startTime="2013-08-09T22:01:38.7831632+05:30" endTime="2013-08-09T22:01:39.0872544+05:30" testType="13cdc9d9-ddb5-4fa4-a97d-d965ccfc6d4b" outcome="Failed" testListId="8c84fa94-04c1-424b-9868-57a2d4851a1d" relativeResultsDirectory="b2334d7e-e06f-40ce-bfe1-43ec0480df6a">
      <Output>
        <ErrorInfo>
          <Message>Test method Tavisca.Catapult.External.Facade.Tests.BookActivityTests.BookActivityTest.BookActivityOptionCodeTest1 threw exception: 
System.Transactions.TransactionManagerCommunicationException: Network access for Distributed Transaction Manager (MSDTC) has been disabled. Please enable DTC for network access in the security configuration for MSDTC using the Component Services Administrative tool. ---&gt; System.Runtime.InteropServices.COMException: The transaction manager has disabled its support for remote/network transactions. (Exception from HRESULT: 0x8004D024)</Message>
          <StackTrace>    at System.Transactions.Oletx.IDtcProxyShimFactory.ReceiveTransaction(UInt32 propgationTokenSize, Byte[] propgationToken, IntPtr managedIdentifier, Guid&amp; transactionIdentifier, OletxTransactionIsolationLevel&amp; isolationLevel, ITransactionShim&amp; transactionShim)
   at System.Transactions.TransactionInterop.GetOletxTransactionFromTransmitterPropigationToken(Byte[] propagationToken)
 --- End of inner exception stack trace ---
    at System.Transactions.Oletx.OletxTransactionManager.ProxyException(COMException comException)
   at System.Transactions.TransactionInterop.GetOletxTransactionFromTransmitterPropigationToken(Byte[] propagationToken)
   at System.Transactions.TransactionStatePSPEOperation.PSPEPromote(InternalTransaction tx)
   at System.Transactions.TransactionStateDelegatedBase.EnterState(InternalTransaction tx)
   at System.Transactions.EnlistableStates.Promote(InternalTransaction tx)
   at System.Transactions.Transaction.Promote()
   at System.Transactions.TransactionInterop.ConvertToOletxTransaction(Transaction transaction)
   at System.Transactions.TransactionInterop.GetExportCookie(Transaction transaction, Byte[] whereabouts)
   at System.Data.SqlClient.SqlInternalConnection.GetTransactionCookie(Transaction transaction, Byte[] whereAbouts)
   at System.Data.SqlClient.SqlInternalConnection.EnlistNonNull(Transaction tx)
   at System.Data.SqlClient.SqlInternalConnection.Enlist(Transaction tx)
   at System.Data.SqlClient.SqlInternalConnectionTds.Activate(Transaction transaction)
   at System.Data.ProviderBase.DbConnectionInternal.ActivateConnection(Transaction transaction)
   at System.Data.ProviderBase.DbConnectionPool.TryGetConnection(DbConnection owningObject, UInt32 waitForMultipleObjectsTimeout, Boolean allowCreate, Boolean onlyOneCheckConnection, DbConnectionOptions userOptions, DbConnectionInternal&amp; connection)
   at System.Data.ProviderBase.DbConnectionPool.TryGetConnection(DbConnection owningObject, TaskCompletionSource`1 retry, DbConnectionOptions userOptions, DbConnectionInternal&amp; connection)
   at System.Data.ProviderBase.DbConnectionFactory.TryGetConnection(DbConnection owningConnection, TaskCompletionSource`1 retry, DbConnectionOptions userOptions, DbConnectionInternal&amp; connection)
   at System.Data.ProviderBase.DbConnectionClosed.TryOpenConnection(DbConnection outerConnection, DbConnectionFactory connectionFactory, TaskCompletionSource`1 retry, DbConnectionOptions userOptions)
   at System.Data.SqlClient.SqlConnection.TryOpen(TaskCompletionSource`1 retry)
   at System.Data.SqlClient.SqlConnection.Open()
   at System.Data.Linq.SqlClient.SqlConnectionManager.UseConnection(IConnectionUser user)
   at System.Data.Linq.SqlClient.SqlProvider.get_IsSqlCe()
   at System.Data.Linq.SqlClient.SqlProvider.InitializeProviderMode()
   at System.Data.Linq.SqlClient.SqlProvider.System.Data.Linq.Provider.IProvider.Execute(Expression query)
   at System.Data.Linq.DataContext.ExecuteMethodCall(Object instance, MethodInfo methodInfo, Object[] parameters)
   at Tavisca.Catapult.Internal.ResourceAccess.DataProviders.Rate.LINQ.RateDataContext.spSaveRateCard(Nullable`1 id, Nullable`1 productId, String productType, String scope, Nullable`1 isEnabled, Nullable`1 isDeleted) in d:\Code\TOM\Catapult\Code\trunk\CatapultServices\Tavisca.Catapult.Internal.ResourceAccess.DataProviders\Rate\LINQ\Rate.designer.cs:line 265
   at Tavisca.Catapult.Internal.ResourceAccess.DataProviders.Rate.RateProvider.SaveRateCard(String scopeId, RateCard rateCard) in d:\Code\TOM\Catapult\Code\trunk\CatapultServices\Tavisca.Catapult.Internal.ResourceAccess.DataProviders\Rate\RateProvider.cs:line 649
   at Tavisca.Catapult.External.Facade.Tests.TestActivityGenerator.SaveRateCard(RateCard rateCard) in d:\Code\TOM\Catapult\Code\trunk\CatapultServices\Tavisca.Catapult.External.Facade.Tests\TestActivityGenerator.cs:line 352
   at Tavisca.Catapult.External.Facade.Tests.BookActivityTests.BookActivityTest.BookActivityOptionCodeTest1() in d:\Code\TOM\Catapult\Code\trunk\CatapultServices\Tavisca.Catapult.External.Facade.Tests\BookActivityTests\BookActivityTest.cs:line 125
</StackTrace>
        </ErrorInfo>
      </Output>
    </UnitTestResult>
    <UnitTestResult executionId="dbd6859c-88fc-40e5-8452-cd3dd97bef9d" testId="a3a826bf-dd2e-d2a7-d11f-d13ef83d0f1b" testName="BookActivityOptionCodeTest2" computerName="PHOENIXX" duration="00:00:00.3080270" startTime="2013-08-09T22:01:39.0872544+05:30" endTime="2013-08-09T22:01:39.3953468+05:30" testType="13cdc9d9-ddb5-4fa4-a97d-d965ccfc6d4b" outcome="Failed" testListId="8c84fa94-04c1-424b-9868-57a2d4851a1d" relativeResultsDirectory="dbd6859c-88fc-40e5-8452-cd3dd97bef9d">
      <Output>
        <ErrorInfo>
          <Message>Test method Tavisca.Catapult.External.Facade.Tests.BookActivityTests.BookActivityTest.BookActivityOptionCodeTest2 threw exception: 
System.Transactions.TransactionManagerCommunicationException: Network access for Distributed Transaction Manager (MSDTC) has been disabled. Please enable DTC for network access in the security configuration for MSDTC using the Component Services Administrative tool. ---&gt; System.Runtime.InteropServices.COMException: The transaction manager has disabled its support for remote/network transactions. (Exception from HRESULT: 0x8004D024)</Message>
          <StackTrace>    at System.Transactions.Oletx.IDtcProxyShimFactory.ReceiveTransaction(UInt32 propgationTokenSize, Byte[] propgationToken, IntPtr managedIdentifier, Guid&amp; transactionIdentifier, OletxTransactionIsolationLevel&amp; isolationLevel, ITransactionShim&amp; transactionShim)
   at System.Transactions.TransactionInterop.GetOletxTransactionFromTransmitterPropigationToken(Byte[] propagationToken)
 --- End of inner exception stack trace ---
    at System.Transactions.Oletx.OletxTransactionManager.ProxyException(COMException comException)
   at System.Transactions.TransactionInterop.GetOletxTransactionFromTransmitterPropigationToken(Byte[] propagationToken)
   at System.Transactions.TransactionStatePSPEOperation.PSPEPromote(InternalTransaction tx)
   at System.Transactions.TransactionStateDelegatedBase.EnterState(InternalTransaction tx)
   at System.Transactions.EnlistableStates.Promote(InternalTransaction tx)
   at System.Transactions.Transaction.Promote()
   at System.Transactions.TransactionInterop.ConvertToOletxTransaction(Transaction transaction)
   at System.Transactions.TransactionInterop.GetExportCookie(Transaction transaction, Byte[] whereabouts)
   at System.Data.SqlClient.SqlInternalConnection.GetTransactionCookie(Transaction transaction, Byte[] whereAbouts)
   at System.Data.SqlClient.SqlInternalConnection.EnlistNonNull(Transaction tx)
   at System.Data.SqlClient.SqlInternalConnection.Enlist(Transaction tx)
   at System.Data.SqlClient.SqlInternalConnectionTds.Activate(Transaction transaction)
   at System.Data.ProviderBase.DbConnectionInternal.ActivateConnection(Transaction transaction)
   at System.Data.ProviderBase.DbConnectionPool.TryGetConnection(DbConnection owningObject, UInt32 waitForMultipleObjectsTimeout, Boolean allowCreate, Boolean onlyOneCheckConnection, DbConnectionOptions userOptions, DbConnectionInternal&amp; connection)
   at System.Data.ProviderBase.DbConnectionPool.TryGetConnection(DbConnection owningObject, TaskCompletionSource`1 retry, DbConnectionOptions userOptions, DbConnectionInternal&amp; connection)
   at System.Data.ProviderBase.DbConnectionFactory.TryGetConnection(DbConnection owningConnection, TaskCompletionSource`1 retry, DbConnectionOptions userOptions, DbConnectionInternal&amp; connection)
   at System.Data.ProviderBase.DbConnectionClosed.TryOpenConnection(DbConnection outerConnection, DbConnectionFactory connectionFactory, TaskCompletionSource`1 retry, DbConnectionOptions userOptions)
   at System.Data.SqlClient.SqlConnection.TryOpen(TaskCompletionSource`1 retry)
   at System.Data.SqlClient.SqlConnection.Open()
   at System.Data.Linq.SqlClient.SqlConnectionManager.UseConnection(IConnectionUser user)
   at System.Data.Linq.SqlClient.SqlProvider.get_IsSqlCe()
   at System.Data.Linq.SqlClient.SqlProvider.InitializeProviderMode()
   at System.Data.Linq.SqlClient.SqlProvider.System.Data.Linq.Provider.IProvider.Execute(Expression query)
   at System.Data.Linq.DataContext.ExecuteMethodCall(Object instance, MethodInfo methodInfo, Object[] parameters)
   at Tavisca.Catapult.Internal.ResourceAccess.DataProviders.Rate.LINQ.RateDataContext.spSaveRateCard(Nullable`1 id, Nullable`1 productId, String productType, String scope, Nullable`1 isEnabled, Nullable`1 isDeleted) in d:\Code\TOM\Catapult\Code\trunk\CatapultServices\Tavisca.Catapult.Internal.ResourceAccess.DataProviders\Rate\LINQ\Rate.designer.cs:line 265
   at Tavisca.Catapult.Internal.ResourceAccess.DataProviders.Rate.RateProvider.SaveRateCard(String scopeId, RateCard rateCard) in d:\Code\TOM\Catapult\Code\trunk\CatapultServices\Tavisca.Catapult.Internal.ResourceAccess.DataProviders\Rate\RateProvider.cs:line 649
   at Tavisca.Catapult.External.Facade.Tests.TestActivityGenerator.SaveRateCard(RateCard rateCard) in d:\Code\TOM\Catapult\Code\trunk\CatapultServices\Tavisca.Catapult.External.Facade.Tests\TestActivityGenerator.cs:line 352
   at Tavisca.Catapult.External.Facade.Tests.BookActivityTests.BookActivityTest.BookActivityOptionCodeTest2() in d:\Code\TOM\Catapult\Code\trunk\CatapultServices\Tavisca.Catapult.External.Facade.Tests\BookActivityTests\BookActivityTest.cs:line 171
</StackTrace>
        </ErrorInfo>
      </Output>
    </UnitTestResult>
    <UnitTestResult executionId="feaa1dbe-e1cd-4325-ab13-498faa8b0f05" testId="e884f336-e38f-069c-1ab6-39980c9647db" testName="BookActivityOptionCodeTest3" computerName="PHOENIXX" duration="00:00:00.3876150" startTime="2013-08-09T22:01:39.3953468+05:30" endTime="2013-08-09T22:01:39.7834632+05:30" testType="13cdc9d9-ddb5-4fa4-a97d-d965ccfc6d4b" outcome="Failed" testListId="8c84fa94-04c1-424b-9868-57a2d4851a1d" relativeResultsDirectory="feaa1dbe-e1cd-4325-ab13-498faa8b0f05">
      <Output>
        <ErrorInfo>
          <Message>Test method Tavisca.Catapult.External.Facade.Tests.BookActivityTests.BookActivityTest.BookActivityOptionCodeTest3 threw exception: 
System.Transactions.TransactionManagerCommunicationException: Network access for Distributed Transaction Manager (MSDTC) has been disabled. Please enable DTC for network access in the security configuration for MSDTC using the Component Services Administrative tool. ---&gt; System.Runtime.InteropServices.COMException: The transaction manager has disabled its support for remote/network transactions. (Exception from HRESULT: 0x8004D024)</Message>
          <StackTrace>    at System.Transactions.Oletx.IDtcProxyShimFactory.ReceiveTransaction(UInt32 propgationTokenSize, Byte[] propgationToken, IntPtr managedIdentifier, Guid&amp; transactionIdentifier, OletxTransactionIsolationLevel&amp; isolationLevel, ITransactionShim&amp; transactionShim)
   at System.Transactions.TransactionInterop.GetOletxTransactionFromTransmitterPropigationToken(Byte[] propagationToken)
 --- End of inner exception stack trace ---
    at System.Transactions.Oletx.OletxTransactionManager.ProxyException(COMException comException)
   at System.Transactions.TransactionInterop.GetOletxTransactionFromTransmitterPropigationToken(Byte[] propagationToken)
   at System.Transactions.TransactionStatePSPEOperation.PSPEPromote(InternalTransaction tx)
   at System.Transactions.TransactionStateDelegatedBase.EnterState(InternalTransaction tx)
   at System.Transactions.EnlistableStates.Promote(InternalTransaction tx)
   at System.Transactions.Transaction.Promote()
   at System.Transactions.TransactionInterop.ConvertToOletxTransaction(Transaction transaction)
   at System.Transactions.TransactionInterop.GetExportCookie(Transaction transaction, Byte[] whereabouts)
   at System.Data.SqlClient.SqlInternalConnection.GetTransactionCookie(Transaction transaction, Byte[] whereAbouts)
   at System.Data.SqlClient.SqlInternalConnection.EnlistNonNull(Transaction tx)
   at System.Data.SqlClient.SqlInternalConnection.Enlist(Transaction tx)
   at System.Data.SqlClient.SqlInternalConnectionTds.Activate(Transaction transaction)
   at System.Data.ProviderBase.DbConnectionInternal.ActivateConnection(Transaction transaction)
   at System.Data.ProviderBase.DbConnectionPool.TryGetConnection(DbConnection owningObject, UInt32 waitForMultipleObjectsTimeout, Boolean allowCreate, Boolean onlyOneCheckConnection, DbConnectionOptions userOptions, DbConnectionInternal&amp; connection)
   at System.Data.ProviderBase.DbConnectionPool.TryGetConnection(DbConnection owningObject, TaskCompletionSource`1 retry, DbConnectionOptions userOptions, DbConnectionInternal&amp; connection)
   at System.Data.ProviderBase.DbConnectionFactory.TryGetConnection(DbConnection owningConnection, TaskCompletionSource`1 retry, DbConnectionOptions userOptions, DbConnectionInternal&amp; connection)
   at System.Data.ProviderBase.DbConnectionClosed.TryOpenConnection(DbConnection outerConnection, DbConnectionFactory connectionFactory, TaskCompletionSource`1 retry, DbConnectionOptions userOptions)
   at System.Data.SqlClient.SqlConnection.TryOpen(TaskCompletionSource`1 retry)
   at System.Data.SqlClient.SqlConnection.Open()
   at System.Data.Linq.SqlClient.SqlConnectionManager.UseConnection(IConnectionUser user)
   at System.Data.Linq.SqlClient.SqlProvider.get_IsSqlCe()
   at System.Data.Linq.SqlClient.SqlProvider.InitializeProviderMode()
   at System.Data.Linq.SqlClient.SqlProvider.System.Data.Linq.Provider.IProvider.Execute(Expression query)
   at System.Data.Linq.DataContext.ExecuteMethodCall(Object instance, MethodInfo methodInfo, Object[] parameters)
   at Tavisca.Catapult.Internal.ResourceAccess.DataProviders.Rate.LINQ.RateDataContext.spSaveRateCard(Nullable`1 id, Nullable`1 productId, String productType, String scope, Nullable`1 isEnabled, Nullable`1 isDeleted) in d:\Code\TOM\Catapult\Code\trunk\CatapultServices\Tavisca.Catapult.Internal.ResourceAccess.DataProviders\Rate\LINQ\Rate.designer.cs:line 265
   at Tavisca.Catapult.Internal.ResourceAccess.DataProviders.Rate.RateProvider.SaveRateCard(String scopeId, RateCard rateCard) in d:\Code\TOM\Catapult\Code\trunk\CatapultServices\Tavisca.Catapult.Internal.ResourceAccess.DataProviders\Rate\RateProvider.cs:line 649
   at Tavisca.Catapult.External.Facade.Tests.TestActivityGenerator.SaveRateCard(RateCard rateCard) in d:\Code\TOM\Catapult\Code\trunk\CatapultServices\Tavisca.Catapult.External.Facade.Tests\TestActivityGenerator.cs:line 352
   at Tavisca.Catapult.External.Facade.Tests.BookActivityTests.BookActivityTest.BookActivityOptionCodeTest3() in d:\Code\TOM\Catapult\Code\trunk\CatapultServices\Tavisca.Catapult.External.Facade.Tests\BookActivityTests\BookActivityTest.cs:line 219
</StackTrace>
        </ErrorInfo>
      </Output>
    </UnitTestResult>
    <UnitTestResult executionId="3d13395f-0872-4b71-a43a-5740b796672b" testId="f4f79fca-5cd6-1c17-21ad-f447c397f230" testName="BookActivityRateCodeTest1" computerName="PHOENIXX" duration="00:00:00.2928637" startTime="2013-08-09T22:01:39.7834632+05:30" endTime="2013-08-09T22:01:40.0765511+05:30" testType="13cdc9d9-ddb5-4fa4-a97d-d965ccfc6d4b" outcome="Failed" testListId="8c84fa94-04c1-424b-9868-57a2d4851a1d" relativeResultsDirectory="3d13395f-0872-4b71-a43a-5740b796672b">
      <Output>
        <ErrorInfo>
          <Message>Test method Tavisca.Catapult.External.Facade.Tests.BookActivityTests.BookActivityTest.BookActivityRateCodeTest1 threw exception: 
System.Transactions.TransactionManagerCommunicationException: Network access for Distributed Transaction Manager (MSDTC) has been disabled. Please enable DTC for network access in the security configuration for MSDTC using the Component Services Administrative tool. ---&gt; System.Runtime.InteropServices.COMException: The transaction manager has disabled its support for remote/network transactions. (Exception from HRESULT: 0x8004D024)</Message>
          <StackTrace>    at System.Transactions.Oletx.IDtcProxyShimFactory.ReceiveTransaction(UInt32 propgationTokenSize, Byte[] propgationToken, IntPtr managedIdentifier, Guid&amp; transactionIdentifier, OletxTransactionIsolationLevel&amp; isolationLevel, ITransactionShim&amp; transactionShim)
   at System.Transactions.TransactionInterop.GetOletxTransactionFromTransmitterPropigationToken(Byte[] propagationToken)
 --- End of inner exception stack trace ---
    at System.Transactions.Oletx.OletxTransactionManager.ProxyException(COMException comException)
   at System.Transactions.TransactionInterop.GetOletxTransactionFromTransmitterPropigationToken(Byte[] propagationToken)
   at System.Transactions.TransactionStatePSPEOperation.PSPEPromote(InternalTransaction tx)
   at System.Transactions.TransactionStateDelegatedBase.EnterState(InternalTransaction tx)
   at System.Transactions.EnlistableStates.Promote(InternalTransaction tx)
   at System.Transactions.Transaction.Promote()
   at System.Transactions.TransactionInterop.ConvertToOletxTransaction(Transaction transaction)
   at System.Transactions.TransactionInterop.GetExportCookie(Transaction transaction, Byte[] whereabouts)
   at System.Data.SqlClient.SqlInternalConnection.GetTransactionCookie(Transaction transaction, Byte[] whereAbouts)
   at System.Data.SqlClient.SqlInternalConnection.EnlistNonNull(Transaction tx)
   at System.Data.SqlClient.SqlInternalConnection.Enlist(Transaction tx)
   at System.Data.SqlClient.SqlInternalConnectionTds.Activate(Transaction transaction)
   at System.Data.ProviderBase.DbConnectionInternal.ActivateConnection(Transaction transaction)
   at System.Data.ProviderBase.DbConnectionPool.TryGetConnection(DbConnection owningObject, UInt32 waitForMultipleObjectsTimeout, Boolean allowCreate, Boolean onlyOneCheckConnection, DbConnectionOptions userOptions, DbConnectionInternal&amp; connection)
   at System.Data.ProviderBase.DbConnectionPool.TryGetConnection(DbConnection owningObject, TaskCompletionSource`1 retry, DbConnectionOptions userOptions, DbConnectionInternal&amp; connection)
   at System.Data.ProviderBase.DbConnectionFactory.TryGetConnection(DbConnection owningConnection, TaskCompletionSource`1 retry, DbConnectionOptions userOptions, DbConnectionInternal&amp; connection)
   at System.Data.ProviderBase.DbConnectionClosed.TryOpenConnection(DbConnection outerConnection, DbConnectionFactory connectionFactory, TaskCompletionSource`1 retry, DbConnectionOptions userOptions)
   at System.Data.SqlClient.SqlConnection.TryOpen(TaskCompletionSource`1 retry)
   at System.Data.SqlClient.SqlConnection.Open()
   at System.Data.Linq.SqlClient.SqlConnectionManager.UseConnection(IConnectionUser user)
   at System.Data.Linq.SqlClient.SqlProvider.get_IsSqlCe()
   at System.Data.Linq.SqlClient.SqlProvider.InitializeProviderMode()
   at System.Data.Linq.SqlClient.SqlProvider.System.Data.Linq.Provider.IProvider.Execute(Expression query)
   at System.Data.Linq.DataContext.ExecuteMethodCall(Object instance, MethodInfo methodInfo, Object[] parameters)
   at Tavisca.Catapult.Internal.ResourceAccess.DataProviders.Rate.LINQ.RateDataContext.spSaveRateCard(Nullable`1 id, Nullable`1 productId, String productType, String scope, Nullable`1 isEnabled, Nullable`1 isDeleted) in d:\Code\TOM\Catapult\Code\trunk\CatapultServices\Tavisca.Catapult.Internal.ResourceAccess.DataProviders\Rate\LINQ\Rate.designer.cs:line 265
   at Tavisca.Catapult.Internal.ResourceAccess.DataProviders.Rate.RateProvider.SaveRateCard(String scopeId, RateCard rateCard) in d:\Code\TOM\Catapult\Code\trunk\CatapultServices\Tavisca.Catapult.Internal.ResourceAccess.DataProviders\Rate\RateProvider.cs:line 649
   at Tavisca.Catapult.External.Facade.Tests.TestActivityGenerator.SaveRateCard(RateCard rateCard) in d:\Code\TOM\Catapult\Code\trunk\CatapultServices\Tavisca.Catapult.External.Facade.Tests\TestActivityGenerator.cs:line 352
   at Tavisca.Catapult.External.Facade.Tests.BookActivityTests.BookActivityTest.BookActivityRateCodeTest1() in d:\Code\TOM\Catapult\Code\trunk\CatapultServices\Tavisca.Catapult.External.Facade.Tests\BookActivityTests\BookActivityTest.cs:line 265
</StackTrace>
        </ErrorInfo>
      </Output>
    </UnitTestResult>
    <UnitTestResult executionId="8695f6f6-bec2-41e5-b175-6b3744dab65b" testId="b0520dfd-638a-1e24-8248-d109405e7456" testName="BookActivityRateCodeTest2" computerName="PHOENIXX" duration="00:00:00.2920598" startTime="2013-08-09T22:01:40.0765511+05:30" endTime="2013-08-09T22:01:40.3686387+05:30" testType="13cdc9d9-ddb5-4fa4-a97d-d965ccfc6d4b" outcome="Failed" testListId="8c84fa94-04c1-424b-9868-57a2d4851a1d" relativeResultsDirectory="8695f6f6-bec2-41e5-b175-6b3744dab65b">
      <Output>
        <ErrorInfo>
          <Message>Test method Tavisca.Catapult.External.Facade.Tests.BookActivityTests.BookActivityTest.BookActivityRateCodeTest2 threw exception: 
System.Transactions.TransactionManagerCommunicationException: Network access for Distributed Transaction Manager (MSDTC) has been disabled. Please enable DTC for network access in the security configuration for MSDTC using the Component Services Administrative tool. ---&gt; System.Runtime.InteropServices.COMException: The transaction manager has disabled its support for remote/network transactions. (Exception from HRESULT: 0x8004D024)</Message>
          <StackTrace>    at System.Transactions.Oletx.IDtcProxyShimFactory.ReceiveTransaction(UInt32 propgationTokenSize, Byte[] propgationToken, IntPtr managedIdentifier, Guid&amp; transactionIdentifier, OletxTransactionIsolationLevel&amp; isolationLevel, ITransactionShim&amp; transactionShim)
   at System.Transactions.TransactionInterop.GetOletxTransactionFromTransmitterPropigationToken(Byte[] propagationToken)
 --- End of inner exception stack trace ---
    at System.Transactions.Oletx.OletxTransactionManager.ProxyException(COMException comException)
   at System.Transactions.TransactionInterop.GetOletxTransactionFromTransmitterPropigationToken(Byte[] propagationToken)
   at System.Transactions.TransactionStatePSPEOperation.PSPEPromote(InternalTransaction tx)
   at System.Transactions.TransactionStateDelegatedBase.EnterState(InternalTransaction tx)
   at System.Transactions.EnlistableStates.Promote(InternalTransaction tx)
   at System.Transactions.Transaction.Promote()
   at System.Transactions.TransactionInterop.ConvertToOletxTransaction(Transaction transaction)
   at System.Transactions.TransactionInterop.GetExportCookie(Transaction transaction, Byte[] whereabouts)
   at System.Data.SqlClient.SqlInternalConnection.GetTransactionCookie(Transaction transaction, Byte[] whereAbouts)
   at System.Data.SqlClient.SqlInternalConnection.EnlistNonNull(Transaction tx)
   at System.Data.SqlClient.SqlInternalConnection.Enlist(Transaction tx)
   at System.Data.SqlClient.SqlInternalConnectionTds.Activate(Transaction transaction)
   at System.Data.ProviderBase.DbConnectionInternal.ActivateConnection(Transaction transaction)
   at System.Data.ProviderBase.DbConnectionPool.TryGetConnection(DbConnection owningObject, UInt32 waitForMultipleObjectsTimeout, Boolean allowCreate, Boolean onlyOneCheckConnection, DbConnectionOptions userOptions, DbConnectionInternal&amp; connection)
   at System.Data.ProviderBase.DbConnectionPool.TryGetConnection(DbConnection owningObject, TaskCompletionSource`1 retry, DbConnectionOptions userOptions, DbConnectionInternal&amp; connection)
   at System.Data.ProviderBase.DbConnectionFactory.TryGetConnection(DbConnection owningConnection, TaskCompletionSource`1 retry, DbConnectionOptions userOptions, DbConnectionInternal&amp; connection)
   at System.Data.ProviderBase.DbConnectionClosed.TryOpenConnection(DbConnection outerConnection, DbConnectionFactory connectionFactory, TaskCompletionSource`1 retry, DbConnectionOptions userOptions)
   at System.Data.SqlClient.SqlConnection.TryOpen(TaskCompletionSource`1 retry)
   at System.Data.SqlClient.SqlConnection.Open()
   at System.Data.Linq.SqlClient.SqlConnectionManager.UseConnection(IConnectionUser user)
   at System.Data.Linq.SqlClient.SqlProvider.get_IsSqlCe()
   at System.Data.Linq.SqlClient.SqlProvider.InitializeProviderMode()
   at System.Data.Linq.SqlClient.SqlProvider.System.Data.Linq.Provider.IProvider.Execute(Expression query)
   at System.Data.Linq.DataContext.ExecuteMethodCall(Object instance, MethodInfo methodInfo, Object[] parameters)
   at Tavisca.Catapult.Internal.ResourceAccess.DataProviders.Rate.LINQ.RateDataContext.spSaveRateCard(Nullable`1 id, Nullable`1 productId, String productType, String scope, Nullable`1 isEnabled, Nullable`1 isDeleted) in d:\Code\TOM\Catapult\Code\trunk\CatapultServices\Tavisca.Catapult.Internal.ResourceAccess.DataProviders\Rate\LINQ\Rate.designer.cs:line 265
   at Tavisca.Catapult.Internal.ResourceAccess.DataProviders.Rate.RateProvider.SaveRateCard(String scopeId, RateCard rateCard) in d:\Code\TOM\Catapult\Code\trunk\CatapultServices\Tavisca.Catapult.Internal.ResourceAccess.DataProviders\Rate\RateProvider.cs:line 649
   at Tavisca.Catapult.External.Facade.Tests.TestActivityGenerator.SaveRateCard(RateCard rateCard) in d:\Code\TOM\Catapult\Code\trunk\CatapultServices\Tavisca.Catapult.External.Facade.Tests\TestActivityGenerator.cs:line 352
   at Tavisca.Catapult.External.Facade.Tests.BookActivityTests.BookActivityTest.BookActivityRateCodeTest2() in d:\Code\TOM\Catapult\Code\trunk\CatapultServices\Tavisca.Catapult.External.Facade.Tests\BookActivityTests\BookActivityTest.cs:line 311
</StackTrace>
        </ErrorInfo>
      </Output>
    </UnitTestResult>
    <UnitTestResult executionId="8c680f1e-8378-4220-ad13-5158f020ac3f" testId="fc60250a-b02e-97f3-0dfa-947f0cd0f791" testName="BookActivityRateCodeTest3" computerName="PHOENIXX" duration="00:00:00.2912008" startTime="2013-08-09T22:01:40.3686387+05:30" endTime="2013-08-09T22:01:40.6597260+05:30" testType="13cdc9d9-ddb5-4fa4-a97d-d965ccfc6d4b" outcome="Failed" testListId="8c84fa94-04c1-424b-9868-57a2d4851a1d" relativeResultsDirectory="8c680f1e-8378-4220-ad13-5158f020ac3f">
      <Output>
        <ErrorInfo>
          <Message>Test method Tavisca.Catapult.External.Facade.Tests.BookActivityTests.BookActivityTest.BookActivityRateCodeTest3 threw exception: 
System.Transactions.TransactionManagerCommunicationException: Network access for Distributed Transaction Manager (MSDTC) has been disabled. Please enable DTC for network access in the security configuration for MSDTC using the Component Services Administrative tool. ---&gt; System.Runtime.InteropServices.COMException: The transaction manager has disabled its support for remote/network transactions. (Exception from HRESULT: 0x8004D024)</Message>
          <StackTrace>    at System.Transactions.Oletx.IDtcProxyShimFactory.ReceiveTransaction(UInt32 propgationTokenSize, Byte[] propgationToken, IntPtr managedIdentifier, Guid&amp; transactionIdentifier, OletxTransactionIsolationLevel&amp; isolationLevel, ITransactionShim&amp; transactionShim)
   at System.Transactions.TransactionInterop.GetOletxTransactionFromTransmitterPropigationToken(Byte[] propagationToken)
 --- End of inner exception stack trace ---
    at System.Transactions.Oletx.OletxTransactionManager.ProxyException(COMException comException)
   at System.Transactions.TransactionInterop.GetOletxTransactionFromTransmitterPropigationToken(Byte[] propagationToken)
   at System.Transactions.TransactionStatePSPEOperation.PSPEPromote(InternalTransaction tx)
   at System.Transactions.TransactionStateDelegatedBase.EnterState(InternalTransaction tx)
   at System.Transactions.EnlistableStates.Promote(InternalTransaction tx)
   at System.Transactions.Transaction.Promote()
   at System.Transactions.TransactionInterop.ConvertToOletxTransaction(Transaction transaction)
   at System.Transactions.TransactionInterop.GetExportCookie(Transaction transaction, Byte[] whereabouts)
   at System.Data.SqlClient.SqlInternalConnection.GetTransactionCookie(Transaction transaction, Byte[] whereAbouts)
   at System.Data.SqlClient.SqlInternalConnection.EnlistNonNull(Transaction tx)
   at System.Data.SqlClient.SqlInternalConnection.Enlist(Transaction tx)
   at System.Data.SqlClient.SqlInternalConnectionTds.Activate(Transaction transaction)
   at System.Data.ProviderBase.DbConnectionInternal.ActivateConnection(Transaction transaction)
   at System.Data.ProviderBase.DbConnectionPool.TryGetConnection(DbConnection owningObject, UInt32 waitForMultipleObjectsTimeout, Boolean allowCreate, Boolean onlyOneCheckConnection, DbConnectionOptions userOptions, DbConnectionInternal&amp; connection)
   at System.Data.ProviderBase.DbConnectionPool.TryGetConnection(DbConnection owningObject, TaskCompletionSource`1 retry, DbConnectionOptions userOptions, DbConnectionInternal&amp; connection)
   at System.Data.ProviderBase.DbConnectionFactory.TryGetConnection(DbConnection owningConnection, TaskCompletionSource`1 retry, DbConnectionOptions userOptions, DbConnectionInternal&amp; connection)
   at System.Data.ProviderBase.DbConnectionClosed.TryOpenConnection(DbConnection outerConnection, DbConnectionFactory connectionFactory, TaskCompletionSource`1 retry, DbConnectionOptions userOptions)
   at System.Data.SqlClient.SqlConnection.TryOpen(TaskCompletionSource`1 retry)
   at System.Data.SqlClient.SqlConnection.Open()
   at System.Data.Linq.SqlClient.SqlConnectionManager.UseConnection(IConnectionUser user)
   at System.Data.Linq.SqlClient.SqlProvider.get_IsSqlCe()
   at System.Data.Linq.SqlClient.SqlProvider.InitializeProviderMode()
   at System.Data.Linq.SqlClient.SqlProvider.System.Data.Linq.Provider.IProvider.Execute(Expression query)
   at System.Data.Linq.DataContext.ExecuteMethodCall(Object instance, MethodInfo methodInfo, Object[] parameters)
   at Tavisca.Catapult.Internal.ResourceAccess.DataProviders.Rate.LINQ.RateDataContext.spSaveRateCard(Nullable`1 id, Nullable`1 productId, String productType, String scope, Nullable`1 isEnabled, Nullable`1 isDeleted) in d:\Code\TOM\Catapult\Code\trunk\CatapultServices\Tavisca.Catapult.Internal.ResourceAccess.DataProviders\Rate\LINQ\Rate.designer.cs:line 265
   at Tavisca.Catapult.Internal.ResourceAccess.DataProviders.Rate.RateProvider.SaveRateCard(String scopeId, RateCard rateCard) in d:\Code\TOM\Catapult\Code\trunk\CatapultServices\Tavisca.Catapult.Internal.ResourceAccess.DataProviders\Rate\RateProvider.cs:line 649
   at Tavisca.Catapult.External.Facade.Tests.TestActivityGenerator.SaveRateCard(RateCard rateCard) in d:\Code\TOM\Catapult\Code\trunk\CatapultServices\Tavisca.Catapult.External.Facade.Tests\TestActivityGenerator.cs:line 352
   at Tavisca.Catapult.External.Facade.Tests.BookActivityTests.BookActivityTest.BookActivityRateCodeTest3() in d:\Code\TOM\Catapult\Code\trunk\CatapultServices\Tavisca.Catapult.External.Facade.Tests\BookActivityTests\BookActivityTest.cs:line 357
</StackTrace>
        </ErrorInfo>
      </Output>
    </UnitTestResult>
    <UnitTestResult executionId="b6528ab8-2f02-4122-9606-8abd95f2ddf3" testId="07649b6d-6f8f-6029-a1c8-b28ff240b08a" testName="BookActivityGuestInformationTest1" computerName="PHOENIXX" duration="00:00:00.2983150" startTime="2013-08-09T22:01:40.6607263+05:30" endTime="2013-08-09T22:01:40.9588157+05:30" testType="13cdc9d9-ddb5-4fa4-a97d-d965ccfc6d4b" outcome="Failed" testListId="8c84fa94-04c1-424b-9868-57a2d4851a1d" relativeResultsDirectory="b6528ab8-2f02-4122-9606-8abd95f2ddf3">
      <Output>
        <ErrorInfo>
          <Message>Test method Tavisca.Catapult.External.Facade.Tests.BookActivityTests.BookActivityTest.BookActivityGuestInformationTest1 threw exception: 
System.Transactions.TransactionManagerCommunicationException: Network access for Distributed Transaction Manager (MSDTC) has been disabled. Please enable DTC for network access in the security configuration for MSDTC using the Component Services Administrative tool. ---&gt; System.Runtime.InteropServices.COMException: The transaction manager has disabled its support for remote/network transactions. (Exception from HRESULT: 0x8004D024)</Message>
          <StackTrace>    at System.Transactions.Oletx.IDtcProxyShimFactory.ReceiveTransaction(UInt32 propgationTokenSize, Byte[] propgationToken, IntPtr managedIdentifier, Guid&amp; transactionIdentifier, OletxTransactionIsolationLevel&amp; isolationLevel, ITransactionShim&amp; transactionShim)
   at System.Transactions.TransactionInterop.GetOletxTransactionFromTransmitterPropigationToken(Byte[] propagationToken)
 --- End of inner exception stack trace ---
    at System.Transactions.Oletx.OletxTransactionManager.ProxyException(COMException comException)
   at System.Transactions.TransactionInterop.GetOletxTransactionFromTransmitterPropigationToken(Byte[] propagationToken)
   at System.Transactions.TransactionStatePSPEOperation.PSPEPromote(InternalTransaction tx)
   at System.Transactions.TransactionStateDelegatedBase.EnterState(InternalTransaction tx)
   at System.Transactions.EnlistableStates.Promote(InternalTransaction tx)
   at System.Transactions.Transaction.Promote()
   at System.Transactions.TransactionInterop.ConvertToOletxTransaction(Transaction transaction)
   at System.Transactions.TransactionInterop.GetExportCookie(Transaction transaction, Byte[] whereabouts)
   at System.Data.SqlClient.SqlInternalConnection.GetTransactionCookie(Transaction transaction, Byte[] whereAbouts)
   at System.Data.SqlClient.SqlInternalConnection.EnlistNonNull(Transaction tx)
   at System.Data.SqlClient.SqlInternalConnection.Enlist(Transaction tx)
   at System.Data.SqlClient.SqlInternalConnectionTds.Activate(Transaction transaction)
   at System.Data.ProviderBase.DbConnectionInternal.ActivateConnection(Transaction transaction)
   at System.Data.ProviderBase.DbConnectionPool.TryGetConnection(DbConnection owningObject, UInt32 waitForMultipleObjectsTimeout, Boolean allowCreate, Boolean onlyOneCheckConnection, DbConnectionOptions userOptions, DbConnectionInternal&amp; connection)
   at System.Data.ProviderBase.DbConnectionPool.TryGetConnection(DbConnection owningObject, TaskCompletionSource`1 retry, DbConnectionOptions userOptions, DbConnectionInternal&amp; connection)
   at System.Data.ProviderBase.DbConnectionFactory.TryGetConnection(DbConnection owningConnection, TaskCompletionSource`1 retry, DbConnectionOptions userOptions, DbConnectionInternal&amp; connection)
   at System.Data.ProviderBase.DbConnectionClosed.TryOpenConnection(DbConnection outerConnection, DbConnectionFactory connectionFactory, TaskCompletionSource`1 retry, DbConnectionOptions userOptions)
   at System.Data.SqlClient.SqlConnection.TryOpen(TaskCompletionSource`1 retry)
   at System.Data.SqlClient.SqlConnection.Open()
   at System.Data.Linq.SqlClient.SqlConnectionManager.UseConnection(IConnectionUser user)
   at System.Data.Linq.SqlClient.SqlProvider.get_IsSqlCe()
   at System.Data.Linq.SqlClient.SqlProvider.InitializeProviderMode()
   at System.Data.Linq.SqlClient.SqlProvider.System.Data.Linq.Provider.IProvider.Execute(Expression query)
   at System.Data.Linq.DataContext.ExecuteMethodCall(Object instance, MethodInfo methodInfo, Object[] parameters)
   at Tavisca.Catapult.Internal.ResourceAccess.DataProviders.Rate.LINQ.RateDataContext.spSaveRateCard(Nullable`1 id, Nullable`1 productId, String productType, String scope, Nullable`1 isEnabled, Nullable`1 isDeleted) in d:\Code\TOM\Catapult\Code\trunk\CatapultServices\Tavisca.Catapult.Internal.ResourceAccess.DataProviders\Rate\LINQ\Rate.designer.cs:line 265
   at Tavisca.Catapult.Internal.ResourceAccess.DataProviders.Rate.RateProvider.SaveRateCard(String scopeId, RateCard rateCard) in d:\Code\TOM\Catapult\Code\trunk\CatapultServices\Tavisca.Catapult.Internal.ResourceAccess.DataProviders\Rate\RateProvider.cs:line 649
   at Tavisca.Catapult.External.Facade.Tests.TestActivityGenerator.SaveRateCard(RateCard rateCard) in d:\Code\TOM\Catapult\Code\trunk\CatapultServices\Tavisca.Catapult.External.Facade.Tests\TestActivityGenerator.cs:line 352
   at Tavisca.Catapult.External.Facade.Tests.BookActivityTests.BookActivityTest.BookActivityGuestInformationTest1() in d:\Code\TOM\Catapult\Code\trunk\CatapultServices\Tavisca.Catapult.External.Facade.Tests\BookActivityTests\BookActivityTest.cs:line 404
</StackTrace>
        </ErrorInfo>
      </Output>
    </UnitTestResult>
    <UnitTestResult executionId="6d069e75-d881-40db-b806-db5b911b7294" testId="91168f66-ce76-915c-d0d6-83b658536063" testName="BookActivityGuestInformationTest2" computerName="PHOENIXX" duration="00:00:00.2980834" startTime="2013-08-09T22:01:40.9588157+05:30" endTime="2013-08-09T22:01:41.2569051+05:30" testType="13cdc9d9-ddb5-4fa4-a97d-d965ccfc6d4b" outcome="Failed" testListId="8c84fa94-04c1-424b-9868-57a2d4851a1d" relativeResultsDirectory="6d069e75-d881-40db-b806-db5b911b7294">
      <Output>
        <ErrorInfo>
          <Message>Test method Tavisca.Catapult.External.Facade.Tests.BookActivityTests.BookActivityTest.BookActivityGuestInformationTest2 threw exception: 
System.Transactions.TransactionManagerCommunicationException: Network access for Distributed Transaction Manager (MSDTC) has been disabled. Please enable DTC for network access in the security configuration for MSDTC using the Component Services Administrative tool. ---&gt; System.Runtime.InteropServices.COMException: The transaction manager has disabled its support for remote/network transactions. (Exception from HRESULT: 0x8004D024)</Message>
          <StackTrace>    at System.Transactions.Oletx.IDtcProxyShimFactory.ReceiveTransaction(UInt32 propgationTokenSize, Byte[] propgationToken, IntPtr managedIdentifier, Guid&amp; transactionIdentifier, OletxTransactionIsolationLevel&amp; isolationLevel, ITransactionShim&amp; transactionShim)
   at System.Transactions.TransactionInterop.GetOletxTransactionFromTransmitterPropigationToken(Byte[] propagationToken)
 --- End of inner exception stack trace ---
    at System.Transactions.Oletx.OletxTransactionManager.ProxyException(COMException comException)
   at System.Transactions.TransactionInterop.GetOletxTransactionFromTransmitterPropigationToken(Byte[] propagationToken)
   at System.Transactions.TransactionStatePSPEOperation.PSPEPromote(InternalTransaction tx)
   at System.Transactions.TransactionStateDelegatedBase.EnterState(InternalTransaction tx)
   at System.Transactions.EnlistableStates.Promote(InternalTransaction tx)
   at System.Transactions.Transaction.Promote()
   at System.Transactions.TransactionInterop.ConvertToOletxTransaction(Transaction transaction)
   at System.Transactions.TransactionInterop.GetExportCookie(Transaction transaction, Byte[] whereabouts)
   at System.Data.SqlClient.SqlInternalConnection.GetTransactionCookie(Transaction transaction, Byte[] whereAbouts)
   at System.Data.SqlClient.SqlInternalConnection.EnlistNonNull(Transaction tx)
   at System.Data.SqlClient.SqlInternalConnection.Enlist(Transaction tx)
   at System.Data.SqlClient.SqlInternalConnectionTds.Activate(Transaction transaction)
   at System.Data.ProviderBase.DbConnectionInternal.ActivateConnection(Transaction transaction)
   at System.Data.ProviderBase.DbConnectionPool.TryGetConnection(DbConnection owningObject, UInt32 waitForMultipleObjectsTimeout, Boolean allowCreate, Boolean onlyOneCheckConnection, DbConnectionOptions userOptions, DbConnectionInternal&amp; connection)
   at System.Data.ProviderBase.DbConnectionPool.TryGetConnection(DbConnection owningObject, TaskCompletionSource`1 retry, DbConnectionOptions userOptions, DbConnectionInternal&amp; connection)
   at System.Data.ProviderBase.DbConnectionFactory.TryGetConnection(DbConnection owningConnection, TaskCompletionSource`1 retry, DbConnectionOptions userOptions, DbConnectionInternal&amp; connection)
   at System.Data.ProviderBase.DbConnectionClosed.TryOpenConnection(DbConnection outerConnection, DbConnectionFactory connectionFactory, TaskCompletionSource`1 retry, DbConnectionOptions userOptions)
   at System.Data.SqlClient.SqlConnection.TryOpen(TaskCompletionSource`1 retry)
   at System.Data.SqlClient.SqlConnection.Open()
   at System.Data.Linq.SqlClient.SqlConnectionManager.UseConnection(IConnectionUser user)
   at System.Data.Linq.SqlClient.SqlProvider.get_IsSqlCe()
   at System.Data.Linq.SqlClient.SqlProvider.InitializeProviderMode()
   at System.Data.Linq.SqlClient.SqlProvider.System.Data.Linq.Provider.IProvider.Execute(Expression query)
   at System.Data.Linq.DataContext.ExecuteMethodCall(Object instance, MethodInfo methodInfo, Object[] parameters)
   at Tavisca.Catapult.Internal.ResourceAccess.DataProviders.Rate.LINQ.RateDataContext.spSaveRateCard(Nullable`1 id, Nullable`1 productId, String productType, String scope, Nullable`1 isEnabled, Nullable`1 isDeleted) in d:\Code\TOM\Catapult\Code\trunk\CatapultServices\Tavisca.Catapult.Internal.ResourceAccess.DataProviders\Rate\LINQ\Rate.designer.cs:line 265
   at Tavisca.Catapult.Internal.ResourceAccess.DataProviders.Rate.RateProvider.SaveRateCard(String scopeId, RateCard rateCard) in d:\Code\TOM\Catapult\Code\trunk\CatapultServices\Tavisca.Catapult.Internal.ResourceAccess.DataProviders\Rate\RateProvider.cs:line 649
   at Tavisca.Catapult.External.Facade.Tests.TestActivityGenerator.SaveRateCard(RateCard rateCard) in d:\Code\TOM\Catapult\Code\trunk\CatapultServices\Tavisca.Catapult.External.Facade.Tests\TestActivityGenerator.cs:line 352
   at Tavisca.Catapult.External.Facade.Tests.BookActivityTests.BookActivityTest.BookActivityGuestInformationTest2() in d:\Code\TOM\Catapult\Code\trunk\CatapultServices\Tavisca.Catapult.External.Facade.Tests\BookActivityTests\BookActivityTest.cs:line 452
</StackTrace>
        </ErrorInfo>
      </Output>
    </UnitTestResult>
    <UnitTestResult executionId="803ef3e2-d567-4453-9a2a-413e65391279" testId="3e1ffb2b-2bee-c9c2-132d-f4a17579ee27" testName="BookActivityGuestInformationTest3" computerName="PHOENIXX" duration="00:00:00.3273232" startTime="2013-08-09T22:01:41.2569051+05:30" endTime="2013-08-09T22:01:41.5850035+05:30" testType="13cdc9d9-ddb5-4fa4-a97d-d965ccfc6d4b" outcome="Failed" testListId="8c84fa94-04c1-424b-9868-57a2d4851a1d" relativeResultsDirectory="803ef3e2-d567-4453-9a2a-413e65391279">
      <Output>
        <ErrorInfo>
          <Message>Test method Tavisca.Catapult.External.Facade.Tests.BookActivityTests.BookActivityTest.BookActivityGuestInformationTest3 threw exception: 
System.Transactions.TransactionManagerCommunicationException: Network access for Distributed Transaction Manager (MSDTC) has been disabled. Please enable DTC for network access in the security configuration for MSDTC using the Component Services Administrative tool. ---&gt; System.Runtime.InteropServices.COMException: The transaction manager has disabled its support for remote/network transactions. (Exception from HRESULT: 0x8004D024)</Message>
          <StackTrace>    at System.Transactions.Oletx.IDtcProxyShimFactory.ReceiveTransaction(UInt32 propgationTokenSize, Byte[] propgationToken, IntPtr managedIdentifier, Guid&amp; transactionIdentifier, OletxTransactionIsolationLevel&amp; isolationLevel, ITransactionShim&amp; transactionShim)
   at System.Transactions.TransactionInterop.GetOletxTransactionFromTransmitterPropigationToken(Byte[] propagationToken)
 --- End of inner exception stack trace ---
    at System.Transactions.Oletx.OletxTransactionManager.ProxyException(COMException comException)
   at System.Transactions.TransactionInterop.GetOletxTransactionFromTransmitterPropigationToken(Byte[] propagationToken)
   at System.Transactions.TransactionStatePSPEOperation.PSPEPromote(InternalTransaction tx)
   at System.Transactions.TransactionStateDelegatedBase.EnterState(InternalTransaction tx)
   at System.Transactions.EnlistableStates.Promote(InternalTransaction tx)
   at System.Transactions.Transaction.Promote()
   at System.Transactions.TransactionInterop.ConvertToOletxTransaction(Transaction transaction)
   at System.Transactions.TransactionInterop.GetExportCookie(Transaction transaction, Byte[] whereabouts)
   at System.Data.SqlClient.SqlInternalConnection.GetTransactionCookie(Transaction transaction, Byte[] whereAbouts)
   at System.Data.SqlClient.SqlInternalConnection.EnlistNonNull(Transaction tx)
   at System.Data.SqlClient.SqlInternalConnection.Enlist(Transaction tx)
   at System.Data.SqlClient.SqlInternalConnectionTds.Activate(Transaction transaction)
   at System.Data.ProviderBase.DbConnectionInternal.ActivateConnection(Transaction transaction)
   at System.Data.ProviderBase.DbConnectionPool.TryGetConnection(DbConnection owningObject, UInt32 waitForMultipleObjectsTimeout, Boolean allowCreate, Boolean onlyOneCheckConnection, DbConnectionOptions userOptions, DbConnectionInternal&amp; connection)
   at System.Data.ProviderBase.DbConnectionPool.TryGetConnection(DbConnection owningObject, TaskCompletionSource`1 retry, DbConnectionOptions userOptions, DbConnectionInternal&amp; connection)
   at System.Data.ProviderBase.DbConnectionFactory.TryGetConnection(DbConnection owningConnection, TaskCompletionSource`1 retry, DbConnectionOptions userOptions, DbConnectionInternal&amp; connection)
   at System.Data.ProviderBase.DbConnectionClosed.TryOpenConnection(DbConnection outerConnection, DbConnectionFactory connectionFactory, TaskCompletionSource`1 retry, DbConnectionOptions userOptions)
   at System.Data.SqlClient.SqlConnection.TryOpen(TaskCompletionSource`1 retry)
   at System.Data.SqlClient.SqlConnection.Open()
   at System.Data.Linq.SqlClient.SqlConnectionManager.UseConnection(IConnectionUser user)
   at System.Data.Linq.SqlClient.SqlProvider.get_IsSqlCe()
   at System.Data.Linq.SqlClient.SqlProvider.InitializeProviderMode()
   at System.Data.Linq.SqlClient.SqlProvider.System.Data.Linq.Provider.IProvider.Execute(Expression query)
   at System.Data.Linq.DataContext.ExecuteMethodCall(Object instance, MethodInfo methodInfo, Object[] parameters)
   at Tavisca.Catapult.Internal.ResourceAccess.DataProviders.Rate.LINQ.RateDataContext.spSaveRateCard(Nullable`1 id, Nullable`1 productId, String productType, String scope, Nullable`1 isEnabled, Nullable`1 isDeleted) in d:\Code\TOM\Catapult\Code\trunk\CatapultServices\Tavisca.Catapult.Internal.ResourceAccess.DataProviders\Rate\LINQ\Rate.designer.cs:line 265
   at Tavisca.Catapult.Internal.ResourceAccess.DataProviders.Rate.RateProvider.SaveRateCard(String scopeId, RateCard rateCard) in d:\Code\TOM\Catapult\Code\trunk\CatapultServices\Tavisca.Catapult.Internal.ResourceAccess.DataProviders\Rate\RateProvider.cs:line 649
   at Tavisca.Catapult.External.Facade.Tests.TestActivityGenerator.SaveRateCard(RateCard rateCard) in d:\Code\TOM\Catapult\Code\trunk\CatapultServices\Tavisca.Catapult.External.Facade.Tests\TestActivityGenerator.cs:line 352
   at Tavisca.Catapult.External.Facade.Tests.BookActivityTests.BookActivityTest.BookActivityGuestInformationTest3() in d:\Code\TOM\Catapult\Code\trunk\CatapultServices\Tavisca.Catapult.External.Facade.Tests\BookActivityTests\BookActivityTest.cs:line 500
</StackTrace>
        </ErrorInfo>
      </Output>
    </UnitTestResult>
    <UnitTestResult executionId="8d68ce7c-8185-4837-8841-1d3fb32a8e75" testId="7002497c-cc30-9c3f-2928-709888d8d51c" testName="BookActivityGuestInformationTest4" computerName="PHOENIXX" duration="00:00:00.3023870" startTime="2013-08-09T22:01:41.5850035+05:30" endTime="2013-08-09T22:01:41.8880944+05:30" testType="13cdc9d9-ddb5-4fa4-a97d-d965ccfc6d4b" outcome="Failed" testListId="8c84fa94-04c1-424b-9868-57a2d4851a1d" relativeResultsDirectory="8d68ce7c-8185-4837-8841-1d3fb32a8e75">
      <Output>
        <ErrorInfo>
          <Message>Test method Tavisca.Catapult.External.Facade.Tests.BookActivityTests.BookActivityTest.BookActivityGuestInformationTest4 threw exception: 
System.Transactions.TransactionManagerCommunicationException: Network access for Distributed Transaction Manager (MSDTC) has been disabled. Please enable DTC for network access in the security configuration for MSDTC using the Component Services Administrative tool. ---&gt; System.Runtime.InteropServices.COMException: The transaction manager has disabled its support for remote/network transactions. (Exception from HRESULT: 0x8004D024)</Message>
          <StackTrace>    at System.Transactions.Oletx.IDtcProxyShimFactory.ReceiveTransaction(UInt32 propgationTokenSize, Byte[] propgationToken, IntPtr managedIdentifier, Guid&amp; transactionIdentifier, OletxTransactionIsolationLevel&amp; isolationLevel, ITransactionShim&amp; transactionShim)
   at System.Transactions.TransactionInterop.GetOletxTransactionFromTransmitterPropigationToken(Byte[] propagationToken)
 --- End of inner exception stack trace ---
    at System.Transactions.Oletx.OletxTransactionManager.ProxyException(COMException comException)
   at System.Transactions.TransactionInterop.GetOletxTransactionFromTransmitterPropigationToken(Byte[] propagationToken)
   at System.Transactions.TransactionStatePSPEOperation.PSPEPromote(InternalTransaction tx)
   at System.Transactions.TransactionStateDelegatedBase.EnterState(InternalTransaction tx)
   at System.Transactions.EnlistableStates.Promote(InternalTransaction tx)
   at System.Transactions.Transaction.Promote()
   at System.Transactions.TransactionInterop.ConvertToOletxTransaction(Transaction transaction)
   at System.Transactions.TransactionInterop.GetExportCookie(Transaction transaction, Byte[] whereabouts)
   at System.Data.SqlClient.SqlInternalConnection.GetTransactionCookie(Transaction transaction, Byte[] whereAbouts)
   at System.Data.SqlClient.SqlInternalConnection.EnlistNonNull(Transaction tx)
   at System.Data.SqlClient.SqlInternalConnection.Enlist(Transaction tx)
   at System.Data.SqlClient.SqlInternalConnectionTds.Activate(Transaction transaction)
   at System.Data.ProviderBase.DbConnectionInternal.ActivateConnection(Transaction transaction)
   at System.Data.ProviderBase.DbConnectionPool.TryGetConnection(DbConnection owningObject, UInt32 waitForMultipleObjectsTimeout, Boolean allowCreate, Boolean onlyOneCheckConnection, DbConnectionOptions userOptions, DbConnectionInternal&amp; connection)
   at System.Data.ProviderBase.DbConnectionPool.TryGetConnection(DbConnection owningObject, TaskCompletionSource`1 retry, DbConnectionOptions userOptions, DbConnectionInternal&amp; connection)
   at System.Data.ProviderBase.DbConnectionFactory.TryGetConnection(DbConnection owningConnection, TaskCompletionSource`1 retry, DbConnectionOptions userOptions, DbConnectionInternal&amp; connection)
   at System.Data.ProviderBase.DbConnectionClosed.TryOpenConnection(DbConnection outerConnection, DbConnectionFactory connectionFactory, TaskCompletionSource`1 retry, DbConnectionOptions userOptions)
   at System.Data.SqlClient.SqlConnection.TryOpen(TaskCompletionSource`1 retry)
   at System.Data.SqlClient.SqlConnection.Open()
   at System.Data.Linq.SqlClient.SqlConnectionManager.UseConnection(IConnectionUser user)
   at System.Data.Linq.SqlClient.SqlProvider.get_IsSqlCe()
   at System.Data.Linq.SqlClient.SqlProvider.InitializeProviderMode()
   at System.Data.Linq.SqlClient.SqlProvider.System.Data.Linq.Provider.IProvider.Execute(Expression query)
   at System.Data.Linq.DataContext.ExecuteMethodCall(Object instance, MethodInfo methodInfo, Object[] parameters)
   at Tavisca.Catapult.Internal.ResourceAccess.DataProviders.Rate.LINQ.RateDataContext.spSaveRateCard(Nullable`1 id, Nullable`1 productId, String productType, String scope, Nullable`1 isEnabled, Nullable`1 isDeleted) in d:\Code\TOM\Catapult\Code\trunk\CatapultServices\Tavisca.Catapult.Internal.ResourceAccess.DataProviders\Rate\LINQ\Rate.designer.cs:line 265
   at Tavisca.Catapult.Internal.ResourceAccess.DataProviders.Rate.RateProvider.SaveRateCard(String scopeId, RateCard rateCard) in d:\Code\TOM\Catapult\Code\trunk\CatapultServices\Tavisca.Catapult.Internal.ResourceAccess.DataProviders\Rate\RateProvider.cs:line 649
   at Tavisca.Catapult.External.Facade.Tests.TestActivityGenerator.SaveRateCard(RateCard rateCard) in d:\Code\TOM\Catapult\Code\trunk\CatapultServices\Tavisca.Catapult.External.Facade.Tests\TestActivityGenerator.cs:line 352
   at Tavisca.Catapult.External.Facade.Tests.BookActivityTests.BookActivityTest.BookActivityGuestInformationTest4() in d:\Code\TOM\Catapult\Code\trunk\CatapultServices\Tavisca.Catapult.External.Facade.Tests\BookActivityTests\BookActivityTest.cs:line 548
</StackTrace>
        </ErrorInfo>
      </Output>
    </UnitTestResult>
    <UnitTestResult executionId="dca7b6c9-1fca-4799-a043-5857f5cc23cc" testId="8d93b206-144a-3866-75af-d54dba565d45" testName="BookActivityGuestInformationTest5" computerName="PHOENIXX" duration="00:00:00.3121599" startTime="2013-08-09T22:01:41.8880944+05:30" endTime="2013-08-09T22:01:42.2001880+05:30" testType="13cdc9d9-ddb5-4fa4-a97d-d965ccfc6d4b" outcome="Failed" testListId="8c84fa94-04c1-424b-9868-57a2d4851a1d" relativeResultsDirectory="dca7b6c9-1fca-4799-a043-5857f5cc23cc">
      <Output>
        <ErrorInfo>
          <Message>Test method Tavisca.Catapult.External.Facade.Tests.BookActivityTests.BookActivityTest.BookActivityGuestInformationTest5 threw exception: 
System.Transactions.TransactionManagerCommunicationException: Network access for Distributed Transaction Manager (MSDTC) has been disabled. Please enable DTC for network access in the security configuration for MSDTC using the Component Services Administrative tool. ---&gt; System.Runtime.InteropServices.COMException: The transaction manager has disabled its support for remote/network transactions. (Exception from HRESULT: 0x8004D024)</Message>
          <StackTrace>    at System.Transactions.Oletx.IDtcProxyShimFactory.ReceiveTransaction(UInt32 propgationTokenSize, Byte[] propgationToken, IntPtr managedIdentifier, Guid&amp; transactionIdentifier, OletxTransactionIsolationLevel&amp; isolationLevel, ITransactionShim&amp; transactionShim)
   at System.Transactions.TransactionInterop.GetOletxTransactionFromTransmitterPropigationToken(Byte[] propagationToken)
 --- End of inner exception stack trace ---
    at System.Transactions.Oletx.OletxTransactionManager.ProxyException(COMException comException)
   at System.Transactions.TransactionInterop.GetOletxTransactionFromTransmitterPropigationToken(Byte[] propagationToken)
   at System.Transactions.TransactionStatePSPEOperation.PSPEPromote(InternalTransaction tx)
   at System.Transactions.TransactionStateDelegatedBase.EnterState(InternalTransaction tx)
   at System.Transactions.EnlistableStates.Promote(InternalTransaction tx)
   at System.Transactions.Transaction.Promote()
   at System.Transactions.TransactionInterop.ConvertToOletxTransaction(Transaction transaction)
   at System.Transactions.TransactionInterop.GetExportCookie(Transaction transaction, Byte[] whereabouts)
   at System.Data.SqlClient.SqlInternalConnection.GetTransactionCookie(Transaction transaction, Byte[] whereAbouts)
   at System.Data.SqlClient.SqlInternalConnection.EnlistNonNull(Transaction tx)
   at System.Data.SqlClient.SqlInternalConnection.Enlist(Transaction tx)
   at System.Data.SqlClient.SqlInternalConnectionTds.Activate(Transaction transaction)
   at System.Data.ProviderBase.DbConnectionInternal.ActivateConnection(Transaction transaction)
   at System.Data.ProviderBase.DbConnectionPool.TryGetConnection(DbConnection owningObject, UInt32 waitForMultipleObjectsTimeout, Boolean allowCreate, Boolean onlyOneCheckConnection, DbConnectionOptions userOptions, DbConnectionInternal&amp; connection)
   at System.Data.ProviderBase.DbConnectionPool.TryGetConnection(DbConnection owningObject, TaskCompletionSource`1 retry, DbConnectionOptions userOptions, DbConnectionInternal&amp; connection)
   at System.Data.ProviderBase.DbConnectionFactory.TryGetConnection(DbConnection owningConnection, TaskCompletionSource`1 retry, DbConnectionOptions userOptions, DbConnectionInternal&amp; connection)
   at System.Data.ProviderBase.DbConnectionClosed.TryOpenConnection(DbConnection outerConnection, DbConnectionFactory connectionFactory, TaskCompletionSource`1 retry, DbConnectionOptions userOptions)
   at System.Data.SqlClient.SqlConnection.TryOpen(TaskCompletionSource`1 retry)
   at System.Data.SqlClient.SqlConnection.Open()
   at System.Data.Linq.SqlClient.SqlConnectionManager.UseConnection(IConnectionUser user)
   at System.Data.Linq.SqlClient.SqlProvider.get_IsSqlCe()
   at System.Data.Linq.SqlClient.SqlProvider.InitializeProviderMode()
   at System.Data.Linq.SqlClient.SqlProvider.System.Data.Linq.Provider.IProvider.Execute(Expression query)
   at System.Data.Linq.DataContext.ExecuteMethodCall(Object instance, MethodInfo methodInfo, Object[] parameters)
   at Tavisca.Catapult.Internal.ResourceAccess.DataProviders.Rate.LINQ.RateDataContext.spSaveRateCard(Nullable`1 id, Nullable`1 productId, String productType, String scope, Nullable`1 isEnabled, Nullable`1 isDeleted) in d:\Code\TOM\Catapult\Code\trunk\CatapultServices\Tavisca.Catapult.Internal.ResourceAccess.DataProviders\Rate\LINQ\Rate.designer.cs:line 265
   at Tavisca.Catapult.Internal.ResourceAccess.DataProviders.Rate.RateProvider.SaveRateCard(String scopeId, RateCard rateCard) in d:\Code\TOM\Catapult\Code\trunk\CatapultServices\Tavisca.Catapult.Internal.ResourceAccess.DataProviders\Rate\RateProvider.cs:line 649
   at Tavisca.Catapult.External.Facade.Tests.TestActivityGenerator.SaveRateCard(RateCard rateCard) in d:\Code\TOM\Catapult\Code\trunk\CatapultServices\Tavisca.Catapult.External.Facade.Tests\TestActivityGenerator.cs:line 352
   at Tavisca.Catapult.External.Facade.Tests.BookActivityTests.BookActivityTest.BookActivityGuestInformationTest5() in d:\Code\TOM\Catapult\Code\trunk\CatapultServices\Tavisca.Catapult.External.Facade.Tests\BookActivityTests\BookActivityTest.cs:line 596
</StackTrace>
        </ErrorInfo>
      </Output>
    </UnitTestResult>
    <UnitTestResult executionId="09cce605-304e-4629-b8a8-2fbd17da4cdc" testId="604aac55-cdbb-519c-75e6-f706345b78c1" testName="BookActivityGuestInformationTest6" computerName="PHOENIXX" duration="00:00:00.3016377" startTime="2013-08-09T22:01:42.2001880+05:30" endTime="2013-08-09T22:01:42.5022786+05:30" testType="13cdc9d9-ddb5-4fa4-a97d-d965ccfc6d4b" outcome="Failed" testListId="8c84fa94-04c1-424b-9868-57a2d4851a1d" relativeResultsDirectory="09cce605-304e-4629-b8a8-2fbd17da4cdc">
      <Output>
        <ErrorInfo>
          <Message>Test method Tavisca.Catapult.External.Facade.Tests.BookActivityTests.BookActivityTest.BookActivityGuestInformationTest6 threw exception: 
System.Transactions.TransactionManagerCommunicationException: Network access for Distributed Transaction Manager (MSDTC) has been disabled. Please enable DTC for network access in the security configuration for MSDTC using the Component Services Administrative tool. ---&gt; System.Runtime.InteropServices.COMException: The transaction manager has disabled its support for remote/network transactions. (Exception from HRESULT: 0x8004D024)</Message>
          <StackTrace>    at System.Transactions.Oletx.IDtcProxyShimFactory.ReceiveTransaction(UInt32 propgationTokenSize, Byte[] propgationToken, IntPtr managedIdentifier, Guid&amp; transactionIdentifier, OletxTransactionIsolationLevel&amp; isolationLevel, ITransactionShim&amp; transactionShim)
   at System.Transactions.TransactionInterop.GetOletxTransactionFromTransmitterPropigationToken(Byte[] propagationToken)
 --- End of inner exception stack trace ---
    at System.Transactions.Oletx.OletxTransactionManager.ProxyException(COMException comException)
   at System.Transactions.TransactionInterop.GetOletxTransactionFromTransmitterPropigationToken(Byte[] propagationToken)
   at System.Transactions.TransactionStatePSPEOperation.PSPEPromote(InternalTransaction tx)
   at System.Transactions.TransactionStateDelegatedBase.EnterState(InternalTransaction tx)
   at System.Transactions.EnlistableStates.Promote(InternalTransaction tx)
   at System.Transactions.Transaction.Promote()
   at System.Transactions.TransactionInterop.ConvertToOletxTransaction(Transaction transaction)
   at System.Transactions.TransactionInterop.GetExportCookie(Transaction transaction, Byte[] whereabouts)
   at System.Data.SqlClient.SqlInternalConnection.GetTransactionCookie(Transaction transaction, Byte[] whereAbouts)
   at System.Data.SqlClient.SqlInternalConnection.EnlistNonNull(Transaction tx)
   at System.Data.SqlClient.SqlInternalConnection.Enlist(Transaction tx)
   at System.Data.SqlClient.SqlInternalConnectionTds.Activate(Transaction transaction)
   at System.Data.ProviderBase.DbConnectionInternal.ActivateConnection(Transaction transaction)
   at System.Data.ProviderBase.DbConnectionPool.TryGetConnection(DbConnection owningObject, UInt32 waitForMultipleObjectsTimeout, Boolean allowCreate, Boolean onlyOneCheckConnection, DbConnectionOptions userOptions, DbConnectionInternal&amp; connection)
   at System.Data.ProviderBase.DbConnectionPool.TryGetConnection(DbConnection owningObject, TaskCompletionSource`1 retry, DbConnectionOptions userOptions, DbConnectionInternal&amp; connection)
   at System.Data.ProviderBase.DbConnectionFactory.TryGetConnection(DbConnection owningConnection, TaskCompletionSource`1 retry, DbConnectionOptions userOptions, DbConnectionInternal&amp; connection)
   at System.Data.ProviderBase.DbConnectionClosed.TryOpenConnection(DbConnection outerConnection, DbConnectionFactory connectionFactory, TaskCompletionSource`1 retry, DbConnectionOptions userOptions)
   at System.Data.SqlClient.SqlConnection.TryOpen(TaskCompletionSource`1 retry)
   at System.Data.SqlClient.SqlConnection.Open()
   at System.Data.Linq.SqlClient.SqlConnectionManager.UseConnection(IConnectionUser user)
   at System.Data.Linq.SqlClient.SqlProvider.get_IsSqlCe()
   at System.Data.Linq.SqlClient.SqlProvider.InitializeProviderMode()
   at System.Data.Linq.SqlClient.SqlProvider.System.Data.Linq.Provider.IProvider.Execute(Expression query)
   at System.Data.Linq.DataContext.ExecuteMethodCall(Object instance, MethodInfo methodInfo, Object[] parameters)
   at Tavisca.Catapult.Internal.ResourceAccess.DataProviders.Rate.LINQ.RateDataContext.spSaveRateCard(Nullable`1 id, Nullable`1 productId, String productType, String scope, Nullable`1 isEnabled, Nullable`1 isDeleted) in d:\Code\TOM\Catapult\Code\trunk\CatapultServices\Tavisca.Catapult.Internal.ResourceAccess.DataProviders\Rate\LINQ\Rate.designer.cs:line 265
   at Tavisca.Catapult.Internal.ResourceAccess.DataProviders.Rate.RateProvider.SaveRateCard(String scopeId, RateCard rateCard) in d:\Code\TOM\Catapult\Code\trunk\CatapultServices\Tavisca.Catapult.Internal.ResourceAccess.DataProviders\Rate\RateProvider.cs:line 649
   at Tavisca.Catapult.External.Facade.Tests.TestActivityGenerator.SaveRateCard(RateCard rateCard) in d:\Code\TOM\Catapult\Code\trunk\CatapultServices\Tavisca.Catapult.External.Facade.Tests\TestActivityGenerator.cs:line 352
   at Tavisca.Catapult.External.Facade.Tests.BookActivityTests.BookActivityTest.BookActivityGuestInformationTest6() in d:\Code\TOM\Catapult\Code\trunk\CatapultServices\Tavisca.Catapult.External.Facade.Tests\BookActivityTests\BookActivityTest.cs:line 645
</StackTrace>
        </ErrorInfo>
      </Output>
    </UnitTestResult>
    <UnitTestResult executionId="7db13616-e497-45dc-bf99-d8615155e96d" testId="1c9bfd6b-7434-b59a-5b3b-bb2dde9f8c02" testName="BookActivitySelectedDateTest1" computerName="PHOENIXX" duration="00:00:00.2993730" startTime="2013-08-09T22:01:42.5022786+05:30" endTime="2013-08-09T22:01:42.8013683+05:30" testType="13cdc9d9-ddb5-4fa4-a97d-d965ccfc6d4b" outcome="Failed" testListId="8c84fa94-04c1-424b-9868-57a2d4851a1d" relativeResultsDirectory="7db13616-e497-45dc-bf99-d8615155e96d">
      <Output>
        <ErrorInfo>
          <Message>Test method Tavisca.Catapult.External.Facade.Tests.BookActivityTests.BookActivityTest.BookActivitySelectedDateTest1 threw exception: 
System.Transactions.TransactionManagerCommunicationException: Network access for Distributed Transaction Manager (MSDTC) has been disabled. Please enable DTC for network access in the security configuration for MSDTC using the Component Services Administrative tool. ---&gt; System.Runtime.InteropServices.COMException: The transaction manager has disabled its support for remote/network transactions. (Exception from HRESULT: 0x8004D024)</Message>
          <StackTrace>    at System.Transactions.Oletx.IDtcProxyShimFactory.ReceiveTransaction(UInt32 propgationTokenSize, Byte[] propgationToken, IntPtr managedIdentifier, Guid&amp; transactionIdentifier, OletxTransactionIsolationLevel&amp; isolationLevel, ITransactionShim&amp; transactionShim)
   at System.Transactions.TransactionInterop.GetOletxTransactionFromTransmitterPropigationToken(Byte[] propagationToken)
 --- End of inner exception stack trace ---
    at System.Transactions.Oletx.OletxTransactionManager.ProxyException(COMException comException)
   at System.Transactions.TransactionInterop.GetOletxTransactionFromTransmitterPropigationToken(Byte[] propagationToken)
   at System.Transactions.TransactionStatePSPEOperation.PSPEPromote(InternalTransaction tx)
   at System.Transactions.TransactionStateDelegatedBase.EnterState(InternalTransaction tx)
   at System.Transactions.EnlistableStates.Promote(InternalTransaction tx)
   at System.Transactions.Transaction.Promote()
   at System.Transactions.TransactionInterop.ConvertToOletxTransaction(Transaction transaction)
   at System.Transactions.TransactionInterop.GetExportCookie(Transaction transaction, Byte[] whereabouts)
   at System.Data.SqlClient.SqlInternalConnection.GetTransactionCookie(Transaction transaction, Byte[] whereAbouts)
   at System.Data.SqlClient.SqlInternalConnection.EnlistNonNull(Transaction tx)
   at System.Data.SqlClient.SqlInternalConnection.Enlist(Transaction tx)
   at System.Data.SqlClient.SqlInternalConnectionTds.Activate(Transaction transaction)
   at System.Data.ProviderBase.DbConnectionInternal.ActivateConnection(Transaction transaction)
   at System.Data.ProviderBase.DbConnectionPool.TryGetConnection(DbConnection owningObject, UInt32 waitForMultipleObjectsTimeout, Boolean allowCreate, Boolean onlyOneCheckConnection, DbConnectionOptions userOptions, DbConnectionInternal&amp; connection)
   at System.Data.ProviderBase.DbConnectionPool.TryGetConnection(DbConnection owningObject, TaskCompletionSource`1 retry, DbConnectionOptions userOptions, DbConnectionInternal&amp; connection)
   at System.Data.ProviderBase.DbConnectionFactory.TryGetConnection(DbConnection owningConnection, TaskCompletionSource`1 retry, DbConnectionOptions userOptions, DbConnectionInternal&amp; connection)
   at System.Data.ProviderBase.DbConnectionClosed.TryOpenConnection(DbConnection outerConnection, DbConnectionFactory connectionFactory, TaskCompletionSource`1 retry, DbConnectionOptions userOptions)
   at System.Data.SqlClient.SqlConnection.TryOpen(TaskCompletionSource`1 retry)
   at System.Data.SqlClient.SqlConnection.Open()
   at System.Data.Linq.SqlClient.SqlConnectionManager.UseConnection(IConnectionUser user)
   at System.Data.Linq.SqlClient.SqlProvider.get_IsSqlCe()
   at System.Data.Linq.SqlClient.SqlProvider.InitializeProviderMode()
   at System.Data.Linq.SqlClient.SqlProvider.System.Data.Linq.Provider.IProvider.Execute(Expression query)
   at System.Data.Linq.DataContext.ExecuteMethodCall(Object instance, MethodInfo methodInfo, Object[] parameters)
   at Tavisca.Catapult.Internal.ResourceAccess.DataProviders.Rate.LINQ.RateDataContext.spSaveRateCard(Nullable`1 id, Nullable`1 productId, String productType, String scope, Nullable`1 isEnabled, Nullable`1 isDeleted) in d:\Code\TOM\Catapult\Code\trunk\CatapultServices\Tavisca.Catapult.Internal.ResourceAccess.DataProviders\Rate\LINQ\Rate.designer.cs:line 265
   at Tavisca.Catapult.Internal.ResourceAccess.DataProviders.Rate.RateProvider.SaveRateCard(String scopeId, RateCard rateCard) in d:\Code\TOM\Catapult\Code\trunk\CatapultServices\Tavisca.Catapult.Internal.ResourceAccess.DataProviders\Rate\RateProvider.cs:line 649
   at Tavisca.Catapult.External.Facade.Tests.TestActivityGenerator.SaveRateCard(RateCard rateCard) in d:\Code\TOM\Catapult\Code\trunk\CatapultServices\Tavisca.Catapult.External.Facade.Tests\TestActivityGenerator.cs:line 352
   at Tavisca.Catapult.External.Facade.Tests.BookActivityTests.BookActivityTest.BookActivitySelectedDateTest1() in d:\Code\TOM\Catapult\Code\trunk\CatapultServices\Tavisca.Catapult.External.Facade.Tests\BookActivityTests\BookActivityTest.cs:line 694
</StackTrace>
        </ErrorInfo>
      </Output>
    </UnitTestResult>
    <UnitTestResult executionId="0876cc2f-5f52-47d9-8402-7821f0f46cb0" testId="b4472c18-c170-1b26-c446-cd6a55b62a7a" testName="BookActivitySelectedDateTest2" computerName="PHOENIXX" duration="00:00:00.2995340" startTime="2013-08-09T22:01:42.8013683+05:30" endTime="2013-08-09T22:01:43.1014583+05:30" testType="13cdc9d9-ddb5-4fa4-a97d-d965ccfc6d4b" outcome="Failed" testListId="8c84fa94-04c1-424b-9868-57a2d4851a1d" relativeResultsDirectory="0876cc2f-5f52-47d9-8402-7821f0f46cb0">
      <Output>
        <ErrorInfo>
          <Message>Test method Tavisca.Catapult.External.Facade.Tests.BookActivityTests.BookActivityTest.BookActivitySelectedDateTest2 threw exception: 
System.Transactions.TransactionManagerCommunicationException: Network access for Distributed Transaction Manager (MSDTC) has been disabled. Please enable DTC for network access in the security configuration for MSDTC using the Component Services Administrative tool. ---&gt; System.Runtime.InteropServices.COMException: The transaction manager has disabled its support for remote/network transactions. (Exception from HRESULT: 0x8004D024)</Message>
          <StackTrace>    at System.Transactions.Oletx.IDtcProxyShimFactory.ReceiveTransaction(UInt32 propgationTokenSize, Byte[] propgationToken, IntPtr managedIdentifier, Guid&amp; transactionIdentifier, OletxTransactionIsolationLevel&amp; isolationLevel, ITransactionShim&amp; transactionShim)
   at System.Transactions.TransactionInterop.GetOletxTransactionFromTransmitterPropigationToken(Byte[] propagationToken)
 --- End of inner exception stack trace ---
    at System.Transactions.Oletx.OletxTransactionManager.ProxyException(COMException comException)
   at System.Transactions.TransactionInterop.GetOletxTransactionFromTransmitterPropigationToken(Byte[] propagationToken)
   at System.Transactions.TransactionStatePSPEOperation.PSPEPromote(InternalTransaction tx)
   at System.Transactions.TransactionStateDelegatedBase.EnterState(InternalTransaction tx)
   at System.Transactions.EnlistableStates.Promote(InternalTransaction tx)
   at System.Transactions.Transaction.Promote()
   at System.Transactions.TransactionInterop.ConvertToOletxTransaction(Transaction transaction)
   at System.Transactions.TransactionInterop.GetExportCookie(Transaction transaction, Byte[] whereabouts)
   at System.Data.SqlClient.SqlInternalConnection.GetTransactionCookie(Transaction transaction, Byte[] whereAbouts)
   at System.Data.SqlClient.SqlInternalConnection.EnlistNonNull(Transaction tx)
   at System.Data.SqlClient.SqlInternalConnection.Enlist(Transaction tx)
   at System.Data.SqlClient.SqlInternalConnectionTds.Activate(Transaction transaction)
   at System.Data.ProviderBase.DbConnectionInternal.ActivateConnection(Transaction transaction)
   at System.Data.ProviderBase.DbConnectionPool.TryGetConnection(DbConnection owningObject, UInt32 waitForMultipleObjectsTimeout, Boolean allowCreate, Boolean onlyOneCheckConnection, DbConnectionOptions userOptions, DbConnectionInternal&amp; connection)
   at System.Data.ProviderBase.DbConnectionPool.TryGetConnection(DbConnection owningObject, TaskCompletionSource`1 retry, DbConnectionOptions userOptions, DbConnectionInternal&amp; connection)
   at System.Data.ProviderBase.DbConnectionFactory.TryGetConnection(DbConnection owningConnection, TaskCompletionSource`1 retry, DbConnectionOptions userOptions, DbConnectionInternal&amp; connection)
   at System.Data.ProviderBase.DbConnectionClosed.TryOpenConnection(DbConnection outerConnection, DbConnectionFactory connectionFactory, TaskCompletionSource`1 retry, DbConnectionOptions userOptions)
   at System.Data.SqlClient.SqlConnection.TryOpen(TaskCompletionSource`1 retry)
   at System.Data.SqlClient.SqlConnection.Open()
   at System.Data.Linq.SqlClient.SqlConnectionManager.UseConnection(IConnectionUser user)
   at System.Data.Linq.SqlClient.SqlProvider.get_IsSqlCe()
   at System.Data.Linq.SqlClient.SqlProvider.InitializeProviderMode()
   at System.Data.Linq.SqlClient.SqlProvider.System.Data.Linq.Provider.IProvider.Execute(Expression query)
   at System.Data.Linq.DataContext.ExecuteMethodCall(Object instance, MethodInfo methodInfo, Object[] parameters)
   at Tavisca.Catapult.Internal.ResourceAccess.DataProviders.Rate.LINQ.RateDataContext.spSaveRateCard(Nullable`1 id, Nullable`1 productId, String productType, String scope, Nullable`1 isEnabled, Nullable`1 isDeleted) in d:\Code\TOM\Catapult\Code\trunk\CatapultServices\Tavisca.Catapult.Internal.ResourceAccess.DataProviders\Rate\LINQ\Rate.designer.cs:line 265
   at Tavisca.Catapult.Internal.ResourceAccess.DataProviders.Rate.RateProvider.SaveRateCard(String scopeId, RateCard rateCard) in d:\Code\TOM\Catapult\Code\trunk\CatapultServices\Tavisca.Catapult.Internal.ResourceAccess.DataProviders\Rate\RateProvider.cs:line 649
   at Tavisca.Catapult.External.Facade.Tests.TestActivityGenerator.SaveRateCard(RateCard rateCard) in d:\Code\TOM\Catapult\Code\trunk\CatapultServices\Tavisca.Catapult.External.Facade.Tests\TestActivityGenerator.cs:line 352
   at Tavisca.Catapult.External.Facade.Tests.BookActivityTests.BookActivityTest.BookActivitySelectedDateTest2() in d:\Code\TOM\Catapult\Code\trunk\CatapultServices\Tavisca.Catapult.External.Facade.Tests\BookActivityTests\BookActivityTest.cs:line 740
</StackTrace>
        </ErrorInfo>
      </Output>
    </UnitTestResult>
    <UnitTestResult executionId="96de7c66-bebb-467f-97a5-ad1331bb4154" testId="0e9ef6a3-45ca-16e2-e4bd-36b50412657f" testName="BookActivityScopeTest1" computerName="PHOENIXX" duration="00:00:00.2949096" startTime="2013-08-09T22:01:43.1014583+05:30" endTime="2013-08-09T22:01:43.3965468+05:30" testType="13cdc9d9-ddb5-4fa4-a97d-d965ccfc6d4b" outcome="Failed" testListId="8c84fa94-04c1-424b-9868-57a2d4851a1d" relativeResultsDirectory="96de7c66-bebb-467f-97a5-ad1331bb4154">
      <Output>
        <ErrorInfo>
          <Message>Test method Tavisca.Catapult.External.Facade.Tests.BookActivityTests.BookActivityTest.BookActivityScopeTest1 threw exception: 
System.Transactions.TransactionManagerCommunicationException: Network access for Distributed Transaction Manager (MSDTC) has been disabled. Please enable DTC for network access in the security configuration for MSDTC using the Component Services Administrative tool. ---&gt; System.Runtime.InteropServices.COMException: The transaction manager has disabled its support for remote/network transactions. (Exception from HRESULT: 0x8004D024)</Message>
          <StackTrace>    at System.Transactions.Oletx.IDtcProxyShimFactory.ReceiveTransaction(UInt32 propgationTokenSize, Byte[] propgationToken, IntPtr managedIdentifier, Guid&amp; transactionIdentifier, OletxTransactionIsolationLevel&amp; isolationLevel, ITransactionShim&amp; transactionShim)
   at System.Transactions.TransactionInterop.GetOletxTransactionFromTransmitterPropigationToken(Byte[] propagationToken)
 --- End of inner exception stack trace ---
    at System.Transactions.Oletx.OletxTransactionManager.ProxyException(COMException comException)
   at System.Transactions.TransactionInterop.GetOletxTransactionFromTransmitterPropigationToken(Byte[] propagationToken)
   at System.Transactions.TransactionStatePSPEOperation.PSPEPromote(InternalTransaction tx)
   at System.Transactions.TransactionStateDelegatedBase.EnterState(InternalTransaction tx)
   at System.Transactions.EnlistableStates.Promote(InternalTransaction tx)
   at System.Transactions.Transaction.Promote()
   at System.Transactions.TransactionInterop.ConvertToOletxTransaction(Transaction transaction)
   at System.Transactions.TransactionInterop.GetExportCookie(Transaction transaction, Byte[] whereabouts)
   at System.Data.SqlClient.SqlInternalConnection.GetTransactionCookie(Transaction transaction, Byte[] whereAbouts)
   at System.Data.SqlClient.SqlInternalConnection.EnlistNonNull(Transaction tx)
   at System.Data.SqlClient.SqlInternalConnection.Enlist(Transaction tx)
   at System.Data.SqlClient.SqlInternalConnectionTds.Activate(Transaction transaction)
   at System.Data.ProviderBase.DbConnectionInternal.ActivateConnection(Transaction transaction)
   at System.Data.ProviderBase.DbConnectionPool.TryGetConnection(DbConnection owningObject, UInt32 waitForMultipleObjectsTimeout, Boolean allowCreate, Boolean onlyOneCheckConnection, DbConnectionOptions userOptions, DbConnectionInternal&amp; connection)
   at System.Data.ProviderBase.DbConnectionPool.TryGetConnection(DbConnection owningObject, TaskCompletionSource`1 retry, DbConnectionOptions userOptions, DbConnectionInternal&amp; connection)
   at System.Data.ProviderBase.DbConnectionFactory.TryGetConnection(DbConnection owningConnection, TaskCompletionSource`1 retry, DbConnectionOptions userOptions, DbConnectionInternal&amp; connection)
   at System.Data.ProviderBase.DbConnectionClosed.TryOpenConnection(DbConnection outerConnection, DbConnectionFactory connectionFactory, TaskCompletionSource`1 retry, DbConnectionOptions userOptions)
   at System.Data.SqlClient.SqlConnection.TryOpen(TaskCompletionSource`1 retry)
   at System.Data.SqlClient.SqlConnection.Open()
   at System.Data.Linq.SqlClient.SqlConnectionManager.UseConnection(IConnectionUser user)
   at System.Data.Linq.SqlClient.SqlProvider.get_IsSqlCe()
   at System.Data.Linq.SqlClient.SqlProvider.InitializeProviderMode()
   at System.Data.Linq.SqlClient.SqlProvider.System.Data.Linq.Provider.IProvider.Execute(Expression query)
   at System.Data.Linq.DataContext.ExecuteMethodCall(Object instance, MethodInfo methodInfo, Object[] parameters)
   at Tavisca.Catapult.Internal.ResourceAccess.DataProviders.Rate.LINQ.RateDataContext.spSaveRateCard(Nullable`1 id, Nullable`1 productId, String productType, String scope, Nullable`1 isEnabled, Nullable`1 isDeleted) in d:\Code\TOM\Catapult\Code\trunk\CatapultServices\Tavisca.Catapult.Internal.ResourceAccess.DataProviders\Rate\LINQ\Rate.designer.cs:line 265
   at Tavisca.Catapult.Internal.ResourceAccess.DataProviders.Rate.RateProvider.SaveRateCard(String scopeId, RateCard rateCard) in d:\Code\TOM\Catapult\Code\trunk\CatapultServices\Tavisca.Catapult.Internal.ResourceAccess.DataProviders\Rate\RateProvider.cs:line 649
   at Tavisca.Catapult.External.Facade.Tests.TestActivityGenerator.SaveRateCard(RateCard rateCard) in d:\Code\TOM\Catapult\Code\trunk\CatapultServices\Tavisca.Catapult.External.Facade.Tests\TestActivityGenerator.cs:line 352
   at Tavisca.Catapult.External.Facade.Tests.BookActivityTests.BookActivityTest.BookActivityScopeTest1() in d:\Code\TOM\Catapult\Code\trunk\CatapultServices\Tavisca.Catapult.External.Facade.Tests\BookActivityTests\BookActivityTest.cs:line 786
</StackTrace>
        </ErrorInfo>
      </Output>
    </UnitTestResult>
    <UnitTestResult executionId="c3ae3b51-13e9-4574-be92-3cd7d2c3d5e4" testId="ef76e717-a585-64eb-66f9-b08c0ad53970" testName="BookActivityScopeTest2" computerName="PHOENIXX" duration="00:00:00.2964834" startTime="2013-08-09T22:01:43.3965468+05:30" endTime="2013-08-09T22:01:43.6936359+05:30" testType="13cdc9d9-ddb5-4fa4-a97d-d965ccfc6d4b" outcome="Failed" testListId="8c84fa94-04c1-424b-9868-57a2d4851a1d" relativeResultsDirectory="c3ae3b51-13e9-4574-be92-3cd7d2c3d5e4">
      <Output>
        <ErrorInfo>
          <Message>Test method Tavisca.Catapult.External.Facade.Tests.BookActivityTests.BookActivityTest.BookActivityScopeTest2 threw exception: 
System.Transactions.TransactionManagerCommunicationException: Network access for Distributed Transaction Manager (MSDTC) has been disabled. Please enable DTC for network access in the security configuration for MSDTC using the Component Services Administrative tool. ---&gt; System.Runtime.InteropServices.COMException: The transaction manager has disabled its support for remote/network transactions. (Exception from HRESULT: 0x8004D024)</Message>
          <StackTrace>    at System.Transactions.Oletx.IDtcProxyShimFactory.ReceiveTransaction(UInt32 propgationTokenSize, Byte[] propgationToken, IntPtr managedIdentifier, Guid&amp; transactionIdentifier, OletxTransactionIsolationLevel&amp; isolationLevel, ITransactionShim&amp; transactionShim)
   at System.Transactions.TransactionInterop.GetOletxTransactionFromTransmitterPropigationToken(Byte[] propagationToken)
 --- End of inner exception stack trace ---
    at System.Transactions.Oletx.OletxTransactionManager.ProxyException(COMException comException)
   at System.Transactions.TransactionInterop.GetOletxTransactionFromTransmitterPropigationToken(Byte[] propagationToken)
   at System.Transactions.TransactionStatePSPEOperation.PSPEPromote(InternalTransaction tx)
   at System.Transactions.TransactionStateDelegatedBase.EnterState(InternalTransaction tx)
   at System.Transactions.EnlistableStates.Promote(InternalTransaction tx)
   at System.Transactions.Transaction.Promote()
   at System.Transactions.TransactionInterop.ConvertToOletxTransaction(Transaction transaction)
   at System.Transactions.TransactionInterop.GetExportCookie(Transaction transaction, Byte[] whereabouts)
   at System.Data.SqlClient.SqlInternalConnection.GetTransactionCookie(Transaction transaction, Byte[] whereAbouts)
   at System.Data.SqlClient.SqlInternalConnection.EnlistNonNull(Transaction tx)
   at System.Data.SqlClient.SqlInternalConnection.Enlist(Transaction tx)
   at System.Data.SqlClient.SqlInternalConnectionTds.Activate(Transaction transaction)
   at System.Data.ProviderBase.DbConnectionInternal.ActivateConnection(Transaction transaction)
   at System.Data.ProviderBase.DbConnectionPool.TryGetConnection(DbConnection owningObject, UInt32 waitForMultipleObjectsTimeout, Boolean allowCreate, Boolean onlyOneCheckConnection, DbConnectionOptions userOptions, DbConnectionInternal&amp; connection)
   at System.Data.ProviderBase.DbConnectionPool.TryGetConnection(DbConnection owningObject, TaskCompletionSource`1 retry, DbConnectionOptions userOptions, DbConnectionInternal&amp; connection)
   at System.Data.ProviderBase.DbConnectionFactory.TryGetConnection(DbConnection owningConnection, TaskCompletionSource`1 retry, DbConnectionOptions userOptions, DbConnectionInternal&amp; connection)
   at System.Data.ProviderBase.DbConnectionClosed.TryOpenConnection(DbConnection outerConnection, DbConnectionFactory connectionFactory, TaskCompletionSource`1 retry, DbConnectionOptions userOptions)
   at System.Data.SqlClient.SqlConnection.TryOpen(TaskCompletionSource`1 retry)
   at System.Data.SqlClient.SqlConnection.Open()
   at System.Data.Linq.SqlClient.SqlConnectionManager.UseConnection(IConnectionUser user)
   at System.Data.Linq.SqlClient.SqlProvider.get_IsSqlCe()
   at System.Data.Linq.SqlClient.SqlProvider.InitializeProviderMode()
   at System.Data.Linq.SqlClient.SqlProvider.System.Data.Linq.Provider.IProvider.Execute(Expression query)
   at System.Data.Linq.DataContext.ExecuteMethodCall(Object instance, MethodInfo methodInfo, Object[] parameters)
   at Tavisca.Catapult.Internal.ResourceAccess.DataProviders.Rate.LINQ.RateDataContext.spSaveRateCard(Nullable`1 id, Nullable`1 productId, String productType, String scope, Nullable`1 isEnabled, Nullable`1 isDeleted) in d:\Code\TOM\Catapult\Code\trunk\CatapultServices\Tavisca.Catapult.Internal.ResourceAccess.DataProviders\Rate\LINQ\Rate.designer.cs:line 265
   at Tavisca.Catapult.Internal.ResourceAccess.DataProviders.Rate.RateProvider.SaveRateCard(String scopeId, RateCard rateCard) in d:\Code\TOM\Catapult\Code\trunk\CatapultServices\Tavisca.Catapult.Internal.ResourceAccess.DataProviders\Rate\RateProvider.cs:line 649
   at Tavisca.Catapult.External.Facade.Tests.TestActivityGenerator.SaveRateCard(RateCard rateCard) in d:\Code\TOM\Catapult\Code\trunk\CatapultServices\Tavisca.Catapult.External.Facade.Tests\TestActivityGenerator.cs:line 352
   at Tavisca.Catapult.External.Facade.Tests.BookActivityTests.BookActivityTest.BookActivityScopeTest2() in d:\Code\TOM\Catapult\Code\trunk\CatapultServices\Tavisca.Catapult.External.Facade.Tests\BookActivityTests\BookActivityTest.cs:line 834
</StackTrace>
        </ErrorInfo>
      </Output>
    </UnitTestResult>
    <UnitTestResult executionId="2135afca-de44-4fe0-a3ab-062fe80e4ff0" testId="d5bae40f-4b95-f230-b445-2e17745500e6" testName="BookActivityAvailabilityTest1" computerName="PHOENIXX" duration="00:00:00.2937593" startTime="2013-08-09T22:01:43.6936359+05:30" endTime="2013-08-09T22:01:43.9877241+05:30" testType="13cdc9d9-ddb5-4fa4-a97d-d965ccfc6d4b" outcome="Failed" testListId="8c84fa94-04c1-424b-9868-57a2d4851a1d" relativeResultsDirectory="2135afca-de44-4fe0-a3ab-062fe80e4ff0">
      <Output>
        <ErrorInfo>
          <Message>Test method Tavisca.Catapult.External.Facade.Tests.BookActivityTests.BookActivityTest.BookActivityAvailabilityTest1 threw exception: 
System.Transactions.TransactionManagerCommunicationException: Network access for Distributed Transaction Manager (MSDTC) has been disabled. Please enable DTC for network access in the security configuration for MSDTC using the Component Services Administrative tool. ---&gt; System.Runtime.InteropServices.COMException: The transaction manager has disabled its support for remote/network transactions. (Exception from HRESULT: 0x8004D024)</Message>
          <StackTrace>    at System.Transactions.Oletx.IDtcProxyShimFactory.ReceiveTransaction(UInt32 propgationTokenSize, Byte[] propgationToken, IntPtr managedIdentifier, Guid&amp; transactionIdentifier, OletxTransactionIsolationLevel&amp; isolationLevel, ITransactionShim&amp; transactionShim)
   at System.Transactions.TransactionInterop.GetOletxTransactionFromTransmitterPropigationToken(Byte[] propagationToken)
 --- End of inner exception stack trace ---
    at System.Transactions.Oletx.OletxTransactionManager.ProxyException(COMException comException)
   at System.Transactions.TransactionInterop.GetOletxTransactionFromTransmitterPropigationToken(Byte[] propagationToken)
   at System.Transactions.TransactionStatePSPEOperation.PSPEPromote(InternalTransaction tx)
   at System.Transactions.TransactionStateDelegatedBase.EnterState(InternalTransaction tx)
   at System.Transactions.EnlistableStates.Promote(InternalTransaction tx)
   at System.Transactions.Transaction.Promote()
   at System.Transactions.TransactionInterop.ConvertToOletxTransaction(Transaction transaction)
   at System.Transactions.TransactionInterop.GetExportCookie(Transaction transaction, Byte[] whereabouts)
   at System.Data.SqlClient.SqlInternalConnection.GetTransactionCookie(Transaction transaction, Byte[] whereAbouts)
   at System.Data.SqlClient.SqlInternalConnection.EnlistNonNull(Transaction tx)
   at System.Data.SqlClient.SqlInternalConnection.Enlist(Transaction tx)
   at System.Data.SqlClient.SqlInternalConnectionTds.Activate(Transaction transaction)
   at System.Data.ProviderBase.DbConnectionInternal.ActivateConnection(Transaction transaction)
   at System.Data.ProviderBase.DbConnectionPool.TryGetConnection(DbConnection owningObject, UInt32 waitForMultipleObjectsTimeout, Boolean allowCreate, Boolean onlyOneCheckConnection, DbConnectionOptions userOptions, DbConnectionInternal&amp; connection)
   at System.Data.ProviderBase.DbConnectionPool.TryGetConnection(DbConnection owningObject, TaskCompletionSource`1 retry, DbConnectionOptions userOptions, DbConnectionInternal&amp; connection)
   at System.Data.ProviderBase.DbConnectionFactory.TryGetConnection(DbConnection owningConnection, TaskCompletionSource`1 retry, DbConnectionOptions userOptions, DbConnectionInternal&amp; connection)
   at System.Data.ProviderBase.DbConnectionClosed.TryOpenConnection(DbConnection outerConnection, DbConnectionFactory connectionFactory, TaskCompletionSource`1 retry, DbConnectionOptions userOptions)
   at System.Data.SqlClient.SqlConnection.TryOpen(TaskCompletionSource`1 retry)
   at System.Data.SqlClient.SqlConnection.Open()
   at System.Data.Linq.SqlClient.SqlConnectionManager.UseConnection(IConnectionUser user)
   at System.Data.Linq.SqlClient.SqlProvider.get_IsSqlCe()
   at System.Data.Linq.SqlClient.SqlProvider.InitializeProviderMode()
   at System.Data.Linq.SqlClient.SqlProvider.System.Data.Linq.Provider.IProvider.Execute(Expression query)
   at System.Data.Linq.DataContext.ExecuteMethodCall(Object instance, MethodInfo methodInfo, Object[] parameters)
   at Tavisca.Catapult.Internal.ResourceAccess.DataProviders.Rate.LINQ.RateDataContext.spSaveRateCard(Nullable`1 id, Nullable`1 productId, String productType, String scope, Nullable`1 isEnabled, Nullable`1 isDeleted) in d:\Code\TOM\Catapult\Code\trunk\CatapultServices\Tavisca.Catapult.Internal.ResourceAccess.DataProviders\Rate\LINQ\Rate.designer.cs:line 265
   at Tavisca.Catapult.Internal.ResourceAccess.DataProviders.Rate.RateProvider.SaveRateCard(String scopeId, RateCard rateCard) in d:\Code\TOM\Catapult\Code\trunk\CatapultServices\Tavisca.Catapult.Internal.ResourceAccess.DataProviders\Rate\RateProvider.cs:line 649
   at Tavisca.Catapult.External.Facade.Tests.TestActivityGenerator.SaveRateCard(RateCard rateCard) in d:\Code\TOM\Catapult\Code\trunk\CatapultServices\Tavisca.Catapult.External.Facade.Tests\TestActivityGenerator.cs:line 352
   at Tavisca.Catapult.External.Facade.Tests.BookActivityTests.BookActivityTest.BookActivityAvailabilityTest1() in d:\Code\TOM\Catapult\Code\trunk\CatapultServices\Tavisca.Catapult.External.Facade.Tests\BookActivityTests\BookActivityTest.cs:line 882
</StackTrace>
        </ErrorInfo>
      </Output>
    </UnitTestResult>
    <UnitTestResult executionId="66138727-c754-4044-87c2-176a277d8f4c" testId="2d55e0e2-ff02-c909-7d6a-e21487d2f98f" testName="BookActivityAvailabilityTest2" computerName="PHOENIXX" duration="00:00:00.3084247" startTime="2013-08-09T22:01:43.9877241+05:30" endTime="2013-08-09T22:01:44.2968168+05:30" testType="13cdc9d9-ddb5-4fa4-a97d-d965ccfc6d4b" outcome="Failed" testListId="8c84fa94-04c1-424b-9868-57a2d4851a1d" relativeResultsDirectory="66138727-c754-4044-87c2-176a277d8f4c">
      <Output>
        <ErrorInfo>
          <Message>Test method Tavisca.Catapult.External.Facade.Tests.BookActivityTests.BookActivityTest.BookActivityAvailabilityTest2 threw exception: 
System.Transactions.TransactionManagerCommunicationException: Network access for Distributed Transaction Manager (MSDTC) has been disabled. Please enable DTC for network access in the security configuration for MSDTC using the Component Services Administrative tool. ---&gt; System.Runtime.InteropServices.COMException: The transaction manager has disabled its support for remote/network transactions. (Exception from HRESULT: 0x8004D024)</Message>
          <StackTrace>    at System.Transactions.Oletx.IDtcProxyShimFactory.ReceiveTransaction(UInt32 propgationTokenSize, Byte[] propgationToken, IntPtr managedIdentifier, Guid&amp; transactionIdentifier, OletxTransactionIsolationLevel&amp; isolationLevel, ITransactionShim&amp; transactionShim)
   at System.Transactions.TransactionInterop.GetOletxTransactionFromTransmitterPropigationToken(Byte[] propagationToken)
 --- End of inner exception stack trace ---
    at System.Transactions.Oletx.OletxTransactionManager.ProxyException(COMException comException)
   at System.Transactions.TransactionInterop.GetOletxTransactionFromTransmitterPropigationToken(Byte[] propagationToken)
   at System.Transactions.TransactionStatePSPEOperation.PSPEPromote(InternalTransaction tx)
   at System.Transactions.TransactionStateDelegatedBase.EnterState(InternalTransaction tx)
   at System.Transactions.EnlistableStates.Promote(InternalTransaction tx)
   at System.Transactions.Transaction.Promote()
   at System.Transactions.TransactionInterop.ConvertToOletxTransaction(Transaction transaction)
   at System.Transactions.TransactionInterop.GetExportCookie(Transaction transaction, Byte[] whereabouts)
   at System.Data.SqlClient.SqlInternalConnection.GetTransactionCookie(Transaction transaction, Byte[] whereAbouts)
   at System.Data.SqlClient.SqlInternalConnection.EnlistNonNull(Transaction tx)
   at System.Data.SqlClient.SqlInternalConnection.Enlist(Transaction tx)
   at System.Data.SqlClient.SqlInternalConnectionTds.Activate(Transaction transaction)
   at System.Data.ProviderBase.DbConnectionInternal.ActivateConnection(Transaction transaction)
   at System.Data.ProviderBase.DbConnectionPool.TryGetConnection(DbConnection owningObject, UInt32 waitForMultipleObjectsTimeout, Boolean allowCreate, Boolean onlyOneCheckConnection, DbConnectionOptions userOptions, DbConnectionInternal&amp; connection)
   at System.Data.ProviderBase.DbConnectionPool.TryGetConnection(DbConnection owningObject, TaskCompletionSource`1 retry, DbConnectionOptions userOptions, DbConnectionInternal&amp; connection)
   at System.Data.ProviderBase.DbConnectionFactory.TryGetConnection(DbConnection owningConnection, TaskCompletionSource`1 retry, DbConnectionOptions userOptions, DbConnectionInternal&amp; connection)
   at System.Data.ProviderBase.DbConnectionClosed.TryOpenConnection(DbConnection outerConnection, DbConnectionFactory connectionFactory, TaskCompletionSource`1 retry, DbConnectionOptions userOptions)
   at System.Data.SqlClient.SqlConnection.TryOpen(TaskCompletionSource`1 retry)
   at System.Data.SqlClient.SqlConnection.Open()
   at System.Data.Linq.SqlClient.SqlConnectionManager.UseConnection(IConnectionUser user)
   at System.Data.Linq.SqlClient.SqlProvider.get_IsSqlCe()
   at System.Data.Linq.SqlClient.SqlProvider.InitializeProviderMode()
   at System.Data.Linq.SqlClient.SqlProvider.System.Data.Linq.Provider.IProvider.Execute(Expression query)
   at System.Data.Linq.DataContext.ExecuteMethodCall(Object instance, MethodInfo methodInfo, Object[] parameters)
   at Tavisca.Catapult.Internal.ResourceAccess.DataProviders.Rate.LINQ.RateDataContext.spSaveRateCard(Nullable`1 id, Nullable`1 productId, String productType, String scope, Nullable`1 isEnabled, Nullable`1 isDeleted) in d:\Code\TOM\Catapult\Code\trunk\CatapultServices\Tavisca.Catapult.Internal.ResourceAccess.DataProviders\Rate\LINQ\Rate.designer.cs:line 265
   at Tavisca.Catapult.Internal.ResourceAccess.DataProviders.Rate.RateProvider.SaveRateCard(String scopeId, RateCard rateCard) in d:\Code\TOM\Catapult\Code\trunk\CatapultServices\Tavisca.Catapult.Internal.ResourceAccess.DataProviders\Rate\RateProvider.cs:line 649
   at Tavisca.Catapult.External.Facade.Tests.TestActivityGenerator.SaveRateCard(RateCard rateCard) in d:\Code\TOM\Catapult\Code\trunk\CatapultServices\Tavisca.Catapult.External.Facade.Tests\TestActivityGenerator.cs:line 352
   at Tavisca.Catapult.External.Facade.Tests.BookActivityTests.BookActivityTest.BookActivityAvailabilityTest2() in d:\Code\TOM\Catapult\Code\trunk\CatapultServices\Tavisca.Catapult.External.Facade.Tests\BookActivityTests\BookActivityTest.cs:line 930
</StackTrace>
        </ErrorInfo>
      </Output>
    </UnitTestResult>
    <UnitTestResult executionId="34556a3c-a6bd-47f3-b4fb-ebafd3e22f8d" testId="8f89713b-2fbf-eb74-7e0c-9a680970c5a9" testName="BookActivityAvailabilityTest3" computerName="PHOENIXX" duration="00:00:00.3043855" startTime="2013-08-09T22:01:44.2968168+05:30" endTime="2013-08-09T22:01:44.6009080+05:30" testType="13cdc9d9-ddb5-4fa4-a97d-d965ccfc6d4b" outcome="Failed" testListId="8c84fa94-04c1-424b-9868-57a2d4851a1d" relativeResultsDirectory="34556a3c-a6bd-47f3-b4fb-ebafd3e22f8d">
      <Output>
        <ErrorInfo>
          <Message>Test method Tavisca.Catapult.External.Facade.Tests.BookActivityTests.BookActivityTest.BookActivityAvailabilityTest3 threw exception: 
System.Transactions.TransactionManagerCommunicationException: Network access for Distributed Transaction Manager (MSDTC) has been disabled. Please enable DTC for network access in the security configuration for MSDTC using the Component Services Administrative tool. ---&gt; System.Runtime.InteropServices.COMException: The transaction manager has disabled its support for remote/network transactions. (Exception from HRESULT: 0x8004D024)</Message>
          <StackTrace>    at System.Transactions.Oletx.IDtcProxyShimFactory.ReceiveTransaction(UInt32 propgationTokenSize, Byte[] propgationToken, IntPtr managedIdentifier, Guid&amp; transactionIdentifier, OletxTransactionIsolationLevel&amp; isolationLevel, ITransactionShim&amp; transactionShim)
   at System.Transactions.TransactionInterop.GetOletxTransactionFromTransmitterPropigationToken(Byte[] propagationToken)
 --- End of inner exception stack trace ---
    at System.Transactions.Oletx.OletxTransactionManager.ProxyException(COMException comException)
   at System.Transactions.TransactionInterop.GetOletxTransactionFromTransmitterPropigationToken(Byte[] propagationToken)
   at System.Transactions.TransactionStatePSPEOperation.PSPEPromote(InternalTransaction tx)
   at System.Transactions.TransactionStateDelegatedBase.EnterState(InternalTransaction tx)
   at System.Transactions.EnlistableStates.Promote(InternalTransaction tx)
   at System.Transactions.Transaction.Promote()
   at System.Transactions.TransactionInterop.ConvertToOletxTransaction(Transaction transaction)
   at System.Transactions.TransactionInterop.GetExportCookie(Transaction transaction, Byte[] whereabouts)
   at System.Data.SqlClient.SqlInternalConnection.GetTransactionCookie(Transaction transaction, Byte[] whereAbouts)
   at System.Data.SqlClient.SqlInternalConnection.EnlistNonNull(Transaction tx)
   at System.Data.SqlClient.SqlInternalConnection.Enlist(Transaction tx)
   at System.Data.SqlClient.SqlInternalConnectionTds.Activate(Transaction transaction)
   at System.Data.ProviderBase.DbConnectionInternal.ActivateConnection(Transaction transaction)
   at System.Data.ProviderBase.DbConnectionPool.TryGetConnection(DbConnection owningObject, UInt32 waitForMultipleObjectsTimeout, Boolean allowCreate, Boolean onlyOneCheckConnection, DbConnectionOptions userOptions, DbConnectionInternal&amp; connection)
   at System.Data.ProviderBase.DbConnectionPool.TryGetConnection(DbConnection owningObject, TaskCompletionSource`1 retry, DbConnectionOptions userOptions, DbConnectionInternal&amp; connection)
   at System.Data.ProviderBase.DbConnectionFactory.TryGetConnection(DbConnection owningConnection, TaskCompletionSource`1 retry, DbConnectionOptions userOptions, DbConnectionInternal&amp; connection)
   at System.Data.ProviderBase.DbConnectionClosed.TryOpenConnection(DbConnection outerConnection, DbConnectionFactory connectionFactory, TaskCompletionSource`1 retry, DbConnectionOptions userOptions)
   at System.Data.SqlClient.SqlConnection.TryOpen(TaskCompletionSource`1 retry)
   at System.Data.SqlClient.SqlConnection.Open()
   at System.Data.Linq.SqlClient.SqlConnectionManager.UseConnection(IConnectionUser user)
   at System.Data.Linq.SqlClient.SqlProvider.get_IsSqlCe()
   at System.Data.Linq.SqlClient.SqlProvider.InitializeProviderMode()
   at System.Data.Linq.SqlClient.SqlProvider.System.Data.Linq.Provider.IProvider.Execute(Expression query)
   at System.Data.Linq.DataContext.ExecuteMethodCall(Object instance, MethodInfo methodInfo, Object[] parameters)
   at Tavisca.Catapult.Internal.ResourceAccess.DataProviders.Rate.LINQ.RateDataContext.spSaveRateCard(Nullable`1 id, Nullable`1 productId, String productType, String scope, Nullable`1 isEnabled, Nullable`1 isDeleted) in d:\Code\TOM\Catapult\Code\trunk\CatapultServices\Tavisca.Catapult.Internal.ResourceAccess.DataProviders\Rate\LINQ\Rate.designer.cs:line 265
   at Tavisca.Catapult.Internal.ResourceAccess.DataProviders.Rate.RateProvider.SaveRateCard(String scopeId, RateCard rateCard) in d:\Code\TOM\Catapult\Code\trunk\CatapultServices\Tavisca.Catapult.Internal.ResourceAccess.DataProviders\Rate\RateProvider.cs:line 649
   at Tavisca.Catapult.External.Facade.Tests.TestActivityGenerator.SaveRateCard(RateCard rateCard) in d:\Code\TOM\Catapult\Code\trunk\CatapultServices\Tavisca.Catapult.External.Facade.Tests\TestActivityGenerator.cs:line 352
   at Tavisca.Catapult.External.Facade.Tests.BookActivityTests.BookActivityTest.BookActivityAvailabilityTest3() in d:\Code\TOM\Catapult\Code\trunk\CatapultServices\Tavisca.Catapult.External.Facade.Tests\BookActivityTests\BookActivityTest.cs:line 978
</StackTrace>
        </ErrorInfo>
      </Output>
    </UnitTestResult>
    <UnitTestResult executionId="443f332b-345a-4978-8f07-83b76a58ede1" testId="530a9ce2-2f3d-10bb-6487-d718d90402a4" testName="BookActivityAvailabilityTest4" computerName="PHOENIXX" duration="00:00:00.2950187" startTime="2013-08-09T22:01:44.6009080+05:30" endTime="2013-08-09T22:01:44.8959965+05:30" testType="13cdc9d9-ddb5-4fa4-a97d-d965ccfc6d4b" outcome="Failed" testListId="8c84fa94-04c1-424b-9868-57a2d4851a1d" relativeResultsDirectory="443f332b-345a-4978-8f07-83b76a58ede1">
      <Output>
        <ErrorInfo>
          <Message>Test method Tavisca.Catapult.External.Facade.Tests.BookActivityTests.BookActivityTest.BookActivityAvailabilityTest4 threw exception: 
System.Transactions.TransactionManagerCommunicationException: Network access for Distributed Transaction Manager (MSDTC) has been disabled. Please enable DTC for network access in the security configuration for MSDTC using the Component Services Administrative tool. ---&gt; System.Runtime.InteropServices.COMException: The transaction manager has disabled its support for remote/network transactions. (Exception from HRESULT: 0x8004D024)</Message>
          <StackTrace>    at System.Transactions.Oletx.IDtcProxyShimFactory.ReceiveTransaction(UInt32 propgationTokenSize, Byte[] propgationToken, IntPtr managedIdentifier, Guid&amp; transactionIdentifier, OletxTransactionIsolationLevel&amp; isolationLevel, ITransactionShim&amp; transactionShim)
   at System.Transactions.TransactionInterop.GetOletxTransactionFromTransmitterPropigationToken(Byte[] propagationToken)
 --- End of inner exception stack trace ---
    at System.Transactions.Oletx.OletxTransactionManager.ProxyException(COMException comException)
   at System.Transactions.TransactionInterop.GetOletxTransactionFromTransmitterPropigationToken(Byte[] propagationToken)
   at System.Transactions.TransactionStatePSPEOperation.PSPEPromote(InternalTransaction tx)
   at System.Transactions.TransactionStateDelegatedBase.EnterState(InternalTransaction tx)
   at System.Transactions.EnlistableStates.Promote(InternalTransaction tx)
   at System.Transactions.Transaction.Promote()
   at System.Transactions.TransactionInterop.ConvertToOletxTransaction(Transaction transaction)
   at System.Transactions.TransactionInterop.GetExportCookie(Transaction transaction, Byte[] whereabouts)
   at System.Data.SqlClient.SqlInternalConnection.GetTransactionCookie(Transaction transaction, Byte[] whereAbouts)
   at System.Data.SqlClient.SqlInternalConnection.EnlistNonNull(Transaction tx)
   at System.Data.SqlClient.SqlInternalConnection.Enlist(Transaction tx)
   at System.Data.SqlClient.SqlInternalConnectionTds.Activate(Transaction transaction)
   at System.Data.ProviderBase.DbConnectionInternal.ActivateConnection(Transaction transaction)
   at System.Data.ProviderBase.DbConnectionPool.TryGetConnection(DbConnection owningObject, UInt32 waitForMultipleObjectsTimeout, Boolean allowCreate, Boolean onlyOneCheckConnection, DbConnectionOptions userOptions, DbConnectionInternal&amp; connection)
   at System.Data.ProviderBase.DbConnectionPool.TryGetConnection(DbConnection owningObject, TaskCompletionSource`1 retry, DbConnectionOptions userOptions, DbConnectionInternal&amp; connection)
   at System.Data.ProviderBase.DbConnectionFactory.TryGetConnection(DbConnection owningConnection, TaskCompletionSource`1 retry, DbConnectionOptions userOptions, DbConnectionInternal&amp; connection)
   at System.Data.ProviderBase.DbConnectionClosed.TryOpenConnection(DbConnection outerConnection, DbConnectionFactory connectionFactory, TaskCompletionSource`1 retry, DbConnectionOptions userOptions)
   at System.Data.SqlClient.SqlConnection.TryOpen(TaskCompletionSource`1 retry)
   at System.Data.SqlClient.SqlConnection.Open()
   at System.Data.Linq.SqlClient.SqlConnectionManager.UseConnection(IConnectionUser user)
   at System.Data.Linq.SqlClient.SqlProvider.get_IsSqlCe()
   at System.Data.Linq.SqlClient.SqlProvider.InitializeProviderMode()
   at System.Data.Linq.SqlClient.SqlProvider.System.Data.Linq.Provider.IProvider.Execute(Expression query)
   at System.Data.Linq.DataContext.ExecuteMethodCall(Object instance, MethodInfo methodInfo, Object[] parameters)
   at Tavisca.Catapult.Internal.ResourceAccess.DataProviders.Rate.LINQ.RateDataContext.spSaveRateCard(Nullable`1 id, Nullable`1 productId, String productType, String scope, Nullable`1 isEnabled, Nullable`1 isDeleted) in d:\Code\TOM\Catapult\Code\trunk\CatapultServices\Tavisca.Catapult.Internal.ResourceAccess.DataProviders\Rate\LINQ\Rate.designer.cs:line 265
   at Tavisca.Catapult.Internal.ResourceAccess.DataProviders.Rate.RateProvider.SaveRateCard(String scopeId, RateCard rateCard) in d:\Code\TOM\Catapult\Code\trunk\CatapultServices\Tavisca.Catapult.Internal.ResourceAccess.DataProviders\Rate\RateProvider.cs:line 649
   at Tavisca.Catapult.External.Facade.Tests.TestActivityGenerator.SaveRateCard(RateCard rateCard) in d:\Code\TOM\Catapult\Code\trunk\CatapultServices\Tavisca.Catapult.External.Facade.Tests\TestActivityGenerator.cs:line 352
   at Tavisca.Catapult.External.Facade.Tests.BookActivityTests.BookActivityTest.BookActivityAvailabilityTest4() in d:\Code\TOM\Catapult\Code\trunk\CatapultServices\Tavisca.Catapult.External.Facade.Tests\BookActivityTests\BookActivityTest.cs:line 1027
</StackTrace>
        </ErrorInfo>
      </Output>
    </UnitTestResult>
    <UnitTestResult executionId="c3be6b2d-0458-47d0-9c4c-93a751f097ee" testId="4f7b2013-66cd-fe82-2cd9-ee08c02e2868" testName="BookActivityAvailabilityTest5" computerName="PHOENIXX" duration="00:00:00.2954338" startTime="2013-08-09T22:01:44.8959965+05:30" endTime="2013-08-09T22:01:45.1920853+05:30" testType="13cdc9d9-ddb5-4fa4-a97d-d965ccfc6d4b" outcome="Failed" testListId="8c84fa94-04c1-424b-9868-57a2d4851a1d" relativeResultsDirectory="c3be6b2d-0458-47d0-9c4c-93a751f097ee">
      <Output>
        <ErrorInfo>
          <Message>Test method Tavisca.Catapult.External.Facade.Tests.BookActivityTests.BookActivityTest.BookActivityAvailabilityTest5 threw exception: 
System.Transactions.TransactionManagerCommunicationException: Network access for Distributed Transaction Manager (MSDTC) has been disabled. Please enable DTC for network access in the security configuration for MSDTC using the Component Services Administrative tool. ---&gt; System.Runtime.InteropServices.COMException: The transaction manager has disabled its support for remote/network transactions. (Exception from HRESULT: 0x8004D024)</Message>
          <StackTrace>    at System.Transactions.Oletx.IDtcProxyShimFactory.ReceiveTransaction(UInt32 propgationTokenSize, Byte[] propgationToken, IntPtr managedIdentifier, Guid&amp; transactionIdentifier, OletxTransactionIsolationLevel&amp; isolationLevel, ITransactionShim&amp; transactionShim)
   at System.Transactions.TransactionInterop.GetOletxTransactionFromTransmitterPropigationToken(Byte[] propagationToken)
 --- End of inner exception stack trace ---
    at System.Transactions.Oletx.OletxTransactionManager.ProxyException(COMException comException)
   at System.Transactions.TransactionInterop.GetOletxTransactionFromTransmitterPropigationToken(Byte[] propagationToken)
   at System.Transactions.TransactionStatePSPEOperation.PSPEPromote(InternalTransaction tx)
   at System.Transactions.TransactionStateDelegatedBase.EnterState(InternalTransaction tx)
   at System.Transactions.EnlistableStates.Promote(InternalTransaction tx)
   at System.Transactions.Transaction.Promote()
   at System.Transactions.TransactionInterop.ConvertToOletxTransaction(Transaction transaction)
   at System.Transactions.TransactionInterop.GetExportCookie(Transaction transaction, Byte[] whereabouts)
   at System.Data.SqlClient.SqlInternalConnection.GetTransactionCookie(Transaction transaction, Byte[] whereAbouts)
   at System.Data.SqlClient.SqlInternalConnection.EnlistNonNull(Transaction tx)
   at System.Data.SqlClient.SqlInternalConnection.Enlist(Transaction tx)
   at System.Data.SqlClient.SqlInternalConnectionTds.Activate(Transaction transaction)
   at System.Data.ProviderBase.DbConnectionInternal.ActivateConnection(Transaction transaction)
   at System.Data.ProviderBase.DbConnectionPool.TryGetConnection(DbConnection owningObject, UInt32 waitForMultipleObjectsTimeout, Boolean allowCreate, Boolean onlyOneCheckConnection, DbConnectionOptions userOptions, DbConnectionInternal&amp; connection)
   at System.Data.ProviderBase.DbConnectionPool.TryGetConnection(DbConnection owningObject, TaskCompletionSource`1 retry, DbConnectionOptions userOptions, DbConnectionInternal&amp; connection)
   at System.Data.ProviderBase.DbConnectionFactory.TryGetConnection(DbConnection owningConnection, TaskCompletionSource`1 retry, DbConnectionOptions userOptions, DbConnectionInternal&amp; connection)
   at System.Data.ProviderBase.DbConnectionClosed.TryOpenConnection(DbConnection outerConnection, DbConnectionFactory connectionFactory, TaskCompletionSource`1 retry, DbConnectionOptions userOptions)
   at System.Data.SqlClient.SqlConnection.TryOpen(TaskCompletionSource`1 retry)
   at System.Data.SqlClient.SqlConnection.Open()
   at System.Data.Linq.SqlClient.SqlConnectionManager.UseConnection(IConnectionUser user)
   at System.Data.Linq.SqlClient.SqlProvider.get_IsSqlCe()
   at System.Data.Linq.SqlClient.SqlProvider.InitializeProviderMode()
   at System.Data.Linq.SqlClient.SqlProvider.System.Data.Linq.Provider.IProvider.Execute(Expression query)
   at System.Data.Linq.DataContext.ExecuteMethodCall(Object instance, MethodInfo methodInfo, Object[] parameters)
   at Tavisca.Catapult.Internal.ResourceAccess.DataProviders.Rate.LINQ.RateDataContext.spSaveRateCard(Nullable`1 id, Nullable`1 productId, String productType, String scope, Nullable`1 isEnabled, Nullable`1 isDeleted) in d:\Code\TOM\Catapult\Code\trunk\CatapultServices\Tavisca.Catapult.Internal.ResourceAccess.DataProviders\Rate\LINQ\Rate.designer.cs:line 265
   at Tavisca.Catapult.Internal.ResourceAccess.DataProviders.Rate.RateProvider.SaveRateCard(String scopeId, RateCard rateCard) in d:\Code\TOM\Catapult\Code\trunk\CatapultServices\Tavisca.Catapult.Internal.ResourceAccess.DataProviders\Rate\RateProvider.cs:line 649
   at Tavisca.Catapult.External.Facade.Tests.TestActivityGenerator.SaveRateCard(RateCard rateCard) in d:\Code\TOM\Catapult\Code\trunk\CatapultServices\Tavisca.Catapult.External.Facade.Tests\TestActivityGenerator.cs:line 352
   at Tavisca.Catapult.External.Facade.Tests.BookActivityTests.BookActivityTest.BookActivityAvailabilityTest5() in d:\Code\TOM\Catapult\Code\trunk\CatapultServices\Tavisca.Catapult.External.Facade.Tests\BookActivityTests\BookActivityTest.cs:line 1074
</StackTrace>
        </ErrorInfo>
      </Output>
    </UnitTestResult>
    <UnitTestResult executionId="86041efc-110d-429a-9cb6-4ba893bdb02c" testId="a9d37847-cd38-a54f-c16d-21108d959bff" testName="FillActivityContentTest" computerName="PHOENIXX" duration="00:00:00.1460453" startTime="2013-08-09T22:01:45.2581051+05:30" endTime="2013-08-09T22:01:45.4381591+05:30" testType="13cdc9d9-ddb5-4fa4-a97d-d965ccfc6d4b" outcome="Failed" testListId="8c84fa94-04c1-424b-9868-57a2d4851a1d" relativeResultsDirectory="86041efc-110d-429a-9cb6-4ba893bdb02c">
      <Output>
        <ErrorInfo>
          <Message>Test method Tavisca.Catapult.External.DataProviders.Tests.Activity.ActivityContentProviderTest.FillActivityContentTest threw exception: 
System.Data.SqlClient.SqlException: Cannot open database "dIMSContent_2.0" requested by the login. The login failed.
Login failed for user 'sa'.</Message>
          <StackTrace>    at System.Data.SqlClient.SqlInternalConnection.OnError(SqlException exception, Boolean breakConnection, Action`1 wrapCloseInAction)
   at System.Data.SqlClient.TdsParser.ThrowExceptionAndWarning(TdsParserStateObject stateObj, Boolean callerHasConnectionLock, Boolean asyncClose)
   at System.Data.SqlClient.TdsParser.TryRun(RunBehavior runBehavior, SqlCommand cmdHandler, SqlDataReader dataStream, BulkCopySimpleResultSet bulkCopyHandler, TdsParserStateObject stateObj, Boolean&amp; dataReady)
   at System.Data.SqlClient.TdsParser.Run(RunBehavior runBehavior, SqlCommand cmdHandler, SqlDataReader dataStream, BulkCopySimpleResultSet bulkCopyHandler, TdsParserStateObject stateObj)
   at System.Data.SqlClient.SqlInternalConnectionTds.CompleteLogin(Boolean enlistOK)
   at System.Data.SqlClient.SqlInternalConnectionTds.AttemptOneLogin(ServerInfo serverInfo, String newPassword, SecureString newSecurePassword, Boolean ignoreSniOpenTimeout, TimeoutTimer timeout, Boolean withFailover)
   at System.Data.SqlClient.SqlInternalConnectionTds.LoginNoFailover(ServerInfo serverInfo, String newPassword, SecureString newSecurePassword, Boolean redirectedUserInstance, SqlConnectionString connectionOptions, SqlCredential credential, TimeoutTimer timeout)
   at System.Data.SqlClient.SqlInternalConnectionTds.OpenLoginEnlist(TimeoutTimer timeout, SqlConnectionString connectionOptions, SqlCredential credential, String newPassword, SecureString newSecurePassword, Boolean redirectedUserInstance)
   at System.Data.SqlClient.SqlInternalConnectionTds..ctor(DbConnectionPoolIdentity identity, SqlConnectionString connectionOptions, SqlCredential credential, Object providerInfo, String newPassword, SecureString newSecurePassword, Boolean redirectedUserInstance, SqlConnectionString userConnectionOptions)
   at System.Data.SqlClient.SqlConnectionFactory.CreateConnection(DbConnectionOptions options, DbConnectionPoolKey poolKey, Object poolGroupProviderInfo, DbConnectionPool pool, DbConnection owningConnection, DbConnectionOptions userOptions)
   at System.Data.ProviderBase.DbConnectionFactory.CreatePooledConnection(DbConnectionPool pool, DbConnectionOptions options, DbConnectionPoolKey poolKey, DbConnectionOptions userOptions)
   at System.Data.ProviderBase.DbConnectionPool.CreateObject(DbConnectionOptions userOptions)
   at System.Data.ProviderBase.DbConnectionPool.UserCreateRequest(DbConnectionOptions userOptions)
   at System.Data.ProviderBase.DbConnectionPool.TryGetConnection(DbConnection owningObject, UInt32 waitForMultipleObjectsTimeout, Boolean allowCreate, Boolean onlyOneCheckConnection, DbConnectionOptions userOptions, DbConnectionInternal&amp; connection)
   at System.Data.ProviderBase.DbConnectionPool.TryGetConnection(DbConnection owningObject, TaskCompletionSource`1 retry, DbConnectionOptions userOptions, DbConnectionInternal&amp; connection)
   at System.Data.ProviderBase.DbConnectionFactory.TryGetConnection(DbConnection owningConnection, TaskCompletionSource`1 retry, DbConnectionOptions userOptions, DbConnectionInternal&amp; connection)
   at System.Data.ProviderBase.DbConnectionClosed.TryOpenConnection(DbConnection outerConnection, DbConnectionFactory connectionFactory, TaskCompletionSource`1 retry, DbConnectionOptions userOptions)
   at System.Data.SqlClient.SqlConnection.TryOpen(TaskCompletionSource`1 retry)
   at System.Data.SqlClient.SqlConnection.Open()
   at System.Data.Linq.SqlClient.SqlConnectionManager.UseConnection(IConnectionUser user)
   at System.Data.Linq.SqlClient.SqlProvider.get_IsSqlCe()
   at System.Data.Linq.SqlClient.SqlProvider.InitializeProviderMode()
   at System.Data.Linq.SqlClient.SqlProvider.System.Data.Linq.Provider.IProvider.Execute(Expression query)
   at System.Data.Linq.DataContext.ExecuteMethodCall(Object instance, MethodInfo methodInfo, Object[] parameters)
   at Tavisca.Catapult.External.ResourceAccess.DataProviders.Activity.LINQ.ActivityContentDataContext.spGetActivityContent(String activityId, String optionId) in d:\Code\TOM\Catapult\Code\trunk\CatapultServices\Tavisca.Catapult.External.ResourceAccess.DataProviders\Activity\LINQ\ActivityContent.cs:line 18
   at Tavisca.Catapult.External.ResourceAccess.DataProviders.Activity.ActivityContentProviderDB.FillActivityContent(List`1 activities) in d:\Code\TOM\Catapult\Code\trunk\CatapultServices\Tavisca.Catapult.External.ResourceAccess.DataProviders\Activity\ActivityContentProviderDB.cs:line 27
   at Tavisca.Catapult.External.DataProviders.Tests.Activity.ActivityContentProviderTest.FillActivityContentTest() in d:\Code\TOM\Catapult\Code\trunk\CatapultServices\Tavisca.Catapult.External.DataProviders.Tests\Activity\ActivityContentProviderTest.cs:line 41
</StackTrace>
        </ErrorInfo>
      </Output>
    </UnitTestResult>
    <UnitTestResult executionId="d91f7034-ad83-4c8b-b9f2-e3732d0d8338" testId="48591357-aeb4-b548-25cf-741292850f68" testName="SearchActivities" computerName="PHOENIXX" duration="00:00:00.0088188" startTime="2013-08-09T22:01:45.4381591+05:30" endTime="2013-08-09T22:01:45.4491624+05:30" testType="13cdc9d9-ddb5-4fa4-a97d-d965ccfc6d4b" outcome="Failed" testListId="8c84fa94-04c1-424b-9868-57a2d4851a1d" relativeResultsDirectory="d91f7034-ad83-4c8b-b9f2-e3732d0d8338">
      <Output>
        <ErrorInfo>
          <Message>Test method Tavisca.Catapult.External.DataProviders.Tests.Activity.ActivityDataProviderTests.SearchActivities threw exception: 
System.InvalidOperationException: Sequence contains no elements</Message>
          <StackTrace>    at System.Linq.Enumerable.First[TSource](IEnumerable`1 source)
   at Tavisca.Catapult.External.ResourceAccess.DataProviders.Activity.ActivityDataProvider.SearchActivitiesByAirportCode(SearchActivitiesRequest searchActivitiesRequest) in d:\Code\TOM\Catapult\Code\trunk\CatapultServices\Tavisca.Catapult.External.ResourceAccess.DataProviders\Activity\ActivityDataProvider.cs:line 103
   at Tavisca.Catapult.External.DataProviders.Tests.Activity.ActivityDataProviderTests.SearchActivities() in d:\Code\TOM\Catapult\Code\trunk\CatapultServices\Tavisca.Catapult.External.DataProviders.Tests\Activity\ActivityDataProviderTests.cs:line 51
</StackTrace>
        </ErrorInfo>
      </Output>
    </UnitTestResult>
    <UnitTestResult executionId="227aea59-28cb-4592-92bb-d508c60580a2" testId="5290a6a5-b75a-8e70-3280-2aff9c8a8b17" testName="SearchActivitiesByCityCode" computerName="PHOENIXX" duration="00:00:00.0038852" startTime="2013-08-09T22:01:45.4491624+05:30" endTime="2013-08-09T22:01:45.4531636+05:30" testType="13cdc9d9-ddb5-4fa4-a97d-d965ccfc6d4b" outcome="Failed" testListId="8c84fa94-04c1-424b-9868-57a2d4851a1d" relativeResultsDirectory="227aea59-28cb-4592-92bb-d508c60580a2">
      <Output>
        <ErrorInfo>
          <Message>Test method Tavisca.Catapult.External.DataProviders.Tests.Activity.ActivityDataProviderTests.SearchActivitiesByCityCode threw exception: 
System.InvalidOperationException: Sequence contains no elements</Message>
          <StackTrace>    at System.Linq.Enumerable.First[TSource](IEnumerable`1 source)
   at Tavisca.Catapult.External.ResourceAccess.DataProviders.Activity.ActivityDataProvider.SearchActivitiesByCity(SearchActivitiesRequest searchActivitiesRequest) in d:\Code\TOM\Catapult\Code\trunk\CatapultServices\Tavisca.Catapult.External.ResourceAccess.DataProviders\Activity\ActivityDataProvider.cs:line 27
   at Tavisca.Catapult.External.DataProviders.Tests.Activity.ActivityDataProviderTests.SearchActivitiesByCityCode() in d:\Code\TOM\Catapult\Code\trunk\CatapultServices\Tavisca.Catapult.External.DataProviders.Tests\Activity\ActivityDataProviderTests.cs:line 90
</StackTrace>
        </ErrorInfo>
      </Output>
    </UnitTestResult>
    <UnitTestResult executionId="9fd989bd-9b36-4619-a2de-61268b07a966" testId="55c6dd15-61e2-a901-b6bb-28700f3ff6ea" testName="SearchActivitiesByActivityCode" computerName="PHOENIXX" duration="00:00:00.0033713" startTime="2013-08-09T22:01:45.4531636+05:30" endTime="2013-08-09T22:01:45.4561645+05:30" testType="13cdc9d9-ddb5-4fa4-a97d-d965ccfc6d4b" outcome="Failed" testListId="8c84fa94-04c1-424b-9868-57a2d4851a1d" relativeResultsDirectory="9fd989bd-9b36-4619-a2de-61268b07a966">
      <Output>
        <ErrorInfo>
          <Message>Test method Tavisca.Catapult.External.DataProviders.Tests.Activity.ActivityDataProviderTests.SearchActivitiesByActivityCode threw exception: 
System.InvalidOperationException: Sequence contains no elements</Message>
          <StackTrace>    at System.Linq.Enumerable.First[TSource](IEnumerable`1 source)
   at Tavisca.Catapult.External.ResourceAccess.DataProviders.Activity.ActivityDataProvider.SearchActivitiesByCode(SearchActivitiesRequest searchActivitiesRequest) in d:\Code\TOM\Catapult\Code\trunk\CatapultServices\Tavisca.Catapult.External.ResourceAccess.DataProviders\Activity\ActivityDataProvider.cs:line 66
   at Tavisca.Catapult.External.DataProviders.Tests.Activity.ActivityDataProviderTests.SearchActivitiesByActivityCode() in d:\Code\TOM\Catapult\Code\trunk\CatapultServices\Tavisca.Catapult.External.DataProviders.Tests\Activity\ActivityDataProviderTests.cs:line 121
</StackTrace>
        </ErrorInfo>
      </Output>
    </UnitTestResult>
    <UnitTestResult executionId="11ce4766-42d0-46b2-95a6-07dc9e3ee249" testId="3a3c3bce-deaf-deb2-99c2-4c68d9b3c6be" testName="SearchActivitiesByAirportCode" computerName="PHOENIXX" duration="00:00:00.0015410" startTime="2013-08-09T22:01:45.4561645+05:30" endTime="2013-08-09T22:01:45.4581651+05:30" testType="13cdc9d9-ddb5-4fa4-a97d-d965ccfc6d4b" outcome="Failed" testListId="8c84fa94-04c1-424b-9868-57a2d4851a1d" relativeResultsDirectory="11ce4766-42d0-46b2-95a6-07dc9e3ee249">
      <Output>
        <ErrorInfo>
          <Message>Test method Tavisca.Catapult.External.DataProviders.Tests.Activity.ActivityDataProviderTests.SearchActivitiesByAirportCode threw exception: 
System.InvalidOperationException: Sequence contains no elements</Message>
          <StackTrace>    at System.Linq.Enumerable.First[TSource](IEnumerable`1 source)
   at Tavisca.Catapult.External.ResourceAccess.DataProviders.Activity.ActivityDataProvider.SearchActivitiesByAirportCode(SearchActivitiesRequest searchActivitiesRequest) in d:\Code\TOM\Catapult\Code\trunk\CatapultServices\Tavisca.Catapult.External.ResourceAccess.DataProviders\Activity\ActivityDataProvider.cs:line 103
   at Tavisca.Catapult.External.DataProviders.Tests.Activity.ActivityDataProviderTests.SearchActivitiesByAirportCode() in d:\Code\TOM\Catapult\Code\trunk\CatapultServices\Tavisca.Catapult.External.DataProviders.Tests\Activity\ActivityDataProviderTests.cs:line 151
</StackTrace>
        </ErrorInfo>
      </Output>
    </UnitTestResult>
    <UnitTestResult executionId="ab8cf554-7ad7-4c1a-918d-1a3209569ea4" testId="417dddbb-ba17-5cb7-a9ba-5ac2b871d82c" testName="SearchActivitiesByGeoCode" computerName="PHOENIXX" duration="00:00:00.0041130" startTime="2013-08-09T22:01:45.4581651+05:30" endTime="2013-08-09T22:01:45.4621663+05:30" testType="13cdc9d9-ddb5-4fa4-a97d-d965ccfc6d4b" outcome="Failed" testListId="8c84fa94-04c1-424b-9868-57a2d4851a1d" relativeResultsDirectory="ab8cf554-7ad7-4c1a-918d-1a3209569ea4">
      <Output>
        <ErrorInfo>
          <Message>Test method Tavisca.Catapult.External.DataProviders.Tests.Activity.ActivityDataProviderTests.SearchActivitiesByGeoCode threw exception: 
System.InvalidOperationException: Sequence contains no elements</Message>
          <StackTrace>    at System.Linq.Enumerable.First[TSource](IEnumerable`1 source)
   at Tavisca.Catapult.External.ResourceAccess.DataProviders.Activity.ActivityDataProvider.SearchActivitiesByGeoCode(SearchActivitiesRequest searchActivitiesRequest) in d:\Code\TOM\Catapult\Code\trunk\CatapultServices\Tavisca.Catapult.External.ResourceAccess.DataProviders\Activity\ActivityDataProvider.cs:line 139
   at Tavisca.Catapult.External.DataProviders.Tests.Activity.ActivityDataProviderTests.SearchActivitiesByGeoCode() in d:\Code\TOM\Catapult\Code\trunk\CatapultServices\Tavisca.Catapult.External.DataProviders.Tests\Activity\ActivityDataProviderTests.cs:line 187
</StackTrace>
        </ErrorInfo>
      </Output>
    </UnitTestResult>
    <UnitTestResult executionId="357ee5b9-bb46-4aa9-a3e4-f4a28a567953" testId="0bbb2611-7608-53a5-5d88-f168ce8bf9dc" testName="SearchByCityCodeTest" computerName="PHOENIXX" duration="00:00:01.7844621" startTime="2013-08-09T22:01:45.5531936+05:30" endTime="2013-08-09T22:01:47.3937456+05:30" testType="13cdc9d9-ddb5-4fa4-a97d-d965ccfc6d4b" outcome="Failed" testListId="8c84fa94-04c1-424b-9868-57a2d4851a1d" relativeResultsDirectory="357ee5b9-bb46-4aa9-a3e4-f4a28a567953">
      <Output>
        <ErrorInfo>
          <Message>Test method Tavisca.Catapult.External.ServiceTest.ActivitySearchByCityCodeTest.SearchByCityCodeTest threw exception: 
System.ServiceModel.EndpointNotFoundException: There was no endpoint listening at http://localhost:63328/Activity.svc that could accept the message. This is often caused by an incorrect address or SOAP action. See InnerException, if present, for more details. ---&gt; System.Net.WebException: Unable to connect to the remote server ---&gt; System.Net.Sockets.SocketException: No connection could be made because the target machine actively refused it 127.0.0.1:63328</Message>
          <StackTrace>    at System.Net.Sockets.Socket.DoConnect(EndPoint endPointSnapshot, SocketAddress socketAddress)
   at System.Net.ServicePoint.ConnectSocketInternal(Boolean connectFailure, Socket s4, Socket s6, Socket&amp; socket, IPAddress&amp; address, ConnectSocketState state, IAsyncResult asyncResult, Exception&amp; exception)
 --- End of inner exception stack trace ---
    at System.Net.HttpWebRequest.GetRequestStream(TransportContext&amp; context)
   at System.Net.HttpWebRequest.GetRequestStream()
   at System.ServiceModel.Channels.HttpOutput.WebRequestHttpOutput.GetOutputStream()
 --- End of inner exception stack trace ---
 
Server stack trace: 
   at System.ServiceModel.Channels.HttpOutput.WebRequestHttpOutput.GetOutputStream()
   at System.ServiceModel.Channels.HttpOutput.Send(TimeSpan timeout)
   at System.ServiceModel.Channels.HttpChannelFactory`1.HttpRequestChannel.HttpChannelRequest.SendRequest(Message message, TimeSpan timeout)
   at System.ServiceModel.Channels.RequestChannel.Request(Message message, TimeSpan timeout)
   at System.ServiceModel.Dispatcher.RequestChannelBinder.Request(Message message, TimeSpan timeout)
   at System.ServiceModel.Channels.ServiceChannel.Call(String action, Boolean oneway, ProxyOperationRuntime operation, Object[] ins, Object[] outs, TimeSpan timeout)
   at System.ServiceModel.Channels.ServiceChannelProxy.InvokeService(IMethodCallMessage methodCall, ProxyOperationRuntime operation)
   at System.ServiceModel.Channels.ServiceChannelProxy.Invoke(IMessage message)
Exception rethrown at [0]: 
   at System.Runtime.Remoting.Proxies.RealProxy.HandleReturnMessage(IMessage reqMsg, IMessage retMsg)
   at System.Runtime.Remoting.Proxies.RealProxy.PrivateInvoke(MessageData&amp; msgData, Int32 type)
   at ExternalServiceProxy.IActivityService.SearchActivities(ActivitySearchRequest activitySearchRequest)
   at ExternalServiceProxy.ActivityServiceClient.SearchActivities(ActivitySearchRequest activitySearchRequest) in d:\Code\TOM\Catapult\Code\trunk\CatapultServices\Tavisca.Catapult.External.ServiceTest\Proxy\ExternalServiceProxy.cs:line 4101
   at Tavisca.Catapult.External.ServiceTest.ActivitySearchByCityCodeTest.SearchByCityCodeTest() in d:\Code\TOM\Catapult\Code\trunk\CatapultServices\Tavisca.Catapult.External.ServiceTest\ActivitySearchByCityCodeTest.cs:line 22
</StackTrace>
        </ErrorInfo>
      </Output>
    </UnitTestResult>
    <UnitTestResult executionId="63653ec5-18ef-44b8-af3b-c6325962369c" testId="59e8135f-8dff-17aa-d78c-914011748436" testName="SearchByActivityCodeTest" computerName="PHOENIXX" duration="00:00:01.0074504" startTime="2013-08-09T22:01:47.3937456+05:30" endTime="2013-08-09T22:01:48.4020480+05:30" testType="13cdc9d9-ddb5-4fa4-a97d-d965ccfc6d4b" outcome="Failed" testListId="8c84fa94-04c1-424b-9868-57a2d4851a1d" relativeResultsDirectory="63653ec5-18ef-44b8-af3b-c6325962369c">
      <Output>
        <ErrorInfo>
          <Message>Test method Tavisca.Catapult.External.ServiceTest.ActivitySearchByCityCodeTest.SearchByActivityCodeTest threw exception: 
System.ServiceModel.EndpointNotFoundException: There was no endpoint listening at http://localhost:63328/Activity.svc that could accept the message. This is often caused by an incorrect address or SOAP action. See InnerException, if present, for more details. ---&gt; System.Net.WebException: Unable to connect to the remote server ---&gt; System.Net.Sockets.SocketException: No connection could be made because the target machine actively refused it 127.0.0.1:63328</Message>
          <StackTrace>    at System.Net.Sockets.Socket.DoConnect(EndPoint endPointSnapshot, SocketAddress socketAddress)
   at System.Net.ServicePoint.ConnectSocketInternal(Boolean connectFailure, Socket s4, Socket s6, Socket&amp; socket, IPAddress&amp; address, ConnectSocketState state, IAsyncResult asyncResult, Exception&amp; exception)
 --- End of inner exception stack trace ---
    at System.Net.HttpWebRequest.GetRequestStream(TransportContext&amp; context)
   at System.Net.HttpWebRequest.GetRequestStream()
   at System.ServiceModel.Channels.HttpOutput.WebRequestHttpOutput.GetOutputStream()
 --- End of inner exception stack trace ---
 
Server stack trace: 
   at System.ServiceModel.Channels.HttpOutput.WebRequestHttpOutput.GetOutputStream()
   at System.ServiceModel.Channels.HttpOutput.Send(TimeSpan timeout)
   at System.ServiceModel.Channels.HttpChannelFactory`1.HttpRequestChannel.HttpChannelRequest.SendRequest(Message message, TimeSpan timeout)
   at System.ServiceModel.Channels.RequestChannel.Request(Message message, TimeSpan timeout)
   at System.ServiceModel.Dispatcher.RequestChannelBinder.Request(Message message, TimeSpan timeout)
   at System.ServiceModel.Channels.ServiceChannel.Call(String action, Boolean oneway, ProxyOperationRuntime operation, Object[] ins, Object[] outs, TimeSpan timeout)
   at System.ServiceModel.Channels.ServiceChannelProxy.InvokeService(IMethodCallMessage methodCall, ProxyOperationRuntime operation)
   at System.ServiceModel.Channels.ServiceChannelProxy.Invoke(IMessage message)
Exception rethrown at [0]: 
   at System.Runtime.Remoting.Proxies.RealProxy.HandleReturnMessage(IMessage reqMsg, IMessage retMsg)
   at System.Runtime.Remoting.Proxies.RealProxy.PrivateInvoke(MessageData&amp; msgData, Int32 type)
   at ExternalServiceProxy.IActivityService.SearchActivities(ActivitySearchRequest activitySearchRequest)
   at ExternalServiceProxy.ActivityServiceClient.SearchActivities(ActivitySearchRequest activitySearchRequest) in d:\Code\TOM\Catapult\Code\trunk\CatapultServices\Tavisca.Catapult.External.ServiceTest\Proxy\ExternalServiceProxy.cs:line 4101
   at Tavisca.Catapult.External.ServiceTest.ActivitySearchByCityCodeTest.SearchByActivityCodeTest() in d:\Code\TOM\Catapult\Code\trunk\CatapultServices\Tavisca.Catapult.External.ServiceTest\ActivitySearchByCityCodeTest.cs:line 38
</StackTrace>
        </ErrorInfo>
      </Output>
    </UnitTestResult>
    <UnitTestResult executionId="b197f178-8254-424b-b589-ae0938d02ab4" testId="bd20f9c6-5cc0-0429-8934-fb94d3e8fbdc" testName="SearchByGeoCodeCodeTest" computerName="PHOENIXX" duration="00:00:01.0177333" startTime="2013-08-09T22:01:48.4020480+05:30" endTime="2013-08-09T22:01:49.4203534+05:30" testType="13cdc9d9-ddb5-4fa4-a97d-d965ccfc6d4b" outcome="Failed" testListId="8c84fa94-04c1-424b-9868-57a2d4851a1d" relativeResultsDirectory="b197f178-8254-424b-b589-ae0938d02ab4">
      <Output>
        <ErrorInfo>
          <Message>Test method Tavisca.Catapult.External.ServiceTest.ActivitySearchByCityCodeTest.SearchByGeoCodeCodeTest threw exception: 
System.ServiceModel.EndpointNotFoundException: There was no endpoint listening at http://localhost:63328/Activity.svc that could accept the message. This is often caused by an incorrect address or SOAP action. See InnerException, if present, for more details. ---&gt; System.Net.WebException: Unable to connect to the remote server ---&gt; System.Net.Sockets.SocketException: No connection could be made because the target machine actively refused it 127.0.0.1:63328</Message>
          <StackTrace>    at System.Net.Sockets.Socket.DoConnect(EndPoint endPointSnapshot, SocketAddress socketAddress)
   at System.Net.ServicePoint.ConnectSocketInternal(Boolean connectFailure, Socket s4, Socket s6, Socket&amp; socket, IPAddress&amp; address, ConnectSocketState state, IAsyncResult asyncResult, Exception&amp; exception)
 --- End of inner exception stack trace ---
    at System.Net.HttpWebRequest.GetRequestStream(TransportContext&amp; context)
   at System.Net.HttpWebRequest.GetRequestStream()
   at System.ServiceModel.Channels.HttpOutput.WebRequestHttpOutput.GetOutputStream()
 --- End of inner exception stack trace ---
 
Server stack trace: 
   at System.ServiceModel.Channels.HttpOutput.WebRequestHttpOutput.GetOutputStream()
   at System.ServiceModel.Channels.HttpOutput.Send(TimeSpan timeout)
   at System.ServiceModel.Channels.HttpChannelFactory`1.HttpRequestChannel.HttpChannelRequest.SendRequest(Message message, TimeSpan timeout)
   at System.ServiceModel.Channels.RequestChannel.Request(Message message, TimeSpan timeout)
   at System.ServiceModel.Dispatcher.RequestChannelBinder.Request(Message message, TimeSpan timeout)
   at System.ServiceModel.Channels.ServiceChannel.Call(String action, Boolean oneway, ProxyOperationRuntime operation, Object[] ins, Object[] outs, TimeSpan timeout)
   at System.ServiceModel.Channels.ServiceChannelProxy.InvokeService(IMethodCallMessage methodCall, ProxyOperationRuntime operation)
   at System.ServiceModel.Channels.ServiceChannelProxy.Invoke(IMessage message)
Exception rethrown at [0]: 
   at System.Runtime.Remoting.Proxies.RealProxy.HandleReturnMessage(IMessage reqMsg, IMessage retMsg)
   at System.Runtime.Remoting.Proxies.RealProxy.PrivateInvoke(MessageData&amp; msgData, Int32 type)
   at ExternalServiceProxy.IActivityService.SearchActivities(ActivitySearchRequest activitySearchRequest)
   at ExternalServiceProxy.ActivityServiceClient.SearchActivities(ActivitySearchRequest activitySearchRequest) in d:\Code\TOM\Catapult\Code\trunk\CatapultServices\Tavisca.Catapult.External.ServiceTest\Proxy\ExternalServiceProxy.cs:line 4101
   at Tavisca.Catapult.External.ServiceTest.ActivitySearchByCityCodeTest.SearchByGeoCodeCodeTest() in d:\Code\TOM\Catapult\Code\trunk\CatapultServices\Tavisca.Catapult.External.ServiceTest\ActivitySearchByCityCodeTest.cs:line 55
</StackTrace>
        </ErrorInfo>
      </Output>
    </UnitTestResult>
    <UnitTestResult executionId="f4007a8b-4ace-462a-9857-51743696a766" testId="0a01aa17-a8b5-1a9b-1443-17164dc7307a" testName="SearchByAirportCodeCodeTest" computerName="PHOENIXX" duration="00:00:01.0058965" startTime="2013-08-09T22:01:49.4203534+05:30" endTime="2013-08-09T22:01:50.4266552+05:30" testType="13cdc9d9-ddb5-4fa4-a97d-d965ccfc6d4b" outcome="Failed" testListId="8c84fa94-04c1-424b-9868-57a2d4851a1d" relativeResultsDirectory="f4007a8b-4ace-462a-9857-51743696a766">
      <Output>
        <ErrorInfo>
          <Message>Test method Tavisca.Catapult.External.ServiceTest.ActivitySearchByCityCodeTest.SearchByAirportCodeCodeTest threw exception: 
System.ServiceModel.EndpointNotFoundException: There was no endpoint listening at http://localhost:63328/Activity.svc that could accept the message. This is often caused by an incorrect address or SOAP action. See InnerException, if present, for more details. ---&gt; System.Net.WebException: Unable to connect to the remote server ---&gt; System.Net.Sockets.SocketException: No connection could be made because the target machine actively refused it 127.0.0.1:63328</Message>
          <StackTrace>    at System.Net.Sockets.Socket.DoConnect(EndPoint endPointSnapshot, SocketAddress socketAddress)
   at System.Net.ServicePoint.ConnectSocketInternal(Boolean connectFailure, Socket s4, Socket s6, Socket&amp; socket, IPAddress&amp; address, ConnectSocketState state, IAsyncResult asyncResult, Exception&amp; exception)
 --- End of inner exception stack trace ---
    at System.Net.HttpWebRequest.GetRequestStream(TransportContext&amp; context)
   at System.Net.HttpWebRequest.GetRequestStream()
   at System.ServiceModel.Channels.HttpOutput.WebRequestHttpOutput.GetOutputStream()
 --- End of inner exception stack trace ---
 
Server stack trace: 
   at System.ServiceModel.Channels.HttpOutput.WebRequestHttpOutput.GetOutputStream()
   at System.ServiceModel.Channels.HttpOutput.Send(TimeSpan timeout)
   at System.ServiceModel.Channels.HttpChannelFactory`1.HttpRequestChannel.HttpChannelRequest.SendRequest(Message message, TimeSpan timeout)
   at System.ServiceModel.Channels.RequestChannel.Request(Message message, TimeSpan timeout)
   at System.ServiceModel.Dispatcher.RequestChannelBinder.Request(Message message, TimeSpan timeout)
   at System.ServiceModel.Channels.ServiceChannel.Call(String action, Boolean oneway, ProxyOperationRuntime operation, Object[] ins, Object[] outs, TimeSpan timeout)
   at System.ServiceModel.Channels.ServiceChannelProxy.InvokeService(IMethodCallMessage methodCall, ProxyOperationRuntime operation)
   at System.ServiceModel.Channels.ServiceChannelProxy.Invoke(IMessage message)
Exception rethrown at [0]: 
   at System.Runtime.Remoting.Proxies.RealProxy.HandleReturnMessage(IMessage reqMsg, IMessage retMsg)
   at System.Runtime.Remoting.Proxies.RealProxy.PrivateInvoke(MessageData&amp; msgData, Int32 type)
   at ExternalServiceProxy.IActivityService.SearchActivities(ActivitySearchRequest activitySearchRequest)
   at ExternalServiceProxy.ActivityServiceClient.SearchActivities(ActivitySearchRequest activitySearchRequest) in d:\Code\TOM\Catapult\Code\trunk\CatapultServices\Tavisca.Catapult.External.ServiceTest\Proxy\ExternalServiceProxy.cs:line 4101
   at Tavisca.Catapult.External.ServiceTest.ActivitySearchByCityCodeTest.SearchByAirportCodeCodeTest() in d:\Code\TOM\Catapult\Code\trunk\CatapultServices\Tavisca.Catapult.External.ServiceTest\ActivitySearchByCityCodeTest.cs:line 71
</StackTrace>
        </ErrorInfo>
      </Output>
    </UnitTestResult>
    <UnitTestResult executionId="72432798-76fd-49a6-ac7d-693979a84fb1" testId="a9bbc090-eb5f-3cff-92d7-df1b5adce704" testName="SearchActivitiesValidationInvalidTest" computerName="PHOENIXX" duration="00:00:01.0045056" startTime="2013-08-09T22:01:50.4266552+05:30" endTime="2013-08-09T22:01:51.4319567+05:30" testType="13cdc9d9-ddb5-4fa4-a97d-d965ccfc6d4b" outcome="Failed" testListId="8c84fa94-04c1-424b-9868-57a2d4851a1d" relativeResultsDirectory="72432798-76fd-49a6-ac7d-693979a84fb1">
      <Output>
        <ErrorInfo>
          <Message>Test method Tavisca.Catapult.External.ServiceTest.ServiceValidationTest.SearchActivitiesValidationInvalidTest threw exception: 
System.ServiceModel.EndpointNotFoundException: There was no endpoint listening at http://localhost:63328/Activity.svc that could accept the message. This is often caused by an incorrect address or SOAP action. See InnerException, if present, for more details. ---&gt; System.Net.WebException: Unable to connect to the remote server ---&gt; System.Net.Sockets.SocketException: No connection could be made because the target machine actively refused it 127.0.0.1:63328</Message>
          <StackTrace>    at System.Net.Sockets.Socket.DoConnect(EndPoint endPointSnapshot, SocketAddress socketAddress)
   at System.Net.ServicePoint.ConnectSocketInternal(Boolean connectFailure, Socket s4, Socket s6, Socket&amp; socket, IPAddress&amp; address, ConnectSocketState state, IAsyncResult asyncResult, Exception&amp; exception)
 --- End of inner exception stack trace ---
    at System.Net.HttpWebRequest.GetRequestStream(TransportContext&amp; context)
   at System.Net.HttpWebRequest.GetRequestStream()
   at System.ServiceModel.Channels.HttpOutput.WebRequestHttpOutput.GetOutputStream()
 --- End of inner exception stack trace ---
 
Server stack trace: 
   at System.ServiceModel.Channels.HttpOutput.WebRequestHttpOutput.GetOutputStream()
   at System.ServiceModel.Channels.HttpOutput.Send(TimeSpan timeout)
   at System.ServiceModel.Channels.HttpChannelFactory`1.HttpRequestChannel.HttpChannelRequest.SendRequest(Message message, TimeSpan timeout)
   at System.ServiceModel.Channels.RequestChannel.Request(Message message, TimeSpan timeout)
   at System.ServiceModel.Dispatcher.RequestChannelBinder.Request(Message message, TimeSpan timeout)
   at System.ServiceModel.Channels.ServiceChannel.Call(String action, Boolean oneway, ProxyOperationRuntime operation, Object[] ins, Object[] outs, TimeSpan timeout)
   at System.ServiceModel.Channels.ServiceChannelProxy.InvokeService(IMethodCallMessage methodCall, ProxyOperationRuntime operation)
   at System.ServiceModel.Channels.ServiceChannelProxy.Invoke(IMessage message)
Exception rethrown at [0]: 
   at System.Runtime.Remoting.Proxies.RealProxy.HandleReturnMessage(IMessage reqMsg, IMessage retMsg)
   at System.Runtime.Remoting.Proxies.RealProxy.PrivateInvoke(MessageData&amp; msgData, Int32 type)
   at ExternalServiceProxy.IActivityService.SearchActivities(ActivitySearchRequest activitySearchRequest)
   at ExternalServiceProxy.ActivityServiceClient.SearchActivities(ActivitySearchRequest activitySearchRequest) in d:\Code\TOM\Catapult\Code\trunk\CatapultServices\Tavisca.Catapult.External.ServiceTest\Proxy\ExternalServiceProxy.cs:line 4101
   at Tavisca.Catapult.External.ServiceTest.ServiceValidationTest.SearchActivitiesValidationInvalidTest() in d:\Code\TOM\Catapult\Code\trunk\CatapultServices\Tavisca.Catapult.External.ServiceTest\ServiceValidationTest.cs:line 18
</StackTrace>
        </ErrorInfo>
      </Output>
    </UnitTestResult>
    <UnitTestResult executionId="ab992267-5bad-4fe7-b982-63136f6e3469" testId="e900838f-5fc9-b6ff-4d1e-95187958ba2a" testName="SearchActivitiesValidationValidTest" computerName="PHOENIXX" duration="00:00:01.0056502" startTime="2013-08-09T22:01:51.4319567+05:30" endTime="2013-08-09T22:01:52.4382585+05:30" testType="13cdc9d9-ddb5-4fa4-a97d-d965ccfc6d4b" outcome="Failed" testListId="8c84fa94-04c1-424b-9868-57a2d4851a1d" relativeResultsDirectory="ab992267-5bad-4fe7-b982-63136f6e3469">
      <Output>
        <ErrorInfo>
          <Message>Test method Tavisca.Catapult.External.ServiceTest.ServiceValidationTest.SearchActivitiesValidationValidTest threw exception: 
System.ServiceModel.EndpointNotFoundException: There was no endpoint listening at http://localhost:63328/Activity.svc that could accept the message. This is often caused by an incorrect address or SOAP action. See InnerException, if present, for more details. ---&gt; System.Net.WebException: Unable to connect to the remote server ---&gt; System.Net.Sockets.SocketException: No connection could be made because the target machine actively refused it 127.0.0.1:63328</Message>
          <StackTrace>    at System.Net.Sockets.Socket.DoConnect(EndPoint endPointSnapshot, SocketAddress socketAddress)
   at System.Net.ServicePoint.ConnectSocketInternal(Boolean connectFailure, Socket s4, Socket s6, Socket&amp; socket, IPAddress&amp; address, ConnectSocketState state, IAsyncResult asyncResult, Exception&amp; exception)
 --- End of inner exception stack trace ---
    at System.Net.HttpWebRequest.GetRequestStream(TransportContext&amp; context)
   at System.Net.HttpWebRequest.GetRequestStream()
   at System.ServiceModel.Channels.HttpOutput.WebRequestHttpOutput.GetOutputStream()
 --- End of inner exception stack trace ---
 
Server stack trace: 
   at System.ServiceModel.Channels.HttpOutput.WebRequestHttpOutput.GetOutputStream()
   at System.ServiceModel.Channels.HttpOutput.Send(TimeSpan timeout)
   at System.ServiceModel.Channels.HttpChannelFactory`1.HttpRequestChannel.HttpChannelRequest.SendRequest(Message message, TimeSpan timeout)
   at System.ServiceModel.Channels.RequestChannel.Request(Message message, TimeSpan timeout)
   at System.ServiceModel.Dispatcher.RequestChannelBinder.Request(Message message, TimeSpan timeout)
   at System.ServiceModel.Channels.ServiceChannel.Call(String action, Boolean oneway, ProxyOperationRuntime operation, Object[] ins, Object[] outs, TimeSpan timeout)
   at System.ServiceModel.Channels.ServiceChannelProxy.InvokeService(IMethodCallMessage methodCall, ProxyOperationRuntime operation)
   at System.ServiceModel.Channels.ServiceChannelProxy.Invoke(IMessage message)
Exception rethrown at [0]: 
   at System.Runtime.Remoting.Proxies.RealProxy.HandleReturnMessage(IMessage reqMsg, IMessage retMsg)
   at System.Runtime.Remoting.Proxies.RealProxy.PrivateInvoke(MessageData&amp; msgData, Int32 type)
   at ExternalServiceProxy.IActivityService.SearchActivities(ActivitySearchRequest activitySearchRequest)
   at ExternalServiceProxy.ActivityServiceClient.SearchActivities(ActivitySearchRequest activitySearchRequest) in d:\Code\TOM\Catapult\Code\trunk\CatapultServices\Tavisca.Catapult.External.ServiceTest\Proxy\ExternalServiceProxy.cs:line 4101
   at Tavisca.Catapult.External.ServiceTest.ServiceValidationTest.SearchActivitiesValidationValidTest() in d:\Code\TOM\Catapult\Code\trunk\CatapultServices\Tavisca.Catapult.External.ServiceTest\ServiceValidationTest.cs:line 29
</StackTrace>
        </ErrorInfo>
      </Output>
    </UnitTestResult>
    <UnitTestResult executionId="a8c863c2-a246-4235-ad31-57903d80d130" testId="84f0638e-5097-fa93-fe70-c7e03cbad53e" testName="ActivityBookingRequestValidTest" computerName="PHOENIXX" duration="00:00:00.0210572" startTime="2013-08-09T22:01:52.5532930+05:30" endTime="2013-08-09T22:01:52.6083095+05:30" testType="13cdc9d9-ddb5-4fa4-a97d-d965ccfc6d4b" outcome="Failed" testListId="8c84fa94-04c1-424b-9868-57a2d4851a1d" relativeResultsDirectory="a8c863c2-a246-4235-ad31-57903d80d130">
      <Output>
        <ErrorInfo>
          <Message>Initialization method Tavisca.Catapult.External.ValidationTest.ActivityBookingRequestValidationTest.InitializeValidation threw exception. System.IO.DirectoryNotFoundException: System.IO.DirectoryNotFoundException: Could not find a part of the path 'D:\CodeBase\Catapult\trunk\CatapultServices\Tavisca.Catapult.External.ValidationTest\Validation.xml'..</Message>
          <StackTrace>    at System.IO.__Error.WinIOError(Int32 errorCode, String maybeFullPath)
   at System.IO.FileStream.Init(String path, FileMode mode, FileAccess access, Int32 rights, Boolean useRights, FileShare share, Int32 bufferSize, FileOptions options, SECURITY_ATTRIBUTES secAttrs, String msgPath, Boolean bFromProxy, Boolean useLongPath, Boolean checkHost)
   at System.IO.FileStream..ctor(String path, FileMode mode, FileAccess access, FileShare share, Int32 bufferSize)
   at System.Xml.XmlDownloadManager.GetStream(Uri uri, ICredentials credentials, IWebProxy proxy, RequestCachePolicy cachePolicy)
   at System.Xml.XmlUrlResolver.GetEntity(Uri absoluteUri, String role, Type ofObjectToReturn)
   at System.Xml.XmlTextReaderImpl.FinishInitUriString()
   at System.Xml.XmlTextReaderImpl..ctor(String uriStr, XmlReaderSettings settings, XmlParserContext context, XmlResolver uriResolver)
   at System.Xml.XmlReaderSettings.CreateReader(String inputUri, XmlParserContext inputContext)
   at System.Xml.XmlReader.Create(String inputUri, XmlReaderSettings settings, XmlParserContext inputContext)
   at System.Xml.Linq.XDocument.Load(String uri, LoadOptions options)
   at Tavisca.Validation.DynamicXmlParser..ctor(String filePath)
   at Tavisca.Validation.ValidationBuilder.Build(String configFilePath)
   at Tavisca.Validation.Validation.Build(String configurationFilePath)
   at Tavisca.Catapult.External.ValidationTest.ActivityBookingRequestValidationTest.InitializeValidation() in d:\Code\TOM\Catapult\Code\trunk\CatapultServices\Tavisca.Catapult.External.ValidationTest\ActivityBookingRequestValidationTest.cs:line 37
</StackTrace>
        </ErrorInfo>
      </Output>
    </UnitTestResult>
    <UnitTestResult executionId="c3f0063a-997b-4d69-8fb0-ba71bf455dfe" testId="ba862b5d-7692-c260-c6aa-d77ef0904c85" testName="ActivityBookingRequestForActivityCodeValueIsNullInValidTest" computerName="PHOENIXX" duration="00:00:00.0009501" startTime="2013-08-09T22:01:52.6083095+05:30" endTime="2013-08-09T22:01:52.6093098+05:30" testType="13cdc9d9-ddb5-4fa4-a97d-d965ccfc6d4b" outcome="Failed" testListId="8c84fa94-04c1-424b-9868-57a2d4851a1d" relativeResultsDirectory="c3f0063a-997b-4d69-8fb0-ba71bf455dfe">
      <Output>
        <ErrorInfo>
          <Message>Initialization method Tavisca.Catapult.External.ValidationTest.ActivityBookingRequestValidationTest.InitializeValidation threw exception. System.IO.DirectoryNotFoundException: System.IO.DirectoryNotFoundException: Could not find a part of the path 'D:\CodeBase\Catapult\trunk\CatapultServices\Tavisca.Catapult.External.ValidationTest\Validation.xml'..</Message>
          <StackTrace>    at System.IO.__Error.WinIOError(Int32 errorCode, String maybeFullPath)
   at System.IO.FileStream.Init(String path, FileMode mode, FileAccess access, Int32 rights, Boolean useRights, FileShare share, Int32 bufferSize, FileOptions options, SECURITY_ATTRIBUTES secAttrs, String msgPath, Boolean bFromProxy, Boolean useLongPath, Boolean checkHost)
   at System.IO.FileStream..ctor(String path, FileMode mode, FileAccess access, FileShare share, Int32 bufferSize)
   at System.Xml.XmlDownloadManager.GetStream(Uri uri, ICredentials credentials, IWebProxy proxy, RequestCachePolicy cachePolicy)
   at System.Xml.XmlUrlResolver.GetEntity(Uri absoluteUri, String role, Type ofObjectToReturn)
   at System.Xml.XmlTextReaderImpl.FinishInitUriString()
   at System.Xml.XmlTextReaderImpl..ctor(String uriStr, XmlReaderSettings settings, XmlParserContext context, XmlResolver uriResolver)
   at System.Xml.XmlReaderSettings.CreateReader(String inputUri, XmlParserContext inputContext)
   at System.Xml.XmlReader.Create(String inputUri, XmlReaderSettings settings, XmlParserContext inputContext)
   at System.Xml.Linq.XDocument.Load(String uri, LoadOptions options)
   at Tavisca.Validation.DynamicXmlParser..ctor(String filePath)
   at Tavisca.Validation.ValidationBuilder.Build(String configFilePath)
   at Tavisca.Validation.Validation.Build(String configurationFilePath)
   at Tavisca.Catapult.External.ValidationTest.ActivityBookingRequestValidationTest.InitializeValidation() in d:\Code\TOM\Catapult\Code\trunk\CatapultServices\Tavisca.Catapult.External.ValidationTest\ActivityBookingRequestValidationTest.cs:line 37
</StackTrace>
        </ErrorInfo>
      </Output>
    </UnitTestResult>
    <UnitTestResult executionId="78959705-bd05-4093-8c13-61864fe2132b" testId="a9211b11-a5c5-b938-77e4-23f814b1ca5c" testName="ActivityBookingRequestForActivityCodeValueIsEmptyInValidTest" computerName="PHOENIXX" duration="00:00:00.0007544" startTime="2013-08-09T22:01:52.6093098+05:30" endTime="2013-08-09T22:01:52.6103101+05:30" testType="13cdc9d9-ddb5-4fa4-a97d-d965ccfc6d4b" outcome="Failed" testListId="8c84fa94-04c1-424b-9868-57a2d4851a1d" relativeResultsDirectory="78959705-bd05-4093-8c13-61864fe2132b">
      <Output>
        <ErrorInfo>
          <Message>Initialization method Tavisca.Catapult.External.ValidationTest.ActivityBookingRequestValidationTest.InitializeValidation threw exception. System.IO.DirectoryNotFoundException: System.IO.DirectoryNotFoundException: Could not find a part of the path 'D:\CodeBase\Catapult\trunk\CatapultServices\Tavisca.Catapult.External.ValidationTest\Validation.xml'..</Message>
          <StackTrace>    at System.IO.__Error.WinIOError(Int32 errorCode, String maybeFullPath)
   at System.IO.FileStream.Init(String path, FileMode mode, FileAccess access, Int32 rights, Boolean useRights, FileShare share, Int32 bufferSize, FileOptions options, SECURITY_ATTRIBUTES secAttrs, String msgPath, Boolean bFromProxy, Boolean useLongPath, Boolean checkHost)
   at System.IO.FileStream..ctor(String path, FileMode mode, FileAccess access, FileShare share, Int32 bufferSize)
   at System.Xml.XmlDownloadManager.GetStream(Uri uri, ICredentials credentials, IWebProxy proxy, RequestCachePolicy cachePolicy)
   at System.Xml.XmlUrlResolver.GetEntity(Uri absoluteUri, String role, Type ofObjectToReturn)
   at System.Xml.XmlTextReaderImpl.FinishInitUriString()
   at System.Xml.XmlTextReaderImpl..ctor(String uriStr, XmlReaderSettings settings, XmlParserContext context, XmlResolver uriResolver)
   at System.Xml.XmlReaderSettings.CreateReader(String inputUri, XmlParserContext inputContext)
   at System.Xml.XmlReader.Create(String inputUri, XmlReaderSettings settings, XmlParserContext inputContext)
   at System.Xml.Linq.XDocument.Load(String uri, LoadOptions options)
   at Tavisca.Validation.DynamicXmlParser..ctor(String filePath)
   at Tavisca.Validation.ValidationBuilder.Build(String configFilePath)
   at Tavisca.Validation.Validation.Build(String configurationFilePath)
   at Tavisca.Catapult.External.ValidationTest.ActivityBookingRequestValidationTest.InitializeValidation() in d:\Code\TOM\Catapult\Code\trunk\CatapultServices\Tavisca.Catapult.External.ValidationTest\ActivityBookingRequestValidationTest.cs:line 37
</StackTrace>
        </ErrorInfo>
      </Output>
    </UnitTestResult>
    <UnitTestResult executionId="81833e8f-dcf6-42f0-bdfc-fb03ef3b7285" testId="57b0aec0-2222-94a0-d8fc-860fe295cda7" testName="ActivityBookingRequestForActivityCodeValueIsAlphaNumericInValidTest" computerName="PHOENIXX" duration="00:00:00.0007243" startTime="2013-08-09T22:01:52.6103101+05:30" endTime="2013-08-09T22:01:52.6113104+05:30" testType="13cdc9d9-ddb5-4fa4-a97d-d965ccfc6d4b" outcome="Failed" testListId="8c84fa94-04c1-424b-9868-57a2d4851a1d" relativeResultsDirectory="81833e8f-dcf6-42f0-bdfc-fb03ef3b7285">
      <Output>
        <ErrorInfo>
          <Message>Initialization method Tavisca.Catapult.External.ValidationTest.ActivityBookingRequestValidationTest.InitializeValidation threw exception. System.IO.DirectoryNotFoundException: System.IO.DirectoryNotFoundException: Could not find a part of the path 'D:\CodeBase\Catapult\trunk\CatapultServices\Tavisca.Catapult.External.ValidationTest\Validation.xml'..</Message>
          <StackTrace>    at System.IO.__Error.WinIOError(Int32 errorCode, String maybeFullPath)
   at System.IO.FileStream.Init(String path, FileMode mode, FileAccess access, Int32 rights, Boolean useRights, FileShare share, Int32 bufferSize, FileOptions options, SECURITY_ATTRIBUTES secAttrs, String msgPath, Boolean bFromProxy, Boolean useLongPath, Boolean checkHost)
   at System.IO.FileStream..ctor(String path, FileMode mode, FileAccess access, FileShare share, Int32 bufferSize)
   at System.Xml.XmlDownloadManager.GetStream(Uri uri, ICredentials credentials, IWebProxy proxy, RequestCachePolicy cachePolicy)
   at System.Xml.XmlUrlResolver.GetEntity(Uri absoluteUri, String role, Type ofObjectToReturn)
   at System.Xml.XmlTextReaderImpl.FinishInitUriString()
   at System.Xml.XmlTextReaderImpl..ctor(String uriStr, XmlReaderSettings settings, XmlParserContext context, XmlResolver uriResolver)
   at System.Xml.XmlReaderSettings.CreateReader(String inputUri, XmlParserContext inputContext)
   at System.Xml.XmlReader.Create(String inputUri, XmlReaderSettings settings, XmlParserContext inputContext)
   at System.Xml.Linq.XDocument.Load(String uri, LoadOptions options)
   at Tavisca.Validation.DynamicXmlParser..ctor(String filePath)
   at Tavisca.Validation.ValidationBuilder.Build(String configFilePath)
   at Tavisca.Validation.Validation.Build(String configurationFilePath)
   at Tavisca.Catapult.External.ValidationTest.ActivityBookingRequestValidationTest.InitializeValidation() in d:\Code\TOM\Catapult\Code\trunk\CatapultServices\Tavisca.Catapult.External.ValidationTest\ActivityBookingRequestValidationTest.cs:line 37
</StackTrace>
        </ErrorInfo>
      </Output>
    </UnitTestResult>
    <UnitTestResult executionId="ac277daa-fc90-45cb-8b03-1c082990876e" testId="e4b85246-375f-95cd-b3f7-e6362db858b5" testName="ActivityBookingRequestForActivityCodeValueContainsSpecialCharInValidTest" computerName="PHOENIXX" duration="00:00:00.0007326" startTime="2013-08-09T22:01:52.6113104+05:30" endTime="2013-08-09T22:01:52.6123107+05:30" testType="13cdc9d9-ddb5-4fa4-a97d-d965ccfc6d4b" outcome="Failed" testListId="8c84fa94-04c1-424b-9868-57a2d4851a1d" relativeResultsDirectory="ac277daa-fc90-45cb-8b03-1c082990876e">
      <Output>
        <ErrorInfo>
          <Message>Initialization method Tavisca.Catapult.External.ValidationTest.ActivityBookingRequestValidationTest.InitializeValidation threw exception. System.IO.DirectoryNotFoundException: System.IO.DirectoryNotFoundException: Could not find a part of the path 'D:\CodeBase\Catapult\trunk\CatapultServices\Tavisca.Catapult.External.ValidationTest\Validation.xml'..</Message>
          <StackTrace>    at System.IO.__Error.WinIOError(Int32 errorCode, String maybeFullPath)
   at System.IO.FileStream.Init(String path, FileMode mode, FileAccess access, Int32 rights, Boolean useRights, FileShare share, Int32 bufferSize, FileOptions options, SECURITY_ATTRIBUTES secAttrs, String msgPath, Boolean bFromProxy, Boolean useLongPath, Boolean checkHost)
   at System.IO.FileStream..ctor(String path, FileMode mode, FileAccess access, FileShare share, Int32 bufferSize)
   at System.Xml.XmlDownloadManager.GetStream(Uri uri, ICredentials credentials, IWebProxy proxy, RequestCachePolicy cachePolicy)
   at System.Xml.XmlUrlResolver.GetEntity(Uri absoluteUri, String role, Type ofObjectToReturn)
   at System.Xml.XmlTextReaderImpl.FinishInitUriString()
   at System.Xml.XmlTextReaderImpl..ctor(String uriStr, XmlReaderSettings settings, XmlParserContext context, XmlResolver uriResolver)
   at System.Xml.XmlReaderSettings.CreateReader(String inputUri, XmlParserContext inputContext)
   at System.Xml.XmlReader.Create(String inputUri, XmlReaderSettings settings, XmlParserContext inputContext)
   at System.Xml.Linq.XDocument.Load(String uri, LoadOptions options)
   at Tavisca.Validation.DynamicXmlParser..ctor(String filePath)
   at Tavisca.Validation.ValidationBuilder.Build(String configFilePath)
   at Tavisca.Validation.Validation.Build(String configurationFilePath)
   at Tavisca.Catapult.External.ValidationTest.ActivityBookingRequestValidationTest.InitializeValidation() in d:\Code\TOM\Catapult\Code\trunk\CatapultServices\Tavisca.Catapult.External.ValidationTest\ActivityBookingRequestValidationTest.cs:line 37
</StackTrace>
        </ErrorInfo>
      </Output>
    </UnitTestResult>
    <UnitTestResult executionId="7c8053fd-6f31-4500-83bd-f99d548f9362" testId="ccbd6fc9-65ae-488d-608d-ccc87ea5109b" testName="ActivityBookingRequestForActivityCodeValueContainsSpaceInValidTest" computerName="PHOENIXX" duration="00:00:00.0006383" startTime="2013-08-09T22:01:52.6123107+05:30" endTime="2013-08-09T22:01:52.6133110+05:30" testType="13cdc9d9-ddb5-4fa4-a97d-d965ccfc6d4b" outcome="Failed" testListId="8c84fa94-04c1-424b-9868-57a2d4851a1d" relativeResultsDirectory="7c8053fd-6f31-4500-83bd-f99d548f9362">
      <Output>
        <ErrorInfo>
          <Message>Initialization method Tavisca.Catapult.External.ValidationTest.ActivityBookingRequestValidationTest.InitializeValidation threw exception. System.IO.DirectoryNotFoundException: System.IO.DirectoryNotFoundException: Could not find a part of the path 'D:\CodeBase\Catapult\trunk\CatapultServices\Tavisca.Catapult.External.ValidationTest\Validation.xml'..</Message>
          <StackTrace>    at System.IO.__Error.WinIOError(Int32 errorCode, String maybeFullPath)
   at System.IO.FileStream.Init(String path, FileMode mode, FileAccess access, Int32 rights, Boolean useRights, FileShare share, Int32 bufferSize, FileOptions options, SECURITY_ATTRIBUTES secAttrs, String msgPath, Boolean bFromProxy, Boolean useLongPath, Boolean checkHost)
   at System.IO.FileStream..ctor(String path, FileMode mode, FileAccess access, FileShare share, Int32 bufferSize)
   at System.Xml.XmlDownloadManager.GetStream(Uri uri, ICredentials credentials, IWebProxy proxy, RequestCachePolicy cachePolicy)
   at System.Xml.XmlUrlResolver.GetEntity(Uri absoluteUri, String role, Type ofObjectToReturn)
   at System.Xml.XmlTextReaderImpl.FinishInitUriString()
   at System.Xml.XmlTextReaderImpl..ctor(String uriStr, XmlReaderSettings settings, XmlParserContext context, XmlResolver uriResolver)
   at System.Xml.XmlReaderSettings.CreateReader(String inputUri, XmlParserContext inputContext)
   at System.Xml.XmlReader.Create(String inputUri, XmlReaderSettings settings, XmlParserContext inputContext)
   at System.Xml.Linq.XDocument.Load(String uri, LoadOptions options)
   at Tavisca.Validation.DynamicXmlParser..ctor(String filePath)
   at Tavisca.Validation.ValidationBuilder.Build(String configFilePath)
   at Tavisca.Validation.Validation.Build(String configurationFilePath)
   at Tavisca.Catapult.External.ValidationTest.ActivityBookingRequestValidationTest.InitializeValidation() in d:\Code\TOM\Catapult\Code\trunk\CatapultServices\Tavisca.Catapult.External.ValidationTest\ActivityBookingRequestValidationTest.cs:line 37
</StackTrace>
        </ErrorInfo>
      </Output>
    </UnitTestResult>
    <UnitTestResult executionId="0b2f8db6-e7b2-461f-85b0-03ba31ebbcfa" testId="ed29bb7b-ef82-bcab-0372-6de483dcd30b" testName="ActivityBookingRequestForOptionCodeValueIsNullInValidTest" computerName="PHOENIXX" duration="00:00:00.0006287" startTime="2013-08-09T22:01:52.6133110+05:30" endTime="2013-08-09T22:01:52.6133110+05:30" testType="13cdc9d9-ddb5-4fa4-a97d-d965ccfc6d4b" outcome="Failed" testListId="8c84fa94-04c1-424b-9868-57a2d4851a1d" relativeResultsDirectory="0b2f8db6-e7b2-461f-85b0-03ba31ebbcfa">
      <Output>
        <ErrorInfo>
          <Message>Initialization method Tavisca.Catapult.External.ValidationTest.ActivityBookingRequestValidationTest.InitializeValidation threw exception. System.IO.DirectoryNotFoundException: System.IO.DirectoryNotFoundException: Could not find a part of the path 'D:\CodeBase\Catapult\trunk\CatapultServices\Tavisca.Catapult.External.ValidationTest\Validation.xml'..</Message>
          <StackTrace>    at System.IO.__Error.WinIOError(Int32 errorCode, String maybeFullPath)
   at System.IO.FileStream.Init(String path, FileMode mode, FileAccess access, Int32 rights, Boolean useRights, FileShare share, Int32 bufferSize, FileOptions options, SECURITY_ATTRIBUTES secAttrs, String msgPath, Boolean bFromProxy, Boolean useLongPath, Boolean checkHost)
   at System.IO.FileStream..ctor(String path, FileMode mode, FileAccess access, FileShare share, Int32 bufferSize)
   at System.Xml.XmlDownloadManager.GetStream(Uri uri, ICredentials credentials, IWebProxy proxy, RequestCachePolicy cachePolicy)
   at System.Xml.XmlUrlResolver.GetEntity(Uri absoluteUri, String role, Type ofObjectToReturn)
   at System.Xml.XmlTextReaderImpl.FinishInitUriString()
   at System.Xml.XmlTextReaderImpl..ctor(String uriStr, XmlReaderSettings settings, XmlParserContext context, XmlResolver uriResolver)
   at System.Xml.XmlReaderSettings.CreateReader(String inputUri, XmlParserContext inputContext)
   at System.Xml.XmlReader.Create(String inputUri, XmlReaderSettings settings, XmlParserContext inputContext)
   at System.Xml.Linq.XDocument.Load(String uri, LoadOptions options)
   at Tavisca.Validation.DynamicXmlParser..ctor(String filePath)
   at Tavisca.Validation.ValidationBuilder.Build(String configFilePath)
   at Tavisca.Validation.Validation.Build(String configurationFilePath)
   at Tavisca.Catapult.External.ValidationTest.ActivityBookingRequestValidationTest.InitializeValidation() in d:\Code\TOM\Catapult\Code\trunk\CatapultServices\Tavisca.Catapult.External.ValidationTest\ActivityBookingRequestValidationTest.cs:line 37
</StackTrace>
        </ErrorInfo>
      </Output>
    </UnitTestResult>
    <UnitTestResult executionId="3c4befc8-935f-4127-b1dd-91f3b7c3b163" testId="2d31d09c-edee-109a-66a0-17565fe6dd7b" testName="ActivityBookingRequestForActivityOptionCodeValueIsEmptyInValidTest" computerName="PHOENIXX" duration="00:00:00.0006569" startTime="2013-08-09T22:01:52.6133110+05:30" endTime="2013-08-09T22:01:52.6143113+05:30" testType="13cdc9d9-ddb5-4fa4-a97d-d965ccfc6d4b" outcome="Failed" testListId="8c84fa94-04c1-424b-9868-57a2d4851a1d" relativeResultsDirectory="3c4befc8-935f-4127-b1dd-91f3b7c3b163">
      <Output>
        <ErrorInfo>
          <Message>Initialization method Tavisca.Catapult.External.ValidationTest.ActivityBookingRequestValidationTest.InitializeValidation threw exception. System.IO.DirectoryNotFoundException: System.IO.DirectoryNotFoundException: Could not find a part of the path 'D:\CodeBase\Catapult\trunk\CatapultServices\Tavisca.Catapult.External.ValidationTest\Validation.xml'..</Message>
          <StackTrace>    at System.IO.__Error.WinIOError(Int32 errorCode, String maybeFullPath)
   at System.IO.FileStream.Init(String path, FileMode mode, FileAccess access, Int32 rights, Boolean useRights, FileShare share, Int32 bufferSize, FileOptions options, SECURITY_ATTRIBUTES secAttrs, String msgPath, Boolean bFromProxy, Boolean useLongPath, Boolean checkHost)
   at System.IO.FileStream..ctor(String path, FileMode mode, FileAccess access, FileShare share, Int32 bufferSize)
   at System.Xml.XmlDownloadManager.GetStream(Uri uri, ICredentials credentials, IWebProxy proxy, RequestCachePolicy cachePolicy)
   at System.Xml.XmlUrlResolver.GetEntity(Uri absoluteUri, String role, Type ofObjectToReturn)
   at System.Xml.XmlTextReaderImpl.FinishInitUriString()
   at System.Xml.XmlTextReaderImpl..ctor(String uriStr, XmlReaderSettings settings, XmlParserContext context, XmlResolver uriResolver)
   at System.Xml.XmlReaderSettings.CreateReader(String inputUri, XmlParserContext inputContext)
   at System.Xml.XmlReader.Create(String inputUri, XmlReaderSettings settings, XmlParserContext inputContext)
   at System.Xml.Linq.XDocument.Load(String uri, LoadOptions options)
   at Tavisca.Validation.DynamicXmlParser..ctor(String filePath)
   at Tavisca.Validation.ValidationBuilder.Build(String configFilePath)
   at Tavisca.Validation.Validation.Build(String configurationFilePath)
   at Tavisca.Catapult.External.ValidationTest.ActivityBookingRequestValidationTest.InitializeValidation() in d:\Code\TOM\Catapult\Code\trunk\CatapultServices\Tavisca.Catapult.External.ValidationTest\ActivityBookingRequestValidationTest.cs:line 37
</StackTrace>
        </ErrorInfo>
      </Output>
    </UnitTestResult>
    <UnitTestResult executionId="c480b17d-ef11-4584-997a-63bf2242f469" testId="7f179fc4-62c9-e07b-9b58-8a6eb84e7dfc" testName="ActivityBookingRequestForOptionCodeValueIsAlphaNumericInValidTest" computerName="PHOENIXX" duration="00:00:00.0007204" startTime="2013-08-09T22:01:52.6143113+05:30" endTime="2013-08-09T22:01:52.6153116+05:30" testType="13cdc9d9-ddb5-4fa4-a97d-d965ccfc6d4b" outcome="Failed" testListId="8c84fa94-04c1-424b-9868-57a2d4851a1d" relativeResultsDirectory="c480b17d-ef11-4584-997a-63bf2242f469">
      <Output>
        <ErrorInfo>
          <Message>Initialization method Tavisca.Catapult.External.ValidationTest.ActivityBookingRequestValidationTest.InitializeValidation threw exception. System.IO.DirectoryNotFoundException: System.IO.DirectoryNotFoundException: Could not find a part of the path 'D:\CodeBase\Catapult\trunk\CatapultServices\Tavisca.Catapult.External.ValidationTest\Validation.xml'..</Message>
          <StackTrace>    at System.IO.__Error.WinIOError(Int32 errorCode, String maybeFullPath)
   at System.IO.FileStream.Init(String path, FileMode mode, FileAccess access, Int32 rights, Boolean useRights, FileShare share, Int32 bufferSize, FileOptions options, SECURITY_ATTRIBUTES secAttrs, String msgPath, Boolean bFromProxy, Boolean useLongPath, Boolean checkHost)
   at System.IO.FileStream..ctor(String path, FileMode mode, FileAccess access, FileShare share, Int32 bufferSize)
   at System.Xml.XmlDownloadManager.GetStream(Uri uri, ICredentials credentials, IWebProxy proxy, RequestCachePolicy cachePolicy)
   at System.Xml.XmlUrlResolver.GetEntity(Uri absoluteUri, String role, Type ofObjectToReturn)
   at System.Xml.XmlTextReaderImpl.FinishInitUriString()
   at System.Xml.XmlTextReaderImpl..ctor(String uriStr, XmlReaderSettings settings, XmlParserContext context, XmlResolver uriResolver)
   at System.Xml.XmlReaderSettings.CreateReader(String inputUri, XmlParserContext inputContext)
   at System.Xml.XmlReader.Create(String inputUri, XmlReaderSettings settings, XmlParserContext inputContext)
   at System.Xml.Linq.XDocument.Load(String uri, LoadOptions options)
   at Tavisca.Validation.DynamicXmlParser..ctor(String filePath)
   at Tavisca.Validation.ValidationBuilder.Build(String configFilePath)
   at Tavisca.Validation.Validation.Build(String configurationFilePath)
   at Tavisca.Catapult.External.ValidationTest.ActivityBookingRequestValidationTest.InitializeValidation() in d:\Code\TOM\Catapult\Code\trunk\CatapultServices\Tavisca.Catapult.External.ValidationTest\ActivityBookingRequestValidationTest.cs:line 37
</StackTrace>
        </ErrorInfo>
      </Output>
    </UnitTestResult>
    <UnitTestResult executionId="b6955465-91f8-439d-8e28-c575d88122d8" testId="e0ce46a3-c34d-d05d-6a38-5d094c78fae4" testName="ActivityBookingRequestForOptionCodeValueContainsSpecialCharInValidTest" computerName="PHOENIXX" duration="00:00:00.0009328" startTime="2013-08-09T22:01:52.6153116+05:30" endTime="2013-08-09T22:01:52.6163119+05:30" testType="13cdc9d9-ddb5-4fa4-a97d-d965ccfc6d4b" outcome="Failed" testListId="8c84fa94-04c1-424b-9868-57a2d4851a1d" relativeResultsDirectory="b6955465-91f8-439d-8e28-c575d88122d8">
      <Output>
        <ErrorInfo>
          <Message>Initialization method Tavisca.Catapult.External.ValidationTest.ActivityBookingRequestValidationTest.InitializeValidation threw exception. System.IO.DirectoryNotFoundException: System.IO.DirectoryNotFoundException: Could not find a part of the path 'D:\CodeBase\Catapult\trunk\CatapultServices\Tavisca.Catapult.External.ValidationTest\Validation.xml'..</Message>
          <StackTrace>    at System.IO.__Error.WinIOError(Int32 errorCode, String maybeFullPath)
   at System.IO.FileStream.Init(String path, FileMode mode, FileAccess access, Int32 rights, Boolean useRights, FileShare share, Int32 bufferSize, FileOptions options, SECURITY_ATTRIBUTES secAttrs, String msgPath, Boolean bFromProxy, Boolean useLongPath, Boolean checkHost)
   at System.IO.FileStream..ctor(String path, FileMode mode, FileAccess access, FileShare share, Int32 bufferSize)
   at System.Xml.XmlDownloadManager.GetStream(Uri uri, ICredentials credentials, IWebProxy proxy, RequestCachePolicy cachePolicy)
   at System.Xml.XmlUrlResolver.GetEntity(Uri absoluteUri, String role, Type ofObjectToReturn)
   at System.Xml.XmlTextReaderImpl.FinishInitUriString()
   at System.Xml.XmlTextReaderImpl..ctor(String uriStr, XmlReaderSettings settings, XmlParserContext context, XmlResolver uriResolver)
   at System.Xml.XmlReaderSettings.CreateReader(String inputUri, XmlParserContext inputContext)
   at System.Xml.XmlReader.Create(String inputUri, XmlReaderSettings settings, XmlParserContext inputContext)
   at System.Xml.Linq.XDocument.Load(String uri, LoadOptions options)
   at Tavisca.Validation.DynamicXmlParser..ctor(String filePath)
   at Tavisca.Validation.ValidationBuilder.Build(String configFilePath)
   at Tavisca.Validation.Validation.Build(String configurationFilePath)
   at Tavisca.Catapult.External.ValidationTest.ActivityBookingRequestValidationTest.InitializeValidation() in d:\Code\TOM\Catapult\Code\trunk\CatapultServices\Tavisca.Catapult.External.ValidationTest\ActivityBookingRequestValidationTest.cs:line 37
</StackTrace>
        </ErrorInfo>
      </Output>
    </UnitTestResult>
    <UnitTestResult executionId="fd0ad1c9-cb3a-44be-b195-bfec92de2843" testId="527cd608-71aa-5aa5-5866-955afbd011ba" testName="ActivityBookingRequestForOptionCodeValueContainsSpaceInValidTest" computerName="PHOENIXX" duration="00:00:00.0009777" startTime="2013-08-09T22:01:52.6163119+05:30" endTime="2013-08-09T22:01:52.6173122+05:30" testType="13cdc9d9-ddb5-4fa4-a97d-d965ccfc6d4b" outcome="Failed" testListId="8c84fa94-04c1-424b-9868-57a2d4851a1d" relativeResultsDirectory="fd0ad1c9-cb3a-44be-b195-bfec92de2843">
      <Output>
        <ErrorInfo>
          <Message>Initialization method Tavisca.Catapult.External.ValidationTest.ActivityBookingRequestValidationTest.InitializeValidation threw exception. System.IO.DirectoryNotFoundException: System.IO.DirectoryNotFoundException: Could not find a part of the path 'D:\CodeBase\Catapult\trunk\CatapultServices\Tavisca.Catapult.External.ValidationTest\Validation.xml'..</Message>
          <StackTrace>    at System.IO.__Error.WinIOError(Int32 errorCode, String maybeFullPath)
   at System.IO.FileStream.Init(String path, FileMode mode, FileAccess access, Int32 rights, Boolean useRights, FileShare share, Int32 bufferSize, FileOptions options, SECURITY_ATTRIBUTES secAttrs, String msgPath, Boolean bFromProxy, Boolean useLongPath, Boolean checkHost)
   at System.IO.FileStream..ctor(String path, FileMode mode, FileAccess access, FileShare share, Int32 bufferSize)
   at System.Xml.XmlDownloadManager.GetStream(Uri uri, ICredentials credentials, IWebProxy proxy, RequestCachePolicy cachePolicy)
   at System.Xml.XmlUrlResolver.GetEntity(Uri absoluteUri, String role, Type ofObjectToReturn)
   at System.Xml.XmlTextReaderImpl.FinishInitUriString()
   at System.Xml.XmlTextReaderImpl..ctor(String uriStr, XmlReaderSettings settings, XmlParserContext context, XmlResolver uriResolver)
   at System.Xml.XmlReaderSettings.CreateReader(String inputUri, XmlParserContext inputContext)
   at System.Xml.XmlReader.Create(String inputUri, XmlReaderSettings settings, XmlParserContext inputContext)
   at System.Xml.Linq.XDocument.Load(String uri, LoadOptions options)
   at Tavisca.Validation.DynamicXmlParser..ctor(String filePath)
   at Tavisca.Validation.ValidationBuilder.Build(String configFilePath)
   at Tavisca.Validation.Validation.Build(String configurationFilePath)
   at Tavisca.Catapult.External.ValidationTest.ActivityBookingRequestValidationTest.InitializeValidation() in d:\Code\TOM\Catapult\Code\trunk\CatapultServices\Tavisca.Catapult.External.ValidationTest\ActivityBookingRequestValidationTest.cs:line 37
</StackTrace>
        </ErrorInfo>
      </Output>
    </UnitTestResult>
    <UnitTestResult executionId="14c0ed35-1f0d-418a-ac82-62cbf35a00a1" testId="871e49fd-27ca-c1cf-6341-5f7ac086a09d" testName="ActivityBookingRequestForRateCodeValueIsNullInValidTest" computerName="PHOENIXX" duration="00:00:00.0009078" startTime="2013-08-09T22:01:52.6173122+05:30" endTime="2013-08-09T22:01:52.6183125+05:30" testType="13cdc9d9-ddb5-4fa4-a97d-d965ccfc6d4b" outcome="Failed" testListId="8c84fa94-04c1-424b-9868-57a2d4851a1d" relativeResultsDirectory="14c0ed35-1f0d-418a-ac82-62cbf35a00a1">
      <Output>
        <ErrorInfo>
          <Message>Initialization method Tavisca.Catapult.External.ValidationTest.ActivityBookingRequestValidationTest.InitializeValidation threw exception. System.IO.DirectoryNotFoundException: System.IO.DirectoryNotFoundException: Could not find a part of the path 'D:\CodeBase\Catapult\trunk\CatapultServices\Tavisca.Catapult.External.ValidationTest\Validation.xml'..</Message>
          <StackTrace>    at System.IO.__Error.WinIOError(Int32 errorCode, String maybeFullPath)
   at System.IO.FileStream.Init(String path, FileMode mode, FileAccess access, Int32 rights, Boolean useRights, FileShare share, Int32 bufferSize, FileOptions options, SECURITY_ATTRIBUTES secAttrs, String msgPath, Boolean bFromProxy, Boolean useLongPath, Boolean checkHost)
   at System.IO.FileStream..ctor(String path, FileMode mode, FileAccess access, FileShare share, Int32 bufferSize)
   at System.Xml.XmlDownloadManager.GetStream(Uri uri, ICredentials credentials, IWebProxy proxy, RequestCachePolicy cachePolicy)
   at System.Xml.XmlUrlResolver.GetEntity(Uri absoluteUri, String role, Type ofObjectToReturn)
   at System.Xml.XmlTextReaderImpl.FinishInitUriString()
   at System.Xml.XmlTextReaderImpl..ctor(String uriStr, XmlReaderSettings settings, XmlParserContext context, XmlResolver uriResolver)
   at System.Xml.XmlReaderSettings.CreateReader(String inputUri, XmlParserContext inputContext)
   at System.Xml.XmlReader.Create(String inputUri, XmlReaderSettings settings, XmlParserContext inputContext)
   at System.Xml.Linq.XDocument.Load(String uri, LoadOptions options)
   at Tavisca.Validation.DynamicXmlParser..ctor(String filePath)
   at Tavisca.Validation.ValidationBuilder.Build(String configFilePath)
   at Tavisca.Validation.Validation.Build(String configurationFilePath)
   at Tavisca.Catapult.External.ValidationTest.ActivityBookingRequestValidationTest.InitializeValidation() in d:\Code\TOM\Catapult\Code\trunk\CatapultServices\Tavisca.Catapult.External.ValidationTest\ActivityBookingRequestValidationTest.cs:line 37
</StackTrace>
        </ErrorInfo>
      </Output>
    </UnitTestResult>
    <UnitTestResult executionId="c7d62605-256c-48a9-ba3d-bf68ddbe0fa6" testId="d732948e-07c8-6f03-c7bb-e58e99e29b19" testName="ActivityBookingRequestForRateCodeValueIsEmptyInValidTest" computerName="PHOENIXX" duration="00:00:00.0009822" startTime="2013-08-09T22:01:52.6183125+05:30" endTime="2013-08-09T22:01:52.6193128+05:30" testType="13cdc9d9-ddb5-4fa4-a97d-d965ccfc6d4b" outcome="Failed" testListId="8c84fa94-04c1-424b-9868-57a2d4851a1d" relativeResultsDirectory="c7d62605-256c-48a9-ba3d-bf68ddbe0fa6">
      <Output>
        <ErrorInfo>
          <Message>Initialization method Tavisca.Catapult.External.ValidationTest.ActivityBookingRequestValidationTest.InitializeValidation threw exception. System.IO.DirectoryNotFoundException: System.IO.DirectoryNotFoundException: Could not find a part of the path 'D:\CodeBase\Catapult\trunk\CatapultServices\Tavisca.Catapult.External.ValidationTest\Validation.xml'..</Message>
          <StackTrace>    at System.IO.__Error.WinIOError(Int32 errorCode, String maybeFullPath)
   at System.IO.FileStream.Init(String path, FileMode mode, FileAccess access, Int32 rights, Boolean useRights, FileShare share, Int32 bufferSize, FileOptions options, SECURITY_ATTRIBUTES secAttrs, String msgPath, Boolean bFromProxy, Boolean useLongPath, Boolean checkHost)
   at System.IO.FileStream..ctor(String path, FileMode mode, FileAccess access, FileShare share, Int32 bufferSize)
   at System.Xml.XmlDownloadManager.GetStream(Uri uri, ICredentials credentials, IWebProxy proxy, RequestCachePolicy cachePolicy)
   at System.Xml.XmlUrlResolver.GetEntity(Uri absoluteUri, String role, Type ofObjectToReturn)
   at System.Xml.XmlTextReaderImpl.FinishInitUriString()
   at System.Xml.XmlTextReaderImpl..ctor(String uriStr, XmlReaderSettings settings, XmlParserContext context, XmlResolver uriResolver)
   at System.Xml.XmlReaderSettings.CreateReader(String inputUri, XmlParserContext inputContext)
   at System.Xml.XmlReader.Create(String inputUri, XmlReaderSettings settings, XmlParserContext inputContext)
   at System.Xml.Linq.XDocument.Load(String uri, LoadOptions options)
   at Tavisca.Validation.DynamicXmlParser..ctor(String filePath)
   at Tavisca.Validation.ValidationBuilder.Build(String configFilePath)
   at Tavisca.Validation.Validation.Build(String configurationFilePath)
   at Tavisca.Catapult.External.ValidationTest.ActivityBookingRequestValidationTest.InitializeValidation() in d:\Code\TOM\Catapult\Code\trunk\CatapultServices\Tavisca.Catapult.External.ValidationTest\ActivityBookingRequestValidationTest.cs:line 37
</StackTrace>
        </ErrorInfo>
      </Output>
    </UnitTestResult>
    <UnitTestResult executionId="2790d4ad-1551-4684-a8a0-7f41844996e3" testId="d8b4f86e-11e3-cf57-8ebf-0f150517ac11" testName="ActivityBookingRequestForRateCodeValueIsAlphaNumericInValidTest" computerName="PHOENIXX" duration="00:00:00.0010630" startTime="2013-08-09T22:01:52.6193128+05:30" endTime="2013-08-09T22:01:52.6213134+05:30" testType="13cdc9d9-ddb5-4fa4-a97d-d965ccfc6d4b" outcome="Failed" testListId="8c84fa94-04c1-424b-9868-57a2d4851a1d" relativeResultsDirectory="2790d4ad-1551-4684-a8a0-7f41844996e3">
      <Output>
        <ErrorInfo>
          <Message>Initialization method Tavisca.Catapult.External.ValidationTest.ActivityBookingRequestValidationTest.InitializeValidation threw exception. System.IO.DirectoryNotFoundException: System.IO.DirectoryNotFoundException: Could not find a part of the path 'D:\CodeBase\Catapult\trunk\CatapultServices\Tavisca.Catapult.External.ValidationTest\Validation.xml'..</Message>
          <StackTrace>    at System.IO.__Error.WinIOError(Int32 errorCode, String maybeFullPath)
   at System.IO.FileStream.Init(String path, FileMode mode, FileAccess access, Int32 rights, Boolean useRights, FileShare share, Int32 bufferSize, FileOptions options, SECURITY_ATTRIBUTES secAttrs, String msgPath, Boolean bFromProxy, Boolean useLongPath, Boolean checkHost)
   at System.IO.FileStream..ctor(String path, FileMode mode, FileAccess access, FileShare share, Int32 bufferSize)
   at System.Xml.XmlDownloadManager.GetStream(Uri uri, ICredentials credentials, IWebProxy proxy, RequestCachePolicy cachePolicy)
   at System.Xml.XmlUrlResolver.GetEntity(Uri absoluteUri, String role, Type ofObjectToReturn)
   at System.Xml.XmlTextReaderImpl.FinishInitUriString()
   at System.Xml.XmlTextReaderImpl..ctor(String uriStr, XmlReaderSettings settings, XmlParserContext context, XmlResolver uriResolver)
   at System.Xml.XmlReaderSettings.CreateReader(String inputUri, XmlParserContext inputContext)
   at System.Xml.XmlReader.Create(String inputUri, XmlReaderSettings settings, XmlParserContext inputContext)
   at System.Xml.Linq.XDocument.Load(String uri, LoadOptions options)
   at Tavisca.Validation.DynamicXmlParser..ctor(String filePath)
   at Tavisca.Validation.ValidationBuilder.Build(String configFilePath)
   at Tavisca.Validation.Validation.Build(String configurationFilePath)
   at Tavisca.Catapult.External.ValidationTest.ActivityBookingRequestValidationTest.InitializeValidation() in d:\Code\TOM\Catapult\Code\trunk\CatapultServices\Tavisca.Catapult.External.ValidationTest\ActivityBookingRequestValidationTest.cs:line 37
</StackTrace>
        </ErrorInfo>
      </Output>
    </UnitTestResult>
    <UnitTestResult executionId="7a3cb8f0-8301-491b-8c6d-5c397528d421" testId="157d8ac7-bb2e-28e8-c978-65290c2d9f3e" testName="ActivityBookingRequestForRateCodeValueContainsSpecialCharInValidTest" computerName="PHOENIXX" duration="00:00:00.0010123" startTime="2013-08-09T22:01:52.6213134+05:30" endTime="2013-08-09T22:01:52.6223137+05:30" testType="13cdc9d9-ddb5-4fa4-a97d-d965ccfc6d4b" outcome="Failed" testListId="8c84fa94-04c1-424b-9868-57a2d4851a1d" relativeResultsDirectory="7a3cb8f0-8301-491b-8c6d-5c397528d421">
      <Output>
        <ErrorInfo>
          <Message>Initialization method Tavisca.Catapult.External.ValidationTest.ActivityBookingRequestValidationTest.InitializeValidation threw exception. System.IO.DirectoryNotFoundException: System.IO.DirectoryNotFoundException: Could not find a part of the path 'D:\CodeBase\Catapult\trunk\CatapultServices\Tavisca.Catapult.External.ValidationTest\Validation.xml'..</Message>
          <StackTrace>    at System.IO.__Error.WinIOError(Int32 errorCode, String maybeFullPath)
   at System.IO.FileStream.Init(String path, FileMode mode, FileAccess access, Int32 rights, Boolean useRights, FileShare share, Int32 bufferSize, FileOptions options, SECURITY_ATTRIBUTES secAttrs, String msgPath, Boolean bFromProxy, Boolean useLongPath, Boolean checkHost)
   at System.IO.FileStream..ctor(String path, FileMode mode, FileAccess access, FileShare share, Int32 bufferSize)
   at System.Xml.XmlDownloadManager.GetStream(Uri uri, ICredentials credentials, IWebProxy proxy, RequestCachePolicy cachePolicy)
   at System.Xml.XmlUrlResolver.GetEntity(Uri absoluteUri, String role, Type ofObjectToReturn)
   at System.Xml.XmlTextReaderImpl.FinishInitUriString()
   at System.Xml.XmlTextReaderImpl..ctor(String uriStr, XmlReaderSettings settings, XmlParserContext context, XmlResolver uriResolver)
   at System.Xml.XmlReaderSettings.CreateReader(String inputUri, XmlParserContext inputContext)
   at System.Xml.XmlReader.Create(String inputUri, XmlReaderSettings settings, XmlParserContext inputContext)
   at System.Xml.Linq.XDocument.Load(String uri, LoadOptions options)
   at Tavisca.Validation.DynamicXmlParser..ctor(String filePath)
   at Tavisca.Validation.ValidationBuilder.Build(String configFilePath)
   at Tavisca.Validation.Validation.Build(String configurationFilePath)
   at Tavisca.Catapult.External.ValidationTest.ActivityBookingRequestValidationTest.InitializeValidation() in d:\Code\TOM\Catapult\Code\trunk\CatapultServices\Tavisca.Catapult.External.ValidationTest\ActivityBookingRequestValidationTest.cs:line 37
</StackTrace>
        </ErrorInfo>
      </Output>
    </UnitTestResult>
    <UnitTestResult executionId="03223b2e-55c6-4d57-b8af-bd5e34a3fa12" testId="e2d53823-cd88-2f8c-3915-87b102405af1" testName="ActivityBookingRequestForRateCodeValueContainsSpaceInValidTest" computerName="PHOENIXX" duration="00:00:00.0009456" startTime="2013-08-09T22:01:52.6223137+05:30" endTime="2013-08-09T22:01:52.6233140+05:30" testType="13cdc9d9-ddb5-4fa4-a97d-d965ccfc6d4b" outcome="Failed" testListId="8c84fa94-04c1-424b-9868-57a2d4851a1d" relativeResultsDirectory="03223b2e-55c6-4d57-b8af-bd5e34a3fa12">
      <Output>
        <ErrorInfo>
          <Message>Initialization method Tavisca.Catapult.External.ValidationTest.ActivityBookingRequestValidationTest.InitializeValidation threw exception. System.IO.DirectoryNotFoundException: System.IO.DirectoryNotFoundException: Could not find a part of the path 'D:\CodeBase\Catapult\trunk\CatapultServices\Tavisca.Catapult.External.ValidationTest\Validation.xml'..</Message>
          <StackTrace>    at System.IO.__Error.WinIOError(Int32 errorCode, String maybeFullPath)
   at System.IO.FileStream.Init(String path, FileMode mode, FileAccess access, Int32 rights, Boolean useRights, FileShare share, Int32 bufferSize, FileOptions options, SECURITY_ATTRIBUTES secAttrs, String msgPath, Boolean bFromProxy, Boolean useLongPath, Boolean checkHost)
   at System.IO.FileStream..ctor(String path, FileMode mode, FileAccess access, FileShare share, Int32 bufferSize)
   at System.Xml.XmlDownloadManager.GetStream(Uri uri, ICredentials credentials, IWebProxy proxy, RequestCachePolicy cachePolicy)
   at System.Xml.XmlUrlResolver.GetEntity(Uri absoluteUri, String role, Type ofObjectToReturn)
   at System.Xml.XmlTextReaderImpl.FinishInitUriString()
   at System.Xml.XmlTextReaderImpl..ctor(String uriStr, XmlReaderSettings settings, XmlParserContext context, XmlResolver uriResolver)
   at System.Xml.XmlReaderSettings.CreateReader(String inputUri, XmlParserContext inputContext)
   at System.Xml.XmlReader.Create(String inputUri, XmlReaderSettings settings, XmlParserContext inputContext)
   at System.Xml.Linq.XDocument.Load(String uri, LoadOptions options)
   at Tavisca.Validation.DynamicXmlParser..ctor(String filePath)
   at Tavisca.Validation.ValidationBuilder.Build(String configFilePath)
   at Tavisca.Validation.Validation.Build(String configurationFilePath)
   at Tavisca.Catapult.External.ValidationTest.ActivityBookingRequestValidationTest.InitializeValidation() in d:\Code\TOM\Catapult\Code\trunk\CatapultServices\Tavisca.Catapult.External.ValidationTest\ActivityBookingRequestValidationTest.cs:line 37
</StackTrace>
        </ErrorInfo>
      </Output>
    </UnitTestResult>
    <UnitTestResult executionId="57667edf-7d34-41cc-8611-10f45eb5a769" testId="a05a3e03-a5b1-87b4-6c64-4a862bf32fa7" testName="ActivityBookingRequestForSelectedDateValidTest" computerName="PHOENIXX" duration="00:00:00.0010470" startTime="2013-08-09T22:01:52.6233140+05:30" endTime="2013-08-09T22:01:52.6243143+05:30" testType="13cdc9d9-ddb5-4fa4-a97d-d965ccfc6d4b" outcome="Failed" testListId="8c84fa94-04c1-424b-9868-57a2d4851a1d" relativeResultsDirectory="57667edf-7d34-41cc-8611-10f45eb5a769">
      <Output>
        <ErrorInfo>
          <Message>Initialization method Tavisca.Catapult.External.ValidationTest.ActivityBookingRequestValidationTest.InitializeValidation threw exception. System.IO.DirectoryNotFoundException: System.IO.DirectoryNotFoundException: Could not find a part of the path 'D:\CodeBase\Catapult\trunk\CatapultServices\Tavisca.Catapult.External.ValidationTest\Validation.xml'..</Message>
          <StackTrace>    at System.IO.__Error.WinIOError(Int32 errorCode, String maybeFullPath)
   at System.IO.FileStream.Init(String path, FileMode mode, FileAccess access, Int32 rights, Boolean useRights, FileShare share, Int32 bufferSize, FileOptions options, SECURITY_ATTRIBUTES secAttrs, String msgPath, Boolean bFromProxy, Boolean useLongPath, Boolean checkHost)
   at System.IO.FileStream..ctor(String path, FileMode mode, FileAccess access, FileShare share, Int32 bufferSize)
   at System.Xml.XmlDownloadManager.GetStream(Uri uri, ICredentials credentials, IWebProxy proxy, RequestCachePolicy cachePolicy)
   at System.Xml.XmlUrlResolver.GetEntity(Uri absoluteUri, String role, Type ofObjectToReturn)
   at System.Xml.XmlTextReaderImpl.FinishInitUriString()
   at System.Xml.XmlTextReaderImpl..ctor(String uriStr, XmlReaderSettings settings, XmlParserContext context, XmlResolver uriResolver)
   at System.Xml.XmlReaderSettings.CreateReader(String inputUri, XmlParserContext inputContext)
   at System.Xml.XmlReader.Create(String inputUri, XmlReaderSettings settings, XmlParserContext inputContext)
   at System.Xml.Linq.XDocument.Load(String uri, LoadOptions options)
   at Tavisca.Validation.DynamicXmlParser..ctor(String filePath)
   at Tavisca.Validation.ValidationBuilder.Build(String configFilePath)
   at Tavisca.Validation.Validation.Build(String configurationFilePath)
   at Tavisca.Catapult.External.ValidationTest.ActivityBookingRequestValidationTest.InitializeValidation() in d:\Code\TOM\Catapult\Code\trunk\CatapultServices\Tavisca.Catapult.External.ValidationTest\ActivityBookingRequestValidationTest.cs:line 37
</StackTrace>
        </ErrorInfo>
      </Output>
    </UnitTestResult>
    <UnitTestResult executionId="3fc6f08b-a2c8-41d6-8d62-661086f4fbc7" testId="0a8f2485-1693-3ed9-74ac-bdea07d7f12e" testName="ActivityBookingRequestForSelectedDateDateLessThanTodaysDateInValidTest" computerName="PHOENIXX" duration="00:00:00.0009918" startTime="2013-08-09T22:01:52.6243143+05:30" endTime="2013-08-09T22:01:52.6253146+05:30" testType="13cdc9d9-ddb5-4fa4-a97d-d965ccfc6d4b" outcome="Failed" testListId="8c84fa94-04c1-424b-9868-57a2d4851a1d" relativeResultsDirectory="3fc6f08b-a2c8-41d6-8d62-661086f4fbc7">
      <Output>
        <ErrorInfo>
          <Message>Initialization method Tavisca.Catapult.External.ValidationTest.ActivityBookingRequestValidationTest.InitializeValidation threw exception. System.IO.DirectoryNotFoundException: System.IO.DirectoryNotFoundException: Could not find a part of the path 'D:\CodeBase\Catapult\trunk\CatapultServices\Tavisca.Catapult.External.ValidationTest\Validation.xml'..</Message>
          <StackTrace>    at System.IO.__Error.WinIOError(Int32 errorCode, String maybeFullPath)
   at System.IO.FileStream.Init(String path, FileMode mode, FileAccess access, Int32 rights, Boolean useRights, FileShare share, Int32 bufferSize, FileOptions options, SECURITY_ATTRIBUTES secAttrs, String msgPath, Boolean bFromProxy, Boolean useLongPath, Boolean checkHost)
   at System.IO.FileStream..ctor(String path, FileMode mode, FileAccess access, FileShare share, Int32 bufferSize)
   at System.Xml.XmlDownloadManager.GetStream(Uri uri, ICredentials credentials, IWebProxy proxy, RequestCachePolicy cachePolicy)
   at System.Xml.XmlUrlResolver.GetEntity(Uri absoluteUri, String role, Type ofObjectToReturn)
   at System.Xml.XmlTextReaderImpl.FinishInitUriString()
   at System.Xml.XmlTextReaderImpl..ctor(String uriStr, XmlReaderSettings settings, XmlParserContext context, XmlResolver uriResolver)
   at System.Xml.XmlReaderSettings.CreateReader(String inputUri, XmlParserContext inputContext)
   at System.Xml.XmlReader.Create(String inputUri, XmlReaderSettings settings, XmlParserContext inputContext)
   at System.Xml.Linq.XDocument.Load(String uri, LoadOptions options)
   at Tavisca.Validation.DynamicXmlParser..ctor(String filePath)
   at Tavisca.Validation.ValidationBuilder.Build(String configFilePath)
   at Tavisca.Validation.Validation.Build(String configurationFilePath)
   at Tavisca.Catapult.External.ValidationTest.ActivityBookingRequestValidationTest.InitializeValidation() in d:\Code\TOM\Catapult\Code\trunk\CatapultServices\Tavisca.Catapult.External.ValidationTest\ActivityBookingRequestValidationTest.cs:line 37
</StackTrace>
        </ErrorInfo>
      </Output>
    </UnitTestResult>
    <UnitTestResult executionId="46811dda-09e9-4fe7-b5b3-aeee78e12c75" testId="22e8d756-8494-cc8e-7443-2b6851d54028" testName="ActivityBookingRequestForSelectedDateDateOneYearAdvanceCheckInInValidTest" computerName="PHOENIXX" duration="00:00:00.0009822" startTime="2013-08-09T22:01:52.6253146+05:30" endTime="2013-08-09T22:01:52.6273152+05:30" testType="13cdc9d9-ddb5-4fa4-a97d-d965ccfc6d4b" outcome="Failed" testListId="8c84fa94-04c1-424b-9868-57a2d4851a1d" relativeResultsDirectory="46811dda-09e9-4fe7-b5b3-aeee78e12c75">
      <Output>
        <ErrorInfo>
          <Message>Initialization method Tavisca.Catapult.External.ValidationTest.ActivityBookingRequestValidationTest.InitializeValidation threw exception. System.IO.DirectoryNotFoundException: System.IO.DirectoryNotFoundException: Could not find a part of the path 'D:\CodeBase\Catapult\trunk\CatapultServices\Tavisca.Catapult.External.ValidationTest\Validation.xml'..</Message>
          <StackTrace>    at System.IO.__Error.WinIOError(Int32 errorCode, String maybeFullPath)
   at System.IO.FileStream.Init(String path, FileMode mode, FileAccess access, Int32 rights, Boolean useRights, FileShare share, Int32 bufferSize, FileOptions options, SECURITY_ATTRIBUTES secAttrs, String msgPath, Boolean bFromProxy, Boolean useLongPath, Boolean checkHost)
   at System.IO.FileStream..ctor(String path, FileMode mode, FileAccess access, FileShare share, Int32 bufferSize)
   at System.Xml.XmlDownloadManager.GetStream(Uri uri, ICredentials credentials, IWebProxy proxy, RequestCachePolicy cachePolicy)
   at System.Xml.XmlUrlResolver.GetEntity(Uri absoluteUri, String role, Type ofObjectToReturn)
   at System.Xml.XmlTextReaderImpl.FinishInitUriString()
   at System.Xml.XmlTextReaderImpl..ctor(String uriStr, XmlReaderSettings settings, XmlParserContext context, XmlResolver uriResolver)
   at System.Xml.XmlReaderSettings.CreateReader(String inputUri, XmlParserContext inputContext)
   at System.Xml.XmlReader.Create(String inputUri, XmlReaderSettings settings, XmlParserContext inputContext)
   at System.Xml.Linq.XDocument.Load(String uri, LoadOptions options)
   at Tavisca.Validation.DynamicXmlParser..ctor(String filePath)
   at Tavisca.Validation.ValidationBuilder.Build(String configFilePath)
   at Tavisca.Validation.Validation.Build(String configurationFilePath)
   at Tavisca.Catapult.External.ValidationTest.ActivityBookingRequestValidationTest.InitializeValidation() in d:\Code\TOM\Catapult\Code\trunk\CatapultServices\Tavisca.Catapult.External.ValidationTest\ActivityBookingRequestValidationTest.cs:line 37
</StackTrace>
        </ErrorInfo>
      </Output>
    </UnitTestResult>
    <UnitTestResult executionId="2565f93e-41d4-44d4-b436-fbc816330260" testId="45c48725-8109-9918-6ef4-f72e8a81ef47" testName="ActivityBookingRequestForGuestInformationInformationValueIsNullInValidTest" computerName="PHOENIXX" duration="00:00:00.0010900" startTime="2013-08-09T22:01:52.6273152+05:30" endTime="2013-08-09T22:01:52.6283155+05:30" testType="13cdc9d9-ddb5-4fa4-a97d-d965ccfc6d4b" outcome="Failed" testListId="8c84fa94-04c1-424b-9868-57a2d4851a1d" relativeResultsDirectory="2565f93e-41d4-44d4-b436-fbc816330260">
      <Output>
        <ErrorInfo>
          <Message>Initialization method Tavisca.Catapult.External.ValidationTest.ActivityBookingRequestValidationTest.InitializeValidation threw exception. System.IO.DirectoryNotFoundException: System.IO.DirectoryNotFoundException: Could not find a part of the path 'D:\CodeBase\Catapult\trunk\CatapultServices\Tavisca.Catapult.External.ValidationTest\Validation.xml'..</Message>
          <StackTrace>    at System.IO.__Error.WinIOError(Int32 errorCode, String maybeFullPath)
   at System.IO.FileStream.Init(String path, FileMode mode, FileAccess access, Int32 rights, Boolean useRights, FileShare share, Int32 bufferSize, FileOptions options, SECURITY_ATTRIBUTES secAttrs, String msgPath, Boolean bFromProxy, Boolean useLongPath, Boolean checkHost)
   at System.IO.FileStream..ctor(String path, FileMode mode, FileAccess access, FileShare share, Int32 bufferSize)
   at System.Xml.XmlDownloadManager.GetStream(Uri uri, ICredentials credentials, IWebProxy proxy, RequestCachePolicy cachePolicy)
   at System.Xml.XmlUrlResolver.GetEntity(Uri absoluteUri, String role, Type ofObjectToReturn)
   at System.Xml.XmlTextReaderImpl.FinishInitUriString()
   at System.Xml.XmlTextReaderImpl..ctor(String uriStr, XmlReaderSettings settings, XmlParserContext context, XmlResolver uriResolver)
   at System.Xml.XmlReaderSettings.CreateReader(String inputUri, XmlParserContext inputContext)
   at System.Xml.XmlReader.Create(String inputUri, XmlReaderSettings settings, XmlParserContext inputContext)
   at System.Xml.Linq.XDocument.Load(String uri, LoadOptions options)
   at Tavisca.Validation.DynamicXmlParser..ctor(String filePath)
   at Tavisca.Validation.ValidationBuilder.Build(String configFilePath)
   at Tavisca.Validation.Validation.Build(String configurationFilePath)
   at Tavisca.Catapult.External.ValidationTest.ActivityBookingRequestValidationTest.InitializeValidation() in d:\Code\TOM\Catapult\Code\trunk\CatapultServices\Tavisca.Catapult.External.ValidationTest\ActivityBookingRequestValidationTest.cs:line 37
</StackTrace>
        </ErrorInfo>
      </Output>
    </UnitTestResult>
    <UnitTestResult executionId="f16c34f2-4490-4e6f-87d4-5f9e1a39309d" testId="61324d45-5ce7-bd9a-bc84-17152bafee1e" testName="ActivityBookingRequestForPassengerListIsNullInValidTest" computerName="PHOENIXX" duration="00:00:00.0010098" startTime="2013-08-09T22:01:52.6283155+05:30" endTime="2013-08-09T22:01:52.6293158+05:30" testType="13cdc9d9-ddb5-4fa4-a97d-d965ccfc6d4b" outcome="Failed" testListId="8c84fa94-04c1-424b-9868-57a2d4851a1d" relativeResultsDirectory="f16c34f2-4490-4e6f-87d4-5f9e1a39309d">
      <Output>
        <ErrorInfo>
          <Message>Initialization method Tavisca.Catapult.External.ValidationTest.ActivityBookingRequestValidationTest.InitializeValidation threw exception. System.IO.DirectoryNotFoundException: System.IO.DirectoryNotFoundException: Could not find a part of the path 'D:\CodeBase\Catapult\trunk\CatapultServices\Tavisca.Catapult.External.ValidationTest\Validation.xml'..</Message>
          <StackTrace>    at System.IO.__Error.WinIOError(Int32 errorCode, String maybeFullPath)
   at System.IO.FileStream.Init(String path, FileMode mode, FileAccess access, Int32 rights, Boolean useRights, FileShare share, Int32 bufferSize, FileOptions options, SECURITY_ATTRIBUTES secAttrs, String msgPath, Boolean bFromProxy, Boolean useLongPath, Boolean checkHost)
   at System.IO.FileStream..ctor(String path, FileMode mode, FileAccess access, FileShare share, Int32 bufferSize)
   at System.Xml.XmlDownloadManager.GetStream(Uri uri, ICredentials credentials, IWebProxy proxy, RequestCachePolicy cachePolicy)
   at System.Xml.XmlUrlResolver.GetEntity(Uri absoluteUri, String role, Type ofObjectToReturn)
   at System.Xml.XmlTextReaderImpl.FinishInitUriString()
   at System.Xml.XmlTextReaderImpl..ctor(String uriStr, XmlReaderSettings settings, XmlParserContext context, XmlResolver uriResolver)
   at System.Xml.XmlReaderSettings.CreateReader(String inputUri, XmlParserContext inputContext)
   at System.Xml.XmlReader.Create(String inputUri, XmlReaderSettings settings, XmlParserContext inputContext)
   at System.Xml.Linq.XDocument.Load(String uri, LoadOptions options)
   at Tavisca.Validation.DynamicXmlParser..ctor(String filePath)
   at Tavisca.Validation.ValidationBuilder.Build(String configFilePath)
   at Tavisca.Validation.Validation.Build(String configurationFilePath)
   at Tavisca.Catapult.External.ValidationTest.ActivityBookingRequestValidationTest.InitializeValidation() in d:\Code\TOM\Catapult\Code\trunk\CatapultServices\Tavisca.Catapult.External.ValidationTest\ActivityBookingRequestValidationTest.cs:line 37
</StackTrace>
        </ErrorInfo>
      </Output>
    </UnitTestResult>
    <UnitTestResult executionId="5825d5e0-a50b-47d5-8468-58e9438061a2" testId="a2d3da06-a54b-29e8-a730-37b8587059bd" testName="ActivityBookingRequestForPassengerListIsEmptyInValidTest" computerName="PHOENIXX" duration="00:00:00.0009783" startTime="2013-08-09T22:01:52.6293158+05:30" endTime="2013-08-09T22:01:52.6303161+05:30" testType="13cdc9d9-ddb5-4fa4-a97d-d965ccfc6d4b" outcome="Failed" testListId="8c84fa94-04c1-424b-9868-57a2d4851a1d" relativeResultsDirectory="5825d5e0-a50b-47d5-8468-58e9438061a2">
      <Output>
        <ErrorInfo>
          <Message>Initialization method Tavisca.Catapult.External.ValidationTest.ActivityBookingRequestValidationTest.InitializeValidation threw exception. System.IO.DirectoryNotFoundException: System.IO.DirectoryNotFoundException: Could not find a part of the path 'D:\CodeBase\Catapult\trunk\CatapultServices\Tavisca.Catapult.External.ValidationTest\Validation.xml'..</Message>
          <StackTrace>    at System.IO.__Error.WinIOError(Int32 errorCode, String maybeFullPath)
   at System.IO.FileStream.Init(String path, FileMode mode, FileAccess access, Int32 rights, Boolean useRights, FileShare share, Int32 bufferSize, FileOptions options, SECURITY_ATTRIBUTES secAttrs, String msgPath, Boolean bFromProxy, Boolean useLongPath, Boolean checkHost)
   at System.IO.FileStream..ctor(String path, FileMode mode, FileAccess access, FileShare share, Int32 bufferSize)
   at System.Xml.XmlDownloadManager.GetStream(Uri uri, ICredentials credentials, IWebProxy proxy, RequestCachePolicy cachePolicy)
   at System.Xml.XmlUrlResolver.GetEntity(Uri absoluteUri, String role, Type ofObjectToReturn)
   at System.Xml.XmlTextReaderImpl.FinishInitUriString()
   at System.Xml.XmlTextReaderImpl..ctor(String uriStr, XmlReaderSettings settings, XmlParserContext context, XmlResolver uriResolver)
   at System.Xml.XmlReaderSettings.CreateReader(String inputUri, XmlParserContext inputContext)
   at System.Xml.XmlReader.Create(String inputUri, XmlReaderSettings settings, XmlParserContext inputContext)
   at System.Xml.Linq.XDocument.Load(String uri, LoadOptions options)
   at Tavisca.Validation.DynamicXmlParser..ctor(String filePath)
   at Tavisca.Validation.ValidationBuilder.Build(String configFilePath)
   at Tavisca.Validation.Validation.Build(String configurationFilePath)
   at Tavisca.Catapult.External.ValidationTest.ActivityBookingRequestValidationTest.InitializeValidation() in d:\Code\TOM\Catapult\Code\trunk\CatapultServices\Tavisca.Catapult.External.ValidationTest\ActivityBookingRequestValidationTest.cs:line 37
</StackTrace>
        </ErrorInfo>
      </Output>
    </UnitTestResult>
    <UnitTestResult executionId="a021d0d1-f1cf-4c5e-a714-ae11cbec9b2b" testId="c68516c1-ae0f-3180-6fc0-c4732df5e3df" testName="ActivityBookingUpdateRequestValidTest" computerName="PHOENIXX" duration="00:00:00.0012805" startTime="2013-08-09T22:01:52.6303161+05:30" endTime="2013-08-09T22:01:52.6323167+05:30" testType="13cdc9d9-ddb5-4fa4-a97d-d965ccfc6d4b" outcome="Failed" testListId="8c84fa94-04c1-424b-9868-57a2d4851a1d" relativeResultsDirectory="a021d0d1-f1cf-4c5e-a714-ae11cbec9b2b">
      <Output>
        <ErrorInfo>
          <Message>Initialization method Tavisca.Catapult.External.ValidationTest.ActivityBookingUpdateRequestValidationTest.InitializeValidation threw exception. System.IO.DirectoryNotFoundException: System.IO.DirectoryNotFoundException: Could not find a part of the path 'D:\CodeBase\Catapult\trunk\CatapultServices\Tavisca.Catapult.External.ValidationTest\Validation.xml'..</Message>
          <StackTrace>    at System.IO.__Error.WinIOError(Int32 errorCode, String maybeFullPath)
   at System.IO.FileStream.Init(String path, FileMode mode, FileAccess access, Int32 rights, Boolean useRights, FileShare share, Int32 bufferSize, FileOptions options, SECURITY_ATTRIBUTES secAttrs, String msgPath, Boolean bFromProxy, Boolean useLongPath, Boolean checkHost)
   at System.IO.FileStream..ctor(String path, FileMode mode, FileAccess access, FileShare share, Int32 bufferSize)
   at System.Xml.XmlDownloadManager.GetStream(Uri uri, ICredentials credentials, IWebProxy proxy, RequestCachePolicy cachePolicy)
   at System.Xml.XmlUrlResolver.GetEntity(Uri absoluteUri, String role, Type ofObjectToReturn)
   at System.Xml.XmlTextReaderImpl.FinishInitUriString()
   at System.Xml.XmlTextReaderImpl..ctor(String uriStr, XmlReaderSettings settings, XmlParserContext context, XmlResolver uriResolver)
   at System.Xml.XmlReaderSettings.CreateReader(String inputUri, XmlParserContext inputContext)
   at System.Xml.XmlReader.Create(String inputUri, XmlReaderSettings settings, XmlParserContext inputContext)
   at System.Xml.Linq.XDocument.Load(String uri, LoadOptions options)
   at Tavisca.Validation.DynamicXmlParser..ctor(String filePath)
   at Tavisca.Validation.ValidationBuilder.Build(String configFilePath)
   at Tavisca.Validation.Validation.Build(String configurationFilePath)
   at Tavisca.Catapult.External.ValidationTest.ActivityBookingUpdateRequestValidationTest.InitializeValidation() in d:\Code\TOM\Catapult\Code\trunk\CatapultServices\Tavisca.Catapult.External.ValidationTest\ActivityBookingUpdateRequestValidationTest.cs:line 35
</StackTrace>
        </ErrorInfo>
      </Output>
    </UnitTestResult>
    <UnitTestResult executionId="204d5c8d-475e-485d-b345-ce6c605e283e" testId="5830bedc-e9c6-1877-3d52-b19fc69bf409" testName="ActivityBookingUpdateRequestForOrderCodeValueIsNullInValidTest" computerName="PHOENIXX" duration="00:00:00.0009899" startTime="2013-08-09T22:01:52.6323167+05:30" endTime="2013-08-09T22:01:52.6333170+05:30" testType="13cdc9d9-ddb5-4fa4-a97d-d965ccfc6d4b" outcome="Failed" testListId="8c84fa94-04c1-424b-9868-57a2d4851a1d" relativeResultsDirectory="204d5c8d-475e-485d-b345-ce6c605e283e">
      <Output>
        <ErrorInfo>
          <Message>Initialization method Tavisca.Catapult.External.ValidationTest.ActivityBookingUpdateRequestValidationTest.InitializeValidation threw exception. System.IO.DirectoryNotFoundException: System.IO.DirectoryNotFoundException: Could not find a part of the path 'D:\CodeBase\Catapult\trunk\CatapultServices\Tavisca.Catapult.External.ValidationTest\Validation.xml'..</Message>
          <StackTrace>    at System.IO.__Error.WinIOError(Int32 errorCode, String maybeFullPath)
   at System.IO.FileStream.Init(String path, FileMode mode, FileAccess access, Int32 rights, Boolean useRights, FileShare share, Int32 bufferSize, FileOptions options, SECURITY_ATTRIBUTES secAttrs, String msgPath, Boolean bFromProxy, Boolean useLongPath, Boolean checkHost)
   at System.IO.FileStream..ctor(String path, FileMode mode, FileAccess access, FileShare share, Int32 bufferSize)
   at System.Xml.XmlDownloadManager.GetStream(Uri uri, ICredentials credentials, IWebProxy proxy, RequestCachePolicy cachePolicy)
   at System.Xml.XmlUrlResolver.GetEntity(Uri absoluteUri, String role, Type ofObjectToReturn)
   at System.Xml.XmlTextReaderImpl.FinishInitUriString()
   at System.Xml.XmlTextReaderImpl..ctor(String uriStr, XmlReaderSettings settings, XmlParserContext context, XmlResolver uriResolver)
   at System.Xml.XmlReaderSettings.CreateReader(String inputUri, XmlParserContext inputContext)
   at System.Xml.XmlReader.Create(String inputUri, XmlReaderSettings settings, XmlParserContext inputContext)
   at System.Xml.Linq.XDocument.Load(String uri, LoadOptions options)
   at Tavisca.Validation.DynamicXmlParser..ctor(String filePath)
   at Tavisca.Validation.ValidationBuilder.Build(String configFilePath)
   at Tavisca.Validation.Validation.Build(String configurationFilePath)
   at Tavisca.Catapult.External.ValidationTest.ActivityBookingUpdateRequestValidationTest.InitializeValidation() in d:\Code\TOM\Catapult\Code\trunk\CatapultServices\Tavisca.Catapult.External.ValidationTest\ActivityBookingUpdateRequestValidationTest.cs:line 35
</StackTrace>
        </ErrorInfo>
      </Output>
    </UnitTestResult>
    <UnitTestResult executionId="01b6f101-fdb7-4189-8409-456e83db8ac8" testId="087824c9-3c32-2027-4bb0-0d050ccd5cb6" testName="ActivityBookingUpdateRequestForOrderCodeValueIsEmptyInValidTest" computerName="PHOENIXX" duration="00:00:00.0009443" startTime="2013-08-09T22:01:52.6333170+05:30" endTime="2013-08-09T22:01:52.6343173+05:30" testType="13cdc9d9-ddb5-4fa4-a97d-d965ccfc6d4b" outcome="Failed" testListId="8c84fa94-04c1-424b-9868-57a2d4851a1d" relativeResultsDirectory="01b6f101-fdb7-4189-8409-456e83db8ac8">
      <Output>
        <ErrorInfo>
          <Message>Initialization method Tavisca.Catapult.External.ValidationTest.ActivityBookingUpdateRequestValidationTest.InitializeValidation threw exception. System.IO.DirectoryNotFoundException: System.IO.DirectoryNotFoundException: Could not find a part of the path 'D:\CodeBase\Catapult\trunk\CatapultServices\Tavisca.Catapult.External.ValidationTest\Validation.xml'..</Message>
          <StackTrace>    at System.IO.__Error.WinIOError(Int32 errorCode, String maybeFullPath)
   at System.IO.FileStream.Init(String path, FileMode mode, FileAccess access, Int32 rights, Boolean useRights, FileShare share, Int32 bufferSize, FileOptions options, SECURITY_ATTRIBUTES secAttrs, String msgPath, Boolean bFromProxy, Boolean useLongPath, Boolean checkHost)
   at System.IO.FileStream..ctor(String path, FileMode mode, FileAccess access, FileShare share, Int32 bufferSize)
   at System.Xml.XmlDownloadManager.GetStream(Uri uri, ICredentials credentials, IWebProxy proxy, RequestCachePolicy cachePolicy)
   at System.Xml.XmlUrlResolver.GetEntity(Uri absoluteUri, String role, Type ofObjectToReturn)
   at System.Xml.XmlTextReaderImpl.FinishInitUriString()
   at System.Xml.XmlTextReaderImpl..ctor(String uriStr, XmlReaderSettings settings, XmlParserContext context, XmlResolver uriResolver)
   at System.Xml.XmlReaderSettings.CreateReader(String inputUri, XmlParserContext inputContext)
   at System.Xml.XmlReader.Create(String inputUri, XmlReaderSettings settings, XmlParserContext inputContext)
   at System.Xml.Linq.XDocument.Load(String uri, LoadOptions options)
   at Tavisca.Validation.DynamicXmlParser..ctor(String filePath)
   at Tavisca.Validation.ValidationBuilder.Build(String configFilePath)
   at Tavisca.Validation.Validation.Build(String configurationFilePath)
   at Tavisca.Catapult.External.ValidationTest.ActivityBookingUpdateRequestValidationTest.InitializeValidation() in d:\Code\TOM\Catapult\Code\trunk\CatapultServices\Tavisca.Catapult.External.ValidationTest\ActivityBookingUpdateRequestValidationTest.cs:line 35
</StackTrace>
        </ErrorInfo>
      </Output>
    </UnitTestResult>
    <UnitTestResult executionId="ff6d84f3-b816-4fde-92b7-ccd10ba62dbd" testId="c6b8d6fe-268c-8aa8-a250-912e6e837836" testName="ActivityBookingUpdateRequestForOrderCodeValueIsAlphaNumericInValidTest" computerName="PHOENIXX" duration="00:00:00.0010008" startTime="2013-08-09T22:01:52.6343173+05:30" endTime="2013-08-09T22:01:52.6353176+05:30" testType="13cdc9d9-ddb5-4fa4-a97d-d965ccfc6d4b" outcome="Failed" testListId="8c84fa94-04c1-424b-9868-57a2d4851a1d" relativeResultsDirectory="ff6d84f3-b816-4fde-92b7-ccd10ba62dbd">
      <Output>
        <ErrorInfo>
          <Message>Initialization method Tavisca.Catapult.External.ValidationTest.ActivityBookingUpdateRequestValidationTest.InitializeValidation threw exception. System.IO.DirectoryNotFoundException: System.IO.DirectoryNotFoundException: Could not find a part of the path 'D:\CodeBase\Catapult\trunk\CatapultServices\Tavisca.Catapult.External.ValidationTest\Validation.xml'..</Message>
          <StackTrace>    at System.IO.__Error.WinIOError(Int32 errorCode, String maybeFullPath)
   at System.IO.FileStream.Init(String path, FileMode mode, FileAccess access, Int32 rights, Boolean useRights, FileShare share, Int32 bufferSize, FileOptions options, SECURITY_ATTRIBUTES secAttrs, String msgPath, Boolean bFromProxy, Boolean useLongPath, Boolean checkHost)
   at System.IO.FileStream..ctor(String path, FileMode mode, FileAccess access, FileShare share, Int32 bufferSize)
   at System.Xml.XmlDownloadManager.GetStream(Uri uri, ICredentials credentials, IWebProxy proxy, RequestCachePolicy cachePolicy)
   at System.Xml.XmlUrlResolver.GetEntity(Uri absoluteUri, String role, Type ofObjectToReturn)
   at System.Xml.XmlTextReaderImpl.FinishInitUriString()
   at System.Xml.XmlTextReaderImpl..ctor(String uriStr, XmlReaderSettings settings, XmlParserContext context, XmlResolver uriResolver)
   at System.Xml.XmlReaderSettings.CreateReader(String inputUri, XmlParserContext inputContext)
   at System.Xml.XmlReader.Create(String inputUri, XmlReaderSettings settings, XmlParserContext inputContext)
   at System.Xml.Linq.XDocument.Load(String uri, LoadOptions options)
   at Tavisca.Validation.DynamicXmlParser..ctor(String filePath)
   at Tavisca.Validation.ValidationBuilder.Build(String configFilePath)
   at Tavisca.Validation.Validation.Build(String configurationFilePath)
   at Tavisca.Catapult.External.ValidationTest.ActivityBookingUpdateRequestValidationTest.InitializeValidation() in d:\Code\TOM\Catapult\Code\trunk\CatapultServices\Tavisca.Catapult.External.ValidationTest\ActivityBookingUpdateRequestValidationTest.cs:line 35
</StackTrace>
        </ErrorInfo>
      </Output>
    </UnitTestResult>
    <UnitTestResult executionId="15773758-fd23-4fe4-af8b-aab818dcf1c5" testId="39e00cee-bbab-30b6-e00f-f5746a64cf28" testName="ActivityBookingUpdateRequestForOrderCodeValueContainsSpaceInValidTest" computerName="PHOENIXX" duration="00:00:00.0010104" startTime="2013-08-09T22:01:52.6353176+05:30" endTime="2013-08-09T22:01:52.6373182+05:30" testType="13cdc9d9-ddb5-4fa4-a97d-d965ccfc6d4b" outcome="Failed" testListId="8c84fa94-04c1-424b-9868-57a2d4851a1d" relativeResultsDirectory="15773758-fd23-4fe4-af8b-aab818dcf1c5">
      <Output>
        <ErrorInfo>
          <Message>Initialization method Tavisca.Catapult.External.ValidationTest.ActivityBookingUpdateRequestValidationTest.InitializeValidation threw exception. System.IO.DirectoryNotFoundException: System.IO.DirectoryNotFoundException: Could not find a part of the path 'D:\CodeBase\Catapult\trunk\CatapultServices\Tavisca.Catapult.External.ValidationTest\Validation.xml'..</Message>
          <StackTrace>    at System.IO.__Error.WinIOError(Int32 errorCode, String maybeFullPath)
   at System.IO.FileStream.Init(String path, FileMode mode, FileAccess access, Int32 rights, Boolean useRights, FileShare share, Int32 bufferSize, FileOptions options, SECURITY_ATTRIBUTES secAttrs, String msgPath, Boolean bFromProxy, Boolean useLongPath, Boolean checkHost)
   at System.IO.FileStream..ctor(String path, FileMode mode, FileAccess access, FileShare share, Int32 bufferSize)
   at System.Xml.XmlDownloadManager.GetStream(Uri uri, ICredentials credentials, IWebProxy proxy, RequestCachePolicy cachePolicy)
   at System.Xml.XmlUrlResolver.GetEntity(Uri absoluteUri, String role, Type ofObjectToReturn)
   at System.Xml.XmlTextReaderImpl.FinishInitUriString()
   at System.Xml.XmlTextReaderImpl..ctor(String uriStr, XmlReaderSettings settings, XmlParserContext context, XmlResolver uriResolver)
   at System.Xml.XmlReaderSettings.CreateReader(String inputUri, XmlParserContext inputContext)
   at System.Xml.XmlReader.Create(String inputUri, XmlReaderSettings settings, XmlParserContext inputContext)
   at System.Xml.Linq.XDocument.Load(String uri, LoadOptions options)
   at Tavisca.Validation.DynamicXmlParser..ctor(String filePath)
   at Tavisca.Validation.ValidationBuilder.Build(String configFilePath)
   at Tavisca.Validation.Validation.Build(String configurationFilePath)
   at Tavisca.Catapult.External.ValidationTest.ActivityBookingUpdateRequestValidationTest.InitializeValidation() in d:\Code\TOM\Catapult\Code\trunk\CatapultServices\Tavisca.Catapult.External.ValidationTest\ActivityBookingUpdateRequestValidationTest.cs:line 35
</StackTrace>
        </ErrorInfo>
      </Output>
    </UnitTestResult>
    <UnitTestResult executionId="81319dfc-a009-404e-a0d1-ca8e152fa6c4" testId="1c2f1361-58a1-7ecb-2464-0e0e850dc1a7" testName="ActivityBookingUpdateRequestForOrderCodeValueContainsSpecialCharInValidTest" computerName="PHOENIXX" duration="00:00:00.0009918" startTime="2013-08-09T22:01:52.6373182+05:30" endTime="2013-08-09T22:01:52.6383185+05:30" testType="13cdc9d9-ddb5-4fa4-a97d-d965ccfc6d4b" outcome="Failed" testListId="8c84fa94-04c1-424b-9868-57a2d4851a1d" relativeResultsDirectory="81319dfc-a009-404e-a0d1-ca8e152fa6c4">
      <Output>
        <ErrorInfo>
          <Message>Initialization method Tavisca.Catapult.External.ValidationTest.ActivityBookingUpdateRequestValidationTest.InitializeValidation threw exception. System.IO.DirectoryNotFoundException: System.IO.DirectoryNotFoundException: Could not find a part of the path 'D:\CodeBase\Catapult\trunk\CatapultServices\Tavisca.Catapult.External.ValidationTest\Validation.xml'..</Message>
          <StackTrace>    at System.IO.__Error.WinIOError(Int32 errorCode, String maybeFullPath)
   at System.IO.FileStream.Init(String path, FileMode mode, FileAccess access, Int32 rights, Boolean useRights, FileShare share, Int32 bufferSize, FileOptions options, SECURITY_ATTRIBUTES secAttrs, String msgPath, Boolean bFromProxy, Boolean useLongPath, Boolean checkHost)
   at System.IO.FileStream..ctor(String path, FileMode mode, FileAccess access, FileShare share, Int32 bufferSize)
   at System.Xml.XmlDownloadManager.GetStream(Uri uri, ICredentials credentials, IWebProxy proxy, RequestCachePolicy cachePolicy)
   at System.Xml.XmlUrlResolver.GetEntity(Uri absoluteUri, String role, Type ofObjectToReturn)
   at System.Xml.XmlTextReaderImpl.FinishInitUriString()
   at System.Xml.XmlTextReaderImpl..ctor(String uriStr, XmlReaderSettings settings, XmlParserContext context, XmlResolver uriResolver)
   at System.Xml.XmlReaderSettings.CreateReader(String inputUri, XmlParserContext inputContext)
   at System.Xml.XmlReader.Create(String inputUri, XmlReaderSettings settings, XmlParserContext inputContext)
   at System.Xml.Linq.XDocument.Load(String uri, LoadOptions options)
   at Tavisca.Validation.DynamicXmlParser..ctor(String filePath)
   at Tavisca.Validation.ValidationBuilder.Build(String configFilePath)
   at Tavisca.Validation.Validation.Build(String configurationFilePath)
   at Tavisca.Catapult.External.ValidationTest.ActivityBookingUpdateRequestValidationTest.InitializeValidation() in d:\Code\TOM\Catapult\Code\trunk\CatapultServices\Tavisca.Catapult.External.ValidationTest\ActivityBookingUpdateRequestValidationTest.cs:line 35
</StackTrace>
        </ErrorInfo>
      </Output>
    </UnitTestResult>
    <UnitTestResult executionId="db84f8f0-ac99-486b-8530-c523a79a93a0" testId="1d2965a4-bd28-b4ca-1492-94e4d1004736" testName="ActivityCancelRequestValidTest" computerName="PHOENIXX" duration="00:00:00.0012824" startTime="2013-08-09T22:01:52.6383185+05:30" endTime="2013-08-09T22:01:52.6393188+05:30" testType="13cdc9d9-ddb5-4fa4-a97d-d965ccfc6d4b" outcome="Failed" testListId="8c84fa94-04c1-424b-9868-57a2d4851a1d" relativeResultsDirectory="db84f8f0-ac99-486b-8530-c523a79a93a0">
      <Output>
        <ErrorInfo>
          <Message>Initialization method Tavisca.Catapult.External.ValidationTest.ActivityCancelRequestValidationTest.InitializeValidation threw exception. System.IO.DirectoryNotFoundException: System.IO.DirectoryNotFoundException: Could not find a part of the path 'D:\CodeBase\Catapult\trunk\CatapultServices\Tavisca.Catapult.External.ValidationTest\Validation.xml'..</Message>
          <StackTrace>    at System.IO.__Error.WinIOError(Int32 errorCode, String maybeFullPath)
   at System.IO.FileStream.Init(String path, FileMode mode, FileAccess access, Int32 rights, Boolean useRights, FileShare share, Int32 bufferSize, FileOptions options, SECURITY_ATTRIBUTES secAttrs, String msgPath, Boolean bFromProxy, Boolean useLongPath, Boolean checkHost)
   at System.IO.FileStream..ctor(String path, FileMode mode, FileAccess access, FileShare share, Int32 bufferSize)
   at System.Xml.XmlDownloadManager.GetStream(Uri uri, ICredentials credentials, IWebProxy proxy, RequestCachePolicy cachePolicy)
   at System.Xml.XmlUrlResolver.GetEntity(Uri absoluteUri, String role, Type ofObjectToReturn)
   at System.Xml.XmlTextReaderImpl.FinishInitUriString()
   at System.Xml.XmlTextReaderImpl..ctor(String uriStr, XmlReaderSettings settings, XmlParserContext context, XmlResolver uriResolver)
   at System.Xml.XmlReaderSettings.CreateReader(String inputUri, XmlParserContext inputContext)
   at System.Xml.XmlReader.Create(String inputUri, XmlReaderSettings settings, XmlParserContext inputContext)
   at System.Xml.Linq.XDocument.Load(String uri, LoadOptions options)
   at Tavisca.Validation.DynamicXmlParser..ctor(String filePath)
   at Tavisca.Validation.ValidationBuilder.Build(String configFilePath)
   at Tavisca.Validation.Validation.Build(String configurationFilePath)
   at Tavisca.Catapult.External.ValidationTest.ActivityCancelRequestValidationTest.InitializeValidation() in d:\Code\TOM\Catapult\Code\trunk\CatapultServices\Tavisca.Catapult.External.ValidationTest\ActivityCancelRequestValidationTest.cs:line 35
</StackTrace>
        </ErrorInfo>
      </Output>
    </UnitTestResult>
    <UnitTestResult executionId="d71839c9-d760-43ee-9aa1-14ae6117dbe0" testId="954adc72-a1c5-d8d7-4467-8bd476f42fd7" testName="ActivityCancelRequestForOrderCodeValueIsNullInValidTest" computerName="PHOENIXX" duration="00:00:00.0009976" startTime="2013-08-09T22:01:52.6403191+05:30" endTime="2013-08-09T22:01:52.6413194+05:30" testType="13cdc9d9-ddb5-4fa4-a97d-d965ccfc6d4b" outcome="Failed" testListId="8c84fa94-04c1-424b-9868-57a2d4851a1d" relativeResultsDirectory="d71839c9-d760-43ee-9aa1-14ae6117dbe0">
      <Output>
        <ErrorInfo>
          <Message>Initialization method Tavisca.Catapult.External.ValidationTest.ActivityCancelRequestValidationTest.InitializeValidation threw exception. System.IO.DirectoryNotFoundException: System.IO.DirectoryNotFoundException: Could not find a part of the path 'D:\CodeBase\Catapult\trunk\CatapultServices\Tavisca.Catapult.External.ValidationTest\Validation.xml'..</Message>
          <StackTrace>    at System.IO.__Error.WinIOError(Int32 errorCode, String maybeFullPath)
   at System.IO.FileStream.Init(String path, FileMode mode, FileAccess access, Int32 rights, Boolean useRights, FileShare share, Int32 bufferSize, FileOptions options, SECURITY_ATTRIBUTES secAttrs, String msgPath, Boolean bFromProxy, Boolean useLongPath, Boolean checkHost)
   at System.IO.FileStream..ctor(String path, FileMode mode, FileAccess access, FileShare share, Int32 bufferSize)
   at System.Xml.XmlDownloadManager.GetStream(Uri uri, ICredentials credentials, IWebProxy proxy, RequestCachePolicy cachePolicy)
   at System.Xml.XmlUrlResolver.GetEntity(Uri absoluteUri, String role, Type ofObjectToReturn)
   at System.Xml.XmlTextReaderImpl.FinishInitUriString()
   at System.Xml.XmlTextReaderImpl..ctor(String uriStr, XmlReaderSettings settings, XmlParserContext context, XmlResolver uriResolver)
   at System.Xml.XmlReaderSettings.CreateReader(String inputUri, XmlParserContext inputContext)
   at System.Xml.XmlReader.Create(String inputUri, XmlReaderSettings settings, XmlParserContext inputContext)
   at System.Xml.Linq.XDocument.Load(String uri, LoadOptions options)
   at Tavisca.Validation.DynamicXmlParser..ctor(String filePath)
   at Tavisca.Validation.ValidationBuilder.Build(String configFilePath)
   at Tavisca.Validation.Validation.Build(String configurationFilePath)
   at Tavisca.Catapult.External.ValidationTest.ActivityCancelRequestValidationTest.InitializeValidation() in d:\Code\TOM\Catapult\Code\trunk\CatapultServices\Tavisca.Catapult.External.ValidationTest\ActivityCancelRequestValidationTest.cs:line 35
</StackTrace>
        </ErrorInfo>
      </Output>
    </UnitTestResult>
    <UnitTestResult executionId="32ad41a5-fa39-4862-af6b-72a75c4e26e0" testId="c12be7cd-07cb-ffb7-66c5-3ac0e8fe8087" testName="ActivityCancelRequestForOrderCodeValueIsEmptyInValidTest" computerName="PHOENIXX" duration="00:00:00.0078751" startTime="2013-08-09T22:01:52.6413194+05:30" endTime="2013-08-09T22:01:52.6493218+05:30" testType="13cdc9d9-ddb5-4fa4-a97d-d965ccfc6d4b" outcome="Failed" testListId="8c84fa94-04c1-424b-9868-57a2d4851a1d" relativeResultsDirectory="32ad41a5-fa39-4862-af6b-72a75c4e26e0">
      <Output>
        <ErrorInfo>
          <Message>Initialization method Tavisca.Catapult.External.ValidationTest.ActivityCancelRequestValidationTest.InitializeValidation threw exception. System.IO.DirectoryNotFoundException: System.IO.DirectoryNotFoundException: Could not find a part of the path 'D:\CodeBase\Catapult\trunk\CatapultServices\Tavisca.Catapult.External.ValidationTest\Validation.xml'..</Message>
          <StackTrace>    at System.IO.__Error.WinIOError(Int32 errorCode, String maybeFullPath)
   at System.IO.FileStream.Init(String path, FileMode mode, FileAccess access, Int32 rights, Boolean useRights, FileShare share, Int32 bufferSize, FileOptions options, SECURITY_ATTRIBUTES secAttrs, String msgPath, Boolean bFromProxy, Boolean useLongPath, Boolean checkHost)
   at System.IO.FileStream..ctor(String path, FileMode mode, FileAccess access, FileShare share, Int32 bufferSize)
   at System.Xml.XmlDownloadManager.GetStream(Uri uri, ICredentials credentials, IWebProxy proxy, RequestCachePolicy cachePolicy)
   at System.Xml.XmlUrlResolver.GetEntity(Uri absoluteUri, String role, Type ofObjectToReturn)
   at System.Xml.XmlTextReaderImpl.FinishInitUriString()
   at System.Xml.XmlTextReaderImpl..ctor(String uriStr, XmlReaderSettings settings, XmlParserContext context, XmlResolver uriResolver)
   at System.Xml.XmlReaderSettings.CreateReader(String inputUri, XmlParserContext inputContext)
   at System.Xml.XmlReader.Create(String inputUri, XmlReaderSettings settings, XmlParserContext inputContext)
   at System.Xml.Linq.XDocument.Load(String uri, LoadOptions options)
   at Tavisca.Validation.DynamicXmlParser..ctor(String filePath)
   at Tavisca.Validation.ValidationBuilder.Build(String configFilePath)
   at Tavisca.Validation.Validation.Build(String configurationFilePath)
   at Tavisca.Catapult.External.ValidationTest.ActivityCancelRequestValidationTest.InitializeValidation() in d:\Code\TOM\Catapult\Code\trunk\CatapultServices\Tavisca.Catapult.External.ValidationTest\ActivityCancelRequestValidationTest.cs:line 35
</StackTrace>
        </ErrorInfo>
      </Output>
    </UnitTestResult>
    <UnitTestResult executionId="82ed4f69-29d0-444c-97b4-dc57997e2f94" testId="dd35a849-fcad-a164-2679-32fd175f04a4" testName="ActivityCancelRequestForOrderCodeValueAlphaNumericInValidTest" computerName="PHOENIXX" duration="00:00:00.0010130" startTime="2013-08-09T22:01:52.6493218+05:30" endTime="2013-08-09T22:01:52.6503221+05:30" testType="13cdc9d9-ddb5-4fa4-a97d-d965ccfc6d4b" outcome="Failed" testListId="8c84fa94-04c1-424b-9868-57a2d4851a1d" relativeResultsDirectory="82ed4f69-29d0-444c-97b4-dc57997e2f94">
      <Output>
        <ErrorInfo>
          <Message>Initialization method Tavisca.Catapult.External.ValidationTest.ActivityCancelRequestValidationTest.InitializeValidation threw exception. System.IO.DirectoryNotFoundException: System.IO.DirectoryNotFoundException: Could not find a part of the path 'D:\CodeBase\Catapult\trunk\CatapultServices\Tavisca.Catapult.External.ValidationTest\Validation.xml'..</Message>
          <StackTrace>    at System.IO.__Error.WinIOError(Int32 errorCode, String maybeFullPath)
   at System.IO.FileStream.Init(String path, FileMode mode, FileAccess access, Int32 rights, Boolean useRights, FileShare share, Int32 bufferSize, FileOptions options, SECURITY_ATTRIBUTES secAttrs, String msgPath, Boolean bFromProxy, Boolean useLongPath, Boolean checkHost)
   at System.IO.FileStream..ctor(String path, FileMode mode, FileAccess access, FileShare share, Int32 bufferSize)
   at System.Xml.XmlDownloadManager.GetStream(Uri uri, ICredentials credentials, IWebProxy proxy, RequestCachePolicy cachePolicy)
   at System.Xml.XmlUrlResolver.GetEntity(Uri absoluteUri, String role, Type ofObjectToReturn)
   at System.Xml.XmlTextReaderImpl.FinishInitUriString()
   at System.Xml.XmlTextReaderImpl..ctor(String uriStr, XmlReaderSettings settings, XmlParserContext context, XmlResolver uriResolver)
   at System.Xml.XmlReaderSettings.CreateReader(String inputUri, XmlParserContext inputContext)
   at System.Xml.XmlReader.Create(String inputUri, XmlReaderSettings settings, XmlParserContext inputContext)
   at System.Xml.Linq.XDocument.Load(String uri, LoadOptions options)
   at Tavisca.Validation.DynamicXmlParser..ctor(String filePath)
   at Tavisca.Validation.ValidationBuilder.Build(String configFilePath)
   at Tavisca.Validation.Validation.Build(String configurationFilePath)
   at Tavisca.Catapult.External.ValidationTest.ActivityCancelRequestValidationTest.InitializeValidation() in d:\Code\TOM\Catapult\Code\trunk\CatapultServices\Tavisca.Catapult.External.ValidationTest\ActivityCancelRequestValidationTest.cs:line 35
</StackTrace>
        </ErrorInfo>
      </Output>
    </UnitTestResult>
    <UnitTestResult executionId="aefb573e-4942-44c8-a369-db483c70eb40" testId="0cc83bd0-2aea-97b3-1c54-8fe4c4f0c3a0" testName="ActivityCancelRequestForOrderCodeValueContainsSpaceInValidTest" computerName="PHOENIXX" duration="00:00:00.0009963" startTime="2013-08-09T22:01:52.6503221+05:30" endTime="2013-08-09T22:01:52.6513224+05:30" testType="13cdc9d9-ddb5-4fa4-a97d-d965ccfc6d4b" outcome="Failed" testListId="8c84fa94-04c1-424b-9868-57a2d4851a1d" relativeResultsDirectory="aefb573e-4942-44c8-a369-db483c70eb40">
      <Output>
        <ErrorInfo>
          <Message>Initialization method Tavisca.Catapult.External.ValidationTest.ActivityCancelRequestValidationTest.InitializeValidation threw exception. System.IO.DirectoryNotFoundException: System.IO.DirectoryNotFoundException: Could not find a part of the path 'D:\CodeBase\Catapult\trunk\CatapultServices\Tavisca.Catapult.External.ValidationTest\Validation.xml'..</Message>
          <StackTrace>    at System.IO.__Error.WinIOError(Int32 errorCode, String maybeFullPath)
   at System.IO.FileStream.Init(String path, FileMode mode, FileAccess access, Int32 rights, Boolean useRights, FileShare share, Int32 bufferSize, FileOptions options, SECURITY_ATTRIBUTES secAttrs, String msgPath, Boolean bFromProxy, Boolean useLongPath, Boolean checkHost)
   at System.IO.FileStream..ctor(String path, FileMode mode, FileAccess access, FileShare share, Int32 bufferSize)
   at System.Xml.XmlDownloadManager.GetStream(Uri uri, ICredentials credentials, IWebProxy proxy, RequestCachePolicy cachePolicy)
   at System.Xml.XmlUrlResolver.GetEntity(Uri absoluteUri, String role, Type ofObjectToReturn)
   at System.Xml.XmlTextReaderImpl.FinishInitUriString()
   at System.Xml.XmlTextReaderImpl..ctor(String uriStr, XmlReaderSettings settings, XmlParserContext context, XmlResolver uriResolver)
   at System.Xml.XmlReaderSettings.CreateReader(String inputUri, XmlParserContext inputContext)
   at System.Xml.XmlReader.Create(String inputUri, XmlReaderSettings settings, XmlParserContext inputContext)
   at System.Xml.Linq.XDocument.Load(String uri, LoadOptions options)
   at Tavisca.Validation.DynamicXmlParser..ctor(String filePath)
   at Tavisca.Validation.ValidationBuilder.Build(String configFilePath)
   at Tavisca.Validation.Validation.Build(String configurationFilePath)
   at Tavisca.Catapult.External.ValidationTest.ActivityCancelRequestValidationTest.InitializeValidation() in d:\Code\TOM\Catapult\Code\trunk\CatapultServices\Tavisca.Catapult.External.ValidationTest\ActivityCancelRequestValidationTest.cs:line 35
</StackTrace>
        </ErrorInfo>
      </Output>
    </UnitTestResult>
    <UnitTestResult executionId="4b645a0a-6795-442f-b3df-188f7d703569" testId="a161c4e9-985f-7bcb-5d3f-e86c125d06c9" testName="ActivityCancelRequestForOrderCodeValueContainsSpecialCharInValidTest" computerName="PHOENIXX" duration="00:00:00.0009957" startTime="2013-08-09T22:01:52.6513224+05:30" endTime="2013-08-09T22:01:52.6523227+05:30" testType="13cdc9d9-ddb5-4fa4-a97d-d965ccfc6d4b" outcome="Failed" testListId="8c84fa94-04c1-424b-9868-57a2d4851a1d" relativeResultsDirectory="4b645a0a-6795-442f-b3df-188f7d703569">
      <Output>
        <ErrorInfo>
          <Message>Initialization method Tavisca.Catapult.External.ValidationTest.ActivityCancelRequestValidationTest.InitializeValidation threw exception. System.IO.DirectoryNotFoundException: System.IO.DirectoryNotFoundException: Could not find a part of the path 'D:\CodeBase\Catapult\trunk\CatapultServices\Tavisca.Catapult.External.ValidationTest\Validation.xml'..</Message>
          <StackTrace>    at System.IO.__Error.WinIOError(Int32 errorCode, String maybeFullPath)
   at System.IO.FileStream.Init(String path, FileMode mode, FileAccess access, Int32 rights, Boolean useRights, FileShare share, Int32 bufferSize, FileOptions options, SECURITY_ATTRIBUTES secAttrs, String msgPath, Boolean bFromProxy, Boolean useLongPath, Boolean checkHost)
   at System.IO.FileStream..ctor(String path, FileMode mode, FileAccess access, FileShare share, Int32 bufferSize)
   at System.Xml.XmlDownloadManager.GetStream(Uri uri, ICredentials credentials, IWebProxy proxy, RequestCachePolicy cachePolicy)
   at System.Xml.XmlUrlResolver.GetEntity(Uri absoluteUri, String role, Type ofObjectToReturn)
   at System.Xml.XmlTextReaderImpl.FinishInitUriString()
   at System.Xml.XmlTextReaderImpl..ctor(String uriStr, XmlReaderSettings settings, XmlParserContext context, XmlResolver uriResolver)
   at System.Xml.XmlReaderSettings.CreateReader(String inputUri, XmlParserContext inputContext)
   at System.Xml.XmlReader.Create(String inputUri, XmlReaderSettings settings, XmlParserContext inputContext)
   at System.Xml.Linq.XDocument.Load(String uri, LoadOptions options)
   at Tavisca.Validation.DynamicXmlParser..ctor(String filePath)
   at Tavisca.Validation.ValidationBuilder.Build(String configFilePath)
   at Tavisca.Validation.Validation.Build(String configurationFilePath)
   at Tavisca.Catapult.External.ValidationTest.ActivityCancelRequestValidationTest.InitializeValidation() in d:\Code\TOM\Catapult\Code\trunk\CatapultServices\Tavisca.Catapult.External.ValidationTest\ActivityCancelRequestValidationTest.cs:line 35
</StackTrace>
        </ErrorInfo>
      </Output>
    </UnitTestResult>
    <UnitTestResult executionId="f92bc037-c7b8-4bd4-8587-4869d39dddc5" testId="3ad3c44b-bdd1-5f8c-df42-e9f14df3fd10" testName="ActivityCancelRequestForReasonValueEmptyInValidTest" computerName="PHOENIXX" duration="00:00:00.0009674" startTime="2013-08-09T22:01:52.6523227+05:30" endTime="2013-08-09T22:01:52.6533230+05:30" testType="13cdc9d9-ddb5-4fa4-a97d-d965ccfc6d4b" outcome="Failed" testListId="8c84fa94-04c1-424b-9868-57a2d4851a1d" relativeResultsDirectory="f92bc037-c7b8-4bd4-8587-4869d39dddc5">
      <Output>
        <ErrorInfo>
          <Message>Initialization method Tavisca.Catapult.External.ValidationTest.ActivityCancelRequestValidationTest.InitializeValidation threw exception. System.IO.DirectoryNotFoundException: System.IO.DirectoryNotFoundException: Could not find a part of the path 'D:\CodeBase\Catapult\trunk\CatapultServices\Tavisca.Catapult.External.ValidationTest\Validation.xml'..</Message>
          <StackTrace>    at System.IO.__Error.WinIOError(Int32 errorCode, String maybeFullPath)
   at System.IO.FileStream.Init(String path, FileMode mode, FileAccess access, Int32 rights, Boolean useRights, FileShare share, Int32 bufferSize, FileOptions options, SECURITY_ATTRIBUTES secAttrs, String msgPath, Boolean bFromProxy, Boolean useLongPath, Boolean checkHost)
   at System.IO.FileStream..ctor(String path, FileMode mode, FileAccess access, FileShare share, Int32 bufferSize)
   at System.Xml.XmlDownloadManager.GetStream(Uri uri, ICredentials credentials, IWebProxy proxy, RequestCachePolicy cachePolicy)
   at System.Xml.XmlUrlResolver.GetEntity(Uri absoluteUri, String role, Type ofObjectToReturn)
   at System.Xml.XmlTextReaderImpl.FinishInitUriString()
   at System.Xml.XmlTextReaderImpl..ctor(String uriStr, XmlReaderSettings settings, XmlParserContext context, XmlResolver uriResolver)
   at System.Xml.XmlReaderSettings.CreateReader(String inputUri, XmlParserContext inputContext)
   at System.Xml.XmlReader.Create(String inputUri, XmlReaderSettings settings, XmlParserContext inputContext)
   at System.Xml.Linq.XDocument.Load(String uri, LoadOptions options)
   at Tavisca.Validation.DynamicXmlParser..ctor(String filePath)
   at Tavisca.Validation.ValidationBuilder.Build(String configFilePath)
   at Tavisca.Validation.Validation.Build(String configurationFilePath)
   at Tavisca.Catapult.External.ValidationTest.ActivityCancelRequestValidationTest.InitializeValidation() in d:\Code\TOM\Catapult\Code\trunk\CatapultServices\Tavisca.Catapult.External.ValidationTest\ActivityCancelRequestValidationTest.cs:line 35
</StackTrace>
        </ErrorInfo>
      </Output>
    </UnitTestResult>
    <UnitTestResult executionId="50d37df0-04ad-4321-82ce-91087a450893" testId="754d27fa-cf25-59d2-928f-2ea7f7795826" testName="ActivityCancelRequestForReasonValueNullInValidTest" computerName="PHOENIXX" duration="00:00:00.0009822" startTime="2013-08-09T22:01:52.6533230+05:30" endTime="2013-08-09T22:01:52.6553236+05:30" testType="13cdc9d9-ddb5-4fa4-a97d-d965ccfc6d4b" outcome="Failed" testListId="8c84fa94-04c1-424b-9868-57a2d4851a1d" relativeResultsDirectory="50d37df0-04ad-4321-82ce-91087a450893">
      <Output>
        <ErrorInfo>
          <Message>Initialization method Tavisca.Catapult.External.ValidationTest.ActivityCancelRequestValidationTest.InitializeValidation threw exception. System.IO.DirectoryNotFoundException: System.IO.DirectoryNotFoundException: Could not find a part of the path 'D:\CodeBase\Catapult\trunk\CatapultServices\Tavisca.Catapult.External.ValidationTest\Validation.xml'..</Message>
          <StackTrace>    at System.IO.__Error.WinIOError(Int32 errorCode, String maybeFullPath)
   at System.IO.FileStream.Init(String path, FileMode mode, FileAccess access, Int32 rights, Boolean useRights, FileShare share, Int32 bufferSize, FileOptions options, SECURITY_ATTRIBUTES secAttrs, String msgPath, Boolean bFromProxy, Boolean useLongPath, Boolean checkHost)
   at System.IO.FileStream..ctor(String path, FileMode mode, FileAccess access, FileShare share, Int32 bufferSize)
   at System.Xml.XmlDownloadManager.GetStream(Uri uri, ICredentials credentials, IWebProxy proxy, RequestCachePolicy cachePolicy)
   at System.Xml.XmlUrlResolver.GetEntity(Uri absoluteUri, String role, Type ofObjectToReturn)
   at System.Xml.XmlTextReaderImpl.FinishInitUriString()
   at System.Xml.XmlTextReaderImpl..ctor(String uriStr, XmlReaderSettings settings, XmlParserContext context, XmlResolver uriResolver)
   at System.Xml.XmlReaderSettings.CreateReader(String inputUri, XmlParserContext inputContext)
   at System.Xml.XmlReader.Create(String inputUri, XmlReaderSettings settings, XmlParserContext inputContext)
   at System.Xml.Linq.XDocument.Load(String uri, LoadOptions options)
   at Tavisca.Validation.DynamicXmlParser..ctor(String filePath)
   at Tavisca.Validation.ValidationBuilder.Build(String configFilePath)
   at Tavisca.Validation.Validation.Build(String configurationFilePath)
   at Tavisca.Catapult.External.ValidationTest.ActivityCancelRequestValidationTest.InitializeValidation() in d:\Code\TOM\Catapult\Code\trunk\CatapultServices\Tavisca.Catapult.External.ValidationTest\ActivityCancelRequestValidationTest.cs:line 35
</StackTrace>
        </ErrorInfo>
      </Output>
    </UnitTestResult>
    <UnitTestResult executionId="05b4d3e1-e26e-47f0-b93b-b373829139eb" testId="09b66410-6708-d830-13e9-ff7b82fd4af5" testName="ActivityPriceRequestValidTest" computerName="PHOENIXX" duration="00:00:00.0012010" startTime="2013-08-09T22:01:52.6553236+05:30" endTime="2013-08-09T22:01:52.6563239+05:30" testType="13cdc9d9-ddb5-4fa4-a97d-d965ccfc6d4b" outcome="Failed" testListId="8c84fa94-04c1-424b-9868-57a2d4851a1d" relativeResultsDirectory="05b4d3e1-e26e-47f0-b93b-b373829139eb">
      <Output>
        <ErrorInfo>
          <Message>Initialization method Tavisca.Catapult.External.ValidationTest.ActivityPriceRequestValidationTest.InitializeValidation threw exception. System.IO.DirectoryNotFoundException: System.IO.DirectoryNotFoundException: Could not find a part of the path 'D:\CodeBase\Catapult\trunk\CatapultServices\Tavisca.Catapult.External.ValidationTest\Validation.xml'..</Message>
          <StackTrace>    at System.IO.__Error.WinIOError(Int32 errorCode, String maybeFullPath)
   at System.IO.FileStream.Init(String path, FileMode mode, FileAccess access, Int32 rights, Boolean useRights, FileShare share, Int32 bufferSize, FileOptions options, SECURITY_ATTRIBUTES secAttrs, String msgPath, Boolean bFromProxy, Boolean useLongPath, Boolean checkHost)
   at System.IO.FileStream..ctor(String path, FileMode mode, FileAccess access, FileShare share, Int32 bufferSize)
   at System.Xml.XmlDownloadManager.GetStream(Uri uri, ICredentials credentials, IWebProxy proxy, RequestCachePolicy cachePolicy)
   at System.Xml.XmlUrlResolver.GetEntity(Uri absoluteUri, String role, Type ofObjectToReturn)
   at System.Xml.XmlTextReaderImpl.FinishInitUriString()
   at System.Xml.XmlTextReaderImpl..ctor(String uriStr, XmlReaderSettings settings, XmlParserContext context, XmlResolver uriResolver)
   at System.Xml.XmlReaderSettings.CreateReader(String inputUri, XmlParserContext inputContext)
   at System.Xml.XmlReader.Create(String inputUri, XmlReaderSettings settings, XmlParserContext inputContext)
   at System.Xml.Linq.XDocument.Load(String uri, LoadOptions options)
   at Tavisca.Validation.DynamicXmlParser..ctor(String filePath)
   at Tavisca.Validation.ValidationBuilder.Build(String configFilePath)
   at Tavisca.Validation.Validation.Build(String configurationFilePath)
   at Tavisca.Catapult.External.ValidationTest.ActivityPriceRequestValidationTest.InitializeValidation() in d:\Code\TOM\Catapult\Code\trunk\CatapultServices\Tavisca.Catapult.External.ValidationTest\ActivityPriceRequestValidationTest.cs:line 35
</StackTrace>
        </ErrorInfo>
      </Output>
    </UnitTestResult>
    <UnitTestResult executionId="6938a006-778c-481f-845c-c77cce69726b" testId="52a04a9c-21a1-6aa8-84e3-75a4406c48ad" testName="ActivityPriceRequestForActivityCodeValueIsNullInValidTest" computerName="PHOENIXX" duration="00:00:00.0009880" startTime="2013-08-09T22:01:52.6563239+05:30" endTime="2013-08-09T22:01:52.6583245+05:30" testType="13cdc9d9-ddb5-4fa4-a97d-d965ccfc6d4b" outcome="Failed" testListId="8c84fa94-04c1-424b-9868-57a2d4851a1d" relativeResultsDirectory="6938a006-778c-481f-845c-c77cce69726b">
      <Output>
        <ErrorInfo>
          <Message>Initialization method Tavisca.Catapult.External.ValidationTest.ActivityPriceRequestValidationTest.InitializeValidation threw exception. System.IO.DirectoryNotFoundException: System.IO.DirectoryNotFoundException: Could not find a part of the path 'D:\CodeBase\Catapult\trunk\CatapultServices\Tavisca.Catapult.External.ValidationTest\Validation.xml'..</Message>
          <StackTrace>    at System.IO.__Error.WinIOError(Int32 errorCode, String maybeFullPath)
   at System.IO.FileStream.Init(String path, FileMode mode, FileAccess access, Int32 rights, Boolean useRights, FileShare share, Int32 bufferSize, FileOptions options, SECURITY_ATTRIBUTES secAttrs, String msgPath, Boolean bFromProxy, Boolean useLongPath, Boolean checkHost)
   at System.IO.FileStream..ctor(String path, FileMode mode, FileAccess access, FileShare share, Int32 bufferSize)
   at System.Xml.XmlDownloadManager.GetStream(Uri uri, ICredentials credentials, IWebProxy proxy, RequestCachePolicy cachePolicy)
   at System.Xml.XmlUrlResolver.GetEntity(Uri absoluteUri, String role, Type ofObjectToReturn)
   at System.Xml.XmlTextReaderImpl.FinishInitUriString()
   at System.Xml.XmlTextReaderImpl..ctor(String uriStr, XmlReaderSettings settings, XmlParserContext context, XmlResolver uriResolver)
   at System.Xml.XmlReaderSettings.CreateReader(String inputUri, XmlParserContext inputContext)
   at System.Xml.XmlReader.Create(String inputUri, XmlReaderSettings settings, XmlParserContext inputContext)
   at System.Xml.Linq.XDocument.Load(String uri, LoadOptions options)
   at Tavisca.Validation.DynamicXmlParser..ctor(String filePath)
   at Tavisca.Validation.ValidationBuilder.Build(String configFilePath)
   at Tavisca.Validation.Validation.Build(String configurationFilePath)
   at Tavisca.Catapult.External.ValidationTest.ActivityPriceRequestValidationTest.InitializeValidation() in d:\Code\TOM\Catapult\Code\trunk\CatapultServices\Tavisca.Catapult.External.ValidationTest\ActivityPriceRequestValidationTest.cs:line 35
</StackTrace>
        </ErrorInfo>
      </Output>
    </UnitTestResult>
    <UnitTestResult executionId="5b1cbfaa-b61b-4f23-afed-2ad4240f29d4" testId="011abde0-03cd-dea4-6c87-ede6f9dccfa5" testName="ActivityPriceRequestForActivityCodeValueIsEmptyInValidTest" computerName="PHOENIXX" duration="00:00:00.0009539" startTime="2013-08-09T22:01:52.6583245+05:30" endTime="2013-08-09T22:01:52.6593248+05:30" testType="13cdc9d9-ddb5-4fa4-a97d-d965ccfc6d4b" outcome="Failed" testListId="8c84fa94-04c1-424b-9868-57a2d4851a1d" relativeResultsDirectory="5b1cbfaa-b61b-4f23-afed-2ad4240f29d4">
      <Output>
        <ErrorInfo>
          <Message>Initialization method Tavisca.Catapult.External.ValidationTest.ActivityPriceRequestValidationTest.InitializeValidation threw exception. System.IO.DirectoryNotFoundException: System.IO.DirectoryNotFoundException: Could not find a part of the path 'D:\CodeBase\Catapult\trunk\CatapultServices\Tavisca.Catapult.External.ValidationTest\Validation.xml'..</Message>
          <StackTrace>    at System.IO.__Error.WinIOError(Int32 errorCode, String maybeFullPath)
   at System.IO.FileStream.Init(String path, FileMode mode, FileAccess access, Int32 rights, Boolean useRights, FileShare share, Int32 bufferSize, FileOptions options, SECURITY_ATTRIBUTES secAttrs, String msgPath, Boolean bFromProxy, Boolean useLongPath, Boolean checkHost)
   at System.IO.FileStream..ctor(String path, FileMode mode, FileAccess access, FileShare share, Int32 bufferSize)
   at System.Xml.XmlDownloadManager.GetStream(Uri uri, ICredentials credentials, IWebProxy proxy, RequestCachePolicy cachePolicy)
   at System.Xml.XmlUrlResolver.GetEntity(Uri absoluteUri, String role, Type ofObjectToReturn)
   at System.Xml.XmlTextReaderImpl.FinishInitUriString()
   at System.Xml.XmlTextReaderImpl..ctor(String uriStr, XmlReaderSettings settings, XmlParserContext context, XmlResolver uriResolver)
   at System.Xml.XmlReaderSettings.CreateReader(String inputUri, XmlParserContext inputContext)
   at System.Xml.XmlReader.Create(String inputUri, XmlReaderSettings settings, XmlParserContext inputContext)
   at System.Xml.Linq.XDocument.Load(String uri, LoadOptions options)
   at Tavisca.Validation.DynamicXmlParser..ctor(String filePath)
   at Tavisca.Validation.ValidationBuilder.Build(String configFilePath)
   at Tavisca.Validation.Validation.Build(String configurationFilePath)
   at Tavisca.Catapult.External.ValidationTest.ActivityPriceRequestValidationTest.InitializeValidation() in d:\Code\TOM\Catapult\Code\trunk\CatapultServices\Tavisca.Catapult.External.ValidationTest\ActivityPriceRequestValidationTest.cs:line 35
</StackTrace>
        </ErrorInfo>
      </Output>
    </UnitTestResult>
    <UnitTestResult executionId="13e334ff-1884-451a-8fc3-309c40ad7e9f" testId="6458e208-24f0-0322-cc94-c22da719ec9a" testName="ActivityPriceRequestForActivityCodeValueIsAlphaNumericInValidTest" computerName="PHOENIXX" duration="00:00:00.0009584" startTime="2013-08-09T22:01:52.6593248+05:30" endTime="2013-08-09T22:01:52.6603251+05:30" testType="13cdc9d9-ddb5-4fa4-a97d-d965ccfc6d4b" outcome="Failed" testListId="8c84fa94-04c1-424b-9868-57a2d4851a1d" relativeResultsDirectory="13e334ff-1884-451a-8fc3-309c40ad7e9f">
      <Output>
        <ErrorInfo>
          <Message>Initialization method Tavisca.Catapult.External.ValidationTest.ActivityPriceRequestValidationTest.InitializeValidation threw exception. System.IO.DirectoryNotFoundException: System.IO.DirectoryNotFoundException: Could not find a part of the path 'D:\CodeBase\Catapult\trunk\CatapultServices\Tavisca.Catapult.External.ValidationTest\Validation.xml'..</Message>
          <StackTrace>    at System.IO.__Error.WinIOError(Int32 errorCode, String maybeFullPath)
   at System.IO.FileStream.Init(String path, FileMode mode, FileAccess access, Int32 rights, Boolean useRights, FileShare share, Int32 bufferSize, FileOptions options, SECURITY_ATTRIBUTES secAttrs, String msgPath, Boolean bFromProxy, Boolean useLongPath, Boolean checkHost)
   at System.IO.FileStream..ctor(String path, FileMode mode, FileAccess access, FileShare share, Int32 bufferSize)
   at System.Xml.XmlDownloadManager.GetStream(Uri uri, ICredentials credentials, IWebProxy proxy, RequestCachePolicy cachePolicy)
   at System.Xml.XmlUrlResolver.GetEntity(Uri absoluteUri, String role, Type ofObjectToReturn)
   at System.Xml.XmlTextReaderImpl.FinishInitUriString()
   at System.Xml.XmlTextReaderImpl..ctor(String uriStr, XmlReaderSettings settings, XmlParserContext context, XmlResolver uriResolver)
   at System.Xml.XmlReaderSettings.CreateReader(String inputUri, XmlParserContext inputContext)
   at System.Xml.XmlReader.Create(String inputUri, XmlReaderSettings settings, XmlParserContext inputContext)
   at System.Xml.Linq.XDocument.Load(String uri, LoadOptions options)
   at Tavisca.Validation.DynamicXmlParser..ctor(String filePath)
   at Tavisca.Validation.ValidationBuilder.Build(String configFilePath)
   at Tavisca.Validation.Validation.Build(String configurationFilePath)
   at Tavisca.Catapult.External.ValidationTest.ActivityPriceRequestValidationTest.InitializeValidation() in d:\Code\TOM\Catapult\Code\trunk\CatapultServices\Tavisca.Catapult.External.ValidationTest\ActivityPriceRequestValidationTest.cs:line 35
</StackTrace>
        </ErrorInfo>
      </Output>
    </UnitTestResult>
    <UnitTestResult executionId="72700404-69a2-4db1-8094-dbd7589ff98a" testId="aad5c283-0bf0-e952-ec49-1d7e5fab87c4" testName="ActivityPriceRequestForActivityCodeValueContainsSpecialCharInValidTest" computerName="PHOENIXX" duration="00:00:00.0009539" startTime="2013-08-09T22:01:52.6603251+05:30" endTime="2013-08-09T22:01:52.6613254+05:30" testType="13cdc9d9-ddb5-4fa4-a97d-d965ccfc6d4b" outcome="Failed" testListId="8c84fa94-04c1-424b-9868-57a2d4851a1d" relativeResultsDirectory="72700404-69a2-4db1-8094-dbd7589ff98a">
      <Output>
        <ErrorInfo>
          <Message>Initialization method Tavisca.Catapult.External.ValidationTest.ActivityPriceRequestValidationTest.InitializeValidation threw exception. System.IO.DirectoryNotFoundException: System.IO.DirectoryNotFoundException: Could not find a part of the path 'D:\CodeBase\Catapult\trunk\CatapultServices\Tavisca.Catapult.External.ValidationTest\Validation.xml'..</Message>
          <StackTrace>    at System.IO.__Error.WinIOError(Int32 errorCode, String maybeFullPath)
   at System.IO.FileStream.Init(String path, FileMode mode, FileAccess access, Int32 rights, Boolean useRights, FileShare share, Int32 bufferSize, FileOptions options, SECURITY_ATTRIBUTES secAttrs, String msgPath, Boolean bFromProxy, Boolean useLongPath, Boolean checkHost)
   at System.IO.FileStream..ctor(String path, FileMode mode, FileAccess access, FileShare share, Int32 bufferSize)
   at System.Xml.XmlDownloadManager.GetStream(Uri uri, ICredentials credentials, IWebProxy proxy, RequestCachePolicy cachePolicy)
   at System.Xml.XmlUrlResolver.GetEntity(Uri absoluteUri, String role, Type ofObjectToReturn)
   at System.Xml.XmlTextReaderImpl.FinishInitUriString()
   at System.Xml.XmlTextReaderImpl..ctor(String uriStr, XmlReaderSettings settings, XmlParserContext context, XmlResolver uriResolver)
   at System.Xml.XmlReaderSettings.CreateReader(String inputUri, XmlParserContext inputContext)
   at System.Xml.XmlReader.Create(String inputUri, XmlReaderSettings settings, XmlParserContext inputContext)
   at System.Xml.Linq.XDocument.Load(String uri, LoadOptions options)
   at Tavisca.Validation.DynamicXmlParser..ctor(String filePath)
   at Tavisca.Validation.ValidationBuilder.Build(String configFilePath)
   at Tavisca.Validation.Validation.Build(String configurationFilePath)
   at Tavisca.Catapult.External.ValidationTest.ActivityPriceRequestValidationTest.InitializeValidation() in d:\Code\TOM\Catapult\Code\trunk\CatapultServices\Tavisca.Catapult.External.ValidationTest\ActivityPriceRequestValidationTest.cs:line 35
</StackTrace>
        </ErrorInfo>
      </Output>
    </UnitTestResult>
    <UnitTestResult executionId="18e3a4b4-d13f-445a-b4a1-a1e3f408a4bb" testId="85126e27-edd0-d96d-c2f8-f6f90b457639" testName="ActivityPriceRequestForActivityCodeValueContainsSpaceInValidTest" computerName="PHOENIXX" duration="00:00:00.0009456" startTime="2013-08-09T22:01:52.6613254+05:30" endTime="2013-08-09T22:01:52.6623257+05:30" testType="13cdc9d9-ddb5-4fa4-a97d-d965ccfc6d4b" outcome="Failed" testListId="8c84fa94-04c1-424b-9868-57a2d4851a1d" relativeResultsDirectory="18e3a4b4-d13f-445a-b4a1-a1e3f408a4bb">
      <Output>
        <ErrorInfo>
          <Message>Initialization method Tavisca.Catapult.External.ValidationTest.ActivityPriceRequestValidationTest.InitializeValidation threw exception. System.IO.DirectoryNotFoundException: System.IO.DirectoryNotFoundException: Could not find a part of the path 'D:\CodeBase\Catapult\trunk\CatapultServices\Tavisca.Catapult.External.ValidationTest\Validation.xml'..</Message>
          <StackTrace>    at System.IO.__Error.WinIOError(Int32 errorCode, String maybeFullPath)
   at System.IO.FileStream.Init(String path, FileMode mode, FileAccess access, Int32 rights, Boolean useRights, FileShare share, Int32 bufferSize, FileOptions options, SECURITY_ATTRIBUTES secAttrs, String msgPath, Boolean bFromProxy, Boolean useLongPath, Boolean checkHost)
   at System.IO.FileStream..ctor(String path, FileMode mode, FileAccess access, FileShare share, Int32 bufferSize)
   at System.Xml.XmlDownloadManager.GetStream(Uri uri, ICredentials credentials, IWebProxy proxy, RequestCachePolicy cachePolicy)
   at System.Xml.XmlUrlResolver.GetEntity(Uri absoluteUri, String role, Type ofObjectToReturn)
   at System.Xml.XmlTextReaderImpl.FinishInitUriString()
   at System.Xml.XmlTextReaderImpl..ctor(String uriStr, XmlReaderSettings settings, XmlParserContext context, XmlResolver uriResolver)
   at System.Xml.XmlReaderSettings.CreateReader(String inputUri, XmlParserContext inputContext)
   at System.Xml.XmlReader.Create(String inputUri, XmlReaderSettings settings, XmlParserContext inputContext)
   at System.Xml.Linq.XDocument.Load(String uri, LoadOptions options)
   at Tavisca.Validation.DynamicXmlParser..ctor(String filePath)
   at Tavisca.Validation.ValidationBuilder.Build(String configFilePath)
   at Tavisca.Validation.Validation.Build(String configurationFilePath)
   at Tavisca.Catapult.External.ValidationTest.ActivityPriceRequestValidationTest.InitializeValidation() in d:\Code\TOM\Catapult\Code\trunk\CatapultServices\Tavisca.Catapult.External.ValidationTest\ActivityPriceRequestValidationTest.cs:line 35
</StackTrace>
        </ErrorInfo>
      </Output>
    </UnitTestResult>
    <UnitTestResult executionId="4a11e803-85ce-4cfb-bd98-776875cd5bad" testId="70e18095-8b99-0c75-1294-341c9268eac7" testName="ActivityPriceRequestForOptionCodeValueIsNullInValidTest" computerName="PHOENIXX" duration="00:00:00.0009430" startTime="2013-08-09T22:01:52.6623257+05:30" endTime="2013-08-09T22:01:52.6633260+05:30" testType="13cdc9d9-ddb5-4fa4-a97d-d965ccfc6d4b" outcome="Failed" testListId="8c84fa94-04c1-424b-9868-57a2d4851a1d" relativeResultsDirectory="4a11e803-85ce-4cfb-bd98-776875cd5bad">
      <Output>
        <ErrorInfo>
          <Message>Initialization method Tavisca.Catapult.External.ValidationTest.ActivityPriceRequestValidationTest.InitializeValidation threw exception. System.IO.DirectoryNotFoundException: System.IO.DirectoryNotFoundException: Could not find a part of the path 'D:\CodeBase\Catapult\trunk\CatapultServices\Tavisca.Catapult.External.ValidationTest\Validation.xml'..</Message>
          <StackTrace>    at System.IO.__Error.WinIOError(Int32 errorCode, String maybeFullPath)
   at System.IO.FileStream.Init(String path, FileMode mode, FileAccess access, Int32 rights, Boolean useRights, FileShare share, Int32 bufferSize, FileOptions options, SECURITY_ATTRIBUTES secAttrs, String msgPath, Boolean bFromProxy, Boolean useLongPath, Boolean checkHost)
   at System.IO.FileStream..ctor(String path, FileMode mode, FileAccess access, FileShare share, Int32 bufferSize)
   at System.Xml.XmlDownloadManager.GetStream(Uri uri, ICredentials credentials, IWebProxy proxy, RequestCachePolicy cachePolicy)
   at System.Xml.XmlUrlResolver.GetEntity(Uri absoluteUri, String role, Type ofObjectToReturn)
   at System.Xml.XmlTextReaderImpl.FinishInitUriString()
   at System.Xml.XmlTextReaderImpl..ctor(String uriStr, XmlReaderSettings settings, XmlParserContext context, XmlResolver uriResolver)
   at System.Xml.XmlReaderSettings.CreateReader(String inputUri, XmlParserContext inputContext)
   at System.Xml.XmlReader.Create(String inputUri, XmlReaderSettings settings, XmlParserContext inputContext)
   at System.Xml.Linq.XDocument.Load(String uri, LoadOptions options)
   at Tavisca.Validation.DynamicXmlParser..ctor(String filePath)
   at Tavisca.Validation.ValidationBuilder.Build(String configFilePath)
   at Tavisca.Validation.Validation.Build(String configurationFilePath)
   at Tavisca.Catapult.External.ValidationTest.ActivityPriceRequestValidationTest.InitializeValidation() in d:\Code\TOM\Catapult\Code\trunk\CatapultServices\Tavisca.Catapult.External.ValidationTest\ActivityPriceRequestValidationTest.cs:line 35
</StackTrace>
        </ErrorInfo>
      </Output>
    </UnitTestResult>
    <UnitTestResult executionId="a2ca2a20-3e09-46c7-9309-7ec93a71ada4" testId="da8fba84-7ee8-52a1-5cad-d936e59ffea4" testName="ActivityPriceRequestForActivityOptionCodeValueIsEmptyInValidTest" computerName="PHOENIXX" duration="00:00:00.0009424" startTime="2013-08-09T22:01:52.6633260+05:30" endTime="2013-08-09T22:01:52.6643263+05:30" testType="13cdc9d9-ddb5-4fa4-a97d-d965ccfc6d4b" outcome="Failed" testListId="8c84fa94-04c1-424b-9868-57a2d4851a1d" relativeResultsDirectory="a2ca2a20-3e09-46c7-9309-7ec93a71ada4">
      <Output>
        <ErrorInfo>
          <Message>Initialization method Tavisca.Catapult.External.ValidationTest.ActivityPriceRequestValidationTest.InitializeValidation threw exception. System.IO.DirectoryNotFoundException: System.IO.DirectoryNotFoundException: Could not find a part of the path 'D:\CodeBase\Catapult\trunk\CatapultServices\Tavisca.Catapult.External.ValidationTest\Validation.xml'..</Message>
          <StackTrace>    at System.IO.__Error.WinIOError(Int32 errorCode, String maybeFullPath)
   at System.IO.FileStream.Init(String path, FileMode mode, FileAccess access, Int32 rights, Boolean useRights, FileShare share, Int32 bufferSize, FileOptions options, SECURITY_ATTRIBUTES secAttrs, String msgPath, Boolean bFromProxy, Boolean useLongPath, Boolean checkHost)
   at System.IO.FileStream..ctor(String path, FileMode mode, FileAccess access, FileShare share, Int32 bufferSize)
   at System.Xml.XmlDownloadManager.GetStream(Uri uri, ICredentials credentials, IWebProxy proxy, RequestCachePolicy cachePolicy)
   at System.Xml.XmlUrlResolver.GetEntity(Uri absoluteUri, String role, Type ofObjectToReturn)
   at System.Xml.XmlTextReaderImpl.FinishInitUriString()
   at System.Xml.XmlTextReaderImpl..ctor(String uriStr, XmlReaderSettings settings, XmlParserContext context, XmlResolver uriResolver)
   at System.Xml.XmlReaderSettings.CreateReader(String inputUri, XmlParserContext inputContext)
   at System.Xml.XmlReader.Create(String inputUri, XmlReaderSettings settings, XmlParserContext inputContext)
   at System.Xml.Linq.XDocument.Load(String uri, LoadOptions options)
   at Tavisca.Validation.DynamicXmlParser..ctor(String filePath)
   at Tavisca.Validation.ValidationBuilder.Build(String configFilePath)
   at Tavisca.Validation.Validation.Build(String configurationFilePath)
   at Tavisca.Catapult.External.ValidationTest.ActivityPriceRequestValidationTest.InitializeValidation() in d:\Code\TOM\Catapult\Code\trunk\CatapultServices\Tavisca.Catapult.External.ValidationTest\ActivityPriceRequestValidationTest.cs:line 35
</StackTrace>
        </ErrorInfo>
      </Output>
    </UnitTestResult>
    <UnitTestResult executionId="e683c5c0-17a8-4839-9ab8-9f485fb57a40" testId="d94674ff-c7ad-c9fd-e333-5bd4d1aa3c07" testName="ActivityPriceRequestForOptionCodeValueIsAlphaNumericInValidTest" computerName="PHOENIXX" duration="00:00:00.0009411" startTime="2013-08-09T22:01:52.6643263+05:30" endTime="2013-08-09T22:01:52.6653266+05:30" testType="13cdc9d9-ddb5-4fa4-a97d-d965ccfc6d4b" outcome="Failed" testListId="8c84fa94-04c1-424b-9868-57a2d4851a1d" relativeResultsDirectory="e683c5c0-17a8-4839-9ab8-9f485fb57a40">
      <Output>
        <ErrorInfo>
          <Message>Initialization method Tavisca.Catapult.External.ValidationTest.ActivityPriceRequestValidationTest.InitializeValidation threw exception. System.IO.DirectoryNotFoundException: System.IO.DirectoryNotFoundException: Could not find a part of the path 'D:\CodeBase\Catapult\trunk\CatapultServices\Tavisca.Catapult.External.ValidationTest\Validation.xml'..</Message>
          <StackTrace>    at System.IO.__Error.WinIOError(Int32 errorCode, String maybeFullPath)
   at System.IO.FileStream.Init(String path, FileMode mode, FileAccess access, Int32 rights, Boolean useRights, FileShare share, Int32 bufferSize, FileOptions options, SECURITY_ATTRIBUTES secAttrs, String msgPath, Boolean bFromProxy, Boolean useLongPath, Boolean checkHost)
   at System.IO.FileStream..ctor(String path, FileMode mode, FileAccess access, FileShare share, Int32 bufferSize)
   at System.Xml.XmlDownloadManager.GetStream(Uri uri, ICredentials credentials, IWebProxy proxy, RequestCachePolicy cachePolicy)
   at System.Xml.XmlUrlResolver.GetEntity(Uri absoluteUri, String role, Type ofObjectToReturn)
   at System.Xml.XmlTextReaderImpl.FinishInitUriString()
   at System.Xml.XmlTextReaderImpl..ctor(String uriStr, XmlReaderSettings settings, XmlParserContext context, XmlResolver uriResolver)
   at System.Xml.XmlReaderSettings.CreateReader(String inputUri, XmlParserContext inputContext)
   at System.Xml.XmlReader.Create(String inputUri, XmlReaderSettings settings, XmlParserContext inputContext)
   at System.Xml.Linq.XDocument.Load(String uri, LoadOptions options)
   at Tavisca.Validation.DynamicXmlParser..ctor(String filePath)
   at Tavisca.Validation.ValidationBuilder.Build(String configFilePath)
   at Tavisca.Validation.Validation.Build(String configurationFilePath)
   at Tavisca.Catapult.External.ValidationTest.ActivityPriceRequestValidationTest.InitializeValidation() in d:\Code\TOM\Catapult\Code\trunk\CatapultServices\Tavisca.Catapult.External.ValidationTest\ActivityPriceRequestValidationTest.cs:line 35
</StackTrace>
        </ErrorInfo>
      </Output>
    </UnitTestResult>
    <UnitTestResult executionId="466db9c2-7208-4526-bbbb-706988c92f85" testId="1255979c-dd12-5c03-9cce-4fd44da5be15" testName="ActivityPriceRequestForOptionCodeValueContainsSpecialCharInValidTest" computerName="PHOENIXX" duration="00:00:00.0009398" startTime="2013-08-09T22:01:52.6653266+05:30" endTime="2013-08-09T22:01:52.6663269+05:30" testType="13cdc9d9-ddb5-4fa4-a97d-d965ccfc6d4b" outcome="Failed" testListId="8c84fa94-04c1-424b-9868-57a2d4851a1d" relativeResultsDirectory="466db9c2-7208-4526-bbbb-706988c92f85">
      <Output>
        <ErrorInfo>
          <Message>Initialization method Tavisca.Catapult.External.ValidationTest.ActivityPriceRequestValidationTest.InitializeValidation threw exception. System.IO.DirectoryNotFoundException: System.IO.DirectoryNotFoundException: Could not find a part of the path 'D:\CodeBase\Catapult\trunk\CatapultServices\Tavisca.Catapult.External.ValidationTest\Validation.xml'..</Message>
          <StackTrace>    at System.IO.__Error.WinIOError(Int32 errorCode, String maybeFullPath)
   at System.IO.FileStream.Init(String path, FileMode mode, FileAccess access, Int32 rights, Boolean useRights, FileShare share, Int32 bufferSize, FileOptions options, SECURITY_ATTRIBUTES secAttrs, String msgPath, Boolean bFromProxy, Boolean useLongPath, Boolean checkHost)
   at System.IO.FileStream..ctor(String path, FileMode mode, FileAccess access, FileShare share, Int32 bufferSize)
   at System.Xml.XmlDownloadManager.GetStream(Uri uri, ICredentials credentials, IWebProxy proxy, RequestCachePolicy cachePolicy)
   at System.Xml.XmlUrlResolver.GetEntity(Uri absoluteUri, String role, Type ofObjectToReturn)
   at System.Xml.XmlTextReaderImpl.FinishInitUriString()
   at System.Xml.XmlTextReaderImpl..ctor(String uriStr, XmlReaderSettings settings, XmlParserContext context, XmlResolver uriResolver)
   at System.Xml.XmlReaderSettings.CreateReader(String inputUri, XmlParserContext inputContext)
   at System.Xml.XmlReader.Create(String inputUri, XmlReaderSettings settings, XmlParserContext inputContext)
   at System.Xml.Linq.XDocument.Load(String uri, LoadOptions options)
   at Tavisca.Validation.DynamicXmlParser..ctor(String filePath)
   at Tavisca.Validation.ValidationBuilder.Build(String configFilePath)
   at Tavisca.Validation.Validation.Build(String configurationFilePath)
   at Tavisca.Catapult.External.ValidationTest.ActivityPriceRequestValidationTest.InitializeValidation() in d:\Code\TOM\Catapult\Code\trunk\CatapultServices\Tavisca.Catapult.External.ValidationTest\ActivityPriceRequestValidationTest.cs:line 35
</StackTrace>
        </ErrorInfo>
      </Output>
    </UnitTestResult>
    <UnitTestResult executionId="ecab85ec-4e70-4bd1-9dc9-e8a9b5a22ef6" testId="688247ae-9835-94fe-9b52-3912857e06d2" testName="ActivityPriceRequestForOptionCodeValueContainsSpaceInValidTest" computerName="PHOENIXX" duration="00:00:00.0009443" startTime="2013-08-09T22:01:52.6673272+05:30" endTime="2013-08-09T22:01:52.6683275+05:30" testType="13cdc9d9-ddb5-4fa4-a97d-d965ccfc6d4b" outcome="Failed" testListId="8c84fa94-04c1-424b-9868-57a2d4851a1d" relativeResultsDirectory="ecab85ec-4e70-4bd1-9dc9-e8a9b5a22ef6">
      <Output>
        <ErrorInfo>
          <Message>Initialization method Tavisca.Catapult.External.ValidationTest.ActivityPriceRequestValidationTest.InitializeValidation threw exception. System.IO.DirectoryNotFoundException: System.IO.DirectoryNotFoundException: Could not find a part of the path 'D:\CodeBase\Catapult\trunk\CatapultServices\Tavisca.Catapult.External.ValidationTest\Validation.xml'..</Message>
          <StackTrace>    at System.IO.__Error.WinIOError(Int32 errorCode, String maybeFullPath)
   at System.IO.FileStream.Init(String path, FileMode mode, FileAccess access, Int32 rights, Boolean useRights, FileShare share, Int32 bufferSize, FileOptions options, SECURITY_ATTRIBUTES secAttrs, String msgPath, Boolean bFromProxy, Boolean useLongPath, Boolean checkHost)
   at System.IO.FileStream..ctor(String path, FileMode mode, FileAccess access, FileShare share, Int32 bufferSize)
   at System.Xml.XmlDownloadManager.GetStream(Uri uri, ICredentials credentials, IWebProxy proxy, RequestCachePolicy cachePolicy)
   at System.Xml.XmlUrlResolver.GetEntity(Uri absoluteUri, String role, Type ofObjectToReturn)
   at System.Xml.XmlTextReaderImpl.FinishInitUriString()
   at System.Xml.XmlTextReaderImpl..ctor(String uriStr, XmlReaderSettings settings, XmlParserContext context, XmlResolver uriResolver)
   at System.Xml.XmlReaderSettings.CreateReader(String inputUri, XmlParserContext inputContext)
   at System.Xml.XmlReader.Create(String inputUri, XmlReaderSettings settings, XmlParserContext inputContext)
   at System.Xml.Linq.XDocument.Load(String uri, LoadOptions options)
   at Tavisca.Validation.DynamicXmlParser..ctor(String filePath)
   at Tavisca.Validation.ValidationBuilder.Build(String configFilePath)
   at Tavisca.Validation.Validation.Build(String configurationFilePath)
   at Tavisca.Catapult.External.ValidationTest.ActivityPriceRequestValidationTest.InitializeValidation() in d:\Code\TOM\Catapult\Code\trunk\CatapultServices\Tavisca.Catapult.External.ValidationTest\ActivityPriceRequestValidationTest.cs:line 35
</StackTrace>
        </ErrorInfo>
      </Output>
    </UnitTestResult>
    <UnitTestResult executionId="10d7392c-089c-4015-8027-992a3ad5859a" testId="699e00d4-2bc0-0df2-7c9c-cee3c9d5ba66" testName="ActivityPriceRequestForRateCodeValueIsNullInValidTest" computerName="PHOENIXX" duration="00:00:00.0009392" startTime="2013-08-09T22:01:52.6683275+05:30" endTime="2013-08-09T22:01:52.6693278+05:30" testType="13cdc9d9-ddb5-4fa4-a97d-d965ccfc6d4b" outcome="Failed" testListId="8c84fa94-04c1-424b-9868-57a2d4851a1d" relativeResultsDirectory="10d7392c-089c-4015-8027-992a3ad5859a">
      <Output>
        <ErrorInfo>
          <Message>Initialization method Tavisca.Catapult.External.ValidationTest.ActivityPriceRequestValidationTest.InitializeValidation threw exception. System.IO.DirectoryNotFoundException: System.IO.DirectoryNotFoundException: Could not find a part of the path 'D:\CodeBase\Catapult\trunk\CatapultServices\Tavisca.Catapult.External.ValidationTest\Validation.xml'..</Message>
          <StackTrace>    at System.IO.__Error.WinIOError(Int32 errorCode, String maybeFullPath)
   at System.IO.FileStream.Init(String path, FileMode mode, FileAccess access, Int32 rights, Boolean useRights, FileShare share, Int32 bufferSize, FileOptions options, SECURITY_ATTRIBUTES secAttrs, String msgPath, Boolean bFromProxy, Boolean useLongPath, Boolean checkHost)
   at System.IO.FileStream..ctor(String path, FileMode mode, FileAccess access, FileShare share, Int32 bufferSize)
   at System.Xml.XmlDownloadManager.GetStream(Uri uri, ICredentials credentials, IWebProxy proxy, RequestCachePolicy cachePolicy)
   at System.Xml.XmlUrlResolver.GetEntity(Uri absoluteUri, String role, Type ofObjectToReturn)
   at System.Xml.XmlTextReaderImpl.FinishInitUriString()
   at System.Xml.XmlTextReaderImpl..ctor(String uriStr, XmlReaderSettings settings, XmlParserContext context, XmlResolver uriResolver)
   at System.Xml.XmlReaderSettings.CreateReader(String inputUri, XmlParserContext inputContext)
   at System.Xml.XmlReader.Create(String inputUri, XmlReaderSettings settings, XmlParserContext inputContext)
   at System.Xml.Linq.XDocument.Load(String uri, LoadOptions options)
   at Tavisca.Validation.DynamicXmlParser..ctor(String filePath)
   at Tavisca.Validation.ValidationBuilder.Build(String configFilePath)
   at Tavisca.Validation.Validation.Build(String configurationFilePath)
   at Tavisca.Catapult.External.ValidationTest.ActivityPriceRequestValidationTest.InitializeValidation() in d:\Code\TOM\Catapult\Code\trunk\CatapultServices\Tavisca.Catapult.External.ValidationTest\ActivityPriceRequestValidationTest.cs:line 35
</StackTrace>
        </ErrorInfo>
      </Output>
    </UnitTestResult>
    <UnitTestResult executionId="e50f13a4-afe4-44e5-b892-e5b07391f768" testId="3e35f30d-9b35-c6b4-77bc-0d63b1beab1d" testName="ActivityPriceRequestForRateCodeValueIsEmptyInValidTest" computerName="PHOENIXX" duration="00:00:00.0009591" startTime="2013-08-09T22:01:52.6693278+05:30" endTime="2013-08-09T22:01:52.6703281+05:30" testType="13cdc9d9-ddb5-4fa4-a97d-d965ccfc6d4b" outcome="Failed" testListId="8c84fa94-04c1-424b-9868-57a2d4851a1d" relativeResultsDirectory="e50f13a4-afe4-44e5-b892-e5b07391f768">
      <Output>
        <ErrorInfo>
          <Message>Initialization method Tavisca.Catapult.External.ValidationTest.ActivityPriceRequestValidationTest.InitializeValidation threw exception. System.IO.DirectoryNotFoundException: System.IO.DirectoryNotFoundException: Could not find a part of the path 'D:\CodeBase\Catapult\trunk\CatapultServices\Tavisca.Catapult.External.ValidationTest\Validation.xml'..</Message>
          <StackTrace>    at System.IO.__Error.WinIOError(Int32 errorCode, String maybeFullPath)
   at System.IO.FileStream.Init(String path, FileMode mode, FileAccess access, Int32 rights, Boolean useRights, FileShare share, Int32 bufferSize, FileOptions options, SECURITY_ATTRIBUTES secAttrs, String msgPath, Boolean bFromProxy, Boolean useLongPath, Boolean checkHost)
   at System.IO.FileStream..ctor(String path, FileMode mode, FileAccess access, FileShare share, Int32 bufferSize)
   at System.Xml.XmlDownloadManager.GetStream(Uri uri, ICredentials credentials, IWebProxy proxy, RequestCachePolicy cachePolicy)
   at System.Xml.XmlUrlResolver.GetEntity(Uri absoluteUri, String role, Type ofObjectToReturn)
   at System.Xml.XmlTextReaderImpl.FinishInitUriString()
   at System.Xml.XmlTextReaderImpl..ctor(String uriStr, XmlReaderSettings settings, XmlParserContext context, XmlResolver uriResolver)
   at System.Xml.XmlReaderSettings.CreateReader(String inputUri, XmlParserContext inputContext)
   at System.Xml.XmlReader.Create(String inputUri, XmlReaderSettings settings, XmlParserContext inputContext)
   at System.Xml.Linq.XDocument.Load(String uri, LoadOptions options)
   at Tavisca.Validation.DynamicXmlParser..ctor(String filePath)
   at Tavisca.Validation.ValidationBuilder.Build(String configFilePath)
   at Tavisca.Validation.Validation.Build(String configurationFilePath)
   at Tavisca.Catapult.External.ValidationTest.ActivityPriceRequestValidationTest.InitializeValidation() in d:\Code\TOM\Catapult\Code\trunk\CatapultServices\Tavisca.Catapult.External.ValidationTest\ActivityPriceRequestValidationTest.cs:line 35
</StackTrace>
        </ErrorInfo>
      </Output>
    </UnitTestResult>
    <UnitTestResult executionId="84c9cf34-24f5-4caf-8aec-6af0cbfce370" testId="2fb08a23-dd59-45bd-a362-038febfa3293" testName="ActivityPriceRequestForRateCodeValueIsAlphaNumericInValidTest" computerName="PHOENIXX" duration="00:00:00.0009572" startTime="2013-08-09T22:01:52.6703281+05:30" endTime="2013-08-09T22:01:52.6713284+05:30" testType="13cdc9d9-ddb5-4fa4-a97d-d965ccfc6d4b" outcome="Failed" testListId="8c84fa94-04c1-424b-9868-57a2d4851a1d" relativeResultsDirectory="84c9cf34-24f5-4caf-8aec-6af0cbfce370">
      <Output>
        <ErrorInfo>
          <Message>Initialization method Tavisca.Catapult.External.ValidationTest.ActivityPriceRequestValidationTest.InitializeValidation threw exception. System.IO.DirectoryNotFoundException: System.IO.DirectoryNotFoundException: Could not find a part of the path 'D:\CodeBase\Catapult\trunk\CatapultServices\Tavisca.Catapult.External.ValidationTest\Validation.xml'..</Message>
          <StackTrace>    at System.IO.__Error.WinIOError(Int32 errorCode, String maybeFullPath)
   at System.IO.FileStream.Init(String path, FileMode mode, FileAccess access, Int32 rights, Boolean useRights, FileShare share, Int32 bufferSize, FileOptions options, SECURITY_ATTRIBUTES secAttrs, String msgPath, Boolean bFromProxy, Boolean useLongPath, Boolean checkHost)
   at System.IO.FileStream..ctor(String path, FileMode mode, FileAccess access, FileShare share, Int32 bufferSize)
   at System.Xml.XmlDownloadManager.GetStream(Uri uri, ICredentials credentials, IWebProxy proxy, RequestCachePolicy cachePolicy)
   at System.Xml.XmlUrlResolver.GetEntity(Uri absoluteUri, String role, Type ofObjectToReturn)
   at System.Xml.XmlTextReaderImpl.FinishInitUriString()
   at System.Xml.XmlTextReaderImpl..ctor(String uriStr, XmlReaderSettings settings, XmlParserContext context, XmlResolver uriResolver)
   at System.Xml.XmlReaderSettings.CreateReader(String inputUri, XmlParserContext inputContext)
   at System.Xml.XmlReader.Create(String inputUri, XmlReaderSettings settings, XmlParserContext inputContext)
   at System.Xml.Linq.XDocument.Load(String uri, LoadOptions options)
   at Tavisca.Validation.DynamicXmlParser..ctor(String filePath)
   at Tavisca.Validation.ValidationBuilder.Build(String configFilePath)
   at Tavisca.Validation.Validation.Build(String configurationFilePath)
   at Tavisca.Catapult.External.ValidationTest.ActivityPriceRequestValidationTest.InitializeValidation() in d:\Code\TOM\Catapult\Code\trunk\CatapultServices\Tavisca.Catapult.External.ValidationTest\ActivityPriceRequestValidationTest.cs:line 35
</StackTrace>
        </ErrorInfo>
      </Output>
    </UnitTestResult>
    <UnitTestResult executionId="112ecf78-d82c-4b33-9401-088eba2ad977" testId="bba9958d-09cb-acc0-9298-d22454c488e9" testName="ActivityPriceRequestForRateCodeValueContainsSpecialCharInValidTest" computerName="PHOENIXX" duration="00:00:00.0009507" startTime="2013-08-09T22:01:52.6713284+05:30" endTime="2013-08-09T22:01:52.6723287+05:30" testType="13cdc9d9-ddb5-4fa4-a97d-d965ccfc6d4b" outcome="Failed" testListId="8c84fa94-04c1-424b-9868-57a2d4851a1d" relativeResultsDirectory="112ecf78-d82c-4b33-9401-088eba2ad977">
      <Output>
        <ErrorInfo>
          <Message>Initialization method Tavisca.Catapult.External.ValidationTest.ActivityPriceRequestValidationTest.InitializeValidation threw exception. System.IO.DirectoryNotFoundException: System.IO.DirectoryNotFoundException: Could not find a part of the path 'D:\CodeBase\Catapult\trunk\CatapultServices\Tavisca.Catapult.External.ValidationTest\Validation.xml'..</Message>
          <StackTrace>    at System.IO.__Error.WinIOError(Int32 errorCode, String maybeFullPath)
   at System.IO.FileStream.Init(String path, FileMode mode, FileAccess access, Int32 rights, Boolean useRights, FileShare share, Int32 bufferSize, FileOptions options, SECURITY_ATTRIBUTES secAttrs, String msgPath, Boolean bFromProxy, Boolean useLongPath, Boolean checkHost)
   at System.IO.FileStream..ctor(String path, FileMode mode, FileAccess access, FileShare share, Int32 bufferSize)
   at System.Xml.XmlDownloadManager.GetStream(Uri uri, ICredentials credentials, IWebProxy proxy, RequestCachePolicy cachePolicy)
   at System.Xml.XmlUrlResolver.GetEntity(Uri absoluteUri, String role, Type ofObjectToReturn)
   at System.Xml.XmlTextReaderImpl.FinishInitUriString()
   at System.Xml.XmlTextReaderImpl..ctor(String uriStr, XmlReaderSettings settings, XmlParserContext context, XmlResolver uriResolver)
   at System.Xml.XmlReaderSettings.CreateReader(String inputUri, XmlParserContext inputContext)
   at System.Xml.XmlReader.Create(String inputUri, XmlReaderSettings settings, XmlParserContext inputContext)
   at System.Xml.Linq.XDocument.Load(String uri, LoadOptions options)
   at Tavisca.Validation.DynamicXmlParser..ctor(String filePath)
   at Tavisca.Validation.ValidationBuilder.Build(String configFilePath)
   at Tavisca.Validation.Validation.Build(String configurationFilePath)
   at Tavisca.Catapult.External.ValidationTest.ActivityPriceRequestValidationTest.InitializeValidation() in d:\Code\TOM\Catapult\Code\trunk\CatapultServices\Tavisca.Catapult.External.ValidationTest\ActivityPriceRequestValidationTest.cs:line 35
</StackTrace>
        </ErrorInfo>
      </Output>
    </UnitTestResult>
    <UnitTestResult executionId="95bfea17-aa7a-4f14-a252-2567f84f16fc" testId="9f865098-c919-805b-5ec2-18839f9dcff1" testName="ActivityPriceRequestForRateCodeValueContainsSpaceInValidTest" computerName="PHOENIXX" duration="00:00:00.0009860" startTime="2013-08-09T22:01:52.6723287+05:30" endTime="2013-08-09T22:01:52.6733290+05:30" testType="13cdc9d9-ddb5-4fa4-a97d-d965ccfc6d4b" outcome="Failed" testListId="8c84fa94-04c1-424b-9868-57a2d4851a1d" relativeResultsDirectory="95bfea17-aa7a-4f14-a252-2567f84f16fc">
      <Output>
        <ErrorInfo>
          <Message>Initialization method Tavisca.Catapult.External.ValidationTest.ActivityPriceRequestValidationTest.InitializeValidation threw exception. System.IO.DirectoryNotFoundException: System.IO.DirectoryNotFoundException: Could not find a part of the path 'D:\CodeBase\Catapult\trunk\CatapultServices\Tavisca.Catapult.External.ValidationTest\Validation.xml'..</Message>
          <StackTrace>    at System.IO.__Error.WinIOError(Int32 errorCode, String maybeFullPath)
   at System.IO.FileStream.Init(String path, FileMode mode, FileAccess access, Int32 rights, Boolean useRights, FileShare share, Int32 bufferSize, FileOptions options, SECURITY_ATTRIBUTES secAttrs, String msgPath, Boolean bFromProxy, Boolean useLongPath, Boolean checkHost)
   at System.IO.FileStream..ctor(String path, FileMode mode, FileAccess access, FileShare share, Int32 bufferSize)
   at System.Xml.XmlDownloadManager.GetStream(Uri uri, ICredentials credentials, IWebProxy proxy, RequestCachePolicy cachePolicy)
   at System.Xml.XmlUrlResolver.GetEntity(Uri absoluteUri, String role, Type ofObjectToReturn)
   at System.Xml.XmlTextReaderImpl.FinishInitUriString()
   at System.Xml.XmlTextReaderImpl..ctor(String uriStr, XmlReaderSettings settings, XmlParserContext context, XmlResolver uriResolver)
   at System.Xml.XmlReaderSettings.CreateReader(String inputUri, XmlParserContext inputContext)
   at System.Xml.XmlReader.Create(String inputUri, XmlReaderSettings settings, XmlParserContext inputContext)
   at System.Xml.Linq.XDocument.Load(String uri, LoadOptions options)
   at Tavisca.Validation.DynamicXmlParser..ctor(String filePath)
   at Tavisca.Validation.ValidationBuilder.Build(String configFilePath)
   at Tavisca.Validation.Validation.Build(String configurationFilePath)
   at Tavisca.Catapult.External.ValidationTest.ActivityPriceRequestValidationTest.InitializeValidation() in d:\Code\TOM\Catapult\Code\trunk\CatapultServices\Tavisca.Catapult.External.ValidationTest\ActivityPriceRequestValidationTest.cs:line 35
</StackTrace>
        </ErrorInfo>
      </Output>
    </UnitTestResult>
    <UnitTestResult executionId="146017d2-219f-40d8-850e-a5cc5299b624" testId="e90b8034-6803-277c-3d7f-f2a50be6a38f" testName="ActivityPriceRequestForSelectedDateValidTest" computerName="PHOENIXX" duration="00:00:00.0009488" startTime="2013-08-09T22:01:52.6733290+05:30" endTime="2013-08-09T22:01:52.6743293+05:30" testType="13cdc9d9-ddb5-4fa4-a97d-d965ccfc6d4b" outcome="Failed" testListId="8c84fa94-04c1-424b-9868-57a2d4851a1d" relativeResultsDirectory="146017d2-219f-40d8-850e-a5cc5299b624">
      <Output>
        <ErrorInfo>
          <Message>Initialization method Tavisca.Catapult.External.ValidationTest.ActivityPriceRequestValidationTest.InitializeValidation threw exception. System.IO.DirectoryNotFoundException: System.IO.DirectoryNotFoundException: Could not find a part of the path 'D:\CodeBase\Catapult\trunk\CatapultServices\Tavisca.Catapult.External.ValidationTest\Validation.xml'..</Message>
          <StackTrace>    at System.IO.__Error.WinIOError(Int32 errorCode, String maybeFullPath)
   at System.IO.FileStream.Init(String path, FileMode mode, FileAccess access, Int32 rights, Boolean useRights, FileShare share, Int32 bufferSize, FileOptions options, SECURITY_ATTRIBUTES secAttrs, String msgPath, Boolean bFromProxy, Boolean useLongPath, Boolean checkHost)
   at System.IO.FileStream..ctor(String path, FileMode mode, FileAccess access, FileShare share, Int32 bufferSize)
   at System.Xml.XmlDownloadManager.GetStream(Uri uri, ICredentials credentials, IWebProxy proxy, RequestCachePolicy cachePolicy)
   at System.Xml.XmlUrlResolver.GetEntity(Uri absoluteUri, String role, Type ofObjectToReturn)
   at System.Xml.XmlTextReaderImpl.FinishInitUriString()
   at System.Xml.XmlTextReaderImpl..ctor(String uriStr, XmlReaderSettings settings, XmlParserContext context, XmlResolver uriResolver)
   at System.Xml.XmlReaderSettings.CreateReader(String inputUri, XmlParserContext inputContext)
   at System.Xml.XmlReader.Create(String inputUri, XmlReaderSettings settings, XmlParserContext inputContext)
   at System.Xml.Linq.XDocument.Load(String uri, LoadOptions options)
   at Tavisca.Validation.DynamicXmlParser..ctor(String filePath)
   at Tavisca.Validation.ValidationBuilder.Build(String configFilePath)
   at Tavisca.Validation.Validation.Build(String configurationFilePath)
   at Tavisca.Catapult.External.ValidationTest.ActivityPriceRequestValidationTest.InitializeValidation() in d:\Code\TOM\Catapult\Code\trunk\CatapultServices\Tavisca.Catapult.External.ValidationTest\ActivityPriceRequestValidationTest.cs:line 35
</StackTrace>
        </ErrorInfo>
      </Output>
    </UnitTestResult>
    <UnitTestResult executionId="6da929b3-b95a-4e5e-92eb-8025632e314f" testId="3648e9f7-7baf-5ba8-edae-f248c9b72d18" testName="ActivityPriceRequestForSelectedDateDateLessThanTodaysDateInValidTest" computerName="PHOENIXX" duration="00:00:00.0009713" startTime="2013-08-09T22:01:52.6743293+05:30" endTime="2013-08-09T22:01:52.6753296+05:30" testType="13cdc9d9-ddb5-4fa4-a97d-d965ccfc6d4b" outcome="Failed" testListId="8c84fa94-04c1-424b-9868-57a2d4851a1d" relativeResultsDirectory="6da929b3-b95a-4e5e-92eb-8025632e314f">
      <Output>
        <ErrorInfo>
          <Message>Initialization method Tavisca.Catapult.External.ValidationTest.ActivityPriceRequestValidationTest.InitializeValidation threw exception. System.IO.DirectoryNotFoundException: System.IO.DirectoryNotFoundException: Could not find a part of the path 'D:\CodeBase\Catapult\trunk\CatapultServices\Tavisca.Catapult.External.ValidationTest\Validation.xml'..</Message>
          <StackTrace>    at System.IO.__Error.WinIOError(Int32 errorCode, String maybeFullPath)
   at System.IO.FileStream.Init(String path, FileMode mode, FileAccess access, Int32 rights, Boolean useRights, FileShare share, Int32 bufferSize, FileOptions options, SECURITY_ATTRIBUTES secAttrs, String msgPath, Boolean bFromProxy, Boolean useLongPath, Boolean checkHost)
   at System.IO.FileStream..ctor(String path, FileMode mode, FileAccess access, FileShare share, Int32 bufferSize)
   at System.Xml.XmlDownloadManager.GetStream(Uri uri, ICredentials credentials, IWebProxy proxy, RequestCachePolicy cachePolicy)
   at System.Xml.XmlUrlResolver.GetEntity(Uri absoluteUri, String role, Type ofObjectToReturn)
   at System.Xml.XmlTextReaderImpl.FinishInitUriString()
   at System.Xml.XmlTextReaderImpl..ctor(String uriStr, XmlReaderSettings settings, XmlParserContext context, XmlResolver uriResolver)
   at System.Xml.XmlReaderSettings.CreateReader(String inputUri, XmlParserContext inputContext)
   at System.Xml.XmlReader.Create(String inputUri, XmlReaderSettings settings, XmlParserContext inputContext)
   at System.Xml.Linq.XDocument.Load(String uri, LoadOptions options)
   at Tavisca.Validation.DynamicXmlParser..ctor(String filePath)
   at Tavisca.Validation.ValidationBuilder.Build(String configFilePath)
   at Tavisca.Validation.Validation.Build(String configurationFilePath)
   at Tavisca.Catapult.External.ValidationTest.ActivityPriceRequestValidationTest.InitializeValidation() in d:\Code\TOM\Catapult\Code\trunk\CatapultServices\Tavisca.Catapult.External.ValidationTest\ActivityPriceRequestValidationTest.cs:line 35
</StackTrace>
        </ErrorInfo>
      </Output>
    </UnitTestResult>
    <UnitTestResult executionId="e3c37c30-899d-4b79-bc20-5e7367748753" testId="b38da5a8-d43f-158e-13cf-8d6184835f99" testName="ActivityPriceRequestForSelectedDateDateOneYearAdvanceCheckInInValidTest" computerName="PHOENIXX" duration="00:00:00.0009450" startTime="2013-08-09T22:01:52.6763299+05:30" endTime="2013-08-09T22:01:52.6773302+05:30" testType="13cdc9d9-ddb5-4fa4-a97d-d965ccfc6d4b" outcome="Failed" testListId="8c84fa94-04c1-424b-9868-57a2d4851a1d" relativeResultsDirectory="e3c37c30-899d-4b79-bc20-5e7367748753">
      <Output>
        <ErrorInfo>
          <Message>Initialization method Tavisca.Catapult.External.ValidationTest.ActivityPriceRequestValidationTest.InitializeValidation threw exception. System.IO.DirectoryNotFoundException: System.IO.DirectoryNotFoundException: Could not find a part of the path 'D:\CodeBase\Catapult\trunk\CatapultServices\Tavisca.Catapult.External.ValidationTest\Validation.xml'..</Message>
          <StackTrace>    at System.IO.__Error.WinIOError(Int32 errorCode, String maybeFullPath)
   at System.IO.FileStream.Init(String path, FileMode mode, FileAccess access, Int32 rights, Boolean useRights, FileShare share, Int32 bufferSize, FileOptions options, SECURITY_ATTRIBUTES secAttrs, String msgPath, Boolean bFromProxy, Boolean useLongPath, Boolean checkHost)
   at System.IO.FileStream..ctor(String path, FileMode mode, FileAccess access, FileShare share, Int32 bufferSize)
   at System.Xml.XmlDownloadManager.GetStream(Uri uri, ICredentials credentials, IWebProxy proxy, RequestCachePolicy cachePolicy)
   at System.Xml.XmlUrlResolver.GetEntity(Uri absoluteUri, String role, Type ofObjectToReturn)
   at System.Xml.XmlTextReaderImpl.FinishInitUriString()
   at System.Xml.XmlTextReaderImpl..ctor(String uriStr, XmlReaderSettings settings, XmlParserContext context, XmlResolver uriResolver)
   at System.Xml.XmlReaderSettings.CreateReader(String inputUri, XmlParserContext inputContext)
   at System.Xml.XmlReader.Create(String inputUri, XmlReaderSettings settings, XmlParserContext inputContext)
   at System.Xml.Linq.XDocument.Load(String uri, LoadOptions options)
   at Tavisca.Validation.DynamicXmlParser..ctor(String filePath)
   at Tavisca.Validation.ValidationBuilder.Build(String configFilePath)
   at Tavisca.Validation.Validation.Build(String configurationFilePath)
   at Tavisca.Catapult.External.ValidationTest.ActivityPriceRequestValidationTest.InitializeValidation() in d:\Code\TOM\Catapult\Code\trunk\CatapultServices\Tavisca.Catapult.External.ValidationTest\ActivityPriceRequestValidationTest.cs:line 35
</StackTrace>
        </ErrorInfo>
      </Output>
    </UnitTestResult>
    <UnitTestResult executionId="d1d5c0ac-01af-4bd0-8940-11b9698d2c2a" testId="2aa0a4fc-4a0f-9b9d-04e1-3074cd944d05" testName="ActivityPriceRequestForGuestInformationInformationValueIsNullInValidTest" computerName="PHOENIXX" duration="00:00:00.0009501" startTime="2013-08-09T22:01:52.6773302+05:30" endTime="2013-08-09T22:01:52.6783305+05:30" testType="13cdc9d9-ddb5-4fa4-a97d-d965ccfc6d4b" outcome="Failed" testListId="8c84fa94-04c1-424b-9868-57a2d4851a1d" relativeResultsDirectory="d1d5c0ac-01af-4bd0-8940-11b9698d2c2a">
      <Output>
        <ErrorInfo>
          <Message>Initialization method Tavisca.Catapult.External.ValidationTest.ActivityPriceRequestValidationTest.InitializeValidation threw exception. System.IO.DirectoryNotFoundException: System.IO.DirectoryNotFoundException: Could not find a part of the path 'D:\CodeBase\Catapult\trunk\CatapultServices\Tavisca.Catapult.External.ValidationTest\Validation.xml'..</Message>
          <StackTrace>    at System.IO.__Error.WinIOError(Int32 errorCode, String maybeFullPath)
   at System.IO.FileStream.Init(String path, FileMode mode, FileAccess access, Int32 rights, Boolean useRights, FileShare share, Int32 bufferSize, FileOptions options, SECURITY_ATTRIBUTES secAttrs, String msgPath, Boolean bFromProxy, Boolean useLongPath, Boolean checkHost)
   at System.IO.FileStream..ctor(String path, FileMode mode, FileAccess access, FileShare share, Int32 bufferSize)
   at System.Xml.XmlDownloadManager.GetStream(Uri uri, ICredentials credentials, IWebProxy proxy, RequestCachePolicy cachePolicy)
   at System.Xml.XmlUrlResolver.GetEntity(Uri absoluteUri, String role, Type ofObjectToReturn)
   at System.Xml.XmlTextReaderImpl.FinishInitUriString()
   at System.Xml.XmlTextReaderImpl..ctor(String uriStr, XmlReaderSettings settings, XmlParserContext context, XmlResolver uriResolver)
   at System.Xml.XmlReaderSettings.CreateReader(String inputUri, XmlParserContext inputContext)
   at System.Xml.XmlReader.Create(String inputUri, XmlReaderSettings settings, XmlParserContext inputContext)
   at System.Xml.Linq.XDocument.Load(String uri, LoadOptions options)
   at Tavisca.Validation.DynamicXmlParser..ctor(String filePath)
   at Tavisca.Validation.ValidationBuilder.Build(String configFilePath)
   at Tavisca.Validation.Validation.Build(String configurationFilePath)
   at Tavisca.Catapult.External.ValidationTest.ActivityPriceRequestValidationTest.InitializeValidation() in d:\Code\TOM\Catapult\Code\trunk\CatapultServices\Tavisca.Catapult.External.ValidationTest\ActivityPriceRequestValidationTest.cs:line 35
</StackTrace>
        </ErrorInfo>
      </Output>
    </UnitTestResult>
    <UnitTestResult executionId="820b728d-21f9-4c24-ae91-1f1124145bb1" testId="0d313d91-ae29-e395-8bd3-b7be7caa286b" testName="ActivitySearchRequestForStartDateValidTest" computerName="PHOENIXX" duration="00:00:00.0011933" startTime="2013-08-09T22:01:52.6783305+05:30" endTime="2013-08-09T22:01:52.6793308+05:30" testType="13cdc9d9-ddb5-4fa4-a97d-d965ccfc6d4b" outcome="Failed" testListId="8c84fa94-04c1-424b-9868-57a2d4851a1d" relativeResultsDirectory="820b728d-21f9-4c24-ae91-1f1124145bb1">
      <Output>
        <ErrorInfo>
          <Message>Initialization method Tavisca.Catapult.External.ValidationTest.ActivitySearchRequestValidationTest.InitializeValidation threw exception. System.IO.DirectoryNotFoundException: System.IO.DirectoryNotFoundException: Could not find a part of the path 'D:\CodeBase\Catapult\trunk\CatapultServices\Tavisca.Catapult.External.ValidationTest\Validation.xml'..</Message>
          <StackTrace>    at System.IO.__Error.WinIOError(Int32 errorCode, String maybeFullPath)
   at System.IO.FileStream.Init(String path, FileMode mode, FileAccess access, Int32 rights, Boolean useRights, FileShare share, Int32 bufferSize, FileOptions options, SECURITY_ATTRIBUTES secAttrs, String msgPath, Boolean bFromProxy, Boolean useLongPath, Boolean checkHost)
   at System.IO.FileStream..ctor(String path, FileMode mode, FileAccess access, FileShare share, Int32 bufferSize)
   at System.Xml.XmlDownloadManager.GetStream(Uri uri, ICredentials credentials, IWebProxy proxy, RequestCachePolicy cachePolicy)
   at System.Xml.XmlUrlResolver.GetEntity(Uri absoluteUri, String role, Type ofObjectToReturn)
   at System.Xml.XmlTextReaderImpl.FinishInitUriString()
   at System.Xml.XmlTextReaderImpl..ctor(String uriStr, XmlReaderSettings settings, XmlParserContext context, XmlResolver uriResolver)
   at System.Xml.XmlReaderSettings.CreateReader(String inputUri, XmlParserContext inputContext)
   at System.Xml.XmlReader.Create(String inputUri, XmlReaderSettings settings, XmlParserContext inputContext)
   at System.Xml.Linq.XDocument.Load(String uri, LoadOptions options)
   at Tavisca.Validation.DynamicXmlParser..ctor(String filePath)
   at Tavisca.Validation.ValidationBuilder.Build(String configFilePath)
   at Tavisca.Validation.Validation.Build(String configurationFilePath)
   at Tavisca.Catapult.External.ValidationTest.ActivitySearchRequestValidationTest.InitializeValidation() in d:\Code\TOM\Catapult\Code\trunk\CatapultServices\Tavisca.Catapult.External.ValidationTest\ActivitySearchRequestValidationTest.cs:line 35
</StackTrace>
        </ErrorInfo>
      </Output>
    </UnitTestResult>
    <UnitTestResult executionId="19321c42-e63f-4d11-b0d0-753f8b2c12d6" testId="94ef8124-7a3b-12d2-927d-2501c7ba2e28" testName="ActivitySearchRequestForStartDateLessThanTodaysDateInValidTest" computerName="PHOENIXX" duration="00:00:00.0009520" startTime="2013-08-09T22:01:52.6793308+05:30" endTime="2013-08-09T22:01:52.6813314+05:30" testType="13cdc9d9-ddb5-4fa4-a97d-d965ccfc6d4b" outcome="Failed" testListId="8c84fa94-04c1-424b-9868-57a2d4851a1d" relativeResultsDirectory="19321c42-e63f-4d11-b0d0-753f8b2c12d6">
      <Output>
        <ErrorInfo>
          <Message>Initialization method Tavisca.Catapult.External.ValidationTest.ActivitySearchRequestValidationTest.InitializeValidation threw exception. System.IO.DirectoryNotFoundException: System.IO.DirectoryNotFoundException: Could not find a part of the path 'D:\CodeBase\Catapult\trunk\CatapultServices\Tavisca.Catapult.External.ValidationTest\Validation.xml'..</Message>
          <StackTrace>    at System.IO.__Error.WinIOError(Int32 errorCode, String maybeFullPath)
   at System.IO.FileStream.Init(String path, FileMode mode, FileAccess access, Int32 rights, Boolean useRights, FileShare share, Int32 bufferSize, FileOptions options, SECURITY_ATTRIBUTES secAttrs, String msgPath, Boolean bFromProxy, Boolean useLongPath, Boolean checkHost)
   at System.IO.FileStream..ctor(String path, FileMode mode, FileAccess access, FileShare share, Int32 bufferSize)
   at System.Xml.XmlDownloadManager.GetStream(Uri uri, ICredentials credentials, IWebProxy proxy, RequestCachePolicy cachePolicy)
   at System.Xml.XmlUrlResolver.GetEntity(Uri absoluteUri, String role, Type ofObjectToReturn)
   at System.Xml.XmlTextReaderImpl.FinishInitUriString()
   at System.Xml.XmlTextReaderImpl..ctor(String uriStr, XmlReaderSettings settings, XmlParserContext context, XmlResolver uriResolver)
   at System.Xml.XmlReaderSettings.CreateReader(String inputUri, XmlParserContext inputContext)
   at System.Xml.XmlReader.Create(String inputUri, XmlReaderSettings settings, XmlParserContext inputContext)
   at System.Xml.Linq.XDocument.Load(String uri, LoadOptions options)
   at Tavisca.Validation.DynamicXmlParser..ctor(String filePath)
   at Tavisca.Validation.ValidationBuilder.Build(String configFilePath)
   at Tavisca.Validation.Validation.Build(String configurationFilePath)
   at Tavisca.Catapult.External.ValidationTest.ActivitySearchRequestValidationTest.InitializeValidation() in d:\Code\TOM\Catapult\Code\trunk\CatapultServices\Tavisca.Catapult.External.ValidationTest\ActivitySearchRequestValidationTest.cs:line 35
</StackTrace>
        </ErrorInfo>
      </Output>
    </UnitTestResult>
    <UnitTestResult executionId="cec45405-8e54-4869-a254-9faaf54f64fc" testId="a4329c61-1c26-f69c-f599-de1606166e19" testName="ActivitySearchRequestForStartDateOneYearAdvanceStartInValidTest" computerName="PHOENIXX" duration="00:00:00.0010187" startTime="2013-08-09T22:01:52.6813314+05:30" endTime="2013-08-09T22:01:52.6823317+05:30" testType="13cdc9d9-ddb5-4fa4-a97d-d965ccfc6d4b" outcome="Failed" testListId="8c84fa94-04c1-424b-9868-57a2d4851a1d" relativeResultsDirectory="cec45405-8e54-4869-a254-9faaf54f64fc">
      <Output>
        <ErrorInfo>
          <Message>Initialization method Tavisca.Catapult.External.ValidationTest.ActivitySearchRequestValidationTest.InitializeValidation threw exception. System.IO.DirectoryNotFoundException: System.IO.DirectoryNotFoundException: Could not find a part of the path 'D:\CodeBase\Catapult\trunk\CatapultServices\Tavisca.Catapult.External.ValidationTest\Validation.xml'..</Message>
          <StackTrace>    at System.IO.__Error.WinIOError(Int32 errorCode, String maybeFullPath)
   at System.IO.FileStream.Init(String path, FileMode mode, FileAccess access, Int32 rights, Boolean useRights, FileShare share, Int32 bufferSize, FileOptions options, SECURITY_ATTRIBUTES secAttrs, String msgPath, Boolean bFromProxy, Boolean useLongPath, Boolean checkHost)
   at System.IO.FileStream..ctor(String path, FileMode mode, FileAccess access, FileShare share, Int32 bufferSize)
   at System.Xml.XmlDownloadManager.GetStream(Uri uri, ICredentials credentials, IWebProxy proxy, RequestCachePolicy cachePolicy)
   at System.Xml.XmlUrlResolver.GetEntity(Uri absoluteUri, String role, Type ofObjectToReturn)
   at System.Xml.XmlTextReaderImpl.FinishInitUriString()
   at System.Xml.XmlTextReaderImpl..ctor(String uriStr, XmlReaderSettings settings, XmlParserContext context, XmlResolver uriResolver)
   at System.Xml.XmlReaderSettings.CreateReader(String inputUri, XmlParserContext inputContext)
   at System.Xml.XmlReader.Create(String inputUri, XmlReaderSettings settings, XmlParserContext inputContext)
   at System.Xml.Linq.XDocument.Load(String uri, LoadOptions options)
   at Tavisca.Validation.DynamicXmlParser..ctor(String filePath)
   at Tavisca.Validation.ValidationBuilder.Build(String configFilePath)
   at Tavisca.Validation.Validation.Build(String configurationFilePath)
   at Tavisca.Catapult.External.ValidationTest.ActivitySearchRequestValidationTest.InitializeValidation() in d:\Code\TOM\Catapult\Code\trunk\CatapultServices\Tavisca.Catapult.External.ValidationTest\ActivitySearchRequestValidationTest.cs:line 35
</StackTrace>
        </ErrorInfo>
      </Output>
    </UnitTestResult>
    <UnitTestResult executionId="b61d1797-4dbe-4130-a2b7-25715c326c20" testId="d11c7a26-6ebc-6187-914d-282409be426e" testName="ActivitySearchRequestForEndDateValidTest" computerName="PHOENIXX" duration="00:00:00.0009649" startTime="2013-08-09T22:01:52.6823317+05:30" endTime="2013-08-09T22:01:52.6833320+05:30" testType="13cdc9d9-ddb5-4fa4-a97d-d965ccfc6d4b" outcome="Failed" testListId="8c84fa94-04c1-424b-9868-57a2d4851a1d" relativeResultsDirectory="b61d1797-4dbe-4130-a2b7-25715c326c20">
      <Output>
        <ErrorInfo>
          <Message>Initialization method Tavisca.Catapult.External.ValidationTest.ActivitySearchRequestValidationTest.InitializeValidation threw exception. System.IO.DirectoryNotFoundException: System.IO.DirectoryNotFoundException: Could not find a part of the path 'D:\CodeBase\Catapult\trunk\CatapultServices\Tavisca.Catapult.External.ValidationTest\Validation.xml'..</Message>
          <StackTrace>    at System.IO.__Error.WinIOError(Int32 errorCode, String maybeFullPath)
   at System.IO.FileStream.Init(String path, FileMode mode, FileAccess access, Int32 rights, Boolean useRights, FileShare share, Int32 bufferSize, FileOptions options, SECURITY_ATTRIBUTES secAttrs, String msgPath, Boolean bFromProxy, Boolean useLongPath, Boolean checkHost)
   at System.IO.FileStream..ctor(String path, FileMode mode, FileAccess access, FileShare share, Int32 bufferSize)
   at System.Xml.XmlDownloadManager.GetStream(Uri uri, ICredentials credentials, IWebProxy proxy, RequestCachePolicy cachePolicy)
   at System.Xml.XmlUrlResolver.GetEntity(Uri absoluteUri, String role, Type ofObjectToReturn)
   at System.Xml.XmlTextReaderImpl.FinishInitUriString()
   at System.Xml.XmlTextReaderImpl..ctor(String uriStr, XmlReaderSettings settings, XmlParserContext context, XmlResolver uriResolver)
   at System.Xml.XmlReaderSettings.CreateReader(String inputUri, XmlParserContext inputContext)
   at System.Xml.XmlReader.Create(String inputUri, XmlReaderSettings settings, XmlParserContext inputContext)
   at System.Xml.Linq.XDocument.Load(String uri, LoadOptions options)
   at Tavisca.Validation.DynamicXmlParser..ctor(String filePath)
   at Tavisca.Validation.ValidationBuilder.Build(String configFilePath)
   at Tavisca.Validation.Validation.Build(String configurationFilePath)
   at Tavisca.Catapult.External.ValidationTest.ActivitySearchRequestValidationTest.InitializeValidation() in d:\Code\TOM\Catapult\Code\trunk\CatapultServices\Tavisca.Catapult.External.ValidationTest\ActivitySearchRequestValidationTest.cs:line 35
</StackTrace>
        </ErrorInfo>
      </Output>
    </UnitTestResult>
    <UnitTestResult executionId="35078355-7141-4236-bd1e-f7a101f4628f" testId="3d739ee5-1e19-b5fd-949a-1c9ded4c5269" testName="ActivitySearchRequestForEndDateOnTodayInValidTest" computerName="PHOENIXX" duration="00:00:00.0009559" startTime="2013-08-09T22:01:52.6833320+05:30" endTime="2013-08-09T22:01:52.6843323+05:30" testType="13cdc9d9-ddb5-4fa4-a97d-d965ccfc6d4b" outcome="Failed" testListId="8c84fa94-04c1-424b-9868-57a2d4851a1d" relativeResultsDirectory="35078355-7141-4236-bd1e-f7a101f4628f">
      <Output>
        <ErrorInfo>
          <Message>Initialization method Tavisca.Catapult.External.ValidationTest.ActivitySearchRequestValidationTest.InitializeValidation threw exception. System.IO.DirectoryNotFoundException: System.IO.DirectoryNotFoundException: Could not find a part of the path 'D:\CodeBase\Catapult\trunk\CatapultServices\Tavisca.Catapult.External.ValidationTest\Validation.xml'..</Message>
          <StackTrace>    at System.IO.__Error.WinIOError(Int32 errorCode, String maybeFullPath)
   at System.IO.FileStream.Init(String path, FileMode mode, FileAccess access, Int32 rights, Boolean useRights, FileShare share, Int32 bufferSize, FileOptions options, SECURITY_ATTRIBUTES secAttrs, String msgPath, Boolean bFromProxy, Boolean useLongPath, Boolean checkHost)
   at System.IO.FileStream..ctor(String path, FileMode mode, FileAccess access, FileShare share, Int32 bufferSize)
   at System.Xml.XmlDownloadManager.GetStream(Uri uri, ICredentials credentials, IWebProxy proxy, RequestCachePolicy cachePolicy)
   at System.Xml.XmlUrlResolver.GetEntity(Uri absoluteUri, String role, Type ofObjectToReturn)
   at System.Xml.XmlTextReaderImpl.FinishInitUriString()
   at System.Xml.XmlTextReaderImpl..ctor(String uriStr, XmlReaderSettings settings, XmlParserContext context, XmlResolver uriResolver)
   at System.Xml.XmlReaderSettings.CreateReader(String inputUri, XmlParserContext inputContext)
   at System.Xml.XmlReader.Create(String inputUri, XmlReaderSettings settings, XmlParserContext inputContext)
   at System.Xml.Linq.XDocument.Load(String uri, LoadOptions options)
   at Tavisca.Validation.DynamicXmlParser..ctor(String filePath)
   at Tavisca.Validation.ValidationBuilder.Build(String configFilePath)
   at Tavisca.Validation.Validation.Build(String configurationFilePath)
   at Tavisca.Catapult.External.ValidationTest.ActivitySearchRequestValidationTest.InitializeValidation() in d:\Code\TOM\Catapult\Code\trunk\CatapultServices\Tavisca.Catapult.External.ValidationTest\ActivitySearchRequestValidationTest.cs:line 35
</StackTrace>
        </ErrorInfo>
      </Output>
    </UnitTestResult>
    <UnitTestResult executionId="50bab834-2ce9-4b5f-887b-fa9ac6982ce6" testId="99f5eb24-77ff-9512-02b0-b3b4691f5965" testName="ActivitySearchRequestForGuestInformationValueNullInValidTest" computerName="PHOENIXX" duration="00:00:00.0010406" startTime="2013-08-09T22:01:52.6843323+05:30" endTime="2013-08-09T22:01:52.6853326+05:30" testType="13cdc9d9-ddb5-4fa4-a97d-d965ccfc6d4b" outcome="Failed" testListId="8c84fa94-04c1-424b-9868-57a2d4851a1d" relativeResultsDirectory="50bab834-2ce9-4b5f-887b-fa9ac6982ce6">
      <Output>
        <ErrorInfo>
          <Message>Initialization method Tavisca.Catapult.External.ValidationTest.ActivitySearchRequestValidationTest.InitializeValidation threw exception. System.IO.DirectoryNotFoundException: System.IO.DirectoryNotFoundException: Could not find a part of the path 'D:\CodeBase\Catapult\trunk\CatapultServices\Tavisca.Catapult.External.ValidationTest\Validation.xml'..</Message>
          <StackTrace>    at System.IO.__Error.WinIOError(Int32 errorCode, String maybeFullPath)
   at System.IO.FileStream.Init(String path, FileMode mode, FileAccess access, Int32 rights, Boolean useRights, FileShare share, Int32 bufferSize, FileOptions options, SECURITY_ATTRIBUTES secAttrs, String msgPath, Boolean bFromProxy, Boolean useLongPath, Boolean checkHost)
   at System.IO.FileStream..ctor(String path, FileMode mode, FileAccess access, FileShare share, Int32 bufferSize)
   at System.Xml.XmlDownloadManager.GetStream(Uri uri, ICredentials credentials, IWebProxy proxy, RequestCachePolicy cachePolicy)
   at System.Xml.XmlUrlResolver.GetEntity(Uri absoluteUri, String role, Type ofObjectToReturn)
   at System.Xml.XmlTextReaderImpl.FinishInitUriString()
   at System.Xml.XmlTextReaderImpl..ctor(String uriStr, XmlReaderSettings settings, XmlParserContext context, XmlResolver uriResolver)
   at System.Xml.XmlReaderSettings.CreateReader(String inputUri, XmlParserContext inputContext)
   at System.Xml.XmlReader.Create(String inputUri, XmlReaderSettings settings, XmlParserContext inputContext)
   at System.Xml.Linq.XDocument.Load(String uri, LoadOptions options)
   at Tavisca.Validation.DynamicXmlParser..ctor(String filePath)
   at Tavisca.Validation.ValidationBuilder.Build(String configFilePath)
   at Tavisca.Validation.Validation.Build(String configurationFilePath)
   at Tavisca.Catapult.External.ValidationTest.ActivitySearchRequestValidationTest.InitializeValidation() in d:\Code\TOM\Catapult\Code\trunk\CatapultServices\Tavisca.Catapult.External.ValidationTest\ActivitySearchRequestValidationTest.cs:line 35
</StackTrace>
        </ErrorInfo>
      </Output>
    </UnitTestResult>
    <UnitTestResult executionId="46afb7fe-3b0d-436f-9006-4276c307ecd5" testId="d30ea8c5-4463-f307-e5de-bba371c7db40" testName="ActivitySearchRequestForTagsValueNullValidTest" computerName="PHOENIXX" duration="00:00:00.0015544" startTime="2013-08-09T22:01:52.6853326+05:30" endTime="2013-08-09T22:01:52.6873332+05:30" testType="13cdc9d9-ddb5-4fa4-a97d-d965ccfc6d4b" outcome="Failed" testListId="8c84fa94-04c1-424b-9868-57a2d4851a1d" relativeResultsDirectory="46afb7fe-3b0d-436f-9006-4276c307ecd5">
      <Output>
        <ErrorInfo>
          <Message>Initialization method Tavisca.Catapult.External.ValidationTest.ActivitySearchRequestValidationTest.InitializeValidation threw exception. System.IO.DirectoryNotFoundException: System.IO.DirectoryNotFoundException: Could not find a part of the path 'D:\CodeBase\Catapult\trunk\CatapultServices\Tavisca.Catapult.External.ValidationTest\Validation.xml'..</Message>
          <StackTrace>    at System.IO.__Error.WinIOError(Int32 errorCode, String maybeFullPath)
   at System.IO.FileStream.Init(String path, FileMode mode, FileAccess access, Int32 rights, Boolean useRights, FileShare share, Int32 bufferSize, FileOptions options, SECURITY_ATTRIBUTES secAttrs, String msgPath, Boolean bFromProxy, Boolean useLongPath, Boolean checkHost)
   at System.IO.FileStream..ctor(String path, FileMode mode, FileAccess access, FileShare share, Int32 bufferSize)
   at System.Xml.XmlDownloadManager.GetStream(Uri uri, ICredentials credentials, IWebProxy proxy, RequestCachePolicy cachePolicy)
   at System.Xml.XmlUrlResolver.GetEntity(Uri absoluteUri, String role, Type ofObjectToReturn)
   at System.Xml.XmlTextReaderImpl.FinishInitUriString()
   at System.Xml.XmlTextReaderImpl..ctor(String uriStr, XmlReaderSettings settings, XmlParserContext context, XmlResolver uriResolver)
   at System.Xml.XmlReaderSettings.CreateReader(String inputUri, XmlParserContext inputContext)
   at System.Xml.XmlReader.Create(String inputUri, XmlReaderSettings settings, XmlParserContext inputContext)
   at System.Xml.Linq.XDocument.Load(String uri, LoadOptions options)
   at Tavisca.Validation.DynamicXmlParser..ctor(String filePath)
   at Tavisca.Validation.ValidationBuilder.Build(String configFilePath)
   at Tavisca.Validation.Validation.Build(String configurationFilePath)
   at Tavisca.Catapult.External.ValidationTest.ActivitySearchRequestValidationTest.InitializeValidation() in d:\Code\TOM\Catapult\Code\trunk\CatapultServices\Tavisca.Catapult.External.ValidationTest\ActivitySearchRequestValidationTest.cs:line 35
</StackTrace>
        </ErrorInfo>
      </Output>
    </UnitTestResult>
    <UnitTestResult executionId="d44073fe-a5ec-4ce5-9799-91106bc736f2" testId="e3bfe20f-c9d5-b0c8-4257-4ba7b7837b2c" testName="ActivitySearchRequestForTagListIsEmptyValidTest" computerName="PHOENIXX" duration="00:00:00.0013415" startTime="2013-08-09T22:01:52.6873332+05:30" endTime="2013-08-09T22:01:52.6893338+05:30" testType="13cdc9d9-ddb5-4fa4-a97d-d965ccfc6d4b" outcome="Failed" testListId="8c84fa94-04c1-424b-9868-57a2d4851a1d" relativeResultsDirectory="d44073fe-a5ec-4ce5-9799-91106bc736f2">
      <Output>
        <ErrorInfo>
          <Message>Initialization method Tavisca.Catapult.External.ValidationTest.ActivitySearchRequestValidationTest.InitializeValidation threw exception. System.IO.DirectoryNotFoundException: System.IO.DirectoryNotFoundException: Could not find a part of the path 'D:\CodeBase\Catapult\trunk\CatapultServices\Tavisca.Catapult.External.ValidationTest\Validation.xml'..</Message>
          <StackTrace>    at System.IO.__Error.WinIOError(Int32 errorCode, String maybeFullPath)
   at System.IO.FileStream.Init(String path, FileMode mode, FileAccess access, Int32 rights, Boolean useRights, FileShare share, Int32 bufferSize, FileOptions options, SECURITY_ATTRIBUTES secAttrs, String msgPath, Boolean bFromProxy, Boolean useLongPath, Boolean checkHost)
   at System.IO.FileStream..ctor(String path, FileMode mode, FileAccess access, FileShare share, Int32 bufferSize)
   at System.Xml.XmlDownloadManager.GetStream(Uri uri, ICredentials credentials, IWebProxy proxy, RequestCachePolicy cachePolicy)
   at System.Xml.XmlUrlResolver.GetEntity(Uri absoluteUri, String role, Type ofObjectToReturn)
   at System.Xml.XmlTextReaderImpl.FinishInitUriString()
   at System.Xml.XmlTextReaderImpl..ctor(String uriStr, XmlReaderSettings settings, XmlParserContext context, XmlResolver uriResolver)
   at System.Xml.XmlReaderSettings.CreateReader(String inputUri, XmlParserContext inputContext)
   at System.Xml.XmlReader.Create(String inputUri, XmlReaderSettings settings, XmlParserContext inputContext)
   at System.Xml.Linq.XDocument.Load(String uri, LoadOptions options)
   at Tavisca.Validation.DynamicXmlParser..ctor(String filePath)
   at Tavisca.Validation.ValidationBuilder.Build(String configFilePath)
   at Tavisca.Validation.Validation.Build(String configurationFilePath)
   at Tavisca.Catapult.External.ValidationTest.ActivitySearchRequestValidationTest.InitializeValidation() in d:\Code\TOM\Catapult\Code\trunk\CatapultServices\Tavisca.Catapult.External.ValidationTest\ActivitySearchRequestValidationTest.cs:line 35
</StackTrace>
        </ErrorInfo>
      </Output>
    </UnitTestResult>
    <UnitTestResult executionId="a7994be6-9b40-497f-b886-2b86fe922c2e" testId="4b359e43-4399-e532-e8cb-6d1ac8c076ad" testName="ActivitySearchRequestForTagsContainLessThanFourItemsValidTest" computerName="PHOENIXX" duration="00:00:00.0012523" startTime="2013-08-09T22:01:52.6893338+05:30" endTime="2013-08-09T22:01:52.6903341+05:30" testType="13cdc9d9-ddb5-4fa4-a97d-d965ccfc6d4b" outcome="Failed" testListId="8c84fa94-04c1-424b-9868-57a2d4851a1d" relativeResultsDirectory="a7994be6-9b40-497f-b886-2b86fe922c2e">
      <Output>
        <ErrorInfo>
          <Message>Initialization method Tavisca.Catapult.External.ValidationTest.ActivitySearchRequestValidationTest.InitializeValidation threw exception. System.IO.DirectoryNotFoundException: System.IO.DirectoryNotFoundException: Could not find a part of the path 'D:\CodeBase\Catapult\trunk\CatapultServices\Tavisca.Catapult.External.ValidationTest\Validation.xml'..</Message>
          <StackTrace>    at System.IO.__Error.WinIOError(Int32 errorCode, String maybeFullPath)
   at System.IO.FileStream.Init(String path, FileMode mode, FileAccess access, Int32 rights, Boolean useRights, FileShare share, Int32 bufferSize, FileOptions options, SECURITY_ATTRIBUTES secAttrs, String msgPath, Boolean bFromProxy, Boolean useLongPath, Boolean checkHost)
   at System.IO.FileStream..ctor(String path, FileMode mode, FileAccess access, FileShare share, Int32 bufferSize)
   at System.Xml.XmlDownloadManager.GetStream(Uri uri, ICredentials credentials, IWebProxy proxy, RequestCachePolicy cachePolicy)
   at System.Xml.XmlUrlResolver.GetEntity(Uri absoluteUri, String role, Type ofObjectToReturn)
   at System.Xml.XmlTextReaderImpl.FinishInitUriString()
   at System.Xml.XmlTextReaderImpl..ctor(String uriStr, XmlReaderSettings settings, XmlParserContext context, XmlResolver uriResolver)
   at System.Xml.XmlReaderSettings.CreateReader(String inputUri, XmlParserContext inputContext)
   at System.Xml.XmlReader.Create(String inputUri, XmlReaderSettings settings, XmlParserContext inputContext)
   at System.Xml.Linq.XDocument.Load(String uri, LoadOptions options)
   at Tavisca.Validation.DynamicXmlParser..ctor(String filePath)
   at Tavisca.Validation.ValidationBuilder.Build(String configFilePath)
   at Tavisca.Validation.Validation.Build(String configurationFilePath)
   at Tavisca.Catapult.External.ValidationTest.ActivitySearchRequestValidationTest.InitializeValidation() in d:\Code\TOM\Catapult\Code\trunk\CatapultServices\Tavisca.Catapult.External.ValidationTest\ActivitySearchRequestValidationTest.cs:line 35
</StackTrace>
        </ErrorInfo>
      </Output>
    </UnitTestResult>
    <UnitTestResult executionId="6ffe5df1-e72d-45fe-8a11-88e8b61f6d9e" testId="bf2244a7-6411-c83b-4755-e0dfa3bad0e7" testName="ActivitySearchRequestForTagsContainFourTagsValidTest" computerName="PHOENIXX" duration="00:00:00.0012279" startTime="2013-08-09T22:01:52.6903341+05:30" endTime="2013-08-09T22:01:52.6923347+05:30" testType="13cdc9d9-ddb5-4fa4-a97d-d965ccfc6d4b" outcome="Failed" testListId="8c84fa94-04c1-424b-9868-57a2d4851a1d" relativeResultsDirectory="6ffe5df1-e72d-45fe-8a11-88e8b61f6d9e">
      <Output>
        <ErrorInfo>
          <Message>Initialization method Tavisca.Catapult.External.ValidationTest.ActivitySearchRequestValidationTest.InitializeValidation threw exception. System.IO.DirectoryNotFoundException: System.IO.DirectoryNotFoundException: Could not find a part of the path 'D:\CodeBase\Catapult\trunk\CatapultServices\Tavisca.Catapult.External.ValidationTest\Validation.xml'..</Message>
          <StackTrace>    at System.IO.__Error.WinIOError(Int32 errorCode, String maybeFullPath)
   at System.IO.FileStream.Init(String path, FileMode mode, FileAccess access, Int32 rights, Boolean useRights, FileShare share, Int32 bufferSize, FileOptions options, SECURITY_ATTRIBUTES secAttrs, String msgPath, Boolean bFromProxy, Boolean useLongPath, Boolean checkHost)
   at System.IO.FileStream..ctor(String path, FileMode mode, FileAccess access, FileShare share, Int32 bufferSize)
   at System.Xml.XmlDownloadManager.GetStream(Uri uri, ICredentials credentials, IWebProxy proxy, RequestCachePolicy cachePolicy)
   at System.Xml.XmlUrlResolver.GetEntity(Uri absoluteUri, String role, Type ofObjectToReturn)
   at System.Xml.XmlTextReaderImpl.FinishInitUriString()
   at System.Xml.XmlTextReaderImpl..ctor(String uriStr, XmlReaderSettings settings, XmlParserContext context, XmlResolver uriResolver)
   at System.Xml.XmlReaderSettings.CreateReader(String inputUri, XmlParserContext inputContext)
   at System.Xml.XmlReader.Create(String inputUri, XmlReaderSettings settings, XmlParserContext inputContext)
   at System.Xml.Linq.XDocument.Load(String uri, LoadOptions options)
   at Tavisca.Validation.DynamicXmlParser..ctor(String filePath)
   at Tavisca.Validation.ValidationBuilder.Build(String configFilePath)
   at Tavisca.Validation.Validation.Build(String configurationFilePath)
   at Tavisca.Catapult.External.ValidationTest.ActivitySearchRequestValidationTest.InitializeValidation() in d:\Code\TOM\Catapult\Code\trunk\CatapultServices\Tavisca.Catapult.External.ValidationTest\ActivitySearchRequestValidationTest.cs:line 35
</StackTrace>
        </ErrorInfo>
      </Output>
    </UnitTestResult>
    <UnitTestResult executionId="2fbde4ea-8510-4882-8f9c-82faeba08e78" testId="ba9e0854-1ee7-e157-1b4a-1572e7be4fb0" testName="ActivitySearchRequestForTagsContainMoreThanFourItemsInValidTest" computerName="PHOENIXX" duration="00:00:00.0011002" startTime="2013-08-09T22:01:52.6923347+05:30" endTime="2013-08-09T22:01:52.6933350+05:30" testType="13cdc9d9-ddb5-4fa4-a97d-d965ccfc6d4b" outcome="Failed" testListId="8c84fa94-04c1-424b-9868-57a2d4851a1d" relativeResultsDirectory="2fbde4ea-8510-4882-8f9c-82faeba08e78">
      <Output>
        <ErrorInfo>
          <Message>Initialization method Tavisca.Catapult.External.ValidationTest.ActivitySearchRequestValidationTest.InitializeValidation threw exception. System.IO.DirectoryNotFoundException: System.IO.DirectoryNotFoundException: Could not find a part of the path 'D:\CodeBase\Catapult\trunk\CatapultServices\Tavisca.Catapult.External.ValidationTest\Validation.xml'..</Message>
          <StackTrace>    at System.IO.__Error.WinIOError(Int32 errorCode, String maybeFullPath)
   at System.IO.FileStream.Init(String path, FileMode mode, FileAccess access, Int32 rights, Boolean useRights, FileShare share, Int32 bufferSize, FileOptions options, SECURITY_ATTRIBUTES secAttrs, String msgPath, Boolean bFromProxy, Boolean useLongPath, Boolean checkHost)
   at System.IO.FileStream..ctor(String path, FileMode mode, FileAccess access, FileShare share, Int32 bufferSize)
   at System.Xml.XmlDownloadManager.GetStream(Uri uri, ICredentials credentials, IWebProxy proxy, RequestCachePolicy cachePolicy)
   at System.Xml.XmlUrlResolver.GetEntity(Uri absoluteUri, String role, Type ofObjectToReturn)
   at System.Xml.XmlTextReaderImpl.FinishInitUriString()
   at System.Xml.XmlTextReaderImpl..ctor(String uriStr, XmlReaderSettings settings, XmlParserContext context, XmlResolver uriResolver)
   at System.Xml.XmlReaderSettings.CreateReader(String inputUri, XmlParserContext inputContext)
   at System.Xml.XmlReader.Create(String inputUri, XmlReaderSettings settings, XmlParserContext inputContext)
   at System.Xml.Linq.XDocument.Load(String uri, LoadOptions options)
   at Tavisca.Validation.DynamicXmlParser..ctor(String filePath)
   at Tavisca.Validation.ValidationBuilder.Build(String configFilePath)
   at Tavisca.Validation.Validation.Build(String configurationFilePath)
   at Tavisca.Catapult.External.ValidationTest.ActivitySearchRequestValidationTest.InitializeValidation() in d:\Code\TOM\Catapult\Code\trunk\CatapultServices\Tavisca.Catapult.External.ValidationTest\ActivitySearchRequestValidationTest.cs:line 35
</StackTrace>
        </ErrorInfo>
      </Output>
    </UnitTestResult>
    <UnitTestResult executionId="35371601-03cb-46b2-b98d-404a220b650a" testId="7851b68b-e740-c207-e8e5-be2a6aa55c4e" testName="OfficeIdForNumericValidTest" computerName="PHOENIXX" duration="00:00:00.0013094" startTime="2013-08-09T22:01:52.6933350+05:30" endTime="2013-08-09T22:01:52.6953356+05:30" testType="13cdc9d9-ddb5-4fa4-a97d-d965ccfc6d4b" outcome="Failed" testListId="8c84fa94-04c1-424b-9868-57a2d4851a1d" relativeResultsDirectory="35371601-03cb-46b2-b98d-404a220b650a">
      <Output>
        <ErrorInfo>
          <Message>Initialization method Tavisca.Catapult.External.ValidationTest.BaseRequestValidationTest.InitializeValidation threw exception. System.IO.DirectoryNotFoundException: System.IO.DirectoryNotFoundException: Could not find a part of the path 'D:\CodeBase\Catapult\trunk\CatapultServices\Tavisca.Catapult.External.ValidationTest\Validation.xml'..</Message>
          <StackTrace>    at System.IO.__Error.WinIOError(Int32 errorCode, String maybeFullPath)
   at System.IO.FileStream.Init(String path, FileMode mode, FileAccess access, Int32 rights, Boolean useRights, FileShare share, Int32 bufferSize, FileOptions options, SECURITY_ATTRIBUTES secAttrs, String msgPath, Boolean bFromProxy, Boolean useLongPath, Boolean checkHost)
   at System.IO.FileStream..ctor(String path, FileMode mode, FileAccess access, FileShare share, Int32 bufferSize)
   at System.Xml.XmlDownloadManager.GetStream(Uri uri, ICredentials credentials, IWebProxy proxy, RequestCachePolicy cachePolicy)
   at System.Xml.XmlUrlResolver.GetEntity(Uri absoluteUri, String role, Type ofObjectToReturn)
   at System.Xml.XmlTextReaderImpl.FinishInitUriString()
   at System.Xml.XmlTextReaderImpl..ctor(String uriStr, XmlReaderSettings settings, XmlParserContext context, XmlResolver uriResolver)
   at System.Xml.XmlReaderSettings.CreateReader(String inputUri, XmlParserContext inputContext)
   at System.Xml.XmlReader.Create(String inputUri, XmlReaderSettings settings, XmlParserContext inputContext)
   at System.Xml.Linq.XDocument.Load(String uri, LoadOptions options)
   at Tavisca.Validation.DynamicXmlParser..ctor(String filePath)
   at Tavisca.Validation.ValidationBuilder.Build(String configFilePath)
   at Tavisca.Validation.Validation.Build(String configurationFilePath)
   at Tavisca.Catapult.External.ValidationTest.BaseRequestValidationTest.InitializeValidation() in d:\Code\TOM\Catapult\Code\trunk\CatapultServices\Tavisca.Catapult.External.ValidationTest\BaseRequestValidationTest.cs:line 35
</StackTrace>
        </ErrorInfo>
      </Output>
    </UnitTestResult>
    <UnitTestResult executionId="f4902b55-b80d-4d74-ab69-2a4e82e710d8" testId="8fc996bf-d315-a4f4-80c2-5542bdc918e0" testName="OfficeIdForAlphaNumericValidTest" computerName="PHOENIXX" duration="00:00:00.0009899" startTime="2013-08-09T22:01:52.6953356+05:30" endTime="2013-08-09T22:01:52.6963359+05:30" testType="13cdc9d9-ddb5-4fa4-a97d-d965ccfc6d4b" outcome="Failed" testListId="8c84fa94-04c1-424b-9868-57a2d4851a1d" relativeResultsDirectory="f4902b55-b80d-4d74-ab69-2a4e82e710d8">
      <Output>
        <ErrorInfo>
          <Message>Initialization method Tavisca.Catapult.External.ValidationTest.BaseRequestValidationTest.InitializeValidation threw exception. System.IO.DirectoryNotFoundException: System.IO.DirectoryNotFoundException: Could not find a part of the path 'D:\CodeBase\Catapult\trunk\CatapultServices\Tavisca.Catapult.External.ValidationTest\Validation.xml'..</Message>
          <StackTrace>    at System.IO.__Error.WinIOError(Int32 errorCode, String maybeFullPath)
   at System.IO.FileStream.Init(String path, FileMode mode, FileAccess access, Int32 rights, Boolean useRights, FileShare share, Int32 bufferSize, FileOptions options, SECURITY_ATTRIBUTES secAttrs, String msgPath, Boolean bFromProxy, Boolean useLongPath, Boolean checkHost)
   at System.IO.FileStream..ctor(String path, FileMode mode, FileAccess access, FileShare share, Int32 bufferSize)
   at System.Xml.XmlDownloadManager.GetStream(Uri uri, ICredentials credentials, IWebProxy proxy, RequestCachePolicy cachePolicy)
   at System.Xml.XmlUrlResolver.GetEntity(Uri absoluteUri, String role, Type ofObjectToReturn)
   at System.Xml.XmlTextReaderImpl.FinishInitUriString()
   at System.Xml.XmlTextReaderImpl..ctor(String uriStr, XmlReaderSettings settings, XmlParserContext context, XmlResolver uriResolver)
   at System.Xml.XmlReaderSettings.CreateReader(String inputUri, XmlParserContext inputContext)
   at System.Xml.XmlReader.Create(String inputUri, XmlReaderSettings settings, XmlParserContext inputContext)
   at System.Xml.Linq.XDocument.Load(String uri, LoadOptions options)
   at Tavisca.Validation.DynamicXmlParser..ctor(String filePath)
   at Tavisca.Validation.ValidationBuilder.Build(String configFilePath)
   at Tavisca.Validation.Validation.Build(String configurationFilePath)
   at Tavisca.Catapult.External.ValidationTest.BaseRequestValidationTest.InitializeValidation() in d:\Code\TOM\Catapult\Code\trunk\CatapultServices\Tavisca.Catapult.External.ValidationTest\BaseRequestValidationTest.cs:line 35
</StackTrace>
        </ErrorInfo>
      </Output>
    </UnitTestResult>
    <UnitTestResult executionId="691e9226-744a-4ab3-8fee-bdd89f439622" testId="05361762-1b04-3aba-94a9-8465780f1903" testName="OfficeIdForAlphabeticValidTest" computerName="PHOENIXX" duration="00:00:00.0009539" startTime="2013-08-09T22:01:52.6963359+05:30" endTime="2013-08-09T22:01:52.6973362+05:30" testType="13cdc9d9-ddb5-4fa4-a97d-d965ccfc6d4b" outcome="Failed" testListId="8c84fa94-04c1-424b-9868-57a2d4851a1d" relativeResultsDirectory="691e9226-744a-4ab3-8fee-bdd89f439622">
      <Output>
        <ErrorInfo>
          <Message>Initialization method Tavisca.Catapult.External.ValidationTest.BaseRequestValidationTest.InitializeValidation threw exception. System.IO.DirectoryNotFoundException: System.IO.DirectoryNotFoundException: Could not find a part of the path 'D:\CodeBase\Catapult\trunk\CatapultServices\Tavisca.Catapult.External.ValidationTest\Validation.xml'..</Message>
          <StackTrace>    at System.IO.__Error.WinIOError(Int32 errorCode, String maybeFullPath)
   at System.IO.FileStream.Init(String path, FileMode mode, FileAccess access, Int32 rights, Boolean useRights, FileShare share, Int32 bufferSize, FileOptions options, SECURITY_ATTRIBUTES secAttrs, String msgPath, Boolean bFromProxy, Boolean useLongPath, Boolean checkHost)
   at System.IO.FileStream..ctor(String path, FileMode mode, FileAccess access, FileShare share, Int32 bufferSize)
   at System.Xml.XmlDownloadManager.GetStream(Uri uri, ICredentials credentials, IWebProxy proxy, RequestCachePolicy cachePolicy)
   at System.Xml.XmlUrlResolver.GetEntity(Uri absoluteUri, String role, Type ofObjectToReturn)
   at System.Xml.XmlTextReaderImpl.FinishInitUriString()
   at System.Xml.XmlTextReaderImpl..ctor(String uriStr, XmlReaderSettings settings, XmlParserContext context, XmlResolver uriResolver)
   at System.Xml.XmlReaderSettings.CreateReader(String inputUri, XmlParserContext inputContext)
   at System.Xml.XmlReader.Create(String inputUri, XmlReaderSettings settings, XmlParserContext inputContext)
   at System.Xml.Linq.XDocument.Load(String uri, LoadOptions options)
   at Tavisca.Validation.DynamicXmlParser..ctor(String filePath)
   at Tavisca.Validation.ValidationBuilder.Build(String configFilePath)
   at Tavisca.Validation.Validation.Build(String configurationFilePath)
   at Tavisca.Catapult.External.ValidationTest.BaseRequestValidationTest.InitializeValidation() in d:\Code\TOM\Catapult\Code\trunk\CatapultServices\Tavisca.Catapult.External.ValidationTest\BaseRequestValidationTest.cs:line 35
</StackTrace>
        </ErrorInfo>
      </Output>
    </UnitTestResult>
    <UnitTestResult executionId="c5bb3c2f-3ba5-4551-a191-4777c2a35ffb" testId="600174ae-2050-d21f-cd1d-c3004b127e16" testName="OfficeIdForSpecialCharInValidTest" computerName="PHOENIXX" duration="00:00:00.0009950" startTime="2013-08-09T22:01:52.6973362+05:30" endTime="2013-08-09T22:01:52.6983365+05:30" testType="13cdc9d9-ddb5-4fa4-a97d-d965ccfc6d4b" outcome="Failed" testListId="8c84fa94-04c1-424b-9868-57a2d4851a1d" relativeResultsDirectory="c5bb3c2f-3ba5-4551-a191-4777c2a35ffb">
      <Output>
        <ErrorInfo>
          <Message>Initialization method Tavisca.Catapult.External.ValidationTest.BaseRequestValidationTest.InitializeValidation threw exception. System.IO.DirectoryNotFoundException: System.IO.DirectoryNotFoundException: Could not find a part of the path 'D:\CodeBase\Catapult\trunk\CatapultServices\Tavisca.Catapult.External.ValidationTest\Validation.xml'..</Message>
          <StackTrace>    at System.IO.__Error.WinIOError(Int32 errorCode, String maybeFullPath)
   at System.IO.FileStream.Init(String path, FileMode mode, FileAccess access, Int32 rights, Boolean useRights, FileShare share, Int32 bufferSize, FileOptions options, SECURITY_ATTRIBUTES secAttrs, String msgPath, Boolean bFromProxy, Boolean useLongPath, Boolean checkHost)
   at System.IO.FileStream..ctor(String path, FileMode mode, FileAccess access, FileShare share, Int32 bufferSize)
   at System.Xml.XmlDownloadManager.GetStream(Uri uri, ICredentials credentials, IWebProxy proxy, RequestCachePolicy cachePolicy)
   at System.Xml.XmlUrlResolver.GetEntity(Uri absoluteUri, String role, Type ofObjectToReturn)
   at System.Xml.XmlTextReaderImpl.FinishInitUriString()
   at System.Xml.XmlTextReaderImpl..ctor(String uriStr, XmlReaderSettings settings, XmlParserContext context, XmlResolver uriResolver)
   at System.Xml.XmlReaderSettings.CreateReader(String inputUri, XmlParserContext inputContext)
   at System.Xml.XmlReader.Create(String inputUri, XmlReaderSettings settings, XmlParserContext inputContext)
   at System.Xml.Linq.XDocument.Load(String uri, LoadOptions options)
   at Tavisca.Validation.DynamicXmlParser..ctor(String filePath)
   at Tavisca.Validation.ValidationBuilder.Build(String configFilePath)
   at Tavisca.Validation.Validation.Build(String configurationFilePath)
   at Tavisca.Catapult.External.ValidationTest.BaseRequestValidationTest.InitializeValidation() in d:\Code\TOM\Catapult\Code\trunk\CatapultServices\Tavisca.Catapult.External.ValidationTest\BaseRequestValidationTest.cs:line 35
</StackTrace>
        </ErrorInfo>
      </Output>
    </UnitTestResult>
    <UnitTestResult executionId="bd5e0d2c-6e4b-4f2d-a16e-ba12e8df1a88" testId="5e3af263-0092-f7ce-d4c1-55ce7bc035e6" testName="OfficeIdForSpaceInValidTest" computerName="PHOENIXX" duration="00:00:00.0009539" startTime="2013-08-09T22:01:52.6983365+05:30" endTime="2013-08-09T22:01:52.6993368+05:30" testType="13cdc9d9-ddb5-4fa4-a97d-d965ccfc6d4b" outcome="Failed" testListId="8c84fa94-04c1-424b-9868-57a2d4851a1d" relativeResultsDirectory="bd5e0d2c-6e4b-4f2d-a16e-ba12e8df1a88">
      <Output>
        <ErrorInfo>
          <Message>Initialization method Tavisca.Catapult.External.ValidationTest.BaseRequestValidationTest.InitializeValidation threw exception. System.IO.DirectoryNotFoundException: System.IO.DirectoryNotFoundException: Could not find a part of the path 'D:\CodeBase\Catapult\trunk\CatapultServices\Tavisca.Catapult.External.ValidationTest\Validation.xml'..</Message>
          <StackTrace>    at System.IO.__Error.WinIOError(Int32 errorCode, String maybeFullPath)
   at System.IO.FileStream.Init(String path, FileMode mode, FileAccess access, Int32 rights, Boolean useRights, FileShare share, Int32 bufferSize, FileOptions options, SECURITY_ATTRIBUTES secAttrs, String msgPath, Boolean bFromProxy, Boolean useLongPath, Boolean checkHost)
   at System.IO.FileStream..ctor(String path, FileMode mode, FileAccess access, FileShare share, Int32 bufferSize)
   at System.Xml.XmlDownloadManager.GetStream(Uri uri, ICredentials credentials, IWebProxy proxy, RequestCachePolicy cachePolicy)
   at System.Xml.XmlUrlResolver.GetEntity(Uri absoluteUri, String role, Type ofObjectToReturn)
   at System.Xml.XmlTextReaderImpl.FinishInitUriString()
   at System.Xml.XmlTextReaderImpl..ctor(String uriStr, XmlReaderSettings settings, XmlParserContext context, XmlResolver uriResolver)
   at System.Xml.XmlReaderSettings.CreateReader(String inputUri, XmlParserContext inputContext)
   at System.Xml.XmlReader.Create(String inputUri, XmlReaderSettings settings, XmlParserContext inputContext)
   at System.Xml.Linq.XDocument.Load(String uri, LoadOptions options)
   at Tavisca.Validation.DynamicXmlParser..ctor(String filePath)
   at Tavisca.Validation.ValidationBuilder.Build(String configFilePath)
   at Tavisca.Validation.Validation.Build(String configurationFilePath)
   at Tavisca.Catapult.External.ValidationTest.BaseRequestValidationTest.InitializeValidation() in d:\Code\TOM\Catapult\Code\trunk\CatapultServices\Tavisca.Catapult.External.ValidationTest\BaseRequestValidationTest.cs:line 35
</StackTrace>
        </ErrorInfo>
      </Output>
    </UnitTestResult>
    <UnitTestResult executionId="c37121d8-0fc9-4bb0-87e9-2c6ac1402a49" testId="80922928-856c-2d7f-9da3-6c27df908783" testName="AccessKeyForNumericValidTest" computerName="PHOENIXX" duration="00:00:00.0010008" startTime="2013-08-09T22:01:52.7003371+05:30" endTime="2013-08-09T22:01:52.7013374+05:30" testType="13cdc9d9-ddb5-4fa4-a97d-d965ccfc6d4b" outcome="Failed" testListId="8c84fa94-04c1-424b-9868-57a2d4851a1d" relativeResultsDirectory="c37121d8-0fc9-4bb0-87e9-2c6ac1402a49">
      <Output>
        <ErrorInfo>
          <Message>Initialization method Tavisca.Catapult.External.ValidationTest.BaseRequestValidationTest.InitializeValidation threw exception. System.IO.DirectoryNotFoundException: System.IO.DirectoryNotFoundException: Could not find a part of the path 'D:\CodeBase\Catapult\trunk\CatapultServices\Tavisca.Catapult.External.ValidationTest\Validation.xml'..</Message>
          <StackTrace>    at System.IO.__Error.WinIOError(Int32 errorCode, String maybeFullPath)
   at System.IO.FileStream.Init(String path, FileMode mode, FileAccess access, Int32 rights, Boolean useRights, FileShare share, Int32 bufferSize, FileOptions options, SECURITY_ATTRIBUTES secAttrs, String msgPath, Boolean bFromProxy, Boolean useLongPath, Boolean checkHost)
   at System.IO.FileStream..ctor(String path, FileMode mode, FileAccess access, FileShare share, Int32 bufferSize)
   at System.Xml.XmlDownloadManager.GetStream(Uri uri, ICredentials credentials, IWebProxy proxy, RequestCachePolicy cachePolicy)
   at System.Xml.XmlUrlResolver.GetEntity(Uri absoluteUri, String role, Type ofObjectToReturn)
   at System.Xml.XmlTextReaderImpl.FinishInitUriString()
   at System.Xml.XmlTextReaderImpl..ctor(String uriStr, XmlReaderSettings settings, XmlParserContext context, XmlResolver uriResolver)
   at System.Xml.XmlReaderSettings.CreateReader(String inputUri, XmlParserContext inputContext)
   at System.Xml.XmlReader.Create(String inputUri, XmlReaderSettings settings, XmlParserContext inputContext)
   at System.Xml.Linq.XDocument.Load(String uri, LoadOptions options)
   at Tavisca.Validation.DynamicXmlParser..ctor(String filePath)
   at Tavisca.Validation.ValidationBuilder.Build(String configFilePath)
   at Tavisca.Validation.Validation.Build(String configurationFilePath)
   at Tavisca.Catapult.External.ValidationTest.BaseRequestValidationTest.InitializeValidation() in d:\Code\TOM\Catapult\Code\trunk\CatapultServices\Tavisca.Catapult.External.ValidationTest\BaseRequestValidationTest.cs:line 35
</StackTrace>
        </ErrorInfo>
      </Output>
    </UnitTestResult>
    <UnitTestResult executionId="119a2517-0e7a-4773-a0b2-668e5b3f2939" testId="e4fd27b8-c6b3-7937-06e4-6c4497021b84" testName="AccessKeyForAlphaNumericValidTest" computerName="PHOENIXX" duration="00:00:00.0010611" startTime="2013-08-09T22:01:52.7013374+05:30" endTime="2013-08-09T22:01:52.7023377+05:30" testType="13cdc9d9-ddb5-4fa4-a97d-d965ccfc6d4b" outcome="Failed" testListId="8c84fa94-04c1-424b-9868-57a2d4851a1d" relativeResultsDirectory="119a2517-0e7a-4773-a0b2-668e5b3f2939">
      <Output>
        <ErrorInfo>
          <Message>Initialization method Tavisca.Catapult.External.ValidationTest.BaseRequestValidationTest.InitializeValidation threw exception. System.IO.DirectoryNotFoundException: System.IO.DirectoryNotFoundException: Could not find a part of the path 'D:\CodeBase\Catapult\trunk\CatapultServices\Tavisca.Catapult.External.ValidationTest\Validation.xml'..</Message>
          <StackTrace>    at System.IO.__Error.WinIOError(Int32 errorCode, String maybeFullPath)
   at System.IO.FileStream.Init(String path, FileMode mode, FileAccess access, Int32 rights, Boolean useRights, FileShare share, Int32 bufferSize, FileOptions options, SECURITY_ATTRIBUTES secAttrs, String msgPath, Boolean bFromProxy, Boolean useLongPath, Boolean checkHost)
   at System.IO.FileStream..ctor(String path, FileMode mode, FileAccess access, FileShare share, Int32 bufferSize)
   at System.Xml.XmlDownloadManager.GetStream(Uri uri, ICredentials credentials, IWebProxy proxy, RequestCachePolicy cachePolicy)
   at System.Xml.XmlUrlResolver.GetEntity(Uri absoluteUri, String role, Type ofObjectToReturn)
   at System.Xml.XmlTextReaderImpl.FinishInitUriString()
   at System.Xml.XmlTextReaderImpl..ctor(String uriStr, XmlReaderSettings settings, XmlParserContext context, XmlResolver uriResolver)
   at System.Xml.XmlReaderSettings.CreateReader(String inputUri, XmlParserContext inputContext)
   at System.Xml.XmlReader.Create(String inputUri, XmlReaderSettings settings, XmlParserContext inputContext)
   at System.Xml.Linq.XDocument.Load(String uri, LoadOptions options)
   at Tavisca.Validation.DynamicXmlParser..ctor(String filePath)
   at Tavisca.Validation.ValidationBuilder.Build(String configFilePath)
   at Tavisca.Validation.Validation.Build(String configurationFilePath)
   at Tavisca.Catapult.External.ValidationTest.BaseRequestValidationTest.InitializeValidation() in d:\Code\TOM\Catapult\Code\trunk\CatapultServices\Tavisca.Catapult.External.ValidationTest\BaseRequestValidationTest.cs:line 35
</StackTrace>
        </ErrorInfo>
      </Output>
    </UnitTestResult>
    <UnitTestResult executionId="a60665a7-5590-4575-a55b-6c5cc46eacaa" testId="21e06e48-80a6-6e67-f2ac-05be02622645" testName="AccessKeyForAlphabeticValidTest" computerName="PHOENIXX" duration="00:00:00.0009591" startTime="2013-08-09T22:01:52.7023377+05:30" endTime="2013-08-09T22:01:52.7033380+05:30" testType="13cdc9d9-ddb5-4fa4-a97d-d965ccfc6d4b" outcome="Failed" testListId="8c84fa94-04c1-424b-9868-57a2d4851a1d" relativeResultsDirectory="a60665a7-5590-4575-a55b-6c5cc46eacaa">
      <Output>
        <ErrorInfo>
          <Message>Initialization method Tavisca.Catapult.External.ValidationTest.BaseRequestValidationTest.InitializeValidation threw exception. System.IO.DirectoryNotFoundException: System.IO.DirectoryNotFoundException: Could not find a part of the path 'D:\CodeBase\Catapult\trunk\CatapultServices\Tavisca.Catapult.External.ValidationTest\Validation.xml'..</Message>
          <StackTrace>    at System.IO.__Error.WinIOError(Int32 errorCode, String maybeFullPath)
   at System.IO.FileStream.Init(String path, FileMode mode, FileAccess access, Int32 rights, Boolean useRights, FileShare share, Int32 bufferSize, FileOptions options, SECURITY_ATTRIBUTES secAttrs, String msgPath, Boolean bFromProxy, Boolean useLongPath, Boolean checkHost)
   at System.IO.FileStream..ctor(String path, FileMode mode, FileAccess access, FileShare share, Int32 bufferSize)
   at System.Xml.XmlDownloadManager.GetStream(Uri uri, ICredentials credentials, IWebProxy proxy, RequestCachePolicy cachePolicy)
   at System.Xml.XmlUrlResolver.GetEntity(Uri absoluteUri, String role, Type ofObjectToReturn)
   at System.Xml.XmlTextReaderImpl.FinishInitUriString()
   at System.Xml.XmlTextReaderImpl..ctor(String uriStr, XmlReaderSettings settings, XmlParserContext context, XmlResolver uriResolver)
   at System.Xml.XmlReaderSettings.CreateReader(String inputUri, XmlParserContext inputContext)
   at System.Xml.XmlReader.Create(String inputUri, XmlReaderSettings settings, XmlParserContext inputContext)
   at System.Xml.Linq.XDocument.Load(String uri, LoadOptions options)
   at Tavisca.Validation.DynamicXmlParser..ctor(String filePath)
   at Tavisca.Validation.ValidationBuilder.Build(String configFilePath)
   at Tavisca.Validation.Validation.Build(String configurationFilePath)
   at Tavisca.Catapult.External.ValidationTest.BaseRequestValidationTest.InitializeValidation() in d:\Code\TOM\Catapult\Code\trunk\CatapultServices\Tavisca.Catapult.External.ValidationTest\BaseRequestValidationTest.cs:line 35
</StackTrace>
        </ErrorInfo>
      </Output>
    </UnitTestResult>
    <UnitTestResult executionId="b9718da2-ffb6-4801-bc07-fae54472a33c" testId="b88b1893-c999-e591-e332-001d64c3b6b1" testName="AccessKeyForSpecialCharInValidTest" computerName="PHOENIXX" duration="00:00:00.0010630" startTime="2013-08-09T22:01:52.7033380+05:30" endTime="2013-08-09T22:01:52.7043383+05:30" testType="13cdc9d9-ddb5-4fa4-a97d-d965ccfc6d4b" outcome="Failed" testListId="8c84fa94-04c1-424b-9868-57a2d4851a1d" relativeResultsDirectory="b9718da2-ffb6-4801-bc07-fae54472a33c">
      <Output>
        <ErrorInfo>
          <Message>Initialization method Tavisca.Catapult.External.ValidationTest.BaseRequestValidationTest.InitializeValidation threw exception. System.IO.DirectoryNotFoundException: System.IO.DirectoryNotFoundException: Could not find a part of the path 'D:\CodeBase\Catapult\trunk\CatapultServices\Tavisca.Catapult.External.ValidationTest\Validation.xml'..</Message>
          <StackTrace>    at System.IO.__Error.WinIOError(Int32 errorCode, String maybeFullPath)
   at System.IO.FileStream.Init(String path, FileMode mode, FileAccess access, Int32 rights, Boolean useRights, FileShare share, Int32 bufferSize, FileOptions options, SECURITY_ATTRIBUTES secAttrs, String msgPath, Boolean bFromProxy, Boolean useLongPath, Boolean checkHost)
   at System.IO.FileStream..ctor(String path, FileMode mode, FileAccess access, FileShare share, Int32 bufferSize)
   at System.Xml.XmlDownloadManager.GetStream(Uri uri, ICredentials credentials, IWebProxy proxy, RequestCachePolicy cachePolicy)
   at System.Xml.XmlUrlResolver.GetEntity(Uri absoluteUri, String role, Type ofObjectToReturn)
   at System.Xml.XmlTextReaderImpl.FinishInitUriString()
   at System.Xml.XmlTextReaderImpl..ctor(String uriStr, XmlReaderSettings settings, XmlParserContext context, XmlResolver uriResolver)
   at System.Xml.XmlReaderSettings.CreateReader(String inputUri, XmlParserContext inputContext)
   at System.Xml.XmlReader.Create(String inputUri, XmlReaderSettings settings, XmlParserContext inputContext)
   at System.Xml.Linq.XDocument.Load(String uri, LoadOptions options)
   at Tavisca.Validation.DynamicXmlParser..ctor(String filePath)
   at Tavisca.Validation.ValidationBuilder.Build(String configFilePath)
   at Tavisca.Validation.Validation.Build(String configurationFilePath)
   at Tavisca.Catapult.External.ValidationTest.BaseRequestValidationTest.InitializeValidation() in d:\Code\TOM\Catapult\Code\trunk\CatapultServices\Tavisca.Catapult.External.ValidationTest\BaseRequestValidationTest.cs:line 35
</StackTrace>
        </ErrorInfo>
      </Output>
    </UnitTestResult>
    <UnitTestResult executionId="d17ea919-7225-41af-ba4c-dd2f551aa313" testId="8670cddf-bbe4-3d03-8f05-2a18a695a5dd" testName="AccessKeyForSpaceInValidTest" computerName="PHOENIXX" duration="00:00:00.0009623" startTime="2013-08-09T22:01:52.7053386+05:30" endTime="2013-08-09T22:01:52.7063389+05:30" testType="13cdc9d9-ddb5-4fa4-a97d-d965ccfc6d4b" outcome="Failed" testListId="8c84fa94-04c1-424b-9868-57a2d4851a1d" relativeResultsDirectory="d17ea919-7225-41af-ba4c-dd2f551aa313">
      <Output>
        <ErrorInfo>
          <Message>Initialization method Tavisca.Catapult.External.ValidationTest.BaseRequestValidationTest.InitializeValidation threw exception. System.IO.DirectoryNotFoundException: System.IO.DirectoryNotFoundException: Could not find a part of the path 'D:\CodeBase\Catapult\trunk\CatapultServices\Tavisca.Catapult.External.ValidationTest\Validation.xml'..</Message>
          <StackTrace>    at System.IO.__Error.WinIOError(Int32 errorCode, String maybeFullPath)
   at System.IO.FileStream.Init(String path, FileMode mode, FileAccess access, Int32 rights, Boolean useRights, FileShare share, Int32 bufferSize, FileOptions options, SECURITY_ATTRIBUTES secAttrs, String msgPath, Boolean bFromProxy, Boolean useLongPath, Boolean checkHost)
   at System.IO.FileStream..ctor(String path, FileMode mode, FileAccess access, FileShare share, Int32 bufferSize)
   at System.Xml.XmlDownloadManager.GetStream(Uri uri, ICredentials credentials, IWebProxy proxy, RequestCachePolicy cachePolicy)
   at System.Xml.XmlUrlResolver.GetEntity(Uri absoluteUri, String role, Type ofObjectToReturn)
   at System.Xml.XmlTextReaderImpl.FinishInitUriString()
   at System.Xml.XmlTextReaderImpl..ctor(String uriStr, XmlReaderSettings settings, XmlParserContext context, XmlResolver uriResolver)
   at System.Xml.XmlReaderSettings.CreateReader(String inputUri, XmlParserContext inputContext)
   at System.Xml.XmlReader.Create(String inputUri, XmlReaderSettings settings, XmlParserContext inputContext)
   at System.Xml.Linq.XDocument.Load(String uri, LoadOptions options)
   at Tavisca.Validation.DynamicXmlParser..ctor(String filePath)
   at Tavisca.Validation.ValidationBuilder.Build(String configFilePath)
   at Tavisca.Validation.Validation.Build(String configurationFilePath)
   at Tavisca.Catapult.External.ValidationTest.BaseRequestValidationTest.InitializeValidation() in d:\Code\TOM\Catapult\Code\trunk\CatapultServices\Tavisca.Catapult.External.ValidationTest\BaseRequestValidationTest.cs:line 35
</StackTrace>
        </ErrorInfo>
      </Output>
    </UnitTestResult>
    <UnitTestResult executionId="eff13444-8611-4a26-a24b-2912c895fd89" testId="152a637d-c080-817b-c09b-f85119c28eb9" testName="CultureForValidCultureValidTest" computerName="PHOENIXX" duration="00:00:00.0010604" startTime="2013-08-09T22:01:52.7063389+05:30" endTime="2013-08-09T22:01:52.7073392+05:30" testType="13cdc9d9-ddb5-4fa4-a97d-d965ccfc6d4b" outcome="Failed" testListId="8c84fa94-04c1-424b-9868-57a2d4851a1d" relativeResultsDirectory="eff13444-8611-4a26-a24b-2912c895fd89">
      <Output>
        <ErrorInfo>
          <Message>Initialization method Tavisca.Catapult.External.ValidationTest.BaseRequestValidationTest.InitializeValidation threw exception. System.IO.DirectoryNotFoundException: System.IO.DirectoryNotFoundException: Could not find a part of the path 'D:\CodeBase\Catapult\trunk\CatapultServices\Tavisca.Catapult.External.ValidationTest\Validation.xml'..</Message>
          <StackTrace>    at System.IO.__Error.WinIOError(Int32 errorCode, String maybeFullPath)
   at System.IO.FileStream.Init(String path, FileMode mode, FileAccess access, Int32 rights, Boolean useRights, FileShare share, Int32 bufferSize, FileOptions options, SECURITY_ATTRIBUTES secAttrs, String msgPath, Boolean bFromProxy, Boolean useLongPath, Boolean checkHost)
   at System.IO.FileStream..ctor(String path, FileMode mode, FileAccess access, FileShare share, Int32 bufferSize)
   at System.Xml.XmlDownloadManager.GetStream(Uri uri, ICredentials credentials, IWebProxy proxy, RequestCachePolicy cachePolicy)
   at System.Xml.XmlUrlResolver.GetEntity(Uri absoluteUri, String role, Type ofObjectToReturn)
   at System.Xml.XmlTextReaderImpl.FinishInitUriString()
   at System.Xml.XmlTextReaderImpl..ctor(String uriStr, XmlReaderSettings settings, XmlParserContext context, XmlResolver uriResolver)
   at System.Xml.XmlReaderSettings.CreateReader(String inputUri, XmlParserContext inputContext)
   at System.Xml.XmlReader.Create(String inputUri, XmlReaderSettings settings, XmlParserContext inputContext)
   at System.Xml.Linq.XDocument.Load(String uri, LoadOptions options)
   at Tavisca.Validation.DynamicXmlParser..ctor(String filePath)
   at Tavisca.Validation.ValidationBuilder.Build(String configFilePath)
   at Tavisca.Validation.Validation.Build(String configurationFilePath)
   at Tavisca.Catapult.External.ValidationTest.BaseRequestValidationTest.InitializeValidation() in d:\Code\TOM\Catapult\Code\trunk\CatapultServices\Tavisca.Catapult.External.ValidationTest\BaseRequestValidationTest.cs:line 35
</StackTrace>
        </ErrorInfo>
      </Output>
    </UnitTestResult>
    <UnitTestResult executionId="fdb5e9f2-696f-498f-ab89-3fe5bf75bd7f" testId="4bdce767-652f-ed62-12d5-54b828516e03" testName="CultureForValidCultureAllSmallInValidTest" computerName="PHOENIXX" duration="00:00:00.0009847" startTime="2013-08-09T22:01:52.7073392+05:30" endTime="2013-08-09T22:01:52.7083395+05:30" testType="13cdc9d9-ddb5-4fa4-a97d-d965ccfc6d4b" outcome="Failed" testListId="8c84fa94-04c1-424b-9868-57a2d4851a1d" relativeResultsDirectory="fdb5e9f2-696f-498f-ab89-3fe5bf75bd7f">
      <Output>
        <ErrorInfo>
          <Message>Initialization method Tavisca.Catapult.External.ValidationTest.BaseRequestValidationTest.InitializeValidation threw exception. System.IO.DirectoryNotFoundException: System.IO.DirectoryNotFoundException: Could not find a part of the path 'D:\CodeBase\Catapult\trunk\CatapultServices\Tavisca.Catapult.External.ValidationTest\Validation.xml'..</Message>
          <StackTrace>    at System.IO.__Error.WinIOError(Int32 errorCode, String maybeFullPath)
   at System.IO.FileStream.Init(String path, FileMode mode, FileAccess access, Int32 rights, Boolean useRights, FileShare share, Int32 bufferSize, FileOptions options, SECURITY_ATTRIBUTES secAttrs, String msgPath, Boolean bFromProxy, Boolean useLongPath, Boolean checkHost)
   at System.IO.FileStream..ctor(String path, FileMode mode, FileAccess access, FileShare share, Int32 bufferSize)
   at System.Xml.XmlDownloadManager.GetStream(Uri uri, ICredentials credentials, IWebProxy proxy, RequestCachePolicy cachePolicy)
   at System.Xml.XmlUrlResolver.GetEntity(Uri absoluteUri, String role, Type ofObjectToReturn)
   at System.Xml.XmlTextReaderImpl.FinishInitUriString()
   at System.Xml.XmlTextReaderImpl..ctor(String uriStr, XmlReaderSettings settings, XmlParserContext context, XmlResolver uriResolver)
   at System.Xml.XmlReaderSettings.CreateReader(String inputUri, XmlParserContext inputContext)
   at System.Xml.XmlReader.Create(String inputUri, XmlReaderSettings settings, XmlParserContext inputContext)
   at System.Xml.Linq.XDocument.Load(String uri, LoadOptions options)
   at Tavisca.Validation.DynamicXmlParser..ctor(String filePath)
   at Tavisca.Validation.ValidationBuilder.Build(String configFilePath)
   at Tavisca.Validation.Validation.Build(String configurationFilePath)
   at Tavisca.Catapult.External.ValidationTest.BaseRequestValidationTest.InitializeValidation() in d:\Code\TOM\Catapult\Code\trunk\CatapultServices\Tavisca.Catapult.External.ValidationTest\BaseRequestValidationTest.cs:line 35
</StackTrace>
        </ErrorInfo>
      </Output>
    </UnitTestResult>
    <UnitTestResult executionId="65d2b603-2d22-41c7-807c-91d68810c7b8" testId="7f686e2d-aee8-8afe-74b6-23caf6aa070d" testName="CultureForValidCultureAllCapitalInValidTest" computerName="PHOENIXX" duration="00:00:00.0009552" startTime="2013-08-09T22:01:52.7083395+05:30" endTime="2013-08-09T22:01:52.7093398+05:30" testType="13cdc9d9-ddb5-4fa4-a97d-d965ccfc6d4b" outcome="Failed" testListId="8c84fa94-04c1-424b-9868-57a2d4851a1d" relativeResultsDirectory="65d2b603-2d22-41c7-807c-91d68810c7b8">
      <Output>
        <ErrorInfo>
          <Message>Initialization method Tavisca.Catapult.External.ValidationTest.BaseRequestValidationTest.InitializeValidation threw exception. System.IO.DirectoryNotFoundException: System.IO.DirectoryNotFoundException: Could not find a part of the path 'D:\CodeBase\Catapult\trunk\CatapultServices\Tavisca.Catapult.External.ValidationTest\Validation.xml'..</Message>
          <StackTrace>    at System.IO.__Error.WinIOError(Int32 errorCode, String maybeFullPath)
   at System.IO.FileStream.Init(String path, FileMode mode, FileAccess access, Int32 rights, Boolean useRights, FileShare share, Int32 bufferSize, FileOptions options, SECURITY_ATTRIBUTES secAttrs, String msgPath, Boolean bFromProxy, Boolean useLongPath, Boolean checkHost)
   at System.IO.FileStream..ctor(String path, FileMode mode, FileAccess access, FileShare share, Int32 bufferSize)
   at System.Xml.XmlDownloadManager.GetStream(Uri uri, ICredentials credentials, IWebProxy proxy, RequestCachePolicy cachePolicy)
   at System.Xml.XmlUrlResolver.GetEntity(Uri absoluteUri, String role, Type ofObjectToReturn)
   at System.Xml.XmlTextReaderImpl.FinishInitUriString()
   at System.Xml.XmlTextReaderImpl..ctor(String uriStr, XmlReaderSettings settings, XmlParserContext context, XmlResolver uriResolver)
   at System.Xml.XmlReaderSettings.CreateReader(String inputUri, XmlParserContext inputContext)
   at System.Xml.XmlReader.Create(String inputUri, XmlReaderSettings settings, XmlParserContext inputContext)
   at System.Xml.Linq.XDocument.Load(String uri, LoadOptions options)
   at Tavisca.Validation.DynamicXmlParser..ctor(String filePath)
   at Tavisca.Validation.ValidationBuilder.Build(String configFilePath)
   at Tavisca.Validation.Validation.Build(String configurationFilePath)
   at Tavisca.Catapult.External.ValidationTest.BaseRequestValidationTest.InitializeValidation() in d:\Code\TOM\Catapult\Code\trunk\CatapultServices\Tavisca.Catapult.External.ValidationTest\BaseRequestValidationTest.cs:line 35
</StackTrace>
        </ErrorInfo>
      </Output>
    </UnitTestResult>
    <UnitTestResult executionId="c72ff2d1-5b62-4721-ba67-7a3db17bcf5c" testId="1c9d7193-ff45-8b2f-5283-bffe79e004d9" testName="CultureForValidWithHyphenInValidTest" computerName="PHOENIXX" duration="00:00:00.0009546" startTime="2013-08-09T22:01:52.7093398+05:30" endTime="2013-08-09T22:01:52.7103401+05:30" testType="13cdc9d9-ddb5-4fa4-a97d-d965ccfc6d4b" outcome="Failed" testListId="8c84fa94-04c1-424b-9868-57a2d4851a1d" relativeResultsDirectory="c72ff2d1-5b62-4721-ba67-7a3db17bcf5c">
      <Output>
        <ErrorInfo>
          <Message>Initialization method Tavisca.Catapult.External.ValidationTest.BaseRequestValidationTest.InitializeValidation threw exception. System.IO.DirectoryNotFoundException: System.IO.DirectoryNotFoundException: Could not find a part of the path 'D:\CodeBase\Catapult\trunk\CatapultServices\Tavisca.Catapult.External.ValidationTest\Validation.xml'..</Message>
          <StackTrace>    at System.IO.__Error.WinIOError(Int32 errorCode, String maybeFullPath)
   at System.IO.FileStream.Init(String path, FileMode mode, FileAccess access, Int32 rights, Boolean useRights, FileShare share, Int32 bufferSize, FileOptions options, SECURITY_ATTRIBUTES secAttrs, String msgPath, Boolean bFromProxy, Boolean useLongPath, Boolean checkHost)
   at System.IO.FileStream..ctor(String path, FileMode mode, FileAccess access, FileShare share, Int32 bufferSize)
   at System.Xml.XmlDownloadManager.GetStream(Uri uri, ICredentials credentials, IWebProxy proxy, RequestCachePolicy cachePolicy)
   at System.Xml.XmlUrlResolver.GetEntity(Uri absoluteUri, String role, Type ofObjectToReturn)
   at System.Xml.XmlTextReaderImpl.FinishInitUriString()
   at System.Xml.XmlTextReaderImpl..ctor(String uriStr, XmlReaderSettings settings, XmlParserContext context, XmlResolver uriResolver)
   at System.Xml.XmlReaderSettings.CreateReader(String inputUri, XmlParserContext inputContext)
   at System.Xml.XmlReader.Create(String inputUri, XmlReaderSettings settings, XmlParserContext inputContext)
   at System.Xml.Linq.XDocument.Load(String uri, LoadOptions options)
   at Tavisca.Validation.DynamicXmlParser..ctor(String filePath)
   at Tavisca.Validation.ValidationBuilder.Build(String configFilePath)
   at Tavisca.Validation.Validation.Build(String configurationFilePath)
   at Tavisca.Catapult.External.ValidationTest.BaseRequestValidationTest.InitializeValidation() in d:\Code\TOM\Catapult\Code\trunk\CatapultServices\Tavisca.Catapult.External.ValidationTest\BaseRequestValidationTest.cs:line 35
</StackTrace>
        </ErrorInfo>
      </Output>
    </UnitTestResult>
    <UnitTestResult executionId="fd49e032-43a5-48ea-bb21-c5259fc1682e" testId="fde22432-835e-57d6-6a3a-5c2339efaa96" testName="CultureForNumericInValidTest" computerName="PHOENIXX" duration="00:00:00.0009527" startTime="2013-08-09T22:01:52.7103401+05:30" endTime="2013-08-09T22:01:52.7113404+05:30" testType="13cdc9d9-ddb5-4fa4-a97d-d965ccfc6d4b" outcome="Failed" testListId="8c84fa94-04c1-424b-9868-57a2d4851a1d" relativeResultsDirectory="fd49e032-43a5-48ea-bb21-c5259fc1682e">
      <Output>
        <ErrorInfo>
          <Message>Initialization method Tavisca.Catapult.External.ValidationTest.BaseRequestValidationTest.InitializeValidation threw exception. System.IO.DirectoryNotFoundException: System.IO.DirectoryNotFoundException: Could not find a part of the path 'D:\CodeBase\Catapult\trunk\CatapultServices\Tavisca.Catapult.External.ValidationTest\Validation.xml'..</Message>
          <StackTrace>    at System.IO.__Error.WinIOError(Int32 errorCode, String maybeFullPath)
   at System.IO.FileStream.Init(String path, FileMode mode, FileAccess access, Int32 rights, Boolean useRights, FileShare share, Int32 bufferSize, FileOptions options, SECURITY_ATTRIBUTES secAttrs, String msgPath, Boolean bFromProxy, Boolean useLongPath, Boolean checkHost)
   at System.IO.FileStream..ctor(String path, FileMode mode, FileAccess access, FileShare share, Int32 bufferSize)
   at System.Xml.XmlDownloadManager.GetStream(Uri uri, ICredentials credentials, IWebProxy proxy, RequestCachePolicy cachePolicy)
   at System.Xml.XmlUrlResolver.GetEntity(Uri absoluteUri, String role, Type ofObjectToReturn)
   at System.Xml.XmlTextReaderImpl.FinishInitUriString()
   at System.Xml.XmlTextReaderImpl..ctor(String uriStr, XmlReaderSettings settings, XmlParserContext context, XmlResolver uriResolver)
   at System.Xml.XmlReaderSettings.CreateReader(String inputUri, XmlParserContext inputContext)
   at System.Xml.XmlReader.Create(String inputUri, XmlReaderSettings settings, XmlParserContext inputContext)
   at System.Xml.Linq.XDocument.Load(String uri, LoadOptions options)
   at Tavisca.Validation.DynamicXmlParser..ctor(String filePath)
   at Tavisca.Validation.ValidationBuilder.Build(String configFilePath)
   at Tavisca.Validation.Validation.Build(String configurationFilePath)
   at Tavisca.Catapult.External.ValidationTest.BaseRequestValidationTest.InitializeValidation() in d:\Code\TOM\Catapult\Code\trunk\CatapultServices\Tavisca.Catapult.External.ValidationTest\BaseRequestValidationTest.cs:line 35
</StackTrace>
        </ErrorInfo>
      </Output>
    </UnitTestResult>
    <UnitTestResult executionId="3056320c-b57b-4da6-b126-59fb75e5ad01" testId="d41ad52d-1f38-1122-8ef6-2cb02945717c" testName="CultureForAlphaNumericInValidTest" computerName="PHOENIXX" duration="00:00:00.0009360" startTime="2013-08-09T22:01:52.7113404+05:30" endTime="2013-08-09T22:01:52.7133410+05:30" testType="13cdc9d9-ddb5-4fa4-a97d-d965ccfc6d4b" outcome="Failed" testListId="8c84fa94-04c1-424b-9868-57a2d4851a1d" relativeResultsDirectory="3056320c-b57b-4da6-b126-59fb75e5ad01">
      <Output>
        <ErrorInfo>
          <Message>Initialization method Tavisca.Catapult.External.ValidationTest.BaseRequestValidationTest.InitializeValidation threw exception. System.IO.DirectoryNotFoundException: System.IO.DirectoryNotFoundException: Could not find a part of the path 'D:\CodeBase\Catapult\trunk\CatapultServices\Tavisca.Catapult.External.ValidationTest\Validation.xml'..</Message>
          <StackTrace>    at System.IO.__Error.WinIOError(Int32 errorCode, String maybeFullPath)
   at System.IO.FileStream.Init(String path, FileMode mode, FileAccess access, Int32 rights, Boolean useRights, FileShare share, Int32 bufferSize, FileOptions options, SECURITY_ATTRIBUTES secAttrs, String msgPath, Boolean bFromProxy, Boolean useLongPath, Boolean checkHost)
   at System.IO.FileStream..ctor(String path, FileMode mode, FileAccess access, FileShare share, Int32 bufferSize)
   at System.Xml.XmlDownloadManager.GetStream(Uri uri, ICredentials credentials, IWebProxy proxy, RequestCachePolicy cachePolicy)
   at System.Xml.XmlUrlResolver.GetEntity(Uri absoluteUri, String role, Type ofObjectToReturn)
   at System.Xml.XmlTextReaderImpl.FinishInitUriString()
   at System.Xml.XmlTextReaderImpl..ctor(String uriStr, XmlReaderSettings settings, XmlParserContext context, XmlResolver uriResolver)
   at System.Xml.XmlReaderSettings.CreateReader(String inputUri, XmlParserContext inputContext)
   at System.Xml.XmlReader.Create(String inputUri, XmlReaderSettings settings, XmlParserContext inputContext)
   at System.Xml.Linq.XDocument.Load(String uri, LoadOptions options)
   at Tavisca.Validation.DynamicXmlParser..ctor(String filePath)
   at Tavisca.Validation.ValidationBuilder.Build(String configFilePath)
   at Tavisca.Validation.Validation.Build(String configurationFilePath)
   at Tavisca.Catapult.External.ValidationTest.BaseRequestValidationTest.InitializeValidation() in d:\Code\TOM\Catapult\Code\trunk\CatapultServices\Tavisca.Catapult.External.ValidationTest\BaseRequestValidationTest.cs:line 35
</StackTrace>
        </ErrorInfo>
      </Output>
    </UnitTestResult>
    <UnitTestResult executionId="e98ca0de-429c-4fb3-8bbc-236d14190ebf" testId="9354acf7-3bfe-ff5f-5751-0d6ecb0a2504" testName="CultureForAlphabeticInValidTest" computerName="PHOENIXX" duration="00:00:00.0010213" startTime="2013-08-09T22:01:52.7133410+05:30" endTime="2013-08-09T22:01:52.7143413+05:30" testType="13cdc9d9-ddb5-4fa4-a97d-d965ccfc6d4b" outcome="Failed" testListId="8c84fa94-04c1-424b-9868-57a2d4851a1d" relativeResultsDirectory="e98ca0de-429c-4fb3-8bbc-236d14190ebf">
      <Output>
        <ErrorInfo>
          <Message>Initialization method Tavisca.Catapult.External.ValidationTest.BaseRequestValidationTest.InitializeValidation threw exception. System.IO.DirectoryNotFoundException: System.IO.DirectoryNotFoundException: Could not find a part of the path 'D:\CodeBase\Catapult\trunk\CatapultServices\Tavisca.Catapult.External.ValidationTest\Validation.xml'..</Message>
          <StackTrace>    at System.IO.__Error.WinIOError(Int32 errorCode, String maybeFullPath)
   at System.IO.FileStream.Init(String path, FileMode mode, FileAccess access, Int32 rights, Boolean useRights, FileShare share, Int32 bufferSize, FileOptions options, SECURITY_ATTRIBUTES secAttrs, String msgPath, Boolean bFromProxy, Boolean useLongPath, Boolean checkHost)
   at System.IO.FileStream..ctor(String path, FileMode mode, FileAccess access, FileShare share, Int32 bufferSize)
   at System.Xml.XmlDownloadManager.GetStream(Uri uri, ICredentials credentials, IWebProxy proxy, RequestCachePolicy cachePolicy)
   at System.Xml.XmlUrlResolver.GetEntity(Uri absoluteUri, String role, Type ofObjectToReturn)
   at System.Xml.XmlTextReaderImpl.FinishInitUriString()
   at System.Xml.XmlTextReaderImpl..ctor(String uriStr, XmlReaderSettings settings, XmlParserContext context, XmlResolver uriResolver)
   at System.Xml.XmlReaderSettings.CreateReader(String inputUri, XmlParserContext inputContext)
   at System.Xml.XmlReader.Create(String inputUri, XmlReaderSettings settings, XmlParserContext inputContext)
   at System.Xml.Linq.XDocument.Load(String uri, LoadOptions options)
   at Tavisca.Validation.DynamicXmlParser..ctor(String filePath)
   at Tavisca.Validation.ValidationBuilder.Build(String configFilePath)
   at Tavisca.Validation.Validation.Build(String configurationFilePath)
   at Tavisca.Catapult.External.ValidationTest.BaseRequestValidationTest.InitializeValidation() in d:\Code\TOM\Catapult\Code\trunk\CatapultServices\Tavisca.Catapult.External.ValidationTest\BaseRequestValidationTest.cs:line 35
</StackTrace>
        </ErrorInfo>
      </Output>
    </UnitTestResult>
    <UnitTestResult executionId="43dd4f3f-d654-4f77-a174-5d52de8d1664" testId="63fd63b4-a7e6-616a-57af-3140b7f2ce34" testName="CultureForSpecialCharInValidTest" computerName="PHOENIXX" duration="00:00:00.0009597" startTime="2013-08-09T22:01:52.7143413+05:30" endTime="2013-08-09T22:01:52.7153416+05:30" testType="13cdc9d9-ddb5-4fa4-a97d-d965ccfc6d4b" outcome="Failed" testListId="8c84fa94-04c1-424b-9868-57a2d4851a1d" relativeResultsDirectory="43dd4f3f-d654-4f77-a174-5d52de8d1664">
      <Output>
        <ErrorInfo>
          <Message>Initialization method Tavisca.Catapult.External.ValidationTest.BaseRequestValidationTest.InitializeValidation threw exception. System.IO.DirectoryNotFoundException: System.IO.DirectoryNotFoundException: Could not find a part of the path 'D:\CodeBase\Catapult\trunk\CatapultServices\Tavisca.Catapult.External.ValidationTest\Validation.xml'..</Message>
          <StackTrace>    at System.IO.__Error.WinIOError(Int32 errorCode, String maybeFullPath)
   at System.IO.FileStream.Init(String path, FileMode mode, FileAccess access, Int32 rights, Boolean useRights, FileShare share, Int32 bufferSize, FileOptions options, SECURITY_ATTRIBUTES secAttrs, String msgPath, Boolean bFromProxy, Boolean useLongPath, Boolean checkHost)
   at System.IO.FileStream..ctor(String path, FileMode mode, FileAccess access, FileShare share, Int32 bufferSize)
   at System.Xml.XmlDownloadManager.GetStream(Uri uri, ICredentials credentials, IWebProxy proxy, RequestCachePolicy cachePolicy)
   at System.Xml.XmlUrlResolver.GetEntity(Uri absoluteUri, String role, Type ofObjectToReturn)
   at System.Xml.XmlTextReaderImpl.FinishInitUriString()
   at System.Xml.XmlTextReaderImpl..ctor(String uriStr, XmlReaderSettings settings, XmlParserContext context, XmlResolver uriResolver)
   at System.Xml.XmlReaderSettings.CreateReader(String inputUri, XmlParserContext inputContext)
   at System.Xml.XmlReader.Create(String inputUri, XmlReaderSettings settings, XmlParserContext inputContext)
   at System.Xml.Linq.XDocument.Load(String uri, LoadOptions options)
   at Tavisca.Validation.DynamicXmlParser..ctor(String filePath)
   at Tavisca.Validation.ValidationBuilder.Build(String configFilePath)
   at Tavisca.Validation.Validation.Build(String configurationFilePath)
   at Tavisca.Catapult.External.ValidationTest.BaseRequestValidationTest.InitializeValidation() in d:\Code\TOM\Catapult\Code\trunk\CatapultServices\Tavisca.Catapult.External.ValidationTest\BaseRequestValidationTest.cs:line 35
</StackTrace>
        </ErrorInfo>
      </Output>
    </UnitTestResult>
    <UnitTestResult executionId="28996271-e200-46d0-b5b9-65290c92dcb9" testId="338053e7-7787-f7b5-bbd6-579cc56962ab" testName="CultureForSpaceInValidTest" computerName="PHOENIXX" duration="00:00:00.0009713" startTime="2013-08-09T22:01:52.7153416+05:30" endTime="2013-08-09T22:01:52.7163419+05:30" testType="13cdc9d9-ddb5-4fa4-a97d-d965ccfc6d4b" outcome="Failed" testListId="8c84fa94-04c1-424b-9868-57a2d4851a1d" relativeResultsDirectory="28996271-e200-46d0-b5b9-65290c92dcb9">
      <Output>
        <ErrorInfo>
          <Message>Initialization method Tavisca.Catapult.External.ValidationTest.BaseRequestValidationTest.InitializeValidation threw exception. System.IO.DirectoryNotFoundException: System.IO.DirectoryNotFoundException: Could not find a part of the path 'D:\CodeBase\Catapult\trunk\CatapultServices\Tavisca.Catapult.External.ValidationTest\Validation.xml'..</Message>
          <StackTrace>    at System.IO.__Error.WinIOError(Int32 errorCode, String maybeFullPath)
   at System.IO.FileStream.Init(String path, FileMode mode, FileAccess access, Int32 rights, Boolean useRights, FileShare share, Int32 bufferSize, FileOptions options, SECURITY_ATTRIBUTES secAttrs, String msgPath, Boolean bFromProxy, Boolean useLongPath, Boolean checkHost)
   at System.IO.FileStream..ctor(String path, FileMode mode, FileAccess access, FileShare share, Int32 bufferSize)
   at System.Xml.XmlDownloadManager.GetStream(Uri uri, ICredentials credentials, IWebProxy proxy, RequestCachePolicy cachePolicy)
   at System.Xml.XmlUrlResolver.GetEntity(Uri absoluteUri, String role, Type ofObjectToReturn)
   at System.Xml.XmlTextReaderImpl.FinishInitUriString()
   at System.Xml.XmlTextReaderImpl..ctor(String uriStr, XmlReaderSettings settings, XmlParserContext context, XmlResolver uriResolver)
   at System.Xml.XmlReaderSettings.CreateReader(String inputUri, XmlParserContext inputContext)
   at System.Xml.XmlReader.Create(String inputUri, XmlReaderSettings settings, XmlParserContext inputContext)
   at System.Xml.Linq.XDocument.Load(String uri, LoadOptions options)
   at Tavisca.Validation.DynamicXmlParser..ctor(String filePath)
   at Tavisca.Validation.ValidationBuilder.Build(String configFilePath)
   at Tavisca.Validation.Validation.Build(String configurationFilePath)
   at Tavisca.Catapult.External.ValidationTest.BaseRequestValidationTest.InitializeValidation() in d:\Code\TOM\Catapult\Code\trunk\CatapultServices\Tavisca.Catapult.External.ValidationTest\BaseRequestValidationTest.cs:line 35
</StackTrace>
        </ErrorInfo>
      </Output>
    </UnitTestResult>
    <UnitTestResult executionId="8eb8ce10-7c75-4b57-a1f8-708cdf92401f" testId="4eaa03bd-d419-3a7a-2e24-926db04ed046" testName="CurrencyCodeValidTest" computerName="PHOENIXX" duration="00:00:00.0009809" startTime="2013-08-09T22:01:52.7163419+05:30" endTime="2013-08-09T22:01:52.7173422+05:30" testType="13cdc9d9-ddb5-4fa4-a97d-d965ccfc6d4b" outcome="Failed" testListId="8c84fa94-04c1-424b-9868-57a2d4851a1d" relativeResultsDirectory="8eb8ce10-7c75-4b57-a1f8-708cdf92401f">
      <Output>
        <ErrorInfo>
          <Message>Initialization method Tavisca.Catapult.External.ValidationTest.BaseRequestValidationTest.InitializeValidation threw exception. System.IO.DirectoryNotFoundException: System.IO.DirectoryNotFoundException: Could not find a part of the path 'D:\CodeBase\Catapult\trunk\CatapultServices\Tavisca.Catapult.External.ValidationTest\Validation.xml'..</Message>
          <StackTrace>    at System.IO.__Error.WinIOError(Int32 errorCode, String maybeFullPath)
   at System.IO.FileStream.Init(String path, FileMode mode, FileAccess access, Int32 rights, Boolean useRights, FileShare share, Int32 bufferSize, FileOptions options, SECURITY_ATTRIBUTES secAttrs, String msgPath, Boolean bFromProxy, Boolean useLongPath, Boolean checkHost)
   at System.IO.FileStream..ctor(String path, FileMode mode, FileAccess access, FileShare share, Int32 bufferSize)
   at System.Xml.XmlDownloadManager.GetStream(Uri uri, ICredentials credentials, IWebProxy proxy, RequestCachePolicy cachePolicy)
   at System.Xml.XmlUrlResolver.GetEntity(Uri absoluteUri, String role, Type ofObjectToReturn)
   at System.Xml.XmlTextReaderImpl.FinishInitUriString()
   at System.Xml.XmlTextReaderImpl..ctor(String uriStr, XmlReaderSettings settings, XmlParserContext context, XmlResolver uriResolver)
   at System.Xml.XmlReaderSettings.CreateReader(String inputUri, XmlParserContext inputContext)
   at System.Xml.XmlReader.Create(String inputUri, XmlReaderSettings settings, XmlParserContext inputContext)
   at System.Xml.Linq.XDocument.Load(String uri, LoadOptions options)
   at Tavisca.Validation.DynamicXmlParser..ctor(String filePath)
   at Tavisca.Validation.ValidationBuilder.Build(String configFilePath)
   at Tavisca.Validation.Validation.Build(String configurationFilePath)
   at Tavisca.Catapult.External.ValidationTest.BaseRequestValidationTest.InitializeValidation() in d:\Code\TOM\Catapult\Code\trunk\CatapultServices\Tavisca.Catapult.External.ValidationTest\BaseRequestValidationTest.cs:line 35
</StackTrace>
        </ErrorInfo>
      </Output>
    </UnitTestResult>
    <UnitTestResult executionId="284ee592-233b-4594-a129-af3e44289bb9" testId="21d153c6-783f-07e6-eb59-b02bc5f77f43" testName="CurrencyCodeForCodeAllSmallInvalidTest" computerName="PHOENIXX" duration="00:00:00.0009905" startTime="2013-08-09T22:01:52.7173422+05:30" endTime="2013-08-09T22:01:52.7183425+05:30" testType="13cdc9d9-ddb5-4fa4-a97d-d965ccfc6d4b" outcome="Failed" testListId="8c84fa94-04c1-424b-9868-57a2d4851a1d" relativeResultsDirectory="284ee592-233b-4594-a129-af3e44289bb9">
      <Output>
        <ErrorInfo>
          <Message>Initialization method Tavisca.Catapult.External.ValidationTest.BaseRequestValidationTest.InitializeValidation threw exception. System.IO.DirectoryNotFoundException: System.IO.DirectoryNotFoundException: Could not find a part of the path 'D:\CodeBase\Catapult\trunk\CatapultServices\Tavisca.Catapult.External.ValidationTest\Validation.xml'..</Message>
          <StackTrace>    at System.IO.__Error.WinIOError(Int32 errorCode, String maybeFullPath)
   at System.IO.FileStream.Init(String path, FileMode mode, FileAccess access, Int32 rights, Boolean useRights, FileShare share, Int32 bufferSize, FileOptions options, SECURITY_ATTRIBUTES secAttrs, String msgPath, Boolean bFromProxy, Boolean useLongPath, Boolean checkHost)
   at System.IO.FileStream..ctor(String path, FileMode mode, FileAccess access, FileShare share, Int32 bufferSize)
   at System.Xml.XmlDownloadManager.GetStream(Uri uri, ICredentials credentials, IWebProxy proxy, RequestCachePolicy cachePolicy)
   at System.Xml.XmlUrlResolver.GetEntity(Uri absoluteUri, String role, Type ofObjectToReturn)
   at System.Xml.XmlTextReaderImpl.FinishInitUriString()
   at System.Xml.XmlTextReaderImpl..ctor(String uriStr, XmlReaderSettings settings, XmlParserContext context, XmlResolver uriResolver)
   at System.Xml.XmlReaderSettings.CreateReader(String inputUri, XmlParserContext inputContext)
   at System.Xml.XmlReader.Create(String inputUri, XmlReaderSettings settings, XmlParserContext inputContext)
   at System.Xml.Linq.XDocument.Load(String uri, LoadOptions options)
   at Tavisca.Validation.DynamicXmlParser..ctor(String filePath)
   at Tavisca.Validation.ValidationBuilder.Build(String configFilePath)
   at Tavisca.Validation.Validation.Build(String configurationFilePath)
   at Tavisca.Catapult.External.ValidationTest.BaseRequestValidationTest.InitializeValidation() in d:\Code\TOM\Catapult\Code\trunk\CatapultServices\Tavisca.Catapult.External.ValidationTest\BaseRequestValidationTest.cs:line 35
</StackTrace>
        </ErrorInfo>
      </Output>
    </UnitTestResult>
    <UnitTestResult executionId="997e65f0-7888-4638-aa79-a0361e4d221b" testId="9fd11dba-dd9f-7ae7-eed7-d58fbbf52d9e" testName="CurrencyCodeForAllCapitalValidTest" computerName="PHOENIXX" duration="00:00:00.0052524" startTime="2013-08-09T22:01:52.7183425+05:30" endTime="2013-08-09T22:01:52.7243443+05:30" testType="13cdc9d9-ddb5-4fa4-a97d-d965ccfc6d4b" outcome="Failed" testListId="8c84fa94-04c1-424b-9868-57a2d4851a1d" relativeResultsDirectory="997e65f0-7888-4638-aa79-a0361e4d221b">
      <Output>
        <ErrorInfo>
          <Message>Initialization method Tavisca.Catapult.External.ValidationTest.BaseRequestValidationTest.InitializeValidation threw exception. System.IO.DirectoryNotFoundException: System.IO.DirectoryNotFoundException: Could not find a part of the path 'D:\CodeBase\Catapult\trunk\CatapultServices\Tavisca.Catapult.External.ValidationTest\Validation.xml'..</Message>
          <StackTrace>    at System.IO.__Error.WinIOError(Int32 errorCode, String maybeFullPath)
   at System.IO.FileStream.Init(String path, FileMode mode, FileAccess access, Int32 rights, Boolean useRights, FileShare share, Int32 bufferSize, FileOptions options, SECURITY_ATTRIBUTES secAttrs, String msgPath, Boolean bFromProxy, Boolean useLongPath, Boolean checkHost)
   at System.IO.FileStream..ctor(String path, FileMode mode, FileAccess access, FileShare share, Int32 bufferSize)
   at System.Xml.XmlDownloadManager.GetStream(Uri uri, ICredentials credentials, IWebProxy proxy, RequestCachePolicy cachePolicy)
   at System.Xml.XmlUrlResolver.GetEntity(Uri absoluteUri, String role, Type ofObjectToReturn)
   at System.Xml.XmlTextReaderImpl.FinishInitUriString()
   at System.Xml.XmlTextReaderImpl..ctor(String uriStr, XmlReaderSettings settings, XmlParserContext context, XmlResolver uriResolver)
   at System.Xml.XmlReaderSettings.CreateReader(String inputUri, XmlParserContext inputContext)
   at System.Xml.XmlReader.Create(String inputUri, XmlReaderSettings settings, XmlParserContext inputContext)
   at System.Xml.Linq.XDocument.Load(String uri, LoadOptions options)
   at Tavisca.Validation.DynamicXmlParser..ctor(String filePath)
   at Tavisca.Validation.ValidationBuilder.Build(String configFilePath)
   at Tavisca.Validation.Validation.Build(String configurationFilePath)
   at Tavisca.Catapult.External.ValidationTest.BaseRequestValidationTest.InitializeValidation() in d:\Code\TOM\Catapult\Code\trunk\CatapultServices\Tavisca.Catapult.External.ValidationTest\BaseRequestValidationTest.cs:line 35
</StackTrace>
        </ErrorInfo>
      </Output>
    </UnitTestResult>
    <UnitTestResult executionId="57f7c045-e668-4c5c-b5f8-290b656c6f21" testId="911f0441-800c-32dd-8573-22b7d593b28a" testName="CurrencyCodeForNumericInvalidTest" computerName="PHOENIXX" duration="00:00:00.0011791" startTime="2013-08-09T22:01:52.7243443+05:30" endTime="2013-08-09T22:01:52.7253446+05:30" testType="13cdc9d9-ddb5-4fa4-a97d-d965ccfc6d4b" outcome="Failed" testListId="8c84fa94-04c1-424b-9868-57a2d4851a1d" relativeResultsDirectory="57f7c045-e668-4c5c-b5f8-290b656c6f21">
      <Output>
        <ErrorInfo>
          <Message>Initialization method Tavisca.Catapult.External.ValidationTest.BaseRequestValidationTest.InitializeValidation threw exception. System.IO.DirectoryNotFoundException: System.IO.DirectoryNotFoundException: Could not find a part of the path 'D:\CodeBase\Catapult\trunk\CatapultServices\Tavisca.Catapult.External.ValidationTest\Validation.xml'..</Message>
          <StackTrace>    at System.IO.__Error.WinIOError(Int32 errorCode, String maybeFullPath)
   at System.IO.FileStream.Init(String path, FileMode mode, FileAccess access, Int32 rights, Boolean useRights, FileShare share, Int32 bufferSize, FileOptions options, SECURITY_ATTRIBUTES secAttrs, String msgPath, Boolean bFromProxy, Boolean useLongPath, Boolean checkHost)
   at System.IO.FileStream..ctor(String path, FileMode mode, FileAccess access, FileShare share, Int32 bufferSize)
   at System.Xml.XmlDownloadManager.GetStream(Uri uri, ICredentials credentials, IWebProxy proxy, RequestCachePolicy cachePolicy)
   at System.Xml.XmlUrlResolver.GetEntity(Uri absoluteUri, String role, Type ofObjectToReturn)
   at System.Xml.XmlTextReaderImpl.FinishInitUriString()
   at System.Xml.XmlTextReaderImpl..ctor(String uriStr, XmlReaderSettings settings, XmlParserContext context, XmlResolver uriResolver)
   at System.Xml.XmlReaderSettings.CreateReader(String inputUri, XmlParserContext inputContext)
   at System.Xml.XmlReader.Create(String inputUri, XmlReaderSettings settings, XmlParserContext inputContext)
   at System.Xml.Linq.XDocument.Load(String uri, LoadOptions options)
   at Tavisca.Validation.DynamicXmlParser..ctor(String filePath)
   at Tavisca.Validation.ValidationBuilder.Build(String configFilePath)
   at Tavisca.Validation.Validation.Build(String configurationFilePath)
   at Tavisca.Catapult.External.ValidationTest.BaseRequestValidationTest.InitializeValidation() in d:\Code\TOM\Catapult\Code\trunk\CatapultServices\Tavisca.Catapult.External.ValidationTest\BaseRequestValidationTest.cs:line 35
</StackTrace>
        </ErrorInfo>
      </Output>
    </UnitTestResult>
    <UnitTestResult executionId="7ad7cbe7-f9e8-42bd-a378-3aad7e64a0b7" testId="8261acc2-0342-d5d9-0fd7-b5967aa51112" testName="CurrencyCodeForAlphaNumericInvalidTest" computerName="PHOENIXX" duration="00:00:00.0010649" startTime="2013-08-09T22:01:52.7253446+05:30" endTime="2013-08-09T22:01:52.7263449+05:30" testType="13cdc9d9-ddb5-4fa4-a97d-d965ccfc6d4b" outcome="Failed" testListId="8c84fa94-04c1-424b-9868-57a2d4851a1d" relativeResultsDirectory="7ad7cbe7-f9e8-42bd-a378-3aad7e64a0b7">
      <Output>
        <ErrorInfo>
          <Message>Initialization method Tavisca.Catapult.External.ValidationTest.BaseRequestValidationTest.InitializeValidation threw exception. System.IO.DirectoryNotFoundException: System.IO.DirectoryNotFoundException: Could not find a part of the path 'D:\CodeBase\Catapult\trunk\CatapultServices\Tavisca.Catapult.External.ValidationTest\Validation.xml'..</Message>
          <StackTrace>    at System.IO.__Error.WinIOError(Int32 errorCode, String maybeFullPath)
   at System.IO.FileStream.Init(String path, FileMode mode, FileAccess access, Int32 rights, Boolean useRights, FileShare share, Int32 bufferSize, FileOptions options, SECURITY_ATTRIBUTES secAttrs, String msgPath, Boolean bFromProxy, Boolean useLongPath, Boolean checkHost)
   at System.IO.FileStream..ctor(String path, FileMode mode, FileAccess access, FileShare share, Int32 bufferSize)
   at System.Xml.XmlDownloadManager.GetStream(Uri uri, ICredentials credentials, IWebProxy proxy, RequestCachePolicy cachePolicy)
   at System.Xml.XmlUrlResolver.GetEntity(Uri absoluteUri, String role, Type ofObjectToReturn)
   at System.Xml.XmlTextReaderImpl.FinishInitUriString()
   at System.Xml.XmlTextReaderImpl..ctor(String uriStr, XmlReaderSettings settings, XmlParserContext context, XmlResolver uriResolver)
   at System.Xml.XmlReaderSettings.CreateReader(String inputUri, XmlParserContext inputContext)
   at System.Xml.XmlReader.Create(String inputUri, XmlReaderSettings settings, XmlParserContext inputContext)
   at System.Xml.Linq.XDocument.Load(String uri, LoadOptions options)
   at Tavisca.Validation.DynamicXmlParser..ctor(String filePath)
   at Tavisca.Validation.ValidationBuilder.Build(String configFilePath)
   at Tavisca.Validation.Validation.Build(String configurationFilePath)
   at Tavisca.Catapult.External.ValidationTest.BaseRequestValidationTest.InitializeValidation() in d:\Code\TOM\Catapult\Code\trunk\CatapultServices\Tavisca.Catapult.External.ValidationTest\BaseRequestValidationTest.cs:line 35
</StackTrace>
        </ErrorInfo>
      </Output>
    </UnitTestResult>
    <UnitTestResult executionId="53a7eea1-bf43-45a5-b281-b53e6b0884a9" testId="22b93c6a-1e54-0a28-3f7a-e79cd144815e" testName="CurrencyCodeForAlphabeticInvalidTest" computerName="PHOENIXX" duration="00:00:00.0010271" startTime="2013-08-09T22:01:52.7273452+05:30" endTime="2013-08-09T22:01:52.7283455+05:30" testType="13cdc9d9-ddb5-4fa4-a97d-d965ccfc6d4b" outcome="Failed" testListId="8c84fa94-04c1-424b-9868-57a2d4851a1d" relativeResultsDirectory="53a7eea1-bf43-45a5-b281-b53e6b0884a9">
      <Output>
        <ErrorInfo>
          <Message>Initialization method Tavisca.Catapult.External.ValidationTest.BaseRequestValidationTest.InitializeValidation threw exception. System.IO.DirectoryNotFoundException: System.IO.DirectoryNotFoundException: Could not find a part of the path 'D:\CodeBase\Catapult\trunk\CatapultServices\Tavisca.Catapult.External.ValidationTest\Validation.xml'..</Message>
          <StackTrace>    at System.IO.__Error.WinIOError(Int32 errorCode, String maybeFullPath)
   at System.IO.FileStream.Init(String path, FileMode mode, FileAccess access, Int32 rights, Boolean useRights, FileShare share, Int32 bufferSize, FileOptions options, SECURITY_ATTRIBUTES secAttrs, String msgPath, Boolean bFromProxy, Boolean useLongPath, Boolean checkHost)
   at System.IO.FileStream..ctor(String path, FileMode mode, FileAccess access, FileShare share, Int32 bufferSize)
   at System.Xml.XmlDownloadManager.GetStream(Uri uri, ICredentials credentials, IWebProxy proxy, RequestCachePolicy cachePolicy)
   at System.Xml.XmlUrlResolver.GetEntity(Uri absoluteUri, String role, Type ofObjectToReturn)
   at System.Xml.XmlTextReaderImpl.FinishInitUriString()
   at System.Xml.XmlTextReaderImpl..ctor(String uriStr, XmlReaderSettings settings, XmlParserContext context, XmlResolver uriResolver)
   at System.Xml.XmlReaderSettings.CreateReader(String inputUri, XmlParserContext inputContext)
   at System.Xml.XmlReader.Create(String inputUri, XmlReaderSettings settings, XmlParserContext inputContext)
   at System.Xml.Linq.XDocument.Load(String uri, LoadOptions options)
   at Tavisca.Validation.DynamicXmlParser..ctor(String filePath)
   at Tavisca.Validation.ValidationBuilder.Build(String configFilePath)
   at Tavisca.Validation.Validation.Build(String configurationFilePath)
   at Tavisca.Catapult.External.ValidationTest.BaseRequestValidationTest.InitializeValidation() in d:\Code\TOM\Catapult\Code\trunk\CatapultServices\Tavisca.Catapult.External.ValidationTest\BaseRequestValidationTest.cs:line 35
</StackTrace>
        </ErrorInfo>
      </Output>
    </UnitTestResult>
    <UnitTestResult executionId="38237a9e-bf00-4607-8cf6-e55ef00ea1ef" testId="222a848e-aa0a-e73b-268d-d075aa40ff48" testName="CurrencyCodeForSpecialCharInvalidTest" computerName="PHOENIXX" duration="00:00:00.0011464" startTime="2013-08-09T22:01:52.7283455+05:30" endTime="2013-08-09T22:01:52.7293458+05:30" testType="13cdc9d9-ddb5-4fa4-a97d-d965ccfc6d4b" outcome="Failed" testListId="8c84fa94-04c1-424b-9868-57a2d4851a1d" relativeResultsDirectory="38237a9e-bf00-4607-8cf6-e55ef00ea1ef">
      <Output>
        <ErrorInfo>
          <Message>Initialization method Tavisca.Catapult.External.ValidationTest.BaseRequestValidationTest.InitializeValidation threw exception. System.IO.DirectoryNotFoundException: System.IO.DirectoryNotFoundException: Could not find a part of the path 'D:\CodeBase\Catapult\trunk\CatapultServices\Tavisca.Catapult.External.ValidationTest\Validation.xml'..</Message>
          <StackTrace>    at System.IO.__Error.WinIOError(Int32 errorCode, String maybeFullPath)
   at System.IO.FileStream.Init(String path, FileMode mode, FileAccess access, Int32 rights, Boolean useRights, FileShare share, Int32 bufferSize, FileOptions options, SECURITY_ATTRIBUTES secAttrs, String msgPath, Boolean bFromProxy, Boolean useLongPath, Boolean checkHost)
   at System.IO.FileStream..ctor(String path, FileMode mode, FileAccess access, FileShare share, Int32 bufferSize)
   at System.Xml.XmlDownloadManager.GetStream(Uri uri, ICredentials credentials, IWebProxy proxy, RequestCachePolicy cachePolicy)
   at System.Xml.XmlUrlResolver.GetEntity(Uri absoluteUri, String role, Type ofObjectToReturn)
   at System.Xml.XmlTextReaderImpl.FinishInitUriString()
   at System.Xml.XmlTextReaderImpl..ctor(String uriStr, XmlReaderSettings settings, XmlParserContext context, XmlResolver uriResolver)
   at System.Xml.XmlReaderSettings.CreateReader(String inputUri, XmlParserContext inputContext)
   at System.Xml.XmlReader.Create(String inputUri, XmlReaderSettings settings, XmlParserContext inputContext)
   at System.Xml.Linq.XDocument.Load(String uri, LoadOptions options)
   at Tavisca.Validation.DynamicXmlParser..ctor(String filePath)
   at Tavisca.Validation.ValidationBuilder.Build(String configFilePath)
   at Tavisca.Validation.Validation.Build(String configurationFilePath)
   at Tavisca.Catapult.External.ValidationTest.BaseRequestValidationTest.InitializeValidation() in d:\Code\TOM\Catapult\Code\trunk\CatapultServices\Tavisca.Catapult.External.ValidationTest\BaseRequestValidationTest.cs:line 35
</StackTrace>
        </ErrorInfo>
      </Output>
    </UnitTestResult>
    <UnitTestResult executionId="6e30cd63-b8cf-4dec-abcb-35a354514244" testId="a3e9c43d-bac7-6ada-aee0-b5715a8a94cf" testName="CurrencyCodeForSpaceInvalidTest" computerName="PHOENIXX" duration="00:00:00.0010874" startTime="2013-08-09T22:01:52.7293458+05:30" endTime="2013-08-09T22:01:52.7303461+05:30" testType="13cdc9d9-ddb5-4fa4-a97d-d965ccfc6d4b" outcome="Failed" testListId="8c84fa94-04c1-424b-9868-57a2d4851a1d" relativeResultsDirectory="6e30cd63-b8cf-4dec-abcb-35a354514244">
      <Output>
        <ErrorInfo>
          <Message>Initialization method Tavisca.Catapult.External.ValidationTest.BaseRequestValidationTest.InitializeValidation threw exception. System.IO.DirectoryNotFoundException: System.IO.DirectoryNotFoundException: Could not find a part of the path 'D:\CodeBase\Catapult\trunk\CatapultServices\Tavisca.Catapult.External.ValidationTest\Validation.xml'..</Message>
          <StackTrace>    at System.IO.__Error.WinIOError(Int32 errorCode, String maybeFullPath)
   at System.IO.FileStream.Init(String path, FileMode mode, FileAccess access, Int32 rights, Boolean useRights, FileShare share, Int32 bufferSize, FileOptions options, SECURITY_ATTRIBUTES secAttrs, String msgPath, Boolean bFromProxy, Boolean useLongPath, Boolean checkHost)
   at System.IO.FileStream..ctor(String path, FileMode mode, FileAccess access, FileShare share, Int32 bufferSize)
   at System.Xml.XmlDownloadManager.GetStream(Uri uri, ICredentials credentials, IWebProxy proxy, RequestCachePolicy cachePolicy)
   at System.Xml.XmlUrlResolver.GetEntity(Uri absoluteUri, String role, Type ofObjectToReturn)
   at System.Xml.XmlTextReaderImpl.FinishInitUriString()
   at System.Xml.XmlTextReaderImpl..ctor(String uriStr, XmlReaderSettings settings, XmlParserContext context, XmlResolver uriResolver)
   at System.Xml.XmlReaderSettings.CreateReader(String inputUri, XmlParserContext inputContext)
   at System.Xml.XmlReader.Create(String inputUri, XmlReaderSettings settings, XmlParserContext inputContext)
   at System.Xml.Linq.XDocument.Load(String uri, LoadOptions options)
   at Tavisca.Validation.DynamicXmlParser..ctor(String filePath)
   at Tavisca.Validation.ValidationBuilder.Build(String configFilePath)
   at Tavisca.Validation.Validation.Build(String configurationFilePath)
   at Tavisca.Catapult.External.ValidationTest.BaseRequestValidationTest.InitializeValidation() in d:\Code\TOM\Catapult\Code\trunk\CatapultServices\Tavisca.Catapult.External.ValidationTest\BaseRequestValidationTest.cs:line 35
</StackTrace>
        </ErrorInfo>
      </Output>
    </UnitTestResult>
    <UnitTestResult executionId="0276d58c-3486-4309-a789-d7e3c58a3834" testId="44879eb3-b00a-b651-2483-0f6f959ab3f7" testName="ScopeForNumericValidTest" computerName="PHOENIXX" duration="00:00:00.0009706" startTime="2013-08-09T22:01:52.7303461+05:30" endTime="2013-08-09T22:01:52.7323467+05:30" testType="13cdc9d9-ddb5-4fa4-a97d-d965ccfc6d4b" outcome="Failed" testListId="8c84fa94-04c1-424b-9868-57a2d4851a1d" relativeResultsDirectory="0276d58c-3486-4309-a789-d7e3c58a3834">
      <Output>
        <ErrorInfo>
          <Message>Initialization method Tavisca.Catapult.External.ValidationTest.BaseRequestValidationTest.InitializeValidation threw exception. System.IO.DirectoryNotFoundException: System.IO.DirectoryNotFoundException: Could not find a part of the path 'D:\CodeBase\Catapult\trunk\CatapultServices\Tavisca.Catapult.External.ValidationTest\Validation.xml'..</Message>
          <StackTrace>    at System.IO.__Error.WinIOError(Int32 errorCode, String maybeFullPath)
   at System.IO.FileStream.Init(String path, FileMode mode, FileAccess access, Int32 rights, Boolean useRights, FileShare share, Int32 bufferSize, FileOptions options, SECURITY_ATTRIBUTES secAttrs, String msgPath, Boolean bFromProxy, Boolean useLongPath, Boolean checkHost)
   at System.IO.FileStream..ctor(String path, FileMode mode, FileAccess access, FileShare share, Int32 bufferSize)
   at System.Xml.XmlDownloadManager.GetStream(Uri uri, ICredentials credentials, IWebProxy proxy, RequestCachePolicy cachePolicy)
   at System.Xml.XmlUrlResolver.GetEntity(Uri absoluteUri, String role, Type ofObjectToReturn)
   at System.Xml.XmlTextReaderImpl.FinishInitUriString()
   at System.Xml.XmlTextReaderImpl..ctor(String uriStr, XmlReaderSettings settings, XmlParserContext context, XmlResolver uriResolver)
   at System.Xml.XmlReaderSettings.CreateReader(String inputUri, XmlParserContext inputContext)
   at System.Xml.XmlReader.Create(String inputUri, XmlReaderSettings settings, XmlParserContext inputContext)
   at System.Xml.Linq.XDocument.Load(String uri, LoadOptions options)
   at Tavisca.Validation.DynamicXmlParser..ctor(String filePath)
   at Tavisca.Validation.ValidationBuilder.Build(String configFilePath)
   at Tavisca.Validation.Validation.Build(String configurationFilePath)
   at Tavisca.Catapult.External.ValidationTest.BaseRequestValidationTest.InitializeValidation() in d:\Code\TOM\Catapult\Code\trunk\CatapultServices\Tavisca.Catapult.External.ValidationTest\BaseRequestValidationTest.cs:line 35
</StackTrace>
        </ErrorInfo>
      </Output>
    </UnitTestResult>
    <UnitTestResult executionId="528d0394-d571-4e16-b98c-c40d1e9de2ac" testId="b590306f-d388-f2a5-b332-c1b974555c3f" testName="ScopeForAlphaNumericValidTest" computerName="PHOENIXX" duration="00:00:00.0009738" startTime="2013-08-09T22:01:52.7323467+05:30" endTime="2013-08-09T22:01:52.7333470+05:30" testType="13cdc9d9-ddb5-4fa4-a97d-d965ccfc6d4b" outcome="Failed" testListId="8c84fa94-04c1-424b-9868-57a2d4851a1d" relativeResultsDirectory="528d0394-d571-4e16-b98c-c40d1e9de2ac">
      <Output>
        <ErrorInfo>
          <Message>Initialization method Tavisca.Catapult.External.ValidationTest.BaseRequestValidationTest.InitializeValidation threw exception. System.IO.DirectoryNotFoundException: System.IO.DirectoryNotFoundException: Could not find a part of the path 'D:\CodeBase\Catapult\trunk\CatapultServices\Tavisca.Catapult.External.ValidationTest\Validation.xml'..</Message>
          <StackTrace>    at System.IO.__Error.WinIOError(Int32 errorCode, String maybeFullPath)
   at System.IO.FileStream.Init(String path, FileMode mode, FileAccess access, Int32 rights, Boolean useRights, FileShare share, Int32 bufferSize, FileOptions options, SECURITY_ATTRIBUTES secAttrs, String msgPath, Boolean bFromProxy, Boolean useLongPath, Boolean checkHost)
   at System.IO.FileStream..ctor(String path, FileMode mode, FileAccess access, FileShare share, Int32 bufferSize)
   at System.Xml.XmlDownloadManager.GetStream(Uri uri, ICredentials credentials, IWebProxy proxy, RequestCachePolicy cachePolicy)
   at System.Xml.XmlUrlResolver.GetEntity(Uri absoluteUri, String role, Type ofObjectToReturn)
   at System.Xml.XmlTextReaderImpl.FinishInitUriString()
   at System.Xml.XmlTextReaderImpl..ctor(String uriStr, XmlReaderSettings settings, XmlParserContext context, XmlResolver uriResolver)
   at System.Xml.XmlReaderSettings.CreateReader(String inputUri, XmlParserContext inputContext)
   at System.Xml.XmlReader.Create(String inputUri, XmlReaderSettings settings, XmlParserContext inputContext)
   at System.Xml.Linq.XDocument.Load(String uri, LoadOptions options)
   at Tavisca.Validation.DynamicXmlParser..ctor(String filePath)
   at Tavisca.Validation.ValidationBuilder.Build(String configFilePath)
   at Tavisca.Validation.Validation.Build(String configurationFilePath)
   at Tavisca.Catapult.External.ValidationTest.BaseRequestValidationTest.InitializeValidation() in d:\Code\TOM\Catapult\Code\trunk\CatapultServices\Tavisca.Catapult.External.ValidationTest\BaseRequestValidationTest.cs:line 35
</StackTrace>
        </ErrorInfo>
      </Output>
    </UnitTestResult>
    <UnitTestResult executionId="1560a9a2-49a5-4687-a849-cc15230a437a" testId="561ac658-3151-d598-e97f-431c55e2f268" testName="ScopeForAlphabeticValidTest" computerName="PHOENIXX" duration="00:00:00.0009867" startTime="2013-08-09T22:01:52.7333470+05:30" endTime="2013-08-09T22:01:52.7343473+05:30" testType="13cdc9d9-ddb5-4fa4-a97d-d965ccfc6d4b" outcome="Failed" testListId="8c84fa94-04c1-424b-9868-57a2d4851a1d" relativeResultsDirectory="1560a9a2-49a5-4687-a849-cc15230a437a">
      <Output>
        <ErrorInfo>
          <Message>Initialization method Tavisca.Catapult.External.ValidationTest.BaseRequestValidationTest.InitializeValidation threw exception. System.IO.DirectoryNotFoundException: System.IO.DirectoryNotFoundException: Could not find a part of the path 'D:\CodeBase\Catapult\trunk\CatapultServices\Tavisca.Catapult.External.ValidationTest\Validation.xml'..</Message>
          <StackTrace>    at System.IO.__Error.WinIOError(Int32 errorCode, String maybeFullPath)
   at System.IO.FileStream.Init(String path, FileMode mode, FileAccess access, Int32 rights, Boolean useRights, FileShare share, Int32 bufferSize, FileOptions options, SECURITY_ATTRIBUTES secAttrs, String msgPath, Boolean bFromProxy, Boolean useLongPath, Boolean checkHost)
   at System.IO.FileStream..ctor(String path, FileMode mode, FileAccess access, FileShare share, Int32 bufferSize)
   at System.Xml.XmlDownloadManager.GetStream(Uri uri, ICredentials credentials, IWebProxy proxy, RequestCachePolicy cachePolicy)
   at System.Xml.XmlUrlResolver.GetEntity(Uri absoluteUri, String role, Type ofObjectToReturn)
   at System.Xml.XmlTextReaderImpl.FinishInitUriString()
   at System.Xml.XmlTextReaderImpl..ctor(String uriStr, XmlReaderSettings settings, XmlParserContext context, XmlResolver uriResolver)
   at System.Xml.XmlReaderSettings.CreateReader(String inputUri, XmlParserContext inputContext)
   at System.Xml.XmlReader.Create(String inputUri, XmlReaderSettings settings, XmlParserContext inputContext)
   at System.Xml.Linq.XDocument.Load(String uri, LoadOptions options)
   at Tavisca.Validation.DynamicXmlParser..ctor(String filePath)
   at Tavisca.Validation.ValidationBuilder.Build(String configFilePath)
   at Tavisca.Validation.Validation.Build(String configurationFilePath)
   at Tavisca.Catapult.External.ValidationTest.BaseRequestValidationTest.InitializeValidation() in d:\Code\TOM\Catapult\Code\trunk\CatapultServices\Tavisca.Catapult.External.ValidationTest\BaseRequestValidationTest.cs:line 35
</StackTrace>
        </ErrorInfo>
      </Output>
    </UnitTestResult>
    <UnitTestResult executionId="53e8738f-9fd8-411a-adf0-6313ac66a870" testId="24f85712-912b-3548-7fe5-2efc4ee8180f" testName="ScopeForNullInValidTest" computerName="PHOENIXX" duration="00:00:00.0010726" startTime="2013-08-09T22:01:52.7343473+05:30" endTime="2013-08-09T22:01:52.7353476+05:30" testType="13cdc9d9-ddb5-4fa4-a97d-d965ccfc6d4b" outcome="Failed" testListId="8c84fa94-04c1-424b-9868-57a2d4851a1d" relativeResultsDirectory="53e8738f-9fd8-411a-adf0-6313ac66a870">
      <Output>
        <ErrorInfo>
          <Message>Initialization method Tavisca.Catapult.External.ValidationTest.BaseRequestValidationTest.InitializeValidation threw exception. System.IO.DirectoryNotFoundException: System.IO.DirectoryNotFoundException: Could not find a part of the path 'D:\CodeBase\Catapult\trunk\CatapultServices\Tavisca.Catapult.External.ValidationTest\Validation.xml'..</Message>
          <StackTrace>    at System.IO.__Error.WinIOError(Int32 errorCode, String maybeFullPath)
   at System.IO.FileStream.Init(String path, FileMode mode, FileAccess access, Int32 rights, Boolean useRights, FileShare share, Int32 bufferSize, FileOptions options, SECURITY_ATTRIBUTES secAttrs, String msgPath, Boolean bFromProxy, Boolean useLongPath, Boolean checkHost)
   at System.IO.FileStream..ctor(String path, FileMode mode, FileAccess access, FileShare share, Int32 bufferSize)
   at System.Xml.XmlDownloadManager.GetStream(Uri uri, ICredentials credentials, IWebProxy proxy, RequestCachePolicy cachePolicy)
   at System.Xml.XmlUrlResolver.GetEntity(Uri absoluteUri, String role, Type ofObjectToReturn)
   at System.Xml.XmlTextReaderImpl.FinishInitUriString()
   at System.Xml.XmlTextReaderImpl..ctor(String uriStr, XmlReaderSettings settings, XmlParserContext context, XmlResolver uriResolver)
   at System.Xml.XmlReaderSettings.CreateReader(String inputUri, XmlParserContext inputContext)
   at System.Xml.XmlReader.Create(String inputUri, XmlReaderSettings settings, XmlParserContext inputContext)
   at System.Xml.Linq.XDocument.Load(String uri, LoadOptions options)
   at Tavisca.Validation.DynamicXmlParser..ctor(String filePath)
   at Tavisca.Validation.ValidationBuilder.Build(String configFilePath)
   at Tavisca.Validation.Validation.Build(String configurationFilePath)
   at Tavisca.Catapult.External.ValidationTest.BaseRequestValidationTest.InitializeValidation() in d:\Code\TOM\Catapult\Code\trunk\CatapultServices\Tavisca.Catapult.External.ValidationTest\BaseRequestValidationTest.cs:line 35
</StackTrace>
        </ErrorInfo>
      </Output>
    </UnitTestResult>
    <UnitTestResult executionId="3dff0f8b-3881-4378-94b2-56a5ad33728a" testId="2bad97a1-0a92-cb31-c617-d3bf88140f92" testName="ScopeForEmptyInValidTest" computerName="PHOENIXX" duration="00:00:00.0010200" startTime="2013-08-09T22:01:52.7353476+05:30" endTime="2013-08-09T22:01:52.7363479+05:30" testType="13cdc9d9-ddb5-4fa4-a97d-d965ccfc6d4b" outcome="Failed" testListId="8c84fa94-04c1-424b-9868-57a2d4851a1d" relativeResultsDirectory="3dff0f8b-3881-4378-94b2-56a5ad33728a">
      <Output>
        <ErrorInfo>
          <Message>Initialization method Tavisca.Catapult.External.ValidationTest.BaseRequestValidationTest.InitializeValidation threw exception. System.IO.DirectoryNotFoundException: System.IO.DirectoryNotFoundException: Could not find a part of the path 'D:\CodeBase\Catapult\trunk\CatapultServices\Tavisca.Catapult.External.ValidationTest\Validation.xml'..</Message>
          <StackTrace>    at System.IO.__Error.WinIOError(Int32 errorCode, String maybeFullPath)
   at System.IO.FileStream.Init(String path, FileMode mode, FileAccess access, Int32 rights, Boolean useRights, FileShare share, Int32 bufferSize, FileOptions options, SECURITY_ATTRIBUTES secAttrs, String msgPath, Boolean bFromProxy, Boolean useLongPath, Boolean checkHost)
   at System.IO.FileStream..ctor(String path, FileMode mode, FileAccess access, FileShare share, Int32 bufferSize)
   at System.Xml.XmlDownloadManager.GetStream(Uri uri, ICredentials credentials, IWebProxy proxy, RequestCachePolicy cachePolicy)
   at System.Xml.XmlUrlResolver.GetEntity(Uri absoluteUri, String role, Type ofObjectToReturn)
   at System.Xml.XmlTextReaderImpl.FinishInitUriString()
   at System.Xml.XmlTextReaderImpl..ctor(String uriStr, XmlReaderSettings settings, XmlParserContext context, XmlResolver uriResolver)
   at System.Xml.XmlReaderSettings.CreateReader(String inputUri, XmlParserContext inputContext)
   at System.Xml.XmlReader.Create(String inputUri, XmlReaderSettings settings, XmlParserContext inputContext)
   at System.Xml.Linq.XDocument.Load(String uri, LoadOptions options)
   at Tavisca.Validation.DynamicXmlParser..ctor(String filePath)
   at Tavisca.Validation.ValidationBuilder.Build(String configFilePath)
   at Tavisca.Validation.Validation.Build(String configurationFilePath)
   at Tavisca.Catapult.External.ValidationTest.BaseRequestValidationTest.InitializeValidation() in d:\Code\TOM\Catapult\Code\trunk\CatapultServices\Tavisca.Catapult.External.ValidationTest\BaseRequestValidationTest.cs:line 35
</StackTrace>
        </ErrorInfo>
      </Output>
    </UnitTestResult>
    <UnitTestResult executionId="499d8c42-aaad-4d6e-b5ed-e38642a6145b" testId="693eb35d-e35a-7dda-8c01-f23821b344ba" testName="HotelSearchRequestForCheckInDateValidTest" computerName="PHOENIXX" duration="00:00:00.0014646" startTime="2013-08-09T22:01:52.7363479+05:30" endTime="2013-08-09T22:01:52.7383485+05:30" testType="13cdc9d9-ddb5-4fa4-a97d-d965ccfc6d4b" outcome="Failed" testListId="8c84fa94-04c1-424b-9868-57a2d4851a1d" relativeResultsDirectory="499d8c42-aaad-4d6e-b5ed-e38642a6145b">
      <Output>
        <ErrorInfo>
          <Message>Initialization method Tavisca.Catapult.External.ValidationTest.HotelSearchRequestValidationTest.InitializeValidation threw exception. System.IO.DirectoryNotFoundException: System.IO.DirectoryNotFoundException: Could not find a part of the path 'D:\CodeBase\Catapult\trunk\CatapultServices\Tavisca.Catapult.External.ValidationTest\Validation.xml'..</Message>
          <StackTrace>    at System.IO.__Error.WinIOError(Int32 errorCode, String maybeFullPath)
   at System.IO.FileStream.Init(String path, FileMode mode, FileAccess access, Int32 rights, Boolean useRights, FileShare share, Int32 bufferSize, FileOptions options, SECURITY_ATTRIBUTES secAttrs, String msgPath, Boolean bFromProxy, Boolean useLongPath, Boolean checkHost)
   at System.IO.FileStream..ctor(String path, FileMode mode, FileAccess access, FileShare share, Int32 bufferSize)
   at System.Xml.XmlDownloadManager.GetStream(Uri uri, ICredentials credentials, IWebProxy proxy, RequestCachePolicy cachePolicy)
   at System.Xml.XmlUrlResolver.GetEntity(Uri absoluteUri, String role, Type ofObjectToReturn)
   at System.Xml.XmlTextReaderImpl.FinishInitUriString()
   at System.Xml.XmlTextReaderImpl..ctor(String uriStr, XmlReaderSettings settings, XmlParserContext context, XmlResolver uriResolver)
   at System.Xml.XmlReaderSettings.CreateReader(String inputUri, XmlParserContext inputContext)
   at System.Xml.XmlReader.Create(String inputUri, XmlReaderSettings settings, XmlParserContext inputContext)
   at System.Xml.Linq.XDocument.Load(String uri, LoadOptions options)
   at Tavisca.Validation.DynamicXmlParser..ctor(String filePath)
   at Tavisca.Validation.ValidationBuilder.Build(String configFilePath)
   at Tavisca.Validation.Validation.Build(String configurationFilePath)
   at Tavisca.Catapult.External.ValidationTest.HotelSearchRequestValidationTest.InitializeValidation() in d:\Code\TOM\Catapult\Code\trunk\CatapultServices\Tavisca.Catapult.External.ValidationTest\HotelSearchRequestValidationTest.cs:line 36
</StackTrace>
        </ErrorInfo>
      </Output>
    </UnitTestResult>
    <UnitTestResult executionId="63cf0e25-6115-4af4-a6a0-12b462342158" testId="a0fa530e-b437-3377-467b-33cae0ca869a" testName="HotelSearchRequestForCheckInDateLessThanTodaysDateInValidTest" computerName="PHOENIXX" duration="00:00:00.0016686" startTime="2013-08-09T22:01:52.7383485+05:30" endTime="2013-08-09T22:01:52.7403491+05:30" testType="13cdc9d9-ddb5-4fa4-a97d-d965ccfc6d4b" outcome="Failed" testListId="8c84fa94-04c1-424b-9868-57a2d4851a1d" relativeResultsDirectory="63cf0e25-6115-4af4-a6a0-12b462342158">
      <Output>
        <ErrorInfo>
          <Message>Initialization method Tavisca.Catapult.External.ValidationTest.HotelSearchRequestValidationTest.InitializeValidation threw exception. System.IO.DirectoryNotFoundException: System.IO.DirectoryNotFoundException: Could not find a part of the path 'D:\CodeBase\Catapult\trunk\CatapultServices\Tavisca.Catapult.External.ValidationTest\Validation.xml'..</Message>
          <StackTrace>    at System.IO.__Error.WinIOError(Int32 errorCode, String maybeFullPath)
   at System.IO.FileStream.Init(String path, FileMode mode, FileAccess access, Int32 rights, Boolean useRights, FileShare share, Int32 bufferSize, FileOptions options, SECURITY_ATTRIBUTES secAttrs, String msgPath, Boolean bFromProxy, Boolean useLongPath, Boolean checkHost)
   at System.IO.FileStream..ctor(String path, FileMode mode, FileAccess access, FileShare share, Int32 bufferSize)
   at System.Xml.XmlDownloadManager.GetStream(Uri uri, ICredentials credentials, IWebProxy proxy, RequestCachePolicy cachePolicy)
   at System.Xml.XmlUrlResolver.GetEntity(Uri absoluteUri, String role, Type ofObjectToReturn)
   at System.Xml.XmlTextReaderImpl.FinishInitUriString()
   at System.Xml.XmlTextReaderImpl..ctor(String uriStr, XmlReaderSettings settings, XmlParserContext context, XmlResolver uriResolver)
   at System.Xml.XmlReaderSettings.CreateReader(String inputUri, XmlParserContext inputContext)
   at System.Xml.XmlReader.Create(String inputUri, XmlReaderSettings settings, XmlParserContext inputContext)
   at System.Xml.Linq.XDocument.Load(String uri, LoadOptions options)
   at Tavisca.Validation.DynamicXmlParser..ctor(String filePath)
   at Tavisca.Validation.ValidationBuilder.Build(String configFilePath)
   at Tavisca.Validation.Validation.Build(String configurationFilePath)
   at Tavisca.Catapult.External.ValidationTest.HotelSearchRequestValidationTest.InitializeValidation() in d:\Code\TOM\Catapult\Code\trunk\CatapultServices\Tavisca.Catapult.External.ValidationTest\HotelSearchRequestValidationTest.cs:line 36
</StackTrace>
        </ErrorInfo>
      </Output>
    </UnitTestResult>
    <UnitTestResult executionId="442da719-b13e-401c-bffd-e254e850651d" testId="780ab499-4a1c-8172-0daf-9ef8e44fb1cc" testName="HotelSearchRequestForCheckInDateOneYearAdvanceCheckInInValidTest" computerName="PHOENIXX" duration="00:00:00.0009565" startTime="2013-08-09T22:01:52.7403491+05:30" endTime="2013-08-09T22:01:52.7413494+05:30" testType="13cdc9d9-ddb5-4fa4-a97d-d965ccfc6d4b" outcome="Failed" testListId="8c84fa94-04c1-424b-9868-57a2d4851a1d" relativeResultsDirectory="442da719-b13e-401c-bffd-e254e850651d">
      <Output>
        <ErrorInfo>
          <Message>Initialization method Tavisca.Catapult.External.ValidationTest.HotelSearchRequestValidationTest.InitializeValidation threw exception. System.IO.DirectoryNotFoundException: System.IO.DirectoryNotFoundException: Could not find a part of the path 'D:\CodeBase\Catapult\trunk\CatapultServices\Tavisca.Catapult.External.ValidationTest\Validation.xml'..</Message>
          <StackTrace>    at System.IO.__Error.WinIOError(Int32 errorCode, String maybeFullPath)
   at System.IO.FileStream.Init(String path, FileMode mode, FileAccess access, Int32 rights, Boolean useRights, FileShare share, Int32 bufferSize, FileOptions options, SECURITY_ATTRIBUTES secAttrs, String msgPath, Boolean bFromProxy, Boolean useLongPath, Boolean checkHost)
   at System.IO.FileStream..ctor(String path, FileMode mode, FileAccess access, FileShare share, Int32 bufferSize)
   at System.Xml.XmlDownloadManager.GetStream(Uri uri, ICredentials credentials, IWebProxy proxy, RequestCachePolicy cachePolicy)
   at System.Xml.XmlUrlResolver.GetEntity(Uri absoluteUri, String role, Type ofObjectToReturn)
   at System.Xml.XmlTextReaderImpl.FinishInitUriString()
   at System.Xml.XmlTextReaderImpl..ctor(String uriStr, XmlReaderSettings settings, XmlParserContext context, XmlResolver uriResolver)
   at System.Xml.XmlReaderSettings.CreateReader(String inputUri, XmlParserContext inputContext)
   at System.Xml.XmlReader.Create(String inputUri, XmlReaderSettings settings, XmlParserContext inputContext)
   at System.Xml.Linq.XDocument.Load(String uri, LoadOptions options)
   at Tavisca.Validation.DynamicXmlParser..ctor(String filePath)
   at Tavisca.Validation.ValidationBuilder.Build(String configFilePath)
   at Tavisca.Validation.Validation.Build(String configurationFilePath)
   at Tavisca.Catapult.External.ValidationTest.HotelSearchRequestValidationTest.InitializeValidation() in d:\Code\TOM\Catapult\Code\trunk\CatapultServices\Tavisca.Catapult.External.ValidationTest\HotelSearchRequestValidationTest.cs:line 36
</StackTrace>
        </ErrorInfo>
      </Output>
    </UnitTestResult>
    <UnitTestResult executionId="a2755319-a2f2-45ae-9547-f1639082fa21" testId="e17c4c9e-3418-5247-abf9-91de1613d642" testName="HotelSearchRequestForCheckOutValidTest" computerName="PHOENIXX" duration="00:00:00.0009668" startTime="2013-08-09T22:01:52.7413494+05:30" endTime="2013-08-09T22:01:52.7423497+05:30" testType="13cdc9d9-ddb5-4fa4-a97d-d965ccfc6d4b" outcome="Failed" testListId="8c84fa94-04c1-424b-9868-57a2d4851a1d" relativeResultsDirectory="a2755319-a2f2-45ae-9547-f1639082fa21">
      <Output>
        <ErrorInfo>
          <Message>Initialization method Tavisca.Catapult.External.ValidationTest.HotelSearchRequestValidationTest.InitializeValidation threw exception. System.IO.DirectoryNotFoundException: System.IO.DirectoryNotFoundException: Could not find a part of the path 'D:\CodeBase\Catapult\trunk\CatapultServices\Tavisca.Catapult.External.ValidationTest\Validation.xml'..</Message>
          <StackTrace>    at System.IO.__Error.WinIOError(Int32 errorCode, String maybeFullPath)
   at System.IO.FileStream.Init(String path, FileMode mode, FileAccess access, Int32 rights, Boolean useRights, FileShare share, Int32 bufferSize, FileOptions options, SECURITY_ATTRIBUTES secAttrs, String msgPath, Boolean bFromProxy, Boolean useLongPath, Boolean checkHost)
   at System.IO.FileStream..ctor(String path, FileMode mode, FileAccess access, FileShare share, Int32 bufferSize)
   at System.Xml.XmlDownloadManager.GetStream(Uri uri, ICredentials credentials, IWebProxy proxy, RequestCachePolicy cachePolicy)
   at System.Xml.XmlUrlResolver.GetEntity(Uri absoluteUri, String role, Type ofObjectToReturn)
   at System.Xml.XmlTextReaderImpl.FinishInitUriString()
   at System.Xml.XmlTextReaderImpl..ctor(String uriStr, XmlReaderSettings settings, XmlParserContext context, XmlResolver uriResolver)
   at System.Xml.XmlReaderSettings.CreateReader(String inputUri, XmlParserContext inputContext)
   at System.Xml.XmlReader.Create(String inputUri, XmlReaderSettings settings, XmlParserContext inputContext)
   at System.Xml.Linq.XDocument.Load(String uri, LoadOptions options)
   at Tavisca.Validation.DynamicXmlParser..ctor(String filePath)
   at Tavisca.Validation.ValidationBuilder.Build(String configFilePath)
   at Tavisca.Validation.Validation.Build(String configurationFilePath)
   at Tavisca.Catapult.External.ValidationTest.HotelSearchRequestValidationTest.InitializeValidation() in d:\Code\TOM\Catapult\Code\trunk\CatapultServices\Tavisca.Catapult.External.ValidationTest\HotelSearchRequestValidationTest.cs:line 36
</StackTrace>
        </ErrorInfo>
      </Output>
    </UnitTestResult>
    <UnitTestResult executionId="bd078765-88ac-4eec-b585-d234a3d3c33c" testId="57e19811-0e43-fa9b-dbfa-3751b38b2a75" testName="HotelSearchRequestForCheckOutOnTodayInValidTest" computerName="PHOENIXX" duration="00:00:00.0010271" startTime="2013-08-09T22:01:52.7433500+05:30" endTime="2013-08-09T22:01:52.7443503+05:30" testType="13cdc9d9-ddb5-4fa4-a97d-d965ccfc6d4b" outcome="Failed" testListId="8c84fa94-04c1-424b-9868-57a2d4851a1d" relativeResultsDirectory="bd078765-88ac-4eec-b585-d234a3d3c33c">
      <Output>
        <ErrorInfo>
          <Message>Initialization method Tavisca.Catapult.External.ValidationTest.HotelSearchRequestValidationTest.InitializeValidation threw exception. System.IO.DirectoryNotFoundException: System.IO.DirectoryNotFoundException: Could not find a part of the path 'D:\CodeBase\Catapult\trunk\CatapultServices\Tavisca.Catapult.External.ValidationTest\Validation.xml'..</Message>
          <StackTrace>    at System.IO.__Error.WinIOError(Int32 errorCode, String maybeFullPath)
   at System.IO.FileStream.Init(String path, FileMode mode, FileAccess access, Int32 rights, Boolean useRights, FileShare share, Int32 bufferSize, FileOptions options, SECURITY_ATTRIBUTES secAttrs, String msgPath, Boolean bFromProxy, Boolean useLongPath, Boolean checkHost)
   at System.IO.FileStream..ctor(String path, FileMode mode, FileAccess access, FileShare share, Int32 bufferSize)
   at System.Xml.XmlDownloadManager.GetStream(Uri uri, ICredentials credentials, IWebProxy proxy, RequestCachePolicy cachePolicy)
   at System.Xml.XmlUrlResolver.GetEntity(Uri absoluteUri, String role, Type ofObjectToReturn)
   at System.Xml.XmlTextReaderImpl.FinishInitUriString()
   at System.Xml.XmlTextReaderImpl..ctor(String uriStr, XmlReaderSettings settings, XmlParserContext context, XmlResolver uriResolver)
   at System.Xml.XmlReaderSettings.CreateReader(String inputUri, XmlParserContext inputContext)
   at System.Xml.XmlReader.Create(String inputUri, XmlReaderSettings settings, XmlParserContext inputContext)
   at System.Xml.Linq.XDocument.Load(String uri, LoadOptions options)
   at Tavisca.Validation.DynamicXmlParser..ctor(String filePath)
   at Tavisca.Validation.ValidationBuilder.Build(String configFilePath)
   at Tavisca.Validation.Validation.Build(String configurationFilePath)
   at Tavisca.Catapult.External.ValidationTest.HotelSearchRequestValidationTest.InitializeValidation() in d:\Code\TOM\Catapult\Code\trunk\CatapultServices\Tavisca.Catapult.External.ValidationTest\HotelSearchRequestValidationTest.cs:line 36
</StackTrace>
        </ErrorInfo>
      </Output>
    </UnitTestResult>
    <UnitTestResult executionId="eee5c2ab-61c7-4a17-987f-e4f725b01135" testId="25d0902f-37ae-fb0f-40d1-53ccf3b9b0f3" testName="HotelSearchRequestForRequestedRoomOccupancyListIsEmptyValueInValidTest" computerName="PHOENIXX" duration="00:00:00.0012086" startTime="2013-08-09T22:01:52.7443503+05:30" endTime="2013-08-09T22:01:52.7453506+05:30" testType="13cdc9d9-ddb5-4fa4-a97d-d965ccfc6d4b" outcome="Failed" testListId="8c84fa94-04c1-424b-9868-57a2d4851a1d" relativeResultsDirectory="eee5c2ab-61c7-4a17-987f-e4f725b01135">
      <Output>
        <ErrorInfo>
          <Message>Initialization method Tavisca.Catapult.External.ValidationTest.HotelSearchRequestValidationTest.InitializeValidation threw exception. System.IO.DirectoryNotFoundException: System.IO.DirectoryNotFoundException: Could not find a part of the path 'D:\CodeBase\Catapult\trunk\CatapultServices\Tavisca.Catapult.External.ValidationTest\Validation.xml'..</Message>
          <StackTrace>    at System.IO.__Error.WinIOError(Int32 errorCode, String maybeFullPath)
   at System.IO.FileStream.Init(String path, FileMode mode, FileAccess access, Int32 rights, Boolean useRights, FileShare share, Int32 bufferSize, FileOptions options, SECURITY_ATTRIBUTES secAttrs, String msgPath, Boolean bFromProxy, Boolean useLongPath, Boolean checkHost)
   at System.IO.FileStream..ctor(String path, FileMode mode, FileAccess access, FileShare share, Int32 bufferSize)
   at System.Xml.XmlDownloadManager.GetStream(Uri uri, ICredentials credentials, IWebProxy proxy, RequestCachePolicy cachePolicy)
   at System.Xml.XmlUrlResolver.GetEntity(Uri absoluteUri, String role, Type ofObjectToReturn)
   at System.Xml.XmlTextReaderImpl.FinishInitUriString()
   at System.Xml.XmlTextReaderImpl..ctor(String uriStr, XmlReaderSettings settings, XmlParserContext context, XmlResolver uriResolver)
   at System.Xml.XmlReaderSettings.CreateReader(String inputUri, XmlParserContext inputContext)
   at System.Xml.XmlReader.Create(String inputUri, XmlReaderSettings settings, XmlParserContext inputContext)
   at System.Xml.Linq.XDocument.Load(String uri, LoadOptions options)
   at Tavisca.Validation.DynamicXmlParser..ctor(String filePath)
   at Tavisca.Validation.ValidationBuilder.Build(String configFilePath)
   at Tavisca.Validation.Validation.Build(String configurationFilePath)
   at Tavisca.Catapult.External.ValidationTest.HotelSearchRequestValidationTest.InitializeValidation() in d:\Code\TOM\Catapult\Code\trunk\CatapultServices\Tavisca.Catapult.External.ValidationTest\HotelSearchRequestValidationTest.cs:line 36
</StackTrace>
        </ErrorInfo>
      </Output>
    </UnitTestResult>
    <UnitTestResult executionId="e09fee5b-4cba-44c3-bae8-12a56252003d" testId="f9b1c9dc-12ba-dffd-e572-5d867f106fa0" testName="HotelSearchRequestForRequestedRoomOccupancyContainsMoreThanFourValuesInValidTest" computerName="PHOENIXX" duration="00:00:00.0012484" startTime="2013-08-09T22:01:52.7453506+05:30" endTime="2013-08-09T22:01:52.7473512+05:30" testType="13cdc9d9-ddb5-4fa4-a97d-d965ccfc6d4b" outcome="Failed" testListId="8c84fa94-04c1-424b-9868-57a2d4851a1d" relativeResultsDirectory="e09fee5b-4cba-44c3-bae8-12a56252003d">
      <Output>
        <ErrorInfo>
          <Message>Initialization method Tavisca.Catapult.External.ValidationTest.HotelSearchRequestValidationTest.InitializeValidation threw exception. System.IO.DirectoryNotFoundException: System.IO.DirectoryNotFoundException: Could not find a part of the path 'D:\CodeBase\Catapult\trunk\CatapultServices\Tavisca.Catapult.External.ValidationTest\Validation.xml'..</Message>
          <StackTrace>    at System.IO.__Error.WinIOError(Int32 errorCode, String maybeFullPath)
   at System.IO.FileStream.Init(String path, FileMode mode, FileAccess access, Int32 rights, Boolean useRights, FileShare share, Int32 bufferSize, FileOptions options, SECURITY_ATTRIBUTES secAttrs, String msgPath, Boolean bFromProxy, Boolean useLongPath, Boolean checkHost)
   at System.IO.FileStream..ctor(String path, FileMode mode, FileAccess access, FileShare share, Int32 bufferSize)
   at System.Xml.XmlDownloadManager.GetStream(Uri uri, ICredentials credentials, IWebProxy proxy, RequestCachePolicy cachePolicy)
   at System.Xml.XmlUrlResolver.GetEntity(Uri absoluteUri, String role, Type ofObjectToReturn)
   at System.Xml.XmlTextReaderImpl.FinishInitUriString()
   at System.Xml.XmlTextReaderImpl..ctor(String uriStr, XmlReaderSettings settings, XmlParserContext context, XmlResolver uriResolver)
   at System.Xml.XmlReaderSettings.CreateReader(String inputUri, XmlParserContext inputContext)
   at System.Xml.XmlReader.Create(String inputUri, XmlReaderSettings settings, XmlParserContext inputContext)
   at System.Xml.Linq.XDocument.Load(String uri, LoadOptions options)
   at Tavisca.Validation.DynamicXmlParser..ctor(String filePath)
   at Tavisca.Validation.ValidationBuilder.Build(String configFilePath)
   at Tavisca.Validation.Validation.Build(String configurationFilePath)
   at Tavisca.Catapult.External.ValidationTest.HotelSearchRequestValidationTest.InitializeValidation() in d:\Code\TOM\Catapult\Code\trunk\CatapultServices\Tavisca.Catapult.External.ValidationTest\HotelSearchRequestValidationTest.cs:line 36
</StackTrace>
        </ErrorInfo>
      </Output>
    </UnitTestResult>
    <UnitTestResult executionId="3726ddaa-f842-4fde-90f8-14c6c6e2826d" testId="19e99b04-ab59-f59e-abe4-8fae94948c00" testName="HotelSearchRequestForTagsValueNullValidTest" computerName="PHOENIXX" duration="00:00:00.0011317" startTime="2013-08-09T22:01:52.7473512+05:30" endTime="2013-08-09T22:01:52.7483515+05:30" testType="13cdc9d9-ddb5-4fa4-a97d-d965ccfc6d4b" outcome="Failed" testListId="8c84fa94-04c1-424b-9868-57a2d4851a1d" relativeResultsDirectory="3726ddaa-f842-4fde-90f8-14c6c6e2826d">
      <Output>
        <ErrorInfo>
          <Message>Initialization method Tavisca.Catapult.External.ValidationTest.HotelSearchRequestValidationTest.InitializeValidation threw exception. System.IO.DirectoryNotFoundException: System.IO.DirectoryNotFoundException: Could not find a part of the path 'D:\CodeBase\Catapult\trunk\CatapultServices\Tavisca.Catapult.External.ValidationTest\Validation.xml'..</Message>
          <StackTrace>    at System.IO.__Error.WinIOError(Int32 errorCode, String maybeFullPath)
   at System.IO.FileStream.Init(String path, FileMode mode, FileAccess access, Int32 rights, Boolean useRights, FileShare share, Int32 bufferSize, FileOptions options, SECURITY_ATTRIBUTES secAttrs, String msgPath, Boolean bFromProxy, Boolean useLongPath, Boolean checkHost)
   at System.IO.FileStream..ctor(String path, FileMode mode, FileAccess access, FileShare share, Int32 bufferSize)
   at System.Xml.XmlDownloadManager.GetStream(Uri uri, ICredentials credentials, IWebProxy proxy, RequestCachePolicy cachePolicy)
   at System.Xml.XmlUrlResolver.GetEntity(Uri absoluteUri, String role, Type ofObjectToReturn)
   at System.Xml.XmlTextReaderImpl.FinishInitUriString()
   at System.Xml.XmlTextReaderImpl..ctor(String uriStr, XmlReaderSettings settings, XmlParserContext context, XmlResolver uriResolver)
   at System.Xml.XmlReaderSettings.CreateReader(String inputUri, XmlParserContext inputContext)
   at System.Xml.XmlReader.Create(String inputUri, XmlReaderSettings settings, XmlParserContext inputContext)
   at System.Xml.Linq.XDocument.Load(String uri, LoadOptions options)
   at Tavisca.Validation.DynamicXmlParser..ctor(String filePath)
   at Tavisca.Validation.ValidationBuilder.Build(String configFilePath)
   at Tavisca.Validation.Validation.Build(String configurationFilePath)
   at Tavisca.Catapult.External.ValidationTest.HotelSearchRequestValidationTest.InitializeValidation() in d:\Code\TOM\Catapult\Code\trunk\CatapultServices\Tavisca.Catapult.External.ValidationTest\HotelSearchRequestValidationTest.cs:line 36
</StackTrace>
        </ErrorInfo>
      </Output>
    </UnitTestResult>
    <UnitTestResult executionId="d6c6dd9a-81c5-4247-a1c4-b8e05afc2cf7" testId="906e84b0-a8b6-9169-d31c-659b7b5f895a" testName="HotelSearchRequestForTagListIsEmptyValidTest" computerName="PHOENIXX" duration="00:00:00.0009572" startTime="2013-08-09T22:01:52.7483515+05:30" endTime="2013-08-09T22:01:52.7493518+05:30" testType="13cdc9d9-ddb5-4fa4-a97d-d965ccfc6d4b" outcome="Failed" testListId="8c84fa94-04c1-424b-9868-57a2d4851a1d" relativeResultsDirectory="d6c6dd9a-81c5-4247-a1c4-b8e05afc2cf7">
      <Output>
        <ErrorInfo>
          <Message>Initialization method Tavisca.Catapult.External.ValidationTest.HotelSearchRequestValidationTest.InitializeValidation threw exception. System.IO.DirectoryNotFoundException: System.IO.DirectoryNotFoundException: Could not find a part of the path 'D:\CodeBase\Catapult\trunk\CatapultServices\Tavisca.Catapult.External.ValidationTest\Validation.xml'..</Message>
          <StackTrace>    at System.IO.__Error.WinIOError(Int32 errorCode, String maybeFullPath)
   at System.IO.FileStream.Init(String path, FileMode mode, FileAccess access, Int32 rights, Boolean useRights, FileShare share, Int32 bufferSize, FileOptions options, SECURITY_ATTRIBUTES secAttrs, String msgPath, Boolean bFromProxy, Boolean useLongPath, Boolean checkHost)
   at System.IO.FileStream..ctor(String path, FileMode mode, FileAccess access, FileShare share, Int32 bufferSize)
   at System.Xml.XmlDownloadManager.GetStream(Uri uri, ICredentials credentials, IWebProxy proxy, RequestCachePolicy cachePolicy)
   at System.Xml.XmlUrlResolver.GetEntity(Uri absoluteUri, String role, Type ofObjectToReturn)
   at System.Xml.XmlTextReaderImpl.FinishInitUriString()
   at System.Xml.XmlTextReaderImpl..ctor(String uriStr, XmlReaderSettings settings, XmlParserContext context, XmlResolver uriResolver)
   at System.Xml.XmlReaderSettings.CreateReader(String inputUri, XmlParserContext inputContext)
   at System.Xml.XmlReader.Create(String inputUri, XmlReaderSettings settings, XmlParserContext inputContext)
   at System.Xml.Linq.XDocument.Load(String uri, LoadOptions options)
   at Tavisca.Validation.DynamicXmlParser..ctor(String filePath)
   at Tavisca.Validation.ValidationBuilder.Build(String configFilePath)
   at Tavisca.Validation.Validation.Build(String configurationFilePath)
   at Tavisca.Catapult.External.ValidationTest.HotelSearchRequestValidationTest.InitializeValidation() in d:\Code\TOM\Catapult\Code\trunk\CatapultServices\Tavisca.Catapult.External.ValidationTest\HotelSearchRequestValidationTest.cs:line 36
</StackTrace>
        </ErrorInfo>
      </Output>
    </UnitTestResult>
    <UnitTestResult executionId="f0049577-2e96-4b7d-8dac-ceefbe64fc92" testId="2f59bc80-9e09-2c80-d9f9-6f61c6fa0b74" testName="HotelSearchRequestForTagsContainLessThanFourItemsValidTest" computerName="PHOENIXX" duration="00:00:00.0009687" startTime="2013-08-09T22:01:52.7493518+05:30" endTime="2013-08-09T22:01:52.7503521+05:30" testType="13cdc9d9-ddb5-4fa4-a97d-d965ccfc6d4b" outcome="Failed" testListId="8c84fa94-04c1-424b-9868-57a2d4851a1d" relativeResultsDirectory="f0049577-2e96-4b7d-8dac-ceefbe64fc92">
      <Output>
        <ErrorInfo>
          <Message>Initialization method Tavisca.Catapult.External.ValidationTest.HotelSearchRequestValidationTest.InitializeValidation threw exception. System.IO.DirectoryNotFoundException: System.IO.DirectoryNotFoundException: Could not find a part of the path 'D:\CodeBase\Catapult\trunk\CatapultServices\Tavisca.Catapult.External.ValidationTest\Validation.xml'..</Message>
          <StackTrace>    at System.IO.__Error.WinIOError(Int32 errorCode, String maybeFullPath)
   at System.IO.FileStream.Init(String path, FileMode mode, FileAccess access, Int32 rights, Boolean useRights, FileShare share, Int32 bufferSize, FileOptions options, SECURITY_ATTRIBUTES secAttrs, String msgPath, Boolean bFromProxy, Boolean useLongPath, Boolean checkHost)
   at System.IO.FileStream..ctor(String path, FileMode mode, FileAccess access, FileShare share, Int32 bufferSize)
   at System.Xml.XmlDownloadManager.GetStream(Uri uri, ICredentials credentials, IWebProxy proxy, RequestCachePolicy cachePolicy)
   at System.Xml.XmlUrlResolver.GetEntity(Uri absoluteUri, String role, Type ofObjectToReturn)
   at System.Xml.XmlTextReaderImpl.FinishInitUriString()
   at System.Xml.XmlTextReaderImpl..ctor(String uriStr, XmlReaderSettings settings, XmlParserContext context, XmlResolver uriResolver)
   at System.Xml.XmlReaderSettings.CreateReader(String inputUri, XmlParserContext inputContext)
   at System.Xml.XmlReader.Create(String inputUri, XmlReaderSettings settings, XmlParserContext inputContext)
   at System.Xml.Linq.XDocument.Load(String uri, LoadOptions options)
   at Tavisca.Validation.DynamicXmlParser..ctor(String filePath)
   at Tavisca.Validation.ValidationBuilder.Build(String configFilePath)
   at Tavisca.Validation.Validation.Build(String configurationFilePath)
   at Tavisca.Catapult.External.ValidationTest.HotelSearchRequestValidationTest.InitializeValidation() in d:\Code\TOM\Catapult\Code\trunk\CatapultServices\Tavisca.Catapult.External.ValidationTest\HotelSearchRequestValidationTest.cs:line 36
</StackTrace>
        </ErrorInfo>
      </Output>
    </UnitTestResult>
    <UnitTestResult executionId="e118e07b-b8a1-456d-90f6-a1ba813dd123" testId="07382ffe-0079-6437-53be-9829bfb86457" testName="HotelSearchRequestForTagsContainFourTagsValidTest" computerName="PHOENIXX" duration="00:00:00.0009520" startTime="2013-08-09T22:01:52.7503521+05:30" endTime="2013-08-09T22:01:52.7513524+05:30" testType="13cdc9d9-ddb5-4fa4-a97d-d965ccfc6d4b" outcome="Failed" testListId="8c84fa94-04c1-424b-9868-57a2d4851a1d" relativeResultsDirectory="e118e07b-b8a1-456d-90f6-a1ba813dd123">
      <Output>
        <ErrorInfo>
          <Message>Initialization method Tavisca.Catapult.External.ValidationTest.HotelSearchRequestValidationTest.InitializeValidation threw exception. System.IO.DirectoryNotFoundException: System.IO.DirectoryNotFoundException: Could not find a part of the path 'D:\CodeBase\Catapult\trunk\CatapultServices\Tavisca.Catapult.External.ValidationTest\Validation.xml'..</Message>
          <StackTrace>    at System.IO.__Error.WinIOError(Int32 errorCode, String maybeFullPath)
   at System.IO.FileStream.Init(String path, FileMode mode, FileAccess access, Int32 rights, Boolean useRights, FileShare share, Int32 bufferSize, FileOptions options, SECURITY_ATTRIBUTES secAttrs, String msgPath, Boolean bFromProxy, Boolean useLongPath, Boolean checkHost)
   at System.IO.FileStream..ctor(String path, FileMode mode, FileAccess access, FileShare share, Int32 bufferSize)
   at System.Xml.XmlDownloadManager.GetStream(Uri uri, ICredentials credentials, IWebProxy proxy, RequestCachePolicy cachePolicy)
   at System.Xml.XmlUrlResolver.GetEntity(Uri absoluteUri, String role, Type ofObjectToReturn)
   at System.Xml.XmlTextReaderImpl.FinishInitUriString()
   at System.Xml.XmlTextReaderImpl..ctor(String uriStr, XmlReaderSettings settings, XmlParserContext context, XmlResolver uriResolver)
   at System.Xml.XmlReaderSettings.CreateReader(String inputUri, XmlParserContext inputContext)
   at System.Xml.XmlReader.Create(String inputUri, XmlReaderSettings settings, XmlParserContext inputContext)
   at System.Xml.Linq.XDocument.Load(String uri, LoadOptions options)
   at Tavisca.Validation.DynamicXmlParser..ctor(String filePath)
   at Tavisca.Validation.ValidationBuilder.Build(String configFilePath)
   at Tavisca.Validation.Validation.Build(String configurationFilePath)
   at Tavisca.Catapult.External.ValidationTest.HotelSearchRequestValidationTest.InitializeValidation() in d:\Code\TOM\Catapult\Code\trunk\CatapultServices\Tavisca.Catapult.External.ValidationTest\HotelSearchRequestValidationTest.cs:line 36
</StackTrace>
        </ErrorInfo>
      </Output>
    </UnitTestResult>
    <UnitTestResult executionId="bc363207-5a47-4aaa-923e-0942ff476b3e" testId="350cd9b4-3ba6-8838-595d-8c18bf8cd06b" testName="HotelSearchRequestForTagsContainMoreThanFourItemsInValidTest" computerName="PHOENIXX" duration="00:00:00.0009860" startTime="2013-08-09T22:01:52.7513524+05:30" endTime="2013-08-09T22:01:52.7533530+05:30" testType="13cdc9d9-ddb5-4fa4-a97d-d965ccfc6d4b" outcome="Failed" testListId="8c84fa94-04c1-424b-9868-57a2d4851a1d" relativeResultsDirectory="bc363207-5a47-4aaa-923e-0942ff476b3e">
      <Output>
        <ErrorInfo>
          <Message>Initialization method Tavisca.Catapult.External.ValidationTest.HotelSearchRequestValidationTest.InitializeValidation threw exception. System.IO.DirectoryNotFoundException: System.IO.DirectoryNotFoundException: Could not find a part of the path 'D:\CodeBase\Catapult\trunk\CatapultServices\Tavisca.Catapult.External.ValidationTest\Validation.xml'..</Message>
          <StackTrace>    at System.IO.__Error.WinIOError(Int32 errorCode, String maybeFullPath)
   at System.IO.FileStream.Init(String path, FileMode mode, FileAccess access, Int32 rights, Boolean useRights, FileShare share, Int32 bufferSize, FileOptions options, SECURITY_ATTRIBUTES secAttrs, String msgPath, Boolean bFromProxy, Boolean useLongPath, Boolean checkHost)
   at System.IO.FileStream..ctor(String path, FileMode mode, FileAccess access, FileShare share, Int32 bufferSize)
   at System.Xml.XmlDownloadManager.GetStream(Uri uri, ICredentials credentials, IWebProxy proxy, RequestCachePolicy cachePolicy)
   at System.Xml.XmlUrlResolver.GetEntity(Uri absoluteUri, String role, Type ofObjectToReturn)
   at System.Xml.XmlTextReaderImpl.FinishInitUriString()
   at System.Xml.XmlTextReaderImpl..ctor(String uriStr, XmlReaderSettings settings, XmlParserContext context, XmlResolver uriResolver)
   at System.Xml.XmlReaderSettings.CreateReader(String inputUri, XmlParserContext inputContext)
   at System.Xml.XmlReader.Create(String inputUri, XmlReaderSettings settings, XmlParserContext inputContext)
   at System.Xml.Linq.XDocument.Load(String uri, LoadOptions options)
   at Tavisca.Validation.DynamicXmlParser..ctor(String filePath)
   at Tavisca.Validation.ValidationBuilder.Build(String configFilePath)
   at Tavisca.Validation.Validation.Build(String configurationFilePath)
   at Tavisca.Catapult.External.ValidationTest.HotelSearchRequestValidationTest.InitializeValidation() in d:\Code\TOM\Catapult\Code\trunk\CatapultServices\Tavisca.Catapult.External.ValidationTest\HotelSearchRequestValidationTest.cs:line 36
</StackTrace>
        </ErrorInfo>
      </Output>
    </UnitTestResult>
    <UnitTestResult executionId="4f4c9e12-e37c-45f9-a782-a5f43688cb4d" testId="3e400fd9-c1a5-c331-c6d0-c1d84818dcca" testName="HotelSearchRequestForAmenitiesValueNullValidTest" computerName="PHOENIXX" duration="00:00:00.0009514" startTime="2013-08-09T22:01:52.7533530+05:30" endTime="2013-08-09T22:01:52.7543533+05:30" testType="13cdc9d9-ddb5-4fa4-a97d-d965ccfc6d4b" outcome="Failed" testListId="8c84fa94-04c1-424b-9868-57a2d4851a1d" relativeResultsDirectory="4f4c9e12-e37c-45f9-a782-a5f43688cb4d">
      <Output>
        <ErrorInfo>
          <Message>Initialization method Tavisca.Catapult.External.ValidationTest.HotelSearchRequestValidationTest.InitializeValidation threw exception. System.IO.DirectoryNotFoundException: System.IO.DirectoryNotFoundException: Could not find a part of the path 'D:\CodeBase\Catapult\trunk\CatapultServices\Tavisca.Catapult.External.ValidationTest\Validation.xml'..</Message>
          <StackTrace>    at System.IO.__Error.WinIOError(Int32 errorCode, String maybeFullPath)
   at System.IO.FileStream.Init(String path, FileMode mode, FileAccess access, Int32 rights, Boolean useRights, FileShare share, Int32 bufferSize, FileOptions options, SECURITY_ATTRIBUTES secAttrs, String msgPath, Boolean bFromProxy, Boolean useLongPath, Boolean checkHost)
   at System.IO.FileStream..ctor(String path, FileMode mode, FileAccess access, FileShare share, Int32 bufferSize)
   at System.Xml.XmlDownloadManager.GetStream(Uri uri, ICredentials credentials, IWebProxy proxy, RequestCachePolicy cachePolicy)
   at System.Xml.XmlUrlResolver.GetEntity(Uri absoluteUri, String role, Type ofObjectToReturn)
   at System.Xml.XmlTextReaderImpl.FinishInitUriString()
   at System.Xml.XmlTextReaderImpl..ctor(String uriStr, XmlReaderSettings settings, XmlParserContext context, XmlResolver uriResolver)
   at System.Xml.XmlReaderSettings.CreateReader(String inputUri, XmlParserContext inputContext)
   at System.Xml.XmlReader.Create(String inputUri, XmlReaderSettings settings, XmlParserContext inputContext)
   at System.Xml.Linq.XDocument.Load(String uri, LoadOptions options)
   at Tavisca.Validation.DynamicXmlParser..ctor(String filePath)
   at Tavisca.Validation.ValidationBuilder.Build(String configFilePath)
   at Tavisca.Validation.Validation.Build(String configurationFilePath)
   at Tavisca.Catapult.External.ValidationTest.HotelSearchRequestValidationTest.InitializeValidation() in d:\Code\TOM\Catapult\Code\trunk\CatapultServices\Tavisca.Catapult.External.ValidationTest\HotelSearchRequestValidationTest.cs:line 36
</StackTrace>
        </ErrorInfo>
      </Output>
    </UnitTestResult>
    <UnitTestResult executionId="ff8b5b7c-ec3b-4c1d-acf1-dc4da0a9929f" testId="f2ea9755-6545-8c4f-c7a3-7cdf39373251" testName="HotelSearchRequestForAmenityListIsEmptyValidTest" computerName="PHOENIXX" duration="00:00:00.0009456" startTime="2013-08-09T22:01:52.7543533+05:30" endTime="2013-08-09T22:01:52.7553536+05:30" testType="13cdc9d9-ddb5-4fa4-a97d-d965ccfc6d4b" outcome="Failed" testListId="8c84fa94-04c1-424b-9868-57a2d4851a1d" relativeResultsDirectory="ff8b5b7c-ec3b-4c1d-acf1-dc4da0a9929f">
      <Output>
        <ErrorInfo>
          <Message>Initialization method Tavisca.Catapult.External.ValidationTest.HotelSearchRequestValidationTest.InitializeValidation threw exception. System.IO.DirectoryNotFoundException: System.IO.DirectoryNotFoundException: Could not find a part of the path 'D:\CodeBase\Catapult\trunk\CatapultServices\Tavisca.Catapult.External.ValidationTest\Validation.xml'..</Message>
          <StackTrace>    at System.IO.__Error.WinIOError(Int32 errorCode, String maybeFullPath)
   at System.IO.FileStream.Init(String path, FileMode mode, FileAccess access, Int32 rights, Boolean useRights, FileShare share, Int32 bufferSize, FileOptions options, SECURITY_ATTRIBUTES secAttrs, String msgPath, Boolean bFromProxy, Boolean useLongPath, Boolean checkHost)
   at System.IO.FileStream..ctor(String path, FileMode mode, FileAccess access, FileShare share, Int32 bufferSize)
   at System.Xml.XmlDownloadManager.GetStream(Uri uri, ICredentials credentials, IWebProxy proxy, RequestCachePolicy cachePolicy)
   at System.Xml.XmlUrlResolver.GetEntity(Uri absoluteUri, String role, Type ofObjectToReturn)
   at System.Xml.XmlTextReaderImpl.FinishInitUriString()
   at System.Xml.XmlTextReaderImpl..ctor(String uriStr, XmlReaderSettings settings, XmlParserContext context, XmlResolver uriResolver)
   at System.Xml.XmlReaderSettings.CreateReader(String inputUri, XmlParserContext inputContext)
   at System.Xml.XmlReader.Create(String inputUri, XmlReaderSettings settings, XmlParserContext inputContext)
   at System.Xml.Linq.XDocument.Load(String uri, LoadOptions options)
   at Tavisca.Validation.DynamicXmlParser..ctor(String filePath)
   at Tavisca.Validation.ValidationBuilder.Build(String configFilePath)
   at Tavisca.Validation.Validation.Build(String configurationFilePath)
   at Tavisca.Catapult.External.ValidationTest.HotelSearchRequestValidationTest.InitializeValidation() in d:\Code\TOM\Catapult\Code\trunk\CatapultServices\Tavisca.Catapult.External.ValidationTest\HotelSearchRequestValidationTest.cs:line 36
</StackTrace>
        </ErrorInfo>
      </Output>
    </UnitTestResult>
    <UnitTestResult executionId="359bbbb7-44b4-4fce-8d62-2884a13403f5" testId="c8be14c9-379f-5893-58fd-f1a954f5dc56" testName="HotelSearchRequestForAmenitiesContainsLessThanFourItemsValidTest" computerName="PHOENIXX" duration="00:00:00.0009424" startTime="2013-08-09T22:01:52.7553536+05:30" endTime="2013-08-09T22:01:52.7563539+05:30" testType="13cdc9d9-ddb5-4fa4-a97d-d965ccfc6d4b" outcome="Failed" testListId="8c84fa94-04c1-424b-9868-57a2d4851a1d" relativeResultsDirectory="359bbbb7-44b4-4fce-8d62-2884a13403f5">
      <Output>
        <ErrorInfo>
          <Message>Initialization method Tavisca.Catapult.External.ValidationTest.HotelSearchRequestValidationTest.InitializeValidation threw exception. System.IO.DirectoryNotFoundException: System.IO.DirectoryNotFoundException: Could not find a part of the path 'D:\CodeBase\Catapult\trunk\CatapultServices\Tavisca.Catapult.External.ValidationTest\Validation.xml'..</Message>
          <StackTrace>    at System.IO.__Error.WinIOError(Int32 errorCode, String maybeFullPath)
   at System.IO.FileStream.Init(String path, FileMode mode, FileAccess access, Int32 rights, Boolean useRights, FileShare share, Int32 bufferSize, FileOptions options, SECURITY_ATTRIBUTES secAttrs, String msgPath, Boolean bFromProxy, Boolean useLongPath, Boolean checkHost)
   at System.IO.FileStream..ctor(String path, FileMode mode, FileAccess access, FileShare share, Int32 bufferSize)
   at System.Xml.XmlDownloadManager.GetStream(Uri uri, ICredentials credentials, IWebProxy proxy, RequestCachePolicy cachePolicy)
   at System.Xml.XmlUrlResolver.GetEntity(Uri absoluteUri, String role, Type ofObjectToReturn)
   at System.Xml.XmlTextReaderImpl.FinishInitUriString()
   at System.Xml.XmlTextReaderImpl..ctor(String uriStr, XmlReaderSettings settings, XmlParserContext context, XmlResolver uriResolver)
   at System.Xml.XmlReaderSettings.CreateReader(String inputUri, XmlParserContext inputContext)
   at System.Xml.XmlReader.Create(String inputUri, XmlReaderSettings settings, XmlParserContext inputContext)
   at System.Xml.Linq.XDocument.Load(String uri, LoadOptions options)
   at Tavisca.Validation.DynamicXmlParser..ctor(String filePath)
   at Tavisca.Validation.ValidationBuilder.Build(String configFilePath)
   at Tavisca.Validation.Validation.Build(String configurationFilePath)
   at Tavisca.Catapult.External.ValidationTest.HotelSearchRequestValidationTest.InitializeValidation() in d:\Code\TOM\Catapult\Code\trunk\CatapultServices\Tavisca.Catapult.External.ValidationTest\HotelSearchRequestValidationTest.cs:line 36
</StackTrace>
        </ErrorInfo>
      </Output>
    </UnitTestResult>
    <UnitTestResult executionId="3c5eef5d-992f-4a9e-934a-eda1a5a92b70" testId="26563652-733a-db95-cd5d-9b5fea76e647" testName="HotelSearchRequestForAmenitiesContainFourItemsValidTest" computerName="PHOENIXX" duration="00:00:00.0009386" startTime="2013-08-09T22:01:52.7563539+05:30" endTime="2013-08-09T22:01:52.7573542+05:30" testType="13cdc9d9-ddb5-4fa4-a97d-d965ccfc6d4b" outcome="Failed" testListId="8c84fa94-04c1-424b-9868-57a2d4851a1d" relativeResultsDirectory="3c5eef5d-992f-4a9e-934a-eda1a5a92b70">
      <Output>
        <ErrorInfo>
          <Message>Initialization method Tavisca.Catapult.External.ValidationTest.HotelSearchRequestValidationTest.InitializeValidation threw exception. System.IO.DirectoryNotFoundException: System.IO.DirectoryNotFoundException: Could not find a part of the path 'D:\CodeBase\Catapult\trunk\CatapultServices\Tavisca.Catapult.External.ValidationTest\Validation.xml'..</Message>
          <StackTrace>    at System.IO.__Error.WinIOError(Int32 errorCode, String maybeFullPath)
   at System.IO.FileStream.Init(String path, FileMode mode, FileAccess access, Int32 rights, Boolean useRights, FileShare share, Int32 bufferSize, FileOptions options, SECURITY_ATTRIBUTES secAttrs, String msgPath, Boolean bFromProxy, Boolean useLongPath, Boolean checkHost)
   at System.IO.FileStream..ctor(String path, FileMode mode, FileAccess access, FileShare share, Int32 bufferSize)
   at System.Xml.XmlDownloadManager.GetStream(Uri uri, ICredentials credentials, IWebProxy proxy, RequestCachePolicy cachePolicy)
   at System.Xml.XmlUrlResolver.GetEntity(Uri absoluteUri, String role, Type ofObjectToReturn)
   at System.Xml.XmlTextReaderImpl.FinishInitUriString()
   at System.Xml.XmlTextReaderImpl..ctor(String uriStr, XmlReaderSettings settings, XmlParserContext context, XmlResolver uriResolver)
   at System.Xml.XmlReaderSettings.CreateReader(String inputUri, XmlParserContext inputContext)
   at System.Xml.XmlReader.Create(String inputUri, XmlReaderSettings settings, XmlParserContext inputContext)
   at System.Xml.Linq.XDocument.Load(String uri, LoadOptions options)
   at Tavisca.Validation.DynamicXmlParser..ctor(String filePath)
   at Tavisca.Validation.ValidationBuilder.Build(String configFilePath)
   at Tavisca.Validation.Validation.Build(String configurationFilePath)
   at Tavisca.Catapult.External.ValidationTest.HotelSearchRequestValidationTest.InitializeValidation() in d:\Code\TOM\Catapult\Code\trunk\CatapultServices\Tavisca.Catapult.External.ValidationTest\HotelSearchRequestValidationTest.cs:line 36
</StackTrace>
        </ErrorInfo>
      </Output>
    </UnitTestResult>
    <UnitTestResult executionId="08e456eb-7a57-4720-98ac-8f2d19559176" testId="b06ea6e7-d679-94f0-d452-1a86a84304e7" testName="HotelSearchRequestForAmenitiesContainMoreThanFourItemsInValidTest" computerName="PHOENIXX" duration="00:00:00.0009366" startTime="2013-08-09T22:01:52.7573542+05:30" endTime="2013-08-09T22:01:52.7583545+05:30" testType="13cdc9d9-ddb5-4fa4-a97d-d965ccfc6d4b" outcome="Failed" testListId="8c84fa94-04c1-424b-9868-57a2d4851a1d" relativeResultsDirectory="08e456eb-7a57-4720-98ac-8f2d19559176">
      <Output>
        <ErrorInfo>
          <Message>Initialization method Tavisca.Catapult.External.ValidationTest.HotelSearchRequestValidationTest.InitializeValidation threw exception. System.IO.DirectoryNotFoundException: System.IO.DirectoryNotFoundException: Could not find a part of the path 'D:\CodeBase\Catapult\trunk\CatapultServices\Tavisca.Catapult.External.ValidationTest\Validation.xml'..</Message>
          <StackTrace>    at System.IO.__Error.WinIOError(Int32 errorCode, String maybeFullPath)
   at System.IO.FileStream.Init(String path, FileMode mode, FileAccess access, Int32 rights, Boolean useRights, FileShare share, Int32 bufferSize, FileOptions options, SECURITY_ATTRIBUTES secAttrs, String msgPath, Boolean bFromProxy, Boolean useLongPath, Boolean checkHost)
   at System.IO.FileStream..ctor(String path, FileMode mode, FileAccess access, FileShare share, Int32 bufferSize)
   at System.Xml.XmlDownloadManager.GetStream(Uri uri, ICredentials credentials, IWebProxy proxy, RequestCachePolicy cachePolicy)
   at System.Xml.XmlUrlResolver.GetEntity(Uri absoluteUri, String role, Type ofObjectToReturn)
   at System.Xml.XmlTextReaderImpl.FinishInitUriString()
   at System.Xml.XmlTextReaderImpl..ctor(String uriStr, XmlReaderSettings settings, XmlParserContext context, XmlResolver uriResolver)
   at System.Xml.XmlReaderSettings.CreateReader(String inputUri, XmlParserContext inputContext)
   at System.Xml.XmlReader.Create(String inputUri, XmlReaderSettings settings, XmlParserContext inputContext)
   at System.Xml.Linq.XDocument.Load(String uri, LoadOptions options)
   at Tavisca.Validation.DynamicXmlParser..ctor(String filePath)
   at Tavisca.Validation.ValidationBuilder.Build(String configFilePath)
   at Tavisca.Validation.Validation.Build(String configurationFilePath)
   at Tavisca.Catapult.External.ValidationTest.HotelSearchRequestValidationTest.InitializeValidation() in d:\Code\TOM\Catapult\Code\trunk\CatapultServices\Tavisca.Catapult.External.ValidationTest\HotelSearchRequestValidationTest.cs:line 36
</StackTrace>
        </ErrorInfo>
      </Output>
    </UnitTestResult>
    <UnitTestResult executionId="be454be6-141e-4e5c-9bf6-630a9607c6b8" testId="4099cbd3-c226-1883-a408-59480d629076" testName="HotelSearchRequestForBoardBasisValueNullValidTest" computerName="PHOENIXX" duration="00:00:00.0009411" startTime="2013-08-09T22:01:52.7583545+05:30" endTime="2013-08-09T22:01:52.7593548+05:30" testType="13cdc9d9-ddb5-4fa4-a97d-d965ccfc6d4b" outcome="Failed" testListId="8c84fa94-04c1-424b-9868-57a2d4851a1d" relativeResultsDirectory="be454be6-141e-4e5c-9bf6-630a9607c6b8">
      <Output>
        <ErrorInfo>
          <Message>Initialization method Tavisca.Catapult.External.ValidationTest.HotelSearchRequestValidationTest.InitializeValidation threw exception. System.IO.DirectoryNotFoundException: System.IO.DirectoryNotFoundException: Could not find a part of the path 'D:\CodeBase\Catapult\trunk\CatapultServices\Tavisca.Catapult.External.ValidationTest\Validation.xml'..</Message>
          <StackTrace>    at System.IO.__Error.WinIOError(Int32 errorCode, String maybeFullPath)
   at System.IO.FileStream.Init(String path, FileMode mode, FileAccess access, Int32 rights, Boolean useRights, FileShare share, Int32 bufferSize, FileOptions options, SECURITY_ATTRIBUTES secAttrs, String msgPath, Boolean bFromProxy, Boolean useLongPath, Boolean checkHost)
   at System.IO.FileStream..ctor(String path, FileMode mode, FileAccess access, FileShare share, Int32 bufferSize)
   at System.Xml.XmlDownloadManager.GetStream(Uri uri, ICredentials credentials, IWebProxy proxy, RequestCachePolicy cachePolicy)
   at System.Xml.XmlUrlResolver.GetEntity(Uri absoluteUri, String role, Type ofObjectToReturn)
   at System.Xml.XmlTextReaderImpl.FinishInitUriString()
   at System.Xml.XmlTextReaderImpl..ctor(String uriStr, XmlReaderSettings settings, XmlParserContext context, XmlResolver uriResolver)
   at System.Xml.XmlReaderSettings.CreateReader(String inputUri, XmlParserContext inputContext)
   at System.Xml.XmlReader.Create(String inputUri, XmlReaderSettings settings, XmlParserContext inputContext)
   at System.Xml.Linq.XDocument.Load(String uri, LoadOptions options)
   at Tavisca.Validation.DynamicXmlParser..ctor(String filePath)
   at Tavisca.Validation.ValidationBuilder.Build(String configFilePath)
   at Tavisca.Validation.Validation.Build(String configurationFilePath)
   at Tavisca.Catapult.External.ValidationTest.HotelSearchRequestValidationTest.InitializeValidation() in d:\Code\TOM\Catapult\Code\trunk\CatapultServices\Tavisca.Catapult.External.ValidationTest\HotelSearchRequestValidationTest.cs:line 36
</StackTrace>
        </ErrorInfo>
      </Output>
    </UnitTestResult>
    <UnitTestResult executionId="116f341e-d378-4e94-8d8d-638b627298d2" testId="2ed40803-4e6e-9c76-ad89-f0a203dbe029" testName="HotelSearchRequestForBoardBasisListIsEmptyValidTest" computerName="PHOENIXX" duration="00:00:00.0009552" startTime="2013-08-09T22:01:52.7593548+05:30" endTime="2013-08-09T22:01:52.7603551+05:30" testType="13cdc9d9-ddb5-4fa4-a97d-d965ccfc6d4b" outcome="Failed" testListId="8c84fa94-04c1-424b-9868-57a2d4851a1d" relativeResultsDirectory="116f341e-d378-4e94-8d8d-638b627298d2">
      <Output>
        <ErrorInfo>
          <Message>Initialization method Tavisca.Catapult.External.ValidationTest.HotelSearchRequestValidationTest.InitializeValidation threw exception. System.IO.DirectoryNotFoundException: System.IO.DirectoryNotFoundException: Could not find a part of the path 'D:\CodeBase\Catapult\trunk\CatapultServices\Tavisca.Catapult.External.ValidationTest\Validation.xml'..</Message>
          <StackTrace>    at System.IO.__Error.WinIOError(Int32 errorCode, String maybeFullPath)
   at System.IO.FileStream.Init(String path, FileMode mode, FileAccess access, Int32 rights, Boolean useRights, FileShare share, Int32 bufferSize, FileOptions options, SECURITY_ATTRIBUTES secAttrs, String msgPath, Boolean bFromProxy, Boolean useLongPath, Boolean checkHost)
   at System.IO.FileStream..ctor(String path, FileMode mode, FileAccess access, FileShare share, Int32 bufferSize)
   at System.Xml.XmlDownloadManager.GetStream(Uri uri, ICredentials credentials, IWebProxy proxy, RequestCachePolicy cachePolicy)
   at System.Xml.XmlUrlResolver.GetEntity(Uri absoluteUri, String role, Type ofObjectToReturn)
   at System.Xml.XmlTextReaderImpl.FinishInitUriString()
   at System.Xml.XmlTextReaderImpl..ctor(String uriStr, XmlReaderSettings settings, XmlParserContext context, XmlResolver uriResolver)
   at System.Xml.XmlReaderSettings.CreateReader(String inputUri, XmlParserContext inputContext)
   at System.Xml.XmlReader.Create(String inputUri, XmlReaderSettings settings, XmlParserContext inputContext)
   at System.Xml.Linq.XDocument.Load(String uri, LoadOptions options)
   at Tavisca.Validation.DynamicXmlParser..ctor(String filePath)
   at Tavisca.Validation.ValidationBuilder.Build(String configFilePath)
   at Tavisca.Validation.Validation.Build(String configurationFilePath)
   at Tavisca.Catapult.External.ValidationTest.HotelSearchRequestValidationTest.InitializeValidation() in d:\Code\TOM\Catapult\Code\trunk\CatapultServices\Tavisca.Catapult.External.ValidationTest\HotelSearchRequestValidationTest.cs:line 36
</StackTrace>
        </ErrorInfo>
      </Output>
    </UnitTestResult>
    <UnitTestResult executionId="b8e43742-a881-4f41-a1fa-6d3c8e7f4bbb" testId="0c45fdee-1dc9-c38c-4df7-7555363702d0" testName="HotelSearchRequestForBoardBasisContainsLessThanFourItemsValidTest" computerName="PHOENIXX" duration="00:00:00.0009591" startTime="2013-08-09T22:01:52.7603551+05:30" endTime="2013-08-09T22:01:52.7613554+05:30" testType="13cdc9d9-ddb5-4fa4-a97d-d965ccfc6d4b" outcome="Failed" testListId="8c84fa94-04c1-424b-9868-57a2d4851a1d" relativeResultsDirectory="b8e43742-a881-4f41-a1fa-6d3c8e7f4bbb">
      <Output>
        <ErrorInfo>
          <Message>Initialization method Tavisca.Catapult.External.ValidationTest.HotelSearchRequestValidationTest.InitializeValidation threw exception. System.IO.DirectoryNotFoundException: System.IO.DirectoryNotFoundException: Could not find a part of the path 'D:\CodeBase\Catapult\trunk\CatapultServices\Tavisca.Catapult.External.ValidationTest\Validation.xml'..</Message>
          <StackTrace>    at System.IO.__Error.WinIOError(Int32 errorCode, String maybeFullPath)
   at System.IO.FileStream.Init(String path, FileMode mode, FileAccess access, Int32 rights, Boolean useRights, FileShare share, Int32 bufferSize, FileOptions options, SECURITY_ATTRIBUTES secAttrs, String msgPath, Boolean bFromProxy, Boolean useLongPath, Boolean checkHost)
   at System.IO.FileStream..ctor(String path, FileMode mode, FileAccess access, FileShare share, Int32 bufferSize)
   at System.Xml.XmlDownloadManager.GetStream(Uri uri, ICredentials credentials, IWebProxy proxy, RequestCachePolicy cachePolicy)
   at System.Xml.XmlUrlResolver.GetEntity(Uri absoluteUri, String role, Type ofObjectToReturn)
   at System.Xml.XmlTextReaderImpl.FinishInitUriString()
   at System.Xml.XmlTextReaderImpl..ctor(String uriStr, XmlReaderSettings settings, XmlParserContext context, XmlResolver uriResolver)
   at System.Xml.XmlReaderSettings.CreateReader(String inputUri, XmlParserContext inputContext)
   at System.Xml.XmlReader.Create(String inputUri, XmlReaderSettings settings, XmlParserContext inputContext)
   at System.Xml.Linq.XDocument.Load(String uri, LoadOptions options)
   at Tavisca.Validation.DynamicXmlParser..ctor(String filePath)
   at Tavisca.Validation.ValidationBuilder.Build(String configFilePath)
   at Tavisca.Validation.Validation.Build(String configurationFilePath)
   at Tavisca.Catapult.External.ValidationTest.HotelSearchRequestValidationTest.InitializeValidation() in d:\Code\TOM\Catapult\Code\trunk\CatapultServices\Tavisca.Catapult.External.ValidationTest\HotelSearchRequestValidationTest.cs:line 36
</StackTrace>
        </ErrorInfo>
      </Output>
    </UnitTestResult>
    <UnitTestResult executionId="7edf2faf-1400-4c90-a77e-b1edeb22d35b" testId="fc57fc91-3df8-1843-fceb-98c5a01f48fa" testName="HotelSearchRequestForBoardBasisContainFourItemsValidTest" computerName="PHOENIXX" duration="00:00:00.0009398" startTime="2013-08-09T22:01:52.7623557+05:30" endTime="2013-08-09T22:01:52.7633560+05:30" testType="13cdc9d9-ddb5-4fa4-a97d-d965ccfc6d4b" outcome="Failed" testListId="8c84fa94-04c1-424b-9868-57a2d4851a1d" relativeResultsDirectory="7edf2faf-1400-4c90-a77e-b1edeb22d35b">
      <Output>
        <ErrorInfo>
          <Message>Initialization method Tavisca.Catapult.External.ValidationTest.HotelSearchRequestValidationTest.InitializeValidation threw exception. System.IO.DirectoryNotFoundException: System.IO.DirectoryNotFoundException: Could not find a part of the path 'D:\CodeBase\Catapult\trunk\CatapultServices\Tavisca.Catapult.External.ValidationTest\Validation.xml'..</Message>
          <StackTrace>    at System.IO.__Error.WinIOError(Int32 errorCode, String maybeFullPath)
   at System.IO.FileStream.Init(String path, FileMode mode, FileAccess access, Int32 rights, Boolean useRights, FileShare share, Int32 bufferSize, FileOptions options, SECURITY_ATTRIBUTES secAttrs, String msgPath, Boolean bFromProxy, Boolean useLongPath, Boolean checkHost)
   at System.IO.FileStream..ctor(String path, FileMode mode, FileAccess access, FileShare share, Int32 bufferSize)
   at System.Xml.XmlDownloadManager.GetStream(Uri uri, ICredentials credentials, IWebProxy proxy, RequestCachePolicy cachePolicy)
   at System.Xml.XmlUrlResolver.GetEntity(Uri absoluteUri, String role, Type ofObjectToReturn)
   at System.Xml.XmlTextReaderImpl.FinishInitUriString()
   at System.Xml.XmlTextReaderImpl..ctor(String uriStr, XmlReaderSettings settings, XmlParserContext context, XmlResolver uriResolver)
   at System.Xml.XmlReaderSettings.CreateReader(String inputUri, XmlParserContext inputContext)
   at System.Xml.XmlReader.Create(String inputUri, XmlReaderSettings settings, XmlParserContext inputContext)
   at System.Xml.Linq.XDocument.Load(String uri, LoadOptions options)
   at Tavisca.Validation.DynamicXmlParser..ctor(String filePath)
   at Tavisca.Validation.ValidationBuilder.Build(String configFilePath)
   at Tavisca.Validation.Validation.Build(String configurationFilePath)
   at Tavisca.Catapult.External.ValidationTest.HotelSearchRequestValidationTest.InitializeValidation() in d:\Code\TOM\Catapult\Code\trunk\CatapultServices\Tavisca.Catapult.External.ValidationTest\HotelSearchRequestValidationTest.cs:line 36
</StackTrace>
        </ErrorInfo>
      </Output>
    </UnitTestResult>
    <UnitTestResult executionId="ecaeec69-e3d7-4e32-afc4-47f9cc703ba0" testId="a8cfa491-e37f-6721-be9e-b89cd1856036" testName="HotelSearchRequestForBoardBasisContainMoreThanFourItemsInValidTest" computerName="PHOENIXX" duration="00:00:00.0009463" startTime="2013-08-09T22:01:52.7633560+05:30" endTime="2013-08-09T22:01:52.7643563+05:30" testType="13cdc9d9-ddb5-4fa4-a97d-d965ccfc6d4b" outcome="Failed" testListId="8c84fa94-04c1-424b-9868-57a2d4851a1d" relativeResultsDirectory="ecaeec69-e3d7-4e32-afc4-47f9cc703ba0">
      <Output>
        <ErrorInfo>
          <Message>Initialization method Tavisca.Catapult.External.ValidationTest.HotelSearchRequestValidationTest.InitializeValidation threw exception. System.IO.DirectoryNotFoundException: System.IO.DirectoryNotFoundException: Could not find a part of the path 'D:\CodeBase\Catapult\trunk\CatapultServices\Tavisca.Catapult.External.ValidationTest\Validation.xml'..</Message>
          <StackTrace>    at System.IO.__Error.WinIOError(Int32 errorCode, String maybeFullPath)
   at System.IO.FileStream.Init(String path, FileMode mode, FileAccess access, Int32 rights, Boolean useRights, FileShare share, Int32 bufferSize, FileOptions options, SECURITY_ATTRIBUTES secAttrs, String msgPath, Boolean bFromProxy, Boolean useLongPath, Boolean checkHost)
   at System.IO.FileStream..ctor(String path, FileMode mode, FileAccess access, FileShare share, Int32 bufferSize)
   at System.Xml.XmlDownloadManager.GetStream(Uri uri, ICredentials credentials, IWebProxy proxy, RequestCachePolicy cachePolicy)
   at System.Xml.XmlUrlResolver.GetEntity(Uri absoluteUri, String role, Type ofObjectToReturn)
   at System.Xml.XmlTextReaderImpl.FinishInitUriString()
   at System.Xml.XmlTextReaderImpl..ctor(String uriStr, XmlReaderSettings settings, XmlParserContext context, XmlResolver uriResolver)
   at System.Xml.XmlReaderSettings.CreateReader(String inputUri, XmlParserContext inputContext)
   at System.Xml.XmlReader.Create(String inputUri, XmlReaderSettings settings, XmlParserContext inputContext)
   at System.Xml.Linq.XDocument.Load(String uri, LoadOptions options)
   at Tavisca.Validation.DynamicXmlParser..ctor(String filePath)
   at Tavisca.Validation.ValidationBuilder.Build(String configFilePath)
   at Tavisca.Validation.Validation.Build(String configurationFilePath)
   at Tavisca.Catapult.External.ValidationTest.HotelSearchRequestValidationTest.InitializeValidation() in d:\Code\TOM\Catapult\Code\trunk\CatapultServices\Tavisca.Catapult.External.ValidationTest\HotelSearchRequestValidationTest.cs:line 36
</StackTrace>
        </ErrorInfo>
      </Output>
    </UnitTestResult>
    <UnitTestResult executionId="2fa8b221-f840-4c64-aecb-7ca05d7e09de" testId="cce1cdb1-77da-9c70-d86d-a771f76f8f30" testName="HotelBookingRequestValidTest" computerName="PHOENIXX" duration="00:00:00.0012080" startTime="2013-08-09T22:01:52.7643563+05:30" endTime="2013-08-09T22:01:52.7653566+05:30" testType="13cdc9d9-ddb5-4fa4-a97d-d965ccfc6d4b" outcome="Failed" testListId="8c84fa94-04c1-424b-9868-57a2d4851a1d" relativeResultsDirectory="2fa8b221-f840-4c64-aecb-7ca05d7e09de">
      <Output>
        <ErrorInfo>
          <Message>Initialization method Tavisca.Catapult.External.ValidationTest.HotelBookingRequestValidationTest.InitializeValidation threw exception. System.IO.DirectoryNotFoundException: System.IO.DirectoryNotFoundException: Could not find a part of the path 'D:\CodeBase\Catapult\trunk\CatapultServices\Tavisca.Catapult.External.ValidationTest\Validation.xml'..</Message>
          <StackTrace>    at System.IO.__Error.WinIOError(Int32 errorCode, String maybeFullPath)
   at System.IO.FileStream.Init(String path, FileMode mode, FileAccess access, Int32 rights, Boolean useRights, FileShare share, Int32 bufferSize, FileOptions options, SECURITY_ATTRIBUTES secAttrs, String msgPath, Boolean bFromProxy, Boolean useLongPath, Boolean checkHost)
   at System.IO.FileStream..ctor(String path, FileMode mode, FileAccess access, FileShare share, Int32 bufferSize)
   at System.Xml.XmlDownloadManager.GetStream(Uri uri, ICredentials credentials, IWebProxy proxy, RequestCachePolicy cachePolicy)
   at System.Xml.XmlUrlResolver.GetEntity(Uri absoluteUri, String role, Type ofObjectToReturn)
   at System.Xml.XmlTextReaderImpl.FinishInitUriString()
   at System.Xml.XmlTextReaderImpl..ctor(String uriStr, XmlReaderSettings settings, XmlParserContext context, XmlResolver uriResolver)
   at System.Xml.XmlReaderSettings.CreateReader(String inputUri, XmlParserContext inputContext)
   at System.Xml.XmlReader.Create(String inputUri, XmlReaderSettings settings, XmlParserContext inputContext)
   at System.Xml.Linq.XDocument.Load(String uri, LoadOptions options)
   at Tavisca.Validation.DynamicXmlParser..ctor(String filePath)
   at Tavisca.Validation.ValidationBuilder.Build(String configFilePath)
   at Tavisca.Validation.Validation.Build(String configurationFilePath)
   at Tavisca.Catapult.External.ValidationTest.HotelBookingRequestValidationTest.InitializeValidation() in d:\Code\TOM\Catapult\Code\trunk\CatapultServices\Tavisca.Catapult.External.ValidationTest\HotelBookingRequestValidationTest.cs:line 37
</StackTrace>
        </ErrorInfo>
      </Output>
    </UnitTestResult>
    <UnitTestResult executionId="9918e4bb-174b-4542-a6df-cb28eda406f8" testId="0ab23451-c6e6-5d3a-b047-8764fb8a071b" testName="HotelBookingRequestForHotelCodeValueIsNullInValidTest" computerName="PHOENIXX" duration="00:00:00.0009482" startTime="2013-08-09T22:01:52.7653566+05:30" endTime="2013-08-09T22:01:52.7673572+05:30" testType="13cdc9d9-ddb5-4fa4-a97d-d965ccfc6d4b" outcome="Failed" testListId="8c84fa94-04c1-424b-9868-57a2d4851a1d" relativeResultsDirectory="9918e4bb-174b-4542-a6df-cb28eda406f8">
      <Output>
        <ErrorInfo>
          <Message>Initialization method Tavisca.Catapult.External.ValidationTest.HotelBookingRequestValidationTest.InitializeValidation threw exception. System.IO.DirectoryNotFoundException: System.IO.DirectoryNotFoundException: Could not find a part of the path 'D:\CodeBase\Catapult\trunk\CatapultServices\Tavisca.Catapult.External.ValidationTest\Validation.xml'..</Message>
          <StackTrace>    at System.IO.__Error.WinIOError(Int32 errorCode, String maybeFullPath)
   at System.IO.FileStream.Init(String path, FileMode mode, FileAccess access, Int32 rights, Boolean useRights, FileShare share, Int32 bufferSize, FileOptions options, SECURITY_ATTRIBUTES secAttrs, String msgPath, Boolean bFromProxy, Boolean useLongPath, Boolean checkHost)
   at System.IO.FileStream..ctor(String path, FileMode mode, FileAccess access, FileShare share, Int32 bufferSize)
   at System.Xml.XmlDownloadManager.GetStream(Uri uri, ICredentials credentials, IWebProxy proxy, RequestCachePolicy cachePolicy)
   at System.Xml.XmlUrlResolver.GetEntity(Uri absoluteUri, String role, Type ofObjectToReturn)
   at System.Xml.XmlTextReaderImpl.FinishInitUriString()
   at System.Xml.XmlTextReaderImpl..ctor(String uriStr, XmlReaderSettings settings, XmlParserContext context, XmlResolver uriResolver)
   at System.Xml.XmlReaderSettings.CreateReader(String inputUri, XmlParserContext inputContext)
   at System.Xml.XmlReader.Create(String inputUri, XmlReaderSettings settings, XmlParserContext inputContext)
   at System.Xml.Linq.XDocument.Load(String uri, LoadOptions options)
   at Tavisca.Validation.DynamicXmlParser..ctor(String filePath)
   at Tavisca.Validation.ValidationBuilder.Build(String configFilePath)
   at Tavisca.Validation.Validation.Build(String configurationFilePath)
   at Tavisca.Catapult.External.ValidationTest.HotelBookingRequestValidationTest.InitializeValidation() in d:\Code\TOM\Catapult\Code\trunk\CatapultServices\Tavisca.Catapult.External.ValidationTest\HotelBookingRequestValidationTest.cs:line 37
</StackTrace>
        </ErrorInfo>
      </Output>
    </UnitTestResult>
    <UnitTestResult executionId="1a1580b2-92e4-4cb0-89e3-33ac7847e28a" testId="b28f5514-8a6c-58f9-39fe-766616b28095" testName="HotelBookingRequestForHotelCodeValueIsEmptyInValidTest" computerName="PHOENIXX" duration="00:00:00.0009668" startTime="2013-08-09T22:01:52.7673572+05:30" endTime="2013-08-09T22:01:52.7683575+05:30" testType="13cdc9d9-ddb5-4fa4-a97d-d965ccfc6d4b" outcome="Failed" testListId="8c84fa94-04c1-424b-9868-57a2d4851a1d" relativeResultsDirectory="1a1580b2-92e4-4cb0-89e3-33ac7847e28a">
      <Output>
        <ErrorInfo>
          <Message>Initialization method Tavisca.Catapult.External.ValidationTest.HotelBookingRequestValidationTest.InitializeValidation threw exception. System.IO.DirectoryNotFoundException: System.IO.DirectoryNotFoundException: Could not find a part of the path 'D:\CodeBase\Catapult\trunk\CatapultServices\Tavisca.Catapult.External.ValidationTest\Validation.xml'..</Message>
          <StackTrace>    at System.IO.__Error.WinIOError(Int32 errorCode, String maybeFullPath)
   at System.IO.FileStream.Init(String path, FileMode mode, FileAccess access, Int32 rights, Boolean useRights, FileShare share, Int32 bufferSize, FileOptions options, SECURITY_ATTRIBUTES secAttrs, String msgPath, Boolean bFromProxy, Boolean useLongPath, Boolean checkHost)
   at System.IO.FileStream..ctor(String path, FileMode mode, FileAccess access, FileShare share, Int32 bufferSize)
   at System.Xml.XmlDownloadManager.GetStream(Uri uri, ICredentials credentials, IWebProxy proxy, RequestCachePolicy cachePolicy)
   at System.Xml.XmlUrlResolver.GetEntity(Uri absoluteUri, String role, Type ofObjectToReturn)
   at System.Xml.XmlTextReaderImpl.FinishInitUriString()
   at System.Xml.XmlTextReaderImpl..ctor(String uriStr, XmlReaderSettings settings, XmlParserContext context, XmlResolver uriResolver)
   at System.Xml.XmlReaderSettings.CreateReader(String inputUri, XmlParserContext inputContext)
   at System.Xml.XmlReader.Create(String inputUri, XmlReaderSettings settings, XmlParserContext inputContext)
   at System.Xml.Linq.XDocument.Load(String uri, LoadOptions options)
   at Tavisca.Validation.DynamicXmlParser..ctor(String filePath)
   at Tavisca.Validation.ValidationBuilder.Build(String configFilePath)
   at Tavisca.Validation.Validation.Build(String configurationFilePath)
   at Tavisca.Catapult.External.ValidationTest.HotelBookingRequestValidationTest.InitializeValidation() in d:\Code\TOM\Catapult\Code\trunk\CatapultServices\Tavisca.Catapult.External.ValidationTest\HotelBookingRequestValidationTest.cs:line 37
</StackTrace>
        </ErrorInfo>
      </Output>
    </UnitTestResult>
    <UnitTestResult executionId="fc5384d6-ffc4-4669-8e89-9a5da71f2ba5" testId="790158be-4e03-4c93-c165-bcfa56a509a6" testName="HotelBookingRequestForHotelCodeValueIsAlphaNumericInValidTest" computerName="PHOENIXX" duration="00:00:00.0009013" startTime="2013-08-09T22:01:52.7683575+05:30" endTime="2013-08-09T22:01:52.7693578+05:30" testType="13cdc9d9-ddb5-4fa4-a97d-d965ccfc6d4b" outcome="Failed" testListId="8c84fa94-04c1-424b-9868-57a2d4851a1d" relativeResultsDirectory="fc5384d6-ffc4-4669-8e89-9a5da71f2ba5">
      <Output>
        <ErrorInfo>
          <Message>Initialization method Tavisca.Catapult.External.ValidationTest.HotelBookingRequestValidationTest.InitializeValidation threw exception. System.IO.DirectoryNotFoundException: System.IO.DirectoryNotFoundException: Could not find a part of the path 'D:\CodeBase\Catapult\trunk\CatapultServices\Tavisca.Catapult.External.ValidationTest\Validation.xml'..</Message>
          <StackTrace>    at System.IO.__Error.WinIOError(Int32 errorCode, String maybeFullPath)
   at System.IO.FileStream.Init(String path, FileMode mode, FileAccess access, Int32 rights, Boolean useRights, FileShare share, Int32 bufferSize, FileOptions options, SECURITY_ATTRIBUTES secAttrs, String msgPath, Boolean bFromProxy, Boolean useLongPath, Boolean checkHost)
   at System.IO.FileStream..ctor(String path, FileMode mode, FileAccess access, FileShare share, Int32 bufferSize)
   at System.Xml.XmlDownloadManager.GetStream(Uri uri, ICredentials credentials, IWebProxy proxy, RequestCachePolicy cachePolicy)
   at System.Xml.XmlUrlResolver.GetEntity(Uri absoluteUri, String role, Type ofObjectToReturn)
   at System.Xml.XmlTextReaderImpl.FinishInitUriString()
   at System.Xml.XmlTextReaderImpl..ctor(String uriStr, XmlReaderSettings settings, XmlParserContext context, XmlResolver uriResolver)
   at System.Xml.XmlReaderSettings.CreateReader(String inputUri, XmlParserContext inputContext)
   at System.Xml.XmlReader.Create(String inputUri, XmlReaderSettings settings, XmlParserContext inputContext)
   at System.Xml.Linq.XDocument.Load(String uri, LoadOptions options)
   at Tavisca.Validation.DynamicXmlParser..ctor(String filePath)
   at Tavisca.Validation.ValidationBuilder.Build(String configFilePath)
   at Tavisca.Validation.Validation.Build(String configurationFilePath)
   at Tavisca.Catapult.External.ValidationTest.HotelBookingRequestValidationTest.InitializeValidation() in d:\Code\TOM\Catapult\Code\trunk\CatapultServices\Tavisca.Catapult.External.ValidationTest\HotelBookingRequestValidationTest.cs:line 37
</StackTrace>
        </ErrorInfo>
      </Output>
    </UnitTestResult>
    <UnitTestResult executionId="b3cdccde-2c8d-4fc4-883c-c851c82da1e6" testId="4ae36c83-3f70-2722-8fd4-6863a3108279" testName="HotelBookingRequestForHotelCodeValueContainsSpecialCharInValidTest" computerName="PHOENIXX" duration="00:00:00.0009719" startTime="2013-08-09T22:01:52.7693578+05:30" endTime="2013-08-09T22:01:52.7703581+05:30" testType="13cdc9d9-ddb5-4fa4-a97d-d965ccfc6d4b" outcome="Failed" testListId="8c84fa94-04c1-424b-9868-57a2d4851a1d" relativeResultsDirectory="b3cdccde-2c8d-4fc4-883c-c851c82da1e6">
      <Output>
        <ErrorInfo>
          <Message>Initialization method Tavisca.Catapult.External.ValidationTest.HotelBookingRequestValidationTest.InitializeValidation threw exception. System.IO.DirectoryNotFoundException: System.IO.DirectoryNotFoundException: Could not find a part of the path 'D:\CodeBase\Catapult\trunk\CatapultServices\Tavisca.Catapult.External.ValidationTest\Validation.xml'..</Message>
          <StackTrace>    at System.IO.__Error.WinIOError(Int32 errorCode, String maybeFullPath)
   at System.IO.FileStream.Init(String path, FileMode mode, FileAccess access, Int32 rights, Boolean useRights, FileShare share, Int32 bufferSize, FileOptions options, SECURITY_ATTRIBUTES secAttrs, String msgPath, Boolean bFromProxy, Boolean useLongPath, Boolean checkHost)
   at System.IO.FileStream..ctor(String path, FileMode mode, FileAccess access, FileShare share, Int32 bufferSize)
   at System.Xml.XmlDownloadManager.GetStream(Uri uri, ICredentials credentials, IWebProxy proxy, RequestCachePolicy cachePolicy)
   at System.Xml.XmlUrlResolver.GetEntity(Uri absoluteUri, String role, Type ofObjectToReturn)
   at System.Xml.XmlTextReaderImpl.FinishInitUriString()
   at System.Xml.XmlTextReaderImpl..ctor(String uriStr, XmlReaderSettings settings, XmlParserContext context, XmlResolver uriResolver)
   at System.Xml.XmlReaderSettings.CreateReader(String inputUri, XmlParserContext inputContext)
   at System.Xml.XmlReader.Create(String inputUri, XmlReaderSettings settings, XmlParserContext inputContext)
   at System.Xml.Linq.XDocument.Load(String uri, LoadOptions options)
   at Tavisca.Validation.DynamicXmlParser..ctor(String filePath)
   at Tavisca.Validation.ValidationBuilder.Build(String configFilePath)
   at Tavisca.Validation.Validation.Build(String configurationFilePath)
   at Tavisca.Catapult.External.ValidationTest.HotelBookingRequestValidationTest.InitializeValidation() in d:\Code\TOM\Catapult\Code\trunk\CatapultServices\Tavisca.Catapult.External.ValidationTest\HotelBookingRequestValidationTest.cs:line 37
</StackTrace>
        </ErrorInfo>
      </Output>
    </UnitTestResult>
    <UnitTestResult executionId="271d29da-b42b-4cbf-a13f-fd3c30e9c214" testId="533328ed-677a-8e9e-2e32-82eadda2e7ad" testName="HotelBookingRequestForHotelCodeValueContainsSpaceInValidTest" computerName="PHOENIXX" duration="00:00:00.0009591" startTime="2013-08-09T22:01:52.7703581+05:30" endTime="2013-08-09T22:01:52.7713584+05:30" testType="13cdc9d9-ddb5-4fa4-a97d-d965ccfc6d4b" outcome="Failed" testListId="8c84fa94-04c1-424b-9868-57a2d4851a1d" relativeResultsDirectory="271d29da-b42b-4cbf-a13f-fd3c30e9c214">
      <Output>
        <ErrorInfo>
          <Message>Initialization method Tavisca.Catapult.External.ValidationTest.HotelBookingRequestValidationTest.InitializeValidation threw exception. System.IO.DirectoryNotFoundException: System.IO.DirectoryNotFoundException: Could not find a part of the path 'D:\CodeBase\Catapult\trunk\CatapultServices\Tavisca.Catapult.External.ValidationTest\Validation.xml'..</Message>
          <StackTrace>    at System.IO.__Error.WinIOError(Int32 errorCode, String maybeFullPath)
   at System.IO.FileStream.Init(String path, FileMode mode, FileAccess access, Int32 rights, Boolean useRights, FileShare share, Int32 bufferSize, FileOptions options, SECURITY_ATTRIBUTES secAttrs, String msgPath, Boolean bFromProxy, Boolean useLongPath, Boolean checkHost)
   at System.IO.FileStream..ctor(String path, FileMode mode, FileAccess access, FileShare share, Int32 bufferSize)
   at System.Xml.XmlDownloadManager.GetStream(Uri uri, ICredentials credentials, IWebProxy proxy, RequestCachePolicy cachePolicy)
   at System.Xml.XmlUrlResolver.GetEntity(Uri absoluteUri, String role, Type ofObjectToReturn)
   at System.Xml.XmlTextReaderImpl.FinishInitUriString()
   at System.Xml.XmlTextReaderImpl..ctor(String uriStr, XmlReaderSettings settings, XmlParserContext context, XmlResolver uriResolver)
   at System.Xml.XmlReaderSettings.CreateReader(String inputUri, XmlParserContext inputContext)
   at System.Xml.XmlReader.Create(String inputUri, XmlReaderSettings settings, XmlParserContext inputContext)
   at System.Xml.Linq.XDocument.Load(String uri, LoadOptions options)
   at Tavisca.Validation.DynamicXmlParser..ctor(String filePath)
   at Tavisca.Validation.ValidationBuilder.Build(String configFilePath)
   at Tavisca.Validation.Validation.Build(String configurationFilePath)
   at Tavisca.Catapult.External.ValidationTest.HotelBookingRequestValidationTest.InitializeValidation() in d:\Code\TOM\Catapult\Code\trunk\CatapultServices\Tavisca.Catapult.External.ValidationTest\HotelBookingRequestValidationTest.cs:line 37
</StackTrace>
        </ErrorInfo>
      </Output>
    </UnitTestResult>
    <UnitTestResult executionId="5a9daa3b-e44f-45bb-a86b-52e80b7b1261" testId="1000fa78-db92-26d0-7688-c798050661c2" testName="HotelBookingRequestForCheckInValidTest" computerName="PHOENIXX" duration="00:00:00.0009443" startTime="2013-08-09T22:01:52.7713584+05:30" endTime="2013-08-09T22:01:52.7723587+05:30" testType="13cdc9d9-ddb5-4fa4-a97d-d965ccfc6d4b" outcome="Failed" testListId="8c84fa94-04c1-424b-9868-57a2d4851a1d" relativeResultsDirectory="5a9daa3b-e44f-45bb-a86b-52e80b7b1261">
      <Output>
        <ErrorInfo>
          <Message>Initialization method Tavisca.Catapult.External.ValidationTest.HotelBookingRequestValidationTest.InitializeValidation threw exception. System.IO.DirectoryNotFoundException: System.IO.DirectoryNotFoundException: Could not find a part of the path 'D:\CodeBase\Catapult\trunk\CatapultServices\Tavisca.Catapult.External.ValidationTest\Validation.xml'..</Message>
          <StackTrace>    at System.IO.__Error.WinIOError(Int32 errorCode, String maybeFullPath)
   at System.IO.FileStream.Init(String path, FileMode mode, FileAccess access, Int32 rights, Boolean useRights, FileShare share, Int32 bufferSize, FileOptions options, SECURITY_ATTRIBUTES secAttrs, String msgPath, Boolean bFromProxy, Boolean useLongPath, Boolean checkHost)
   at System.IO.FileStream..ctor(String path, FileMode mode, FileAccess access, FileShare share, Int32 bufferSize)
   at System.Xml.XmlDownloadManager.GetStream(Uri uri, ICredentials credentials, IWebProxy proxy, RequestCachePolicy cachePolicy)
   at System.Xml.XmlUrlResolver.GetEntity(Uri absoluteUri, String role, Type ofObjectToReturn)
   at System.Xml.XmlTextReaderImpl.FinishInitUriString()
   at System.Xml.XmlTextReaderImpl..ctor(String uriStr, XmlReaderSettings settings, XmlParserContext context, XmlResolver uriResolver)
   at System.Xml.XmlReaderSettings.CreateReader(String inputUri, XmlParserContext inputContext)
   at System.Xml.XmlReader.Create(String inputUri, XmlReaderSettings settings, XmlParserContext inputContext)
   at System.Xml.Linq.XDocument.Load(String uri, LoadOptions options)
   at Tavisca.Validation.DynamicXmlParser..ctor(String filePath)
   at Tavisca.Validation.ValidationBuilder.Build(String configFilePath)
   at Tavisca.Validation.Validation.Build(String configurationFilePath)
   at Tavisca.Catapult.External.ValidationTest.HotelBookingRequestValidationTest.InitializeValidation() in d:\Code\TOM\Catapult\Code\trunk\CatapultServices\Tavisca.Catapult.External.ValidationTest\HotelBookingRequestValidationTest.cs:line 37
</StackTrace>
        </ErrorInfo>
      </Output>
    </UnitTestResult>
    <UnitTestResult executionId="6b0021f3-12da-4a1e-ad5b-80374adf8386" testId="8ef77da2-ca21-3291-284c-5927bd8f27b3" testName="HotelBookingRequestForCheckInDateLessThanTodaysDateInValidTest" computerName="PHOENIXX" duration="00:00:00.0009405" startTime="2013-08-09T22:01:52.7723587+05:30" endTime="2013-08-09T22:01:52.7733590+05:30" testType="13cdc9d9-ddb5-4fa4-a97d-d965ccfc6d4b" outcome="Failed" testListId="8c84fa94-04c1-424b-9868-57a2d4851a1d" relativeResultsDirectory="6b0021f3-12da-4a1e-ad5b-80374adf8386">
      <Output>
        <ErrorInfo>
          <Message>Initialization method Tavisca.Catapult.External.ValidationTest.HotelBookingRequestValidationTest.InitializeValidation threw exception. System.IO.DirectoryNotFoundException: System.IO.DirectoryNotFoundException: Could not find a part of the path 'D:\CodeBase\Catapult\trunk\CatapultServices\Tavisca.Catapult.External.ValidationTest\Validation.xml'..</Message>
          <StackTrace>    at System.IO.__Error.WinIOError(Int32 errorCode, String maybeFullPath)
   at System.IO.FileStream.Init(String path, FileMode mode, FileAccess access, Int32 rights, Boolean useRights, FileShare share, Int32 bufferSize, FileOptions options, SECURITY_ATTRIBUTES secAttrs, String msgPath, Boolean bFromProxy, Boolean useLongPath, Boolean checkHost)
   at System.IO.FileStream..ctor(String path, FileMode mode, FileAccess access, FileShare share, Int32 bufferSize)
   at System.Xml.XmlDownloadManager.GetStream(Uri uri, ICredentials credentials, IWebProxy proxy, RequestCachePolicy cachePolicy)
   at System.Xml.XmlUrlResolver.GetEntity(Uri absoluteUri, String role, Type ofObjectToReturn)
   at System.Xml.XmlTextReaderImpl.FinishInitUriString()
   at System.Xml.XmlTextReaderImpl..ctor(String uriStr, XmlReaderSettings settings, XmlParserContext context, XmlResolver uriResolver)
   at System.Xml.XmlReaderSettings.CreateReader(String inputUri, XmlParserContext inputContext)
   at System.Xml.XmlReader.Create(String inputUri, XmlReaderSettings settings, XmlParserContext inputContext)
   at System.Xml.Linq.XDocument.Load(String uri, LoadOptions options)
   at Tavisca.Validation.DynamicXmlParser..ctor(String filePath)
   at Tavisca.Validation.ValidationBuilder.Build(String configFilePath)
   at Tavisca.Validation.Validation.Build(String configurationFilePath)
   at Tavisca.Catapult.External.ValidationTest.HotelBookingRequestValidationTest.InitializeValidation() in d:\Code\TOM\Catapult\Code\trunk\CatapultServices\Tavisca.Catapult.External.ValidationTest\HotelBookingRequestValidationTest.cs:line 37
</StackTrace>
        </ErrorInfo>
      </Output>
    </UnitTestResult>
    <UnitTestResult executionId="3ee40e41-983e-4c71-9a45-642cbd7249a0" testId="dd54580c-c152-a251-13f3-9e9363790b6b" testName="HotelBookingRequestForCheckInDateOneYearAdvanceCheckInInValidTest" computerName="PHOENIXX" duration="00:00:00.0009424" startTime="2013-08-09T22:01:52.7733590+05:30" endTime="2013-08-09T22:01:52.7743593+05:30" testType="13cdc9d9-ddb5-4fa4-a97d-d965ccfc6d4b" outcome="Failed" testListId="8c84fa94-04c1-424b-9868-57a2d4851a1d" relativeResultsDirectory="3ee40e41-983e-4c71-9a45-642cbd7249a0">
      <Output>
        <ErrorInfo>
          <Message>Initialization method Tavisca.Catapult.External.ValidationTest.HotelBookingRequestValidationTest.InitializeValidation threw exception. System.IO.DirectoryNotFoundException: System.IO.DirectoryNotFoundException: Could not find a part of the path 'D:\CodeBase\Catapult\trunk\CatapultServices\Tavisca.Catapult.External.ValidationTest\Validation.xml'..</Message>
          <StackTrace>    at System.IO.__Error.WinIOError(Int32 errorCode, String maybeFullPath)
   at System.IO.FileStream.Init(String path, FileMode mode, FileAccess access, Int32 rights, Boolean useRights, FileShare share, Int32 bufferSize, FileOptions options, SECURITY_ATTRIBUTES secAttrs, String msgPath, Boolean bFromProxy, Boolean useLongPath, Boolean checkHost)
   at System.IO.FileStream..ctor(String path, FileMode mode, FileAccess access, FileShare share, Int32 bufferSize)
   at System.Xml.XmlDownloadManager.GetStream(Uri uri, ICredentials credentials, IWebProxy proxy, RequestCachePolicy cachePolicy)
   at System.Xml.XmlUrlResolver.GetEntity(Uri absoluteUri, String role, Type ofObjectToReturn)
   at System.Xml.XmlTextReaderImpl.FinishInitUriString()
   at System.Xml.XmlTextReaderImpl..ctor(String uriStr, XmlReaderSettings settings, XmlParserContext context, XmlResolver uriResolver)
   at System.Xml.XmlReaderSettings.CreateReader(String inputUri, XmlParserContext inputContext)
   at System.Xml.XmlReader.Create(String inputUri, XmlReaderSettings settings, XmlParserContext inputContext)
   at System.Xml.Linq.XDocument.Load(String uri, LoadOptions options)
   at Tavisca.Validation.DynamicXmlParser..ctor(String filePath)
   at Tavisca.Validation.ValidationBuilder.Build(String configFilePath)
   at Tavisca.Validation.Validation.Build(String configurationFilePath)
   at Tavisca.Catapult.External.ValidationTest.HotelBookingRequestValidationTest.InitializeValidation() in d:\Code\TOM\Catapult\Code\trunk\CatapultServices\Tavisca.Catapult.External.ValidationTest\HotelBookingRequestValidationTest.cs:line 37
</StackTrace>
        </ErrorInfo>
      </Output>
    </UnitTestResult>
    <UnitTestResult executionId="c69f2193-8ac6-48fe-bc63-b765172a9cb9" testId="5dd03c65-ceb5-3fc5-54f5-b171074aa83e" testName="HotelBookingRequestForCheckOutValidTest" computerName="PHOENIXX" duration="00:00:00.0009386" startTime="2013-08-09T22:01:52.7743593+05:30" endTime="2013-08-09T22:01:52.7763599+05:30" testType="13cdc9d9-ddb5-4fa4-a97d-d965ccfc6d4b" outcome="Failed" testListId="8c84fa94-04c1-424b-9868-57a2d4851a1d" relativeResultsDirectory="c69f2193-8ac6-48fe-bc63-b765172a9cb9">
      <Output>
        <ErrorInfo>
          <Message>Initialization method Tavisca.Catapult.External.ValidationTest.HotelBookingRequestValidationTest.InitializeValidation threw exception. System.IO.DirectoryNotFoundException: System.IO.DirectoryNotFoundException: Could not find a part of the path 'D:\CodeBase\Catapult\trunk\CatapultServices\Tavisca.Catapult.External.ValidationTest\Validation.xml'..</Message>
          <StackTrace>    at System.IO.__Error.WinIOError(Int32 errorCode, String maybeFullPath)
   at System.IO.FileStream.Init(String path, FileMode mode, FileAccess access, Int32 rights, Boolean useRights, FileShare share, Int32 bufferSize, FileOptions options, SECURITY_ATTRIBUTES secAttrs, String msgPath, Boolean bFromProxy, Boolean useLongPath, Boolean checkHost)
   at System.IO.FileStream..ctor(String path, FileMode mode, FileAccess access, FileShare share, Int32 bufferSize)
   at System.Xml.XmlDownloadManager.GetStream(Uri uri, ICredentials credentials, IWebProxy proxy, RequestCachePolicy cachePolicy)
   at System.Xml.XmlUrlResolver.GetEntity(Uri absoluteUri, String role, Type ofObjectToReturn)
   at System.Xml.XmlTextReaderImpl.FinishInitUriString()
   at System.Xml.XmlTextReaderImpl..ctor(String uriStr, XmlReaderSettings settings, XmlParserContext context, XmlResolver uriResolver)
   at System.Xml.XmlReaderSettings.CreateReader(String inputUri, XmlParserContext inputContext)
   at System.Xml.XmlReader.Create(String inputUri, XmlReaderSettings settings, XmlParserContext inputContext)
   at System.Xml.Linq.XDocument.Load(String uri, LoadOptions options)
   at Tavisca.Validation.DynamicXmlParser..ctor(String filePath)
   at Tavisca.Validation.ValidationBuilder.Build(String configFilePath)
   at Tavisca.Validation.Validation.Build(String configurationFilePath)
   at Tavisca.Catapult.External.ValidationTest.HotelBookingRequestValidationTest.InitializeValidation() in d:\Code\TOM\Catapult\Code\trunk\CatapultServices\Tavisca.Catapult.External.ValidationTest\HotelBookingRequestValidationTest.cs:line 37
</StackTrace>
        </ErrorInfo>
      </Output>
    </UnitTestResult>
    <UnitTestResult executionId="e9f98747-c223-4674-adcb-7cccfaf3ffba" testId="cc230243-1ed4-7981-4f6b-12a6e3499def" testName="HotelBookingRequestForCheckOutOnTodayInValidTest" computerName="PHOENIXX" duration="00:00:00.0009706" startTime="2013-08-09T22:01:52.7763599+05:30" endTime="2013-08-09T22:01:52.7773602+05:30" testType="13cdc9d9-ddb5-4fa4-a97d-d965ccfc6d4b" outcome="Failed" testListId="8c84fa94-04c1-424b-9868-57a2d4851a1d" relativeResultsDirectory="e9f98747-c223-4674-adcb-7cccfaf3ffba">
      <Output>
        <ErrorInfo>
          <Message>Initialization method Tavisca.Catapult.External.ValidationTest.HotelBookingRequestValidationTest.InitializeValidation threw exception. System.IO.DirectoryNotFoundException: System.IO.DirectoryNotFoundException: Could not find a part of the path 'D:\CodeBase\Catapult\trunk\CatapultServices\Tavisca.Catapult.External.ValidationTest\Validation.xml'..</Message>
          <StackTrace>    at System.IO.__Error.WinIOError(Int32 errorCode, String maybeFullPath)
   at System.IO.FileStream.Init(String path, FileMode mode, FileAccess access, Int32 rights, Boolean useRights, FileShare share, Int32 bufferSize, FileOptions options, SECURITY_ATTRIBUTES secAttrs, String msgPath, Boolean bFromProxy, Boolean useLongPath, Boolean checkHost)
   at System.IO.FileStream..ctor(String path, FileMode mode, FileAccess access, FileShare share, Int32 bufferSize)
   at System.Xml.XmlDownloadManager.GetStream(Uri uri, ICredentials credentials, IWebProxy proxy, RequestCachePolicy cachePolicy)
   at System.Xml.XmlUrlResolver.GetEntity(Uri absoluteUri, String role, Type ofObjectToReturn)
   at System.Xml.XmlTextReaderImpl.FinishInitUriString()
   at System.Xml.XmlTextReaderImpl..ctor(String uriStr, XmlReaderSettings settings, XmlParserContext context, XmlResolver uriResolver)
   at System.Xml.XmlReaderSettings.CreateReader(String inputUri, XmlParserContext inputContext)
   at System.Xml.XmlReader.Create(String inputUri, XmlReaderSettings settings, XmlParserContext inputContext)
   at System.Xml.Linq.XDocument.Load(String uri, LoadOptions options)
   at Tavisca.Validation.DynamicXmlParser..ctor(String filePath)
   at Tavisca.Validation.ValidationBuilder.Build(String configFilePath)
   at Tavisca.Validation.Validation.Build(String configurationFilePath)
   at Tavisca.Catapult.External.ValidationTest.HotelBookingRequestValidationTest.InitializeValidation() in d:\Code\TOM\Catapult\Code\trunk\CatapultServices\Tavisca.Catapult.External.ValidationTest\HotelBookingRequestValidationTest.cs:line 37
</StackTrace>
        </ErrorInfo>
      </Output>
    </UnitTestResult>
    <UnitTestResult executionId="04daf43a-11ab-4b1a-b095-6484360d08ad" testId="8470b692-44ab-1b80-61a1-9a1fb7a60843" testName="HotelBookingRequestForRoomsRateCodeInformationValueIsNullInValidTest" computerName="PHOENIXX" duration="00:00:00.0009424" startTime="2013-08-09T22:01:52.7773602+05:30" endTime="2013-08-09T22:01:52.7783605+05:30" testType="13cdc9d9-ddb5-4fa4-a97d-d965ccfc6d4b" outcome="Failed" testListId="8c84fa94-04c1-424b-9868-57a2d4851a1d" relativeResultsDirectory="04daf43a-11ab-4b1a-b095-6484360d08ad">
      <Output>
        <ErrorInfo>
          <Message>Initialization method Tavisca.Catapult.External.ValidationTest.HotelBookingRequestValidationTest.InitializeValidation threw exception. System.IO.DirectoryNotFoundException: System.IO.DirectoryNotFoundException: Could not find a part of the path 'D:\CodeBase\Catapult\trunk\CatapultServices\Tavisca.Catapult.External.ValidationTest\Validation.xml'..</Message>
          <StackTrace>    at System.IO.__Error.WinIOError(Int32 errorCode, String maybeFullPath)
   at System.IO.FileStream.Init(String path, FileMode mode, FileAccess access, Int32 rights, Boolean useRights, FileShare share, Int32 bufferSize, FileOptions options, SECURITY_ATTRIBUTES secAttrs, String msgPath, Boolean bFromProxy, Boolean useLongPath, Boolean checkHost)
   at System.IO.FileStream..ctor(String path, FileMode mode, FileAccess access, FileShare share, Int32 bufferSize)
   at System.Xml.XmlDownloadManager.GetStream(Uri uri, ICredentials credentials, IWebProxy proxy, RequestCachePolicy cachePolicy)
   at System.Xml.XmlUrlResolver.GetEntity(Uri absoluteUri, String role, Type ofObjectToReturn)
   at System.Xml.XmlTextReaderImpl.FinishInitUriString()
   at System.Xml.XmlTextReaderImpl..ctor(String uriStr, XmlReaderSettings settings, XmlParserContext context, XmlResolver uriResolver)
   at System.Xml.XmlReaderSettings.CreateReader(String inputUri, XmlParserContext inputContext)
   at System.Xml.XmlReader.Create(String inputUri, XmlReaderSettings settings, XmlParserContext inputContext)
   at System.Xml.Linq.XDocument.Load(String uri, LoadOptions options)
   at Tavisca.Validation.DynamicXmlParser..ctor(String filePath)
   at Tavisca.Validation.ValidationBuilder.Build(String configFilePath)
   at Tavisca.Validation.Validation.Build(String configurationFilePath)
   at Tavisca.Catapult.External.ValidationTest.HotelBookingRequestValidationTest.InitializeValidation() in d:\Code\TOM\Catapult\Code\trunk\CatapultServices\Tavisca.Catapult.External.ValidationTest\HotelBookingRequestValidationTest.cs:line 37
</StackTrace>
        </ErrorInfo>
      </Output>
    </UnitTestResult>
    <UnitTestResult executionId="66643f83-fed8-4c5d-9938-b2eb96f06c9b" testId="c7484e1b-a791-5af3-0f7e-a12a66788d1f" testName="HotelBookingRequestForRoomsRateCodeInformationValueIsEmptyListInValidTest" computerName="PHOENIXX" duration="00:00:00.0009360" startTime="2013-08-09T22:01:52.7783605+05:30" endTime="2013-08-09T22:01:52.7793608+05:30" testType="13cdc9d9-ddb5-4fa4-a97d-d965ccfc6d4b" outcome="Failed" testListId="8c84fa94-04c1-424b-9868-57a2d4851a1d" relativeResultsDirectory="66643f83-fed8-4c5d-9938-b2eb96f06c9b">
      <Output>
        <ErrorInfo>
          <Message>Initialization method Tavisca.Catapult.External.ValidationTest.HotelBookingRequestValidationTest.InitializeValidation threw exception. System.IO.DirectoryNotFoundException: System.IO.DirectoryNotFoundException: Could not find a part of the path 'D:\CodeBase\Catapult\trunk\CatapultServices\Tavisca.Catapult.External.ValidationTest\Validation.xml'..</Message>
          <StackTrace>    at System.IO.__Error.WinIOError(Int32 errorCode, String maybeFullPath)
   at System.IO.FileStream.Init(String path, FileMode mode, FileAccess access, Int32 rights, Boolean useRights, FileShare share, Int32 bufferSize, FileOptions options, SECURITY_ATTRIBUTES secAttrs, String msgPath, Boolean bFromProxy, Boolean useLongPath, Boolean checkHost)
   at System.IO.FileStream..ctor(String path, FileMode mode, FileAccess access, FileShare share, Int32 bufferSize)
   at System.Xml.XmlDownloadManager.GetStream(Uri uri, ICredentials credentials, IWebProxy proxy, RequestCachePolicy cachePolicy)
   at System.Xml.XmlUrlResolver.GetEntity(Uri absoluteUri, String role, Type ofObjectToReturn)
   at System.Xml.XmlTextReaderImpl.FinishInitUriString()
   at System.Xml.XmlTextReaderImpl..ctor(String uriStr, XmlReaderSettings settings, XmlParserContext context, XmlResolver uriResolver)
   at System.Xml.XmlReaderSettings.CreateReader(String inputUri, XmlParserContext inputContext)
   at System.Xml.XmlReader.Create(String inputUri, XmlReaderSettings settings, XmlParserContext inputContext)
   at System.Xml.Linq.XDocument.Load(String uri, LoadOptions options)
   at Tavisca.Validation.DynamicXmlParser..ctor(String filePath)
   at Tavisca.Validation.ValidationBuilder.Build(String configFilePath)
   at Tavisca.Validation.Validation.Build(String configurationFilePath)
   at Tavisca.Catapult.External.ValidationTest.HotelBookingRequestValidationTest.InitializeValidation() in d:\Code\TOM\Catapult\Code\trunk\CatapultServices\Tavisca.Catapult.External.ValidationTest\HotelBookingRequestValidationTest.cs:line 37
</StackTrace>
        </ErrorInfo>
      </Output>
    </UnitTestResult>
    <UnitTestResult executionId="60f57487-7e2a-4e32-b620-cb825012d4b3" testId="de70947e-c144-0bd6-82cb-3da3109a980f" testName="HotelBookingRequestForPassengerListIsNullInValidTest" computerName="PHOENIXX" duration="00:00:00.0009623" startTime="2013-08-09T22:01:52.7793608+05:30" endTime="2013-08-09T22:01:52.7803611+05:30" testType="13cdc9d9-ddb5-4fa4-a97d-d965ccfc6d4b" outcome="Failed" testListId="8c84fa94-04c1-424b-9868-57a2d4851a1d" relativeResultsDirectory="60f57487-7e2a-4e32-b620-cb825012d4b3">
      <Output>
        <ErrorInfo>
          <Message>Initialization method Tavisca.Catapult.External.ValidationTest.HotelBookingRequestValidationTest.InitializeValidation threw exception. System.IO.DirectoryNotFoundException: System.IO.DirectoryNotFoundException: Could not find a part of the path 'D:\CodeBase\Catapult\trunk\CatapultServices\Tavisca.Catapult.External.ValidationTest\Validation.xml'..</Message>
          <StackTrace>    at System.IO.__Error.WinIOError(Int32 errorCode, String maybeFullPath)
   at System.IO.FileStream.Init(String path, FileMode mode, FileAccess access, Int32 rights, Boolean useRights, FileShare share, Int32 bufferSize, FileOptions options, SECURITY_ATTRIBUTES secAttrs, String msgPath, Boolean bFromProxy, Boolean useLongPath, Boolean checkHost)
   at System.IO.FileStream..ctor(String path, FileMode mode, FileAccess access, FileShare share, Int32 bufferSize)
   at System.Xml.XmlDownloadManager.GetStream(Uri uri, ICredentials credentials, IWebProxy proxy, RequestCachePolicy cachePolicy)
   at System.Xml.XmlUrlResolver.GetEntity(Uri absoluteUri, String role, Type ofObjectToReturn)
   at System.Xml.XmlTextReaderImpl.FinishInitUriString()
   at System.Xml.XmlTextReaderImpl..ctor(String uriStr, XmlReaderSettings settings, XmlParserContext context, XmlResolver uriResolver)
   at System.Xml.XmlReaderSettings.CreateReader(String inputUri, XmlParserContext inputContext)
   at System.Xml.XmlReader.Create(String inputUri, XmlReaderSettings settings, XmlParserContext inputContext)
   at System.Xml.Linq.XDocument.Load(String uri, LoadOptions options)
   at Tavisca.Validation.DynamicXmlParser..ctor(String filePath)
   at Tavisca.Validation.ValidationBuilder.Build(String configFilePath)
   at Tavisca.Validation.Validation.Build(String configurationFilePath)
   at Tavisca.Catapult.External.ValidationTest.HotelBookingRequestValidationTest.InitializeValidation() in d:\Code\TOM\Catapult\Code\trunk\CatapultServices\Tavisca.Catapult.External.ValidationTest\HotelBookingRequestValidationTest.cs:line 37
</StackTrace>
        </ErrorInfo>
      </Output>
    </UnitTestResult>
    <UnitTestResult executionId="2f29f9ad-66bd-4937-8223-d23e5d292528" testId="00a3d9f3-bf02-03d3-8b50-0125e8430370" testName="HotelBookingRequestForPassengerListIsEmptyListInValidTest" computerName="PHOENIXX" duration="00:00:00.0010970" startTime="2013-08-09T22:01:52.7803611+05:30" endTime="2013-08-09T22:01:52.7813614+05:30" testType="13cdc9d9-ddb5-4fa4-a97d-d965ccfc6d4b" outcome="Failed" testListId="8c84fa94-04c1-424b-9868-57a2d4851a1d" relativeResultsDirectory="2f29f9ad-66bd-4937-8223-d23e5d292528">
      <Output>
        <ErrorInfo>
          <Message>Initialization method Tavisca.Catapult.External.ValidationTest.HotelBookingRequestValidationTest.InitializeValidation threw exception. System.IO.DirectoryNotFoundException: System.IO.DirectoryNotFoundException: Could not find a part of the path 'D:\CodeBase\Catapult\trunk\CatapultServices\Tavisca.Catapult.External.ValidationTest\Validation.xml'..</Message>
          <StackTrace>    at System.IO.__Error.WinIOError(Int32 errorCode, String maybeFullPath)
   at System.IO.FileStream.Init(String path, FileMode mode, FileAccess access, Int32 rights, Boolean useRights, FileShare share, Int32 bufferSize, FileOptions options, SECURITY_ATTRIBUTES secAttrs, String msgPath, Boolean bFromProxy, Boolean useLongPath, Boolean checkHost)
   at System.IO.FileStream..ctor(String path, FileMode mode, FileAccess access, FileShare share, Int32 bufferSize)
   at System.Xml.XmlDownloadManager.GetStream(Uri uri, ICredentials credentials, IWebProxy proxy, RequestCachePolicy cachePolicy)
   at System.Xml.XmlUrlResolver.GetEntity(Uri absoluteUri, String role, Type ofObjectToReturn)
   at System.Xml.XmlTextReaderImpl.FinishInitUriString()
   at System.Xml.XmlTextReaderImpl..ctor(String uriStr, XmlReaderSettings settings, XmlParserContext context, XmlResolver uriResolver)
   at System.Xml.XmlReaderSettings.CreateReader(String inputUri, XmlParserContext inputContext)
   at System.Xml.XmlReader.Create(String inputUri, XmlReaderSettings settings, XmlParserContext inputContext)
   at System.Xml.Linq.XDocument.Load(String uri, LoadOptions options)
   at Tavisca.Validation.DynamicXmlParser..ctor(String filePath)
   at Tavisca.Validation.ValidationBuilder.Build(String configFilePath)
   at Tavisca.Validation.Validation.Build(String configurationFilePath)
   at Tavisca.Catapult.External.ValidationTest.HotelBookingRequestValidationTest.InitializeValidation() in d:\Code\TOM\Catapult\Code\trunk\CatapultServices\Tavisca.Catapult.External.ValidationTest\HotelBookingRequestValidationTest.cs:line 37
</StackTrace>
        </ErrorInfo>
      </Output>
    </UnitTestResult>
    <UnitTestResult executionId="d5930069-cc75-45a2-904a-6cc44809620e" testId="274bad24-8123-84d1-2253-deb106b6d76a" testName="HotelBookingRetrieveRequestValidTest" computerName="PHOENIXX" duration="00:00:00.0012375" startTime="2013-08-09T22:01:52.7813614+05:30" endTime="2013-08-09T22:01:52.7833620+05:30" testType="13cdc9d9-ddb5-4fa4-a97d-d965ccfc6d4b" outcome="Failed" testListId="8c84fa94-04c1-424b-9868-57a2d4851a1d" relativeResultsDirectory="d5930069-cc75-45a2-904a-6cc44809620e">
      <Output>
        <ErrorInfo>
          <Message>Initialization method Tavisca.Catapult.External.ValidationTest.HotelBookingRetrieveRequestValidationTest.InitializeValidation threw exception. System.IO.DirectoryNotFoundException: System.IO.DirectoryNotFoundException: Could not find a part of the path 'D:\CodeBase\Catapult\trunk\CatapultServices\Tavisca.Catapult.External.ValidationTest\Validation.xml'..</Message>
          <StackTrace>    at System.IO.__Error.WinIOError(Int32 errorCode, String maybeFullPath)
   at System.IO.FileStream.Init(String path, FileMode mode, FileAccess access, Int32 rights, Boolean useRights, FileShare share, Int32 bufferSize, FileOptions options, SECURITY_ATTRIBUTES secAttrs, String msgPath, Boolean bFromProxy, Boolean useLongPath, Boolean checkHost)
   at System.IO.FileStream..ctor(String path, FileMode mode, FileAccess access, FileShare share, Int32 bufferSize)
   at System.Xml.XmlDownloadManager.GetStream(Uri uri, ICredentials credentials, IWebProxy proxy, RequestCachePolicy cachePolicy)
   at System.Xml.XmlUrlResolver.GetEntity(Uri absoluteUri, String role, Type ofObjectToReturn)
   at System.Xml.XmlTextReaderImpl.FinishInitUriString()
   at System.Xml.XmlTextReaderImpl..ctor(String uriStr, XmlReaderSettings settings, XmlParserContext context, XmlResolver uriResolver)
   at System.Xml.XmlReaderSettings.CreateReader(String inputUri, XmlParserContext inputContext)
   at System.Xml.XmlReader.Create(String inputUri, XmlReaderSettings settings, XmlParserContext inputContext)
   at System.Xml.Linq.XDocument.Load(String uri, LoadOptions options)
   at Tavisca.Validation.DynamicXmlParser..ctor(String filePath)
   at Tavisca.Validation.ValidationBuilder.Build(String configFilePath)
   at Tavisca.Validation.Validation.Build(String configurationFilePath)
   at Tavisca.Catapult.External.ValidationTest.HotelBookingRetrieveRequestValidationTest.InitializeValidation() in d:\Code\TOM\Catapult\Code\trunk\CatapultServices\Tavisca.Catapult.External.ValidationTest\HotelBookingRetrieveRequestValidationTest.cs:line 35
</StackTrace>
        </ErrorInfo>
      </Output>
    </UnitTestResult>
    <UnitTestResult executionId="4bb1eac7-aab8-4555-ab52-d53a3f5428a4" testId="4bd1b4ed-7709-cf75-abe7-e73b3a177485" testName="HotelBookingRetrieveRequestForOrderCodeValueIsNullInValidTest" computerName="PHOENIXX" duration="00:00:00.0010553" startTime="2013-08-09T22:01:52.7833620+05:30" endTime="2013-08-09T22:01:52.7843623+05:30" testType="13cdc9d9-ddb5-4fa4-a97d-d965ccfc6d4b" outcome="Failed" testListId="8c84fa94-04c1-424b-9868-57a2d4851a1d" relativeResultsDirectory="4bb1eac7-aab8-4555-ab52-d53a3f5428a4">
      <Output>
        <ErrorInfo>
          <Message>Initialization method Tavisca.Catapult.External.ValidationTest.HotelBookingRetrieveRequestValidationTest.InitializeValidation threw exception. System.IO.DirectoryNotFoundException: System.IO.DirectoryNotFoundException: Could not find a part of the path 'D:\CodeBase\Catapult\trunk\CatapultServices\Tavisca.Catapult.External.ValidationTest\Validation.xml'..</Message>
          <StackTrace>    at System.IO.__Error.WinIOError(Int32 errorCode, String maybeFullPath)
   at System.IO.FileStream.Init(String path, FileMode mode, FileAccess access, Int32 rights, Boolean useRights, FileShare share, Int32 bufferSize, FileOptions options, SECURITY_ATTRIBUTES secAttrs, String msgPath, Boolean bFromProxy, Boolean useLongPath, Boolean checkHost)
   at System.IO.FileStream..ctor(String path, FileMode mode, FileAccess access, FileShare share, Int32 bufferSize)
   at System.Xml.XmlDownloadManager.GetStream(Uri uri, ICredentials credentials, IWebProxy proxy, RequestCachePolicy cachePolicy)
   at System.Xml.XmlUrlResolver.GetEntity(Uri absoluteUri, String role, Type ofObjectToReturn)
   at System.Xml.XmlTextReaderImpl.FinishInitUriString()
   at System.Xml.XmlTextReaderImpl..ctor(String uriStr, XmlReaderSettings settings, XmlParserContext context, XmlResolver uriResolver)
   at System.Xml.XmlReaderSettings.CreateReader(String inputUri, XmlParserContext inputContext)
   at System.Xml.XmlReader.Create(String inputUri, XmlReaderSettings settings, XmlParserContext inputContext)
   at System.Xml.Linq.XDocument.Load(String uri, LoadOptions options)
   at Tavisca.Validation.DynamicXmlParser..ctor(String filePath)
   at Tavisca.Validation.ValidationBuilder.Build(String configFilePath)
   at Tavisca.Validation.Validation.Build(String configurationFilePath)
   at Tavisca.Catapult.External.ValidationTest.HotelBookingRetrieveRequestValidationTest.InitializeValidation() in d:\Code\TOM\Catapult\Code\trunk\CatapultServices\Tavisca.Catapult.External.ValidationTest\HotelBookingRetrieveRequestValidationTest.cs:line 35
</StackTrace>
        </ErrorInfo>
      </Output>
    </UnitTestResult>
    <UnitTestResult executionId="83208ff4-7373-4834-bd9a-c0adc935aa83" testId="590596af-0c14-c7f5-f9eb-c5b7776d8bcf" testName="HotelBookingRetrieveRequestForOrderCodeValueIsEmptyInValidTest" computerName="PHOENIXX" duration="00:00:00.0009623" startTime="2013-08-09T22:01:52.7843623+05:30" endTime="2013-08-09T22:01:52.7853626+05:30" testType="13cdc9d9-ddb5-4fa4-a97d-d965ccfc6d4b" outcome="Failed" testListId="8c84fa94-04c1-424b-9868-57a2d4851a1d" relativeResultsDirectory="83208ff4-7373-4834-bd9a-c0adc935aa83">
      <Output>
        <ErrorInfo>
          <Message>Initialization method Tavisca.Catapult.External.ValidationTest.HotelBookingRetrieveRequestValidationTest.InitializeValidation threw exception. System.IO.DirectoryNotFoundException: System.IO.DirectoryNotFoundException: Could not find a part of the path 'D:\CodeBase\Catapult\trunk\CatapultServices\Tavisca.Catapult.External.ValidationTest\Validation.xml'..</Message>
          <StackTrace>    at System.IO.__Error.WinIOError(Int32 errorCode, String maybeFullPath)
   at System.IO.FileStream.Init(String path, FileMode mode, FileAccess access, Int32 rights, Boolean useRights, FileShare share, Int32 bufferSize, FileOptions options, SECURITY_ATTRIBUTES secAttrs, String msgPath, Boolean bFromProxy, Boolean useLongPath, Boolean checkHost)
   at System.IO.FileStream..ctor(String path, FileMode mode, FileAccess access, FileShare share, Int32 bufferSize)
   at System.Xml.XmlDownloadManager.GetStream(Uri uri, ICredentials credentials, IWebProxy proxy, RequestCachePolicy cachePolicy)
   at System.Xml.XmlUrlResolver.GetEntity(Uri absoluteUri, String role, Type ofObjectToReturn)
   at System.Xml.XmlTextReaderImpl.FinishInitUriString()
   at System.Xml.XmlTextReaderImpl..ctor(String uriStr, XmlReaderSettings settings, XmlParserContext context, XmlResolver uriResolver)
   at System.Xml.XmlReaderSettings.CreateReader(String inputUri, XmlParserContext inputContext)
   at System.Xml.XmlReader.Create(String inputUri, XmlReaderSettings settings, XmlParserContext inputContext)
   at System.Xml.Linq.XDocument.Load(String uri, LoadOptions options)
   at Tavisca.Validation.DynamicXmlParser..ctor(String filePath)
   at Tavisca.Validation.ValidationBuilder.Build(String configFilePath)
   at Tavisca.Validation.Validation.Build(String configurationFilePath)
   at Tavisca.Catapult.External.ValidationTest.HotelBookingRetrieveRequestValidationTest.InitializeValidation() in d:\Code\TOM\Catapult\Code\trunk\CatapultServices\Tavisca.Catapult.External.ValidationTest\HotelBookingRetrieveRequestValidationTest.cs:line 35
</StackTrace>
        </ErrorInfo>
      </Output>
    </UnitTestResult>
    <UnitTestResult executionId="d5600f15-7ee6-41db-92c3-8cd949be34d0" testId="4c81cfca-acde-d93e-8514-a5400e210e83" testName="HotelBookingRetrieveRequestForOrderCodeValueAlphaNumericInValidTest" computerName="PHOENIXX" duration="00:00:00.0012465" startTime="2013-08-09T22:01:52.7853626+05:30" endTime="2013-08-09T22:01:52.7873632+05:30" testType="13cdc9d9-ddb5-4fa4-a97d-d965ccfc6d4b" outcome="Failed" testListId="8c84fa94-04c1-424b-9868-57a2d4851a1d" relativeResultsDirectory="d5600f15-7ee6-41db-92c3-8cd949be34d0">
      <Output>
        <ErrorInfo>
          <Message>Initialization method Tavisca.Catapult.External.ValidationTest.HotelBookingRetrieveRequestValidationTest.InitializeValidation threw exception. System.IO.DirectoryNotFoundException: System.IO.DirectoryNotFoundException: Could not find a part of the path 'D:\CodeBase\Catapult\trunk\CatapultServices\Tavisca.Catapult.External.ValidationTest\Validation.xml'..</Message>
          <StackTrace>    at System.IO.__Error.WinIOError(Int32 errorCode, String maybeFullPath)
   at System.IO.FileStream.Init(String path, FileMode mode, FileAccess access, Int32 rights, Boolean useRights, FileShare share, Int32 bufferSize, FileOptions options, SECURITY_ATTRIBUTES secAttrs, String msgPath, Boolean bFromProxy, Boolean useLongPath, Boolean checkHost)
   at System.IO.FileStream..ctor(String path, FileMode mode, FileAccess access, FileShare share, Int32 bufferSize)
   at System.Xml.XmlDownloadManager.GetStream(Uri uri, ICredentials credentials, IWebProxy proxy, RequestCachePolicy cachePolicy)
   at System.Xml.XmlUrlResolver.GetEntity(Uri absoluteUri, String role, Type ofObjectToReturn)
   at System.Xml.XmlTextReaderImpl.FinishInitUriString()
   at System.Xml.XmlTextReaderImpl..ctor(String uriStr, XmlReaderSettings settings, XmlParserContext context, XmlResolver uriResolver)
   at System.Xml.XmlReaderSettings.CreateReader(String inputUri, XmlParserContext inputContext)
   at System.Xml.XmlReader.Create(String inputUri, XmlReaderSettings settings, XmlParserContext inputContext)
   at System.Xml.Linq.XDocument.Load(String uri, LoadOptions options)
   at Tavisca.Validation.DynamicXmlParser..ctor(String filePath)
   at Tavisca.Validation.ValidationBuilder.Build(String configFilePath)
   at Tavisca.Validation.Validation.Build(String configurationFilePath)
   at Tavisca.Catapult.External.ValidationTest.HotelBookingRetrieveRequestValidationTest.InitializeValidation() in d:\Code\TOM\Catapult\Code\trunk\CatapultServices\Tavisca.Catapult.External.ValidationTest\HotelBookingRetrieveRequestValidationTest.cs:line 35
</StackTrace>
        </ErrorInfo>
      </Output>
    </UnitTestResult>
    <UnitTestResult executionId="b1f7e2c9-4de4-4420-baed-a377ea7f7a8b" testId="59178aca-bac1-05e6-800d-c621e761e052" testName="HotelBookingRetrieveRequestForOrderCodeValueContainsSpaceInValidTest" computerName="PHOENIXX" duration="00:00:00.0009450" startTime="2013-08-09T22:01:52.7873632+05:30" endTime="2013-08-09T22:01:52.7883635+05:30" testType="13cdc9d9-ddb5-4fa4-a97d-d965ccfc6d4b" outcome="Failed" testListId="8c84fa94-04c1-424b-9868-57a2d4851a1d" relativeResultsDirectory="b1f7e2c9-4de4-4420-baed-a377ea7f7a8b">
      <Output>
        <ErrorInfo>
          <Message>Initialization method Tavisca.Catapult.External.ValidationTest.HotelBookingRetrieveRequestValidationTest.InitializeValidation threw exception. System.IO.DirectoryNotFoundException: System.IO.DirectoryNotFoundException: Could not find a part of the path 'D:\CodeBase\Catapult\trunk\CatapultServices\Tavisca.Catapult.External.ValidationTest\Validation.xml'..</Message>
          <StackTrace>    at System.IO.__Error.WinIOError(Int32 errorCode, String maybeFullPath)
   at System.IO.FileStream.Init(String path, FileMode mode, FileAccess access, Int32 rights, Boolean useRights, FileShare share, Int32 bufferSize, FileOptions options, SECURITY_ATTRIBUTES secAttrs, String msgPath, Boolean bFromProxy, Boolean useLongPath, Boolean checkHost)
   at System.IO.FileStream..ctor(String path, FileMode mode, FileAccess access, FileShare share, Int32 bufferSize)
   at System.Xml.XmlDownloadManager.GetStream(Uri uri, ICredentials credentials, IWebProxy proxy, RequestCachePolicy cachePolicy)
   at System.Xml.XmlUrlResolver.GetEntity(Uri absoluteUri, String role, Type ofObjectToReturn)
   at System.Xml.XmlTextReaderImpl.FinishInitUriString()
   at System.Xml.XmlTextReaderImpl..ctor(String uriStr, XmlReaderSettings settings, XmlParserContext context, XmlResolver uriResolver)
   at System.Xml.XmlReaderSettings.CreateReader(String inputUri, XmlParserContext inputContext)
   at System.Xml.XmlReader.Create(String inputUri, XmlReaderSettings settings, XmlParserContext inputContext)
   at System.Xml.Linq.XDocument.Load(String uri, LoadOptions options)
   at Tavisca.Validation.DynamicXmlParser..ctor(String filePath)
   at Tavisca.Validation.ValidationBuilder.Build(String configFilePath)
   at Tavisca.Validation.Validation.Build(String configurationFilePath)
   at Tavisca.Catapult.External.ValidationTest.HotelBookingRetrieveRequestValidationTest.InitializeValidation() in d:\Code\TOM\Catapult\Code\trunk\CatapultServices\Tavisca.Catapult.External.ValidationTest\HotelBookingRetrieveRequestValidationTest.cs:line 35
</StackTrace>
        </ErrorInfo>
      </Output>
    </UnitTestResult>
    <UnitTestResult executionId="97c467ca-7e84-4e6a-a5b4-6d5732d6711f" testId="1c30259b-7e0f-b0a6-8a00-13abf7d79998" testName="HotelBookingRetrieveRequestForOrderCodeValueContainsSpecialCharInValidTest" computerName="PHOENIXX" duration="00:00:00.0010611" startTime="2013-08-09T22:01:52.7883635+05:30" endTime="2013-08-09T22:01:52.7893638+05:30" testType="13cdc9d9-ddb5-4fa4-a97d-d965ccfc6d4b" outcome="Failed" testListId="8c84fa94-04c1-424b-9868-57a2d4851a1d" relativeResultsDirectory="97c467ca-7e84-4e6a-a5b4-6d5732d6711f">
      <Output>
        <ErrorInfo>
          <Message>Initialization method Tavisca.Catapult.External.ValidationTest.HotelBookingRetrieveRequestValidationTest.InitializeValidation threw exception. System.IO.DirectoryNotFoundException: System.IO.DirectoryNotFoundException: Could not find a part of the path 'D:\CodeBase\Catapult\trunk\CatapultServices\Tavisca.Catapult.External.ValidationTest\Validation.xml'..</Message>
          <StackTrace>    at System.IO.__Error.WinIOError(Int32 errorCode, String maybeFullPath)
   at System.IO.FileStream.Init(String path, FileMode mode, FileAccess access, Int32 rights, Boolean useRights, FileShare share, Int32 bufferSize, FileOptions options, SECURITY_ATTRIBUTES secAttrs, String msgPath, Boolean bFromProxy, Boolean useLongPath, Boolean checkHost)
   at System.IO.FileStream..ctor(String path, FileMode mode, FileAccess access, FileShare share, Int32 bufferSize)
   at System.Xml.XmlDownloadManager.GetStream(Uri uri, ICredentials credentials, IWebProxy proxy, RequestCachePolicy cachePolicy)
   at System.Xml.XmlUrlResolver.GetEntity(Uri absoluteUri, String role, Type ofObjectToReturn)
   at System.Xml.XmlTextReaderImpl.FinishInitUriString()
   at System.Xml.XmlTextReaderImpl..ctor(String uriStr, XmlReaderSettings settings, XmlParserContext context, XmlResolver uriResolver)
   at System.Xml.XmlReaderSettings.CreateReader(String inputUri, XmlParserContext inputContext)
   at System.Xml.XmlReader.Create(String inputUri, XmlReaderSettings settings, XmlParserContext inputContext)
   at System.Xml.Linq.XDocument.Load(String uri, LoadOptions options)
   at Tavisca.Validation.DynamicXmlParser..ctor(String filePath)
   at Tavisca.Validation.ValidationBuilder.Build(String configFilePath)
   at Tavisca.Validation.Validation.Build(String configurationFilePath)
   at Tavisca.Catapult.External.ValidationTest.HotelBookingRetrieveRequestValidationTest.InitializeValidation() in d:\Code\TOM\Catapult\Code\trunk\CatapultServices\Tavisca.Catapult.External.ValidationTest\HotelBookingRetrieveRequestValidationTest.cs:line 35
</StackTrace>
        </ErrorInfo>
      </Output>
    </UnitTestResult>
    <UnitTestResult executionId="b2c942d7-8e1f-41cd-9d47-3527ede56c6f" testId="9f8bd7cd-1efb-a1ba-ec3f-4e0f7b6d7ddc" testName="HotelBookingUpdateRequestRequestValidTest" computerName="PHOENIXX" duration="00:00:00.0013126" startTime="2013-08-09T22:01:52.7893638+05:30" endTime="2013-08-09T22:01:52.7913644+05:30" testType="13cdc9d9-ddb5-4fa4-a97d-d965ccfc6d4b" outcome="Failed" testListId="8c84fa94-04c1-424b-9868-57a2d4851a1d" relativeResultsDirectory="b2c942d7-8e1f-41cd-9d47-3527ede56c6f">
      <Output>
        <ErrorInfo>
          <Message>Initialization method Tavisca.Catapult.External.ValidationTest.HotelBookingUpdateRequestValidationTest.InitializeValidation threw exception. System.IO.DirectoryNotFoundException: System.IO.DirectoryNotFoundException: Could not find a part of the path 'D:\CodeBase\Catapult\trunk\CatapultServices\Tavisca.Catapult.External.ValidationTest\Validation.xml'..</Message>
          <StackTrace>    at System.IO.__Error.WinIOError(Int32 errorCode, String maybeFullPath)
   at System.IO.FileStream.Init(String path, FileMode mode, FileAccess access, Int32 rights, Boolean useRights, FileShare share, Int32 bufferSize, FileOptions options, SECURITY_ATTRIBUTES secAttrs, String msgPath, Boolean bFromProxy, Boolean useLongPath, Boolean checkHost)
   at System.IO.FileStream..ctor(String path, FileMode mode, FileAccess access, FileShare share, Int32 bufferSize)
   at System.Xml.XmlDownloadManager.GetStream(Uri uri, ICredentials credentials, IWebProxy proxy, RequestCachePolicy cachePolicy)
   at System.Xml.XmlUrlResolver.GetEntity(Uri absoluteUri, String role, Type ofObjectToReturn)
   at System.Xml.XmlTextReaderImpl.FinishInitUriString()
   at System.Xml.XmlTextReaderImpl..ctor(String uriStr, XmlReaderSettings settings, XmlParserContext context, XmlResolver uriResolver)
   at System.Xml.XmlReaderSettings.CreateReader(String inputUri, XmlParserContext inputContext)
   at System.Xml.XmlReader.Create(String inputUri, XmlReaderSettings settings, XmlParserContext inputContext)
   at System.Xml.Linq.XDocument.Load(String uri, LoadOptions options)
   at Tavisca.Validation.DynamicXmlParser..ctor(String filePath)
   at Tavisca.Validation.ValidationBuilder.Build(String configFilePath)
   at Tavisca.Validation.Validation.Build(String configurationFilePath)
   at Tavisca.Catapult.External.ValidationTest.HotelBookingUpdateRequestValidationTest.InitializeValidation() in d:\Code\TOM\Catapult\Code\trunk\CatapultServices\Tavisca.Catapult.External.ValidationTest\HotelBookingUpdateRequestValidationTest.cs:line 36
</StackTrace>
        </ErrorInfo>
      </Output>
    </UnitTestResult>
    <UnitTestResult executionId="0ca33223-f9d0-4fa7-b685-b7316891793e" testId="70a62361-60ed-4827-1416-31851d7f0199" testName="HotelBookingUpdateRequestForOrderCodeValueIsNullInValidTest" computerName="PHOENIXX" duration="00:00:00.0011214" startTime="2013-08-09T22:01:52.7913644+05:30" endTime="2013-08-09T22:01:52.7923647+05:30" testType="13cdc9d9-ddb5-4fa4-a97d-d965ccfc6d4b" outcome="Failed" testListId="8c84fa94-04c1-424b-9868-57a2d4851a1d" relativeResultsDirectory="0ca33223-f9d0-4fa7-b685-b7316891793e">
      <Output>
        <ErrorInfo>
          <Message>Initialization method Tavisca.Catapult.External.ValidationTest.HotelBookingUpdateRequestValidationTest.InitializeValidation threw exception. System.IO.DirectoryNotFoundException: System.IO.DirectoryNotFoundException: Could not find a part of the path 'D:\CodeBase\Catapult\trunk\CatapultServices\Tavisca.Catapult.External.ValidationTest\Validation.xml'..</Message>
          <StackTrace>    at System.IO.__Error.WinIOError(Int32 errorCode, String maybeFullPath)
   at System.IO.FileStream.Init(String path, FileMode mode, FileAccess access, Int32 rights, Boolean useRights, FileShare share, Int32 bufferSize, FileOptions options, SECURITY_ATTRIBUTES secAttrs, String msgPath, Boolean bFromProxy, Boolean useLongPath, Boolean checkHost)
   at System.IO.FileStream..ctor(String path, FileMode mode, FileAccess access, FileShare share, Int32 bufferSize)
   at System.Xml.XmlDownloadManager.GetStream(Uri uri, ICredentials credentials, IWebProxy proxy, RequestCachePolicy cachePolicy)
   at System.Xml.XmlUrlResolver.GetEntity(Uri absoluteUri, String role, Type ofObjectToReturn)
   at System.Xml.XmlTextReaderImpl.FinishInitUriString()
   at System.Xml.XmlTextReaderImpl..ctor(String uriStr, XmlReaderSettings settings, XmlParserContext context, XmlResolver uriResolver)
   at System.Xml.XmlReaderSettings.CreateReader(String inputUri, XmlParserContext inputContext)
   at System.Xml.XmlReader.Create(String inputUri, XmlReaderSettings settings, XmlParserContext inputContext)
   at System.Xml.Linq.XDocument.Load(String uri, LoadOptions options)
   at Tavisca.Validation.DynamicXmlParser..ctor(String filePath)
   at Tavisca.Validation.ValidationBuilder.Build(String configFilePath)
   at Tavisca.Validation.Validation.Build(String configurationFilePath)
   at Tavisca.Catapult.External.ValidationTest.HotelBookingUpdateRequestValidationTest.InitializeValidation() in d:\Code\TOM\Catapult\Code\trunk\CatapultServices\Tavisca.Catapult.External.ValidationTest\HotelBookingUpdateRequestValidationTest.cs:line 36
</StackTrace>
        </ErrorInfo>
      </Output>
    </UnitTestResult>
    <UnitTestResult executionId="77356067-528f-434d-aec7-6e9247a078c7" testId="3d512ff5-8a49-bdec-6980-6d52e7f27910" testName="HotelBookingUpdateRequestForOrderCodeValueIsEmptyInValidTest" computerName="PHOENIXX" duration="00:00:00.0010367" startTime="2013-08-09T22:01:52.7923647+05:30" endTime="2013-08-09T22:01:52.7943653+05:30" testType="13cdc9d9-ddb5-4fa4-a97d-d965ccfc6d4b" outcome="Failed" testListId="8c84fa94-04c1-424b-9868-57a2d4851a1d" relativeResultsDirectory="77356067-528f-434d-aec7-6e9247a078c7">
      <Output>
        <ErrorInfo>
          <Message>Initialization method Tavisca.Catapult.External.ValidationTest.HotelBookingUpdateRequestValidationTest.InitializeValidation threw exception. System.IO.DirectoryNotFoundException: System.IO.DirectoryNotFoundException: Could not find a part of the path 'D:\CodeBase\Catapult\trunk\CatapultServices\Tavisca.Catapult.External.ValidationTest\Validation.xml'..</Message>
          <StackTrace>    at System.IO.__Error.WinIOError(Int32 errorCode, String maybeFullPath)
   at System.IO.FileStream.Init(String path, FileMode mode, FileAccess access, Int32 rights, Boolean useRights, FileShare share, Int32 bufferSize, FileOptions options, SECURITY_ATTRIBUTES secAttrs, String msgPath, Boolean bFromProxy, Boolean useLongPath, Boolean checkHost)
   at System.IO.FileStream..ctor(String path, FileMode mode, FileAccess access, FileShare share, Int32 bufferSize)
   at System.Xml.XmlDownloadManager.GetStream(Uri uri, ICredentials credentials, IWebProxy proxy, RequestCachePolicy cachePolicy)
   at System.Xml.XmlUrlResolver.GetEntity(Uri absoluteUri, String role, Type ofObjectToReturn)
   at System.Xml.XmlTextReaderImpl.FinishInitUriString()
   at System.Xml.XmlTextReaderImpl..ctor(String uriStr, XmlReaderSettings settings, XmlParserContext context, XmlResolver uriResolver)
   at System.Xml.XmlReaderSettings.CreateReader(String inputUri, XmlParserContext inputContext)
   at System.Xml.XmlReader.Create(String inputUri, XmlReaderSettings settings, XmlParserContext inputContext)
   at System.Xml.Linq.XDocument.Load(String uri, LoadOptions options)
   at Tavisca.Validation.DynamicXmlParser..ctor(String filePath)
   at Tavisca.Validation.ValidationBuilder.Build(String configFilePath)
   at Tavisca.Validation.Validation.Build(String configurationFilePath)
   at Tavisca.Catapult.External.ValidationTest.HotelBookingUpdateRequestValidationTest.InitializeValidation() in d:\Code\TOM\Catapult\Code\trunk\CatapultServices\Tavisca.Catapult.External.ValidationTest\HotelBookingUpdateRequestValidationTest.cs:line 36
</StackTrace>
        </ErrorInfo>
      </Output>
    </UnitTestResult>
    <UnitTestResult executionId="f55dbb5b-2a3e-4055-aebb-74396b3f69b9" testId="1ecdbfe1-3e48-9796-a8a6-b53175f049cf" testName="HotelBookingUpdateRequestForOrderCodeValueAlphaNumericInValidTest" computerName="PHOENIXX" duration="00:00:00.0029665" startTime="2013-08-09T22:01:52.7943653+05:30" endTime="2013-08-09T22:01:52.7973662+05:30" testType="13cdc9d9-ddb5-4fa4-a97d-d965ccfc6d4b" outcome="Failed" testListId="8c84fa94-04c1-424b-9868-57a2d4851a1d" relativeResultsDirectory="f55dbb5b-2a3e-4055-aebb-74396b3f69b9">
      <Output>
        <ErrorInfo>
          <Message>Initialization method Tavisca.Catapult.External.ValidationTest.HotelBookingUpdateRequestValidationTest.InitializeValidation threw exception. System.IO.DirectoryNotFoundException: System.IO.DirectoryNotFoundException: Could not find a part of the path 'D:\CodeBase\Catapult\trunk\CatapultServices\Tavisca.Catapult.External.ValidationTest\Validation.xml'..</Message>
          <StackTrace>    at System.IO.__Error.WinIOError(Int32 errorCode, String maybeFullPath)
   at System.IO.FileStream.Init(String path, FileMode mode, FileAccess access, Int32 rights, Boolean useRights, FileShare share, Int32 bufferSize, FileOptions options, SECURITY_ATTRIBUTES secAttrs, String msgPath, Boolean bFromProxy, Boolean useLongPath, Boolean checkHost)
   at System.IO.FileStream..ctor(String path, FileMode mode, FileAccess access, FileShare share, Int32 bufferSize)
   at System.Xml.XmlDownloadManager.GetStream(Uri uri, ICredentials credentials, IWebProxy proxy, RequestCachePolicy cachePolicy)
   at System.Xml.XmlUrlResolver.GetEntity(Uri absoluteUri, String role, Type ofObjectToReturn)
   at System.Xml.XmlTextReaderImpl.FinishInitUriString()
   at System.Xml.XmlTextReaderImpl..ctor(String uriStr, XmlReaderSettings settings, XmlParserContext context, XmlResolver uriResolver)
   at System.Xml.XmlReaderSettings.CreateReader(String inputUri, XmlParserContext inputContext)
   at System.Xml.XmlReader.Create(String inputUri, XmlReaderSettings settings, XmlParserContext inputContext)
   at System.Xml.Linq.XDocument.Load(String uri, LoadOptions options)
   at Tavisca.Validation.DynamicXmlParser..ctor(String filePath)
   at Tavisca.Validation.ValidationBuilder.Build(String configFilePath)
   at Tavisca.Validation.Validation.Build(String configurationFilePath)
   at Tavisca.Catapult.External.ValidationTest.HotelBookingUpdateRequestValidationTest.InitializeValidation() in d:\Code\TOM\Catapult\Code\trunk\CatapultServices\Tavisca.Catapult.External.ValidationTest\HotelBookingUpdateRequestValidationTest.cs:line 36
</StackTrace>
        </ErrorInfo>
      </Output>
    </UnitTestResult>
    <UnitTestResult executionId="e2a7a1b6-ebf0-4c14-8ae0-6b916c672189" testId="2d610e0c-bb8a-4561-b321-6960c8168c0d" testName="HotelBookingUpdateRequestForOrderCodeValueContainsSpaceInValidTest" computerName="PHOENIXX" duration="00:00:00.0011406" startTime="2013-08-09T22:01:52.7973662+05:30" endTime="2013-08-09T22:01:52.7983665+05:30" testType="13cdc9d9-ddb5-4fa4-a97d-d965ccfc6d4b" outcome="Failed" testListId="8c84fa94-04c1-424b-9868-57a2d4851a1d" relativeResultsDirectory="e2a7a1b6-ebf0-4c14-8ae0-6b916c672189">
      <Output>
        <ErrorInfo>
          <Message>Initialization method Tavisca.Catapult.External.ValidationTest.HotelBookingUpdateRequestValidationTest.InitializeValidation threw exception. System.IO.DirectoryNotFoundException: System.IO.DirectoryNotFoundException: Could not find a part of the path 'D:\CodeBase\Catapult\trunk\CatapultServices\Tavisca.Catapult.External.ValidationTest\Validation.xml'..</Message>
          <StackTrace>    at System.IO.__Error.WinIOError(Int32 errorCode, String maybeFullPath)
   at System.IO.FileStream.Init(String path, FileMode mode, FileAccess access, Int32 rights, Boolean useRights, FileShare share, Int32 bufferSize, FileOptions options, SECURITY_ATTRIBUTES secAttrs, String msgPath, Boolean bFromProxy, Boolean useLongPath, Boolean checkHost)
   at System.IO.FileStream..ctor(String path, FileMode mode, FileAccess access, FileShare share, Int32 bufferSize)
   at System.Xml.XmlDownloadManager.GetStream(Uri uri, ICredentials credentials, IWebProxy proxy, RequestCachePolicy cachePolicy)
   at System.Xml.XmlUrlResolver.GetEntity(Uri absoluteUri, String role, Type ofObjectToReturn)
   at System.Xml.XmlTextReaderImpl.FinishInitUriString()
   at System.Xml.XmlTextReaderImpl..ctor(String uriStr, XmlReaderSettings settings, XmlParserContext context, XmlResolver uriResolver)
   at System.Xml.XmlReaderSettings.CreateReader(String inputUri, XmlParserContext inputContext)
   at System.Xml.XmlReader.Create(String inputUri, XmlReaderSettings settings, XmlParserContext inputContext)
   at System.Xml.Linq.XDocument.Load(String uri, LoadOptions options)
   at Tavisca.Validation.DynamicXmlParser..ctor(String filePath)
   at Tavisca.Validation.ValidationBuilder.Build(String configFilePath)
   at Tavisca.Validation.Validation.Build(String configurationFilePath)
   at Tavisca.Catapult.External.ValidationTest.HotelBookingUpdateRequestValidationTest.InitializeValidation() in d:\Code\TOM\Catapult\Code\trunk\CatapultServices\Tavisca.Catapult.External.ValidationTest\HotelBookingUpdateRequestValidationTest.cs:line 36
</StackTrace>
        </ErrorInfo>
      </Output>
    </UnitTestResult>
    <UnitTestResult executionId="8c1a1d8b-7c71-45d1-8aba-8b2a9e4511b4" testId="ef8d0c89-090b-1055-4d5e-d4f4ac99b6e6" testName="HotelBookingUpdateRequestForOrderCodeValueContainsSpecialCharInValidTest" computerName="PHOENIXX" duration="00:00:00.0009302" startTime="2013-08-09T22:01:52.7983665+05:30" endTime="2013-08-09T22:01:52.7993668+05:30" testType="13cdc9d9-ddb5-4fa4-a97d-d965ccfc6d4b" outcome="Failed" testListId="8c84fa94-04c1-424b-9868-57a2d4851a1d" relativeResultsDirectory="8c1a1d8b-7c71-45d1-8aba-8b2a9e4511b4">
      <Output>
        <ErrorInfo>
          <Message>Initialization method Tavisca.Catapult.External.ValidationTest.HotelBookingUpdateRequestValidationTest.InitializeValidation threw exception. System.IO.DirectoryNotFoundException: System.IO.DirectoryNotFoundException: Could not find a part of the path 'D:\CodeBase\Catapult\trunk\CatapultServices\Tavisca.Catapult.External.ValidationTest\Validation.xml'..</Message>
          <StackTrace>    at System.IO.__Error.WinIOError(Int32 errorCode, String maybeFullPath)
   at System.IO.FileStream.Init(String path, FileMode mode, FileAccess access, Int32 rights, Boolean useRights, FileShare share, Int32 bufferSize, FileOptions options, SECURITY_ATTRIBUTES secAttrs, String msgPath, Boolean bFromProxy, Boolean useLongPath, Boolean checkHost)
   at System.IO.FileStream..ctor(String path, FileMode mode, FileAccess access, FileShare share, Int32 bufferSize)
   at System.Xml.XmlDownloadManager.GetStream(Uri uri, ICredentials credentials, IWebProxy proxy, RequestCachePolicy cachePolicy)
   at System.Xml.XmlUrlResolver.GetEntity(Uri absoluteUri, String role, Type ofObjectToReturn)
   at System.Xml.XmlTextReaderImpl.FinishInitUriString()
   at System.Xml.XmlTextReaderImpl..ctor(String uriStr, XmlReaderSettings settings, XmlParserContext context, XmlResolver uriResolver)
   at System.Xml.XmlReaderSettings.CreateReader(String inputUri, XmlParserContext inputContext)
   at System.Xml.XmlReader.Create(String inputUri, XmlReaderSettings settings, XmlParserContext inputContext)
   at System.Xml.Linq.XDocument.Load(String uri, LoadOptions options)
   at Tavisca.Validation.DynamicXmlParser..ctor(String filePath)
   at Tavisca.Validation.ValidationBuilder.Build(String configFilePath)
   at Tavisca.Validation.Validation.Build(String configurationFilePath)
   at Tavisca.Catapult.External.ValidationTest.HotelBookingUpdateRequestValidationTest.InitializeValidation() in d:\Code\TOM\Catapult\Code\trunk\CatapultServices\Tavisca.Catapult.External.ValidationTest\HotelBookingUpdateRequestValidationTest.cs:line 36
</StackTrace>
        </ErrorInfo>
      </Output>
    </UnitTestResult>
    <UnitTestResult executionId="e2d92372-4bf9-4efe-af45-8507cce38b72" testId="e91cb43b-e9a9-0305-c203-a6aa39360edc" testName="HotelCancelRequestValidTest" computerName="PHOENIXX" duration="00:00:00.0012074" startTime="2013-08-09T22:01:52.7993668+05:30" endTime="2013-08-09T22:01:52.8013674+05:30" testType="13cdc9d9-ddb5-4fa4-a97d-d965ccfc6d4b" outcome="Failed" testListId="8c84fa94-04c1-424b-9868-57a2d4851a1d" relativeResultsDirectory="e2d92372-4bf9-4efe-af45-8507cce38b72">
      <Output>
        <ErrorInfo>
          <Message>Initialization method Tavisca.Catapult.External.ValidationTest.HotelCancelRequestValidationTest.InitializeValidation threw exception. System.IO.DirectoryNotFoundException: System.IO.DirectoryNotFoundException: Could not find a part of the path 'D:\CodeBase\Catapult\trunk\CatapultServices\Tavisca.Catapult.External.ValidationTest\Validation.xml'..</Message>
          <StackTrace>    at System.IO.__Error.WinIOError(Int32 errorCode, String maybeFullPath)
   at System.IO.FileStream.Init(String path, FileMode mode, FileAccess access, Int32 rights, Boolean useRights, FileShare share, Int32 bufferSize, FileOptions options, SECURITY_ATTRIBUTES secAttrs, String msgPath, Boolean bFromProxy, Boolean useLongPath, Boolean checkHost)
   at System.IO.FileStream..ctor(String path, FileMode mode, FileAccess access, FileShare share, Int32 bufferSize)
   at System.Xml.XmlDownloadManager.GetStream(Uri uri, ICredentials credentials, IWebProxy proxy, RequestCachePolicy cachePolicy)
   at System.Xml.XmlUrlResolver.GetEntity(Uri absoluteUri, String role, Type ofObjectToReturn)
   at System.Xml.XmlTextReaderImpl.FinishInitUriString()
   at System.Xml.XmlTextReaderImpl..ctor(String uriStr, XmlReaderSettings settings, XmlParserContext context, XmlResolver uriResolver)
   at System.Xml.XmlReaderSettings.CreateReader(String inputUri, XmlParserContext inputContext)
   at System.Xml.XmlReader.Create(String inputUri, XmlReaderSettings settings, XmlParserContext inputContext)
   at System.Xml.Linq.XDocument.Load(String uri, LoadOptions options)
   at Tavisca.Validation.DynamicXmlParser..ctor(String filePath)
   at Tavisca.Validation.ValidationBuilder.Build(String configFilePath)
   at Tavisca.Validation.Validation.Build(String configurationFilePath)
   at Tavisca.Catapult.External.ValidationTest.HotelCancelRequestValidationTest.InitializeValidation() in d:\Code\TOM\Catapult\Code\trunk\CatapultServices\Tavisca.Catapult.External.ValidationTest\HotelCancelRequestValidationTest.cs:line 35
</StackTrace>
        </ErrorInfo>
      </Output>
    </UnitTestResult>
    <UnitTestResult executionId="67968651-7782-458e-8dc0-fb90dab391c8" testId="b8e978fc-6971-8ef0-b2ab-afd711a20f4b" testName="HotelCancelRequestForOrderCodeValueIsNullInValidTest" computerName="PHOENIXX" duration="00:00:00.0010746" startTime="2013-08-09T22:01:52.8013674+05:30" endTime="2013-08-09T22:01:52.8023677+05:30" testType="13cdc9d9-ddb5-4fa4-a97d-d965ccfc6d4b" outcome="Failed" testListId="8c84fa94-04c1-424b-9868-57a2d4851a1d" relativeResultsDirectory="67968651-7782-458e-8dc0-fb90dab391c8">
      <Output>
        <ErrorInfo>
          <Message>Initialization method Tavisca.Catapult.External.ValidationTest.HotelCancelRequestValidationTest.InitializeValidation threw exception. System.IO.DirectoryNotFoundException: System.IO.DirectoryNotFoundException: Could not find a part of the path 'D:\CodeBase\Catapult\trunk\CatapultServices\Tavisca.Catapult.External.ValidationTest\Validation.xml'..</Message>
          <StackTrace>    at System.IO.__Error.WinIOError(Int32 errorCode, String maybeFullPath)
   at System.IO.FileStream.Init(String path, FileMode mode, FileAccess access, Int32 rights, Boolean useRights, FileShare share, Int32 bufferSize, FileOptions options, SECURITY_ATTRIBUTES secAttrs, String msgPath, Boolean bFromProxy, Boolean useLongPath, Boolean checkHost)
   at System.IO.FileStream..ctor(String path, FileMode mode, FileAccess access, FileShare share, Int32 bufferSize)
   at System.Xml.XmlDownloadManager.GetStream(Uri uri, ICredentials credentials, IWebProxy proxy, RequestCachePolicy cachePolicy)
   at System.Xml.XmlUrlResolver.GetEntity(Uri absoluteUri, String role, Type ofObjectToReturn)
   at System.Xml.XmlTextReaderImpl.FinishInitUriString()
   at System.Xml.XmlTextReaderImpl..ctor(String uriStr, XmlReaderSettings settings, XmlParserContext context, XmlResolver uriResolver)
   at System.Xml.XmlReaderSettings.CreateReader(String inputUri, XmlParserContext inputContext)
   at System.Xml.XmlReader.Create(String inputUri, XmlReaderSettings settings, XmlParserContext inputContext)
   at System.Xml.Linq.XDocument.Load(String uri, LoadOptions options)
   at Tavisca.Validation.DynamicXmlParser..ctor(String filePath)
   at Tavisca.Validation.ValidationBuilder.Build(String configFilePath)
   at Tavisca.Validation.Validation.Build(String configurationFilePath)
   at Tavisca.Catapult.External.ValidationTest.HotelCancelRequestValidationTest.InitializeValidation() in d:\Code\TOM\Catapult\Code\trunk\CatapultServices\Tavisca.Catapult.External.ValidationTest\HotelCancelRequestValidationTest.cs:line 35
</StackTrace>
        </ErrorInfo>
      </Output>
    </UnitTestResult>
    <UnitTestResult executionId="41fd6058-9278-4337-84e7-99fba9dfe877" testId="afc93ff4-91a7-2f87-9274-48e0c28ce9da" testName="HotelCancelRequestForOrderCodeValueIsEmptyInValidTest" computerName="PHOENIXX" duration="00:00:00.0010072" startTime="2013-08-09T22:01:52.8023677+05:30" endTime="2013-08-09T22:01:52.8033680+05:30" testType="13cdc9d9-ddb5-4fa4-a97d-d965ccfc6d4b" outcome="Failed" testListId="8c84fa94-04c1-424b-9868-57a2d4851a1d" relativeResultsDirectory="41fd6058-9278-4337-84e7-99fba9dfe877">
      <Output>
        <ErrorInfo>
          <Message>Initialization method Tavisca.Catapult.External.ValidationTest.HotelCancelRequestValidationTest.InitializeValidation threw exception. System.IO.DirectoryNotFoundException: System.IO.DirectoryNotFoundException: Could not find a part of the path 'D:\CodeBase\Catapult\trunk\CatapultServices\Tavisca.Catapult.External.ValidationTest\Validation.xml'..</Message>
          <StackTrace>    at System.IO.__Error.WinIOError(Int32 errorCode, String maybeFullPath)
   at System.IO.FileStream.Init(String path, FileMode mode, FileAccess access, Int32 rights, Boolean useRights, FileShare share, Int32 bufferSize, FileOptions options, SECURITY_ATTRIBUTES secAttrs, String msgPath, Boolean bFromProxy, Boolean useLongPath, Boolean checkHost)
   at System.IO.FileStream..ctor(String path, FileMode mode, FileAccess access, FileShare share, Int32 bufferSize)
   at System.Xml.XmlDownloadManager.GetStream(Uri uri, ICredentials credentials, IWebProxy proxy, RequestCachePolicy cachePolicy)
   at System.Xml.XmlUrlResolver.GetEntity(Uri absoluteUri, String role, Type ofObjectToReturn)
   at System.Xml.XmlTextReaderImpl.FinishInitUriString()
   at System.Xml.XmlTextReaderImpl..ctor(String uriStr, XmlReaderSettings settings, XmlParserContext context, XmlResolver uriResolver)
   at System.Xml.XmlReaderSettings.CreateReader(String inputUri, XmlParserContext inputContext)
   at System.Xml.XmlReader.Create(String inputUri, XmlReaderSettings settings, XmlParserContext inputContext)
   at System.Xml.Linq.XDocument.Load(String uri, LoadOptions options)
   at Tavisca.Validation.DynamicXmlParser..ctor(String filePath)
   at Tavisca.Validation.ValidationBuilder.Build(String configFilePath)
   at Tavisca.Validation.Validation.Build(String configurationFilePath)
   at Tavisca.Catapult.External.ValidationTest.HotelCancelRequestValidationTest.InitializeValidation() in d:\Code\TOM\Catapult\Code\trunk\CatapultServices\Tavisca.Catapult.External.ValidationTest\HotelCancelRequestValidationTest.cs:line 35
</StackTrace>
        </ErrorInfo>
      </Output>
    </UnitTestResult>
    <UnitTestResult executionId="178bc960-d024-42c3-8bd4-53e7728d1fb6" testId="a574179a-0971-5a14-0060-00950ab16314" testName="HotelCancelRequestForOrderCodeValueAlphaNumericInValidTest" computerName="PHOENIXX" duration="00:00:00.0010560" startTime="2013-08-09T22:01:52.8033680+05:30" endTime="2013-08-09T22:01:52.8053686+05:30" testType="13cdc9d9-ddb5-4fa4-a97d-d965ccfc6d4b" outcome="Failed" testListId="8c84fa94-04c1-424b-9868-57a2d4851a1d" relativeResultsDirectory="178bc960-d024-42c3-8bd4-53e7728d1fb6">
      <Output>
        <ErrorInfo>
          <Message>Initialization method Tavisca.Catapult.External.ValidationTest.HotelCancelRequestValidationTest.InitializeValidation threw exception. System.IO.DirectoryNotFoundException: System.IO.DirectoryNotFoundException: Could not find a part of the path 'D:\CodeBase\Catapult\trunk\CatapultServices\Tavisca.Catapult.External.ValidationTest\Validation.xml'..</Message>
          <StackTrace>    at System.IO.__Error.WinIOError(Int32 errorCode, String maybeFullPath)
   at System.IO.FileStream.Init(String path, FileMode mode, FileAccess access, Int32 rights, Boolean useRights, FileShare share, Int32 bufferSize, FileOptions options, SECURITY_ATTRIBUTES secAttrs, String msgPath, Boolean bFromProxy, Boolean useLongPath, Boolean checkHost)
   at System.IO.FileStream..ctor(String path, FileMode mode, FileAccess access, FileShare share, Int32 bufferSize)
   at System.Xml.XmlDownloadManager.GetStream(Uri uri, ICredentials credentials, IWebProxy proxy, RequestCachePolicy cachePolicy)
   at System.Xml.XmlUrlResolver.GetEntity(Uri absoluteUri, String role, Type ofObjectToReturn)
   at System.Xml.XmlTextReaderImpl.FinishInitUriString()
   at System.Xml.XmlTextReaderImpl..ctor(String uriStr, XmlReaderSettings settings, XmlParserContext context, XmlResolver uriResolver)
   at System.Xml.XmlReaderSettings.CreateReader(String inputUri, XmlParserContext inputContext)
   at System.Xml.XmlReader.Create(String inputUri, XmlReaderSettings settings, XmlParserContext inputContext)
   at System.Xml.Linq.XDocument.Load(String uri, LoadOptions options)
   at Tavisca.Validation.DynamicXmlParser..ctor(String filePath)
   at Tavisca.Validation.ValidationBuilder.Build(String configFilePath)
   at Tavisca.Validation.Validation.Build(String configurationFilePath)
   at Tavisca.Catapult.External.ValidationTest.HotelCancelRequestValidationTest.InitializeValidation() in d:\Code\TOM\Catapult\Code\trunk\CatapultServices\Tavisca.Catapult.External.ValidationTest\HotelCancelRequestValidationTest.cs:line 35
</StackTrace>
        </ErrorInfo>
      </Output>
    </UnitTestResult>
    <UnitTestResult executionId="a19792d4-dc49-4e52-b165-ca8e267aabd0" testId="58013f42-9dbe-a03b-2aae-30d5e452ab70" testName="HotelCancelRequestForOrderCodeValueContainsSpaceInValidTest" computerName="PHOENIXX" duration="00:00:00.0009559" startTime="2013-08-09T22:01:52.8053686+05:30" endTime="2013-08-09T22:01:52.8063689+05:30" testType="13cdc9d9-ddb5-4fa4-a97d-d965ccfc6d4b" outcome="Failed" testListId="8c84fa94-04c1-424b-9868-57a2d4851a1d" relativeResultsDirectory="a19792d4-dc49-4e52-b165-ca8e267aabd0">
      <Output>
        <ErrorInfo>
          <Message>Initialization method Tavisca.Catapult.External.ValidationTest.HotelCancelRequestValidationTest.InitializeValidation threw exception. System.IO.DirectoryNotFoundException: System.IO.DirectoryNotFoundException: Could not find a part of the path 'D:\CodeBase\Catapult\trunk\CatapultServices\Tavisca.Catapult.External.ValidationTest\Validation.xml'..</Message>
          <StackTrace>    at System.IO.__Error.WinIOError(Int32 errorCode, String maybeFullPath)
   at System.IO.FileStream.Init(String path, FileMode mode, FileAccess access, Int32 rights, Boolean useRights, FileShare share, Int32 bufferSize, FileOptions options, SECURITY_ATTRIBUTES secAttrs, String msgPath, Boolean bFromProxy, Boolean useLongPath, Boolean checkHost)
   at System.IO.FileStream..ctor(String path, FileMode mode, FileAccess access, FileShare share, Int32 bufferSize)
   at System.Xml.XmlDownloadManager.GetStream(Uri uri, ICredentials credentials, IWebProxy proxy, RequestCachePolicy cachePolicy)
   at System.Xml.XmlUrlResolver.GetEntity(Uri absoluteUri, String role, Type ofObjectToReturn)
   at System.Xml.XmlTextReaderImpl.FinishInitUriString()
   at System.Xml.XmlTextReaderImpl..ctor(String uriStr, XmlReaderSettings settings, XmlParserContext context, XmlResolver uriResolver)
   at System.Xml.XmlReaderSettings.CreateReader(String inputUri, XmlParserContext inputContext)
   at System.Xml.XmlReader.Create(String inputUri, XmlReaderSettings settings, XmlParserContext inputContext)
   at System.Xml.Linq.XDocument.Load(String uri, LoadOptions options)
   at Tavisca.Validation.DynamicXmlParser..ctor(String filePath)
   at Tavisca.Validation.ValidationBuilder.Build(String configFilePath)
   at Tavisca.Validation.Validation.Build(String configurationFilePath)
   at Tavisca.Catapult.External.ValidationTest.HotelCancelRequestValidationTest.InitializeValidation() in d:\Code\TOM\Catapult\Code\trunk\CatapultServices\Tavisca.Catapult.External.ValidationTest\HotelCancelRequestValidationTest.cs:line 35
</StackTrace>
        </ErrorInfo>
      </Output>
    </UnitTestResult>
    <UnitTestResult executionId="c4b89a95-6234-4414-a92e-6394c68f338f" testId="900e0e01-4e53-0c6a-8341-c1e3ae8da813" testName="HotelCancelRequestForOrderCodeValueContainsSpecialCharInValidTest" computerName="PHOENIXX" duration="00:00:00.0011535" startTime="2013-08-09T22:01:52.8063689+05:30" endTime="2013-08-09T22:01:52.8073692+05:30" testType="13cdc9d9-ddb5-4fa4-a97d-d965ccfc6d4b" outcome="Failed" testListId="8c84fa94-04c1-424b-9868-57a2d4851a1d" relativeResultsDirectory="c4b89a95-6234-4414-a92e-6394c68f338f">
      <Output>
        <ErrorInfo>
          <Message>Initialization method Tavisca.Catapult.External.ValidationTest.HotelCancelRequestValidationTest.InitializeValidation threw exception. System.IO.DirectoryNotFoundException: System.IO.DirectoryNotFoundException: Could not find a part of the path 'D:\CodeBase\Catapult\trunk\CatapultServices\Tavisca.Catapult.External.ValidationTest\Validation.xml'..</Message>
          <StackTrace>    at System.IO.__Error.WinIOError(Int32 errorCode, String maybeFullPath)
   at System.IO.FileStream.Init(String path, FileMode mode, FileAccess access, Int32 rights, Boolean useRights, FileShare share, Int32 bufferSize, FileOptions options, SECURITY_ATTRIBUTES secAttrs, String msgPath, Boolean bFromProxy, Boolean useLongPath, Boolean checkHost)
   at System.IO.FileStream..ctor(String path, FileMode mode, FileAccess access, FileShare share, Int32 bufferSize)
   at System.Xml.XmlDownloadManager.GetStream(Uri uri, ICredentials credentials, IWebProxy proxy, RequestCachePolicy cachePolicy)
   at System.Xml.XmlUrlResolver.GetEntity(Uri absoluteUri, String role, Type ofObjectToReturn)
   at System.Xml.XmlTextReaderImpl.FinishInitUriString()
   at System.Xml.XmlTextReaderImpl..ctor(String uriStr, XmlReaderSettings settings, XmlParserContext context, XmlResolver uriResolver)
   at System.Xml.XmlReaderSettings.CreateReader(String inputUri, XmlParserContext inputContext)
   at System.Xml.XmlReader.Create(String inputUri, XmlReaderSettings settings, XmlParserContext inputContext)
   at System.Xml.Linq.XDocument.Load(String uri, LoadOptions options)
   at Tavisca.Validation.DynamicXmlParser..ctor(String filePath)
   at Tavisca.Validation.ValidationBuilder.Build(String configFilePath)
   at Tavisca.Validation.Validation.Build(String configurationFilePath)
   at Tavisca.Catapult.External.ValidationTest.HotelCancelRequestValidationTest.InitializeValidation() in d:\Code\TOM\Catapult\Code\trunk\CatapultServices\Tavisca.Catapult.External.ValidationTest\HotelCancelRequestValidationTest.cs:line 35
</StackTrace>
        </ErrorInfo>
      </Output>
    </UnitTestResult>
    <UnitTestResult executionId="e5aaa258-8a3d-4573-a4ba-fce9a3c68053" testId="862840fc-1b8e-7495-54fe-b516ae784012" testName="HotelCancelRequestForReasonValueEmptyInValidTest" computerName="PHOENIXX" duration="00:00:00.0009783" startTime="2013-08-09T22:01:52.8073692+05:30" endTime="2013-08-09T22:01:52.8083695+05:30" testType="13cdc9d9-ddb5-4fa4-a97d-d965ccfc6d4b" outcome="Failed" testListId="8c84fa94-04c1-424b-9868-57a2d4851a1d" relativeResultsDirectory="e5aaa258-8a3d-4573-a4ba-fce9a3c68053">
      <Output>
        <ErrorInfo>
          <Message>Initialization method Tavisca.Catapult.External.ValidationTest.HotelCancelRequestValidationTest.InitializeValidation threw exception. System.IO.DirectoryNotFoundException: System.IO.DirectoryNotFoundException: Could not find a part of the path 'D:\CodeBase\Catapult\trunk\CatapultServices\Tavisca.Catapult.External.ValidationTest\Validation.xml'..</Message>
          <StackTrace>    at System.IO.__Error.WinIOError(Int32 errorCode, String maybeFullPath)
   at System.IO.FileStream.Init(String path, FileMode mode, FileAccess access, Int32 rights, Boolean useRights, FileShare share, Int32 bufferSize, FileOptions options, SECURITY_ATTRIBUTES secAttrs, String msgPath, Boolean bFromProxy, Boolean useLongPath, Boolean checkHost)
   at System.IO.FileStream..ctor(String path, FileMode mode, FileAccess access, FileShare share, Int32 bufferSize)
   at System.Xml.XmlDownloadManager.GetStream(Uri uri, ICredentials credentials, IWebProxy proxy, RequestCachePolicy cachePolicy)
   at System.Xml.XmlUrlResolver.GetEntity(Uri absoluteUri, String role, Type ofObjectToReturn)
   at System.Xml.XmlTextReaderImpl.FinishInitUriString()
   at System.Xml.XmlTextReaderImpl..ctor(String uriStr, XmlReaderSettings settings, XmlParserContext context, XmlResolver uriResolver)
   at System.Xml.XmlReaderSettings.CreateReader(String inputUri, XmlParserContext inputContext)
   at System.Xml.XmlReader.Create(String inputUri, XmlReaderSettings settings, XmlParserContext inputContext)
   at System.Xml.Linq.XDocument.Load(String uri, LoadOptions options)
   at Tavisca.Validation.DynamicXmlParser..ctor(String filePath)
   at Tavisca.Validation.ValidationBuilder.Build(String configFilePath)
   at Tavisca.Validation.Validation.Build(String configurationFilePath)
   at Tavisca.Catapult.External.ValidationTest.HotelCancelRequestValidationTest.InitializeValidation() in d:\Code\TOM\Catapult\Code\trunk\CatapultServices\Tavisca.Catapult.External.ValidationTest\HotelCancelRequestValidationTest.cs:line 35
</StackTrace>
        </ErrorInfo>
      </Output>
    </UnitTestResult>
    <UnitTestResult executionId="0a924a33-0933-4792-82a2-9707964a4ac9" testId="86c656fc-c5ae-c19a-94b2-a89aa53662f1" testName="HotelCancelRequestForReasonValueNullInValidTest" computerName="PHOENIXX" duration="00:00:00.0009257" startTime="2013-08-09T22:01:52.8083695+05:30" endTime="2013-08-09T22:01:52.8093698+05:30" testType="13cdc9d9-ddb5-4fa4-a97d-d965ccfc6d4b" outcome="Failed" testListId="8c84fa94-04c1-424b-9868-57a2d4851a1d" relativeResultsDirectory="0a924a33-0933-4792-82a2-9707964a4ac9">
      <Output>
        <ErrorInfo>
          <Message>Initialization method Tavisca.Catapult.External.ValidationTest.HotelCancelRequestValidationTest.InitializeValidation threw exception. System.IO.DirectoryNotFoundException: System.IO.DirectoryNotFoundException: Could not find a part of the path 'D:\CodeBase\Catapult\trunk\CatapultServices\Tavisca.Catapult.External.ValidationTest\Validation.xml'..</Message>
          <StackTrace>    at System.IO.__Error.WinIOError(Int32 errorCode, String maybeFullPath)
   at System.IO.FileStream.Init(String path, FileMode mode, FileAccess access, Int32 rights, Boolean useRights, FileShare share, Int32 bufferSize, FileOptions options, SECURITY_ATTRIBUTES secAttrs, String msgPath, Boolean bFromProxy, Boolean useLongPath, Boolean checkHost)
   at System.IO.FileStream..ctor(String path, FileMode mode, FileAccess access, FileShare share, Int32 bufferSize)
   at System.Xml.XmlDownloadManager.GetStream(Uri uri, ICredentials credentials, IWebProxy proxy, RequestCachePolicy cachePolicy)
   at System.Xml.XmlUrlResolver.GetEntity(Uri absoluteUri, String role, Type ofObjectToReturn)
   at System.Xml.XmlTextReaderImpl.FinishInitUriString()
   at System.Xml.XmlTextReaderImpl..ctor(String uriStr, XmlReaderSettings settings, XmlParserContext context, XmlResolver uriResolver)
   at System.Xml.XmlReaderSettings.CreateReader(String inputUri, XmlParserContext inputContext)
   at System.Xml.XmlReader.Create(String inputUri, XmlReaderSettings settings, XmlParserContext inputContext)
   at System.Xml.Linq.XDocument.Load(String uri, LoadOptions options)
   at Tavisca.Validation.DynamicXmlParser..ctor(String filePath)
   at Tavisca.Validation.ValidationBuilder.Build(String configFilePath)
   at Tavisca.Validation.Validation.Build(String configurationFilePath)
   at Tavisca.Catapult.External.ValidationTest.HotelCancelRequestValidationTest.InitializeValidation() in d:\Code\TOM\Catapult\Code\trunk\CatapultServices\Tavisca.Catapult.External.ValidationTest\HotelCancelRequestValidationTest.cs:line 35
</StackTrace>
        </ErrorInfo>
      </Output>
    </UnitTestResult>
    <UnitTestResult executionId="b9657364-154b-43e7-8481-6ed32c32684a" testId="701f1931-1181-bd2c-e8b5-2c7c41b498ca" testName="PassengerValidTest" computerName="PHOENIXX" duration="00:00:00.0012234" startTime="2013-08-09T22:01:52.8093698+05:30" endTime="2013-08-09T22:01:52.8113704+05:30" testType="13cdc9d9-ddb5-4fa4-a97d-d965ccfc6d4b" outcome="Failed" testListId="8c84fa94-04c1-424b-9868-57a2d4851a1d" relativeResultsDirectory="b9657364-154b-43e7-8481-6ed32c32684a">
      <Output>
        <ErrorInfo>
          <Message>Initialization method Tavisca.Catapult.External.ValidationTest.PassengerValidationTest.InitializeValidation threw exception. System.IO.DirectoryNotFoundException: System.IO.DirectoryNotFoundException: Could not find a part of the path 'D:\CodeBase\Catapult\trunk\CatapultServices\Tavisca.Catapult.External.ValidationTest\Validation.xml'..</Message>
          <StackTrace>    at System.IO.__Error.WinIOError(Int32 errorCode, String maybeFullPath)
   at System.IO.FileStream.Init(String path, FileMode mode, FileAccess access, Int32 rights, Boolean useRights, FileShare share, Int32 bufferSize, FileOptions options, SECURITY_ATTRIBUTES secAttrs, String msgPath, Boolean bFromProxy, Boolean useLongPath, Boolean checkHost)
   at System.IO.FileStream..ctor(String path, FileMode mode, FileAccess access, FileShare share, Int32 bufferSize)
   at System.Xml.XmlDownloadManager.GetStream(Uri uri, ICredentials credentials, IWebProxy proxy, RequestCachePolicy cachePolicy)
   at System.Xml.XmlUrlResolver.GetEntity(Uri absoluteUri, String role, Type ofObjectToReturn)
   at System.Xml.XmlTextReaderImpl.FinishInitUriString()
   at System.Xml.XmlTextReaderImpl..ctor(String uriStr, XmlReaderSettings settings, XmlParserContext context, XmlResolver uriResolver)
   at System.Xml.XmlReaderSettings.CreateReader(String inputUri, XmlParserContext inputContext)
   at System.Xml.XmlReader.Create(String inputUri, XmlReaderSettings settings, XmlParserContext inputContext)
   at System.Xml.Linq.XDocument.Load(String uri, LoadOptions options)
   at Tavisca.Validation.DynamicXmlParser..ctor(String filePath)
   at Tavisca.Validation.ValidationBuilder.Build(String configFilePath)
   at Tavisca.Validation.Validation.Build(String configurationFilePath)
   at Tavisca.Catapult.External.ValidationTest.PassengerValidationTest.InitializeValidation() in d:\Code\TOM\Catapult\Code\trunk\CatapultServices\Tavisca.Catapult.External.ValidationTest\PassengerValidationTest.cs:line 35
</StackTrace>
        </ErrorInfo>
      </Output>
    </UnitTestResult>
    <UnitTestResult executionId="b4fe96c5-a488-43b7-9955-ee3ddba915fe" testId="40515939-d4d6-c2a0-62b4-dd048eb9a9e5" testName="PassengerForNullAddressValueInValidTest" computerName="PHOENIXX" duration="00:00:00.0009398" startTime="2013-08-09T22:01:52.8113704+05:30" endTime="2013-08-09T22:01:52.8123707+05:30" testType="13cdc9d9-ddb5-4fa4-a97d-d965ccfc6d4b" outcome="Failed" testListId="8c84fa94-04c1-424b-9868-57a2d4851a1d" relativeResultsDirectory="b4fe96c5-a488-43b7-9955-ee3ddba915fe">
      <Output>
        <ErrorInfo>
          <Message>Initialization method Tavisca.Catapult.External.ValidationTest.PassengerValidationTest.InitializeValidation threw exception. System.IO.DirectoryNotFoundException: System.IO.DirectoryNotFoundException: Could not find a part of the path 'D:\CodeBase\Catapult\trunk\CatapultServices\Tavisca.Catapult.External.ValidationTest\Validation.xml'..</Message>
          <StackTrace>    at System.IO.__Error.WinIOError(Int32 errorCode, String maybeFullPath)
   at System.IO.FileStream.Init(String path, FileMode mode, FileAccess access, Int32 rights, Boolean useRights, FileShare share, Int32 bufferSize, FileOptions options, SECURITY_ATTRIBUTES secAttrs, String msgPath, Boolean bFromProxy, Boolean useLongPath, Boolean checkHost)
   at System.IO.FileStream..ctor(String path, FileMode mode, FileAccess access, FileShare share, Int32 bufferSize)
   at System.Xml.XmlDownloadManager.GetStream(Uri uri, ICredentials credentials, IWebProxy proxy, RequestCachePolicy cachePolicy)
   at System.Xml.XmlUrlResolver.GetEntity(Uri absoluteUri, String role, Type ofObjectToReturn)
   at System.Xml.XmlTextReaderImpl.FinishInitUriString()
   at System.Xml.XmlTextReaderImpl..ctor(String uriStr, XmlReaderSettings settings, XmlParserContext context, XmlResolver uriResolver)
   at System.Xml.XmlReaderSettings.CreateReader(String inputUri, XmlParserContext inputContext)
   at System.Xml.XmlReader.Create(String inputUri, XmlReaderSettings settings, XmlParserContext inputContext)
   at System.Xml.Linq.XDocument.Load(String uri, LoadOptions options)
   at Tavisca.Validation.DynamicXmlParser..ctor(String filePath)
   at Tavisca.Validation.ValidationBuilder.Build(String configFilePath)
   at Tavisca.Validation.Validation.Build(String configurationFilePath)
   at Tavisca.Catapult.External.ValidationTest.PassengerValidationTest.InitializeValidation() in d:\Code\TOM\Catapult\Code\trunk\CatapultServices\Tavisca.Catapult.External.ValidationTest\PassengerValidationTest.cs:line 35
</StackTrace>
        </ErrorInfo>
      </Output>
    </UnitTestResult>
    <UnitTestResult executionId="0f79098d-d77b-413b-b6ef-a1e6956f883a" testId="403eacda-f14d-871f-4757-82edd9e43468" testName="PassengerForAgeMoreThanHundredValueInValidTest" computerName="PHOENIXX" duration="00:00:00.0009649" startTime="2013-08-09T22:01:52.8123707+05:30" endTime="2013-08-09T22:01:52.8133710+05:30" testType="13cdc9d9-ddb5-4fa4-a97d-d965ccfc6d4b" outcome="Failed" testListId="8c84fa94-04c1-424b-9868-57a2d4851a1d" relativeResultsDirectory="0f79098d-d77b-413b-b6ef-a1e6956f883a">
      <Output>
        <ErrorInfo>
          <Message>Initialization method Tavisca.Catapult.External.ValidationTest.PassengerValidationTest.InitializeValidation threw exception. System.IO.DirectoryNotFoundException: System.IO.DirectoryNotFoundException: Could not find a part of the path 'D:\CodeBase\Catapult\trunk\CatapultServices\Tavisca.Catapult.External.ValidationTest\Validation.xml'..</Message>
          <StackTrace>    at System.IO.__Error.WinIOError(Int32 errorCode, String maybeFullPath)
   at System.IO.FileStream.Init(String path, FileMode mode, FileAccess access, Int32 rights, Boolean useRights, FileShare share, Int32 bufferSize, FileOptions options, SECURITY_ATTRIBUTES secAttrs, String msgPath, Boolean bFromProxy, Boolean useLongPath, Boolean checkHost)
   at System.IO.FileStream..ctor(String path, FileMode mode, FileAccess access, FileShare share, Int32 bufferSize)
   at System.Xml.XmlDownloadManager.GetStream(Uri uri, ICredentials credentials, IWebProxy proxy, RequestCachePolicy cachePolicy)
   at System.Xml.XmlUrlResolver.GetEntity(Uri absoluteUri, String role, Type ofObjectToReturn)
   at System.Xml.XmlTextReaderImpl.FinishInitUriString()
   at System.Xml.XmlTextReaderImpl..ctor(String uriStr, XmlReaderSettings settings, XmlParserContext context, XmlResolver uriResolver)
   at System.Xml.XmlReaderSettings.CreateReader(String inputUri, XmlParserContext inputContext)
   at System.Xml.XmlReader.Create(String inputUri, XmlReaderSettings settings, XmlParserContext inputContext)
   at System.Xml.Linq.XDocument.Load(String uri, LoadOptions options)
   at Tavisca.Validation.DynamicXmlParser..ctor(String filePath)
   at Tavisca.Validation.ValidationBuilder.Build(String configFilePath)
   at Tavisca.Validation.Validation.Build(String configurationFilePath)
   at Tavisca.Catapult.External.ValidationTest.PassengerValidationTest.InitializeValidation() in d:\Code\TOM\Catapult\Code\trunk\CatapultServices\Tavisca.Catapult.External.ValidationTest\PassengerValidationTest.cs:line 35
</StackTrace>
        </ErrorInfo>
      </Output>
    </UnitTestResult>
    <UnitTestResult executionId="51a7a168-ee12-4f7e-88e2-b8b6135a7622" testId="bd8849c8-8336-231b-a10d-2a3d9b5306fc" testName="PassengerForAgeHundredValueValidTest" computerName="PHOENIXX" duration="00:00:00.0009366" startTime="2013-08-09T22:01:52.8133710+05:30" endTime="2013-08-09T22:01:52.8143713+05:30" testType="13cdc9d9-ddb5-4fa4-a97d-d965ccfc6d4b" outcome="Failed" testListId="8c84fa94-04c1-424b-9868-57a2d4851a1d" relativeResultsDirectory="51a7a168-ee12-4f7e-88e2-b8b6135a7622">
      <Output>
        <ErrorInfo>
          <Message>Initialization method Tavisca.Catapult.External.ValidationTest.PassengerValidationTest.InitializeValidation threw exception. System.IO.DirectoryNotFoundException: System.IO.DirectoryNotFoundException: Could not find a part of the path 'D:\CodeBase\Catapult\trunk\CatapultServices\Tavisca.Catapult.External.ValidationTest\Validation.xml'..</Message>
          <StackTrace>    at System.IO.__Error.WinIOError(Int32 errorCode, String maybeFullPath)
   at System.IO.FileStream.Init(String path, FileMode mode, FileAccess access, Int32 rights, Boolean useRights, FileShare share, Int32 bufferSize, FileOptions options, SECURITY_ATTRIBUTES secAttrs, String msgPath, Boolean bFromProxy, Boolean useLongPath, Boolean checkHost)
   at System.IO.FileStream..ctor(String path, FileMode mode, FileAccess access, FileShare share, Int32 bufferSize)
   at System.Xml.XmlDownloadManager.GetStream(Uri uri, ICredentials credentials, IWebProxy proxy, RequestCachePolicy cachePolicy)
   at System.Xml.XmlUrlResolver.GetEntity(Uri absoluteUri, String role, Type ofObjectToReturn)
   at System.Xml.XmlTextReaderImpl.FinishInitUriString()
   at System.Xml.XmlTextReaderImpl..ctor(String uriStr, XmlReaderSettings settings, XmlParserContext context, XmlResolver uriResolver)
   at System.Xml.XmlReaderSettings.CreateReader(String inputUri, XmlParserContext inputContext)
   at System.Xml.XmlReader.Create(String inputUri, XmlReaderSettings settings, XmlParserContext inputContext)
   at System.Xml.Linq.XDocument.Load(String uri, LoadOptions options)
   at Tavisca.Validation.DynamicXmlParser..ctor(String filePath)
   at Tavisca.Validation.ValidationBuilder.Build(String configFilePath)
   at Tavisca.Validation.Validation.Build(String configurationFilePath)
   at Tavisca.Catapult.External.ValidationTest.PassengerValidationTest.InitializeValidation() in d:\Code\TOM\Catapult\Code\trunk\CatapultServices\Tavisca.Catapult.External.ValidationTest\PassengerValidationTest.cs:line 35
</StackTrace>
        </ErrorInfo>
      </Output>
    </UnitTestResult>
    <UnitTestResult executionId="1f9991ef-e672-4f00-ad80-b7d16fccfc29" testId="c66a2028-35eb-036a-ad3a-fd2247dbb90c" testName="PassengerForAgeZeroValueInValidTest" computerName="PHOENIXX" duration="00:00:00.0009386" startTime="2013-08-09T22:01:52.8153716+05:30" endTime="2013-08-09T22:01:52.8163719+05:30" testType="13cdc9d9-ddb5-4fa4-a97d-d965ccfc6d4b" outcome="Failed" testListId="8c84fa94-04c1-424b-9868-57a2d4851a1d" relativeResultsDirectory="1f9991ef-e672-4f00-ad80-b7d16fccfc29">
      <Output>
        <ErrorInfo>
          <Message>Initialization method Tavisca.Catapult.External.ValidationTest.PassengerValidationTest.InitializeValidation threw exception. System.IO.DirectoryNotFoundException: System.IO.DirectoryNotFoundException: Could not find a part of the path 'D:\CodeBase\Catapult\trunk\CatapultServices\Tavisca.Catapult.External.ValidationTest\Validation.xml'..</Message>
          <StackTrace>    at System.IO.__Error.WinIOError(Int32 errorCode, String maybeFullPath)
   at System.IO.FileStream.Init(String path, FileMode mode, FileAccess access, Int32 rights, Boolean useRights, FileShare share, Int32 bufferSize, FileOptions options, SECURITY_ATTRIBUTES secAttrs, String msgPath, Boolean bFromProxy, Boolean useLongPath, Boolean checkHost)
   at System.IO.FileStream..ctor(String path, FileMode mode, FileAccess access, FileShare share, Int32 bufferSize)
   at System.Xml.XmlDownloadManager.GetStream(Uri uri, ICredentials credentials, IWebProxy proxy, RequestCachePolicy cachePolicy)
   at System.Xml.XmlUrlResolver.GetEntity(Uri absoluteUri, String role, Type ofObjectToReturn)
   at System.Xml.XmlTextReaderImpl.FinishInitUriString()
   at System.Xml.XmlTextReaderImpl..ctor(String uriStr, XmlReaderSettings settings, XmlParserContext context, XmlResolver uriResolver)
   at System.Xml.XmlReaderSettings.CreateReader(String inputUri, XmlParserContext inputContext)
   at System.Xml.XmlReader.Create(String inputUri, XmlReaderSettings settings, XmlParserContext inputContext)
   at System.Xml.Linq.XDocument.Load(String uri, LoadOptions options)
   at Tavisca.Validation.DynamicXmlParser..ctor(String filePath)
   at Tavisca.Validation.ValidationBuilder.Build(String configFilePath)
   at Tavisca.Validation.Validation.Build(String configurationFilePath)
   at Tavisca.Catapult.External.ValidationTest.PassengerValidationTest.InitializeValidation() in d:\Code\TOM\Catapult\Code\trunk\CatapultServices\Tavisca.Catapult.External.ValidationTest\PassengerValidationTest.cs:line 35
</StackTrace>
        </ErrorInfo>
      </Output>
    </UnitTestResult>
    <UnitTestResult executionId="f27f080e-7027-438b-b1d8-bed07f392a27" testId="2b73516d-e785-f01f-33fb-dd35be30ceeb" testName="PassengerForFirstNameValueIsNullInValidTest" computerName="PHOENIXX" duration="00:00:00.0009411" startTime="2013-08-09T22:01:52.8163719+05:30" endTime="2013-08-09T22:01:52.8173722+05:30" testType="13cdc9d9-ddb5-4fa4-a97d-d965ccfc6d4b" outcome="Failed" testListId="8c84fa94-04c1-424b-9868-57a2d4851a1d" relativeResultsDirectory="f27f080e-7027-438b-b1d8-bed07f392a27">
      <Output>
        <ErrorInfo>
          <Message>Initialization method Tavisca.Catapult.External.ValidationTest.PassengerValidationTest.InitializeValidation threw exception. System.IO.DirectoryNotFoundException: System.IO.DirectoryNotFoundException: Could not find a part of the path 'D:\CodeBase\Catapult\trunk\CatapultServices\Tavisca.Catapult.External.ValidationTest\Validation.xml'..</Message>
          <StackTrace>    at System.IO.__Error.WinIOError(Int32 errorCode, String maybeFullPath)
   at System.IO.FileStream.Init(String path, FileMode mode, FileAccess access, Int32 rights, Boolean useRights, FileShare share, Int32 bufferSize, FileOptions options, SECURITY_ATTRIBUTES secAttrs, String msgPath, Boolean bFromProxy, Boolean useLongPath, Boolean checkHost)
   at System.IO.FileStream..ctor(String path, FileMode mode, FileAccess access, FileShare share, Int32 bufferSize)
   at System.Xml.XmlDownloadManager.GetStream(Uri uri, ICredentials credentials, IWebProxy proxy, RequestCachePolicy cachePolicy)
   at System.Xml.XmlUrlResolver.GetEntity(Uri absoluteUri, String role, Type ofObjectToReturn)
   at System.Xml.XmlTextReaderImpl.FinishInitUriString()
   at System.Xml.XmlTextReaderImpl..ctor(String uriStr, XmlReaderSettings settings, XmlParserContext context, XmlResolver uriResolver)
   at System.Xml.XmlReaderSettings.CreateReader(String inputUri, XmlParserContext inputContext)
   at System.Xml.XmlReader.Create(String inputUri, XmlReaderSettings settings, XmlParserContext inputContext)
   at System.Xml.Linq.XDocument.Load(String uri, LoadOptions options)
   at Tavisca.Validation.DynamicXmlParser..ctor(String filePath)
   at Tavisca.Validation.ValidationBuilder.Build(String configFilePath)
   at Tavisca.Validation.Validation.Build(String configurationFilePath)
   at Tavisca.Catapult.External.ValidationTest.PassengerValidationTest.InitializeValidation() in d:\Code\TOM\Catapult\Code\trunk\CatapultServices\Tavisca.Catapult.External.ValidationTest\PassengerValidationTest.cs:line 35
</StackTrace>
        </ErrorInfo>
      </Output>
    </UnitTestResult>
    <UnitTestResult executionId="359e1c90-a255-4db6-a14a-33e7104661ea" testId="e0dc2f2a-1b1b-27ac-bda5-f9afd4ad6cce" testName="PassengerForFirstNameValueIsEmptyInValidTest" computerName="PHOENIXX" duration="00:00:00.0009899" startTime="2013-08-09T22:01:52.8173722+05:30" endTime="2013-08-09T22:01:52.8183725+05:30" testType="13cdc9d9-ddb5-4fa4-a97d-d965ccfc6d4b" outcome="Failed" testListId="8c84fa94-04c1-424b-9868-57a2d4851a1d" relativeResultsDirectory="359e1c90-a255-4db6-a14a-33e7104661ea">
      <Output>
        <ErrorInfo>
          <Message>Initialization method Tavisca.Catapult.External.ValidationTest.PassengerValidationTest.InitializeValidation threw exception. System.IO.DirectoryNotFoundException: System.IO.DirectoryNotFoundException: Could not find a part of the path 'D:\CodeBase\Catapult\trunk\CatapultServices\Tavisca.Catapult.External.ValidationTest\Validation.xml'..</Message>
          <StackTrace>    at System.IO.__Error.WinIOError(Int32 errorCode, String maybeFullPath)
   at System.IO.FileStream.Init(String path, FileMode mode, FileAccess access, Int32 rights, Boolean useRights, FileShare share, Int32 bufferSize, FileOptions options, SECURITY_ATTRIBUTES secAttrs, String msgPath, Boolean bFromProxy, Boolean useLongPath, Boolean checkHost)
   at System.IO.FileStream..ctor(String path, FileMode mode, FileAccess access, FileShare share, Int32 bufferSize)
   at System.Xml.XmlDownloadManager.GetStream(Uri uri, ICredentials credentials, IWebProxy proxy, RequestCachePolicy cachePolicy)
   at System.Xml.XmlUrlResolver.GetEntity(Uri absoluteUri, String role, Type ofObjectToReturn)
   at System.Xml.XmlTextReaderImpl.FinishInitUriString()
   at System.Xml.XmlTextReaderImpl..ctor(String uriStr, XmlReaderSettings settings, XmlParserContext context, XmlResolver uriResolver)
   at System.Xml.XmlReaderSettings.CreateReader(String inputUri, XmlParserContext inputContext)
   at System.Xml.XmlReader.Create(String inputUri, XmlReaderSettings settings, XmlParserContext inputContext)
   at System.Xml.Linq.XDocument.Load(String uri, LoadOptions options)
   at Tavisca.Validation.DynamicXmlParser..ctor(String filePath)
   at Tavisca.Validation.ValidationBuilder.Build(String configFilePath)
   at Tavisca.Validation.Validation.Build(String configurationFilePath)
   at Tavisca.Catapult.External.ValidationTest.PassengerValidationTest.InitializeValidation() in d:\Code\TOM\Catapult\Code\trunk\CatapultServices\Tavisca.Catapult.External.ValidationTest\PassengerValidationTest.cs:line 35
</StackTrace>
        </ErrorInfo>
      </Output>
    </UnitTestResult>
    <UnitTestResult executionId="c4426e31-856f-4b3b-ae38-be91ce6e011f" testId="a67e4ad5-d1d5-6311-c344-a928cea18c06" testName="PassengerForFirstNameValueAlphaNumericInValidTest" computerName="PHOENIXX" duration="00:00:00.0009379" startTime="2013-08-09T22:01:52.8183725+05:30" endTime="2013-08-09T22:01:52.8193728+05:30" testType="13cdc9d9-ddb5-4fa4-a97d-d965ccfc6d4b" outcome="Failed" testListId="8c84fa94-04c1-424b-9868-57a2d4851a1d" relativeResultsDirectory="c4426e31-856f-4b3b-ae38-be91ce6e011f">
      <Output>
        <ErrorInfo>
          <Message>Initialization method Tavisca.Catapult.External.ValidationTest.PassengerValidationTest.InitializeValidation threw exception. System.IO.DirectoryNotFoundException: System.IO.DirectoryNotFoundException: Could not find a part of the path 'D:\CodeBase\Catapult\trunk\CatapultServices\Tavisca.Catapult.External.ValidationTest\Validation.xml'..</Message>
          <StackTrace>    at System.IO.__Error.WinIOError(Int32 errorCode, String maybeFullPath)
   at System.IO.FileStream.Init(String path, FileMode mode, FileAccess access, Int32 rights, Boolean useRights, FileShare share, Int32 bufferSize, FileOptions options, SECURITY_ATTRIBUTES secAttrs, String msgPath, Boolean bFromProxy, Boolean useLongPath, Boolean checkHost)
   at System.IO.FileStream..ctor(String path, FileMode mode, FileAccess access, FileShare share, Int32 bufferSize)
   at System.Xml.XmlDownloadManager.GetStream(Uri uri, ICredentials credentials, IWebProxy proxy, RequestCachePolicy cachePolicy)
   at System.Xml.XmlUrlResolver.GetEntity(Uri absoluteUri, String role, Type ofObjectToReturn)
   at System.Xml.XmlTextReaderImpl.FinishInitUriString()
   at System.Xml.XmlTextReaderImpl..ctor(String uriStr, XmlReaderSettings settings, XmlParserContext context, XmlResolver uriResolver)
   at System.Xml.XmlReaderSettings.CreateReader(String inputUri, XmlParserContext inputContext)
   at System.Xml.XmlReader.Create(String inputUri, XmlReaderSettings settings, XmlParserContext inputContext)
   at System.Xml.Linq.XDocument.Load(String uri, LoadOptions options)
   at Tavisca.Validation.DynamicXmlParser..ctor(String filePath)
   at Tavisca.Validation.ValidationBuilder.Build(String configFilePath)
   at Tavisca.Validation.Validation.Build(String configurationFilePath)
   at Tavisca.Catapult.External.ValidationTest.PassengerValidationTest.InitializeValidation() in d:\Code\TOM\Catapult\Code\trunk\CatapultServices\Tavisca.Catapult.External.ValidationTest\PassengerValidationTest.cs:line 35
</StackTrace>
        </ErrorInfo>
      </Output>
    </UnitTestResult>
    <UnitTestResult executionId="70712db7-fb04-4418-9541-4f6afe4e904b" testId="f2a9851e-17e1-b631-0c10-c33d59cf4b71" testName="PassengerForFirstNameValueContainsDashValidTest" computerName="PHOENIXX" duration="00:00:00.0009463" startTime="2013-08-09T22:01:52.8193728+05:30" endTime="2013-08-09T22:01:52.8203731+05:30" testType="13cdc9d9-ddb5-4fa4-a97d-d965ccfc6d4b" outcome="Failed" testListId="8c84fa94-04c1-424b-9868-57a2d4851a1d" relativeResultsDirectory="70712db7-fb04-4418-9541-4f6afe4e904b">
      <Output>
        <ErrorInfo>
          <Message>Initialization method Tavisca.Catapult.External.ValidationTest.PassengerValidationTest.InitializeValidation threw exception. System.IO.DirectoryNotFoundException: System.IO.DirectoryNotFoundException: Could not find a part of the path 'D:\CodeBase\Catapult\trunk\CatapultServices\Tavisca.Catapult.External.ValidationTest\Validation.xml'..</Message>
          <StackTrace>    at System.IO.__Error.WinIOError(Int32 errorCode, String maybeFullPath)
   at System.IO.FileStream.Init(String path, FileMode mode, FileAccess access, Int32 rights, Boolean useRights, FileShare share, Int32 bufferSize, FileOptions options, SECURITY_ATTRIBUTES secAttrs, String msgPath, Boolean bFromProxy, Boolean useLongPath, Boolean checkHost)
   at System.IO.FileStream..ctor(String path, FileMode mode, FileAccess access, FileShare share, Int32 bufferSize)
   at System.Xml.XmlDownloadManager.GetStream(Uri uri, ICredentials credentials, IWebProxy proxy, RequestCachePolicy cachePolicy)
   at System.Xml.XmlUrlResolver.GetEntity(Uri absoluteUri, String role, Type ofObjectToReturn)
   at System.Xml.XmlTextReaderImpl.FinishInitUriString()
   at System.Xml.XmlTextReaderImpl..ctor(String uriStr, XmlReaderSettings settings, XmlParserContext context, XmlResolver uriResolver)
   at System.Xml.XmlReaderSettings.CreateReader(String inputUri, XmlParserContext inputContext)
   at System.Xml.XmlReader.Create(String inputUri, XmlReaderSettings settings, XmlParserContext inputContext)
   at System.Xml.Linq.XDocument.Load(String uri, LoadOptions options)
   at Tavisca.Validation.DynamicXmlParser..ctor(String filePath)
   at Tavisca.Validation.ValidationBuilder.Build(String configFilePath)
   at Tavisca.Validation.Validation.Build(String configurationFilePath)
   at Tavisca.Catapult.External.ValidationTest.PassengerValidationTest.InitializeValidation() in d:\Code\TOM\Catapult\Code\trunk\CatapultServices\Tavisca.Catapult.External.ValidationTest\PassengerValidationTest.cs:line 35
</StackTrace>
        </ErrorInfo>
      </Output>
    </UnitTestResult>
    <UnitTestResult executionId="f591fa84-ff9c-4416-8651-cd839a2eed42" testId="dd593885-d094-d824-b884-ce6a45cec3c9" testName="PassengerForFirstNameValueContainsApostropheValidTest" computerName="PHOENIXX" duration="00:00:00.0009430" startTime="2013-08-09T22:01:52.8203731+05:30" endTime="2013-08-09T22:01:52.8213734+05:30" testType="13cdc9d9-ddb5-4fa4-a97d-d965ccfc6d4b" outcome="Failed" testListId="8c84fa94-04c1-424b-9868-57a2d4851a1d" relativeResultsDirectory="f591fa84-ff9c-4416-8651-cd839a2eed42">
      <Output>
        <ErrorInfo>
          <Message>Initialization method Tavisca.Catapult.External.ValidationTest.PassengerValidationTest.InitializeValidation threw exception. System.IO.DirectoryNotFoundException: System.IO.DirectoryNotFoundException: Could not find a part of the path 'D:\CodeBase\Catapult\trunk\CatapultServices\Tavisca.Catapult.External.ValidationTest\Validation.xml'..</Message>
          <StackTrace>    at System.IO.__Error.WinIOError(Int32 errorCode, String maybeFullPath)
   at System.IO.FileStream.Init(String path, FileMode mode, FileAccess access, Int32 rights, Boolean useRights, FileShare share, Int32 bufferSize, FileOptions options, SECURITY_ATTRIBUTES secAttrs, String msgPath, Boolean bFromProxy, Boolean useLongPath, Boolean checkHost)
   at System.IO.FileStream..ctor(String path, FileMode mode, FileAccess access, FileShare share, Int32 bufferSize)
   at System.Xml.XmlDownloadManager.GetStream(Uri uri, ICredentials credentials, IWebProxy proxy, RequestCachePolicy cachePolicy)
   at System.Xml.XmlUrlResolver.GetEntity(Uri absoluteUri, String role, Type ofObjectToReturn)
   at System.Xml.XmlTextReaderImpl.FinishInitUriString()
   at System.Xml.XmlTextReaderImpl..ctor(String uriStr, XmlReaderSettings settings, XmlParserContext context, XmlResolver uriResolver)
   at System.Xml.XmlReaderSettings.CreateReader(String inputUri, XmlParserContext inputContext)
   at System.Xml.XmlReader.Create(String inputUri, XmlReaderSettings settings, XmlParserContext inputContext)
   at System.Xml.Linq.XDocument.Load(String uri, LoadOptions options)
   at Tavisca.Validation.DynamicXmlParser..ctor(String filePath)
   at Tavisca.Validation.ValidationBuilder.Build(String configFilePath)
   at Tavisca.Validation.Validation.Build(String configurationFilePath)
   at Tavisca.Catapult.External.ValidationTest.PassengerValidationTest.InitializeValidation() in d:\Code\TOM\Catapult\Code\trunk\CatapultServices\Tavisca.Catapult.External.ValidationTest\PassengerValidationTest.cs:line 35
</StackTrace>
        </ErrorInfo>
      </Output>
    </UnitTestResult>
    <UnitTestResult executionId="bf27ca24-fa07-49d4-973d-62091c548f20" testId="272b86d1-919b-7a30-1dc9-4dc307d32fbd" testName="PassengerForFirstNameValueContainsDotValidTest" computerName="PHOENIXX" duration="00:00:00.0009405" startTime="2013-08-09T22:01:52.8213734+05:30" endTime="2013-08-09T22:01:52.8223737+05:30" testType="13cdc9d9-ddb5-4fa4-a97d-d965ccfc6d4b" outcome="Failed" testListId="8c84fa94-04c1-424b-9868-57a2d4851a1d" relativeResultsDirectory="bf27ca24-fa07-49d4-973d-62091c548f20">
      <Output>
        <ErrorInfo>
          <Message>Initialization method Tavisca.Catapult.External.ValidationTest.PassengerValidationTest.InitializeValidation threw exception. System.IO.DirectoryNotFoundException: System.IO.DirectoryNotFoundException: Could not find a part of the path 'D:\CodeBase\Catapult\trunk\CatapultServices\Tavisca.Catapult.External.ValidationTest\Validation.xml'..</Message>
          <StackTrace>    at System.IO.__Error.WinIOError(Int32 errorCode, String maybeFullPath)
   at System.IO.FileStream.Init(String path, FileMode mode, FileAccess access, Int32 rights, Boolean useRights, FileShare share, Int32 bufferSize, FileOptions options, SECURITY_ATTRIBUTES secAttrs, String msgPath, Boolean bFromProxy, Boolean useLongPath, Boolean checkHost)
   at System.IO.FileStream..ctor(String path, FileMode mode, FileAccess access, FileShare share, Int32 bufferSize)
   at System.Xml.XmlDownloadManager.GetStream(Uri uri, ICredentials credentials, IWebProxy proxy, RequestCachePolicy cachePolicy)
   at System.Xml.XmlUrlResolver.GetEntity(Uri absoluteUri, String role, Type ofObjectToReturn)
   at System.Xml.XmlTextReaderImpl.FinishInitUriString()
   at System.Xml.XmlTextReaderImpl..ctor(String uriStr, XmlReaderSettings settings, XmlParserContext context, XmlResolver uriResolver)
   at System.Xml.XmlReaderSettings.CreateReader(String inputUri, XmlParserContext inputContext)
   at System.Xml.XmlReader.Create(String inputUri, XmlReaderSettings settings, XmlParserContext inputContext)
   at System.Xml.Linq.XDocument.Load(String uri, LoadOptions options)
   at Tavisca.Validation.DynamicXmlParser..ctor(String filePath)
   at Tavisca.Validation.ValidationBuilder.Build(String configFilePath)
   at Tavisca.Validation.Validation.Build(String configurationFilePath)
   at Tavisca.Catapult.External.ValidationTest.PassengerValidationTest.InitializeValidation() in d:\Code\TOM\Catapult\Code\trunk\CatapultServices\Tavisca.Catapult.External.ValidationTest\PassengerValidationTest.cs:line 35
</StackTrace>
        </ErrorInfo>
      </Output>
    </UnitTestResult>
    <UnitTestResult executionId="3d79b841-25db-44bf-81fe-93dcee8a66a3" testId="9bcf61c8-ad05-b2ea-f077-089bbea52998" testName="PassengerForFirstNameValueContainsCommaValidTest" computerName="PHOENIXX" duration="00:00:00.0009398" startTime="2013-08-09T22:01:52.8223737+05:30" endTime="2013-08-09T22:01:52.8233740+05:30" testType="13cdc9d9-ddb5-4fa4-a97d-d965ccfc6d4b" outcome="Failed" testListId="8c84fa94-04c1-424b-9868-57a2d4851a1d" relativeResultsDirectory="3d79b841-25db-44bf-81fe-93dcee8a66a3">
      <Output>
        <ErrorInfo>
          <Message>Initialization method Tavisca.Catapult.External.ValidationTest.PassengerValidationTest.InitializeValidation threw exception. System.IO.DirectoryNotFoundException: System.IO.DirectoryNotFoundException: Could not find a part of the path 'D:\CodeBase\Catapult\trunk\CatapultServices\Tavisca.Catapult.External.ValidationTest\Validation.xml'..</Message>
          <StackTrace>    at System.IO.__Error.WinIOError(Int32 errorCode, String maybeFullPath)
   at System.IO.FileStream.Init(String path, FileMode mode, FileAccess access, Int32 rights, Boolean useRights, FileShare share, Int32 bufferSize, FileOptions options, SECURITY_ATTRIBUTES secAttrs, String msgPath, Boolean bFromProxy, Boolean useLongPath, Boolean checkHost)
   at System.IO.FileStream..ctor(String path, FileMode mode, FileAccess access, FileShare share, Int32 bufferSize)
   at System.Xml.XmlDownloadManager.GetStream(Uri uri, ICredentials credentials, IWebProxy proxy, RequestCachePolicy cachePolicy)
   at System.Xml.XmlUrlResolver.GetEntity(Uri absoluteUri, String role, Type ofObjectToReturn)
   at System.Xml.XmlTextReaderImpl.FinishInitUriString()
   at System.Xml.XmlTextReaderImpl..ctor(String uriStr, XmlReaderSettings settings, XmlParserContext context, XmlResolver uriResolver)
   at System.Xml.XmlReaderSettings.CreateReader(String inputUri, XmlParserContext inputContext)
   at System.Xml.XmlReader.Create(String inputUri, XmlReaderSettings settings, XmlParserContext inputContext)
   at System.Xml.Linq.XDocument.Load(String uri, LoadOptions options)
   at Tavisca.Validation.DynamicXmlParser..ctor(String filePath)
   at Tavisca.Validation.ValidationBuilder.Build(String configFilePath)
   at Tavisca.Validation.Validation.Build(String configurationFilePath)
   at Tavisca.Catapult.External.ValidationTest.PassengerValidationTest.InitializeValidation() in d:\Code\TOM\Catapult\Code\trunk\CatapultServices\Tavisca.Catapult.External.ValidationTest\PassengerValidationTest.cs:line 35
</StackTrace>
        </ErrorInfo>
      </Output>
    </UnitTestResult>
    <UnitTestResult executionId="b9743fa8-b21e-4974-8028-5f24f07bb435" testId="da45cbde-6cb8-92da-f539-00965f0fda56" testName="PassengerForLastNameValueIsNullInValidTest" computerName="PHOENIXX" duration="00:00:00.0009719" startTime="2013-08-09T22:01:52.8233740+05:30" endTime="2013-08-09T22:01:52.8253746+05:30" testType="13cdc9d9-ddb5-4fa4-a97d-d965ccfc6d4b" outcome="Failed" testListId="8c84fa94-04c1-424b-9868-57a2d4851a1d" relativeResultsDirectory="b9743fa8-b21e-4974-8028-5f24f07bb435">
      <Output>
        <ErrorInfo>
          <Message>Initialization method Tavisca.Catapult.External.ValidationTest.PassengerValidationTest.InitializeValidation threw exception. System.IO.DirectoryNotFoundException: System.IO.DirectoryNotFoundException: Could not find a part of the path 'D:\CodeBase\Catapult\trunk\CatapultServices\Tavisca.Catapult.External.ValidationTest\Validation.xml'..</Message>
          <StackTrace>    at System.IO.__Error.WinIOError(Int32 errorCode, String maybeFullPath)
   at System.IO.FileStream.Init(String path, FileMode mode, FileAccess access, Int32 rights, Boolean useRights, FileShare share, Int32 bufferSize, FileOptions options, SECURITY_ATTRIBUTES secAttrs, String msgPath, Boolean bFromProxy, Boolean useLongPath, Boolean checkHost)
   at System.IO.FileStream..ctor(String path, FileMode mode, FileAccess access, FileShare share, Int32 bufferSize)
   at System.Xml.XmlDownloadManager.GetStream(Uri uri, ICredentials credentials, IWebProxy proxy, RequestCachePolicy cachePolicy)
   at System.Xml.XmlUrlResolver.GetEntity(Uri absoluteUri, String role, Type ofObjectToReturn)
   at System.Xml.XmlTextReaderImpl.FinishInitUriString()
   at System.Xml.XmlTextReaderImpl..ctor(String uriStr, XmlReaderSettings settings, XmlParserContext context, XmlResolver uriResolver)
   at System.Xml.XmlReaderSettings.CreateReader(String inputUri, XmlParserContext inputContext)
   at System.Xml.XmlReader.Create(String inputUri, XmlReaderSettings settings, XmlParserContext inputContext)
   at System.Xml.Linq.XDocument.Load(String uri, LoadOptions options)
   at Tavisca.Validation.DynamicXmlParser..ctor(String filePath)
   at Tavisca.Validation.ValidationBuilder.Build(String configFilePath)
   at Tavisca.Validation.Validation.Build(String configurationFilePath)
   at Tavisca.Catapult.External.ValidationTest.PassengerValidationTest.InitializeValidation() in d:\Code\TOM\Catapult\Code\trunk\CatapultServices\Tavisca.Catapult.External.ValidationTest\PassengerValidationTest.cs:line 35
</StackTrace>
        </ErrorInfo>
      </Output>
    </UnitTestResult>
    <UnitTestResult executionId="a991a2f3-ae9e-479e-846c-9e6c6c942c70" testId="07ef8436-3b08-9eef-2f2b-82ef9e9d4f82" testName="PassengerForLastNameValueIsEmptyInValidTest" computerName="PHOENIXX" duration="00:00:00.0009405" startTime="2013-08-09T22:01:52.8253746+05:30" endTime="2013-08-09T22:01:52.8263749+05:30" testType="13cdc9d9-ddb5-4fa4-a97d-d965ccfc6d4b" outcome="Failed" testListId="8c84fa94-04c1-424b-9868-57a2d4851a1d" relativeResultsDirectory="a991a2f3-ae9e-479e-846c-9e6c6c942c70">
      <Output>
        <ErrorInfo>
          <Message>Initialization method Tavisca.Catapult.External.ValidationTest.PassengerValidationTest.InitializeValidation threw exception. System.IO.DirectoryNotFoundException: System.IO.DirectoryNotFoundException: Could not find a part of the path 'D:\CodeBase\Catapult\trunk\CatapultServices\Tavisca.Catapult.External.ValidationTest\Validation.xml'..</Message>
          <StackTrace>    at System.IO.__Error.WinIOError(Int32 errorCode, String maybeFullPath)
   at System.IO.FileStream.Init(String path, FileMode mode, FileAccess access, Int32 rights, Boolean useRights, FileShare share, Int32 bufferSize, FileOptions options, SECURITY_ATTRIBUTES secAttrs, String msgPath, Boolean bFromProxy, Boolean useLongPath, Boolean checkHost)
   at System.IO.FileStream..ctor(String path, FileMode mode, FileAccess access, FileShare share, Int32 bufferSize)
   at System.Xml.XmlDownloadManager.GetStream(Uri uri, ICredentials credentials, IWebProxy proxy, RequestCachePolicy cachePolicy)
   at System.Xml.XmlUrlResolver.GetEntity(Uri absoluteUri, String role, Type ofObjectToReturn)
   at System.Xml.XmlTextReaderImpl.FinishInitUriString()
   at System.Xml.XmlTextReaderImpl..ctor(String uriStr, XmlReaderSettings settings, XmlParserContext context, XmlResolver uriResolver)
   at System.Xml.XmlReaderSettings.CreateReader(String inputUri, XmlParserContext inputContext)
   at System.Xml.XmlReader.Create(String inputUri, XmlReaderSettings settings, XmlParserContext inputContext)
   at System.Xml.Linq.XDocument.Load(String uri, LoadOptions options)
   at Tavisca.Validation.DynamicXmlParser..ctor(String filePath)
   at Tavisca.Validation.ValidationBuilder.Build(String configFilePath)
   at Tavisca.Validation.Validation.Build(String configurationFilePath)
   at Tavisca.Catapult.External.ValidationTest.PassengerValidationTest.InitializeValidation() in d:\Code\TOM\Catapult\Code\trunk\CatapultServices\Tavisca.Catapult.External.ValidationTest\PassengerValidationTest.cs:line 35
</StackTrace>
        </ErrorInfo>
      </Output>
    </UnitTestResult>
    <UnitTestResult executionId="25811371-d852-41e3-9400-d8eb0c5a6eb7" testId="eee26cfa-f0b3-d06b-3b91-c8a20b5be632" testName="PassengerForLastNameValueAlphaNumericInValidTest" computerName="PHOENIXX" duration="00:00:00.0009430" startTime="2013-08-09T22:01:52.8263749+05:30" endTime="2013-08-09T22:01:52.8273752+05:30" testType="13cdc9d9-ddb5-4fa4-a97d-d965ccfc6d4b" outcome="Failed" testListId="8c84fa94-04c1-424b-9868-57a2d4851a1d" relativeResultsDirectory="25811371-d852-41e3-9400-d8eb0c5a6eb7">
      <Output>
        <ErrorInfo>
          <Message>Initialization method Tavisca.Catapult.External.ValidationTest.PassengerValidationTest.InitializeValidation threw exception. System.IO.DirectoryNotFoundException: System.IO.DirectoryNotFoundException: Could not find a part of the path 'D:\CodeBase\Catapult\trunk\CatapultServices\Tavisca.Catapult.External.ValidationTest\Validation.xml'..</Message>
          <StackTrace>    at System.IO.__Error.WinIOError(Int32 errorCode, String maybeFullPath)
   at System.IO.FileStream.Init(String path, FileMode mode, FileAccess access, Int32 rights, Boolean useRights, FileShare share, Int32 bufferSize, FileOptions options, SECURITY_ATTRIBUTES secAttrs, String msgPath, Boolean bFromProxy, Boolean useLongPath, Boolean checkHost)
   at System.IO.FileStream..ctor(String path, FileMode mode, FileAccess access, FileShare share, Int32 bufferSize)
   at System.Xml.XmlDownloadManager.GetStream(Uri uri, ICredentials credentials, IWebProxy proxy, RequestCachePolicy cachePolicy)
   at System.Xml.XmlUrlResolver.GetEntity(Uri absoluteUri, String role, Type ofObjectToReturn)
   at System.Xml.XmlTextReaderImpl.FinishInitUriString()
   at System.Xml.XmlTextReaderImpl..ctor(String uriStr, XmlReaderSettings settings, XmlParserContext context, XmlResolver uriResolver)
   at System.Xml.XmlReaderSettings.CreateReader(String inputUri, XmlParserContext inputContext)
   at System.Xml.XmlReader.Create(String inputUri, XmlReaderSettings settings, XmlParserContext inputContext)
   at System.Xml.Linq.XDocument.Load(String uri, LoadOptions options)
   at Tavisca.Validation.DynamicXmlParser..ctor(String filePath)
   at Tavisca.Validation.ValidationBuilder.Build(String configFilePath)
   at Tavisca.Validation.Validation.Build(String configurationFilePath)
   at Tavisca.Catapult.External.ValidationTest.PassengerValidationTest.InitializeValidation() in d:\Code\TOM\Catapult\Code\trunk\CatapultServices\Tavisca.Catapult.External.ValidationTest\PassengerValidationTest.cs:line 35
</StackTrace>
        </ErrorInfo>
      </Output>
    </UnitTestResult>
    <UnitTestResult executionId="4c990baa-9d9c-4cb6-95ad-76839525943f" testId="a25a16f4-6d3c-ba99-9e87-37276470efb2" testName="PassengerForLastNameValueContainsDashValidTest" computerName="PHOENIXX" duration="00:00:00.0009398" startTime="2013-08-09T22:01:52.8273752+05:30" endTime="2013-08-09T22:01:52.8283755+05:30" testType="13cdc9d9-ddb5-4fa4-a97d-d965ccfc6d4b" outcome="Failed" testListId="8c84fa94-04c1-424b-9868-57a2d4851a1d" relativeResultsDirectory="4c990baa-9d9c-4cb6-95ad-76839525943f">
      <Output>
        <ErrorInfo>
          <Message>Initialization method Tavisca.Catapult.External.ValidationTest.PassengerValidationTest.InitializeValidation threw exception. System.IO.DirectoryNotFoundException: System.IO.DirectoryNotFoundException: Could not find a part of the path 'D:\CodeBase\Catapult\trunk\CatapultServices\Tavisca.Catapult.External.ValidationTest\Validation.xml'..</Message>
          <StackTrace>    at System.IO.__Error.WinIOError(Int32 errorCode, String maybeFullPath)
   at System.IO.FileStream.Init(String path, FileMode mode, FileAccess access, Int32 rights, Boolean useRights, FileShare share, Int32 bufferSize, FileOptions options, SECURITY_ATTRIBUTES secAttrs, String msgPath, Boolean bFromProxy, Boolean useLongPath, Boolean checkHost)
   at System.IO.FileStream..ctor(String path, FileMode mode, FileAccess access, FileShare share, Int32 bufferSize)
   at System.Xml.XmlDownloadManager.GetStream(Uri uri, ICredentials credentials, IWebProxy proxy, RequestCachePolicy cachePolicy)
   at System.Xml.XmlUrlResolver.GetEntity(Uri absoluteUri, String role, Type ofObjectToReturn)
   at System.Xml.XmlTextReaderImpl.FinishInitUriString()
   at System.Xml.XmlTextReaderImpl..ctor(String uriStr, XmlReaderSettings settings, XmlParserContext context, XmlResolver uriResolver)
   at System.Xml.XmlReaderSettings.CreateReader(String inputUri, XmlParserContext inputContext)
   at System.Xml.XmlReader.Create(String inputUri, XmlReaderSettings settings, XmlParserContext inputContext)
   at System.Xml.Linq.XDocument.Load(String uri, LoadOptions options)
   at Tavisca.Validation.DynamicXmlParser..ctor(String filePath)
   at Tavisca.Validation.ValidationBuilder.Build(String configFilePath)
   at Tavisca.Validation.Validation.Build(String configurationFilePath)
   at Tavisca.Catapult.External.ValidationTest.PassengerValidationTest.InitializeValidation() in d:\Code\TOM\Catapult\Code\trunk\CatapultServices\Tavisca.Catapult.External.ValidationTest\PassengerValidationTest.cs:line 35
</StackTrace>
        </ErrorInfo>
      </Output>
    </UnitTestResult>
    <UnitTestResult executionId="94532454-d283-4395-ba76-230352602f1a" testId="a59e2896-9d23-255a-2305-c7c393adec1b" testName="PassengerForLastNameValueContainsApostropheValidTest" computerName="PHOENIXX" duration="00:00:00.0009366" startTime="2013-08-09T22:01:52.8283755+05:30" endTime="2013-08-09T22:01:52.8293758+05:30" testType="13cdc9d9-ddb5-4fa4-a97d-d965ccfc6d4b" outcome="Failed" testListId="8c84fa94-04c1-424b-9868-57a2d4851a1d" relativeResultsDirectory="94532454-d283-4395-ba76-230352602f1a">
      <Output>
        <ErrorInfo>
          <Message>Initialization method Tavisca.Catapult.External.ValidationTest.PassengerValidationTest.InitializeValidation threw exception. System.IO.DirectoryNotFoundException: System.IO.DirectoryNotFoundException: Could not find a part of the path 'D:\CodeBase\Catapult\trunk\CatapultServices\Tavisca.Catapult.External.ValidationTest\Validation.xml'..</Message>
          <StackTrace>    at System.IO.__Error.WinIOError(Int32 errorCode, String maybeFullPath)
   at System.IO.FileStream.Init(String path, FileMode mode, FileAccess access, Int32 rights, Boolean useRights, FileShare share, Int32 bufferSize, FileOptions options, SECURITY_ATTRIBUTES secAttrs, String msgPath, Boolean bFromProxy, Boolean useLongPath, Boolean checkHost)
   at System.IO.FileStream..ctor(String path, FileMode mode, FileAccess access, FileShare share, Int32 bufferSize)
   at System.Xml.XmlDownloadManager.GetStream(Uri uri, ICredentials credentials, IWebProxy proxy, RequestCachePolicy cachePolicy)
   at System.Xml.XmlUrlResolver.GetEntity(Uri absoluteUri, String role, Type ofObjectToReturn)
   at System.Xml.XmlTextReaderImpl.FinishInitUriString()
   at System.Xml.XmlTextReaderImpl..ctor(String uriStr, XmlReaderSettings settings, XmlParserContext context, XmlResolver uriResolver)
   at System.Xml.XmlReaderSettings.CreateReader(String inputUri, XmlParserContext inputContext)
   at System.Xml.XmlReader.Create(String inputUri, XmlReaderSettings settings, XmlParserContext inputContext)
   at System.Xml.Linq.XDocument.Load(String uri, LoadOptions options)
   at Tavisca.Validation.DynamicXmlParser..ctor(String filePath)
   at Tavisca.Validation.ValidationBuilder.Build(String configFilePath)
   at Tavisca.Validation.Validation.Build(String configurationFilePath)
   at Tavisca.Catapult.External.ValidationTest.PassengerValidationTest.InitializeValidation() in d:\Code\TOM\Catapult\Code\trunk\CatapultServices\Tavisca.Catapult.External.ValidationTest\PassengerValidationTest.cs:line 35
</StackTrace>
        </ErrorInfo>
      </Output>
    </UnitTestResult>
    <UnitTestResult executionId="663b14b0-3d64-47b8-acb9-c15fca297f69" testId="e621ac65-0455-0fae-bfaf-4b4a3f77167e" testName="PassengerForLastNameValueContainsDotValidTest" computerName="PHOENIXX" duration="00:00:00.0009405" startTime="2013-08-09T22:01:52.8293758+05:30" endTime="2013-08-09T22:01:52.8303761+05:30" testType="13cdc9d9-ddb5-4fa4-a97d-d965ccfc6d4b" outcome="Failed" testListId="8c84fa94-04c1-424b-9868-57a2d4851a1d" relativeResultsDirectory="663b14b0-3d64-47b8-acb9-c15fca297f69">
      <Output>
        <ErrorInfo>
          <Message>Initialization method Tavisca.Catapult.External.ValidationTest.PassengerValidationTest.InitializeValidation threw exception. System.IO.DirectoryNotFoundException: System.IO.DirectoryNotFoundException: Could not find a part of the path 'D:\CodeBase\Catapult\trunk\CatapultServices\Tavisca.Catapult.External.ValidationTest\Validation.xml'..</Message>
          <StackTrace>    at System.IO.__Error.WinIOError(Int32 errorCode, String maybeFullPath)
   at System.IO.FileStream.Init(String path, FileMode mode, FileAccess access, Int32 rights, Boolean useRights, FileShare share, Int32 bufferSize, FileOptions options, SECURITY_ATTRIBUTES secAttrs, String msgPath, Boolean bFromProxy, Boolean useLongPath, Boolean checkHost)
   at System.IO.FileStream..ctor(String path, FileMode mode, FileAccess access, FileShare share, Int32 bufferSize)
   at System.Xml.XmlDownloadManager.GetStream(Uri uri, ICredentials credentials, IWebProxy proxy, RequestCachePolicy cachePolicy)
   at System.Xml.XmlUrlResolver.GetEntity(Uri absoluteUri, String role, Type ofObjectToReturn)
   at System.Xml.XmlTextReaderImpl.FinishInitUriString()
   at System.Xml.XmlTextReaderImpl..ctor(String uriStr, XmlReaderSettings settings, XmlParserContext context, XmlResolver uriResolver)
   at System.Xml.XmlReaderSettings.CreateReader(String inputUri, XmlParserContext inputContext)
   at System.Xml.XmlReader.Create(String inputUri, XmlReaderSettings settings, XmlParserContext inputContext)
   at System.Xml.Linq.XDocument.Load(String uri, LoadOptions options)
   at Tavisca.Validation.DynamicXmlParser..ctor(String filePath)
   at Tavisca.Validation.ValidationBuilder.Build(String configFilePath)
   at Tavisca.Validation.Validation.Build(String configurationFilePath)
   at Tavisca.Catapult.External.ValidationTest.PassengerValidationTest.InitializeValidation() in d:\Code\TOM\Catapult\Code\trunk\CatapultServices\Tavisca.Catapult.External.ValidationTest\PassengerValidationTest.cs:line 35
</StackTrace>
        </ErrorInfo>
      </Output>
    </UnitTestResult>
    <UnitTestResult executionId="b16afc3c-43f5-4364-ae8b-f23c653bd4a0" testId="2bd19120-2d40-673e-d087-9fc4c9cb698b" testName="PassengerForLastNameValueContainsCommaValidTest" computerName="PHOENIXX" duration="00:00:00.0021729" startTime="2013-08-09T22:01:52.8303761+05:30" endTime="2013-08-09T22:01:52.8323767+05:30" testType="13cdc9d9-ddb5-4fa4-a97d-d965ccfc6d4b" outcome="Failed" testListId="8c84fa94-04c1-424b-9868-57a2d4851a1d" relativeResultsDirectory="b16afc3c-43f5-4364-ae8b-f23c653bd4a0">
      <Output>
        <ErrorInfo>
          <Message>Initialization method Tavisca.Catapult.External.ValidationTest.PassengerValidationTest.InitializeValidation threw exception. System.IO.DirectoryNotFoundException: System.IO.DirectoryNotFoundException: Could not find a part of the path 'D:\CodeBase\Catapult\trunk\CatapultServices\Tavisca.Catapult.External.ValidationTest\Validation.xml'..</Message>
          <StackTrace>    at System.IO.__Error.WinIOError(Int32 errorCode, String maybeFullPath)
   at System.IO.FileStream.Init(String path, FileMode mode, FileAccess access, Int32 rights, Boolean useRights, FileShare share, Int32 bufferSize, FileOptions options, SECURITY_ATTRIBUTES secAttrs, String msgPath, Boolean bFromProxy, Boolean useLongPath, Boolean checkHost)
   at System.IO.FileStream..ctor(String path, FileMode mode, FileAccess access, FileShare share, Int32 bufferSize)
   at System.Xml.XmlDownloadManager.GetStream(Uri uri, ICredentials credentials, IWebProxy proxy, RequestCachePolicy cachePolicy)
   at System.Xml.XmlUrlResolver.GetEntity(Uri absoluteUri, String role, Type ofObjectToReturn)
   at System.Xml.XmlTextReaderImpl.FinishInitUriString()
   at System.Xml.XmlTextReaderImpl..ctor(String uriStr, XmlReaderSettings settings, XmlParserContext context, XmlResolver uriResolver)
   at System.Xml.XmlReaderSettings.CreateReader(String inputUri, XmlParserContext inputContext)
   at System.Xml.XmlReader.Create(String inputUri, XmlReaderSettings settings, XmlParserContext inputContext)
   at System.Xml.Linq.XDocument.Load(String uri, LoadOptions options)
   at Tavisca.Validation.DynamicXmlParser..ctor(String filePath)
   at Tavisca.Validation.ValidationBuilder.Build(String configFilePath)
   at Tavisca.Validation.Validation.Build(String configurationFilePath)
   at Tavisca.Catapult.External.ValidationTest.PassengerValidationTest.InitializeValidation() in d:\Code\TOM\Catapult\Code\trunk\CatapultServices\Tavisca.Catapult.External.ValidationTest\PassengerValidationTest.cs:line 35
</StackTrace>
        </ErrorInfo>
      </Output>
    </UnitTestResult>
    <UnitTestResult executionId="83b2811a-98d4-47fc-8b2d-3f33940aa5ac" testId="4d77376c-bcfe-54be-1c0a-661b1347bbde" testName="PassengerForIndexZeroValidTest" computerName="PHOENIXX" duration="00:00:00.0010527" startTime="2013-08-09T22:01:52.8323767+05:30" endTime="2013-08-09T22:01:52.8343773+05:30" testType="13cdc9d9-ddb5-4fa4-a97d-d965ccfc6d4b" outcome="Failed" testListId="8c84fa94-04c1-424b-9868-57a2d4851a1d" relativeResultsDirectory="83b2811a-98d4-47fc-8b2d-3f33940aa5ac">
      <Output>
        <ErrorInfo>
          <Message>Initialization method Tavisca.Catapult.External.ValidationTest.PassengerValidationTest.InitializeValidation threw exception. System.IO.DirectoryNotFoundException: System.IO.DirectoryNotFoundException: Could not find a part of the path 'D:\CodeBase\Catapult\trunk\CatapultServices\Tavisca.Catapult.External.ValidationTest\Validation.xml'..</Message>
          <StackTrace>    at System.IO.__Error.WinIOError(Int32 errorCode, String maybeFullPath)
   at System.IO.FileStream.Init(String path, FileMode mode, FileAccess access, Int32 rights, Boolean useRights, FileShare share, Int32 bufferSize, FileOptions options, SECURITY_ATTRIBUTES secAttrs, String msgPath, Boolean bFromProxy, Boolean useLongPath, Boolean checkHost)
   at System.IO.FileStream..ctor(String path, FileMode mode, FileAccess access, FileShare share, Int32 bufferSize)
   at System.Xml.XmlDownloadManager.GetStream(Uri uri, ICredentials credentials, IWebProxy proxy, RequestCachePolicy cachePolicy)
   at System.Xml.XmlUrlResolver.GetEntity(Uri absoluteUri, String role, Type ofObjectToReturn)
   at System.Xml.XmlTextReaderImpl.FinishInitUriString()
   at System.Xml.XmlTextReaderImpl..ctor(String uriStr, XmlReaderSettings settings, XmlParserContext context, XmlResolver uriResolver)
   at System.Xml.XmlReaderSettings.CreateReader(String inputUri, XmlParserContext inputContext)
   at System.Xml.XmlReader.Create(String inputUri, XmlReaderSettings settings, XmlParserContext inputContext)
   at System.Xml.Linq.XDocument.Load(String uri, LoadOptions options)
   at Tavisca.Validation.DynamicXmlParser..ctor(String filePath)
   at Tavisca.Validation.ValidationBuilder.Build(String configFilePath)
   at Tavisca.Validation.Validation.Build(String configurationFilePath)
   at Tavisca.Catapult.External.ValidationTest.PassengerValidationTest.InitializeValidation() in d:\Code\TOM\Catapult\Code\trunk\CatapultServices\Tavisca.Catapult.External.ValidationTest\PassengerValidationTest.cs:line 35
</StackTrace>
        </ErrorInfo>
      </Output>
    </UnitTestResult>
    <UnitTestResult executionId="57253501-4f7c-4b45-90a9-34e5e1f7225c" testId="4455520b-7a0c-0c03-d18a-3460b289c87e" testName="PassengerForIndexEighteenValidTest" computerName="PHOENIXX" duration="00:00:00.0009841" startTime="2013-08-09T22:01:52.8343773+05:30" endTime="2013-08-09T22:01:52.8353776+05:30" testType="13cdc9d9-ddb5-4fa4-a97d-d965ccfc6d4b" outcome="Failed" testListId="8c84fa94-04c1-424b-9868-57a2d4851a1d" relativeResultsDirectory="57253501-4f7c-4b45-90a9-34e5e1f7225c">
      <Output>
        <ErrorInfo>
          <Message>Initialization method Tavisca.Catapult.External.ValidationTest.PassengerValidationTest.InitializeValidation threw exception. System.IO.DirectoryNotFoundException: System.IO.DirectoryNotFoundException: Could not find a part of the path 'D:\CodeBase\Catapult\trunk\CatapultServices\Tavisca.Catapult.External.ValidationTest\Validation.xml'..</Message>
          <StackTrace>    at System.IO.__Error.WinIOError(Int32 errorCode, String maybeFullPath)
   at System.IO.FileStream.Init(String path, FileMode mode, FileAccess access, Int32 rights, Boolean useRights, FileShare share, Int32 bufferSize, FileOptions options, SECURITY_ATTRIBUTES secAttrs, String msgPath, Boolean bFromProxy, Boolean useLongPath, Boolean checkHost)
   at System.IO.FileStream..ctor(String path, FileMode mode, FileAccess access, FileShare share, Int32 bufferSize)
   at System.Xml.XmlDownloadManager.GetStream(Uri uri, ICredentials credentials, IWebProxy proxy, RequestCachePolicy cachePolicy)
   at System.Xml.XmlUrlResolver.GetEntity(Uri absoluteUri, String role, Type ofObjectToReturn)
   at System.Xml.XmlTextReaderImpl.FinishInitUriString()
   at System.Xml.XmlTextReaderImpl..ctor(String uriStr, XmlReaderSettings settings, XmlParserContext context, XmlResolver uriResolver)
   at System.Xml.XmlReaderSettings.CreateReader(String inputUri, XmlParserContext inputContext)
   at System.Xml.XmlReader.Create(String inputUri, XmlReaderSettings settings, XmlParserContext inputContext)
   at System.Xml.Linq.XDocument.Load(String uri, LoadOptions options)
   at Tavisca.Validation.DynamicXmlParser..ctor(String filePath)
   at Tavisca.Validation.ValidationBuilder.Build(String configFilePath)
   at Tavisca.Validation.Validation.Build(String configurationFilePath)
   at Tavisca.Catapult.External.ValidationTest.PassengerValidationTest.InitializeValidation() in d:\Code\TOM\Catapult\Code\trunk\CatapultServices\Tavisca.Catapult.External.ValidationTest\PassengerValidationTest.cs:line 35
</StackTrace>
        </ErrorInfo>
      </Output>
    </UnitTestResult>
    <UnitTestResult executionId="abce32dd-5c69-4d58-a86b-d82b85a04352" testId="a89274d8-7924-8654-634a-1d2ac017203b" testName="PassengerForIndexMoreThanEighteenInValidTest" computerName="PHOENIXX" duration="00:00:00.0009386" startTime="2013-08-09T22:01:52.8353776+05:30" endTime="2013-08-09T22:01:52.8363779+05:30" testType="13cdc9d9-ddb5-4fa4-a97d-d965ccfc6d4b" outcome="Failed" testListId="8c84fa94-04c1-424b-9868-57a2d4851a1d" relativeResultsDirectory="abce32dd-5c69-4d58-a86b-d82b85a04352">
      <Output>
        <ErrorInfo>
          <Message>Initialization method Tavisca.Catapult.External.ValidationTest.PassengerValidationTest.InitializeValidation threw exception. System.IO.DirectoryNotFoundException: System.IO.DirectoryNotFoundException: Could not find a part of the path 'D:\CodeBase\Catapult\trunk\CatapultServices\Tavisca.Catapult.External.ValidationTest\Validation.xml'..</Message>
          <StackTrace>    at System.IO.__Error.WinIOError(Int32 errorCode, String maybeFullPath)
   at System.IO.FileStream.Init(String path, FileMode mode, FileAccess access, Int32 rights, Boolean useRights, FileShare share, Int32 bufferSize, FileOptions options, SECURITY_ATTRIBUTES secAttrs, String msgPath, Boolean bFromProxy, Boolean useLongPath, Boolean checkHost)
   at System.IO.FileStream..ctor(String path, FileMode mode, FileAccess access, FileShare share, Int32 bufferSize)
   at System.Xml.XmlDownloadManager.GetStream(Uri uri, ICredentials credentials, IWebProxy proxy, RequestCachePolicy cachePolicy)
   at System.Xml.XmlUrlResolver.GetEntity(Uri absoluteUri, String role, Type ofObjectToReturn)
   at System.Xml.XmlTextReaderImpl.FinishInitUriString()
   at System.Xml.XmlTextReaderImpl..ctor(String uriStr, XmlReaderSettings settings, XmlParserContext context, XmlResolver uriResolver)
   at System.Xml.XmlReaderSettings.CreateReader(String inputUri, XmlParserContext inputContext)
   at System.Xml.XmlReader.Create(String inputUri, XmlReaderSettings settings, XmlParserContext inputContext)
   at System.Xml.Linq.XDocument.Load(String uri, LoadOptions options)
   at Tavisca.Validation.DynamicXmlParser..ctor(String filePath)
   at Tavisca.Validation.ValidationBuilder.Build(String configFilePath)
   at Tavisca.Validation.Validation.Build(String configurationFilePath)
   at Tavisca.Catapult.External.ValidationTest.PassengerValidationTest.InitializeValidation() in d:\Code\TOM\Catapult\Code\trunk\CatapultServices\Tavisca.Catapult.External.ValidationTest\PassengerValidationTest.cs:line 35
</StackTrace>
        </ErrorInfo>
      </Output>
    </UnitTestResult>
    <UnitTestResult executionId="c83a9a2f-a1a7-487c-99d9-044459929b19" testId="62dde2b6-2c1e-edbc-a356-9cd9ed7b06ef" testName="PassengerForPhoneValueIsNullInValidTest" computerName="PHOENIXX" duration="00:00:00.0009405" startTime="2013-08-09T22:01:52.8363779+05:30" endTime="2013-08-09T22:01:52.8373782+05:30" testType="13cdc9d9-ddb5-4fa4-a97d-d965ccfc6d4b" outcome="Failed" testListId="8c84fa94-04c1-424b-9868-57a2d4851a1d" relativeResultsDirectory="c83a9a2f-a1a7-487c-99d9-044459929b19">
      <Output>
        <ErrorInfo>
          <Message>Initialization method Tavisca.Catapult.External.ValidationTest.PassengerValidationTest.InitializeValidation threw exception. System.IO.DirectoryNotFoundException: System.IO.DirectoryNotFoundException: Could not find a part of the path 'D:\CodeBase\Catapult\trunk\CatapultServices\Tavisca.Catapult.External.ValidationTest\Validation.xml'..</Message>
          <StackTrace>    at System.IO.__Error.WinIOError(Int32 errorCode, String maybeFullPath)
   at System.IO.FileStream.Init(String path, FileMode mode, FileAccess access, Int32 rights, Boolean useRights, FileShare share, Int32 bufferSize, FileOptions options, SECURITY_ATTRIBUTES secAttrs, String msgPath, Boolean bFromProxy, Boolean useLongPath, Boolean checkHost)
   at System.IO.FileStream..ctor(String path, FileMode mode, FileAccess access, FileShare share, Int32 bufferSize)
   at System.Xml.XmlDownloadManager.GetStream(Uri uri, ICredentials credentials, IWebProxy proxy, RequestCachePolicy cachePolicy)
   at System.Xml.XmlUrlResolver.GetEntity(Uri absoluteUri, String role, Type ofObjectToReturn)
   at System.Xml.XmlTextReaderImpl.FinishInitUriString()
   at System.Xml.XmlTextReaderImpl..ctor(String uriStr, XmlReaderSettings settings, XmlParserContext context, XmlResolver uriResolver)
   at System.Xml.XmlReaderSettings.CreateReader(String inputUri, XmlParserContext inputContext)
   at System.Xml.XmlReader.Create(String inputUri, XmlReaderSettings settings, XmlParserContext inputContext)
   at System.Xml.Linq.XDocument.Load(String uri, LoadOptions options)
   at Tavisca.Validation.DynamicXmlParser..ctor(String filePath)
   at Tavisca.Validation.ValidationBuilder.Build(String configFilePath)
   at Tavisca.Validation.Validation.Build(String configurationFilePath)
   at Tavisca.Catapult.External.ValidationTest.PassengerValidationTest.InitializeValidation() in d:\Code\TOM\Catapult\Code\trunk\CatapultServices\Tavisca.Catapult.External.ValidationTest\PassengerValidationTest.cs:line 35
</StackTrace>
        </ErrorInfo>
      </Output>
    </UnitTestResult>
    <UnitTestResult executionId="7c16358a-10dd-40e5-9cd0-e482f2f886bb" testId="b1e22785-9e42-a6c1-a4e7-075b97280b90" testName="PassengerForPhoneValueIsEmptyInValidTest" computerName="PHOENIXX" duration="00:00:00.0010091" startTime="2013-08-09T22:01:52.8373782+05:30" endTime="2013-08-09T22:01:52.8383785+05:30" testType="13cdc9d9-ddb5-4fa4-a97d-d965ccfc6d4b" outcome="Failed" testListId="8c84fa94-04c1-424b-9868-57a2d4851a1d" relativeResultsDirectory="7c16358a-10dd-40e5-9cd0-e482f2f886bb">
      <Output>
        <ErrorInfo>
          <Message>Initialization method Tavisca.Catapult.External.ValidationTest.PassengerValidationTest.InitializeValidation threw exception. System.IO.DirectoryNotFoundException: System.IO.DirectoryNotFoundException: Could not find a part of the path 'D:\CodeBase\Catapult\trunk\CatapultServices\Tavisca.Catapult.External.ValidationTest\Validation.xml'..</Message>
          <StackTrace>    at System.IO.__Error.WinIOError(Int32 errorCode, String maybeFullPath)
   at System.IO.FileStream.Init(String path, FileMode mode, FileAccess access, Int32 rights, Boolean useRights, FileShare share, Int32 bufferSize, FileOptions options, SECURITY_ATTRIBUTES secAttrs, String msgPath, Boolean bFromProxy, Boolean useLongPath, Boolean checkHost)
   at System.IO.FileStream..ctor(String path, FileMode mode, FileAccess access, FileShare share, Int32 bufferSize)
   at System.Xml.XmlDownloadManager.GetStream(Uri uri, ICredentials credentials, IWebProxy proxy, RequestCachePolicy cachePolicy)
   at System.Xml.XmlUrlResolver.GetEntity(Uri absoluteUri, String role, Type ofObjectToReturn)
   at System.Xml.XmlTextReaderImpl.FinishInitUriString()
   at System.Xml.XmlTextReaderImpl..ctor(String uriStr, XmlReaderSettings settings, XmlParserContext context, XmlResolver uriResolver)
   at System.Xml.XmlReaderSettings.CreateReader(String inputUri, XmlParserContext inputContext)
   at System.Xml.XmlReader.Create(String inputUri, XmlReaderSettings settings, XmlParserContext inputContext)
   at System.Xml.Linq.XDocument.Load(String uri, LoadOptions options)
   at Tavisca.Validation.DynamicXmlParser..ctor(String filePath)
   at Tavisca.Validation.ValidationBuilder.Build(String configFilePath)
   at Tavisca.Validation.Validation.Build(String configurationFilePath)
   at Tavisca.Catapult.External.ValidationTest.PassengerValidationTest.InitializeValidation() in d:\Code\TOM\Catapult\Code\trunk\CatapultServices\Tavisca.Catapult.External.ValidationTest\PassengerValidationTest.cs:line 35
</StackTrace>
        </ErrorInfo>
      </Output>
    </UnitTestResult>
    <UnitTestResult executionId="489f3f32-bbef-454b-bd1f-f2600277d00f" testId="6c19924f-f351-4677-f893-cc0949160ebf" testName="PassengerForEmailValueIsNullInValidTest" computerName="PHOENIXX" duration="00:00:00.0010271" startTime="2013-08-09T22:01:52.8383785+05:30" endTime="2013-08-09T22:01:52.8403791+05:30" testType="13cdc9d9-ddb5-4fa4-a97d-d965ccfc6d4b" outcome="Failed" testListId="8c84fa94-04c1-424b-9868-57a2d4851a1d" relativeResultsDirectory="489f3f32-bbef-454b-bd1f-f2600277d00f">
      <Output>
        <ErrorInfo>
          <Message>Initialization method Tavisca.Catapult.External.ValidationTest.PassengerValidationTest.InitializeValidation threw exception. System.IO.DirectoryNotFoundException: System.IO.DirectoryNotFoundException: Could not find a part of the path 'D:\CodeBase\Catapult\trunk\CatapultServices\Tavisca.Catapult.External.ValidationTest\Validation.xml'..</Message>
          <StackTrace>    at System.IO.__Error.WinIOError(Int32 errorCode, String maybeFullPath)
   at System.IO.FileStream.Init(String path, FileMode mode, FileAccess access, Int32 rights, Boolean useRights, FileShare share, Int32 bufferSize, FileOptions options, SECURITY_ATTRIBUTES secAttrs, String msgPath, Boolean bFromProxy, Boolean useLongPath, Boolean checkHost)
   at System.IO.FileStream..ctor(String path, FileMode mode, FileAccess access, FileShare share, Int32 bufferSize)
   at System.Xml.XmlDownloadManager.GetStream(Uri uri, ICredentials credentials, IWebProxy proxy, RequestCachePolicy cachePolicy)
   at System.Xml.XmlUrlResolver.GetEntity(Uri absoluteUri, String role, Type ofObjectToReturn)
   at System.Xml.XmlTextReaderImpl.FinishInitUriString()
   at System.Xml.XmlTextReaderImpl..ctor(String uriStr, XmlReaderSettings settings, XmlParserContext context, XmlResolver uriResolver)
   at System.Xml.XmlReaderSettings.CreateReader(String inputUri, XmlParserContext inputContext)
   at System.Xml.XmlReader.Create(String inputUri, XmlReaderSettings settings, XmlParserContext inputContext)
   at System.Xml.Linq.XDocument.Load(String uri, LoadOptions options)
   at Tavisca.Validation.DynamicXmlParser..ctor(String filePath)
   at Tavisca.Validation.ValidationBuilder.Build(String configFilePath)
   at Tavisca.Validation.Validation.Build(String configurationFilePath)
   at Tavisca.Catapult.External.ValidationTest.PassengerValidationTest.InitializeValidation() in d:\Code\TOM\Catapult\Code\trunk\CatapultServices\Tavisca.Catapult.External.ValidationTest\PassengerValidationTest.cs:line 35
</StackTrace>
        </ErrorInfo>
      </Output>
    </UnitTestResult>
    <UnitTestResult executionId="c398b880-b3a9-44c7-bc5f-64d6939562d3" testId="64b20173-5b21-39b3-3f67-61404e0ad873" testName="PassengerForEmailValueIsEmptyInValidTest" computerName="PHOENIXX" duration="00:00:00.0009770" startTime="2013-08-09T22:01:52.8403791+05:30" endTime="2013-08-09T22:01:52.8413794+05:30" testType="13cdc9d9-ddb5-4fa4-a97d-d965ccfc6d4b" outcome="Failed" testListId="8c84fa94-04c1-424b-9868-57a2d4851a1d" relativeResultsDirectory="c398b880-b3a9-44c7-bc5f-64d6939562d3">
      <Output>
        <ErrorInfo>
          <Message>Initialization method Tavisca.Catapult.External.ValidationTest.PassengerValidationTest.InitializeValidation threw exception. System.IO.DirectoryNotFoundException: System.IO.DirectoryNotFoundException: Could not find a part of the path 'D:\CodeBase\Catapult\trunk\CatapultServices\Tavisca.Catapult.External.ValidationTest\Validation.xml'..</Message>
          <StackTrace>    at System.IO.__Error.WinIOError(Int32 errorCode, String maybeFullPath)
   at System.IO.FileStream.Init(String path, FileMode mode, FileAccess access, Int32 rights, Boolean useRights, FileShare share, Int32 bufferSize, FileOptions options, SECURITY_ATTRIBUTES secAttrs, String msgPath, Boolean bFromProxy, Boolean useLongPath, Boolean checkHost)
   at System.IO.FileStream..ctor(String path, FileMode mode, FileAccess access, FileShare share, Int32 bufferSize)
   at System.Xml.XmlDownloadManager.GetStream(Uri uri, ICredentials credentials, IWebProxy proxy, RequestCachePolicy cachePolicy)
   at System.Xml.XmlUrlResolver.GetEntity(Uri absoluteUri, String role, Type ofObjectToReturn)
   at System.Xml.XmlTextReaderImpl.FinishInitUriString()
   at System.Xml.XmlTextReaderImpl..ctor(String uriStr, XmlReaderSettings settings, XmlParserContext context, XmlResolver uriResolver)
   at System.Xml.XmlReaderSettings.CreateReader(String inputUri, XmlParserContext inputContext)
   at System.Xml.XmlReader.Create(String inputUri, XmlReaderSettings settings, XmlParserContext inputContext)
   at System.Xml.Linq.XDocument.Load(String uri, LoadOptions options)
   at Tavisca.Validation.DynamicXmlParser..ctor(String filePath)
   at Tavisca.Validation.ValidationBuilder.Build(String configFilePath)
   at Tavisca.Validation.Validation.Build(String configurationFilePath)
   at Tavisca.Catapult.External.ValidationTest.PassengerValidationTest.InitializeValidation() in d:\Code\TOM\Catapult\Code\trunk\CatapultServices\Tavisca.Catapult.External.ValidationTest\PassengerValidationTest.cs:line 35
</StackTrace>
        </ErrorInfo>
      </Output>
    </UnitTestResult>
    <UnitTestResult executionId="2215f6a1-052c-4df3-9244-40727b839f24" testId="3106c065-ddf1-822a-f9c8-6b47a26fcf17" testName="PassengerForEmailValueInValidTest" computerName="PHOENIXX" duration="00:00:00.0009764" startTime="2013-08-09T22:01:52.8413794+05:30" endTime="2013-08-09T22:01:52.8423797+05:30" testType="13cdc9d9-ddb5-4fa4-a97d-d965ccfc6d4b" outcome="Failed" testListId="8c84fa94-04c1-424b-9868-57a2d4851a1d" relativeResultsDirectory="2215f6a1-052c-4df3-9244-40727b839f24">
      <Output>
        <ErrorInfo>
          <Message>Initialization method Tavisca.Catapult.External.ValidationTest.PassengerValidationTest.InitializeValidation threw exception. System.IO.DirectoryNotFoundException: System.IO.DirectoryNotFoundException: Could not find a part of the path 'D:\CodeBase\Catapult\trunk\CatapultServices\Tavisca.Catapult.External.ValidationTest\Validation.xml'..</Message>
          <StackTrace>    at System.IO.__Error.WinIOError(Int32 errorCode, String maybeFullPath)
   at System.IO.FileStream.Init(String path, FileMode mode, FileAccess access, Int32 rights, Boolean useRights, FileShare share, Int32 bufferSize, FileOptions options, SECURITY_ATTRIBUTES secAttrs, String msgPath, Boolean bFromProxy, Boolean useLongPath, Boolean checkHost)
   at System.IO.FileStream..ctor(String path, FileMode mode, FileAccess access, FileShare share, Int32 bufferSize)
   at System.Xml.XmlDownloadManager.GetStream(Uri uri, ICredentials credentials, IWebProxy proxy, RequestCachePolicy cachePolicy)
   at System.Xml.XmlUrlResolver.GetEntity(Uri absoluteUri, String role, Type ofObjectToReturn)
   at System.Xml.XmlTextReaderImpl.FinishInitUriString()
   at System.Xml.XmlTextReaderImpl..ctor(String uriStr, XmlReaderSettings settings, XmlParserContext context, XmlResolver uriResolver)
   at System.Xml.XmlReaderSettings.CreateReader(String inputUri, XmlParserContext inputContext)
   at System.Xml.XmlReader.Create(String inputUri, XmlReaderSettings settings, XmlParserContext inputContext)
   at System.Xml.Linq.XDocument.Load(String uri, LoadOptions options)
   at Tavisca.Validation.DynamicXmlParser..ctor(String filePath)
   at Tavisca.Validation.ValidationBuilder.Build(String configFilePath)
   at Tavisca.Validation.Validation.Build(String configurationFilePath)
   at Tavisca.Catapult.External.ValidationTest.PassengerValidationTest.InitializeValidation() in d:\Code\TOM\Catapult\Code\trunk\CatapultServices\Tavisca.Catapult.External.ValidationTest\PassengerValidationTest.cs:line 35
</StackTrace>
        </ErrorInfo>
      </Output>
    </UnitTestResult>
    <UnitTestResult executionId="5304ce67-0c39-4050-829d-8e8187f842ae" testId="8d7a99a4-bb59-9484-74fc-5cf774252598" testName="RequestedRoomOccupancyValidTest" computerName="PHOENIXX" duration="00:00:00.0012722" startTime="2013-08-09T22:01:52.8423797+05:30" endTime="2013-08-09T22:01:52.8443803+05:30" testType="13cdc9d9-ddb5-4fa4-a97d-d965ccfc6d4b" outcome="Failed" testListId="8c84fa94-04c1-424b-9868-57a2d4851a1d" relativeResultsDirectory="5304ce67-0c39-4050-829d-8e8187f842ae">
      <Output>
        <ErrorInfo>
          <Message>Initialization method Tavisca.Catapult.External.ValidationTest.RequestedRoomOccupancyValidationTest.InitializeValidation threw exception. System.IO.DirectoryNotFoundException: System.IO.DirectoryNotFoundException: Could not find a part of the path 'D:\CodeBase\Catapult\trunk\CatapultServices\Tavisca.Catapult.External.ValidationTest\Validation.xml'..</Message>
          <StackTrace>    at System.IO.__Error.WinIOError(Int32 errorCode, String maybeFullPath)
   at System.IO.FileStream.Init(String path, FileMode mode, FileAccess access, Int32 rights, Boolean useRights, FileShare share, Int32 bufferSize, FileOptions options, SECURITY_ATTRIBUTES secAttrs, String msgPath, Boolean bFromProxy, Boolean useLongPath, Boolean checkHost)
   at System.IO.FileStream..ctor(String path, FileMode mode, FileAccess access, FileShare share, Int32 bufferSize)
   at System.Xml.XmlDownloadManager.GetStream(Uri uri, ICredentials credentials, IWebProxy proxy, RequestCachePolicy cachePolicy)
   at System.Xml.XmlUrlResolver.GetEntity(Uri absoluteUri, String role, Type ofObjectToReturn)
   at System.Xml.XmlTextReaderImpl.FinishInitUriString()
   at System.Xml.XmlTextReaderImpl..ctor(String uriStr, XmlReaderSettings settings, XmlParserContext context, XmlResolver uriResolver)
   at System.Xml.XmlReaderSettings.CreateReader(String inputUri, XmlParserContext inputContext)
   at System.Xml.XmlReader.Create(String inputUri, XmlReaderSettings settings, XmlParserContext inputContext)
   at System.Xml.Linq.XDocument.Load(String uri, LoadOptions options)
   at Tavisca.Validation.DynamicXmlParser..ctor(String filePath)
   at Tavisca.Validation.ValidationBuilder.Build(String configFilePath)
   at Tavisca.Validation.Validation.Build(String configurationFilePath)
   at Tavisca.Catapult.External.ValidationTest.RequestedRoomOccupancyValidationTest.InitializeValidation() in d:\Code\TOM\Catapult\Code\trunk\CatapultServices\Tavisca.Catapult.External.ValidationTest\RequestedRoomOccupancyValidationTest.cs:line 33
</StackTrace>
        </ErrorInfo>
      </Output>
    </UnitTestResult>
    <UnitTestResult executionId="67a292f1-4f7c-4d06-b08b-ab2d1b030cc8" testId="7f7cdd84-8c78-f7b3-1922-1840e9391f97" testName="RequestedRoomOccupancyForNullValueInValidTest" computerName="PHOENIXX" duration="00:00:00.0010290" startTime="2013-08-09T22:01:52.8443803+05:30" endTime="2013-08-09T22:01:52.8453806+05:30" testType="13cdc9d9-ddb5-4fa4-a97d-d965ccfc6d4b" outcome="Failed" testListId="8c84fa94-04c1-424b-9868-57a2d4851a1d" relativeResultsDirectory="67a292f1-4f7c-4d06-b08b-ab2d1b030cc8">
      <Output>
        <ErrorInfo>
          <Message>Initialization method Tavisca.Catapult.External.ValidationTest.RequestedRoomOccupancyValidationTest.InitializeValidation threw exception. System.IO.DirectoryNotFoundException: System.IO.DirectoryNotFoundException: Could not find a part of the path 'D:\CodeBase\Catapult\trunk\CatapultServices\Tavisca.Catapult.External.ValidationTest\Validation.xml'..</Message>
          <StackTrace>    at System.IO.__Error.WinIOError(Int32 errorCode, String maybeFullPath)
   at System.IO.FileStream.Init(String path, FileMode mode, FileAccess access, Int32 rights, Boolean useRights, FileShare share, Int32 bufferSize, FileOptions options, SECURITY_ATTRIBUTES secAttrs, String msgPath, Boolean bFromProxy, Boolean useLongPath, Boolean checkHost)
   at System.IO.FileStream..ctor(String path, FileMode mode, FileAccess access, FileShare share, Int32 bufferSize)
   at System.Xml.XmlDownloadManager.GetStream(Uri uri, ICredentials credentials, IWebProxy proxy, RequestCachePolicy cachePolicy)
   at System.Xml.XmlUrlResolver.GetEntity(Uri absoluteUri, String role, Type ofObjectToReturn)
   at System.Xml.XmlTextReaderImpl.FinishInitUriString()
   at System.Xml.XmlTextReaderImpl..ctor(String uriStr, XmlReaderSettings settings, XmlParserContext context, XmlResolver uriResolver)
   at System.Xml.XmlReaderSettings.CreateReader(String inputUri, XmlParserContext inputContext)
   at System.Xml.XmlReader.Create(String inputUri, XmlReaderSettings settings, XmlParserContext inputContext)
   at System.Xml.Linq.XDocument.Load(String uri, LoadOptions options)
   at Tavisca.Validation.DynamicXmlParser..ctor(String filePath)
   at Tavisca.Validation.ValidationBuilder.Build(String configFilePath)
   at Tavisca.Validation.Validation.Build(String configurationFilePath)
   at Tavisca.Catapult.External.ValidationTest.RequestedRoomOccupancyValidationTest.InitializeValidation() in d:\Code\TOM\Catapult\Code\trunk\CatapultServices\Tavisca.Catapult.External.ValidationTest\RequestedRoomOccupancyValidationTest.cs:line 33
</StackTrace>
        </ErrorInfo>
      </Output>
    </UnitTestResult>
    <UnitTestResult executionId="801ffea4-7bcc-4944-b94d-20ff4ba8972c" testId="cc141af8-1e62-16f1-6789-8ef06b3b186a" testName="RequestedRoomOccupancyForNullInGuestInfoValueInValidTest" computerName="PHOENIXX" duration="00:00:00.0010059" startTime="2013-08-09T22:01:52.8453806+05:30" endTime="2013-08-09T22:01:52.8463809+05:30" testType="13cdc9d9-ddb5-4fa4-a97d-d965ccfc6d4b" outcome="Failed" testListId="8c84fa94-04c1-424b-9868-57a2d4851a1d" relativeResultsDirectory="801ffea4-7bcc-4944-b94d-20ff4ba8972c">
      <Output>
        <ErrorInfo>
          <Message>Initialization method Tavisca.Catapult.External.ValidationTest.RequestedRoomOccupancyValidationTest.InitializeValidation threw exception. System.IO.DirectoryNotFoundException: System.IO.DirectoryNotFoundException: Could not find a part of the path 'D:\CodeBase\Catapult\trunk\CatapultServices\Tavisca.Catapult.External.ValidationTest\Validation.xml'..</Message>
          <StackTrace>    at System.IO.__Error.WinIOError(Int32 errorCode, String maybeFullPath)
   at System.IO.FileStream.Init(String path, FileMode mode, FileAccess access, Int32 rights, Boolean useRights, FileShare share, Int32 bufferSize, FileOptions options, SECURITY_ATTRIBUTES secAttrs, String msgPath, Boolean bFromProxy, Boolean useLongPath, Boolean checkHost)
   at System.IO.FileStream..ctor(String path, FileMode mode, FileAccess access, FileShare share, Int32 bufferSize)
   at System.Xml.XmlDownloadManager.GetStream(Uri uri, ICredentials credentials, IWebProxy proxy, RequestCachePolicy cachePolicy)
   at System.Xml.XmlUrlResolver.GetEntity(Uri absoluteUri, String role, Type ofObjectToReturn)
   at System.Xml.XmlTextReaderImpl.FinishInitUriString()
   at System.Xml.XmlTextReaderImpl..ctor(String uriStr, XmlReaderSettings settings, XmlParserContext context, XmlResolver uriResolver)
   at System.Xml.XmlReaderSettings.CreateReader(String inputUri, XmlParserContext inputContext)
   at System.Xml.XmlReader.Create(String inputUri, XmlReaderSettings settings, XmlParserContext inputContext)
   at System.Xml.Linq.XDocument.Load(String uri, LoadOptions options)
   at Tavisca.Validation.DynamicXmlParser..ctor(String filePath)
   at Tavisca.Validation.ValidationBuilder.Build(String configFilePath)
   at Tavisca.Validation.Validation.Build(String configurationFilePath)
   at Tavisca.Catapult.External.ValidationTest.RequestedRoomOccupancyValidationTest.InitializeValidation() in d:\Code\TOM\Catapult\Code\trunk\CatapultServices\Tavisca.Catapult.External.ValidationTest\RequestedRoomOccupancyValidationTest.cs:line 33
</StackTrace>
        </ErrorInfo>
      </Output>
    </UnitTestResult>
    <UnitTestResult executionId="88e6f0d8-b7fc-451b-b3c1-3e2fec5aec96" testId="5c0b3154-c60e-c0a8-0e8b-d84db2df9cfa" testName="RequestedRoomOccupancyForNoAdultsInGuestInfoValueInValidTest" computerName="PHOENIXX" duration="00:00:00.0009411" startTime="2013-08-09T22:01:52.8463809+05:30" endTime="2013-08-09T22:01:52.8473812+05:30" testType="13cdc9d9-ddb5-4fa4-a97d-d965ccfc6d4b" outcome="Failed" testListId="8c84fa94-04c1-424b-9868-57a2d4851a1d" relativeResultsDirectory="88e6f0d8-b7fc-451b-b3c1-3e2fec5aec96">
      <Output>
        <ErrorInfo>
          <Message>Initialization method Tavisca.Catapult.External.ValidationTest.RequestedRoomOccupancyValidationTest.InitializeValidation threw exception. System.IO.DirectoryNotFoundException: System.IO.DirectoryNotFoundException: Could not find a part of the path 'D:\CodeBase\Catapult\trunk\CatapultServices\Tavisca.Catapult.External.ValidationTest\Validation.xml'..</Message>
          <StackTrace>    at System.IO.__Error.WinIOError(Int32 errorCode, String maybeFullPath)
   at System.IO.FileStream.Init(String path, FileMode mode, FileAccess access, Int32 rights, Boolean useRights, FileShare share, Int32 bufferSize, FileOptions options, SECURITY_ATTRIBUTES secAttrs, String msgPath, Boolean bFromProxy, Boolean useLongPath, Boolean checkHost)
   at System.IO.FileStream..ctor(String path, FileMode mode, FileAccess access, FileShare share, Int32 bufferSize)
   at System.Xml.XmlDownloadManager.GetStream(Uri uri, ICredentials credentials, IWebProxy proxy, RequestCachePolicy cachePolicy)
   at System.Xml.XmlUrlResolver.GetEntity(Uri absoluteUri, String role, Type ofObjectToReturn)
   at System.Xml.XmlTextReaderImpl.FinishInitUriString()
   at System.Xml.XmlTextReaderImpl..ctor(String uriStr, XmlReaderSettings settings, XmlParserContext context, XmlResolver uriResolver)
   at System.Xml.XmlReaderSettings.CreateReader(String inputUri, XmlParserContext inputContext)
   at System.Xml.XmlReader.Create(String inputUri, XmlReaderSettings settings, XmlParserContext inputContext)
   at System.Xml.Linq.XDocument.Load(String uri, LoadOptions options)
   at Tavisca.Validation.DynamicXmlParser..ctor(String filePath)
   at Tavisca.Validation.ValidationBuilder.Build(String configFilePath)
   at Tavisca.Validation.Validation.Build(String configurationFilePath)
   at Tavisca.Catapult.External.ValidationTest.RequestedRoomOccupancyValidationTest.InitializeValidation() in d:\Code\TOM\Catapult\Code\trunk\CatapultServices\Tavisca.Catapult.External.ValidationTest\RequestedRoomOccupancyValidationTest.cs:line 33
</StackTrace>
        </ErrorInfo>
      </Output>
    </UnitTestResult>
    <UnitTestResult executionId="2ff7e24e-f666-42d0-9aaf-00a82ea88e58" testId="a675e2d9-264a-e2d7-1681-99db0d3ea58f" testName="RequestedRoomOccupancyForMoreThanNineAdultsInGuestInfoValueInValidTest" computerName="PHOENIXX" duration="00:00:00.0010046" startTime="2013-08-09T22:01:52.8473812+05:30" endTime="2013-08-09T22:01:52.8483815+05:30" testType="13cdc9d9-ddb5-4fa4-a97d-d965ccfc6d4b" outcome="Failed" testListId="8c84fa94-04c1-424b-9868-57a2d4851a1d" relativeResultsDirectory="2ff7e24e-f666-42d0-9aaf-00a82ea88e58">
      <Output>
        <ErrorInfo>
          <Message>Initialization method Tavisca.Catapult.External.ValidationTest.RequestedRoomOccupancyValidationTest.InitializeValidation threw exception. System.IO.DirectoryNotFoundException: System.IO.DirectoryNotFoundException: Could not find a part of the path 'D:\CodeBase\Catapult\trunk\CatapultServices\Tavisca.Catapult.External.ValidationTest\Validation.xml'..</Message>
          <StackTrace>    at System.IO.__Error.WinIOError(Int32 errorCode, String maybeFullPath)
   at System.IO.FileStream.Init(String path, FileMode mode, FileAccess access, Int32 rights, Boolean useRights, FileShare share, Int32 bufferSize, FileOptions options, SECURITY_ATTRIBUTES secAttrs, String msgPath, Boolean bFromProxy, Boolean useLongPath, Boolean checkHost)
   at System.IO.FileStream..ctor(String path, FileMode mode, FileAccess access, FileShare share, Int32 bufferSize)
   at System.Xml.XmlDownloadManager.GetStream(Uri uri, ICredentials credentials, IWebProxy proxy, RequestCachePolicy cachePolicy)
   at System.Xml.XmlUrlResolver.GetEntity(Uri absoluteUri, String role, Type ofObjectToReturn)
   at System.Xml.XmlTextReaderImpl.FinishInitUriString()
   at System.Xml.XmlTextReaderImpl..ctor(String uriStr, XmlReaderSettings settings, XmlParserContext context, XmlResolver uriResolver)
   at System.Xml.XmlReaderSettings.CreateReader(String inputUri, XmlParserContext inputContext)
   at System.Xml.XmlReader.Create(String inputUri, XmlReaderSettings settings, XmlParserContext inputContext)
   at System.Xml.Linq.XDocument.Load(String uri, LoadOptions options)
   at Tavisca.Validation.DynamicXmlParser..ctor(String filePath)
   at Tavisca.Validation.ValidationBuilder.Build(String configFilePath)
   at Tavisca.Validation.Validation.Build(String configurationFilePath)
   at Tavisca.Catapult.External.ValidationTest.RequestedRoomOccupancyValidationTest.InitializeValidation() in d:\Code\TOM\Catapult\Code\trunk\CatapultServices\Tavisca.Catapult.External.ValidationTest\RequestedRoomOccupancyValidationTest.cs:line 33
</StackTrace>
        </ErrorInfo>
      </Output>
    </UnitTestResult>
    <UnitTestResult executionId="4305e607-2d7a-4da7-a7d4-b6029857ebe3" testId="3b750511-0d3c-b90a-29e0-1986cfc1090c" testName="RequestedRoomOccupancyForNineAdultsInGuestInfoValueValidTest" computerName="PHOENIXX" duration="00:00:00.0009944" startTime="2013-08-09T22:01:52.8483815+05:30" endTime="2013-08-09T22:01:52.8503821+05:30" testType="13cdc9d9-ddb5-4fa4-a97d-d965ccfc6d4b" outcome="Failed" testListId="8c84fa94-04c1-424b-9868-57a2d4851a1d" relativeResultsDirectory="4305e607-2d7a-4da7-a7d4-b6029857ebe3">
      <Output>
        <ErrorInfo>
          <Message>Initialization method Tavisca.Catapult.External.ValidationTest.RequestedRoomOccupancyValidationTest.InitializeValidation threw exception. System.IO.DirectoryNotFoundException: System.IO.DirectoryNotFoundException: Could not find a part of the path 'D:\CodeBase\Catapult\trunk\CatapultServices\Tavisca.Catapult.External.ValidationTest\Validation.xml'..</Message>
          <StackTrace>    at System.IO.__Error.WinIOError(Int32 errorCode, String maybeFullPath)
   at System.IO.FileStream.Init(String path, FileMode mode, FileAccess access, Int32 rights, Boolean useRights, FileShare share, Int32 bufferSize, FileOptions options, SECURITY_ATTRIBUTES secAttrs, String msgPath, Boolean bFromProxy, Boolean useLongPath, Boolean checkHost)
   at System.IO.FileStream..ctor(String path, FileMode mode, FileAccess access, FileShare share, Int32 bufferSize)
   at System.Xml.XmlDownloadManager.GetStream(Uri uri, ICredentials credentials, IWebProxy proxy, RequestCachePolicy cachePolicy)
   at System.Xml.XmlUrlResolver.GetEntity(Uri absoluteUri, String role, Type ofObjectToReturn)
   at System.Xml.XmlTextReaderImpl.FinishInitUriString()
   at System.Xml.XmlTextReaderImpl..ctor(String uriStr, XmlReaderSettings settings, XmlParserContext context, XmlResolver uriResolver)
   at System.Xml.XmlReaderSettings.CreateReader(String inputUri, XmlParserContext inputContext)
   at System.Xml.XmlReader.Create(String inputUri, XmlReaderSettings settings, XmlParserContext inputContext)
   at System.Xml.Linq.XDocument.Load(String uri, LoadOptions options)
   at Tavisca.Validation.DynamicXmlParser..ctor(String filePath)
   at Tavisca.Validation.ValidationBuilder.Build(String configFilePath)
   at Tavisca.Validation.Validation.Build(String configurationFilePath)
   at Tavisca.Catapult.External.ValidationTest.RequestedRoomOccupancyValidationTest.InitializeValidation() in d:\Code\TOM\Catapult\Code\trunk\CatapultServices\Tavisca.Catapult.External.ValidationTest\RequestedRoomOccupancyValidationTest.cs:line 33
</StackTrace>
        </ErrorInfo>
      </Output>
    </UnitTestResult>
    <UnitTestResult executionId="29f908c7-72a3-41c7-a1ab-dd88b6423c31" testId="9e0f030d-acc8-8f54-6030-e87eb0ceedfb" testName="RequestedRoomOccupancyForNineChildsInGuestInfoValueValidTest" computerName="PHOENIXX" duration="00:00:00.0009803" startTime="2013-08-09T22:01:52.8503821+05:30" endTime="2013-08-09T22:01:52.8513824+05:30" testType="13cdc9d9-ddb5-4fa4-a97d-d965ccfc6d4b" outcome="Failed" testListId="8c84fa94-04c1-424b-9868-57a2d4851a1d" relativeResultsDirectory="29f908c7-72a3-41c7-a1ab-dd88b6423c31">
      <Output>
        <ErrorInfo>
          <Message>Initialization method Tavisca.Catapult.External.ValidationTest.RequestedRoomOccupancyValidationTest.InitializeValidation threw exception. System.IO.DirectoryNotFoundException: System.IO.DirectoryNotFoundException: Could not find a part of the path 'D:\CodeBase\Catapult\trunk\CatapultServices\Tavisca.Catapult.External.ValidationTest\Validation.xml'..</Message>
          <StackTrace>    at System.IO.__Error.WinIOError(Int32 errorCode, String maybeFullPath)
   at System.IO.FileStream.Init(String path, FileMode mode, FileAccess access, Int32 rights, Boolean useRights, FileShare share, Int32 bufferSize, FileOptions options, SECURITY_ATTRIBUTES secAttrs, String msgPath, Boolean bFromProxy, Boolean useLongPath, Boolean checkHost)
   at System.IO.FileStream..ctor(String path, FileMode mode, FileAccess access, FileShare share, Int32 bufferSize)
   at System.Xml.XmlDownloadManager.GetStream(Uri uri, ICredentials credentials, IWebProxy proxy, RequestCachePolicy cachePolicy)
   at System.Xml.XmlUrlResolver.GetEntity(Uri absoluteUri, String role, Type ofObjectToReturn)
   at System.Xml.XmlTextReaderImpl.FinishInitUriString()
   at System.Xml.XmlTextReaderImpl..ctor(String uriStr, XmlReaderSettings settings, XmlParserContext context, XmlResolver uriResolver)
   at System.Xml.XmlReaderSettings.CreateReader(String inputUri, XmlParserContext inputContext)
   at System.Xml.XmlReader.Create(String inputUri, XmlReaderSettings settings, XmlParserContext inputContext)
   at System.Xml.Linq.XDocument.Load(String uri, LoadOptions options)
   at Tavisca.Validation.DynamicXmlParser..ctor(String filePath)
   at Tavisca.Validation.ValidationBuilder.Build(String configFilePath)
   at Tavisca.Validation.Validation.Build(String configurationFilePath)
   at Tavisca.Catapult.External.ValidationTest.RequestedRoomOccupancyValidationTest.InitializeValidation() in d:\Code\TOM\Catapult\Code\trunk\CatapultServices\Tavisca.Catapult.External.ValidationTest\RequestedRoomOccupancyValidationTest.cs:line 33
</StackTrace>
        </ErrorInfo>
      </Output>
    </UnitTestResult>
    <UnitTestResult executionId="8c0919b2-7988-423a-8987-887f82f5a068" testId="730df33a-bd9d-a043-1337-0953f0886bfb" testName="RequestedRoomOccupancyForMoreThanNineChildsInGuestInfoValueInValidTest" computerName="PHOENIXX" duration="00:00:00.0009559" startTime="2013-08-09T22:01:52.8513824+05:30" endTime="2013-08-09T22:01:52.8523827+05:30" testType="13cdc9d9-ddb5-4fa4-a97d-d965ccfc6d4b" outcome="Failed" testListId="8c84fa94-04c1-424b-9868-57a2d4851a1d" relativeResultsDirectory="8c0919b2-7988-423a-8987-887f82f5a068">
      <Output>
        <ErrorInfo>
          <Message>Initialization method Tavisca.Catapult.External.ValidationTest.RequestedRoomOccupancyValidationTest.InitializeValidation threw exception. System.IO.DirectoryNotFoundException: System.IO.DirectoryNotFoundException: Could not find a part of the path 'D:\CodeBase\Catapult\trunk\CatapultServices\Tavisca.Catapult.External.ValidationTest\Validation.xml'..</Message>
          <StackTrace>    at System.IO.__Error.WinIOError(Int32 errorCode, String maybeFullPath)
   at System.IO.FileStream.Init(String path, FileMode mode, FileAccess access, Int32 rights, Boolean useRights, FileShare share, Int32 bufferSize, FileOptions options, SECURITY_ATTRIBUTES secAttrs, String msgPath, Boolean bFromProxy, Boolean useLongPath, Boolean checkHost)
   at System.IO.FileStream..ctor(String path, FileMode mode, FileAccess access, FileShare share, Int32 bufferSize)
   at System.Xml.XmlDownloadManager.GetStream(Uri uri, ICredentials credentials, IWebProxy proxy, RequestCachePolicy cachePolicy)
   at System.Xml.XmlUrlResolver.GetEntity(Uri absoluteUri, String role, Type ofObjectToReturn)
   at System.Xml.XmlTextReaderImpl.FinishInitUriString()
   at System.Xml.XmlTextReaderImpl..ctor(String uriStr, XmlReaderSettings settings, XmlParserContext context, XmlResolver uriResolver)
   at System.Xml.XmlReaderSettings.CreateReader(String inputUri, XmlParserContext inputContext)
   at System.Xml.XmlReader.Create(String inputUri, XmlReaderSettings settings, XmlParserContext inputContext)
   at System.Xml.Linq.XDocument.Load(String uri, LoadOptions options)
   at Tavisca.Validation.DynamicXmlParser..ctor(String filePath)
   at Tavisca.Validation.ValidationBuilder.Build(String configFilePath)
   at Tavisca.Validation.Validation.Build(String configurationFilePath)
   at Tavisca.Catapult.External.ValidationTest.RequestedRoomOccupancyValidationTest.InitializeValidation() in d:\Code\TOM\Catapult\Code\trunk\CatapultServices\Tavisca.Catapult.External.ValidationTest\RequestedRoomOccupancyValidationTest.cs:line 33
</StackTrace>
        </ErrorInfo>
      </Output>
    </UnitTestResult>
    <UnitTestResult executionId="f187a21d-2eb2-4e91-910d-2df48c8af30f" testId="05ab1f16-4098-dafe-32d6-215b112555b4" testName="RoomsRateCodeInformationValidTest" computerName="PHOENIXX" duration="00:00:00.0014980" startTime="2013-08-09T22:01:52.8523827+05:30" endTime="2013-08-09T22:01:52.8543833+05:30" testType="13cdc9d9-ddb5-4fa4-a97d-d965ccfc6d4b" outcome="Failed" testListId="8c84fa94-04c1-424b-9868-57a2d4851a1d" relativeResultsDirectory="f187a21d-2eb2-4e91-910d-2df48c8af30f">
      <Output>
        <ErrorInfo>
          <Message>Initialization method Tavisca.Catapult.External.ValidationTest.RoomRateCodeInformationValidationTest.InitializeValidation threw exception. System.IO.DirectoryNotFoundException: System.IO.DirectoryNotFoundException: Could not find a part of the path 'D:\CodeBase\Catapult\trunk\CatapultServices\Tavisca.Catapult.External.ValidationTest\Validation.xml'..</Message>
          <StackTrace>    at System.IO.__Error.WinIOError(Int32 errorCode, String maybeFullPath)
   at System.IO.FileStream.Init(String path, FileMode mode, FileAccess access, Int32 rights, Boolean useRights, FileShare share, Int32 bufferSize, FileOptions options, SECURITY_ATTRIBUTES secAttrs, String msgPath, Boolean bFromProxy, Boolean useLongPath, Boolean checkHost)
   at System.IO.FileStream..ctor(String path, FileMode mode, FileAccess access, FileShare share, Int32 bufferSize)
   at System.Xml.XmlDownloadManager.GetStream(Uri uri, ICredentials credentials, IWebProxy proxy, RequestCachePolicy cachePolicy)
   at System.Xml.XmlUrlResolver.GetEntity(Uri absoluteUri, String role, Type ofObjectToReturn)
   at System.Xml.XmlTextReaderImpl.FinishInitUriString()
   at System.Xml.XmlTextReaderImpl..ctor(String uriStr, XmlReaderSettings settings, XmlParserContext context, XmlResolver uriResolver)
   at System.Xml.XmlReaderSettings.CreateReader(String inputUri, XmlParserContext inputContext)
   at System.Xml.XmlReader.Create(String inputUri, XmlReaderSettings settings, XmlParserContext inputContext)
   at System.Xml.Linq.XDocument.Load(String uri, LoadOptions options)
   at Tavisca.Validation.DynamicXmlParser..ctor(String filePath)
   at Tavisca.Validation.ValidationBuilder.Build(String configFilePath)
   at Tavisca.Validation.Validation.Build(String configurationFilePath)
   at Tavisca.Catapult.External.ValidationTest.RoomRateCodeInformationValidationTest.InitializeValidation() in d:\Code\TOM\Catapult\Code\trunk\CatapultServices\Tavisca.Catapult.External.ValidationTest\RoomRateCodeInformationValidationTest.cs:line 36
</StackTrace>
        </ErrorInfo>
      </Output>
    </UnitTestResult>
    <UnitTestResult executionId="c094b229-15a4-4c39-85ae-5106eab4c533" testId="22a06880-365b-b83f-2aa0-423451629b92" testName="RoomsRateCodeInformationForRoomInformationValueIsNullInValidTest" computerName="PHOENIXX" duration="00:00:00.0011451" startTime="2013-08-09T22:01:52.8543833+05:30" endTime="2013-08-09T22:01:52.8553836+05:30" testType="13cdc9d9-ddb5-4fa4-a97d-d965ccfc6d4b" outcome="Failed" testListId="8c84fa94-04c1-424b-9868-57a2d4851a1d" relativeResultsDirectory="c094b229-15a4-4c39-85ae-5106eab4c533">
      <Output>
        <ErrorInfo>
          <Message>Initialization method Tavisca.Catapult.External.ValidationTest.RoomRateCodeInformationValidationTest.InitializeValidation threw exception. System.IO.DirectoryNotFoundException: System.IO.DirectoryNotFoundException: Could not find a part of the path 'D:\CodeBase\Catapult\trunk\CatapultServices\Tavisca.Catapult.External.ValidationTest\Validation.xml'..</Message>
          <StackTrace>    at System.IO.__Error.WinIOError(Int32 errorCode, String maybeFullPath)
   at System.IO.FileStream.Init(String path, FileMode mode, FileAccess access, Int32 rights, Boolean useRights, FileShare share, Int32 bufferSize, FileOptions options, SECURITY_ATTRIBUTES secAttrs, String msgPath, Boolean bFromProxy, Boolean useLongPath, Boolean checkHost)
   at System.IO.FileStream..ctor(String path, FileMode mode, FileAccess access, FileShare share, Int32 bufferSize)
   at System.Xml.XmlDownloadManager.GetStream(Uri uri, ICredentials credentials, IWebProxy proxy, RequestCachePolicy cachePolicy)
   at System.Xml.XmlUrlResolver.GetEntity(Uri absoluteUri, String role, Type ofObjectToReturn)
   at System.Xml.XmlTextReaderImpl.FinishInitUriString()
   at System.Xml.XmlTextReaderImpl..ctor(String uriStr, XmlReaderSettings settings, XmlParserContext context, XmlResolver uriResolver)
   at System.Xml.XmlReaderSettings.CreateReader(String inputUri, XmlParserContext inputContext)
   at System.Xml.XmlReader.Create(String inputUri, XmlReaderSettings settings, XmlParserContext inputContext)
   at System.Xml.Linq.XDocument.Load(String uri, LoadOptions options)
   at Tavisca.Validation.DynamicXmlParser..ctor(String filePath)
   at Tavisca.Validation.ValidationBuilder.Build(String configFilePath)
   at Tavisca.Validation.Validation.Build(String configurationFilePath)
   at Tavisca.Catapult.External.ValidationTest.RoomRateCodeInformationValidationTest.InitializeValidation() in d:\Code\TOM\Catapult\Code\trunk\CatapultServices\Tavisca.Catapult.External.ValidationTest\RoomRateCodeInformationValidationTest.cs:line 36
</StackTrace>
        </ErrorInfo>
      </Output>
    </UnitTestResult>
    <UnitTestResult executionId="888a75ee-dd32-4bef-b5ea-26a67022c4e8" testId="2bd2cc3f-2b7a-8242-a294-73fe976a7e92" testName="RoomsRateCodeInformationForRateCodeValueIsNullInValidTest" computerName="PHOENIXX" duration="00:00:00.0009803" startTime="2013-08-09T22:01:52.8553836+05:30" endTime="2013-08-09T22:01:52.8563839+05:30" testType="13cdc9d9-ddb5-4fa4-a97d-d965ccfc6d4b" outcome="Failed" testListId="8c84fa94-04c1-424b-9868-57a2d4851a1d" relativeResultsDirectory="888a75ee-dd32-4bef-b5ea-26a67022c4e8">
      <Output>
        <ErrorInfo>
          <Message>Initialization method Tavisca.Catapult.External.ValidationTest.RoomRateCodeInformationValidationTest.InitializeValidation threw exception. System.IO.DirectoryNotFoundException: System.IO.DirectoryNotFoundException: Could not find a part of the path 'D:\CodeBase\Catapult\trunk\CatapultServices\Tavisca.Catapult.External.ValidationTest\Validation.xml'..</Message>
          <StackTrace>    at System.IO.__Error.WinIOError(Int32 errorCode, String maybeFullPath)
   at System.IO.FileStream.Init(String path, FileMode mode, FileAccess access, Int32 rights, Boolean useRights, FileShare share, Int32 bufferSize, FileOptions options, SECURITY_ATTRIBUTES secAttrs, String msgPath, Boolean bFromProxy, Boolean useLongPath, Boolean checkHost)
   at System.IO.FileStream..ctor(String path, FileMode mode, FileAccess access, FileShare share, Int32 bufferSize)
   at System.Xml.XmlDownloadManager.GetStream(Uri uri, ICredentials credentials, IWebProxy proxy, RequestCachePolicy cachePolicy)
   at System.Xml.XmlUrlResolver.GetEntity(Uri absoluteUri, String role, Type ofObjectToReturn)
   at System.Xml.XmlTextReaderImpl.FinishInitUriString()
   at System.Xml.XmlTextReaderImpl..ctor(String uriStr, XmlReaderSettings settings, XmlParserContext context, XmlResolver uriResolver)
   at System.Xml.XmlReaderSettings.CreateReader(String inputUri, XmlParserContext inputContext)
   at System.Xml.XmlReader.Create(String inputUri, XmlReaderSettings settings, XmlParserContext inputContext)
   at System.Xml.Linq.XDocument.Load(String uri, LoadOptions options)
   at Tavisca.Validation.DynamicXmlParser..ctor(String filePath)
   at Tavisca.Validation.ValidationBuilder.Build(String configFilePath)
   at Tavisca.Validation.Validation.Build(String configurationFilePath)
   at Tavisca.Catapult.External.ValidationTest.RoomRateCodeInformationValidationTest.InitializeValidation() in d:\Code\TOM\Catapult\Code\trunk\CatapultServices\Tavisca.Catapult.External.ValidationTest\RoomRateCodeInformationValidationTest.cs:line 36
</StackTrace>
        </ErrorInfo>
      </Output>
    </UnitTestResult>
    <UnitTestResult executionId="4e8278bb-daf3-4f14-993b-fd38209b1f78" testId="3a09ebfc-ea92-331e-9390-41dff10ffe81" testName="RoomsRateCodeInformationForRateCodeValueIsEmptyInValidTest" computerName="PHOENIXX" duration="00:00:00.0010771" startTime="2013-08-09T22:01:52.8563839+05:30" endTime="2013-08-09T22:01:52.8583845+05:30" testType="13cdc9d9-ddb5-4fa4-a97d-d965ccfc6d4b" outcome="Failed" testListId="8c84fa94-04c1-424b-9868-57a2d4851a1d" relativeResultsDirectory="4e8278bb-daf3-4f14-993b-fd38209b1f78">
      <Output>
        <ErrorInfo>
          <Message>Initialization method Tavisca.Catapult.External.ValidationTest.RoomRateCodeInformationValidationTest.InitializeValidation threw exception. System.IO.DirectoryNotFoundException: System.IO.DirectoryNotFoundException: Could not find a part of the path 'D:\CodeBase\Catapult\trunk\CatapultServices\Tavisca.Catapult.External.ValidationTest\Validation.xml'..</Message>
          <StackTrace>    at System.IO.__Error.WinIOError(Int32 errorCode, String maybeFullPath)
   at System.IO.FileStream.Init(String path, FileMode mode, FileAccess access, Int32 rights, Boolean useRights, FileShare share, Int32 bufferSize, FileOptions options, SECURITY_ATTRIBUTES secAttrs, String msgPath, Boolean bFromProxy, Boolean useLongPath, Boolean checkHost)
   at System.IO.FileStream..ctor(String path, FileMode mode, FileAccess access, FileShare share, Int32 bufferSize)
   at System.Xml.XmlDownloadManager.GetStream(Uri uri, ICredentials credentials, IWebProxy proxy, RequestCachePolicy cachePolicy)
   at System.Xml.XmlUrlResolver.GetEntity(Uri absoluteUri, String role, Type ofObjectToReturn)
   at System.Xml.XmlTextReaderImpl.FinishInitUriString()
   at System.Xml.XmlTextReaderImpl..ctor(String uriStr, XmlReaderSettings settings, XmlParserContext context, XmlResolver uriResolver)
   at System.Xml.XmlReaderSettings.CreateReader(String inputUri, XmlParserContext inputContext)
   at System.Xml.XmlReader.Create(String inputUri, XmlReaderSettings settings, XmlParserContext inputContext)
   at System.Xml.Linq.XDocument.Load(String uri, LoadOptions options)
   at Tavisca.Validation.DynamicXmlParser..ctor(String filePath)
   at Tavisca.Validation.ValidationBuilder.Build(String configFilePath)
   at Tavisca.Validation.Validation.Build(String configurationFilePath)
   at Tavisca.Catapult.External.ValidationTest.RoomRateCodeInformationValidationTest.InitializeValidation() in d:\Code\TOM\Catapult\Code\trunk\CatapultServices\Tavisca.Catapult.External.ValidationTest\RoomRateCodeInformationValidationTest.cs:line 36
</StackTrace>
        </ErrorInfo>
      </Output>
    </UnitTestResult>
    <UnitTestResult executionId="c39e09c6-68c2-4eff-8a3f-c7b68bd89dc1" testId="ec32ae6f-e6b3-8ef0-cd71-4b2325fd0546" testName="RoomsRateCodeInformationForRateCodeValueIsAlphaNumericInValidTest" computerName="PHOENIXX" duration="00:00:00.0010213" startTime="2013-08-09T22:01:52.8583845+05:30" endTime="2013-08-09T22:01:52.8593848+05:30" testType="13cdc9d9-ddb5-4fa4-a97d-d965ccfc6d4b" outcome="Failed" testListId="8c84fa94-04c1-424b-9868-57a2d4851a1d" relativeResultsDirectory="c39e09c6-68c2-4eff-8a3f-c7b68bd89dc1">
      <Output>
        <ErrorInfo>
          <Message>Initialization method Tavisca.Catapult.External.ValidationTest.RoomRateCodeInformationValidationTest.InitializeValidation threw exception. System.IO.DirectoryNotFoundException: System.IO.DirectoryNotFoundException: Could not find a part of the path 'D:\CodeBase\Catapult\trunk\CatapultServices\Tavisca.Catapult.External.ValidationTest\Validation.xml'..</Message>
          <StackTrace>    at System.IO.__Error.WinIOError(Int32 errorCode, String maybeFullPath)
   at System.IO.FileStream.Init(String path, FileMode mode, FileAccess access, Int32 rights, Boolean useRights, FileShare share, Int32 bufferSize, FileOptions options, SECURITY_ATTRIBUTES secAttrs, String msgPath, Boolean bFromProxy, Boolean useLongPath, Boolean checkHost)
   at System.IO.FileStream..ctor(String path, FileMode mode, FileAccess access, FileShare share, Int32 bufferSize)
   at System.Xml.XmlDownloadManager.GetStream(Uri uri, ICredentials credentials, IWebProxy proxy, RequestCachePolicy cachePolicy)
   at System.Xml.XmlUrlResolver.GetEntity(Uri absoluteUri, String role, Type ofObjectToReturn)
   at System.Xml.XmlTextReaderImpl.FinishInitUriString()
   at System.Xml.XmlTextReaderImpl..ctor(String uriStr, XmlReaderSettings settings, XmlParserContext context, XmlResolver uriResolver)
   at System.Xml.XmlReaderSettings.CreateReader(String inputUri, XmlParserContext inputContext)
   at System.Xml.XmlReader.Create(String inputUri, XmlReaderSettings settings, XmlParserContext inputContext)
   at System.Xml.Linq.XDocument.Load(String uri, LoadOptions options)
   at Tavisca.Validation.DynamicXmlParser..ctor(String filePath)
   at Tavisca.Validation.ValidationBuilder.Build(String configFilePath)
   at Tavisca.Validation.Validation.Build(String configurationFilePath)
   at Tavisca.Catapult.External.ValidationTest.RoomRateCodeInformationValidationTest.InitializeValidation() in d:\Code\TOM\Catapult\Code\trunk\CatapultServices\Tavisca.Catapult.External.ValidationTest\RoomRateCodeInformationValidationTest.cs:line 36
</StackTrace>
        </ErrorInfo>
      </Output>
    </UnitTestResult>
    <UnitTestResult executionId="4e2b6218-d3ab-4296-b44f-7087961deedc" testId="018a0440-a20a-271a-bf2f-b4d7e6a8d587" testName="RoomsRateCodeInformationForRateCodeValueContainsSpecialCharInValidTest" computerName="PHOENIXX" duration="00:00:00.0009790" startTime="2013-08-09T22:01:52.8593848+05:30" endTime="2013-08-09T22:01:52.8603851+05:30" testType="13cdc9d9-ddb5-4fa4-a97d-d965ccfc6d4b" outcome="Failed" testListId="8c84fa94-04c1-424b-9868-57a2d4851a1d" relativeResultsDirectory="4e2b6218-d3ab-4296-b44f-7087961deedc">
      <Output>
        <ErrorInfo>
          <Message>Initialization method Tavisca.Catapult.External.ValidationTest.RoomRateCodeInformationValidationTest.InitializeValidation threw exception. System.IO.DirectoryNotFoundException: System.IO.DirectoryNotFoundException: Could not find a part of the path 'D:\CodeBase\Catapult\trunk\CatapultServices\Tavisca.Catapult.External.ValidationTest\Validation.xml'..</Message>
          <StackTrace>    at System.IO.__Error.WinIOError(Int32 errorCode, String maybeFullPath)
   at System.IO.FileStream.Init(String path, FileMode mode, FileAccess access, Int32 rights, Boolean useRights, FileShare share, Int32 bufferSize, FileOptions options, SECURITY_ATTRIBUTES secAttrs, String msgPath, Boolean bFromProxy, Boolean useLongPath, Boolean checkHost)
   at System.IO.FileStream..ctor(String path, FileMode mode, FileAccess access, FileShare share, Int32 bufferSize)
   at System.Xml.XmlDownloadManager.GetStream(Uri uri, ICredentials credentials, IWebProxy proxy, RequestCachePolicy cachePolicy)
   at System.Xml.XmlUrlResolver.GetEntity(Uri absoluteUri, String role, Type ofObjectToReturn)
   at System.Xml.XmlTextReaderImpl.FinishInitUriString()
   at System.Xml.XmlTextReaderImpl..ctor(String uriStr, XmlReaderSettings settings, XmlParserContext context, XmlResolver uriResolver)
   at System.Xml.XmlReaderSettings.CreateReader(String inputUri, XmlParserContext inputContext)
   at System.Xml.XmlReader.Create(String inputUri, XmlReaderSettings settings, XmlParserContext inputContext)
   at System.Xml.Linq.XDocument.Load(String uri, LoadOptions options)
   at Tavisca.Validation.DynamicXmlParser..ctor(String filePath)
   at Tavisca.Validation.ValidationBuilder.Build(String configFilePath)
   at Tavisca.Validation.Validation.Build(String configurationFilePath)
   at Tavisca.Catapult.External.ValidationTest.RoomRateCodeInformationValidationTest.InitializeValidation() in d:\Code\TOM\Catapult\Code\trunk\CatapultServices\Tavisca.Catapult.External.ValidationTest\RoomRateCodeInformationValidationTest.cs:line 36
</StackTrace>
        </ErrorInfo>
      </Output>
    </UnitTestResult>
    <UnitTestResult executionId="2815e89f-f86e-440a-bdb7-4a5e5c8dcdf6" testId="81d0fd3b-a3a7-2607-7951-e3df438e760f" testName="RoomsRateCodeInformationForRateCodeValueContainsSpaceInValidTest" computerName="PHOENIXX" duration="00:00:00.0010457" startTime="2013-08-09T22:01:52.8603851+05:30" endTime="2013-08-09T22:01:52.8613854+05:30" testType="13cdc9d9-ddb5-4fa4-a97d-d965ccfc6d4b" outcome="Failed" testListId="8c84fa94-04c1-424b-9868-57a2d4851a1d" relativeResultsDirectory="2815e89f-f86e-440a-bdb7-4a5e5c8dcdf6">
      <Output>
        <ErrorInfo>
          <Message>Initialization method Tavisca.Catapult.External.ValidationTest.RoomRateCodeInformationValidationTest.InitializeValidation threw exception. System.IO.DirectoryNotFoundException: System.IO.DirectoryNotFoundException: Could not find a part of the path 'D:\CodeBase\Catapult\trunk\CatapultServices\Tavisca.Catapult.External.ValidationTest\Validation.xml'..</Message>
          <StackTrace>    at System.IO.__Error.WinIOError(Int32 errorCode, String maybeFullPath)
   at System.IO.FileStream.Init(String path, FileMode mode, FileAccess access, Int32 rights, Boolean useRights, FileShare share, Int32 bufferSize, FileOptions options, SECURITY_ATTRIBUTES secAttrs, String msgPath, Boolean bFromProxy, Boolean useLongPath, Boolean checkHost)
   at System.IO.FileStream..ctor(String path, FileMode mode, FileAccess access, FileShare share, Int32 bufferSize)
   at System.Xml.XmlDownloadManager.GetStream(Uri uri, ICredentials credentials, IWebProxy proxy, RequestCachePolicy cachePolicy)
   at System.Xml.XmlUrlResolver.GetEntity(Uri absoluteUri, String role, Type ofObjectToReturn)
   at System.Xml.XmlTextReaderImpl.FinishInitUriString()
   at System.Xml.XmlTextReaderImpl..ctor(String uriStr, XmlReaderSettings settings, XmlParserContext context, XmlResolver uriResolver)
   at System.Xml.XmlReaderSettings.CreateReader(String inputUri, XmlParserContext inputContext)
   at System.Xml.XmlReader.Create(String inputUri, XmlReaderSettings settings, XmlParserContext inputContext)
   at System.Xml.Linq.XDocument.Load(String uri, LoadOptions options)
   at Tavisca.Validation.DynamicXmlParser..ctor(String filePath)
   at Tavisca.Validation.ValidationBuilder.Build(String configFilePath)
   at Tavisca.Validation.Validation.Build(String configurationFilePath)
   at Tavisca.Catapult.External.ValidationTest.RoomRateCodeInformationValidationTest.InitializeValidation() in d:\Code\TOM\Catapult\Code\trunk\CatapultServices\Tavisca.Catapult.External.ValidationTest\RoomRateCodeInformationValidationTest.cs:line 36
</StackTrace>
        </ErrorInfo>
      </Output>
    </UnitTestResult>
    <UnitTestResult executionId="bb306e7d-a658-47c3-9230-ca05b38928f5" testId="2824f4f8-f3d2-bebd-9b89-13a1c60cfe53" testName="RoomsRateCodeInformationForRoomCodeValueIsNullInValidTest" computerName="PHOENIXX" duration="00:00:00.0011201" startTime="2013-08-09T22:01:52.8613854+05:30" endTime="2013-08-09T22:01:52.8633860+05:30" testType="13cdc9d9-ddb5-4fa4-a97d-d965ccfc6d4b" outcome="Failed" testListId="8c84fa94-04c1-424b-9868-57a2d4851a1d" relativeResultsDirectory="bb306e7d-a658-47c3-9230-ca05b38928f5">
      <Output>
        <ErrorInfo>
          <Message>Initialization method Tavisca.Catapult.External.ValidationTest.RoomRateCodeInformationValidationTest.InitializeValidation threw exception. System.IO.DirectoryNotFoundException: System.IO.DirectoryNotFoundException: Could not find a part of the path 'D:\CodeBase\Catapult\trunk\CatapultServices\Tavisca.Catapult.External.ValidationTest\Validation.xml'..</Message>
          <StackTrace>    at System.IO.__Error.WinIOError(Int32 errorCode, String maybeFullPath)
   at System.IO.FileStream.Init(String path, FileMode mode, FileAccess access, Int32 rights, Boolean useRights, FileShare share, Int32 bufferSize, FileOptions options, SECURITY_ATTRIBUTES secAttrs, String msgPath, Boolean bFromProxy, Boolean useLongPath, Boolean checkHost)
   at System.IO.FileStream..ctor(String path, FileMode mode, FileAccess access, FileShare share, Int32 bufferSize)
   at System.Xml.XmlDownloadManager.GetStream(Uri uri, ICredentials credentials, IWebProxy proxy, RequestCachePolicy cachePolicy)
   at System.Xml.XmlUrlResolver.GetEntity(Uri absoluteUri, String role, Type ofObjectToReturn)
   at System.Xml.XmlTextReaderImpl.FinishInitUriString()
   at System.Xml.XmlTextReaderImpl..ctor(String uriStr, XmlReaderSettings settings, XmlParserContext context, XmlResolver uriResolver)
   at System.Xml.XmlReaderSettings.CreateReader(String inputUri, XmlParserContext inputContext)
   at System.Xml.XmlReader.Create(String inputUri, XmlReaderSettings settings, XmlParserContext inputContext)
   at System.Xml.Linq.XDocument.Load(String uri, LoadOptions options)
   at Tavisca.Validation.DynamicXmlParser..ctor(String filePath)
   at Tavisca.Validation.ValidationBuilder.Build(String configFilePath)
   at Tavisca.Validation.Validation.Build(String configurationFilePath)
   at Tavisca.Catapult.External.ValidationTest.RoomRateCodeInformationValidationTest.InitializeValidation() in d:\Code\TOM\Catapult\Code\trunk\CatapultServices\Tavisca.Catapult.External.ValidationTest\RoomRateCodeInformationValidationTest.cs:line 36
</StackTrace>
        </ErrorInfo>
      </Output>
    </UnitTestResult>
    <UnitTestResult executionId="fd9f582f-8068-492c-a13f-e78a2927725b" testId="142c2065-4657-f0ce-4d81-520c6eec6c6a" testName="RoomsRateCodeInformationForRoomCodeValueIsEmptyInValidTest" computerName="PHOENIXX" duration="00:00:00.0009924" startTime="2013-08-09T22:01:52.8633860+05:30" endTime="2013-08-09T22:01:52.8643863+05:30" testType="13cdc9d9-ddb5-4fa4-a97d-d965ccfc6d4b" outcome="Failed" testListId="8c84fa94-04c1-424b-9868-57a2d4851a1d" relativeResultsDirectory="fd9f582f-8068-492c-a13f-e78a2927725b">
      <Output>
        <ErrorInfo>
          <Message>Initialization method Tavisca.Catapult.External.ValidationTest.RoomRateCodeInformationValidationTest.InitializeValidation threw exception. System.IO.DirectoryNotFoundException: System.IO.DirectoryNotFoundException: Could not find a part of the path 'D:\CodeBase\Catapult\trunk\CatapultServices\Tavisca.Catapult.External.ValidationTest\Validation.xml'..</Message>
          <StackTrace>    at System.IO.__Error.WinIOError(Int32 errorCode, String maybeFullPath)
   at System.IO.FileStream.Init(String path, FileMode mode, FileAccess access, Int32 rights, Boolean useRights, FileShare share, Int32 bufferSize, FileOptions options, SECURITY_ATTRIBUTES secAttrs, String msgPath, Boolean bFromProxy, Boolean useLongPath, Boolean checkHost)
   at System.IO.FileStream..ctor(String path, FileMode mode, FileAccess access, FileShare share, Int32 bufferSize)
   at System.Xml.XmlDownloadManager.GetStream(Uri uri, ICredentials credentials, IWebProxy proxy, RequestCachePolicy cachePolicy)
   at System.Xml.XmlUrlResolver.GetEntity(Uri absoluteUri, String role, Type ofObjectToReturn)
   at System.Xml.XmlTextReaderImpl.FinishInitUriString()
   at System.Xml.XmlTextReaderImpl..ctor(String uriStr, XmlReaderSettings settings, XmlParserContext context, XmlResolver uriResolver)
   at System.Xml.XmlReaderSettings.CreateReader(String inputUri, XmlParserContext inputContext)
   at System.Xml.XmlReader.Create(String inputUri, XmlReaderSettings settings, XmlParserContext inputContext)
   at System.Xml.Linq.XDocument.Load(String uri, LoadOptions options)
   at Tavisca.Validation.DynamicXmlParser..ctor(String filePath)
   at Tavisca.Validation.ValidationBuilder.Build(String configFilePath)
   at Tavisca.Validation.Validation.Build(String configurationFilePath)
   at Tavisca.Catapult.External.ValidationTest.RoomRateCodeInformationValidationTest.InitializeValidation() in d:\Code\TOM\Catapult\Code\trunk\CatapultServices\Tavisca.Catapult.External.ValidationTest\RoomRateCodeInformationValidationTest.cs:line 36
</StackTrace>
        </ErrorInfo>
      </Output>
    </UnitTestResult>
    <UnitTestResult executionId="683c8c38-0dd0-4a6e-ab8b-2d55874f9f4c" testId="317e9227-4048-9fc7-bb3d-49e74c3ff40c" testName="RoomsRateCodeInformationForRoomCodeValueIsAlphaNumericInValidTest" computerName="PHOENIXX" duration="00:00:00.0010964" startTime="2013-08-09T22:01:52.8643863+05:30" endTime="2013-08-09T22:01:52.8653866+05:30" testType="13cdc9d9-ddb5-4fa4-a97d-d965ccfc6d4b" outcome="Failed" testListId="8c84fa94-04c1-424b-9868-57a2d4851a1d" relativeResultsDirectory="683c8c38-0dd0-4a6e-ab8b-2d55874f9f4c">
      <Output>
        <ErrorInfo>
          <Message>Initialization method Tavisca.Catapult.External.ValidationTest.RoomRateCodeInformationValidationTest.InitializeValidation threw exception. System.IO.DirectoryNotFoundException: System.IO.DirectoryNotFoundException: Could not find a part of the path 'D:\CodeBase\Catapult\trunk\CatapultServices\Tavisca.Catapult.External.ValidationTest\Validation.xml'..</Message>
          <StackTrace>    at System.IO.__Error.WinIOError(Int32 errorCode, String maybeFullPath)
   at System.IO.FileStream.Init(String path, FileMode mode, FileAccess access, Int32 rights, Boolean useRights, FileShare share, Int32 bufferSize, FileOptions options, SECURITY_ATTRIBUTES secAttrs, String msgPath, Boolean bFromProxy, Boolean useLongPath, Boolean checkHost)
   at System.IO.FileStream..ctor(String path, FileMode mode, FileAccess access, FileShare share, Int32 bufferSize)
   at System.Xml.XmlDownloadManager.GetStream(Uri uri, ICredentials credentials, IWebProxy proxy, RequestCachePolicy cachePolicy)
   at System.Xml.XmlUrlResolver.GetEntity(Uri absoluteUri, String role, Type ofObjectToReturn)
   at System.Xml.XmlTextReaderImpl.FinishInitUriString()
   at System.Xml.XmlTextReaderImpl..ctor(String uriStr, XmlReaderSettings settings, XmlParserContext context, XmlResolver uriResolver)
   at System.Xml.XmlReaderSettings.CreateReader(String inputUri, XmlParserContext inputContext)
   at System.Xml.XmlReader.Create(String inputUri, XmlReaderSettings settings, XmlParserContext inputContext)
   at System.Xml.Linq.XDocument.Load(String uri, LoadOptions options)
   at Tavisca.Validation.DynamicXmlParser..ctor(String filePath)
   at Tavisca.Validation.ValidationBuilder.Build(String configFilePath)
   at Tavisca.Validation.Validation.Build(String configurationFilePath)
   at Tavisca.Catapult.External.ValidationTest.RoomRateCodeInformationValidationTest.InitializeValidation() in d:\Code\TOM\Catapult\Code\trunk\CatapultServices\Tavisca.Catapult.External.ValidationTest\RoomRateCodeInformationValidationTest.cs:line 36
</StackTrace>
        </ErrorInfo>
      </Output>
    </UnitTestResult>
    <UnitTestResult executionId="017f2ea5-b1ac-4627-a037-c8cd3e2fc3a8" testId="494bcf75-030d-0b1a-a12d-ca26451d7bb8" testName="RoomsRateCodeInformationForRoomCodeValueContainsSpecialCharInValidTest" computerName="PHOENIXX" duration="00:00:00.0012433" startTime="2013-08-09T22:01:52.8653866+05:30" endTime="2013-08-09T22:01:52.8663869+05:30" testType="13cdc9d9-ddb5-4fa4-a97d-d965ccfc6d4b" outcome="Failed" testListId="8c84fa94-04c1-424b-9868-57a2d4851a1d" relativeResultsDirectory="017f2ea5-b1ac-4627-a037-c8cd3e2fc3a8">
      <Output>
        <ErrorInfo>
          <Message>Initialization method Tavisca.Catapult.External.ValidationTest.RoomRateCodeInformationValidationTest.InitializeValidation threw exception. System.IO.DirectoryNotFoundException: System.IO.DirectoryNotFoundException: Could not find a part of the path 'D:\CodeBase\Catapult\trunk\CatapultServices\Tavisca.Catapult.External.ValidationTest\Validation.xml'..</Message>
          <StackTrace>    at System.IO.__Error.WinIOError(Int32 errorCode, String maybeFullPath)
   at System.IO.FileStream.Init(String path, FileMode mode, FileAccess access, Int32 rights, Boolean useRights, FileShare share, Int32 bufferSize, FileOptions options, SECURITY_ATTRIBUTES secAttrs, String msgPath, Boolean bFromProxy, Boolean useLongPath, Boolean checkHost)
   at System.IO.FileStream..ctor(String path, FileMode mode, FileAccess access, FileShare share, Int32 bufferSize)
   at System.Xml.XmlDownloadManager.GetStream(Uri uri, ICredentials credentials, IWebProxy proxy, RequestCachePolicy cachePolicy)
   at System.Xml.XmlUrlResolver.GetEntity(Uri absoluteUri, String role, Type ofObjectToReturn)
   at System.Xml.XmlTextReaderImpl.FinishInitUriString()
   at System.Xml.XmlTextReaderImpl..ctor(String uriStr, XmlReaderSettings settings, XmlParserContext context, XmlResolver uriResolver)
   at System.Xml.XmlReaderSettings.CreateReader(String inputUri, XmlParserContext inputContext)
   at System.Xml.XmlReader.Create(String inputUri, XmlReaderSettings settings, XmlParserContext inputContext)
   at System.Xml.Linq.XDocument.Load(String uri, LoadOptions options)
   at Tavisca.Validation.DynamicXmlParser..ctor(String filePath)
   at Tavisca.Validation.ValidationBuilder.Build(String configFilePath)
   at Tavisca.Validation.Validation.Build(String configurationFilePath)
   at Tavisca.Catapult.External.ValidationTest.RoomRateCodeInformationValidationTest.InitializeValidation() in d:\Code\TOM\Catapult\Code\trunk\CatapultServices\Tavisca.Catapult.External.ValidationTest\RoomRateCodeInformationValidationTest.cs:line 36
</StackTrace>
        </ErrorInfo>
      </Output>
    </UnitTestResult>
    <UnitTestResult executionId="131d363c-29fd-488a-a2ea-76f6a8dfbf26" testId="9e351918-c0c7-e4d8-251b-72280c9421db" testName="RoomsRateCodeInformationForRoomCodeValueContainsSpaceInValidTest" computerName="PHOENIXX" duration="00:00:00.0011772" startTime="2013-08-09T22:01:52.8663869+05:30" endTime="2013-08-09T22:01:52.8683875+05:30" testType="13cdc9d9-ddb5-4fa4-a97d-d965ccfc6d4b" outcome="Failed" testListId="8c84fa94-04c1-424b-9868-57a2d4851a1d" relativeResultsDirectory="131d363c-29fd-488a-a2ea-76f6a8dfbf26">
      <Output>
        <ErrorInfo>
          <Message>Initialization method Tavisca.Catapult.External.ValidationTest.RoomRateCodeInformationValidationTest.InitializeValidation threw exception. System.IO.DirectoryNotFoundException: System.IO.DirectoryNotFoundException: Could not find a part of the path 'D:\CodeBase\Catapult\trunk\CatapultServices\Tavisca.Catapult.External.ValidationTest\Validation.xml'..</Message>
          <StackTrace>    at System.IO.__Error.WinIOError(Int32 errorCode, String maybeFullPath)
   at System.IO.FileStream.Init(String path, FileMode mode, FileAccess access, Int32 rights, Boolean useRights, FileShare share, Int32 bufferSize, FileOptions options, SECURITY_ATTRIBUTES secAttrs, String msgPath, Boolean bFromProxy, Boolean useLongPath, Boolean checkHost)
   at System.IO.FileStream..ctor(String path, FileMode mode, FileAccess access, FileShare share, Int32 bufferSize)
   at System.Xml.XmlDownloadManager.GetStream(Uri uri, ICredentials credentials, IWebProxy proxy, RequestCachePolicy cachePolicy)
   at System.Xml.XmlUrlResolver.GetEntity(Uri absoluteUri, String role, Type ofObjectToReturn)
   at System.Xml.XmlTextReaderImpl.FinishInitUriString()
   at System.Xml.XmlTextReaderImpl..ctor(String uriStr, XmlReaderSettings settings, XmlParserContext context, XmlResolver uriResolver)
   at System.Xml.XmlReaderSettings.CreateReader(String inputUri, XmlParserContext inputContext)
   at System.Xml.XmlReader.Create(String inputUri, XmlReaderSettings settings, XmlParserContext inputContext)
   at System.Xml.Linq.XDocument.Load(String uri, LoadOptions options)
   at Tavisca.Validation.DynamicXmlParser..ctor(String filePath)
   at Tavisca.Validation.ValidationBuilder.Build(String configFilePath)
   at Tavisca.Validation.Validation.Build(String configurationFilePath)
   at Tavisca.Catapult.External.ValidationTest.RoomRateCodeInformationValidationTest.InitializeValidation() in d:\Code\TOM\Catapult\Code\trunk\CatapultServices\Tavisca.Catapult.External.ValidationTest\RoomRateCodeInformationValidationTest.cs:line 36
</StackTrace>
        </ErrorInfo>
      </Output>
    </UnitTestResult>
    <UnitTestResult executionId="8d10cdd3-849f-4e95-8d1f-ce7cce06988c" testId="32d50dd5-16ec-49ca-5c34-18e2ababda54" testName="RoomsRateCodeInformationForBoardBasisCodeValueIsNullInValidTest" computerName="PHOENIXX" duration="00:00:00.0019785" startTime="2013-08-09T22:01:52.8683875+05:30" endTime="2013-08-09T22:01:52.8703881+05:30" testType="13cdc9d9-ddb5-4fa4-a97d-d965ccfc6d4b" outcome="Failed" testListId="8c84fa94-04c1-424b-9868-57a2d4851a1d" relativeResultsDirectory="8d10cdd3-849f-4e95-8d1f-ce7cce06988c">
      <Output>
        <ErrorInfo>
          <Message>Initialization method Tavisca.Catapult.External.ValidationTest.RoomRateCodeInformationValidationTest.InitializeValidation threw exception. System.IO.DirectoryNotFoundException: System.IO.DirectoryNotFoundException: Could not find a part of the path 'D:\CodeBase\Catapult\trunk\CatapultServices\Tavisca.Catapult.External.ValidationTest\Validation.xml'..</Message>
          <StackTrace>    at System.IO.__Error.WinIOError(Int32 errorCode, String maybeFullPath)
   at System.IO.FileStream.Init(String path, FileMode mode, FileAccess access, Int32 rights, Boolean useRights, FileShare share, Int32 bufferSize, FileOptions options, SECURITY_ATTRIBUTES secAttrs, String msgPath, Boolean bFromProxy, Boolean useLongPath, Boolean checkHost)
   at System.IO.FileStream..ctor(String path, FileMode mode, FileAccess access, FileShare share, Int32 bufferSize)
   at System.Xml.XmlDownloadManager.GetStream(Uri uri, ICredentials credentials, IWebProxy proxy, RequestCachePolicy cachePolicy)
   at System.Xml.XmlUrlResolver.GetEntity(Uri absoluteUri, String role, Type ofObjectToReturn)
   at System.Xml.XmlTextReaderImpl.FinishInitUriString()
   at System.Xml.XmlTextReaderImpl..ctor(String uriStr, XmlReaderSettings settings, XmlParserContext context, XmlResolver uriResolver)
   at System.Xml.XmlReaderSettings.CreateReader(String inputUri, XmlParserContext inputContext)
   at System.Xml.XmlReader.Create(String inputUri, XmlReaderSettings settings, XmlParserContext inputContext)
   at System.Xml.Linq.XDocument.Load(String uri, LoadOptions options)
   at Tavisca.Validation.DynamicXmlParser..ctor(String filePath)
   at Tavisca.Validation.ValidationBuilder.Build(String configFilePath)
   at Tavisca.Validation.Validation.Build(String configurationFilePath)
   at Tavisca.Catapult.External.ValidationTest.RoomRateCodeInformationValidationTest.InitializeValidation() in d:\Code\TOM\Catapult\Code\trunk\CatapultServices\Tavisca.Catapult.External.ValidationTest\RoomRateCodeInformationValidationTest.cs:line 36
</StackTrace>
        </ErrorInfo>
      </Output>
    </UnitTestResult>
    <UnitTestResult executionId="e01ff8e9-5206-4214-9072-ce23f604c00a" testId="b5987f8d-4e52-acf3-70f7-6236e0342563" testName="RoomsRateCodeInformationForBoardBasisCodeValueIsEmptyInValidTest" computerName="PHOENIXX" duration="00:00:00.0014877" startTime="2013-08-09T22:01:52.8703881+05:30" endTime="2013-08-09T22:01:52.8723887+05:30" testType="13cdc9d9-ddb5-4fa4-a97d-d965ccfc6d4b" outcome="Failed" testListId="8c84fa94-04c1-424b-9868-57a2d4851a1d" relativeResultsDirectory="e01ff8e9-5206-4214-9072-ce23f604c00a">
      <Output>
        <ErrorInfo>
          <Message>Initialization method Tavisca.Catapult.External.ValidationTest.RoomRateCodeInformationValidationTest.InitializeValidation threw exception. System.IO.DirectoryNotFoundException: System.IO.DirectoryNotFoundException: Could not find a part of the path 'D:\CodeBase\Catapult\trunk\CatapultServices\Tavisca.Catapult.External.ValidationTest\Validation.xml'..</Message>
          <StackTrace>    at System.IO.__Error.WinIOError(Int32 errorCode, String maybeFullPath)
   at System.IO.FileStream.Init(String path, FileMode mode, FileAccess access, Int32 rights, Boolean useRights, FileShare share, Int32 bufferSize, FileOptions options, SECURITY_ATTRIBUTES secAttrs, String msgPath, Boolean bFromProxy, Boolean useLongPath, Boolean checkHost)
   at System.IO.FileStream..ctor(String path, FileMode mode, FileAccess access, FileShare share, Int32 bufferSize)
   at System.Xml.XmlDownloadManager.GetStream(Uri uri, ICredentials credentials, IWebProxy proxy, RequestCachePolicy cachePolicy)
   at System.Xml.XmlUrlResolver.GetEntity(Uri absoluteUri, String role, Type ofObjectToReturn)
   at System.Xml.XmlTextReaderImpl.FinishInitUriString()
   at System.Xml.XmlTextReaderImpl..ctor(String uriStr, XmlReaderSettings settings, XmlParserContext context, XmlResolver uriResolver)
   at System.Xml.XmlReaderSettings.CreateReader(String inputUri, XmlParserContext inputContext)
   at System.Xml.XmlReader.Create(String inputUri, XmlReaderSettings settings, XmlParserContext inputContext)
   at System.Xml.Linq.XDocument.Load(String uri, LoadOptions options)
   at Tavisca.Validation.DynamicXmlParser..ctor(String filePath)
   at Tavisca.Validation.ValidationBuilder.Build(String configFilePath)
   at Tavisca.Validation.Validation.Build(String configurationFilePath)
   at Tavisca.Catapult.External.ValidationTest.RoomRateCodeInformationValidationTest.InitializeValidation() in d:\Code\TOM\Catapult\Code\trunk\CatapultServices\Tavisca.Catapult.External.ValidationTest\RoomRateCodeInformationValidationTest.cs:line 36
</StackTrace>
        </ErrorInfo>
      </Output>
    </UnitTestResult>
    <UnitTestResult executionId="1424df3f-453b-4fc7-80d0-e0a1cbbc5208" testId="bac1ea0e-90e9-4b75-eaa0-0bf5cd568a7b" testName="RoomsRateCodeInformationForBoardBasisCodeValueIsAlphaNumericInValidTest" computerName="PHOENIXX" duration="00:00:00.0009899" startTime="2013-08-09T22:01:52.8723887+05:30" endTime="2013-08-09T22:01:52.8733890+05:30" testType="13cdc9d9-ddb5-4fa4-a97d-d965ccfc6d4b" outcome="Failed" testListId="8c84fa94-04c1-424b-9868-57a2d4851a1d" relativeResultsDirectory="1424df3f-453b-4fc7-80d0-e0a1cbbc5208">
      <Output>
        <ErrorInfo>
          <Message>Initialization method Tavisca.Catapult.External.ValidationTest.RoomRateCodeInformationValidationTest.InitializeValidation threw exception. System.IO.DirectoryNotFoundException: System.IO.DirectoryNotFoundException: Could not find a part of the path 'D:\CodeBase\Catapult\trunk\CatapultServices\Tavisca.Catapult.External.ValidationTest\Validation.xml'..</Message>
          <StackTrace>    at System.IO.__Error.WinIOError(Int32 errorCode, String maybeFullPath)
   at System.IO.FileStream.Init(String path, FileMode mode, FileAccess access, Int32 rights, Boolean useRights, FileShare share, Int32 bufferSize, FileOptions options, SECURITY_ATTRIBUTES secAttrs, String msgPath, Boolean bFromProxy, Boolean useLongPath, Boolean checkHost)
   at System.IO.FileStream..ctor(String path, FileMode mode, FileAccess access, FileShare share, Int32 bufferSize)
   at System.Xml.XmlDownloadManager.GetStream(Uri uri, ICredentials credentials, IWebProxy proxy, RequestCachePolicy cachePolicy)
   at System.Xml.XmlUrlResolver.GetEntity(Uri absoluteUri, String role, Type ofObjectToReturn)
   at System.Xml.XmlTextReaderImpl.FinishInitUriString()
   at System.Xml.XmlTextReaderImpl..ctor(String uriStr, XmlReaderSettings settings, XmlParserContext context, XmlResolver uriResolver)
   at System.Xml.XmlReaderSettings.CreateReader(String inputUri, XmlParserContext inputContext)
   at System.Xml.XmlReader.Create(String inputUri, XmlReaderSettings settings, XmlParserContext inputContext)
   at System.Xml.Linq.XDocument.Load(String uri, LoadOptions options)
   at Tavisca.Validation.DynamicXmlParser..ctor(String filePath)
   at Tavisca.Validation.ValidationBuilder.Build(String configFilePath)
   at Tavisca.Validation.Validation.Build(String configurationFilePath)
   at Tavisca.Catapult.External.ValidationTest.RoomRateCodeInformationValidationTest.InitializeValidation() in d:\Code\TOM\Catapult\Code\trunk\CatapultServices\Tavisca.Catapult.External.ValidationTest\RoomRateCodeInformationValidationTest.cs:line 36
</StackTrace>
        </ErrorInfo>
      </Output>
    </UnitTestResult>
    <UnitTestResult executionId="bd760636-ffd8-4e15-a209-0963990388b3" testId="3c826639-b72e-8709-2c32-2debf289d1fd" testName="RoomsRateCodeInformationForBoardBasisCodeValueContainsSpecialCharInValidTest" computerName="PHOENIXX" duration="00:00:00.0009918" startTime="2013-08-09T22:01:52.8733890+05:30" endTime="2013-08-09T22:01:52.8743893+05:30" testType="13cdc9d9-ddb5-4fa4-a97d-d965ccfc6d4b" outcome="Failed" testListId="8c84fa94-04c1-424b-9868-57a2d4851a1d" relativeResultsDirectory="bd760636-ffd8-4e15-a209-0963990388b3">
      <Output>
        <ErrorInfo>
          <Message>Initialization method Tavisca.Catapult.External.ValidationTest.RoomRateCodeInformationValidationTest.InitializeValidation threw exception. System.IO.DirectoryNotFoundException: System.IO.DirectoryNotFoundException: Could not find a part of the path 'D:\CodeBase\Catapult\trunk\CatapultServices\Tavisca.Catapult.External.ValidationTest\Validation.xml'..</Message>
          <StackTrace>    at System.IO.__Error.WinIOError(Int32 errorCode, String maybeFullPath)
   at System.IO.FileStream.Init(String path, FileMode mode, FileAccess access, Int32 rights, Boolean useRights, FileShare share, Int32 bufferSize, FileOptions options, SECURITY_ATTRIBUTES secAttrs, String msgPath, Boolean bFromProxy, Boolean useLongPath, Boolean checkHost)
   at System.IO.FileStream..ctor(String path, FileMode mode, FileAccess access, FileShare share, Int32 bufferSize)
   at System.Xml.XmlDownloadManager.GetStream(Uri uri, ICredentials credentials, IWebProxy proxy, RequestCachePolicy cachePolicy)
   at System.Xml.XmlUrlResolver.GetEntity(Uri absoluteUri, String role, Type ofObjectToReturn)
   at System.Xml.XmlTextReaderImpl.FinishInitUriString()
   at System.Xml.XmlTextReaderImpl..ctor(String uriStr, XmlReaderSettings settings, XmlParserContext context, XmlResolver uriResolver)
   at System.Xml.XmlReaderSettings.CreateReader(String inputUri, XmlParserContext inputContext)
   at System.Xml.XmlReader.Create(String inputUri, XmlReaderSettings settings, XmlParserContext inputContext)
   at System.Xml.Linq.XDocument.Load(String uri, LoadOptions options)
   at Tavisca.Validation.DynamicXmlParser..ctor(String filePath)
   at Tavisca.Validation.ValidationBuilder.Build(String configFilePath)
   at Tavisca.Validation.Validation.Build(String configurationFilePath)
   at Tavisca.Catapult.External.ValidationTest.RoomRateCodeInformationValidationTest.InitializeValidation() in d:\Code\TOM\Catapult\Code\trunk\CatapultServices\Tavisca.Catapult.External.ValidationTest\RoomRateCodeInformationValidationTest.cs:line 36
</StackTrace>
        </ErrorInfo>
      </Output>
    </UnitTestResult>
    <UnitTestResult executionId="8d1f30c6-480b-4bdb-adc6-35577f9a987d" testId="2dd2a166-247c-6ec2-d911-194c0b6056bf" testName="RoomsRateCodeInformationForBoardBasisCodeValueContainsSpaceInValidTest" computerName="PHOENIXX" duration="00:00:00.0009565" startTime="2013-08-09T22:01:52.8743893+05:30" endTime="2013-08-09T22:01:52.8753896+05:30" testType="13cdc9d9-ddb5-4fa4-a97d-d965ccfc6d4b" outcome="Failed" testListId="8c84fa94-04c1-424b-9868-57a2d4851a1d" relativeResultsDirectory="8d1f30c6-480b-4bdb-adc6-35577f9a987d">
      <Output>
        <ErrorInfo>
          <Message>Initialization method Tavisca.Catapult.External.ValidationTest.RoomRateCodeInformationValidationTest.InitializeValidation threw exception. System.IO.DirectoryNotFoundException: System.IO.DirectoryNotFoundException: Could not find a part of the path 'D:\CodeBase\Catapult\trunk\CatapultServices\Tavisca.Catapult.External.ValidationTest\Validation.xml'..</Message>
          <StackTrace>    at System.IO.__Error.WinIOError(Int32 errorCode, String maybeFullPath)
   at System.IO.FileStream.Init(String path, FileMode mode, FileAccess access, Int32 rights, Boolean useRights, FileShare share, Int32 bufferSize, FileOptions options, SECURITY_ATTRIBUTES secAttrs, String msgPath, Boolean bFromProxy, Boolean useLongPath, Boolean checkHost)
   at System.IO.FileStream..ctor(String path, FileMode mode, FileAccess access, FileShare share, Int32 bufferSize)
   at System.Xml.XmlDownloadManager.GetStream(Uri uri, ICredentials credentials, IWebProxy proxy, RequestCachePolicy cachePolicy)
   at System.Xml.XmlUrlResolver.GetEntity(Uri absoluteUri, String role, Type ofObjectToReturn)
   at System.Xml.XmlTextReaderImpl.FinishInitUriString()
   at System.Xml.XmlTextReaderImpl..ctor(String uriStr, XmlReaderSettings settings, XmlParserContext context, XmlResolver uriResolver)
   at System.Xml.XmlReaderSettings.CreateReader(String inputUri, XmlParserContext inputContext)
   at System.Xml.XmlReader.Create(String inputUri, XmlReaderSettings settings, XmlParserContext inputContext)
   at System.Xml.Linq.XDocument.Load(String uri, LoadOptions options)
   at Tavisca.Validation.DynamicXmlParser..ctor(String filePath)
   at Tavisca.Validation.ValidationBuilder.Build(String configFilePath)
   at Tavisca.Validation.Validation.Build(String configurationFilePath)
   at Tavisca.Catapult.External.ValidationTest.RoomRateCodeInformationValidationTest.InitializeValidation() in d:\Code\TOM\Catapult\Code\trunk\CatapultServices\Tavisca.Catapult.External.ValidationTest\RoomRateCodeInformationValidationTest.cs:line 36
</StackTrace>
        </ErrorInfo>
      </Output>
    </UnitTestResult>
    <UnitTestResult executionId="a262357a-37fb-40ea-881a-6d848078a965" testId="71517072-7a83-d2b2-239d-dce5c0b89b46" testName="RoomsRateCodeInformationForPassengerListIsNullInValidTest" computerName="PHOENIXX" duration="00:00:00.0009989" startTime="2013-08-09T22:01:52.8753896+05:30" endTime="2013-08-09T22:01:52.8763899+05:30" testType="13cdc9d9-ddb5-4fa4-a97d-d965ccfc6d4b" outcome="Failed" testListId="8c84fa94-04c1-424b-9868-57a2d4851a1d" relativeResultsDirectory="a262357a-37fb-40ea-881a-6d848078a965">
      <Output>
        <ErrorInfo>
          <Message>Initialization method Tavisca.Catapult.External.ValidationTest.RoomRateCodeInformationValidationTest.InitializeValidation threw exception. System.IO.DirectoryNotFoundException: System.IO.DirectoryNotFoundException: Could not find a part of the path 'D:\CodeBase\Catapult\trunk\CatapultServices\Tavisca.Catapult.External.ValidationTest\Validation.xml'..</Message>
          <StackTrace>    at System.IO.__Error.WinIOError(Int32 errorCode, String maybeFullPath)
   at System.IO.FileStream.Init(String path, FileMode mode, FileAccess access, Int32 rights, Boolean useRights, FileShare share, Int32 bufferSize, FileOptions options, SECURITY_ATTRIBUTES secAttrs, String msgPath, Boolean bFromProxy, Boolean useLongPath, Boolean checkHost)
   at System.IO.FileStream..ctor(String path, FileMode mode, FileAccess access, FileShare share, Int32 bufferSize)
   at System.Xml.XmlDownloadManager.GetStream(Uri uri, ICredentials credentials, IWebProxy proxy, RequestCachePolicy cachePolicy)
   at System.Xml.XmlUrlResolver.GetEntity(Uri absoluteUri, String role, Type ofObjectToReturn)
   at System.Xml.XmlTextReaderImpl.FinishInitUriString()
   at System.Xml.XmlTextReaderImpl..ctor(String uriStr, XmlReaderSettings settings, XmlParserContext context, XmlResolver uriResolver)
   at System.Xml.XmlReaderSettings.CreateReader(String inputUri, XmlParserContext inputContext)
   at System.Xml.XmlReader.Create(String inputUri, XmlReaderSettings settings, XmlParserContext inputContext)
   at System.Xml.Linq.XDocument.Load(String uri, LoadOptions options)
   at Tavisca.Validation.DynamicXmlParser..ctor(String filePath)
   at Tavisca.Validation.ValidationBuilder.Build(String configFilePath)
   at Tavisca.Validation.Validation.Build(String configurationFilePath)
   at Tavisca.Catapult.External.ValidationTest.RoomRateCodeInformationValidationTest.InitializeValidation() in d:\Code\TOM\Catapult\Code\trunk\CatapultServices\Tavisca.Catapult.External.ValidationTest\RoomRateCodeInformationValidationTest.cs:line 36
</StackTrace>
        </ErrorInfo>
      </Output>
    </UnitTestResult>
    <UnitTestResult executionId="492270d4-f726-4793-9d55-8f12086f522e" testId="71a2ccad-fcd7-6e5d-1bfb-f2108fa51028" testName="RoomsRateCodeInformationForPassengerListIsEmptyIsNullInValidTest" computerName="PHOENIXX" duration="00:00:00.0010303" startTime="2013-08-09T22:01:52.8763899+05:30" endTime="2013-08-09T22:01:52.8773902+05:30" testType="13cdc9d9-ddb5-4fa4-a97d-d965ccfc6d4b" outcome="Failed" testListId="8c84fa94-04c1-424b-9868-57a2d4851a1d" relativeResultsDirectory="492270d4-f726-4793-9d55-8f12086f522e">
      <Output>
        <ErrorInfo>
          <Message>Initialization method Tavisca.Catapult.External.ValidationTest.RoomRateCodeInformationValidationTest.InitializeValidation threw exception. System.IO.DirectoryNotFoundException: System.IO.DirectoryNotFoundException: Could not find a part of the path 'D:\CodeBase\Catapult\trunk\CatapultServices\Tavisca.Catapult.External.ValidationTest\Validation.xml'..</Message>
          <StackTrace>    at System.IO.__Error.WinIOError(Int32 errorCode, String maybeFullPath)
   at System.IO.FileStream.Init(String path, FileMode mode, FileAccess access, Int32 rights, Boolean useRights, FileShare share, Int32 bufferSize, FileOptions options, SECURITY_ATTRIBUTES secAttrs, String msgPath, Boolean bFromProxy, Boolean useLongPath, Boolean checkHost)
   at System.IO.FileStream..ctor(String path, FileMode mode, FileAccess access, FileShare share, Int32 bufferSize)
   at System.Xml.XmlDownloadManager.GetStream(Uri uri, ICredentials credentials, IWebProxy proxy, RequestCachePolicy cachePolicy)
   at System.Xml.XmlUrlResolver.GetEntity(Uri absoluteUri, String role, Type ofObjectToReturn)
   at System.Xml.XmlTextReaderImpl.FinishInitUriString()
   at System.Xml.XmlTextReaderImpl..ctor(String uriStr, XmlReaderSettings settings, XmlParserContext context, XmlResolver uriResolver)
   at System.Xml.XmlReaderSettings.CreateReader(String inputUri, XmlParserContext inputContext)
   at System.Xml.XmlReader.Create(String inputUri, XmlReaderSettings settings, XmlParserContext inputContext)
   at System.Xml.Linq.XDocument.Load(String uri, LoadOptions options)
   at Tavisca.Validation.DynamicXmlParser..ctor(String filePath)
   at Tavisca.Validation.ValidationBuilder.Build(String configFilePath)
   at Tavisca.Validation.Validation.Build(String configurationFilePath)
   at Tavisca.Catapult.External.ValidationTest.RoomRateCodeInformationValidationTest.InitializeValidation() in d:\Code\TOM\Catapult\Code\trunk\CatapultServices\Tavisca.Catapult.External.ValidationTest\RoomRateCodeInformationValidationTest.cs:line 36
</StackTrace>
        </ErrorInfo>
      </Output>
    </UnitTestResult>
    <UnitTestResult executionId="c7ced587-3f82-47d3-ac23-d6854a7d1187" testId="dda7bebf-1d34-9d9f-9901-3a94364c63d8" testName="SearchByForNullInvalidTest" computerName="PHOENIXX" duration="00:00:00.0011663" startTime="2013-08-09T22:01:52.8783905+05:30" endTime="2013-08-09T22:01:52.8793908+05:30" testType="13cdc9d9-ddb5-4fa4-a97d-d965ccfc6d4b" outcome="Failed" testListId="8c84fa94-04c1-424b-9868-57a2d4851a1d" relativeResultsDirectory="c7ced587-3f82-47d3-ac23-d6854a7d1187">
      <Output>
        <ErrorInfo>
          <Message>Initialization method Tavisca.Catapult.External.ValidationTest.SearchByAirportCodeValidationTest.InitializeValidation threw exception. System.IO.DirectoryNotFoundException: System.IO.DirectoryNotFoundException: Could not find a part of the path 'D:\CodeBase\Catapult\trunk\CatapultServices\Tavisca.Catapult.External.ValidationTest\Validation.xml'..</Message>
          <StackTrace>    at System.IO.__Error.WinIOError(Int32 errorCode, String maybeFullPath)
   at System.IO.FileStream.Init(String path, FileMode mode, FileAccess access, Int32 rights, Boolean useRights, FileShare share, Int32 bufferSize, FileOptions options, SECURITY_ATTRIBUTES secAttrs, String msgPath, Boolean bFromProxy, Boolean useLongPath, Boolean checkHost)
   at System.IO.FileStream..ctor(String path, FileMode mode, FileAccess access, FileShare share, Int32 bufferSize)
   at System.Xml.XmlDownloadManager.GetStream(Uri uri, ICredentials credentials, IWebProxy proxy, RequestCachePolicy cachePolicy)
   at System.Xml.XmlUrlResolver.GetEntity(Uri absoluteUri, String role, Type ofObjectToReturn)
   at System.Xml.XmlTextReaderImpl.FinishInitUriString()
   at System.Xml.XmlTextReaderImpl..ctor(String uriStr, XmlReaderSettings settings, XmlParserContext context, XmlResolver uriResolver)
   at System.Xml.XmlReaderSettings.CreateReader(String inputUri, XmlParserContext inputContext)
   at System.Xml.XmlReader.Create(String inputUri, XmlReaderSettings settings, XmlParserContext inputContext)
   at System.Xml.Linq.XDocument.Load(String uri, LoadOptions options)
   at Tavisca.Validation.DynamicXmlParser..ctor(String filePath)
   at Tavisca.Validation.ValidationBuilder.Build(String configFilePath)
   at Tavisca.Validation.Validation.Build(String configurationFilePath)
   at Tavisca.Catapult.External.ValidationTest.SearchByAirportCodeValidationTest.InitializeValidation() in d:\Code\TOM\Catapult\Code\trunk\CatapultServices\Tavisca.Catapult.External.ValidationTest\SearchByAirportCodeValidationTest.cs:line 31
</StackTrace>
        </ErrorInfo>
      </Output>
    </UnitTestResult>
    <UnitTestResult executionId="dcd782d8-9928-4e12-ae38-654259ce3568" testId="3cf72ad6-38e8-edbd-c355-4972620c264a" testName="SearchByForAirportCodeValidTest" computerName="PHOENIXX" duration="00:00:00.0010309" startTime="2013-08-09T22:01:52.8793908+05:30" endTime="2013-08-09T22:01:52.8803911+05:30" testType="13cdc9d9-ddb5-4fa4-a97d-d965ccfc6d4b" outcome="Failed" testListId="8c84fa94-04c1-424b-9868-57a2d4851a1d" relativeResultsDirectory="dcd782d8-9928-4e12-ae38-654259ce3568">
      <Output>
        <ErrorInfo>
          <Message>Initialization method Tavisca.Catapult.External.ValidationTest.SearchByAirportCodeValidationTest.InitializeValidation threw exception. System.IO.DirectoryNotFoundException: System.IO.DirectoryNotFoundException: Could not find a part of the path 'D:\CodeBase\Catapult\trunk\CatapultServices\Tavisca.Catapult.External.ValidationTest\Validation.xml'..</Message>
          <StackTrace>    at System.IO.__Error.WinIOError(Int32 errorCode, String maybeFullPath)
   at System.IO.FileStream.Init(String path, FileMode mode, FileAccess access, Int32 rights, Boolean useRights, FileShare share, Int32 bufferSize, FileOptions options, SECURITY_ATTRIBUTES secAttrs, String msgPath, Boolean bFromProxy, Boolean useLongPath, Boolean checkHost)
   at System.IO.FileStream..ctor(String path, FileMode mode, FileAccess access, FileShare share, Int32 bufferSize)
   at System.Xml.XmlDownloadManager.GetStream(Uri uri, ICredentials credentials, IWebProxy proxy, RequestCachePolicy cachePolicy)
   at System.Xml.XmlUrlResolver.GetEntity(Uri absoluteUri, String role, Type ofObjectToReturn)
   at System.Xml.XmlTextReaderImpl.FinishInitUriString()
   at System.Xml.XmlTextReaderImpl..ctor(String uriStr, XmlReaderSettings settings, XmlParserContext context, XmlResolver uriResolver)
   at System.Xml.XmlReaderSettings.CreateReader(String inputUri, XmlParserContext inputContext)
   at System.Xml.XmlReader.Create(String inputUri, XmlReaderSettings settings, XmlParserContext inputContext)
   at System.Xml.Linq.XDocument.Load(String uri, LoadOptions options)
   at Tavisca.Validation.DynamicXmlParser..ctor(String filePath)
   at Tavisca.Validation.ValidationBuilder.Build(String configFilePath)
   at Tavisca.Validation.Validation.Build(String configurationFilePath)
   at Tavisca.Catapult.External.ValidationTest.SearchByAirportCodeValidationTest.InitializeValidation() in d:\Code\TOM\Catapult\Code\trunk\CatapultServices\Tavisca.Catapult.External.ValidationTest\SearchByAirportCodeValidationTest.cs:line 31
</StackTrace>
        </ErrorInfo>
      </Output>
    </UnitTestResult>
    <UnitTestResult executionId="a776a1da-b6a4-4724-baa0-655e99b5b9fa" testId="105072e2-05dc-a22e-6acc-ccd5ae81ed99" testName="SearchByForAirportCodeForEmptyCodeInValidTest" computerName="PHOENIXX" duration="00:00:00.0010091" startTime="2013-08-09T22:01:52.8803911+05:30" endTime="2013-08-09T22:01:52.8823917+05:30" testType="13cdc9d9-ddb5-4fa4-a97d-d965ccfc6d4b" outcome="Failed" testListId="8c84fa94-04c1-424b-9868-57a2d4851a1d" relativeResultsDirectory="a776a1da-b6a4-4724-baa0-655e99b5b9fa">
      <Output>
        <ErrorInfo>
          <Message>Initialization method Tavisca.Catapult.External.ValidationTest.SearchByAirportCodeValidationTest.InitializeValidation threw exception. System.IO.DirectoryNotFoundException: System.IO.DirectoryNotFoundException: Could not find a part of the path 'D:\CodeBase\Catapult\trunk\CatapultServices\Tavisca.Catapult.External.ValidationTest\Validation.xml'..</Message>
          <StackTrace>    at System.IO.__Error.WinIOError(Int32 errorCode, String maybeFullPath)
   at System.IO.FileStream.Init(String path, FileMode mode, FileAccess access, Int32 rights, Boolean useRights, FileShare share, Int32 bufferSize, FileOptions options, SECURITY_ATTRIBUTES secAttrs, String msgPath, Boolean bFromProxy, Boolean useLongPath, Boolean checkHost)
   at System.IO.FileStream..ctor(String path, FileMode mode, FileAccess access, FileShare share, Int32 bufferSize)
   at System.Xml.XmlDownloadManager.GetStream(Uri uri, ICredentials credentials, IWebProxy proxy, RequestCachePolicy cachePolicy)
   at System.Xml.XmlUrlResolver.GetEntity(Uri absoluteUri, String role, Type ofObjectToReturn)
   at System.Xml.XmlTextReaderImpl.FinishInitUriString()
   at System.Xml.XmlTextReaderImpl..ctor(String uriStr, XmlReaderSettings settings, XmlParserContext context, XmlResolver uriResolver)
   at System.Xml.XmlReaderSettings.CreateReader(String inputUri, XmlParserContext inputContext)
   at System.Xml.XmlReader.Create(String inputUri, XmlReaderSettings settings, XmlParserContext inputContext)
   at System.Xml.Linq.XDocument.Load(String uri, LoadOptions options)
   at Tavisca.Validation.DynamicXmlParser..ctor(String filePath)
   at Tavisca.Validation.ValidationBuilder.Build(String configFilePath)
   at Tavisca.Validation.Validation.Build(String configurationFilePath)
   at Tavisca.Catapult.External.ValidationTest.SearchByAirportCodeValidationTest.InitializeValidation() in d:\Code\TOM\Catapult\Code\trunk\CatapultServices\Tavisca.Catapult.External.ValidationTest\SearchByAirportCodeValidationTest.cs:line 31
</StackTrace>
        </ErrorInfo>
      </Output>
    </UnitTestResult>
    <UnitTestResult executionId="5bb5be61-2d66-4fb1-882d-e9ffd2b3af4d" testId="cf2ce8fa-34a0-005d-c1df-687c9deee40a" testName="SearchByForAirportCodeForNullCodeInValidTest" computerName="PHOENIXX" duration="00:00:00.0009655" startTime="2013-08-09T22:01:52.8823917+05:30" endTime="2013-08-09T22:01:52.8833920+05:30" testType="13cdc9d9-ddb5-4fa4-a97d-d965ccfc6d4b" outcome="Failed" testListId="8c84fa94-04c1-424b-9868-57a2d4851a1d" relativeResultsDirectory="5bb5be61-2d66-4fb1-882d-e9ffd2b3af4d">
      <Output>
        <ErrorInfo>
          <Message>Initialization method Tavisca.Catapult.External.ValidationTest.SearchByAirportCodeValidationTest.InitializeValidation threw exception. System.IO.DirectoryNotFoundException: System.IO.DirectoryNotFoundException: Could not find a part of the path 'D:\CodeBase\Catapult\trunk\CatapultServices\Tavisca.Catapult.External.ValidationTest\Validation.xml'..</Message>
          <StackTrace>    at System.IO.__Error.WinIOError(Int32 errorCode, String maybeFullPath)
   at System.IO.FileStream.Init(String path, FileMode mode, FileAccess access, Int32 rights, Boolean useRights, FileShare share, Int32 bufferSize, FileOptions options, SECURITY_ATTRIBUTES secAttrs, String msgPath, Boolean bFromProxy, Boolean useLongPath, Boolean checkHost)
   at System.IO.FileStream..ctor(String path, FileMode mode, FileAccess access, FileShare share, Int32 bufferSize)
   at System.Xml.XmlDownloadManager.GetStream(Uri uri, ICredentials credentials, IWebProxy proxy, RequestCachePolicy cachePolicy)
   at System.Xml.XmlUrlResolver.GetEntity(Uri absoluteUri, String role, Type ofObjectToReturn)
   at System.Xml.XmlTextReaderImpl.FinishInitUriString()
   at System.Xml.XmlTextReaderImpl..ctor(String uriStr, XmlReaderSettings settings, XmlParserContext context, XmlResolver uriResolver)
   at System.Xml.XmlReaderSettings.CreateReader(String inputUri, XmlParserContext inputContext)
   at System.Xml.XmlReader.Create(String inputUri, XmlReaderSettings settings, XmlParserContext inputContext)
   at System.Xml.Linq.XDocument.Load(String uri, LoadOptions options)
   at Tavisca.Validation.DynamicXmlParser..ctor(String filePath)
   at Tavisca.Validation.ValidationBuilder.Build(String configFilePath)
   at Tavisca.Validation.Validation.Build(String configurationFilePath)
   at Tavisca.Catapult.External.ValidationTest.SearchByAirportCodeValidationTest.InitializeValidation() in d:\Code\TOM\Catapult\Code\trunk\CatapultServices\Tavisca.Catapult.External.ValidationTest\SearchByAirportCodeValidationTest.cs:line 31
</StackTrace>
        </ErrorInfo>
      </Output>
    </UnitTestResult>
    <UnitTestResult executionId="4b63d15a-e0eb-431b-9b19-6143384e61a4" testId="d56bc5f5-3210-aac9-b708-293890f19486" testName="SearchByForAirportCodeForNumericCodeInValidTest" computerName="PHOENIXX" duration="00:00:00.0009957" startTime="2013-08-09T22:01:52.8833920+05:30" endTime="2013-08-09T22:01:52.8843923+05:30" testType="13cdc9d9-ddb5-4fa4-a97d-d965ccfc6d4b" outcome="Failed" testListId="8c84fa94-04c1-424b-9868-57a2d4851a1d" relativeResultsDirectory="4b63d15a-e0eb-431b-9b19-6143384e61a4">
      <Output>
        <ErrorInfo>
          <Message>Initialization method Tavisca.Catapult.External.ValidationTest.SearchByAirportCodeValidationTest.InitializeValidation threw exception. System.IO.DirectoryNotFoundException: System.IO.DirectoryNotFoundException: Could not find a part of the path 'D:\CodeBase\Catapult\trunk\CatapultServices\Tavisca.Catapult.External.ValidationTest\Validation.xml'..</Message>
          <StackTrace>    at System.IO.__Error.WinIOError(Int32 errorCode, String maybeFullPath)
   at System.IO.FileStream.Init(String path, FileMode mode, FileAccess access, Int32 rights, Boolean useRights, FileShare share, Int32 bufferSize, FileOptions options, SECURITY_ATTRIBUTES secAttrs, String msgPath, Boolean bFromProxy, Boolean useLongPath, Boolean checkHost)
   at System.IO.FileStream..ctor(String path, FileMode mode, FileAccess access, FileShare share, Int32 bufferSize)
   at System.Xml.XmlDownloadManager.GetStream(Uri uri, ICredentials credentials, IWebProxy proxy, RequestCachePolicy cachePolicy)
   at System.Xml.XmlUrlResolver.GetEntity(Uri absoluteUri, String role, Type ofObjectToReturn)
   at System.Xml.XmlTextReaderImpl.FinishInitUriString()
   at System.Xml.XmlTextReaderImpl..ctor(String uriStr, XmlReaderSettings settings, XmlParserContext context, XmlResolver uriResolver)
   at System.Xml.XmlReaderSettings.CreateReader(String inputUri, XmlParserContext inputContext)
   at System.Xml.XmlReader.Create(String inputUri, XmlReaderSettings settings, XmlParserContext inputContext)
   at System.Xml.Linq.XDocument.Load(String uri, LoadOptions options)
   at Tavisca.Validation.DynamicXmlParser..ctor(String filePath)
   at Tavisca.Validation.ValidationBuilder.Build(String configFilePath)
   at Tavisca.Validation.Validation.Build(String configurationFilePath)
   at Tavisca.Catapult.External.ValidationTest.SearchByAirportCodeValidationTest.InitializeValidation() in d:\Code\TOM\Catapult\Code\trunk\CatapultServices\Tavisca.Catapult.External.ValidationTest\SearchByAirportCodeValidationTest.cs:line 31
</StackTrace>
        </ErrorInfo>
      </Output>
    </UnitTestResult>
    <UnitTestResult executionId="1fa1b084-34b7-40bb-968a-0b972d77fd97" testId="4371c7dc-6d2e-cac1-959b-cb4f7bd036fa" testName="SearchByForAirportCodeForAlphaNumericCodeInValidTest" computerName="PHOENIXX" duration="00:00:00.0010059" startTime="2013-08-09T22:01:52.8843923+05:30" endTime="2013-08-09T22:01:52.8853926+05:30" testType="13cdc9d9-ddb5-4fa4-a97d-d965ccfc6d4b" outcome="Failed" testListId="8c84fa94-04c1-424b-9868-57a2d4851a1d" relativeResultsDirectory="1fa1b084-34b7-40bb-968a-0b972d77fd97">
      <Output>
        <ErrorInfo>
          <Message>Initialization method Tavisca.Catapult.External.ValidationTest.SearchByAirportCodeValidationTest.InitializeValidation threw exception. System.IO.DirectoryNotFoundException: System.IO.DirectoryNotFoundException: Could not find a part of the path 'D:\CodeBase\Catapult\trunk\CatapultServices\Tavisca.Catapult.External.ValidationTest\Validation.xml'..</Message>
          <StackTrace>    at System.IO.__Error.WinIOError(Int32 errorCode, String maybeFullPath)
   at System.IO.FileStream.Init(String path, FileMode mode, FileAccess access, Int32 rights, Boolean useRights, FileShare share, Int32 bufferSize, FileOptions options, SECURITY_ATTRIBUTES secAttrs, String msgPath, Boolean bFromProxy, Boolean useLongPath, Boolean checkHost)
   at System.IO.FileStream..ctor(String path, FileMode mode, FileAccess access, FileShare share, Int32 bufferSize)
   at System.Xml.XmlDownloadManager.GetStream(Uri uri, ICredentials credentials, IWebProxy proxy, RequestCachePolicy cachePolicy)
   at System.Xml.XmlUrlResolver.GetEntity(Uri absoluteUri, String role, Type ofObjectToReturn)
   at System.Xml.XmlTextReaderImpl.FinishInitUriString()
   at System.Xml.XmlTextReaderImpl..ctor(String uriStr, XmlReaderSettings settings, XmlParserContext context, XmlResolver uriResolver)
   at System.Xml.XmlReaderSettings.CreateReader(String inputUri, XmlParserContext inputContext)
   at System.Xml.XmlReader.Create(String inputUri, XmlReaderSettings settings, XmlParserContext inputContext)
   at System.Xml.Linq.XDocument.Load(String uri, LoadOptions options)
   at Tavisca.Validation.DynamicXmlParser..ctor(String filePath)
   at Tavisca.Validation.ValidationBuilder.Build(String configFilePath)
   at Tavisca.Validation.Validation.Build(String configurationFilePath)
   at Tavisca.Catapult.External.ValidationTest.SearchByAirportCodeValidationTest.InitializeValidation() in d:\Code\TOM\Catapult\Code\trunk\CatapultServices\Tavisca.Catapult.External.ValidationTest\SearchByAirportCodeValidationTest.cs:line 31
</StackTrace>
        </ErrorInfo>
      </Output>
    </UnitTestResult>
    <UnitTestResult executionId="8882eb3c-e761-45f6-acb0-1ff13807fd52" testId="5d6260f5-f174-d0db-e543-226bcf88d384" testName="SearchByForAirportCodeForLengthGreaterThanThreeCodeInValidTest" computerName="PHOENIXX" duration="00:00:00.0009841" startTime="2013-08-09T22:01:52.8853926+05:30" endTime="2013-08-09T22:01:52.8863929+05:30" testType="13cdc9d9-ddb5-4fa4-a97d-d965ccfc6d4b" outcome="Failed" testListId="8c84fa94-04c1-424b-9868-57a2d4851a1d" relativeResultsDirectory="8882eb3c-e761-45f6-acb0-1ff13807fd52">
      <Output>
        <ErrorInfo>
          <Message>Initialization method Tavisca.Catapult.External.ValidationTest.SearchByAirportCodeValidationTest.InitializeValidation threw exception. System.IO.DirectoryNotFoundException: System.IO.DirectoryNotFoundException: Could not find a part of the path 'D:\CodeBase\Catapult\trunk\CatapultServices\Tavisca.Catapult.External.ValidationTest\Validation.xml'..</Message>
          <StackTrace>    at System.IO.__Error.WinIOError(Int32 errorCode, String maybeFullPath)
   at System.IO.FileStream.Init(String path, FileMode mode, FileAccess access, Int32 rights, Boolean useRights, FileShare share, Int32 bufferSize, FileOptions options, SECURITY_ATTRIBUTES secAttrs, String msgPath, Boolean bFromProxy, Boolean useLongPath, Boolean checkHost)
   at System.IO.FileStream..ctor(String path, FileMode mode, FileAccess access, FileShare share, Int32 bufferSize)
   at System.Xml.XmlDownloadManager.GetStream(Uri uri, ICredentials credentials, IWebProxy proxy, RequestCachePolicy cachePolicy)
   at System.Xml.XmlUrlResolver.GetEntity(Uri absoluteUri, String role, Type ofObjectToReturn)
   at System.Xml.XmlTextReaderImpl.FinishInitUriString()
   at System.Xml.XmlTextReaderImpl..ctor(String uriStr, XmlReaderSettings settings, XmlParserContext context, XmlResolver uriResolver)
   at System.Xml.XmlReaderSettings.CreateReader(String inputUri, XmlParserContext inputContext)
   at System.Xml.XmlReader.Create(String inputUri, XmlReaderSettings settings, XmlParserContext inputContext)
   at System.Xml.Linq.XDocument.Load(String uri, LoadOptions options)
   at Tavisca.Validation.DynamicXmlParser..ctor(String filePath)
   at Tavisca.Validation.ValidationBuilder.Build(String configFilePath)
   at Tavisca.Validation.Validation.Build(String configurationFilePath)
   at Tavisca.Catapult.External.ValidationTest.SearchByAirportCodeValidationTest.InitializeValidation() in d:\Code\TOM\Catapult\Code\trunk\CatapultServices\Tavisca.Catapult.External.ValidationTest\SearchByAirportCodeValidationTest.cs:line 31
</StackTrace>
        </ErrorInfo>
      </Output>
    </UnitTestResult>
    <UnitTestResult executionId="0089f619-e710-4bdf-9558-8a1f24ed3fe5" testId="a17719f1-702e-cf7d-6524-d0e9897e0d68" testName="SearchByCityValidTest" computerName="PHOENIXX" duration="00:00:00.0014326" startTime="2013-08-09T22:01:52.8863929+05:30" endTime="2013-08-09T22:01:52.8883935+05:30" testType="13cdc9d9-ddb5-4fa4-a97d-d965ccfc6d4b" outcome="Failed" testListId="8c84fa94-04c1-424b-9868-57a2d4851a1d" relativeResultsDirectory="0089f619-e710-4bdf-9558-8a1f24ed3fe5">
      <Output>
        <ErrorInfo>
          <Message>Initialization method Tavisca.Catapult.External.ValidationTest.SearchByCityValidationTest.InitializeValidation threw exception. System.IO.DirectoryNotFoundException: System.IO.DirectoryNotFoundException: Could not find a part of the path 'D:\CodeBase\Catapult\trunk\CatapultServices\Tavisca.Catapult.External.ValidationTest\Validation.xml'..</Message>
          <StackTrace>    at System.IO.__Error.WinIOError(Int32 errorCode, String maybeFullPath)
   at System.IO.FileStream.Init(String path, FileMode mode, FileAccess access, Int32 rights, Boolean useRights, FileShare share, Int32 bufferSize, FileOptions options, SECURITY_ATTRIBUTES secAttrs, String msgPath, Boolean bFromProxy, Boolean useLongPath, Boolean checkHost)
   at System.IO.FileStream..ctor(String path, FileMode mode, FileAccess access, FileShare share, Int32 bufferSize)
   at System.Xml.XmlDownloadManager.GetStream(Uri uri, ICredentials credentials, IWebProxy proxy, RequestCachePolicy cachePolicy)
   at System.Xml.XmlUrlResolver.GetEntity(Uri absoluteUri, String role, Type ofObjectToReturn)
   at System.Xml.XmlTextReaderImpl.FinishInitUriString()
   at System.Xml.XmlTextReaderImpl..ctor(String uriStr, XmlReaderSettings settings, XmlParserContext context, XmlResolver uriResolver)
   at System.Xml.XmlReaderSettings.CreateReader(String inputUri, XmlParserContext inputContext)
   at System.Xml.XmlReader.Create(String inputUri, XmlReaderSettings settings, XmlParserContext inputContext)
   at System.Xml.Linq.XDocument.Load(String uri, LoadOptions options)
   at Tavisca.Validation.DynamicXmlParser..ctor(String filePath)
   at Tavisca.Validation.ValidationBuilder.Build(String configFilePath)
   at Tavisca.Validation.Validation.Build(String configurationFilePath)
   at Tavisca.Catapult.External.ValidationTest.SearchByCityValidationTest.InitializeValidation() in d:\Code\TOM\Catapult\Code\trunk\CatapultServices\Tavisca.Catapult.External.ValidationTest\SearchByCityValidationTest.cs:line 31
</StackTrace>
        </ErrorInfo>
      </Output>
    </UnitTestResult>
    <UnitTestResult executionId="6d7ac92c-0f5e-4139-b087-c688d35270a5" testId="441df1b8-13de-1f06-c234-4f7deba3da3d" testName="SearchByCityForNullValueInCityInvalidTest" computerName="PHOENIXX" duration="00:00:00.0009905" startTime="2013-08-09T22:01:52.8883935+05:30" endTime="2013-08-09T22:01:52.8893938+05:30" testType="13cdc9d9-ddb5-4fa4-a97d-d965ccfc6d4b" outcome="Failed" testListId="8c84fa94-04c1-424b-9868-57a2d4851a1d" relativeResultsDirectory="6d7ac92c-0f5e-4139-b087-c688d35270a5">
      <Output>
        <ErrorInfo>
          <Message>Initialization method Tavisca.Catapult.External.ValidationTest.SearchByCityValidationTest.InitializeValidation threw exception. System.IO.DirectoryNotFoundException: System.IO.DirectoryNotFoundException: Could not find a part of the path 'D:\CodeBase\Catapult\trunk\CatapultServices\Tavisca.Catapult.External.ValidationTest\Validation.xml'..</Message>
          <StackTrace>    at System.IO.__Error.WinIOError(Int32 errorCode, String maybeFullPath)
   at System.IO.FileStream.Init(String path, FileMode mode, FileAccess access, Int32 rights, Boolean useRights, FileShare share, Int32 bufferSize, FileOptions options, SECURITY_ATTRIBUTES secAttrs, String msgPath, Boolean bFromProxy, Boolean useLongPath, Boolean checkHost)
   at System.IO.FileStream..ctor(String path, FileMode mode, FileAccess access, FileShare share, Int32 bufferSize)
   at System.Xml.XmlDownloadManager.GetStream(Uri uri, ICredentials credentials, IWebProxy proxy, RequestCachePolicy cachePolicy)
   at System.Xml.XmlUrlResolver.GetEntity(Uri absoluteUri, String role, Type ofObjectToReturn)
   at System.Xml.XmlTextReaderImpl.FinishInitUriString()
   at System.Xml.XmlTextReaderImpl..ctor(String uriStr, XmlReaderSettings settings, XmlParserContext context, XmlResolver uriResolver)
   at System.Xml.XmlReaderSettings.CreateReader(String inputUri, XmlParserContext inputContext)
   at System.Xml.XmlReader.Create(String inputUri, XmlReaderSettings settings, XmlParserContext inputContext)
   at System.Xml.Linq.XDocument.Load(String uri, LoadOptions options)
   at Tavisca.Validation.DynamicXmlParser..ctor(String filePath)
   at Tavisca.Validation.ValidationBuilder.Build(String configFilePath)
   at Tavisca.Validation.Validation.Build(String configurationFilePath)
   at Tavisca.Catapult.External.ValidationTest.SearchByCityValidationTest.InitializeValidation() in d:\Code\TOM\Catapult\Code\trunk\CatapultServices\Tavisca.Catapult.External.ValidationTest\SearchByCityValidationTest.cs:line 31
</StackTrace>
        </ErrorInfo>
      </Output>
    </UnitTestResult>
    <UnitTestResult executionId="bbea5cca-0641-42e0-b7b2-3c6b4fde2ec3" testId="fdc34ec6-937d-bdf6-2326-8778c2ca7353" testName="SearchByCityForNullValueInCityCodeInvalidTest" computerName="PHOENIXX" duration="00:00:00.0012029" startTime="2013-08-09T22:01:52.8893938+05:30" endTime="2013-08-09T22:01:52.8913944+05:30" testType="13cdc9d9-ddb5-4fa4-a97d-d965ccfc6d4b" outcome="Failed" testListId="8c84fa94-04c1-424b-9868-57a2d4851a1d" relativeResultsDirectory="bbea5cca-0641-42e0-b7b2-3c6b4fde2ec3">
      <Output>
        <ErrorInfo>
          <Message>Initialization method Tavisca.Catapult.External.ValidationTest.SearchByCityValidationTest.InitializeValidation threw exception. System.IO.DirectoryNotFoundException: System.IO.DirectoryNotFoundException: Could not find a part of the path 'D:\CodeBase\Catapult\trunk\CatapultServices\Tavisca.Catapult.External.ValidationTest\Validation.xml'..</Message>
          <StackTrace>    at System.IO.__Error.WinIOError(Int32 errorCode, String maybeFullPath)
   at System.IO.FileStream.Init(String path, FileMode mode, FileAccess access, Int32 rights, Boolean useRights, FileShare share, Int32 bufferSize, FileOptions options, SECURITY_ATTRIBUTES secAttrs, String msgPath, Boolean bFromProxy, Boolean useLongPath, Boolean checkHost)
   at System.IO.FileStream..ctor(String path, FileMode mode, FileAccess access, FileShare share, Int32 bufferSize)
   at System.Xml.XmlDownloadManager.GetStream(Uri uri, ICredentials credentials, IWebProxy proxy, RequestCachePolicy cachePolicy)
   at System.Xml.XmlUrlResolver.GetEntity(Uri absoluteUri, String role, Type ofObjectToReturn)
   at System.Xml.XmlTextReaderImpl.FinishInitUriString()
   at System.Xml.XmlTextReaderImpl..ctor(String uriStr, XmlReaderSettings settings, XmlParserContext context, XmlResolver uriResolver)
   at System.Xml.XmlReaderSettings.CreateReader(String inputUri, XmlParserContext inputContext)
   at System.Xml.XmlReader.Create(String inputUri, XmlReaderSettings settings, XmlParserContext inputContext)
   at System.Xml.Linq.XDocument.Load(String uri, LoadOptions options)
   at Tavisca.Validation.DynamicXmlParser..ctor(String filePath)
   at Tavisca.Validation.ValidationBuilder.Build(String configFilePath)
   at Tavisca.Validation.Validation.Build(String configurationFilePath)
   at Tavisca.Catapult.External.ValidationTest.SearchByCityValidationTest.InitializeValidation() in d:\Code\TOM\Catapult\Code\trunk\CatapultServices\Tavisca.Catapult.External.ValidationTest\SearchByCityValidationTest.cs:line 31
</StackTrace>
        </ErrorInfo>
      </Output>
    </UnitTestResult>
    <UnitTestResult executionId="137ad46a-6cf0-4a58-a3cb-55e39f4739f8" testId="9dff9d8e-c2d2-03e4-6678-3364a883b888" testName="SearchByCityForBlankValueInCityCodeInvalidTest" computerName="PHOENIXX" duration="00:00:00.0010046" startTime="2013-08-09T22:01:52.8913944+05:30" endTime="2013-08-09T22:01:52.8923947+05:30" testType="13cdc9d9-ddb5-4fa4-a97d-d965ccfc6d4b" outcome="Failed" testListId="8c84fa94-04c1-424b-9868-57a2d4851a1d" relativeResultsDirectory="137ad46a-6cf0-4a58-a3cb-55e39f4739f8">
      <Output>
        <ErrorInfo>
          <Message>Initialization method Tavisca.Catapult.External.ValidationTest.SearchByCityValidationTest.InitializeValidation threw exception. System.IO.DirectoryNotFoundException: System.IO.DirectoryNotFoundException: Could not find a part of the path 'D:\CodeBase\Catapult\trunk\CatapultServices\Tavisca.Catapult.External.ValidationTest\Validation.xml'..</Message>
          <StackTrace>    at System.IO.__Error.WinIOError(Int32 errorCode, String maybeFullPath)
   at System.IO.FileStream.Init(String path, FileMode mode, FileAccess access, Int32 rights, Boolean useRights, FileShare share, Int32 bufferSize, FileOptions options, SECURITY_ATTRIBUTES secAttrs, String msgPath, Boolean bFromProxy, Boolean useLongPath, Boolean checkHost)
   at System.IO.FileStream..ctor(String path, FileMode mode, FileAccess access, FileShare share, Int32 bufferSize)
   at System.Xml.XmlDownloadManager.GetStream(Uri uri, ICredentials credentials, IWebProxy proxy, RequestCachePolicy cachePolicy)
   at System.Xml.XmlUrlResolver.GetEntity(Uri absoluteUri, String role, Type ofObjectToReturn)
   at System.Xml.XmlTextReaderImpl.FinishInitUriString()
   at System.Xml.XmlTextReaderImpl..ctor(String uriStr, XmlReaderSettings settings, XmlParserContext context, XmlResolver uriResolver)
   at System.Xml.XmlReaderSettings.CreateReader(String inputUri, XmlParserContext inputContext)
   at System.Xml.XmlReader.Create(String inputUri, XmlReaderSettings settings, XmlParserContext inputContext)
   at System.Xml.Linq.XDocument.Load(String uri, LoadOptions options)
   at Tavisca.Validation.DynamicXmlParser..ctor(String filePath)
   at Tavisca.Validation.ValidationBuilder.Build(String configFilePath)
   at Tavisca.Validation.Validation.Build(String configurationFilePath)
   at Tavisca.Catapult.External.ValidationTest.SearchByCityValidationTest.InitializeValidation() in d:\Code\TOM\Catapult\Code\trunk\CatapultServices\Tavisca.Catapult.External.ValidationTest\SearchByCityValidationTest.cs:line 31
</StackTrace>
        </ErrorInfo>
      </Output>
    </UnitTestResult>
    <UnitTestResult executionId="f5fdca97-e320-4732-8ca2-95b104234e4e" testId="5691c650-3cb0-21be-4555-228f27cf118b" testName="SearchByCityForCityCodeLengthGreaterThanThreeInvalidTest" computerName="PHOENIXX" duration="00:00:00.0010066" startTime="2013-08-09T22:01:52.8923947+05:30" endTime="2013-08-09T22:01:52.8933950+05:30" testType="13cdc9d9-ddb5-4fa4-a97d-d965ccfc6d4b" outcome="Failed" testListId="8c84fa94-04c1-424b-9868-57a2d4851a1d" relativeResultsDirectory="f5fdca97-e320-4732-8ca2-95b104234e4e">
      <Output>
        <ErrorInfo>
          <Message>Initialization method Tavisca.Catapult.External.ValidationTest.SearchByCityValidationTest.InitializeValidation threw exception. System.IO.DirectoryNotFoundException: System.IO.DirectoryNotFoundException: Could not find a part of the path 'D:\CodeBase\Catapult\trunk\CatapultServices\Tavisca.Catapult.External.ValidationTest\Validation.xml'..</Message>
          <StackTrace>    at System.IO.__Error.WinIOError(Int32 errorCode, String maybeFullPath)
   at System.IO.FileStream.Init(String path, FileMode mode, FileAccess access, Int32 rights, Boolean useRights, FileShare share, Int32 bufferSize, FileOptions options, SECURITY_ATTRIBUTES secAttrs, String msgPath, Boolean bFromProxy, Boolean useLongPath, Boolean checkHost)
   at System.IO.FileStream..ctor(String path, FileMode mode, FileAccess access, FileShare share, Int32 bufferSize)
   at System.Xml.XmlDownloadManager.GetStream(Uri uri, ICredentials credentials, IWebProxy proxy, RequestCachePolicy cachePolicy)
   at System.Xml.XmlUrlResolver.GetEntity(Uri absoluteUri, String role, Type ofObjectToReturn)
   at System.Xml.XmlTextReaderImpl.FinishInitUriString()
   at System.Xml.XmlTextReaderImpl..ctor(String uriStr, XmlReaderSettings settings, XmlParserContext context, XmlResolver uriResolver)
   at System.Xml.XmlReaderSettings.CreateReader(String inputUri, XmlParserContext inputContext)
   at System.Xml.XmlReader.Create(String inputUri, XmlReaderSettings settings, XmlParserContext inputContext)
   at System.Xml.Linq.XDocument.Load(String uri, LoadOptions options)
   at Tavisca.Validation.DynamicXmlParser..ctor(String filePath)
   at Tavisca.Validation.ValidationBuilder.Build(String configFilePath)
   at Tavisca.Validation.Validation.Build(String configurationFilePath)
   at Tavisca.Catapult.External.ValidationTest.SearchByCityValidationTest.InitializeValidation() in d:\Code\TOM\Catapult\Code\trunk\CatapultServices\Tavisca.Catapult.External.ValidationTest\SearchByCityValidationTest.cs:line 31
</StackTrace>
        </ErrorInfo>
      </Output>
    </UnitTestResult>
    <UnitTestResult executionId="a6a09fe7-5b67-4a88-8e27-f354c6ef6d71" testId="f8fccbc7-25d9-cdd2-8791-c0e0ab07862c" testName="SearchByCityForCityCodeLengthLessThanThreeInvalidTest" computerName="PHOENIXX" duration="00:00:00.0009296" startTime="2013-08-09T22:01:52.8933950+05:30" endTime="2013-08-09T22:01:52.8943953+05:30" testType="13cdc9d9-ddb5-4fa4-a97d-d965ccfc6d4b" outcome="Failed" testListId="8c84fa94-04c1-424b-9868-57a2d4851a1d" relativeResultsDirectory="a6a09fe7-5b67-4a88-8e27-f354c6ef6d71">
      <Output>
        <ErrorInfo>
          <Message>Initialization method Tavisca.Catapult.External.ValidationTest.SearchByCityValidationTest.InitializeValidation threw exception. System.IO.DirectoryNotFoundException: System.IO.DirectoryNotFoundException: Could not find a part of the path 'D:\CodeBase\Catapult\trunk\CatapultServices\Tavisca.Catapult.External.ValidationTest\Validation.xml'..</Message>
          <StackTrace>    at System.IO.__Error.WinIOError(Int32 errorCode, String maybeFullPath)
   at System.IO.FileStream.Init(String path, FileMode mode, FileAccess access, Int32 rights, Boolean useRights, FileShare share, Int32 bufferSize, FileOptions options, SECURITY_ATTRIBUTES secAttrs, String msgPath, Boolean bFromProxy, Boolean useLongPath, Boolean checkHost)
   at System.IO.FileStream..ctor(String path, FileMode mode, FileAccess access, FileShare share, Int32 bufferSize)
   at System.Xml.XmlDownloadManager.GetStream(Uri uri, ICredentials credentials, IWebProxy proxy, RequestCachePolicy cachePolicy)
   at System.Xml.XmlUrlResolver.GetEntity(Uri absoluteUri, String role, Type ofObjectToReturn)
   at System.Xml.XmlTextReaderImpl.FinishInitUriString()
   at System.Xml.XmlTextReaderImpl..ctor(String uriStr, XmlReaderSettings settings, XmlParserContext context, XmlResolver uriResolver)
   at System.Xml.XmlReaderSettings.CreateReader(String inputUri, XmlParserContext inputContext)
   at System.Xml.XmlReader.Create(String inputUri, XmlReaderSettings settings, XmlParserContext inputContext)
   at System.Xml.Linq.XDocument.Load(String uri, LoadOptions options)
   at Tavisca.Validation.DynamicXmlParser..ctor(String filePath)
   at Tavisca.Validation.ValidationBuilder.Build(String configFilePath)
   at Tavisca.Validation.Validation.Build(String configurationFilePath)
   at Tavisca.Catapult.External.ValidationTest.SearchByCityValidationTest.InitializeValidation() in d:\Code\TOM\Catapult\Code\trunk\CatapultServices\Tavisca.Catapult.External.ValidationTest\SearchByCityValidationTest.cs:line 31
</StackTrace>
        </ErrorInfo>
      </Output>
    </UnitTestResult>
    <UnitTestResult executionId="f459c15f-3d4f-4f76-98ea-c37419c7a2d8" testId="7d3146e5-2153-b7ce-4fce-9b9d7f2a0f78" testName="SearchByCityForNumericValueInCityCodeInvalidTest" computerName="PHOENIXX" duration="00:00:00.0010354" startTime="2013-08-09T22:01:52.8943953+05:30" endTime="2013-08-09T22:01:52.8953956+05:30" testType="13cdc9d9-ddb5-4fa4-a97d-d965ccfc6d4b" outcome="Failed" testListId="8c84fa94-04c1-424b-9868-57a2d4851a1d" relativeResultsDirectory="f459c15f-3d4f-4f76-98ea-c37419c7a2d8">
      <Output>
        <ErrorInfo>
          <Message>Initialization method Tavisca.Catapult.External.ValidationTest.SearchByCityValidationTest.InitializeValidation threw exception. System.IO.DirectoryNotFoundException: System.IO.DirectoryNotFoundException: Could not find a part of the path 'D:\CodeBase\Catapult\trunk\CatapultServices\Tavisca.Catapult.External.ValidationTest\Validation.xml'..</Message>
          <StackTrace>    at System.IO.__Error.WinIOError(Int32 errorCode, String maybeFullPath)
   at System.IO.FileStream.Init(String path, FileMode mode, FileAccess access, Int32 rights, Boolean useRights, FileShare share, Int32 bufferSize, FileOptions options, SECURITY_ATTRIBUTES secAttrs, String msgPath, Boolean bFromProxy, Boolean useLongPath, Boolean checkHost)
   at System.IO.FileStream..ctor(String path, FileMode mode, FileAccess access, FileShare share, Int32 bufferSize)
   at System.Xml.XmlDownloadManager.GetStream(Uri uri, ICredentials credentials, IWebProxy proxy, RequestCachePolicy cachePolicy)
   at System.Xml.XmlUrlResolver.GetEntity(Uri absoluteUri, String role, Type ofObjectToReturn)
   at System.Xml.XmlTextReaderImpl.FinishInitUriString()
   at System.Xml.XmlTextReaderImpl..ctor(String uriStr, XmlReaderSettings settings, XmlParserContext context, XmlResolver uriResolver)
   at System.Xml.XmlReaderSettings.CreateReader(String inputUri, XmlParserContext inputContext)
   at System.Xml.XmlReader.Create(String inputUri, XmlReaderSettings settings, XmlParserContext inputContext)
   at System.Xml.Linq.XDocument.Load(String uri, LoadOptions options)
   at Tavisca.Validation.DynamicXmlParser..ctor(String filePath)
   at Tavisca.Validation.ValidationBuilder.Build(String configFilePath)
   at Tavisca.Validation.Validation.Build(String configurationFilePath)
   at Tavisca.Catapult.External.ValidationTest.SearchByCityValidationTest.InitializeValidation() in d:\Code\TOM\Catapult\Code\trunk\CatapultServices\Tavisca.Catapult.External.ValidationTest\SearchByCityValidationTest.cs:line 31
</StackTrace>
        </ErrorInfo>
      </Output>
    </UnitTestResult>
    <UnitTestResult executionId="8bdaf09d-cc8a-4cb2-8315-9387a61d51ae" testId="8ad02b50-2f79-d444-3578-f49174126ebb" testName="SearchByCityForNullValueInCountryInvalidTest" computerName="PHOENIXX" duration="00:00:00.0009912" startTime="2013-08-09T22:01:52.8953956+05:30" endTime="2013-08-09T22:01:52.8963959+05:30" testType="13cdc9d9-ddb5-4fa4-a97d-d965ccfc6d4b" outcome="Failed" testListId="8c84fa94-04c1-424b-9868-57a2d4851a1d" relativeResultsDirectory="8bdaf09d-cc8a-4cb2-8315-9387a61d51ae">
      <Output>
        <ErrorInfo>
          <Message>Initialization method Tavisca.Catapult.External.ValidationTest.SearchByCityValidationTest.InitializeValidation threw exception. System.IO.DirectoryNotFoundException: System.IO.DirectoryNotFoundException: Could not find a part of the path 'D:\CodeBase\Catapult\trunk\CatapultServices\Tavisca.Catapult.External.ValidationTest\Validation.xml'..</Message>
          <StackTrace>    at System.IO.__Error.WinIOError(Int32 errorCode, String maybeFullPath)
   at System.IO.FileStream.Init(String path, FileMode mode, FileAccess access, Int32 rights, Boolean useRights, FileShare share, Int32 bufferSize, FileOptions options, SECURITY_ATTRIBUTES secAttrs, String msgPath, Boolean bFromProxy, Boolean useLongPath, Boolean checkHost)
   at System.IO.FileStream..ctor(String path, FileMode mode, FileAccess access, FileShare share, Int32 bufferSize)
   at System.Xml.XmlDownloadManager.GetStream(Uri uri, ICredentials credentials, IWebProxy proxy, RequestCachePolicy cachePolicy)
   at System.Xml.XmlUrlResolver.GetEntity(Uri absoluteUri, String role, Type ofObjectToReturn)
   at System.Xml.XmlTextReaderImpl.FinishInitUriString()
   at System.Xml.XmlTextReaderImpl..ctor(String uriStr, XmlReaderSettings settings, XmlParserContext context, XmlResolver uriResolver)
   at System.Xml.XmlReaderSettings.CreateReader(String inputUri, XmlParserContext inputContext)
   at System.Xml.XmlReader.Create(String inputUri, XmlReaderSettings settings, XmlParserContext inputContext)
   at System.Xml.Linq.XDocument.Load(String uri, LoadOptions options)
   at Tavisca.Validation.DynamicXmlParser..ctor(String filePath)
   at Tavisca.Validation.ValidationBuilder.Build(String configFilePath)
   at Tavisca.Validation.Validation.Build(String configurationFilePath)
   at Tavisca.Catapult.External.ValidationTest.SearchByCityValidationTest.InitializeValidation() in d:\Code\TOM\Catapult\Code\trunk\CatapultServices\Tavisca.Catapult.External.ValidationTest\SearchByCityValidationTest.cs:line 31
</StackTrace>
        </ErrorInfo>
      </Output>
    </UnitTestResult>
    <UnitTestResult executionId="8c5eefd2-37a4-4f28-931f-69b9dfcc865d" testId="ebd01faf-8ef2-5a45-da39-7f7de596831a" testName="SearchByCityForBlankValueInCountryInvalidTest" computerName="PHOENIXX" duration="00:00:00.0009546" startTime="2013-08-09T22:01:52.8963959+05:30" endTime="2013-08-09T22:01:52.8983965+05:30" testType="13cdc9d9-ddb5-4fa4-a97d-d965ccfc6d4b" outcome="Failed" testListId="8c84fa94-04c1-424b-9868-57a2d4851a1d" relativeResultsDirectory="8c5eefd2-37a4-4f28-931f-69b9dfcc865d">
      <Output>
        <ErrorInfo>
          <Message>Initialization method Tavisca.Catapult.External.ValidationTest.SearchByCityValidationTest.InitializeValidation threw exception. System.IO.DirectoryNotFoundException: System.IO.DirectoryNotFoundException: Could not find a part of the path 'D:\CodeBase\Catapult\trunk\CatapultServices\Tavisca.Catapult.External.ValidationTest\Validation.xml'..</Message>
          <StackTrace>    at System.IO.__Error.WinIOError(Int32 errorCode, String maybeFullPath)
   at System.IO.FileStream.Init(String path, FileMode mode, FileAccess access, Int32 rights, Boolean useRights, FileShare share, Int32 bufferSize, FileOptions options, SECURITY_ATTRIBUTES secAttrs, String msgPath, Boolean bFromProxy, Boolean useLongPath, Boolean checkHost)
   at System.IO.FileStream..ctor(String path, FileMode mode, FileAccess access, FileShare share, Int32 bufferSize)
   at System.Xml.XmlDownloadManager.GetStream(Uri uri, ICredentials credentials, IWebProxy proxy, RequestCachePolicy cachePolicy)
   at System.Xml.XmlUrlResolver.GetEntity(Uri absoluteUri, String role, Type ofObjectToReturn)
   at System.Xml.XmlTextReaderImpl.FinishInitUriString()
   at System.Xml.XmlTextReaderImpl..ctor(String uriStr, XmlReaderSettings settings, XmlParserContext context, XmlResolver uriResolver)
   at System.Xml.XmlReaderSettings.CreateReader(String inputUri, XmlParserContext inputContext)
   at System.Xml.XmlReader.Create(String inputUri, XmlReaderSettings settings, XmlParserContext inputContext)
   at System.Xml.Linq.XDocument.Load(String uri, LoadOptions options)
   at Tavisca.Validation.DynamicXmlParser..ctor(String filePath)
   at Tavisca.Validation.ValidationBuilder.Build(String configFilePath)
   at Tavisca.Validation.Validation.Build(String configurationFilePath)
   at Tavisca.Catapult.External.ValidationTest.SearchByCityValidationTest.InitializeValidation() in d:\Code\TOM\Catapult\Code\trunk\CatapultServices\Tavisca.Catapult.External.ValidationTest\SearchByCityValidationTest.cs:line 31
</StackTrace>
        </ErrorInfo>
      </Output>
    </UnitTestResult>
    <UnitTestResult executionId="5da95bc0-82b9-4630-aeb6-80786b884973" testId="40f75709-f2cd-11e0-699d-4caaa7ff23d8" testName="SearchByCityForCountryValueLengthGreaterThanTwoInvalidTest" computerName="PHOENIXX" duration="00:00:00.0010521" startTime="2013-08-09T22:01:52.8983965+05:30" endTime="2013-08-09T22:01:52.8993968+05:30" testType="13cdc9d9-ddb5-4fa4-a97d-d965ccfc6d4b" outcome="Failed" testListId="8c84fa94-04c1-424b-9868-57a2d4851a1d" relativeResultsDirectory="5da95bc0-82b9-4630-aeb6-80786b884973">
      <Output>
        <ErrorInfo>
          <Message>Initialization method Tavisca.Catapult.External.ValidationTest.SearchByCityValidationTest.InitializeValidation threw exception. System.IO.DirectoryNotFoundException: System.IO.DirectoryNotFoundException: Could not find a part of the path 'D:\CodeBase\Catapult\trunk\CatapultServices\Tavisca.Catapult.External.ValidationTest\Validation.xml'..</Message>
          <StackTrace>    at System.IO.__Error.WinIOError(Int32 errorCode, String maybeFullPath)
   at System.IO.FileStream.Init(String path, FileMode mode, FileAccess access, Int32 rights, Boolean useRights, FileShare share, Int32 bufferSize, FileOptions options, SECURITY_ATTRIBUTES secAttrs, String msgPath, Boolean bFromProxy, Boolean useLongPath, Boolean checkHost)
   at System.IO.FileStream..ctor(String path, FileMode mode, FileAccess access, FileShare share, Int32 bufferSize)
   at System.Xml.XmlDownloadManager.GetStream(Uri uri, ICredentials credentials, IWebProxy proxy, RequestCachePolicy cachePolicy)
   at System.Xml.XmlUrlResolver.GetEntity(Uri absoluteUri, String role, Type ofObjectToReturn)
   at System.Xml.XmlTextReaderImpl.FinishInitUriString()
   at System.Xml.XmlTextReaderImpl..ctor(String uriStr, XmlReaderSettings settings, XmlParserContext context, XmlResolver uriResolver)
   at System.Xml.XmlReaderSettings.CreateReader(String inputUri, XmlParserContext inputContext)
   at System.Xml.XmlReader.Create(String inputUri, XmlReaderSettings settings, XmlParserContext inputContext)
   at System.Xml.Linq.XDocument.Load(String uri, LoadOptions options)
   at Tavisca.Validation.DynamicXmlParser..ctor(String filePath)
   at Tavisca.Validation.ValidationBuilder.Build(String configFilePath)
   at Tavisca.Validation.Validation.Build(String configurationFilePath)
   at Tavisca.Catapult.External.ValidationTest.SearchByCityValidationTest.InitializeValidation() in d:\Code\TOM\Catapult\Code\trunk\CatapultServices\Tavisca.Catapult.External.ValidationTest\SearchByCityValidationTest.cs:line 31
</StackTrace>
        </ErrorInfo>
      </Output>
    </UnitTestResult>
    <UnitTestResult executionId="dec2c03a-4a05-48f8-964c-e7ce59d8b636" testId="31aacf3d-6743-1c2c-2e1e-085ac6697eef" testName="SearchByCityForCountryValueLengthLessThanTwoInvalidTest" computerName="PHOENIXX" duration="00:00:00.0010271" startTime="2013-08-09T22:01:52.8993968+05:30" endTime="2013-08-09T22:01:52.9003971+05:30" testType="13cdc9d9-ddb5-4fa4-a97d-d965ccfc6d4b" outcome="Failed" testListId="8c84fa94-04c1-424b-9868-57a2d4851a1d" relativeResultsDirectory="dec2c03a-4a05-48f8-964c-e7ce59d8b636">
      <Output>
        <ErrorInfo>
          <Message>Initialization method Tavisca.Catapult.External.ValidationTest.SearchByCityValidationTest.InitializeValidation threw exception. System.IO.DirectoryNotFoundException: System.IO.DirectoryNotFoundException: Could not find a part of the path 'D:\CodeBase\Catapult\trunk\CatapultServices\Tavisca.Catapult.External.ValidationTest\Validation.xml'..</Message>
          <StackTrace>    at System.IO.__Error.WinIOError(Int32 errorCode, String maybeFullPath)
   at System.IO.FileStream.Init(String path, FileMode mode, FileAccess access, Int32 rights, Boolean useRights, FileShare share, Int32 bufferSize, FileOptions options, SECURITY_ATTRIBUTES secAttrs, String msgPath, Boolean bFromProxy, Boolean useLongPath, Boolean checkHost)
   at System.IO.FileStream..ctor(String path, FileMode mode, FileAccess access, FileShare share, Int32 bufferSize)
   at System.Xml.XmlDownloadManager.GetStream(Uri uri, ICredentials credentials, IWebProxy proxy, RequestCachePolicy cachePolicy)
   at System.Xml.XmlUrlResolver.GetEntity(Uri absoluteUri, String role, Type ofObjectToReturn)
   at System.Xml.XmlTextReaderImpl.FinishInitUriString()
   at System.Xml.XmlTextReaderImpl..ctor(String uriStr, XmlReaderSettings settings, XmlParserContext context, XmlResolver uriResolver)
   at System.Xml.XmlReaderSettings.CreateReader(String inputUri, XmlParserContext inputContext)
   at System.Xml.XmlReader.Create(String inputUri, XmlReaderSettings settings, XmlParserContext inputContext)
   at System.Xml.Linq.XDocument.Load(String uri, LoadOptions options)
   at Tavisca.Validation.DynamicXmlParser..ctor(String filePath)
   at Tavisca.Validation.ValidationBuilder.Build(String configFilePath)
   at Tavisca.Validation.Validation.Build(String configurationFilePath)
   at Tavisca.Catapult.External.ValidationTest.SearchByCityValidationTest.InitializeValidation() in d:\Code\TOM\Catapult\Code\trunk\CatapultServices\Tavisca.Catapult.External.ValidationTest\SearchByCityValidationTest.cs:line 31
</StackTrace>
        </ErrorInfo>
      </Output>
    </UnitTestResult>
    <UnitTestResult executionId="9a67cf01-c26d-4535-bfda-83522691f410" testId="f80f2a1c-1d5d-27fa-8bb7-c610ea749762" testName="SearchByCityForNumericValueInCountryInvalidTest" computerName="PHOENIXX" duration="00:00:00.0009539" startTime="2013-08-09T22:01:52.9003971+05:30" endTime="2013-08-09T22:01:52.9013974+05:30" testType="13cdc9d9-ddb5-4fa4-a97d-d965ccfc6d4b" outcome="Failed" testListId="8c84fa94-04c1-424b-9868-57a2d4851a1d" relativeResultsDirectory="9a67cf01-c26d-4535-bfda-83522691f410">
      <Output>
        <ErrorInfo>
          <Message>Initialization method Tavisca.Catapult.External.ValidationTest.SearchByCityValidationTest.InitializeValidation threw exception. System.IO.DirectoryNotFoundException: System.IO.DirectoryNotFoundException: Could not find a part of the path 'D:\CodeBase\Catapult\trunk\CatapultServices\Tavisca.Catapult.External.ValidationTest\Validation.xml'..</Message>
          <StackTrace>    at System.IO.__Error.WinIOError(Int32 errorCode, String maybeFullPath)
   at System.IO.FileStream.Init(String path, FileMode mode, FileAccess access, Int32 rights, Boolean useRights, FileShare share, Int32 bufferSize, FileOptions options, SECURITY_ATTRIBUTES secAttrs, String msgPath, Boolean bFromProxy, Boolean useLongPath, Boolean checkHost)
   at System.IO.FileStream..ctor(String path, FileMode mode, FileAccess access, FileShare share, Int32 bufferSize)
   at System.Xml.XmlDownloadManager.GetStream(Uri uri, ICredentials credentials, IWebProxy proxy, RequestCachePolicy cachePolicy)
   at System.Xml.XmlUrlResolver.GetEntity(Uri absoluteUri, String role, Type ofObjectToReturn)
   at System.Xml.XmlTextReaderImpl.FinishInitUriString()
   at System.Xml.XmlTextReaderImpl..ctor(String uriStr, XmlReaderSettings settings, XmlParserContext context, XmlResolver uriResolver)
   at System.Xml.XmlReaderSettings.CreateReader(String inputUri, XmlParserContext inputContext)
   at System.Xml.XmlReader.Create(String inputUri, XmlReaderSettings settings, XmlParserContext inputContext)
   at System.Xml.Linq.XDocument.Load(String uri, LoadOptions options)
   at Tavisca.Validation.DynamicXmlParser..ctor(String filePath)
   at Tavisca.Validation.ValidationBuilder.Build(String configFilePath)
   at Tavisca.Validation.Validation.Build(String configurationFilePath)
   at Tavisca.Catapult.External.ValidationTest.SearchByCityValidationTest.InitializeValidation() in d:\Code\TOM\Catapult\Code\trunk\CatapultServices\Tavisca.Catapult.External.ValidationTest\SearchByCityValidationTest.cs:line 31
</StackTrace>
        </ErrorInfo>
      </Output>
    </UnitTestResult>
    <UnitTestResult executionId="85d0a71e-543c-4bec-81e1-4b8605b7c8a7" testId="7563cc30-1727-c6db-3e0b-aa9fe433668f" testName="SearchByCityForAlphaNumericValueIvCountryInvalidTest" computerName="PHOENIXX" duration="00:00:00.0009674" startTime="2013-08-09T22:01:52.9013974+05:30" endTime="2013-08-09T22:01:52.9023977+05:30" testType="13cdc9d9-ddb5-4fa4-a97d-d965ccfc6d4b" outcome="Failed" testListId="8c84fa94-04c1-424b-9868-57a2d4851a1d" relativeResultsDirectory="85d0a71e-543c-4bec-81e1-4b8605b7c8a7">
      <Output>
        <ErrorInfo>
          <Message>Initialization method Tavisca.Catapult.External.ValidationTest.SearchByCityValidationTest.InitializeValidation threw exception. System.IO.DirectoryNotFoundException: System.IO.DirectoryNotFoundException: Could not find a part of the path 'D:\CodeBase\Catapult\trunk\CatapultServices\Tavisca.Catapult.External.ValidationTest\Validation.xml'..</Message>
          <StackTrace>    at System.IO.__Error.WinIOError(Int32 errorCode, String maybeFullPath)
   at System.IO.FileStream.Init(String path, FileMode mode, FileAccess access, Int32 rights, Boolean useRights, FileShare share, Int32 bufferSize, FileOptions options, SECURITY_ATTRIBUTES secAttrs, String msgPath, Boolean bFromProxy, Boolean useLongPath, Boolean checkHost)
   at System.IO.FileStream..ctor(String path, FileMode mode, FileAccess access, FileShare share, Int32 bufferSize)
   at System.Xml.XmlDownloadManager.GetStream(Uri uri, ICredentials credentials, IWebProxy proxy, RequestCachePolicy cachePolicy)
   at System.Xml.XmlUrlResolver.GetEntity(Uri absoluteUri, String role, Type ofObjectToReturn)
   at System.Xml.XmlTextReaderImpl.FinishInitUriString()
   at System.Xml.XmlTextReaderImpl..ctor(String uriStr, XmlReaderSettings settings, XmlParserContext context, XmlResolver uriResolver)
   at System.Xml.XmlReaderSettings.CreateReader(String inputUri, XmlParserContext inputContext)
   at System.Xml.XmlReader.Create(String inputUri, XmlReaderSettings settings, XmlParserContext inputContext)
   at System.Xml.Linq.XDocument.Load(String uri, LoadOptions options)
   at Tavisca.Validation.DynamicXmlParser..ctor(String filePath)
   at Tavisca.Validation.ValidationBuilder.Build(String configFilePath)
   at Tavisca.Validation.Validation.Build(String configurationFilePath)
   at Tavisca.Catapult.External.ValidationTest.SearchByCityValidationTest.InitializeValidation() in d:\Code\TOM\Catapult\Code\trunk\CatapultServices\Tavisca.Catapult.External.ValidationTest\SearchByCityValidationTest.cs:line 31
</StackTrace>
        </ErrorInfo>
      </Output>
    </UnitTestResult>
    <UnitTestResult executionId="bb8709f2-110e-4684-92d5-08e529edf3f3" testId="98148ceb-6f1a-e55f-7f1f-638c047f3e73" testName="SearchByGeocodeValidTest" computerName="PHOENIXX" duration="00:00:00.0013806" startTime="2013-08-09T22:01:52.9023977+05:30" endTime="2013-08-09T22:01:52.9043983+05:30" testType="13cdc9d9-ddb5-4fa4-a97d-d965ccfc6d4b" outcome="Failed" testListId="8c84fa94-04c1-424b-9868-57a2d4851a1d" relativeResultsDirectory="bb8709f2-110e-4684-92d5-08e529edf3f3">
      <Output>
        <ErrorInfo>
          <Message>Initialization method Tavisca.Catapult.External.ValidationTest.SearchByGeoCodeValidationTest.InitializeValidation threw exception. System.IO.DirectoryNotFoundException: System.IO.DirectoryNotFoundException: Could not find a part of the path 'D:\CodeBase\Catapult\trunk\CatapultServices\Tavisca.Catapult.External.ValidationTest\Validation.xml'..</Message>
          <StackTrace>    at System.IO.__Error.WinIOError(Int32 errorCode, String maybeFullPath)
   at System.IO.FileStream.Init(String path, FileMode mode, FileAccess access, Int32 rights, Boolean useRights, FileShare share, Int32 bufferSize, FileOptions options, SECURITY_ATTRIBUTES secAttrs, String msgPath, Boolean bFromProxy, Boolean useLongPath, Boolean checkHost)
   at System.IO.FileStream..ctor(String path, FileMode mode, FileAccess access, FileShare share, Int32 bufferSize)
   at System.Xml.XmlDownloadManager.GetStream(Uri uri, ICredentials credentials, IWebProxy proxy, RequestCachePolicy cachePolicy)
   at System.Xml.XmlUrlResolver.GetEntity(Uri absoluteUri, String role, Type ofObjectToReturn)
   at System.Xml.XmlTextReaderImpl.FinishInitUriString()
   at System.Xml.XmlTextReaderImpl..ctor(String uriStr, XmlReaderSettings settings, XmlParserContext context, XmlResolver uriResolver)
   at System.Xml.XmlReaderSettings.CreateReader(String inputUri, XmlParserContext inputContext)
   at System.Xml.XmlReader.Create(String inputUri, XmlReaderSettings settings, XmlParserContext inputContext)
   at System.Xml.Linq.XDocument.Load(String uri, LoadOptions options)
   at Tavisca.Validation.DynamicXmlParser..ctor(String filePath)
   at Tavisca.Validation.ValidationBuilder.Build(String configFilePath)
   at Tavisca.Validation.Validation.Build(String configurationFilePath)
   at Tavisca.Catapult.External.ValidationTest.SearchByGeoCodeValidationTest.InitializeValidation() in d:\Code\TOM\Catapult\Code\trunk\CatapultServices\Tavisca.Catapult.External.ValidationTest\SearchByGeoCodeValidationTest.cs:line 35
</StackTrace>
        </ErrorInfo>
      </Output>
    </UnitTestResult>
    <UnitTestResult executionId="7d5d810d-4362-4fd5-b77d-8322f2744eaa" testId="6aae29bb-194f-0275-11d3-6f591a3d8467" testName="SearchByGeocodeForNullGeocodeInValidTest" computerName="PHOENIXX" duration="00:00:00.0010521" startTime="2013-08-09T22:01:52.9043983+05:30" endTime="2013-08-09T22:01:52.9053986+05:30" testType="13cdc9d9-ddb5-4fa4-a97d-d965ccfc6d4b" outcome="Failed" testListId="8c84fa94-04c1-424b-9868-57a2d4851a1d" relativeResultsDirectory="7d5d810d-4362-4fd5-b77d-8322f2744eaa">
      <Output>
        <ErrorInfo>
          <Message>Initialization method Tavisca.Catapult.External.ValidationTest.SearchByGeoCodeValidationTest.InitializeValidation threw exception. System.IO.DirectoryNotFoundException: System.IO.DirectoryNotFoundException: Could not find a part of the path 'D:\CodeBase\Catapult\trunk\CatapultServices\Tavisca.Catapult.External.ValidationTest\Validation.xml'..</Message>
          <StackTrace>    at System.IO.__Error.WinIOError(Int32 errorCode, String maybeFullPath)
   at System.IO.FileStream.Init(String path, FileMode mode, FileAccess access, Int32 rights, Boolean useRights, FileShare share, Int32 bufferSize, FileOptions options, SECURITY_ATTRIBUTES secAttrs, String msgPath, Boolean bFromProxy, Boolean useLongPath, Boolean checkHost)
   at System.IO.FileStream..ctor(String path, FileMode mode, FileAccess access, FileShare share, Int32 bufferSize)
   at System.Xml.XmlDownloadManager.GetStream(Uri uri, ICredentials credentials, IWebProxy proxy, RequestCachePolicy cachePolicy)
   at System.Xml.XmlUrlResolver.GetEntity(Uri absoluteUri, String role, Type ofObjectToReturn)
   at System.Xml.XmlTextReaderImpl.FinishInitUriString()
   at System.Xml.XmlTextReaderImpl..ctor(String uriStr, XmlReaderSettings settings, XmlParserContext context, XmlResolver uriResolver)
   at System.Xml.XmlReaderSettings.CreateReader(String inputUri, XmlParserContext inputContext)
   at System.Xml.XmlReader.Create(String inputUri, XmlReaderSettings settings, XmlParserContext inputContext)
   at System.Xml.Linq.XDocument.Load(String uri, LoadOptions options)
   at Tavisca.Validation.DynamicXmlParser..ctor(String filePath)
   at Tavisca.Validation.ValidationBuilder.Build(String configFilePath)
   at Tavisca.Validation.Validation.Build(String configurationFilePath)
   at Tavisca.Catapult.External.ValidationTest.SearchByGeoCodeValidationTest.InitializeValidation() in d:\Code\TOM\Catapult\Code\trunk\CatapultServices\Tavisca.Catapult.External.ValidationTest\SearchByGeoCodeValidationTest.cs:line 35
</StackTrace>
        </ErrorInfo>
      </Output>
    </UnitTestResult>
    <UnitTestResult executionId="38a0c7f3-9aee-4e30-8750-70f341573598" testId="3edf33a3-d359-0260-28d6-f7b4003bad25" testName="SearchByGeocodeForZeroRadiusInValidTest" computerName="PHOENIXX" duration="00:00:00.0009533" startTime="2013-08-09T22:01:52.9053986+05:30" endTime="2013-08-09T22:01:52.9073992+05:30" testType="13cdc9d9-ddb5-4fa4-a97d-d965ccfc6d4b" outcome="Failed" testListId="8c84fa94-04c1-424b-9868-57a2d4851a1d" relativeResultsDirectory="38a0c7f3-9aee-4e30-8750-70f341573598">
      <Output>
        <ErrorInfo>
          <Message>Initialization method Tavisca.Catapult.External.ValidationTest.SearchByGeoCodeValidationTest.InitializeValidation threw exception. System.IO.DirectoryNotFoundException: System.IO.DirectoryNotFoundException: Could not find a part of the path 'D:\CodeBase\Catapult\trunk\CatapultServices\Tavisca.Catapult.External.ValidationTest\Validation.xml'..</Message>
          <StackTrace>    at System.IO.__Error.WinIOError(Int32 errorCode, String maybeFullPath)
   at System.IO.FileStream.Init(String path, FileMode mode, FileAccess access, Int32 rights, Boolean useRights, FileShare share, Int32 bufferSize, FileOptions options, SECURITY_ATTRIBUTES secAttrs, String msgPath, Boolean bFromProxy, Boolean useLongPath, Boolean checkHost)
   at System.IO.FileStream..ctor(String path, FileMode mode, FileAccess access, FileShare share, Int32 bufferSize)
   at System.Xml.XmlDownloadManager.GetStream(Uri uri, ICredentials credentials, IWebProxy proxy, RequestCachePolicy cachePolicy)
   at System.Xml.XmlUrlResolver.GetEntity(Uri absoluteUri, String role, Type ofObjectToReturn)
   at System.Xml.XmlTextReaderImpl.FinishInitUriString()
   at System.Xml.XmlTextReaderImpl..ctor(String uriStr, XmlReaderSettings settings, XmlParserContext context, XmlResolver uriResolver)
   at System.Xml.XmlReaderSettings.CreateReader(String inputUri, XmlParserContext inputContext)
   at System.Xml.XmlReader.Create(String inputUri, XmlReaderSettings settings, XmlParserContext inputContext)
   at System.Xml.Linq.XDocument.Load(String uri, LoadOptions options)
   at Tavisca.Validation.DynamicXmlParser..ctor(String filePath)
   at Tavisca.Validation.ValidationBuilder.Build(String configFilePath)
   at Tavisca.Validation.Validation.Build(String configurationFilePath)
   at Tavisca.Catapult.External.ValidationTest.SearchByGeoCodeValidationTest.InitializeValidation() in d:\Code\TOM\Catapult\Code\trunk\CatapultServices\Tavisca.Catapult.External.ValidationTest\SearchByGeoCodeValidationTest.cs:line 35
</StackTrace>
        </ErrorInfo>
      </Output>
    </UnitTestResult>
    <UnitTestResult executionId="54832ce2-0c9f-4de4-9b9f-f1b452308ed8" testId="32f82aca-e8f4-a30e-b803-efd670b89238" testName="SearchByCodeValidTest" computerName="PHOENIXX" duration="00:00:00.0013017" startTime="2013-08-09T22:01:52.9073992+05:30" endTime="2013-08-09T22:01:52.9083995+05:30" testType="13cdc9d9-ddb5-4fa4-a97d-d965ccfc6d4b" outcome="Failed" testListId="8c84fa94-04c1-424b-9868-57a2d4851a1d" relativeResultsDirectory="54832ce2-0c9f-4de4-9b9f-f1b452308ed8">
      <Output>
        <ErrorInfo>
          <Message>Initialization method Tavisca.Catapult.External.ValidationTest.SearchHotelByCodeValidationTest.InitializeValidation threw exception. System.IO.DirectoryNotFoundException: System.IO.DirectoryNotFoundException: Could not find a part of the path 'D:\CodeBase\Catapult\trunk\CatapultServices\Tavisca.Catapult.External.ValidationTest\Validation.xml'..</Message>
          <StackTrace>    at System.IO.__Error.WinIOError(Int32 errorCode, String maybeFullPath)
   at System.IO.FileStream.Init(String path, FileMode mode, FileAccess access, Int32 rights, Boolean useRights, FileShare share, Int32 bufferSize, FileOptions options, SECURITY_ATTRIBUTES secAttrs, String msgPath, Boolean bFromProxy, Boolean useLongPath, Boolean checkHost)
   at System.IO.FileStream..ctor(String path, FileMode mode, FileAccess access, FileShare share, Int32 bufferSize)
   at System.Xml.XmlDownloadManager.GetStream(Uri uri, ICredentials credentials, IWebProxy proxy, RequestCachePolicy cachePolicy)
   at System.Xml.XmlUrlResolver.GetEntity(Uri absoluteUri, String role, Type ofObjectToReturn)
   at System.Xml.XmlTextReaderImpl.FinishInitUriString()
   at System.Xml.XmlTextReaderImpl..ctor(String uriStr, XmlReaderSettings settings, XmlParserContext context, XmlResolver uriResolver)
   at System.Xml.XmlReaderSettings.CreateReader(String inputUri, XmlParserContext inputContext)
   at System.Xml.XmlReader.Create(String inputUri, XmlReaderSettings settings, XmlParserContext inputContext)
   at System.Xml.Linq.XDocument.Load(String uri, LoadOptions options)
   at Tavisca.Validation.DynamicXmlParser..ctor(String filePath)
   at Tavisca.Validation.ValidationBuilder.Build(String configFilePath)
   at Tavisca.Validation.Validation.Build(String configurationFilePath)
   at Tavisca.Catapult.External.ValidationTest.SearchHotelByCodeValidationTest.InitializeValidation() in d:\Code\TOM\Catapult\Code\trunk\CatapultServices\Tavisca.Catapult.External.ValidationTest\SearchHotelByCodeValidationTest.cs:line 32
</StackTrace>
        </ErrorInfo>
      </Output>
    </UnitTestResult>
    <UnitTestResult executionId="8556945d-41be-4a38-827a-9a8f4ea5f3e7" testId="d22951d0-d10b-b6a1-9d7a-50f3c01a9577" testName="SearchByCodeForNullValueInCodeInValidTest" computerName="PHOENIXX" duration="00:00:00.0009469" startTime="2013-08-09T22:01:52.9083995+05:30" endTime="2013-08-09T22:01:52.9093998+05:30" testType="13cdc9d9-ddb5-4fa4-a97d-d965ccfc6d4b" outcome="Failed" testListId="8c84fa94-04c1-424b-9868-57a2d4851a1d" relativeResultsDirectory="8556945d-41be-4a38-827a-9a8f4ea5f3e7">
      <Output>
        <ErrorInfo>
          <Message>Initialization method Tavisca.Catapult.External.ValidationTest.SearchHotelByCodeValidationTest.InitializeValidation threw exception. System.IO.DirectoryNotFoundException: System.IO.DirectoryNotFoundException: Could not find a part of the path 'D:\CodeBase\Catapult\trunk\CatapultServices\Tavisca.Catapult.External.ValidationTest\Validation.xml'..</Message>
          <StackTrace>    at System.IO.__Error.WinIOError(Int32 errorCode, String maybeFullPath)
   at System.IO.FileStream.Init(String path, FileMode mode, FileAccess access, Int32 rights, Boolean useRights, FileShare share, Int32 bufferSize, FileOptions options, SECURITY_ATTRIBUTES secAttrs, String msgPath, Boolean bFromProxy, Boolean useLongPath, Boolean checkHost)
   at System.IO.FileStream..ctor(String path, FileMode mode, FileAccess access, FileShare share, Int32 bufferSize)
   at System.Xml.XmlDownloadManager.GetStream(Uri uri, ICredentials credentials, IWebProxy proxy, RequestCachePolicy cachePolicy)
   at System.Xml.XmlUrlResolver.GetEntity(Uri absoluteUri, String role, Type ofObjectToReturn)
   at System.Xml.XmlTextReaderImpl.FinishInitUriString()
   at System.Xml.XmlTextReaderImpl..ctor(String uriStr, XmlReaderSettings settings, XmlParserContext context, XmlResolver uriResolver)
   at System.Xml.XmlReaderSettings.CreateReader(String inputUri, XmlParserContext inputContext)
   at System.Xml.XmlReader.Create(String inputUri, XmlReaderSettings settings, XmlParserContext inputContext)
   at System.Xml.Linq.XDocument.Load(String uri, LoadOptions options)
   at Tavisca.Validation.DynamicXmlParser..ctor(String filePath)
   at Tavisca.Validation.ValidationBuilder.Build(String configFilePath)
   at Tavisca.Validation.Validation.Build(String configurationFilePath)
   at Tavisca.Catapult.External.ValidationTest.SearchHotelByCodeValidationTest.InitializeValidation() in d:\Code\TOM\Catapult\Code\trunk\CatapultServices\Tavisca.Catapult.External.ValidationTest\SearchHotelByCodeValidationTest.cs:line 32
</StackTrace>
        </ErrorInfo>
      </Output>
    </UnitTestResult>
    <UnitTestResult executionId="154010f7-dc59-40a4-8407-f2f30729eab6" testId="586197b4-8c46-5ac6-1149-1e95d83b5e26" testName="SearchByCodeForEmptyCodeListInValidTest" computerName="PHOENIXX" duration="00:00:00.0009764" startTime="2013-08-09T22:01:52.9093998+05:30" endTime="2013-08-09T22:01:52.9114004+05:30" testType="13cdc9d9-ddb5-4fa4-a97d-d965ccfc6d4b" outcome="Failed" testListId="8c84fa94-04c1-424b-9868-57a2d4851a1d" relativeResultsDirectory="154010f7-dc59-40a4-8407-f2f30729eab6">
      <Output>
        <ErrorInfo>
          <Message>Initialization method Tavisca.Catapult.External.ValidationTest.SearchHotelByCodeValidationTest.InitializeValidation threw exception. System.IO.DirectoryNotFoundException: System.IO.DirectoryNotFoundException: Could not find a part of the path 'D:\CodeBase\Catapult\trunk\CatapultServices\Tavisca.Catapult.External.ValidationTest\Validation.xml'..</Message>
          <StackTrace>    at System.IO.__Error.WinIOError(Int32 errorCode, String maybeFullPath)
   at System.IO.FileStream.Init(String path, FileMode mode, FileAccess access, Int32 rights, Boolean useRights, FileShare share, Int32 bufferSize, FileOptions options, SECURITY_ATTRIBUTES secAttrs, String msgPath, Boolean bFromProxy, Boolean useLongPath, Boolean checkHost)
   at System.IO.FileStream..ctor(String path, FileMode mode, FileAccess access, FileShare share, Int32 bufferSize)
   at System.Xml.XmlDownloadManager.GetStream(Uri uri, ICredentials credentials, IWebProxy proxy, RequestCachePolicy cachePolicy)
   at System.Xml.XmlUrlResolver.GetEntity(Uri absoluteUri, String role, Type ofObjectToReturn)
   at System.Xml.XmlTextReaderImpl.FinishInitUriString()
   at System.Xml.XmlTextReaderImpl..ctor(String uriStr, XmlReaderSettings settings, XmlParserContext context, XmlResolver uriResolver)
   at System.Xml.XmlReaderSettings.CreateReader(String inputUri, XmlParserContext inputContext)
   at System.Xml.XmlReader.Create(String inputUri, XmlReaderSettings settings, XmlParserContext inputContext)
   at System.Xml.Linq.XDocument.Load(String uri, LoadOptions options)
   at Tavisca.Validation.DynamicXmlParser..ctor(String filePath)
   at Tavisca.Validation.ValidationBuilder.Build(String configFilePath)
   at Tavisca.Validation.Validation.Build(String configurationFilePath)
   at Tavisca.Catapult.External.ValidationTest.SearchHotelByCodeValidationTest.InitializeValidation() in d:\Code\TOM\Catapult\Code\trunk\CatapultServices\Tavisca.Catapult.External.ValidationTest\SearchHotelByCodeValidationTest.cs:line 32
</StackTrace>
        </ErrorInfo>
      </Output>
    </UnitTestResult>
  </Results>
  <TestDefinitions>
    <UnitTest name="SearchByActivityCodeContentEnabledTest1" storage="d:\code\tom\catapult\code\trunk\catapultservices\tavisca.catapult.external.facade.tests\bin\debug\tavisca.catapult.external.facade.tests.dll" id="9eb408b6-a801-7f1a-3781-6e25fc56394d">
      <Execution id="22c1e8ec-3e0e-4393-aaea-7ce63bb6604f" />
      <TestMethod codeBase="D:\Code\TOM\Catapult\Code\trunk\CatapultServices\Tavisca.Catapult.External.Facade.Tests\bin\Debug\Tavisca.Catapult.External.Facade.Tests.dll" adapterTypeName="Microsoft.VisualStudio.TestTools.TestTypes.Unit.UnitTestAdapter" className="Tavisca.Catapult.External.Facade.Tests.ActivityMultiAvailTests.SearchByActivityCodeTest" name="SearchByActivityCodeContentEnabledTest1" />
    </UnitTest>
    <UnitTest name="SearchByActivityCodeContentDisabledTest1" storage="d:\code\tom\catapult\code\trunk\catapultservices\tavisca.catapult.external.facade.tests\bin\debug\tavisca.catapult.external.facade.tests.dll" id="03449cb1-2ff0-5c15-5962-42932309f0e7">
      <Execution id="9e5a9ac8-5043-4053-abc3-88b41939a5fc" />
      <TestMethod codeBase="D:\Code\TOM\Catapult\Code\trunk\CatapultServices\Tavisca.Catapult.External.Facade.Tests\bin\Debug\Tavisca.Catapult.External.Facade.Tests.dll" adapterTypeName="Microsoft.VisualStudio.TestTools.TestTypes.Unit.UnitTestAdapter" className="Tavisca.Catapult.External.Facade.Tests.ActivityMultiAvailTests.SearchByActivityCodeTest" name="SearchByActivityCodeContentDisabledTest1" />
    </UnitTest>
    <UnitTest name="BlackOutPeriodTest1" storage="d:\code\tom\catapult\code\trunk\catapultservices\tavisca.catapult.external.facade.tests\bin\debug\tavisca.catapult.external.facade.tests.dll" id="e1011dff-25f5-2337-a1e2-2281532b73a1">
      <Execution id="d4360f42-ac48-46d9-82ce-66c14f9497d6" />
      <TestMethod codeBase="D:\Code\TOM\Catapult\Code\trunk\CatapultServices\Tavisca.Catapult.External.Facade.Tests\bin\Debug\Tavisca.Catapult.External.Facade.Tests.dll" adapterTypeName="Microsoft.VisualStudio.TestTools.TestTypes.Unit.UnitTestAdapter" className="Tavisca.Catapult.External.Facade.Tests.ActivityMultiAvailTests.SearchByActivityCodeTest" name="BlackOutPeriodTest1" />
    </UnitTest>
    <UnitTest name="BlackOutPeriodTest2" storage="d:\code\tom\catapult\code\trunk\catapultservices\tavisca.catapult.external.facade.tests\bin\debug\tavisca.catapult.external.facade.tests.dll" id="145637ef-e889-13a0-b3bb-d878285616bc">
      <Execution id="c2d9ccef-ceb3-47b4-a77a-168d839a59e0" />
      <TestMethod codeBase="D:\Code\TOM\Catapult\Code\trunk\CatapultServices\Tavisca.Catapult.External.Facade.Tests\bin\Debug\Tavisca.Catapult.External.Facade.Tests.dll" adapterTypeName="Microsoft.VisualStudio.TestTools.TestTypes.Unit.UnitTestAdapter" className="Tavisca.Catapult.External.Facade.Tests.ActivityMultiAvailTests.SearchByActivityCodeTest" name="BlackOutPeriodTest2" />
    </UnitTest>
    <UnitTest name="BlackOutPeriodTest3" storage="d:\code\tom\catapult\code\trunk\catapultservices\tavisca.catapult.external.facade.tests\bin\debug\tavisca.catapult.external.facade.tests.dll" id="b16c7138-319d-970b-82b6-2b1677acffa5">
      <Execution id="689acf69-d7a0-4b96-9c05-d5946c9f3aa4" />
      <TestMethod codeBase="D:\Code\TOM\Catapult\Code\trunk\CatapultServices\Tavisca.Catapult.External.Facade.Tests\bin\Debug\Tavisca.Catapult.External.Facade.Tests.dll" adapterTypeName="Microsoft.VisualStudio.TestTools.TestTypes.Unit.UnitTestAdapter" className="Tavisca.Catapult.External.Facade.Tests.ActivityMultiAvailTests.SearchByActivityCodeTest" name="BlackOutPeriodTest3" />
    </UnitTest>
    <UnitTest name="RateContractTest1" storage="d:\code\tom\catapult\code\trunk\catapultservices\tavisca.catapult.external.facade.tests\bin\debug\tavisca.catapult.external.facade.tests.dll" id="ca962fe4-aeac-61ff-e5f9-8287fd7db7ed">
      <Execution id="c0dbc8d8-e53f-4728-9940-97e6c837ed6b" />
      <TestMethod codeBase="D:\Code\TOM\Catapult\Code\trunk\CatapultServices\Tavisca.Catapult.External.Facade.Tests\bin\Debug\Tavisca.Catapult.External.Facade.Tests.dll" adapterTypeName="Microsoft.VisualStudio.TestTools.TestTypes.Unit.UnitTestAdapter" className="Tavisca.Catapult.External.Facade.Tests.ActivityMultiAvailTests.SearchByActivityCodeTest" name="RateContractTest1" />
    </UnitTest>
    <UnitTest name="RateContractTest2" storage="d:\code\tom\catapult\code\trunk\catapultservices\tavisca.catapult.external.facade.tests\bin\debug\tavisca.catapult.external.facade.tests.dll" id="ee163a86-3120-50ca-7f13-19dba35f8e1e">
      <Execution id="81d5159d-2560-4f85-8007-63337f6ee94a" />
      <TestMethod codeBase="D:\Code\TOM\Catapult\Code\trunk\CatapultServices\Tavisca.Catapult.External.Facade.Tests\bin\Debug\Tavisca.Catapult.External.Facade.Tests.dll" adapterTypeName="Microsoft.VisualStudio.TestTools.TestTypes.Unit.UnitTestAdapter" className="Tavisca.Catapult.External.Facade.Tests.ActivityMultiAvailTests.SearchByActivityCodeTest" name="RateContractTest2" />
    </UnitTest>
    <UnitTest name="RateContractTest3" storage="d:\code\tom\catapult\code\trunk\catapultservices\tavisca.catapult.external.facade.tests\bin\debug\tavisca.catapult.external.facade.tests.dll" id="6d7fd9f5-f280-e1d4-bba1-43be312ac229">
      <Execution id="16ce49bf-97a8-446f-839c-5a1176d56022" />
      <TestMethod codeBase="D:\Code\TOM\Catapult\Code\trunk\CatapultServices\Tavisca.Catapult.External.Facade.Tests\bin\Debug\Tavisca.Catapult.External.Facade.Tests.dll" adapterTypeName="Microsoft.VisualStudio.TestTools.TestTypes.Unit.UnitTestAdapter" className="Tavisca.Catapult.External.Facade.Tests.ActivityMultiAvailTests.SearchByActivityCodeTest" name="RateContractTest3" />
    </UnitTest>
    <UnitTest name="RateContractTest4" storage="d:\code\tom\catapult\code\trunk\catapultservices\tavisca.catapult.external.facade.tests\bin\debug\tavisca.catapult.external.facade.tests.dll" id="54a743c8-c6d2-d1b4-0db2-ca58bda565eb">
      <Execution id="f8cb8fb5-b8ea-4b7d-a7ef-55b7283c47e9" />
      <TestMethod codeBase="D:\Code\TOM\Catapult\Code\trunk\CatapultServices\Tavisca.Catapult.External.Facade.Tests\bin\Debug\Tavisca.Catapult.External.Facade.Tests.dll" adapterTypeName="Microsoft.VisualStudio.TestTools.TestTypes.Unit.UnitTestAdapter" className="Tavisca.Catapult.External.Facade.Tests.ActivityMultiAvailTests.SearchByActivityCodeTest" name="RateContractTest4" />
    </UnitTest>
    <UnitTest name="RateContractTest5" storage="d:\code\tom\catapult\code\trunk\catapultservices\tavisca.catapult.external.facade.tests\bin\debug\tavisca.catapult.external.facade.tests.dll" id="102b4238-3ffb-861e-aab4-3d10ddd872d2">
      <Execution id="ae711851-b261-42d8-bbe2-7c0510a27e8d" />
      <TestMethod codeBase="D:\Code\TOM\Catapult\Code\trunk\CatapultServices\Tavisca.Catapult.External.Facade.Tests\bin\Debug\Tavisca.Catapult.External.Facade.Tests.dll" adapterTypeName="Microsoft.VisualStudio.TestTools.TestTypes.Unit.UnitTestAdapter" className="Tavisca.Catapult.External.Facade.Tests.ActivityMultiAvailTests.SearchByActivityCodeTest" name="RateContractTest5" />
    </UnitTest>
    <UnitTest name="RateContractTest6" storage="d:\code\tom\catapult\code\trunk\catapultservices\tavisca.catapult.external.facade.tests\bin\debug\tavisca.catapult.external.facade.tests.dll" id="3dba0b62-d65e-3140-103e-be2b0138652b">
      <Execution id="c7087d4c-12ba-4f25-b788-3ccf7fb45bb3" />
      <TestMethod codeBase="D:\Code\TOM\Catapult\Code\trunk\CatapultServices\Tavisca.Catapult.External.Facade.Tests\bin\Debug\Tavisca.Catapult.External.Facade.Tests.dll" adapterTypeName="Microsoft.VisualStudio.TestTools.TestTypes.Unit.UnitTestAdapter" className="Tavisca.Catapult.External.Facade.Tests.ActivityMultiAvailTests.SearchByActivityCodeTest" name="RateContractTest6" />
    </UnitTest>
    <UnitTest name="RateContractTest7" storage="d:\code\tom\catapult\code\trunk\catapultservices\tavisca.catapult.external.facade.tests\bin\debug\tavisca.catapult.external.facade.tests.dll" id="d8ae811c-a950-9917-face-4ca0462ec510">
      <Execution id="5f1f4a7c-42b7-447c-9ded-3597eba0952b" />
      <TestMethod codeBase="D:\Code\TOM\Catapult\Code\trunk\CatapultServices\Tavisca.Catapult.External.Facade.Tests\bin\Debug\Tavisca.Catapult.External.Facade.Tests.dll" adapterTypeName="Microsoft.VisualStudio.TestTools.TestTypes.Unit.UnitTestAdapter" className="Tavisca.Catapult.External.Facade.Tests.ActivityMultiAvailTests.SearchByActivityCodeTest" name="RateContractTest7" />
    </UnitTest>
    <UnitTest name="RateContractTest8" storage="d:\code\tom\catapult\code\trunk\catapultservices\tavisca.catapult.external.facade.tests\bin\debug\tavisca.catapult.external.facade.tests.dll" id="f62a5f41-63eb-2781-d688-303eaaaf089f">
      <Execution id="89ccdea7-173f-46e6-a5f0-b4f466e75dc9" />
      <TestMethod codeBase="D:\Code\TOM\Catapult\Code\trunk\CatapultServices\Tavisca.Catapult.External.Facade.Tests\bin\Debug\Tavisca.Catapult.External.Facade.Tests.dll" adapterTypeName="Microsoft.VisualStudio.TestTools.TestTypes.Unit.UnitTestAdapter" className="Tavisca.Catapult.External.Facade.Tests.ActivityMultiAvailTests.SearchByActivityCodeTest" name="RateContractTest8" />
    </UnitTest>
    <UnitTest name="RateContractTest9" storage="d:\code\tom\catapult\code\trunk\catapultservices\tavisca.catapult.external.facade.tests\bin\debug\tavisca.catapult.external.facade.tests.dll" id="e03b76cd-180b-599b-07a4-2e20dc555464">
      <Execution id="7ae60fe9-cbff-4037-88d6-74805dc4ce0c" />
      <TestMethod codeBase="D:\Code\TOM\Catapult\Code\trunk\CatapultServices\Tavisca.Catapult.External.Facade.Tests\bin\Debug\Tavisca.Catapult.External.Facade.Tests.dll" adapterTypeName="Microsoft.VisualStudio.TestTools.TestTypes.Unit.UnitTestAdapter" className="Tavisca.Catapult.External.Facade.Tests.ActivityMultiAvailTests.SearchByActivityCodeTest" name="RateContractTest9" />
    </UnitTest>
    <UnitTest name="GuestInformationTest1" storage="d:\code\tom\catapult\code\trunk\catapultservices\tavisca.catapult.external.facade.tests\bin\debug\tavisca.catapult.external.facade.tests.dll" id="49f30d8e-3e53-8ad9-2397-be0f01984562">
      <Execution id="372f5db3-7da7-4d6d-bbca-a2ce30824196" />
      <TestMethod codeBase="D:\Code\TOM\Catapult\Code\trunk\CatapultServices\Tavisca.Catapult.External.Facade.Tests\bin\Debug\Tavisca.Catapult.External.Facade.Tests.dll" adapterTypeName="Microsoft.VisualStudio.TestTools.TestTypes.Unit.UnitTestAdapter" className="Tavisca.Catapult.External.Facade.Tests.ActivityMultiAvailTests.SearchByActivityCodeTest" name="GuestInformationTest1" />
    </UnitTest>
    <UnitTest name="GuestInformationTest2" storage="d:\code\tom\catapult\code\trunk\catapultservices\tavisca.catapult.external.facade.tests\bin\debug\tavisca.catapult.external.facade.tests.dll" id="937c922e-bb1b-3866-1407-ea9abf372591">
      <Execution id="5a66df25-8410-4439-bb7f-236c809e954a" />
      <TestMethod codeBase="D:\Code\TOM\Catapult\Code\trunk\CatapultServices\Tavisca.Catapult.External.Facade.Tests\bin\Debug\Tavisca.Catapult.External.Facade.Tests.dll" adapterTypeName="Microsoft.VisualStudio.TestTools.TestTypes.Unit.UnitTestAdapter" className="Tavisca.Catapult.External.Facade.Tests.ActivityMultiAvailTests.SearchByActivityCodeTest" name="GuestInformationTest2" />
    </UnitTest>
    <UnitTest name="GuestInformationTest3" storage="d:\code\tom\catapult\code\trunk\catapultservices\tavisca.catapult.external.facade.tests\bin\debug\tavisca.catapult.external.facade.tests.dll" id="16f56d1d-7f66-3c17-7cf4-77213d6f8ce0">
      <Execution id="50c6f2b8-fc59-4d02-974d-1b9eec4bd78d" />
      <TestMethod codeBase="D:\Code\TOM\Catapult\Code\trunk\CatapultServices\Tavisca.Catapult.External.Facade.Tests\bin\Debug\Tavisca.Catapult.External.Facade.Tests.dll" adapterTypeName="Microsoft.VisualStudio.TestTools.TestTypes.Unit.UnitTestAdapter" className="Tavisca.Catapult.External.Facade.Tests.ActivityMultiAvailTests.SearchByActivityCodeTest" name="GuestInformationTest3" />
    </UnitTest>
    <UnitTest name="GuestInformationTest4" storage="d:\code\tom\catapult\code\trunk\catapultservices\tavisca.catapult.external.facade.tests\bin\debug\tavisca.catapult.external.facade.tests.dll" id="fb302115-c432-348b-d028-e1313c3f0170">
      <Execution id="2ade1cd5-b7c1-4b00-b9c4-65ef56e44bb4" />
      <TestMethod codeBase="D:\Code\TOM\Catapult\Code\trunk\CatapultServices\Tavisca.Catapult.External.Facade.Tests\bin\Debug\Tavisca.Catapult.External.Facade.Tests.dll" adapterTypeName="Microsoft.VisualStudio.TestTools.TestTypes.Unit.UnitTestAdapter" className="Tavisca.Catapult.External.Facade.Tests.ActivityMultiAvailTests.SearchByActivityCodeTest" name="GuestInformationTest4" />
    </UnitTest>
    <UnitTest name="GuestInformationTest5" storage="d:\code\tom\catapult\code\trunk\catapultservices\tavisca.catapult.external.facade.tests\bin\debug\tavisca.catapult.external.facade.tests.dll" id="b3d6e356-4a94-2ee8-20f1-6001a7326a4d">
      <Execution id="f08fdbaf-fd7c-4fb5-827a-2b26838b8885" />
      <TestMethod codeBase="D:\Code\TOM\Catapult\Code\trunk\CatapultServices\Tavisca.Catapult.External.Facade.Tests\bin\Debug\Tavisca.Catapult.External.Facade.Tests.dll" adapterTypeName="Microsoft.VisualStudio.TestTools.TestTypes.Unit.UnitTestAdapter" className="Tavisca.Catapult.External.Facade.Tests.ActivityMultiAvailTests.SearchByActivityCodeTest" name="GuestInformationTest5" />
    </UnitTest>
    <UnitTest name="GuestInformationTest6" storage="d:\code\tom\catapult\code\trunk\catapultservices\tavisca.catapult.external.facade.tests\bin\debug\tavisca.catapult.external.facade.tests.dll" id="57f8bef5-ad43-6cbd-7b8c-92f7701cf6bf">
      <Execution id="0e8ee6a8-b0e7-4f91-a582-3bf2b5bcf8c5" />
      <TestMethod codeBase="D:\Code\TOM\Catapult\Code\trunk\CatapultServices\Tavisca.Catapult.External.Facade.Tests\bin\Debug\Tavisca.Catapult.External.Facade.Tests.dll" adapterTypeName="Microsoft.VisualStudio.TestTools.TestTypes.Unit.UnitTestAdapter" className="Tavisca.Catapult.External.Facade.Tests.ActivityMultiAvailTests.SearchByActivityCodeTest" name="GuestInformationTest6" />
    </UnitTest>
    <UnitTest name="WeekEndDayPricingTest1" storage="d:\code\tom\catapult\code\trunk\catapultservices\tavisca.catapult.external.facade.tests\bin\debug\tavisca.catapult.external.facade.tests.dll" id="61b130a5-6601-8ba1-25c6-df2df5f60600">
      <Execution id="ac3615a8-d6dc-4a22-9cce-a7748eec266b" />
      <TestMethod codeBase="D:\Code\TOM\Catapult\Code\trunk\CatapultServices\Tavisca.Catapult.External.Facade.Tests\bin\Debug\Tavisca.Catapult.External.Facade.Tests.dll" adapterTypeName="Microsoft.VisualStudio.TestTools.TestTypes.Unit.UnitTestAdapter" className="Tavisca.Catapult.External.Facade.Tests.ActivityMultiAvailTests.SearchByActivityCodeTest" name="WeekEndDayPricingTest1" />
    </UnitTest>
    <UnitTest name="WeekEndDayPricingTest2" storage="d:\code\tom\catapult\code\trunk\catapultservices\tavisca.catapult.external.facade.tests\bin\debug\tavisca.catapult.external.facade.tests.dll" id="442d53e3-c006-d979-92fd-19e66c306dd2">
      <Execution id="c8f1249d-9e37-4570-9e7b-7fd1bd130598" />
      <TestMethod codeBase="D:\Code\TOM\Catapult\Code\trunk\CatapultServices\Tavisca.Catapult.External.Facade.Tests\bin\Debug\Tavisca.Catapult.External.Facade.Tests.dll" adapterTypeName="Microsoft.VisualStudio.TestTools.TestTypes.Unit.UnitTestAdapter" className="Tavisca.Catapult.External.Facade.Tests.ActivityMultiAvailTests.SearchByActivityCodeTest" name="WeekEndDayPricingTest2" />
    </UnitTest>
    <UnitTest name="WeekEndDayPricingTest3" storage="d:\code\tom\catapult\code\trunk\catapultservices\tavisca.catapult.external.facade.tests\bin\debug\tavisca.catapult.external.facade.tests.dll" id="5bf1ec0c-5d0a-c96a-e1c2-a0355f4224b0">
      <Execution id="f0dc0106-aaf6-4adf-9f76-d60b88791c9a" />
      <TestMethod codeBase="D:\Code\TOM\Catapult\Code\trunk\CatapultServices\Tavisca.Catapult.External.Facade.Tests\bin\Debug\Tavisca.Catapult.External.Facade.Tests.dll" adapterTypeName="Microsoft.VisualStudio.TestTools.TestTypes.Unit.UnitTestAdapter" className="Tavisca.Catapult.External.Facade.Tests.ActivityMultiAvailTests.SearchByActivityCodeTest" name="WeekEndDayPricingTest3" />
    </UnitTest>
    <UnitTest name="AvailabilityTest1" storage="d:\code\tom\catapult\code\trunk\catapultservices\tavisca.catapult.external.facade.tests\bin\debug\tavisca.catapult.external.facade.tests.dll" id="3cd6ebde-39a6-53d2-7c47-d011166c9c3e">
      <Execution id="452356cc-e691-4b4b-b44d-2d761fa4dbae" />
      <TestMethod codeBase="D:\Code\TOM\Catapult\Code\trunk\CatapultServices\Tavisca.Catapult.External.Facade.Tests\bin\Debug\Tavisca.Catapult.External.Facade.Tests.dll" adapterTypeName="Microsoft.VisualStudio.TestTools.TestTypes.Unit.UnitTestAdapter" className="Tavisca.Catapult.External.Facade.Tests.ActivityMultiAvailTests.SearchByActivityCodeTest" name="AvailabilityTest1" />
    </UnitTest>
    <UnitTest name="AvailabilityTest2" storage="d:\code\tom\catapult\code\trunk\catapultservices\tavisca.catapult.external.facade.tests\bin\debug\tavisca.catapult.external.facade.tests.dll" id="e7029d42-e974-3346-be34-803916b97b21">
      <Execution id="ee6e2905-4fb4-432c-b123-ba0db68f9679" />
      <TestMethod codeBase="D:\Code\TOM\Catapult\Code\trunk\CatapultServices\Tavisca.Catapult.External.Facade.Tests\bin\Debug\Tavisca.Catapult.External.Facade.Tests.dll" adapterTypeName="Microsoft.VisualStudio.TestTools.TestTypes.Unit.UnitTestAdapter" className="Tavisca.Catapult.External.Facade.Tests.ActivityMultiAvailTests.SearchByActivityCodeTest" name="AvailabilityTest2" />
    </UnitTest>
    <UnitTest name="IsOnRequestTest1" storage="d:\code\tom\catapult\code\trunk\catapultservices\tavisca.catapult.external.facade.tests\bin\debug\tavisca.catapult.external.facade.tests.dll" id="402acafe-87eb-8fb2-df24-4bb494b95f1f">
      <Execution id="140e059f-a75b-48df-8801-2ac3fcf50f36" />
      <TestMethod codeBase="D:\Code\TOM\Catapult\Code\trunk\CatapultServices\Tavisca.Catapult.External.Facade.Tests\bin\Debug\Tavisca.Catapult.External.Facade.Tests.dll" adapterTypeName="Microsoft.VisualStudio.TestTools.TestTypes.Unit.UnitTestAdapter" className="Tavisca.Catapult.External.Facade.Tests.ActivityMultiAvailTests.SearchByActivityCodeTest" name="IsOnRequestTest1" />
    </UnitTest>
    <UnitTest name="IsOnRequestTest2" storage="d:\code\tom\catapult\code\trunk\catapultservices\tavisca.catapult.external.facade.tests\bin\debug\tavisca.catapult.external.facade.tests.dll" id="0b78fb58-4cdc-525a-ff9d-e1035c42f43e">
      <Execution id="ffd125d5-f610-4692-9fee-baacfa846e82" />
      <TestMethod codeBase="D:\Code\TOM\Catapult\Code\trunk\CatapultServices\Tavisca.Catapult.External.Facade.Tests\bin\Debug\Tavisca.Catapult.External.Facade.Tests.dll" adapterTypeName="Microsoft.VisualStudio.TestTools.TestTypes.Unit.UnitTestAdapter" className="Tavisca.Catapult.External.Facade.Tests.ActivityMultiAvailTests.SearchByActivityCodeTest" name="IsOnRequestTest2" />
    </UnitTest>
    <UnitTest name="IsOnRequestTest3" storage="d:\code\tom\catapult\code\trunk\catapultservices\tavisca.catapult.external.facade.tests\bin\debug\tavisca.catapult.external.facade.tests.dll" id="b14ee4d1-3733-715e-9df1-b58651f49f9f">
      <Execution id="90bf0aac-cf6b-4550-a3a0-6ba4e525be9d" />
      <TestMethod codeBase="D:\Code\TOM\Catapult\Code\trunk\CatapultServices\Tavisca.Catapult.External.Facade.Tests\bin\Debug\Tavisca.Catapult.External.Facade.Tests.dll" adapterTypeName="Microsoft.VisualStudio.TestTools.TestTypes.Unit.UnitTestAdapter" className="Tavisca.Catapult.External.Facade.Tests.ActivityMultiAvailTests.SearchByActivityCodeTest" name="IsOnRequestTest3" />
    </UnitTest>
    <UnitTest name="IsOnRequestTest4" storage="d:\code\tom\catapult\code\trunk\catapultservices\tavisca.catapult.external.facade.tests\bin\debug\tavisca.catapult.external.facade.tests.dll" id="495313bc-aecb-964a-d1f3-425279352800">
      <Execution id="91d6ea34-1122-431a-b19f-1a0c35c81e60" />
      <TestMethod codeBase="D:\Code\TOM\Catapult\Code\trunk\CatapultServices\Tavisca.Catapult.External.Facade.Tests\bin\Debug\Tavisca.Catapult.External.Facade.Tests.dll" adapterTypeName="Microsoft.VisualStudio.TestTools.TestTypes.Unit.UnitTestAdapter" className="Tavisca.Catapult.External.Facade.Tests.ActivityMultiAvailTests.SearchByActivityCodeTest" name="IsOnRequestTest4" />
    </UnitTest>
    <UnitTest name="PerUnitTest1" storage="d:\code\tom\catapult\code\trunk\catapultservices\tavisca.catapult.external.facade.tests\bin\debug\tavisca.catapult.external.facade.tests.dll" id="248cd2fc-d227-9209-882c-d6c17b8ed89e">
      <Execution id="6dc43b59-7393-47e6-b2d0-fa446950aba9" />
      <TestMethod codeBase="D:\Code\TOM\Catapult\Code\trunk\CatapultServices\Tavisca.Catapult.External.Facade.Tests\bin\Debug\Tavisca.Catapult.External.Facade.Tests.dll" adapterTypeName="Microsoft.VisualStudio.TestTools.TestTypes.Unit.UnitTestAdapter" className="Tavisca.Catapult.External.Facade.Tests.ActivityMultiAvailTests.SearchByActivityCodeTest" name="PerUnitTest1" />
    </UnitTest>
    <UnitTest name="PerUnitTest2" storage="d:\code\tom\catapult\code\trunk\catapultservices\tavisca.catapult.external.facade.tests\bin\debug\tavisca.catapult.external.facade.tests.dll" id="133b4aa4-427b-86b3-3311-3e78cd0e24a7">
      <Execution id="6baca3e2-7d14-4819-8a2c-9caf3a3ea4cd" />
      <TestMethod codeBase="D:\Code\TOM\Catapult\Code\trunk\CatapultServices\Tavisca.Catapult.External.Facade.Tests\bin\Debug\Tavisca.Catapult.External.Facade.Tests.dll" adapterTypeName="Microsoft.VisualStudio.TestTools.TestTypes.Unit.UnitTestAdapter" className="Tavisca.Catapult.External.Facade.Tests.ActivityMultiAvailTests.SearchByActivityCodeTest" name="PerUnitTest2" />
    </UnitTest>
    <UnitTest name="PerUnitTest3" storage="d:\code\tom\catapult\code\trunk\catapultservices\tavisca.catapult.external.facade.tests\bin\debug\tavisca.catapult.external.facade.tests.dll" id="664dca9e-6edc-1ed5-b697-8afe84ade142">
      <Execution id="b9690702-1da4-4bc6-a909-7ac6fe798d79" />
      <TestMethod codeBase="D:\Code\TOM\Catapult\Code\trunk\CatapultServices\Tavisca.Catapult.External.Facade.Tests\bin\Debug\Tavisca.Catapult.External.Facade.Tests.dll" adapterTypeName="Microsoft.VisualStudio.TestTools.TestTypes.Unit.UnitTestAdapter" className="Tavisca.Catapult.External.Facade.Tests.ActivityMultiAvailTests.SearchByActivityCodeTest" name="PerUnitTest3" />
    </UnitTest>
    <UnitTest name="PerPersonTest1" storage="d:\code\tom\catapult\code\trunk\catapultservices\tavisca.catapult.external.facade.tests\bin\debug\tavisca.catapult.external.facade.tests.dll" id="279f3b7b-21d2-c777-588c-d924a1a32684">
      <Execution id="ae65c077-734c-493c-8ae4-9be9703edc0a" />
      <TestMethod codeBase="D:\Code\TOM\Catapult\Code\trunk\CatapultServices\Tavisca.Catapult.External.Facade.Tests\bin\Debug\Tavisca.Catapult.External.Facade.Tests.dll" adapterTypeName="Microsoft.VisualStudio.TestTools.TestTypes.Unit.UnitTestAdapter" className="Tavisca.Catapult.External.Facade.Tests.ActivityMultiAvailTests.SearchByActivityCodeTest" name="PerPersonTest1" />
    </UnitTest>
    <UnitTest name="PerPersonTest2" storage="d:\code\tom\catapult\code\trunk\catapultservices\tavisca.catapult.external.facade.tests\bin\debug\tavisca.catapult.external.facade.tests.dll" id="ad3c80ca-1baf-04df-607d-c55a06492a0c">
      <Execution id="b946fb04-01a6-45ef-90a1-463e08bc0656" />
      <TestMethod codeBase="D:\Code\TOM\Catapult\Code\trunk\CatapultServices\Tavisca.Catapult.External.Facade.Tests\bin\Debug\Tavisca.Catapult.External.Facade.Tests.dll" adapterTypeName="Microsoft.VisualStudio.TestTools.TestTypes.Unit.UnitTestAdapter" className="Tavisca.Catapult.External.Facade.Tests.ActivityMultiAvailTests.SearchByActivityCodeTest" name="PerPersonTest2" />
    </UnitTest>
    <UnitTest name="PerPersonTes3" storage="d:\code\tom\catapult\code\trunk\catapultservices\tavisca.catapult.external.facade.tests\bin\debug\tavisca.catapult.external.facade.tests.dll" id="dde81a12-95e2-f1f5-2c5f-76306ab85193">
      <Execution id="02ee2d81-20d7-4ff0-9e1c-3cb6796e6f5a" />
      <TestMethod codeBase="D:\Code\TOM\Catapult\Code\trunk\CatapultServices\Tavisca.Catapult.External.Facade.Tests\bin\Debug\Tavisca.Catapult.External.Facade.Tests.dll" adapterTypeName="Microsoft.VisualStudio.TestTools.TestTypes.Unit.UnitTestAdapter" className="Tavisca.Catapult.External.Facade.Tests.ActivityMultiAvailTests.SearchByActivityCodeTest" name="PerPersonTes3" />
    </UnitTest>
    <UnitTest name="TaxesTest1" storage="d:\code\tom\catapult\code\trunk\catapultservices\tavisca.catapult.external.facade.tests\bin\debug\tavisca.catapult.external.facade.tests.dll" id="2ed513a4-f592-f7c1-8738-1e7281661e51">
      <Execution id="f6da0fd0-15d5-4a31-b970-2eb9d6a23f31" />
      <TestMethod codeBase="D:\Code\TOM\Catapult\Code\trunk\CatapultServices\Tavisca.Catapult.External.Facade.Tests\bin\Debug\Tavisca.Catapult.External.Facade.Tests.dll" adapterTypeName="Microsoft.VisualStudio.TestTools.TestTypes.Unit.UnitTestAdapter" className="Tavisca.Catapult.External.Facade.Tests.ActivityMultiAvailTests.SearchByActivityCodeTest" name="TaxesTest1" />
    </UnitTest>
    <UnitTest name="TaxesTest2" storage="d:\code\tom\catapult\code\trunk\catapultservices\tavisca.catapult.external.facade.tests\bin\debug\tavisca.catapult.external.facade.tests.dll" id="445ca9c8-0a77-fa0a-5a9d-ebd5e35ae65a">
      <Execution id="b3d731df-efa1-4b60-87b9-6f5f43c9f387" />
      <TestMethod codeBase="D:\Code\TOM\Catapult\Code\trunk\CatapultServices\Tavisca.Catapult.External.Facade.Tests\bin\Debug\Tavisca.Catapult.External.Facade.Tests.dll" adapterTypeName="Microsoft.VisualStudio.TestTools.TestTypes.Unit.UnitTestAdapter" className="Tavisca.Catapult.External.Facade.Tests.ActivityMultiAvailTests.SearchByActivityCodeTest" name="TaxesTest2" />
    </UnitTest>
    <UnitTest name="TaxesTest3" storage="d:\code\tom\catapult\code\trunk\catapultservices\tavisca.catapult.external.facade.tests\bin\debug\tavisca.catapult.external.facade.tests.dll" id="413b0e09-404d-f4b3-9852-ffb70e693f2e">
      <Execution id="a2ae9b6b-5e54-4768-ae3c-b1c66a11c6b4" />
      <TestMethod codeBase="D:\Code\TOM\Catapult\Code\trunk\CatapultServices\Tavisca.Catapult.External.Facade.Tests\bin\Debug\Tavisca.Catapult.External.Facade.Tests.dll" adapterTypeName="Microsoft.VisualStudio.TestTools.TestTypes.Unit.UnitTestAdapter" className="Tavisca.Catapult.External.Facade.Tests.ActivityMultiAvailTests.SearchByActivityCodeTest" name="TaxesTest3" />
    </UnitTest>
    <UnitTest name="PenaltiesTest1" storage="d:\code\tom\catapult\code\trunk\catapultservices\tavisca.catapult.external.facade.tests\bin\debug\tavisca.catapult.external.facade.tests.dll" id="7acf3f4e-118b-129e-fd06-f004b2d81549">
      <Execution id="4d455943-ae37-4770-aef2-14a179313e4c" />
      <TestMethod codeBase="D:\Code\TOM\Catapult\Code\trunk\CatapultServices\Tavisca.Catapult.External.Facade.Tests\bin\Debug\Tavisca.Catapult.External.Facade.Tests.dll" adapterTypeName="Microsoft.VisualStudio.TestTools.TestTypes.Unit.UnitTestAdapter" className="Tavisca.Catapult.External.Facade.Tests.ActivityMultiAvailTests.SearchByActivityCodeTest" name="PenaltiesTest1" />
    </UnitTest>
    <UnitTest name="PenaltiesTest2" storage="d:\code\tom\catapult\code\trunk\catapultservices\tavisca.catapult.external.facade.tests\bin\debug\tavisca.catapult.external.facade.tests.dll" id="a798aecc-06d9-d4d8-070d-4373b4759dea">
      <Execution id="5b8dac6b-2c89-4f0a-9d76-4b8bf38cff52" />
      <TestMethod codeBase="D:\Code\TOM\Catapult\Code\trunk\CatapultServices\Tavisca.Catapult.External.Facade.Tests\bin\Debug\Tavisca.Catapult.External.Facade.Tests.dll" adapterTypeName="Microsoft.VisualStudio.TestTools.TestTypes.Unit.UnitTestAdapter" className="Tavisca.Catapult.External.Facade.Tests.ActivityMultiAvailTests.SearchByActivityCodeTest" name="PenaltiesTest2" />
    </UnitTest>
    <UnitTest name="PenaltiesTest3" storage="d:\code\tom\catapult\code\trunk\catapultservices\tavisca.catapult.external.facade.tests\bin\debug\tavisca.catapult.external.facade.tests.dll" id="b34b964f-53ce-0b60-e974-2aa9cbeef99f">
      <Execution id="103c2bc2-dc48-431c-96a7-e137ecb0706d" />
      <TestMethod codeBase="D:\Code\TOM\Catapult\Code\trunk\CatapultServices\Tavisca.Catapult.External.Facade.Tests\bin\Debug\Tavisca.Catapult.External.Facade.Tests.dll" adapterTypeName="Microsoft.VisualStudio.TestTools.TestTypes.Unit.UnitTestAdapter" className="Tavisca.Catapult.External.Facade.Tests.ActivityMultiAvailTests.SearchByActivityCodeTest" name="PenaltiesTest3" />
    </UnitTest>
    <UnitTest name="PoliciesTest1" storage="d:\code\tom\catapult\code\trunk\catapultservices\tavisca.catapult.external.facade.tests\bin\debug\tavisca.catapult.external.facade.tests.dll" id="f08eba4a-fd37-54b2-5fbe-3a41d0adf331">
      <Execution id="6505caee-6acf-4941-9534-a5ea30bfc493" />
      <TestMethod codeBase="D:\Code\TOM\Catapult\Code\trunk\CatapultServices\Tavisca.Catapult.External.Facade.Tests\bin\Debug\Tavisca.Catapult.External.Facade.Tests.dll" adapterTypeName="Microsoft.VisualStudio.TestTools.TestTypes.Unit.UnitTestAdapter" className="Tavisca.Catapult.External.Facade.Tests.ActivityMultiAvailTests.SearchByActivityCodeTest" name="PoliciesTest1" />
    </UnitTest>
    <UnitTest name="CurrencyTest1" storage="d:\code\tom\catapult\code\trunk\catapultservices\tavisca.catapult.external.facade.tests\bin\debug\tavisca.catapult.external.facade.tests.dll" id="96bd2102-2286-3a17-5e3c-8cc2d04a0fe8">
      <Execution id="a5b1b0ff-32c8-4e41-8f35-b5bccd729e68" />
      <TestMethod codeBase="D:\Code\TOM\Catapult\Code\trunk\CatapultServices\Tavisca.Catapult.External.Facade.Tests\bin\Debug\Tavisca.Catapult.External.Facade.Tests.dll" adapterTypeName="Microsoft.VisualStudio.TestTools.TestTypes.Unit.UnitTestAdapter" className="Tavisca.Catapult.External.Facade.Tests.ActivityMultiAvailTests.SearchByActivityCodeTest" name="CurrencyTest1" />
    </UnitTest>
    <UnitTest name="FilterByTagsTest1" storage="d:\code\tom\catapult\code\trunk\catapultservices\tavisca.catapult.external.facade.tests\bin\debug\tavisca.catapult.external.facade.tests.dll" id="930b9180-81ff-cfe4-a8fb-a73d83076247">
      <Execution id="44a508c8-ba08-4de3-bd9b-909c62f1bfdc" />
      <TestMethod codeBase="D:\Code\TOM\Catapult\Code\trunk\CatapultServices\Tavisca.Catapult.External.Facade.Tests\bin\Debug\Tavisca.Catapult.External.Facade.Tests.dll" adapterTypeName="Microsoft.VisualStudio.TestTools.TestTypes.Unit.UnitTestAdapter" className="Tavisca.Catapult.External.Facade.Tests.ActivityMultiAvailTests.SearchByActivityCodeTest" name="FilterByTagsTest1" />
    </UnitTest>
    <UnitTest name="FilterByRateCodesTest1" storage="d:\code\tom\catapult\code\trunk\catapultservices\tavisca.catapult.external.facade.tests\bin\debug\tavisca.catapult.external.facade.tests.dll" id="3788db0a-d76b-d140-63f5-95a01c6f9d0c">
      <Execution id="1f53a9cd-3a9e-48a7-a8b2-faaeed3e9d53" />
      <TestMethod codeBase="D:\Code\TOM\Catapult\Code\trunk\CatapultServices\Tavisca.Catapult.External.Facade.Tests\bin\Debug\Tavisca.Catapult.External.Facade.Tests.dll" adapterTypeName="Microsoft.VisualStudio.TestTools.TestTypes.Unit.UnitTestAdapter" className="Tavisca.Catapult.External.Facade.Tests.ActivityMultiAvailTests.SearchByActivityCodeTest" name="FilterByRateCodesTest1" />
    </UnitTest>
    <UnitTest name="FilterByRateCodesTest2" storage="d:\code\tom\catapult\code\trunk\catapultservices\tavisca.catapult.external.facade.tests\bin\debug\tavisca.catapult.external.facade.tests.dll" id="0205d269-21bd-d161-e78e-a27f25295b23">
      <Execution id="57970ff8-28f1-463f-b3a4-e5de06ca68db" />
      <TestMethod codeBase="D:\Code\TOM\Catapult\Code\trunk\CatapultServices\Tavisca.Catapult.External.Facade.Tests\bin\Debug\Tavisca.Catapult.External.Facade.Tests.dll" adapterTypeName="Microsoft.VisualStudio.TestTools.TestTypes.Unit.UnitTestAdapter" className="Tavisca.Catapult.External.Facade.Tests.ActivityMultiAvailTests.SearchByActivityCodeTest" name="FilterByRateCodesTest2" />
    </UnitTest>
    <UnitTest name="FilterByRateCodesTest3" storage="d:\code\tom\catapult\code\trunk\catapultservices\tavisca.catapult.external.facade.tests\bin\debug\tavisca.catapult.external.facade.tests.dll" id="1806da16-cc12-7ba5-04ea-745b4813d54c">
      <Execution id="db9b6499-e85b-4242-a2ed-c6c23061ec1a" />
      <TestMethod codeBase="D:\Code\TOM\Catapult\Code\trunk\CatapultServices\Tavisca.Catapult.External.Facade.Tests\bin\Debug\Tavisca.Catapult.External.Facade.Tests.dll" adapterTypeName="Microsoft.VisualStudio.TestTools.TestTypes.Unit.UnitTestAdapter" className="Tavisca.Catapult.External.Facade.Tests.ActivityMultiAvailTests.SearchByActivityCodeTest" name="FilterByRateCodesTest3" />
    </UnitTest>
    <UnitTest name="ScopeTest1" storage="d:\code\tom\catapult\code\trunk\catapultservices\tavisca.catapult.external.facade.tests\bin\debug\tavisca.catapult.external.facade.tests.dll" id="2d7e5acc-395c-9c16-1320-f8f41c2b3445">
      <Execution id="93c52cdf-ab78-47f5-b0b9-f9d06577cea7" />
      <TestMethod codeBase="D:\Code\TOM\Catapult\Code\trunk\CatapultServices\Tavisca.Catapult.External.Facade.Tests\bin\Debug\Tavisca.Catapult.External.Facade.Tests.dll" adapterTypeName="Microsoft.VisualStudio.TestTools.TestTypes.Unit.UnitTestAdapter" className="Tavisca.Catapult.External.Facade.Tests.ActivityMultiAvailTests.SearchByActivityCodeTest" name="ScopeTest1" />
    </UnitTest>
    <UnitTest name="ScopeTest2" storage="d:\code\tom\catapult\code\trunk\catapultservices\tavisca.catapult.external.facade.tests\bin\debug\tavisca.catapult.external.facade.tests.dll" id="d9e54881-aac7-d592-2d99-a60570338059">
      <Execution id="44fcf985-f7d8-4f7f-baef-f13f7b465c9f" />
      <TestMethod codeBase="D:\Code\TOM\Catapult\Code\trunk\CatapultServices\Tavisca.Catapult.External.Facade.Tests\bin\Debug\Tavisca.Catapult.External.Facade.Tests.dll" adapterTypeName="Microsoft.VisualStudio.TestTools.TestTypes.Unit.UnitTestAdapter" className="Tavisca.Catapult.External.Facade.Tests.ActivityMultiAvailTests.SearchByActivityCodeTest" name="ScopeTest2" />
    </UnitTest>
    <UnitTest name="AirportCodeTest1" storage="d:\code\tom\catapult\code\trunk\catapultservices\tavisca.catapult.external.facade.tests\bin\debug\tavisca.catapult.external.facade.tests.dll" id="a0430587-ec24-f671-68b8-cbe11bb2709a">
      <Execution id="0cb754c1-7d73-493e-91e0-571f9a467756" />
      <TestMethod codeBase="D:\Code\TOM\Catapult\Code\trunk\CatapultServices\Tavisca.Catapult.External.Facade.Tests\bin\Debug\Tavisca.Catapult.External.Facade.Tests.dll" adapterTypeName="Microsoft.VisualStudio.TestTools.TestTypes.Unit.UnitTestAdapter" className="Tavisca.Catapult.External.Facade.Tests.ActivityMultiAvailTests.SearchByAirportCodeTest" name="AirportCodeTest1" />
    </UnitTest>
    <UnitTest name="SearchByActivityCodeContentEnabledTest1" storage="d:\code\tom\catapult\code\trunk\catapultservices\tavisca.catapult.external.facade.tests\bin\debug\tavisca.catapult.external.facade.tests.dll" id="9890b5e1-471c-6381-f714-821257e98ee3">
      <Execution id="a61a43f4-9d10-4a2a-869e-5fe49a6222ed" />
      <TestMethod codeBase="D:\Code\TOM\Catapult\Code\trunk\CatapultServices\Tavisca.Catapult.External.Facade.Tests\bin\Debug\Tavisca.Catapult.External.Facade.Tests.dll" adapterTypeName="Microsoft.VisualStudio.TestTools.TestTypes.Unit.UnitTestAdapter" className="Tavisca.Catapult.External.Facade.Tests.ActivityMultiAvailTests.SearchByAirportCodeTest" name="SearchByActivityCodeContentEnabledTest1" />
    </UnitTest>
    <UnitTest name="SearchByActivityCodeContentDisabledTest1" storage="d:\code\tom\catapult\code\trunk\catapultservices\tavisca.catapult.external.facade.tests\bin\debug\tavisca.catapult.external.facade.tests.dll" id="b53a3bb1-b5be-6756-6515-8faa308eb848">
      <Execution id="c39c72b9-fae0-4401-bc79-de9314ea8e68" />
      <TestMethod codeBase="D:\Code\TOM\Catapult\Code\trunk\CatapultServices\Tavisca.Catapult.External.Facade.Tests\bin\Debug\Tavisca.Catapult.External.Facade.Tests.dll" adapterTypeName="Microsoft.VisualStudio.TestTools.TestTypes.Unit.UnitTestAdapter" className="Tavisca.Catapult.External.Facade.Tests.ActivityMultiAvailTests.SearchByAirportCodeTest" name="SearchByActivityCodeContentDisabledTest1" />
    </UnitTest>
    <UnitTest name="BlackOutPeriodTest1" storage="d:\code\tom\catapult\code\trunk\catapultservices\tavisca.catapult.external.facade.tests\bin\debug\tavisca.catapult.external.facade.tests.dll" id="38ab32f0-db8d-ae1b-f48e-18112ebf1a13">
      <Execution id="1374d0ec-da97-4aaf-9331-14f51cc0e3da" />
      <TestMethod codeBase="D:\Code\TOM\Catapult\Code\trunk\CatapultServices\Tavisca.Catapult.External.Facade.Tests\bin\Debug\Tavisca.Catapult.External.Facade.Tests.dll" adapterTypeName="Microsoft.VisualStudio.TestTools.TestTypes.Unit.UnitTestAdapter" className="Tavisca.Catapult.External.Facade.Tests.ActivityMultiAvailTests.SearchByAirportCodeTest" name="BlackOutPeriodTest1" />
    </UnitTest>
    <UnitTest name="BlackOutPeriodTest2" storage="d:\code\tom\catapult\code\trunk\catapultservices\tavisca.catapult.external.facade.tests\bin\debug\tavisca.catapult.external.facade.tests.dll" id="b5a0393e-5bf1-4512-9138-b8c7e1384c2b">
      <Execution id="6a033d87-34e9-4f91-9497-5260d6589dd1" />
      <TestMethod codeBase="D:\Code\TOM\Catapult\Code\trunk\CatapultServices\Tavisca.Catapult.External.Facade.Tests\bin\Debug\Tavisca.Catapult.External.Facade.Tests.dll" adapterTypeName="Microsoft.VisualStudio.TestTools.TestTypes.Unit.UnitTestAdapter" className="Tavisca.Catapult.External.Facade.Tests.ActivityMultiAvailTests.SearchByAirportCodeTest" name="BlackOutPeriodTest2" />
    </UnitTest>
    <UnitTest name="BlackOutPeriodTest3" storage="d:\code\tom\catapult\code\trunk\catapultservices\tavisca.catapult.external.facade.tests\bin\debug\tavisca.catapult.external.facade.tests.dll" id="03be4ea0-f6c2-d08d-3590-029732c37261">
      <Execution id="ff73a398-b775-4f41-aede-7984bcda4b02" />
      <TestMethod codeBase="D:\Code\TOM\Catapult\Code\trunk\CatapultServices\Tavisca.Catapult.External.Facade.Tests\bin\Debug\Tavisca.Catapult.External.Facade.Tests.dll" adapterTypeName="Microsoft.VisualStudio.TestTools.TestTypes.Unit.UnitTestAdapter" className="Tavisca.Catapult.External.Facade.Tests.ActivityMultiAvailTests.SearchByAirportCodeTest" name="BlackOutPeriodTest3" />
    </UnitTest>
    <UnitTest name="RateContractTest1" storage="d:\code\tom\catapult\code\trunk\catapultservices\tavisca.catapult.external.facade.tests\bin\debug\tavisca.catapult.external.facade.tests.dll" id="7e992eb7-39ae-6450-2ee9-40bcf444b2c3">
      <Execution id="ea3a70f4-d926-4897-88d5-216eed7f9513" />
      <TestMethod codeBase="D:\Code\TOM\Catapult\Code\trunk\CatapultServices\Tavisca.Catapult.External.Facade.Tests\bin\Debug\Tavisca.Catapult.External.Facade.Tests.dll" adapterTypeName="Microsoft.VisualStudio.TestTools.TestTypes.Unit.UnitTestAdapter" className="Tavisca.Catapult.External.Facade.Tests.ActivityMultiAvailTests.SearchByAirportCodeTest" name="RateContractTest1" />
    </UnitTest>
    <UnitTest name="RateContractTest2" storage="d:\code\tom\catapult\code\trunk\catapultservices\tavisca.catapult.external.facade.tests\bin\debug\tavisca.catapult.external.facade.tests.dll" id="99ac3695-0c4f-9a45-e6cf-7cedaa76a74c">
      <Execution id="344e495f-2181-4f87-ac27-e3051cba56fa" />
      <TestMethod codeBase="D:\Code\TOM\Catapult\Code\trunk\CatapultServices\Tavisca.Catapult.External.Facade.Tests\bin\Debug\Tavisca.Catapult.External.Facade.Tests.dll" adapterTypeName="Microsoft.VisualStudio.TestTools.TestTypes.Unit.UnitTestAdapter" className="Tavisca.Catapult.External.Facade.Tests.ActivityMultiAvailTests.SearchByAirportCodeTest" name="RateContractTest2" />
    </UnitTest>
    <UnitTest name="RateContractTest3" storage="d:\code\tom\catapult\code\trunk\catapultservices\tavisca.catapult.external.facade.tests\bin\debug\tavisca.catapult.external.facade.tests.dll" id="de6e1768-b007-d338-4a88-9858da296785">
      <Execution id="d313ca2b-6e63-498f-8dd3-c3ebb3f20b7b" />
      <TestMethod codeBase="D:\Code\TOM\Catapult\Code\trunk\CatapultServices\Tavisca.Catapult.External.Facade.Tests\bin\Debug\Tavisca.Catapult.External.Facade.Tests.dll" adapterTypeName="Microsoft.VisualStudio.TestTools.TestTypes.Unit.UnitTestAdapter" className="Tavisca.Catapult.External.Facade.Tests.ActivityMultiAvailTests.SearchByAirportCodeTest" name="RateContractTest3" />
    </UnitTest>
    <UnitTest name="RateContractTest4" storage="d:\code\tom\catapult\code\trunk\catapultservices\tavisca.catapult.external.facade.tests\bin\debug\tavisca.catapult.external.facade.tests.dll" id="0ddec7d9-406e-850e-5ef5-5eb30e6bdafb">
      <Execution id="6553c99d-c9a6-4575-b800-f5e9dcf4c421" />
      <TestMethod codeBase="D:\Code\TOM\Catapult\Code\trunk\CatapultServices\Tavisca.Catapult.External.Facade.Tests\bin\Debug\Tavisca.Catapult.External.Facade.Tests.dll" adapterTypeName="Microsoft.VisualStudio.TestTools.TestTypes.Unit.UnitTestAdapter" className="Tavisca.Catapult.External.Facade.Tests.ActivityMultiAvailTests.SearchByAirportCodeTest" name="RateContractTest4" />
    </UnitTest>
    <UnitTest name="RateContractTest5" storage="d:\code\tom\catapult\code\trunk\catapultservices\tavisca.catapult.external.facade.tests\bin\debug\tavisca.catapult.external.facade.tests.dll" id="91f69992-7b7d-7bcf-3bfd-b920ef756356">
      <Execution id="5fdea607-a160-4ce8-9006-9200d959115c" />
      <TestMethod codeBase="D:\Code\TOM\Catapult\Code\trunk\CatapultServices\Tavisca.Catapult.External.Facade.Tests\bin\Debug\Tavisca.Catapult.External.Facade.Tests.dll" adapterTypeName="Microsoft.VisualStudio.TestTools.TestTypes.Unit.UnitTestAdapter" className="Tavisca.Catapult.External.Facade.Tests.ActivityMultiAvailTests.SearchByAirportCodeTest" name="RateContractTest5" />
    </UnitTest>
    <UnitTest name="RateContractTest6" storage="d:\code\tom\catapult\code\trunk\catapultservices\tavisca.catapult.external.facade.tests\bin\debug\tavisca.catapult.external.facade.tests.dll" id="966c528f-4cb1-b2cc-a8bb-e10dc9356397">
      <Execution id="41fa11c0-7831-4c3b-99d5-8dd252f9ff50" />
      <TestMethod codeBase="D:\Code\TOM\Catapult\Code\trunk\CatapultServices\Tavisca.Catapult.External.Facade.Tests\bin\Debug\Tavisca.Catapult.External.Facade.Tests.dll" adapterTypeName="Microsoft.VisualStudio.TestTools.TestTypes.Unit.UnitTestAdapter" className="Tavisca.Catapult.External.Facade.Tests.ActivityMultiAvailTests.SearchByAirportCodeTest" name="RateContractTest6" />
    </UnitTest>
    <UnitTest name="RateContractTest7" storage="d:\code\tom\catapult\code\trunk\catapultservices\tavisca.catapult.external.facade.tests\bin\debug\tavisca.catapult.external.facade.tests.dll" id="a5f69b14-a6dd-b91b-b2f6-49ab29a3a067">
      <Execution id="f6cfb7cf-ee0e-4d2c-9cbb-246697de7b64" />
      <TestMethod codeBase="D:\Code\TOM\Catapult\Code\trunk\CatapultServices\Tavisca.Catapult.External.Facade.Tests\bin\Debug\Tavisca.Catapult.External.Facade.Tests.dll" adapterTypeName="Microsoft.VisualStudio.TestTools.TestTypes.Unit.UnitTestAdapter" className="Tavisca.Catapult.External.Facade.Tests.ActivityMultiAvailTests.SearchByAirportCodeTest" name="RateContractTest7" />
    </UnitTest>
    <UnitTest name="RateContractTest8" storage="d:\code\tom\catapult\code\trunk\catapultservices\tavisca.catapult.external.facade.tests\bin\debug\tavisca.catapult.external.facade.tests.dll" id="e71db15a-97bf-8c84-915e-01b86b620ac6">
      <Execution id="4b8bf68a-e382-4ba5-bb52-cbe26968516e" />
      <TestMethod codeBase="D:\Code\TOM\Catapult\Code\trunk\CatapultServices\Tavisca.Catapult.External.Facade.Tests\bin\Debug\Tavisca.Catapult.External.Facade.Tests.dll" adapterTypeName="Microsoft.VisualStudio.TestTools.TestTypes.Unit.UnitTestAdapter" className="Tavisca.Catapult.External.Facade.Tests.ActivityMultiAvailTests.SearchByAirportCodeTest" name="RateContractTest8" />
    </UnitTest>
    <UnitTest name="RateContractTest9" storage="d:\code\tom\catapult\code\trunk\catapultservices\tavisca.catapult.external.facade.tests\bin\debug\tavisca.catapult.external.facade.tests.dll" id="df23acf0-5bdf-6edb-ea0b-56f38fb1d471">
      <Execution id="6656b41d-aeec-4b7c-bcfc-283ff05a141e" />
      <TestMethod codeBase="D:\Code\TOM\Catapult\Code\trunk\CatapultServices\Tavisca.Catapult.External.Facade.Tests\bin\Debug\Tavisca.Catapult.External.Facade.Tests.dll" adapterTypeName="Microsoft.VisualStudio.TestTools.TestTypes.Unit.UnitTestAdapter" className="Tavisca.Catapult.External.Facade.Tests.ActivityMultiAvailTests.SearchByAirportCodeTest" name="RateContractTest9" />
    </UnitTest>
    <UnitTest name="GuestInformationTest1" storage="d:\code\tom\catapult\code\trunk\catapultservices\tavisca.catapult.external.facade.tests\bin\debug\tavisca.catapult.external.facade.tests.dll" id="3e29de8b-0801-df23-ebb9-fb3367d4af0d">
      <Execution id="1a45a6a6-d5ee-423b-8a51-6f36a9668315" />
      <TestMethod codeBase="D:\Code\TOM\Catapult\Code\trunk\CatapultServices\Tavisca.Catapult.External.Facade.Tests\bin\Debug\Tavisca.Catapult.External.Facade.Tests.dll" adapterTypeName="Microsoft.VisualStudio.TestTools.TestTypes.Unit.UnitTestAdapter" className="Tavisca.Catapult.External.Facade.Tests.ActivityMultiAvailTests.SearchByAirportCodeTest" name="GuestInformationTest1" />
    </UnitTest>
    <UnitTest name="GuestInformationTest2" storage="d:\code\tom\catapult\code\trunk\catapultservices\tavisca.catapult.external.facade.tests\bin\debug\tavisca.catapult.external.facade.tests.dll" id="43b67b14-6f73-d9a9-99cd-1bb991f6b948">
      <Execution id="5a15a032-f699-4bad-a5c8-0132041deca7" />
      <TestMethod codeBase="D:\Code\TOM\Catapult\Code\trunk\CatapultServices\Tavisca.Catapult.External.Facade.Tests\bin\Debug\Tavisca.Catapult.External.Facade.Tests.dll" adapterTypeName="Microsoft.VisualStudio.TestTools.TestTypes.Unit.UnitTestAdapter" className="Tavisca.Catapult.External.Facade.Tests.ActivityMultiAvailTests.SearchByAirportCodeTest" name="GuestInformationTest2" />
    </UnitTest>
    <UnitTest name="GuestInformationTest3" storage="d:\code\tom\catapult\code\trunk\catapultservices\tavisca.catapult.external.facade.tests\bin\debug\tavisca.catapult.external.facade.tests.dll" id="23ff6f45-f6b7-e3a2-4451-53cab4abfabc">
      <Execution id="d6c3fc1c-8eff-4c45-ade8-63d6f132c88e" />
      <TestMethod codeBase="D:\Code\TOM\Catapult\Code\trunk\CatapultServices\Tavisca.Catapult.External.Facade.Tests\bin\Debug\Tavisca.Catapult.External.Facade.Tests.dll" adapterTypeName="Microsoft.VisualStudio.TestTools.TestTypes.Unit.UnitTestAdapter" className="Tavisca.Catapult.External.Facade.Tests.ActivityMultiAvailTests.SearchByAirportCodeTest" name="GuestInformationTest3" />
    </UnitTest>
    <UnitTest name="GuestInformationTest4" storage="d:\code\tom\catapult\code\trunk\catapultservices\tavisca.catapult.external.facade.tests\bin\debug\tavisca.catapult.external.facade.tests.dll" id="000163e0-91ab-0aaa-d36f-3598050b52f7">
      <Execution id="5fe76b7a-988f-405d-ae27-e2291ed6d2e3" />
      <TestMethod codeBase="D:\Code\TOM\Catapult\Code\trunk\CatapultServices\Tavisca.Catapult.External.Facade.Tests\bin\Debug\Tavisca.Catapult.External.Facade.Tests.dll" adapterTypeName="Microsoft.VisualStudio.TestTools.TestTypes.Unit.UnitTestAdapter" className="Tavisca.Catapult.External.Facade.Tests.ActivityMultiAvailTests.SearchByAirportCodeTest" name="GuestInformationTest4" />
    </UnitTest>
    <UnitTest name="GuestInformationTest5" storage="d:\code\tom\catapult\code\trunk\catapultservices\tavisca.catapult.external.facade.tests\bin\debug\tavisca.catapult.external.facade.tests.dll" id="d3fb4f5a-0c6f-6dea-7b7a-b88527924885">
      <Execution id="f7e4a933-8992-4c4b-901f-d1ae5a85eada" />
      <TestMethod codeBase="D:\Code\TOM\Catapult\Code\trunk\CatapultServices\Tavisca.Catapult.External.Facade.Tests\bin\Debug\Tavisca.Catapult.External.Facade.Tests.dll" adapterTypeName="Microsoft.VisualStudio.TestTools.TestTypes.Unit.UnitTestAdapter" className="Tavisca.Catapult.External.Facade.Tests.ActivityMultiAvailTests.SearchByAirportCodeTest" name="GuestInformationTest5" />
    </UnitTest>
    <UnitTest name="GuestInformationTest6" storage="d:\code\tom\catapult\code\trunk\catapultservices\tavisca.catapult.external.facade.tests\bin\debug\tavisca.catapult.external.facade.tests.dll" id="708ed526-73f5-6b4d-704a-ed025f59d14c">
      <Execution id="2ab94c4d-13ea-4770-8078-2fb0137e626e" />
      <TestMethod codeBase="D:\Code\TOM\Catapult\Code\trunk\CatapultServices\Tavisca.Catapult.External.Facade.Tests\bin\Debug\Tavisca.Catapult.External.Facade.Tests.dll" adapterTypeName="Microsoft.VisualStudio.TestTools.TestTypes.Unit.UnitTestAdapter" className="Tavisca.Catapult.External.Facade.Tests.ActivityMultiAvailTests.SearchByAirportCodeTest" name="GuestInformationTest6" />
    </UnitTest>
    <UnitTest name="WeekEndDayPricingTest1" storage="d:\code\tom\catapult\code\trunk\catapultservices\tavisca.catapult.external.facade.tests\bin\debug\tavisca.catapult.external.facade.tests.dll" id="1ef8638a-aaa6-ebb3-b810-b85192b72dde">
      <Execution id="426523c4-0462-49f0-a435-8daad4121124" />
      <TestMethod codeBase="D:\Code\TOM\Catapult\Code\trunk\CatapultServices\Tavisca.Catapult.External.Facade.Tests\bin\Debug\Tavisca.Catapult.External.Facade.Tests.dll" adapterTypeName="Microsoft.VisualStudio.TestTools.TestTypes.Unit.UnitTestAdapter" className="Tavisca.Catapult.External.Facade.Tests.ActivityMultiAvailTests.SearchByAirportCodeTest" name="WeekEndDayPricingTest1" />
    </UnitTest>
    <UnitTest name="WeekEndDayPricingTest2" storage="d:\code\tom\catapult\code\trunk\catapultservices\tavisca.catapult.external.facade.tests\bin\debug\tavisca.catapult.external.facade.tests.dll" id="bbca7f70-4467-2673-ed20-89900695bea0">
      <Execution id="369e441c-a455-4d09-af11-76737ad2dac1" />
      <TestMethod codeBase="D:\Code\TOM\Catapult\Code\trunk\CatapultServices\Tavisca.Catapult.External.Facade.Tests\bin\Debug\Tavisca.Catapult.External.Facade.Tests.dll" adapterTypeName="Microsoft.VisualStudio.TestTools.TestTypes.Unit.UnitTestAdapter" className="Tavisca.Catapult.External.Facade.Tests.ActivityMultiAvailTests.SearchByAirportCodeTest" name="WeekEndDayPricingTest2" />
    </UnitTest>
    <UnitTest name="WeekEndDayPricingTest3" storage="d:\code\tom\catapult\code\trunk\catapultservices\tavisca.catapult.external.facade.tests\bin\debug\tavisca.catapult.external.facade.tests.dll" id="a922f362-408f-7841-48b4-79297e449827">
      <Execution id="215e2f2d-df2a-4b1c-9ba5-ebca745ed8ec" />
      <TestMethod codeBase="D:\Code\TOM\Catapult\Code\trunk\CatapultServices\Tavisca.Catapult.External.Facade.Tests\bin\Debug\Tavisca.Catapult.External.Facade.Tests.dll" adapterTypeName="Microsoft.VisualStudio.TestTools.TestTypes.Unit.UnitTestAdapter" className="Tavisca.Catapult.External.Facade.Tests.ActivityMultiAvailTests.SearchByAirportCodeTest" name="WeekEndDayPricingTest3" />
    </UnitTest>
    <UnitTest name="AvailabilityTest1" storage="d:\code\tom\catapult\code\trunk\catapultservices\tavisca.catapult.external.facade.tests\bin\debug\tavisca.catapult.external.facade.tests.dll" id="662b8da8-e11c-11dd-39a3-4a5315335a91">
      <Execution id="a5d68d90-b8a0-43af-a05d-1ecf7cdcab7d" />
      <TestMethod codeBase="D:\Code\TOM\Catapult\Code\trunk\CatapultServices\Tavisca.Catapult.External.Facade.Tests\bin\Debug\Tavisca.Catapult.External.Facade.Tests.dll" adapterTypeName="Microsoft.VisualStudio.TestTools.TestTypes.Unit.UnitTestAdapter" className="Tavisca.Catapult.External.Facade.Tests.ActivityMultiAvailTests.SearchByAirportCodeTest" name="AvailabilityTest1" />
    </UnitTest>
    <UnitTest name="AvailabilityTest2" storage="d:\code\tom\catapult\code\trunk\catapultservices\tavisca.catapult.external.facade.tests\bin\debug\tavisca.catapult.external.facade.tests.dll" id="65fd3a0e-529b-9dde-c139-8bccaf8fee39">
      <Execution id="e4ff5b90-6452-4dfc-b402-3edc7185d31b" />
      <TestMethod codeBase="D:\Code\TOM\Catapult\Code\trunk\CatapultServices\Tavisca.Catapult.External.Facade.Tests\bin\Debug\Tavisca.Catapult.External.Facade.Tests.dll" adapterTypeName="Microsoft.VisualStudio.TestTools.TestTypes.Unit.UnitTestAdapter" className="Tavisca.Catapult.External.Facade.Tests.ActivityMultiAvailTests.SearchByAirportCodeTest" name="AvailabilityTest2" />
    </UnitTest>
    <UnitTest name="IsOnRequestTest1" storage="d:\code\tom\catapult\code\trunk\catapultservices\tavisca.catapult.external.facade.tests\bin\debug\tavisca.catapult.external.facade.tests.dll" id="512d19eb-d880-c7b1-d022-fe9d6cdd2cc4">
      <Execution id="c8852eda-92b4-4031-bb28-f4c46bc22962" />
      <TestMethod codeBase="D:\Code\TOM\Catapult\Code\trunk\CatapultServices\Tavisca.Catapult.External.Facade.Tests\bin\Debug\Tavisca.Catapult.External.Facade.Tests.dll" adapterTypeName="Microsoft.VisualStudio.TestTools.TestTypes.Unit.UnitTestAdapter" className="Tavisca.Catapult.External.Facade.Tests.ActivityMultiAvailTests.SearchByAirportCodeTest" name="IsOnRequestTest1" />
    </UnitTest>
    <UnitTest name="IsOnRequestTest2" storage="d:\code\tom\catapult\code\trunk\catapultservices\tavisca.catapult.external.facade.tests\bin\debug\tavisca.catapult.external.facade.tests.dll" id="3491d203-6c7a-8c4e-7bb0-83502c14ab63">
      <Execution id="d68c8870-356f-4fc5-8727-1ace7ee9a4a1" />
      <TestMethod codeBase="D:\Code\TOM\Catapult\Code\trunk\CatapultServices\Tavisca.Catapult.External.Facade.Tests\bin\Debug\Tavisca.Catapult.External.Facade.Tests.dll" adapterTypeName="Microsoft.VisualStudio.TestTools.TestTypes.Unit.UnitTestAdapter" className="Tavisca.Catapult.External.Facade.Tests.ActivityMultiAvailTests.SearchByAirportCodeTest" name="IsOnRequestTest2" />
    </UnitTest>
    <UnitTest name="IsOnRequestTest3" storage="d:\code\tom\catapult\code\trunk\catapultservices\tavisca.catapult.external.facade.tests\bin\debug\tavisca.catapult.external.facade.tests.dll" id="859f62f5-0710-a50d-0125-a9c88c118438">
      <Execution id="132d13a1-ce72-4cc4-972d-0a4a17ec5555" />
      <TestMethod codeBase="D:\Code\TOM\Catapult\Code\trunk\CatapultServices\Tavisca.Catapult.External.Facade.Tests\bin\Debug\Tavisca.Catapult.External.Facade.Tests.dll" adapterTypeName="Microsoft.VisualStudio.TestTools.TestTypes.Unit.UnitTestAdapter" className="Tavisca.Catapult.External.Facade.Tests.ActivityMultiAvailTests.SearchByAirportCodeTest" name="IsOnRequestTest3" />
    </UnitTest>
    <UnitTest name="IsOnRequestTest4" storage="d:\code\tom\catapult\code\trunk\catapultservices\tavisca.catapult.external.facade.tests\bin\debug\tavisca.catapult.external.facade.tests.dll" id="dad74ab1-33d9-eeb4-27b3-b67c109d546b">
      <Execution id="4a471045-9740-4e95-8aed-bb4f4885a2c7" />
      <TestMethod codeBase="D:\Code\TOM\Catapult\Code\trunk\CatapultServices\Tavisca.Catapult.External.Facade.Tests\bin\Debug\Tavisca.Catapult.External.Facade.Tests.dll" adapterTypeName="Microsoft.VisualStudio.TestTools.TestTypes.Unit.UnitTestAdapter" className="Tavisca.Catapult.External.Facade.Tests.ActivityMultiAvailTests.SearchByAirportCodeTest" name="IsOnRequestTest4" />
    </UnitTest>
    <UnitTest name="PerUnitTest1" storage="d:\code\tom\catapult\code\trunk\catapultservices\tavisca.catapult.external.facade.tests\bin\debug\tavisca.catapult.external.facade.tests.dll" id="aea4084e-29b5-a789-64c9-d5a9943ab960">
      <Execution id="89a4e280-152a-4bfa-86a9-41e06cb89af6" />
      <TestMethod codeBase="D:\Code\TOM\Catapult\Code\trunk\CatapultServices\Tavisca.Catapult.External.Facade.Tests\bin\Debug\Tavisca.Catapult.External.Facade.Tests.dll" adapterTypeName="Microsoft.VisualStudio.TestTools.TestTypes.Unit.UnitTestAdapter" className="Tavisca.Catapult.External.Facade.Tests.ActivityMultiAvailTests.SearchByAirportCodeTest" name="PerUnitTest1" />
    </UnitTest>
    <UnitTest name="PerUnitTest2" storage="d:\code\tom\catapult\code\trunk\catapultservices\tavisca.catapult.external.facade.tests\bin\debug\tavisca.catapult.external.facade.tests.dll" id="84a83906-7370-bbae-5b8a-6458991034a9">
      <Execution id="f5a9d875-a631-499e-9bcc-0f4f27f5492a" />
      <TestMethod codeBase="D:\Code\TOM\Catapult\Code\trunk\CatapultServices\Tavisca.Catapult.External.Facade.Tests\bin\Debug\Tavisca.Catapult.External.Facade.Tests.dll" adapterTypeName="Microsoft.VisualStudio.TestTools.TestTypes.Unit.UnitTestAdapter" className="Tavisca.Catapult.External.Facade.Tests.ActivityMultiAvailTests.SearchByAirportCodeTest" name="PerUnitTest2" />
    </UnitTest>
    <UnitTest name="PerUnitTest3" storage="d:\code\tom\catapult\code\trunk\catapultservices\tavisca.catapult.external.facade.tests\bin\debug\tavisca.catapult.external.facade.tests.dll" id="8662c243-082e-d5e0-0a85-228ee68a42e2">
      <Execution id="46db2b58-251e-4207-a177-d254a06bbb51" />
      <TestMethod codeBase="D:\Code\TOM\Catapult\Code\trunk\CatapultServices\Tavisca.Catapult.External.Facade.Tests\bin\Debug\Tavisca.Catapult.External.Facade.Tests.dll" adapterTypeName="Microsoft.VisualStudio.TestTools.TestTypes.Unit.UnitTestAdapter" className="Tavisca.Catapult.External.Facade.Tests.ActivityMultiAvailTests.SearchByAirportCodeTest" name="PerUnitTest3" />
    </UnitTest>
    <UnitTest name="PerPersonTest1" storage="d:\code\tom\catapult\code\trunk\catapultservices\tavisca.catapult.external.facade.tests\bin\debug\tavisca.catapult.external.facade.tests.dll" id="c52c0759-3dcd-7a87-4324-4aa52dbefdda">
      <Execution id="ce7ec762-5791-470b-9f5b-24d4536b8935" />
      <TestMethod codeBase="D:\Code\TOM\Catapult\Code\trunk\CatapultServices\Tavisca.Catapult.External.Facade.Tests\bin\Debug\Tavisca.Catapult.External.Facade.Tests.dll" adapterTypeName="Microsoft.VisualStudio.TestTools.TestTypes.Unit.UnitTestAdapter" className="Tavisca.Catapult.External.Facade.Tests.ActivityMultiAvailTests.SearchByAirportCodeTest" name="PerPersonTest1" />
    </UnitTest>
    <UnitTest name="PerPersonTest2" storage="d:\code\tom\catapult\code\trunk\catapultservices\tavisca.catapult.external.facade.tests\bin\debug\tavisca.catapult.external.facade.tests.dll" id="12374823-f2bf-f8da-3d19-f7578f1d4f7c">
      <Execution id="27c0c794-b29e-4382-849d-d36d43d25132" />
      <TestMethod codeBase="D:\Code\TOM\Catapult\Code\trunk\CatapultServices\Tavisca.Catapult.External.Facade.Tests\bin\Debug\Tavisca.Catapult.External.Facade.Tests.dll" adapterTypeName="Microsoft.VisualStudio.TestTools.TestTypes.Unit.UnitTestAdapter" className="Tavisca.Catapult.External.Facade.Tests.ActivityMultiAvailTests.SearchByAirportCodeTest" name="PerPersonTest2" />
    </UnitTest>
    <UnitTest name="PerPersonTes3" storage="d:\code\tom\catapult\code\trunk\catapultservices\tavisca.catapult.external.facade.tests\bin\debug\tavisca.catapult.external.facade.tests.dll" id="2d2b36ac-cec2-dd3b-ef6a-0d4a6419b592">
      <Execution id="75f4e6da-bce3-478b-b132-901d65f059b3" />
      <TestMethod codeBase="D:\Code\TOM\Catapult\Code\trunk\CatapultServices\Tavisca.Catapult.External.Facade.Tests\bin\Debug\Tavisca.Catapult.External.Facade.Tests.dll" adapterTypeName="Microsoft.VisualStudio.TestTools.TestTypes.Unit.UnitTestAdapter" className="Tavisca.Catapult.External.Facade.Tests.ActivityMultiAvailTests.SearchByAirportCodeTest" name="PerPersonTes3" />
    </UnitTest>
    <UnitTest name="TaxesTest1" storage="d:\code\tom\catapult\code\trunk\catapultservices\tavisca.catapult.external.facade.tests\bin\debug\tavisca.catapult.external.facade.tests.dll" id="408a234b-e1f6-f523-3055-b975b398ec8d">
      <Execution id="6687138b-94ec-414a-b684-6d661c560d64" />
      <TestMethod codeBase="D:\Code\TOM\Catapult\Code\trunk\CatapultServices\Tavisca.Catapult.External.Facade.Tests\bin\Debug\Tavisca.Catapult.External.Facade.Tests.dll" adapterTypeName="Microsoft.VisualStudio.TestTools.TestTypes.Unit.UnitTestAdapter" className="Tavisca.Catapult.External.Facade.Tests.ActivityMultiAvailTests.SearchByAirportCodeTest" name="TaxesTest1" />
    </UnitTest>
    <UnitTest name="TaxesTest2" storage="d:\code\tom\catapult\code\trunk\catapultservices\tavisca.catapult.external.facade.tests\bin\debug\tavisca.catapult.external.facade.tests.dll" id="25882cf7-bd1e-8820-07ab-167220235732">
      <Execution id="ab0009e6-eea6-46b7-b5e7-c316765d15d3" />
      <TestMethod codeBase="D:\Code\TOM\Catapult\Code\trunk\CatapultServices\Tavisca.Catapult.External.Facade.Tests\bin\Debug\Tavisca.Catapult.External.Facade.Tests.dll" adapterTypeName="Microsoft.VisualStudio.TestTools.TestTypes.Unit.UnitTestAdapter" className="Tavisca.Catapult.External.Facade.Tests.ActivityMultiAvailTests.SearchByAirportCodeTest" name="TaxesTest2" />
    </UnitTest>
    <UnitTest name="TaxesTest3" storage="d:\code\tom\catapult\code\trunk\catapultservices\tavisca.catapult.external.facade.tests\bin\debug\tavisca.catapult.external.facade.tests.dll" id="0f989856-7e0f-8c14-2223-5c6786b022a7">
      <Execution id="a091138f-4a8d-44d3-a63a-0e537102698e" />
      <TestMethod codeBase="D:\Code\TOM\Catapult\Code\trunk\CatapultServices\Tavisca.Catapult.External.Facade.Tests\bin\Debug\Tavisca.Catapult.External.Facade.Tests.dll" adapterTypeName="Microsoft.VisualStudio.TestTools.TestTypes.Unit.UnitTestAdapter" className="Tavisca.Catapult.External.Facade.Tests.ActivityMultiAvailTests.SearchByAirportCodeTest" name="TaxesTest3" />
    </UnitTest>
    <UnitTest name="PenaltiesTest1" storage="d:\code\tom\catapult\code\trunk\catapultservices\tavisca.catapult.external.facade.tests\bin\debug\tavisca.catapult.external.facade.tests.dll" id="de7000e9-fa4c-4bc6-c0e7-4c94bb6e3fc1">
      <Execution id="594a31b6-2e5b-4222-b267-013aff497dba" />
      <TestMethod codeBase="D:\Code\TOM\Catapult\Code\trunk\CatapultServices\Tavisca.Catapult.External.Facade.Tests\bin\Debug\Tavisca.Catapult.External.Facade.Tests.dll" adapterTypeName="Microsoft.VisualStudio.TestTools.TestTypes.Unit.UnitTestAdapter" className="Tavisca.Catapult.External.Facade.Tests.ActivityMultiAvailTests.SearchByAirportCodeTest" name="PenaltiesTest1" />
    </UnitTest>
    <UnitTest name="PenaltiesTest2" storage="d:\code\tom\catapult\code\trunk\catapultservices\tavisca.catapult.external.facade.tests\bin\debug\tavisca.catapult.external.facade.tests.dll" id="5f599953-261f-1baa-673d-130662061489">
      <Execution id="5cca4a4f-7172-4b2b-aee9-3da6c028af73" />
      <TestMethod codeBase="D:\Code\TOM\Catapult\Code\trunk\CatapultServices\Tavisca.Catapult.External.Facade.Tests\bin\Debug\Tavisca.Catapult.External.Facade.Tests.dll" adapterTypeName="Microsoft.VisualStudio.TestTools.TestTypes.Unit.UnitTestAdapter" className="Tavisca.Catapult.External.Facade.Tests.ActivityMultiAvailTests.SearchByAirportCodeTest" name="PenaltiesTest2" />
    </UnitTest>
    <UnitTest name="PenaltiesTest3" storage="d:\code\tom\catapult\code\trunk\catapultservices\tavisca.catapult.external.facade.tests\bin\debug\tavisca.catapult.external.facade.tests.dll" id="925aa9e0-5112-af2f-b37f-6563a41da01c">
      <Execution id="6324aab1-9d6a-4225-9102-f33c87ab3148" />
      <TestMethod codeBase="D:\Code\TOM\Catapult\Code\trunk\CatapultServices\Tavisca.Catapult.External.Facade.Tests\bin\Debug\Tavisca.Catapult.External.Facade.Tests.dll" adapterTypeName="Microsoft.VisualStudio.TestTools.TestTypes.Unit.UnitTestAdapter" className="Tavisca.Catapult.External.Facade.Tests.ActivityMultiAvailTests.SearchByAirportCodeTest" name="PenaltiesTest3" />
    </UnitTest>
    <UnitTest name="PoliciesTest1" storage="d:\code\tom\catapult\code\trunk\catapultservices\tavisca.catapult.external.facade.tests\bin\debug\tavisca.catapult.external.facade.tests.dll" id="de385433-b0d2-0ba5-99b2-d2423fe5325a">
      <Execution id="9d6efdfc-a463-4a4a-9210-c0c3e5d4d303" />
      <TestMethod codeBase="D:\Code\TOM\Catapult\Code\trunk\CatapultServices\Tavisca.Catapult.External.Facade.Tests\bin\Debug\Tavisca.Catapult.External.Facade.Tests.dll" adapterTypeName="Microsoft.VisualStudio.TestTools.TestTypes.Unit.UnitTestAdapter" className="Tavisca.Catapult.External.Facade.Tests.ActivityMultiAvailTests.SearchByAirportCodeTest" name="PoliciesTest1" />
    </UnitTest>
    <UnitTest name="CurrencyTest1" storage="d:\code\tom\catapult\code\trunk\catapultservices\tavisca.catapult.external.facade.tests\bin\debug\tavisca.catapult.external.facade.tests.dll" id="072b3430-2380-439d-d9fa-aed0e7e5f2ae">
      <Execution id="79de573a-47db-4576-a80b-3531eb4ba780" />
      <TestMethod codeBase="D:\Code\TOM\Catapult\Code\trunk\CatapultServices\Tavisca.Catapult.External.Facade.Tests\bin\Debug\Tavisca.Catapult.External.Facade.Tests.dll" adapterTypeName="Microsoft.VisualStudio.TestTools.TestTypes.Unit.UnitTestAdapter" className="Tavisca.Catapult.External.Facade.Tests.ActivityMultiAvailTests.SearchByAirportCodeTest" name="CurrencyTest1" />
    </UnitTest>
    <UnitTest name="FilterByTagsTest1" storage="d:\code\tom\catapult\code\trunk\catapultservices\tavisca.catapult.external.facade.tests\bin\debug\tavisca.catapult.external.facade.tests.dll" id="228b59eb-d495-0003-cd22-24851a2caa64">
      <Execution id="f83339b2-6967-4a6d-b8d3-780a3604c480" />
      <TestMethod codeBase="D:\Code\TOM\Catapult\Code\trunk\CatapultServices\Tavisca.Catapult.External.Facade.Tests\bin\Debug\Tavisca.Catapult.External.Facade.Tests.dll" adapterTypeName="Microsoft.VisualStudio.TestTools.TestTypes.Unit.UnitTestAdapter" className="Tavisca.Catapult.External.Facade.Tests.ActivityMultiAvailTests.SearchByAirportCodeTest" name="FilterByTagsTest1" />
    </UnitTest>
    <UnitTest name="FilterByRateCodesTest1" storage="d:\code\tom\catapult\code\trunk\catapultservices\tavisca.catapult.external.facade.tests\bin\debug\tavisca.catapult.external.facade.tests.dll" id="2f4137f9-86fb-45de-1b05-26b7aea3d4c0">
      <Execution id="a1b1a88f-38e1-4830-9d88-170ad92a3e71" />
      <TestMethod codeBase="D:\Code\TOM\Catapult\Code\trunk\CatapultServices\Tavisca.Catapult.External.Facade.Tests\bin\Debug\Tavisca.Catapult.External.Facade.Tests.dll" adapterTypeName="Microsoft.VisualStudio.TestTools.TestTypes.Unit.UnitTestAdapter" className="Tavisca.Catapult.External.Facade.Tests.ActivityMultiAvailTests.SearchByAirportCodeTest" name="FilterByRateCodesTest1" />
    </UnitTest>
    <UnitTest name="FilterByRateCodesTest2" storage="d:\code\tom\catapult\code\trunk\catapultservices\tavisca.catapult.external.facade.tests\bin\debug\tavisca.catapult.external.facade.tests.dll" id="65c07103-3471-fd8e-51c7-64ccf905eb6a">
      <Execution id="6f4e8007-7b19-4431-9243-96aa2e1f0bfb" />
      <TestMethod codeBase="D:\Code\TOM\Catapult\Code\trunk\CatapultServices\Tavisca.Catapult.External.Facade.Tests\bin\Debug\Tavisca.Catapult.External.Facade.Tests.dll" adapterTypeName="Microsoft.VisualStudio.TestTools.TestTypes.Unit.UnitTestAdapter" className="Tavisca.Catapult.External.Facade.Tests.ActivityMultiAvailTests.SearchByAirportCodeTest" name="FilterByRateCodesTest2" />
    </UnitTest>
    <UnitTest name="FilterByRateCodesTest3" storage="d:\code\tom\catapult\code\trunk\catapultservices\tavisca.catapult.external.facade.tests\bin\debug\tavisca.catapult.external.facade.tests.dll" id="792d6800-47be-84f7-7f3e-7bb3f4275301">
      <Execution id="75b3d31d-c9f7-4462-bd3c-57ddf0d7cde0" />
      <TestMethod codeBase="D:\Code\TOM\Catapult\Code\trunk\CatapultServices\Tavisca.Catapult.External.Facade.Tests\bin\Debug\Tavisca.Catapult.External.Facade.Tests.dll" adapterTypeName="Microsoft.VisualStudio.TestTools.TestTypes.Unit.UnitTestAdapter" className="Tavisca.Catapult.External.Facade.Tests.ActivityMultiAvailTests.SearchByAirportCodeTest" name="FilterByRateCodesTest3" />
    </UnitTest>
    <UnitTest name="ScopeTest1" storage="d:\code\tom\catapult\code\trunk\catapultservices\tavisca.catapult.external.facade.tests\bin\debug\tavisca.catapult.external.facade.tests.dll" id="63f82f2b-94d8-6638-2b31-ff5867e33380">
      <Execution id="a75e352d-9f92-479d-9649-bc294f0cd228" />
      <TestMethod codeBase="D:\Code\TOM\Catapult\Code\trunk\CatapultServices\Tavisca.Catapult.External.Facade.Tests\bin\Debug\Tavisca.Catapult.External.Facade.Tests.dll" adapterTypeName="Microsoft.VisualStudio.TestTools.TestTypes.Unit.UnitTestAdapter" className="Tavisca.Catapult.External.Facade.Tests.ActivityMultiAvailTests.SearchByAirportCodeTest" name="ScopeTest1" />
    </UnitTest>
    <UnitTest name="ScopeTest2" storage="d:\code\tom\catapult\code\trunk\catapultservices\tavisca.catapult.external.facade.tests\bin\debug\tavisca.catapult.external.facade.tests.dll" id="c1183241-7b01-4138-f11e-67614196d4ff">
      <Execution id="1db0b0f2-b9a1-42d6-ab8e-78d83e2635f8" />
      <TestMethod codeBase="D:\Code\TOM\Catapult\Code\trunk\CatapultServices\Tavisca.Catapult.External.Facade.Tests\bin\Debug\Tavisca.Catapult.External.Facade.Tests.dll" adapterTypeName="Microsoft.VisualStudio.TestTools.TestTypes.Unit.UnitTestAdapter" className="Tavisca.Catapult.External.Facade.Tests.ActivityMultiAvailTests.SearchByAirportCodeTest" name="ScopeTest2" />
    </UnitTest>
    <UnitTest name="SearchByActivityCode1" storage="d:\code\tom\catapult\code\trunk\catapultservices\tavisca.catapult.external.facade.tests\bin\debug\tavisca.catapult.external.facade.tests.dll" id="35b62bbd-047c-0e62-48ce-5f54fdf41074">
      <Execution id="a090674f-d1b1-42fe-b4d7-fd27cfd02c3d" />
      <TestMethod codeBase="D:\Code\TOM\Catapult\Code\trunk\CatapultServices\Tavisca.Catapult.External.Facade.Tests\bin\Debug\Tavisca.Catapult.External.Facade.Tests.dll" adapterTypeName="Microsoft.VisualStudio.TestTools.TestTypes.Unit.UnitTestAdapter" className="Tavisca.Catapult.External.Facade.Tests.ActivityMultiAvailTests.SearchByCityCodeTest" name="SearchByActivityCode1" />
    </UnitTest>
    <UnitTest name="SearchByActivityCode2" storage="d:\code\tom\catapult\code\trunk\catapultservices\tavisca.catapult.external.facade.tests\bin\debug\tavisca.catapult.external.facade.tests.dll" id="a55a7e60-bb8c-e356-9790-673420e3c4ee">
      <Execution id="dff50408-d39f-4aa5-8ca3-7d81a5cb42aa" />
      <TestMethod codeBase="D:\Code\TOM\Catapult\Code\trunk\CatapultServices\Tavisca.Catapult.External.Facade.Tests\bin\Debug\Tavisca.Catapult.External.Facade.Tests.dll" adapterTypeName="Microsoft.VisualStudio.TestTools.TestTypes.Unit.UnitTestAdapter" className="Tavisca.Catapult.External.Facade.Tests.ActivityMultiAvailTests.SearchByCityCodeTest" name="SearchByActivityCode2" />
    </UnitTest>
    <UnitTest name="BlackOutPeriodTest1" storage="d:\code\tom\catapult\code\trunk\catapultservices\tavisca.catapult.external.facade.tests\bin\debug\tavisca.catapult.external.facade.tests.dll" id="562a91ee-5a2b-00e1-089e-b53a3e66bf7c">
      <Execution id="c26e3c7f-ad5c-41b8-aa42-27c4c43758d3" />
      <TestMethod codeBase="D:\Code\TOM\Catapult\Code\trunk\CatapultServices\Tavisca.Catapult.External.Facade.Tests\bin\Debug\Tavisca.Catapult.External.Facade.Tests.dll" adapterTypeName="Microsoft.VisualStudio.TestTools.TestTypes.Unit.UnitTestAdapter" className="Tavisca.Catapult.External.Facade.Tests.ActivityMultiAvailTests.SearchByCityCodeTest" name="BlackOutPeriodTest1" />
    </UnitTest>
    <UnitTest name="BlackOutPeriodTest2" storage="d:\code\tom\catapult\code\trunk\catapultservices\tavisca.catapult.external.facade.tests\bin\debug\tavisca.catapult.external.facade.tests.dll" id="51dd57ec-ccf3-797a-e208-710aa00c879d">
      <Execution id="664355f9-982a-4f65-bc4b-3302f1bd7384" />
      <TestMethod codeBase="D:\Code\TOM\Catapult\Code\trunk\CatapultServices\Tavisca.Catapult.External.Facade.Tests\bin\Debug\Tavisca.Catapult.External.Facade.Tests.dll" adapterTypeName="Microsoft.VisualStudio.TestTools.TestTypes.Unit.UnitTestAdapter" className="Tavisca.Catapult.External.Facade.Tests.ActivityMultiAvailTests.SearchByCityCodeTest" name="BlackOutPeriodTest2" />
    </UnitTest>
    <UnitTest name="RateContractTest1" storage="d:\code\tom\catapult\code\trunk\catapultservices\tavisca.catapult.external.facade.tests\bin\debug\tavisca.catapult.external.facade.tests.dll" id="8faa753c-3396-717c-d2b0-471eefdb9199">
      <Execution id="087b2d1c-8598-4800-ba3e-35d4d2809297" />
      <TestMethod codeBase="D:\Code\TOM\Catapult\Code\trunk\CatapultServices\Tavisca.Catapult.External.Facade.Tests\bin\Debug\Tavisca.Catapult.External.Facade.Tests.dll" adapterTypeName="Microsoft.VisualStudio.TestTools.TestTypes.Unit.UnitTestAdapter" className="Tavisca.Catapult.External.Facade.Tests.ActivityMultiAvailTests.SearchByCityCodeTest" name="RateContractTest1" />
    </UnitTest>
    <UnitTest name="RateContractTest2" storage="d:\code\tom\catapult\code\trunk\catapultservices\tavisca.catapult.external.facade.tests\bin\debug\tavisca.catapult.external.facade.tests.dll" id="4a1fd4ed-79cb-db5b-edca-ca56e6439175">
      <Execution id="6e5fcd95-6f6a-4c4b-bcb5-fa4e65e255ff" />
      <TestMethod codeBase="D:\Code\TOM\Catapult\Code\trunk\CatapultServices\Tavisca.Catapult.External.Facade.Tests\bin\Debug\Tavisca.Catapult.External.Facade.Tests.dll" adapterTypeName="Microsoft.VisualStudio.TestTools.TestTypes.Unit.UnitTestAdapter" className="Tavisca.Catapult.External.Facade.Tests.ActivityMultiAvailTests.SearchByCityCodeTest" name="RateContractTest2" />
    </UnitTest>
    <UnitTest name="RateContractTest3" storage="d:\code\tom\catapult\code\trunk\catapultservices\tavisca.catapult.external.facade.tests\bin\debug\tavisca.catapult.external.facade.tests.dll" id="73625e66-977e-ebef-b6f4-68d1654f395e">
      <Execution id="622863b7-3df5-4489-a7dc-2b0e5fbee606" />
      <TestMethod codeBase="D:\Code\TOM\Catapult\Code\trunk\CatapultServices\Tavisca.Catapult.External.Facade.Tests\bin\Debug\Tavisca.Catapult.External.Facade.Tests.dll" adapterTypeName="Microsoft.VisualStudio.TestTools.TestTypes.Unit.UnitTestAdapter" className="Tavisca.Catapult.External.Facade.Tests.ActivityMultiAvailTests.SearchByCityCodeTest" name="RateContractTest3" />
    </UnitTest>
    <UnitTest name="RateContractTest4" storage="d:\code\tom\catapult\code\trunk\catapultservices\tavisca.catapult.external.facade.tests\bin\debug\tavisca.catapult.external.facade.tests.dll" id="b2d25eda-4009-d8e9-931a-03918c0efa68">
      <Execution id="d6acc101-bfe1-4c38-b6d9-e677ec1ee32d" />
      <TestMethod codeBase="D:\Code\TOM\Catapult\Code\trunk\CatapultServices\Tavisca.Catapult.External.Facade.Tests\bin\Debug\Tavisca.Catapult.External.Facade.Tests.dll" adapterTypeName="Microsoft.VisualStudio.TestTools.TestTypes.Unit.UnitTestAdapter" className="Tavisca.Catapult.External.Facade.Tests.ActivityMultiAvailTests.SearchByCityCodeTest" name="RateContractTest4" />
    </UnitTest>
    <UnitTest name="RateContractTest5" storage="d:\code\tom\catapult\code\trunk\catapultservices\tavisca.catapult.external.facade.tests\bin\debug\tavisca.catapult.external.facade.tests.dll" id="48917dc3-d286-1f13-7734-0b2fa6e582c9">
      <Execution id="7d7ab80e-8673-4c77-a8bd-7a34c447b43c" />
      <TestMethod codeBase="D:\Code\TOM\Catapult\Code\trunk\CatapultServices\Tavisca.Catapult.External.Facade.Tests\bin\Debug\Tavisca.Catapult.External.Facade.Tests.dll" adapterTypeName="Microsoft.VisualStudio.TestTools.TestTypes.Unit.UnitTestAdapter" className="Tavisca.Catapult.External.Facade.Tests.ActivityMultiAvailTests.SearchByCityCodeTest" name="RateContractTest5" />
    </UnitTest>
    <UnitTest name="RateContractTest6" storage="d:\code\tom\catapult\code\trunk\catapultservices\tavisca.catapult.external.facade.tests\bin\debug\tavisca.catapult.external.facade.tests.dll" id="efa02f09-64b8-99df-d69b-4070c46d820a">
      <Execution id="5969aefa-7295-49ef-a147-789841c2bd7d" />
      <TestMethod codeBase="D:\Code\TOM\Catapult\Code\trunk\CatapultServices\Tavisca.Catapult.External.Facade.Tests\bin\Debug\Tavisca.Catapult.External.Facade.Tests.dll" adapterTypeName="Microsoft.VisualStudio.TestTools.TestTypes.Unit.UnitTestAdapter" className="Tavisca.Catapult.External.Facade.Tests.ActivityMultiAvailTests.SearchByCityCodeTest" name="RateContractTest6" />
    </UnitTest>
    <UnitTest name="RateContractTest7" storage="d:\code\tom\catapult\code\trunk\catapultservices\tavisca.catapult.external.facade.tests\bin\debug\tavisca.catapult.external.facade.tests.dll" id="3e80942b-05a7-39c3-0671-6682f9cd8177">
      <Execution id="21c44ccd-aea9-4297-9898-614099d95e34" />
      <TestMethod codeBase="D:\Code\TOM\Catapult\Code\trunk\CatapultServices\Tavisca.Catapult.External.Facade.Tests\bin\Debug\Tavisca.Catapult.External.Facade.Tests.dll" adapterTypeName="Microsoft.VisualStudio.TestTools.TestTypes.Unit.UnitTestAdapter" className="Tavisca.Catapult.External.Facade.Tests.ActivityMultiAvailTests.SearchByCityCodeTest" name="RateContractTest7" />
    </UnitTest>
    <UnitTest name="RateContractTest8" storage="d:\code\tom\catapult\code\trunk\catapultservices\tavisca.catapult.external.facade.tests\bin\debug\tavisca.catapult.external.facade.tests.dll" id="319fd9f6-382e-1e66-1baf-067a38938e5b">
      <Execution id="feb745e0-ea03-4a2c-a55c-4d8ee01bc55d" />
      <TestMethod codeBase="D:\Code\TOM\Catapult\Code\trunk\CatapultServices\Tavisca.Catapult.External.Facade.Tests\bin\Debug\Tavisca.Catapult.External.Facade.Tests.dll" adapterTypeName="Microsoft.VisualStudio.TestTools.TestTypes.Unit.UnitTestAdapter" className="Tavisca.Catapult.External.Facade.Tests.ActivityMultiAvailTests.SearchByCityCodeTest" name="RateContractTest8" />
    </UnitTest>
    <UnitTest name="RateContractTest9" storage="d:\code\tom\catapult\code\trunk\catapultservices\tavisca.catapult.external.facade.tests\bin\debug\tavisca.catapult.external.facade.tests.dll" id="cd5ad7eb-412a-b4c4-7f35-d0f08dadf18b">
      <Execution id="a3ebb846-271a-4fca-86b8-70692d86368c" />
      <TestMethod codeBase="D:\Code\TOM\Catapult\Code\trunk\CatapultServices\Tavisca.Catapult.External.Facade.Tests\bin\Debug\Tavisca.Catapult.External.Facade.Tests.dll" adapterTypeName="Microsoft.VisualStudio.TestTools.TestTypes.Unit.UnitTestAdapter" className="Tavisca.Catapult.External.Facade.Tests.ActivityMultiAvailTests.SearchByCityCodeTest" name="RateContractTest9" />
    </UnitTest>
    <UnitTest name="GuestInformationTest1" storage="d:\code\tom\catapult\code\trunk\catapultservices\tavisca.catapult.external.facade.tests\bin\debug\tavisca.catapult.external.facade.tests.dll" id="75fb9a13-c63f-dbea-f333-0dbfe13aae6b">
      <Execution id="378c9f74-fb10-4d07-85d7-acda3764ca0d" />
      <TestMethod codeBase="D:\Code\TOM\Catapult\Code\trunk\CatapultServices\Tavisca.Catapult.External.Facade.Tests\bin\Debug\Tavisca.Catapult.External.Facade.Tests.dll" adapterTypeName="Microsoft.VisualStudio.TestTools.TestTypes.Unit.UnitTestAdapter" className="Tavisca.Catapult.External.Facade.Tests.ActivityMultiAvailTests.SearchByCityCodeTest" name="GuestInformationTest1" />
    </UnitTest>
    <UnitTest name="GuestInformationTest2" storage="d:\code\tom\catapult\code\trunk\catapultservices\tavisca.catapult.external.facade.tests\bin\debug\tavisca.catapult.external.facade.tests.dll" id="f0904ff2-050c-15a6-7191-4710c73f0d27">
      <Execution id="0990698a-30bc-45f5-9dfb-c02c1c5e553c" />
      <TestMethod codeBase="D:\Code\TOM\Catapult\Code\trunk\CatapultServices\Tavisca.Catapult.External.Facade.Tests\bin\Debug\Tavisca.Catapult.External.Facade.Tests.dll" adapterTypeName="Microsoft.VisualStudio.TestTools.TestTypes.Unit.UnitTestAdapter" className="Tavisca.Catapult.External.Facade.Tests.ActivityMultiAvailTests.SearchByCityCodeTest" name="GuestInformationTest2" />
    </UnitTest>
    <UnitTest name="GuestInformationTest3" storage="d:\code\tom\catapult\code\trunk\catapultservices\tavisca.catapult.external.facade.tests\bin\debug\tavisca.catapult.external.facade.tests.dll" id="d202d41f-5f48-f250-cf34-f647b0d61a00">
      <Execution id="8cda9088-fe72-4bcf-8198-5a6d3bff2f59" />
      <TestMethod codeBase="D:\Code\TOM\Catapult\Code\trunk\CatapultServices\Tavisca.Catapult.External.Facade.Tests\bin\Debug\Tavisca.Catapult.External.Facade.Tests.dll" adapterTypeName="Microsoft.VisualStudio.TestTools.TestTypes.Unit.UnitTestAdapter" className="Tavisca.Catapult.External.Facade.Tests.ActivityMultiAvailTests.SearchByCityCodeTest" name="GuestInformationTest3" />
    </UnitTest>
    <UnitTest name="GuestInformationTest4" storage="d:\code\tom\catapult\code\trunk\catapultservices\tavisca.catapult.external.facade.tests\bin\debug\tavisca.catapult.external.facade.tests.dll" id="59f06897-3cc6-bc57-98a3-837d0e0e8d72">
      <Execution id="39747d4f-bde6-4a20-8ff0-c2b4a1a9bd80" />
      <TestMethod codeBase="D:\Code\TOM\Catapult\Code\trunk\CatapultServices\Tavisca.Catapult.External.Facade.Tests\bin\Debug\Tavisca.Catapult.External.Facade.Tests.dll" adapterTypeName="Microsoft.VisualStudio.TestTools.TestTypes.Unit.UnitTestAdapter" className="Tavisca.Catapult.External.Facade.Tests.ActivityMultiAvailTests.SearchByCityCodeTest" name="GuestInformationTest4" />
    </UnitTest>
    <UnitTest name="GuestInformationTest5" storage="d:\code\tom\catapult\code\trunk\catapultservices\tavisca.catapult.external.facade.tests\bin\debug\tavisca.catapult.external.facade.tests.dll" id="0c6eb897-fd3c-bb46-8959-0f847001ef1f">
      <Execution id="947c4ad1-fd35-453c-8c8f-f0ae5838182f" />
      <TestMethod codeBase="D:\Code\TOM\Catapult\Code\trunk\CatapultServices\Tavisca.Catapult.External.Facade.Tests\bin\Debug\Tavisca.Catapult.External.Facade.Tests.dll" adapterTypeName="Microsoft.VisualStudio.TestTools.TestTypes.Unit.UnitTestAdapter" className="Tavisca.Catapult.External.Facade.Tests.ActivityMultiAvailTests.SearchByCityCodeTest" name="GuestInformationTest5" />
    </UnitTest>
    <UnitTest name="GuestInformationTest6" storage="d:\code\tom\catapult\code\trunk\catapultservices\tavisca.catapult.external.facade.tests\bin\debug\tavisca.catapult.external.facade.tests.dll" id="2d8aae77-b3c8-f51f-4296-a7b0aeca2427">
      <Execution id="041dbeec-7781-4793-af74-36bd96c1ef62" />
      <TestMethod codeBase="D:\Code\TOM\Catapult\Code\trunk\CatapultServices\Tavisca.Catapult.External.Facade.Tests\bin\Debug\Tavisca.Catapult.External.Facade.Tests.dll" adapterTypeName="Microsoft.VisualStudio.TestTools.TestTypes.Unit.UnitTestAdapter" className="Tavisca.Catapult.External.Facade.Tests.ActivityMultiAvailTests.SearchByCityCodeTest" name="GuestInformationTest6" />
    </UnitTest>
    <UnitTest name="WeekEndDayPricingTest1" storage="d:\code\tom\catapult\code\trunk\catapultservices\tavisca.catapult.external.facade.tests\bin\debug\tavisca.catapult.external.facade.tests.dll" id="027b0b5e-f463-17ee-5338-3e4cfb9fcbcb">
      <Execution id="82e77144-1f15-4f99-b93c-64ceec9cb39f" />
      <TestMethod codeBase="D:\Code\TOM\Catapult\Code\trunk\CatapultServices\Tavisca.Catapult.External.Facade.Tests\bin\Debug\Tavisca.Catapult.External.Facade.Tests.dll" adapterTypeName="Microsoft.VisualStudio.TestTools.TestTypes.Unit.UnitTestAdapter" className="Tavisca.Catapult.External.Facade.Tests.ActivityMultiAvailTests.SearchByCityCodeTest" name="WeekEndDayPricingTest1" />
    </UnitTest>
    <UnitTest name="WeekEndDayPricingTest2" storage="d:\code\tom\catapult\code\trunk\catapultservices\tavisca.catapult.external.facade.tests\bin\debug\tavisca.catapult.external.facade.tests.dll" id="23ee3628-f092-b0be-cb5b-3a53d4180858">
      <Execution id="cd200c58-aba8-45ce-982b-4c554213925e" />
      <TestMethod codeBase="D:\Code\TOM\Catapult\Code\trunk\CatapultServices\Tavisca.Catapult.External.Facade.Tests\bin\Debug\Tavisca.Catapult.External.Facade.Tests.dll" adapterTypeName="Microsoft.VisualStudio.TestTools.TestTypes.Unit.UnitTestAdapter" className="Tavisca.Catapult.External.Facade.Tests.ActivityMultiAvailTests.SearchByCityCodeTest" name="WeekEndDayPricingTest2" />
    </UnitTest>
    <UnitTest name="WeekEndDayPricingTest3" storage="d:\code\tom\catapult\code\trunk\catapultservices\tavisca.catapult.external.facade.tests\bin\debug\tavisca.catapult.external.facade.tests.dll" id="38624ebd-4490-c568-ab8a-1c5bf0e584af">
      <Execution id="274d8176-9aa4-4e0d-866b-728a9d406aec" />
      <TestMethod codeBase="D:\Code\TOM\Catapult\Code\trunk\CatapultServices\Tavisca.Catapult.External.Facade.Tests\bin\Debug\Tavisca.Catapult.External.Facade.Tests.dll" adapterTypeName="Microsoft.VisualStudio.TestTools.TestTypes.Unit.UnitTestAdapter" className="Tavisca.Catapult.External.Facade.Tests.ActivityMultiAvailTests.SearchByCityCodeTest" name="WeekEndDayPricingTest3" />
    </UnitTest>
    <UnitTest name="AvailabilityTest1" storage="d:\code\tom\catapult\code\trunk\catapultservices\tavisca.catapult.external.facade.tests\bin\debug\tavisca.catapult.external.facade.tests.dll" id="e021b749-a6a0-c62f-778a-a23745c008ac">
      <Execution id="2f4b3d3e-14d3-48c5-bbd0-f9730cc809dc" />
      <TestMethod codeBase="D:\Code\TOM\Catapult\Code\trunk\CatapultServices\Tavisca.Catapult.External.Facade.Tests\bin\Debug\Tavisca.Catapult.External.Facade.Tests.dll" adapterTypeName="Microsoft.VisualStudio.TestTools.TestTypes.Unit.UnitTestAdapter" className="Tavisca.Catapult.External.Facade.Tests.ActivityMultiAvailTests.SearchByCityCodeTest" name="AvailabilityTest1" />
    </UnitTest>
    <UnitTest name="AvailabilityTest2" storage="d:\code\tom\catapult\code\trunk\catapultservices\tavisca.catapult.external.facade.tests\bin\debug\tavisca.catapult.external.facade.tests.dll" id="9e4b1bc4-6afe-c2a8-1e68-3fc68cfc0d19">
      <Execution id="c79032bd-fc28-4c9b-a26b-1f8bf36aa5c5" />
      <TestMethod codeBase="D:\Code\TOM\Catapult\Code\trunk\CatapultServices\Tavisca.Catapult.External.Facade.Tests\bin\Debug\Tavisca.Catapult.External.Facade.Tests.dll" adapterTypeName="Microsoft.VisualStudio.TestTools.TestTypes.Unit.UnitTestAdapter" className="Tavisca.Catapult.External.Facade.Tests.ActivityMultiAvailTests.SearchByCityCodeTest" name="AvailabilityTest2" />
    </UnitTest>
    <UnitTest name="IsOnRequestTest1" storage="d:\code\tom\catapult\code\trunk\catapultservices\tavisca.catapult.external.facade.tests\bin\debug\tavisca.catapult.external.facade.tests.dll" id="b45d0fe6-8f45-79ea-93b9-e0739fae6a76">
      <Execution id="bdd6706c-5803-4c91-862f-f4c1ca740cad" />
      <TestMethod codeBase="D:\Code\TOM\Catapult\Code\trunk\CatapultServices\Tavisca.Catapult.External.Facade.Tests\bin\Debug\Tavisca.Catapult.External.Facade.Tests.dll" adapterTypeName="Microsoft.VisualStudio.TestTools.TestTypes.Unit.UnitTestAdapter" className="Tavisca.Catapult.External.Facade.Tests.ActivityMultiAvailTests.SearchByCityCodeTest" name="IsOnRequestTest1" />
    </UnitTest>
    <UnitTest name="IsOnRequestTest2" storage="d:\code\tom\catapult\code\trunk\catapultservices\tavisca.catapult.external.facade.tests\bin\debug\tavisca.catapult.external.facade.tests.dll" id="beb4163c-0773-8534-668a-200ef3c50158">
      <Execution id="bb05c123-ea3b-41a6-823f-a4085cf5dcc1" />
      <TestMethod codeBase="D:\Code\TOM\Catapult\Code\trunk\CatapultServices\Tavisca.Catapult.External.Facade.Tests\bin\Debug\Tavisca.Catapult.External.Facade.Tests.dll" adapterTypeName="Microsoft.VisualStudio.TestTools.TestTypes.Unit.UnitTestAdapter" className="Tavisca.Catapult.External.Facade.Tests.ActivityMultiAvailTests.SearchByCityCodeTest" name="IsOnRequestTest2" />
    </UnitTest>
    <UnitTest name="IsOnRequestTest3" storage="d:\code\tom\catapult\code\trunk\catapultservices\tavisca.catapult.external.facade.tests\bin\debug\tavisca.catapult.external.facade.tests.dll" id="8f84bcef-ab78-da6b-b59f-ea6b48a4d014">
      <Execution id="e52ddbba-604b-4b68-947e-fdab31268150" />
      <TestMethod codeBase="D:\Code\TOM\Catapult\Code\trunk\CatapultServices\Tavisca.Catapult.External.Facade.Tests\bin\Debug\Tavisca.Catapult.External.Facade.Tests.dll" adapterTypeName="Microsoft.VisualStudio.TestTools.TestTypes.Unit.UnitTestAdapter" className="Tavisca.Catapult.External.Facade.Tests.ActivityMultiAvailTests.SearchByCityCodeTest" name="IsOnRequestTest3" />
    </UnitTest>
    <UnitTest name="IsOnRequestTest4" storage="d:\code\tom\catapult\code\trunk\catapultservices\tavisca.catapult.external.facade.tests\bin\debug\tavisca.catapult.external.facade.tests.dll" id="3b28a284-6be5-4786-c59b-0066567ad872">
      <Execution id="b9ecdf3d-a8fe-41f6-aebe-05c6c3017728" />
      <TestMethod codeBase="D:\Code\TOM\Catapult\Code\trunk\CatapultServices\Tavisca.Catapult.External.Facade.Tests\bin\Debug\Tavisca.Catapult.External.Facade.Tests.dll" adapterTypeName="Microsoft.VisualStudio.TestTools.TestTypes.Unit.UnitTestAdapter" className="Tavisca.Catapult.External.Facade.Tests.ActivityMultiAvailTests.SearchByCityCodeTest" name="IsOnRequestTest4" />
    </UnitTest>
    <UnitTest name="PerUnitTest1" storage="d:\code\tom\catapult\code\trunk\catapultservices\tavisca.catapult.external.facade.tests\bin\debug\tavisca.catapult.external.facade.tests.dll" id="1bab8c31-4448-04b8-f07c-075d89669e52">
      <Execution id="e09519d3-2247-4827-9d6b-bb07af247887" />
      <TestMethod codeBase="D:\Code\TOM\Catapult\Code\trunk\CatapultServices\Tavisca.Catapult.External.Facade.Tests\bin\Debug\Tavisca.Catapult.External.Facade.Tests.dll" adapterTypeName="Microsoft.VisualStudio.TestTools.TestTypes.Unit.UnitTestAdapter" className="Tavisca.Catapult.External.Facade.Tests.ActivityMultiAvailTests.SearchByCityCodeTest" name="PerUnitTest1" />
    </UnitTest>
    <UnitTest name="PerUnitTest2" storage="d:\code\tom\catapult\code\trunk\catapultservices\tavisca.catapult.external.facade.tests\bin\debug\tavisca.catapult.external.facade.tests.dll" id="0b5e303b-25ef-4267-ef4d-34c66e6b428e">
      <Execution id="9f4d5511-9fef-4e9d-a725-7a9385e59745" />
      <TestMethod codeBase="D:\Code\TOM\Catapult\Code\trunk\CatapultServices\Tavisca.Catapult.External.Facade.Tests\bin\Debug\Tavisca.Catapult.External.Facade.Tests.dll" adapterTypeName="Microsoft.VisualStudio.TestTools.TestTypes.Unit.UnitTestAdapter" className="Tavisca.Catapult.External.Facade.Tests.ActivityMultiAvailTests.SearchByCityCodeTest" name="PerUnitTest2" />
    </UnitTest>
    <UnitTest name="PerUnitTest3" storage="d:\code\tom\catapult\code\trunk\catapultservices\tavisca.catapult.external.facade.tests\bin\debug\tavisca.catapult.external.facade.tests.dll" id="00a3c0c5-42dc-81c6-4f2c-1577c19a99f1">
      <Execution id="7c1528d3-d484-4b74-8813-e0e29fb5d1dc" />
      <TestMethod codeBase="D:\Code\TOM\Catapult\Code\trunk\CatapultServices\Tavisca.Catapult.External.Facade.Tests\bin\Debug\Tavisca.Catapult.External.Facade.Tests.dll" adapterTypeName="Microsoft.VisualStudio.TestTools.TestTypes.Unit.UnitTestAdapter" className="Tavisca.Catapult.External.Facade.Tests.ActivityMultiAvailTests.SearchByCityCodeTest" name="PerUnitTest3" />
    </UnitTest>
    <UnitTest name="PerPersonTest1" storage="d:\code\tom\catapult\code\trunk\catapultservices\tavisca.catapult.external.facade.tests\bin\debug\tavisca.catapult.external.facade.tests.dll" id="94e1acad-bb70-f866-5efb-01d59bad8348">
      <Execution id="fcd5a8b6-00fb-4f1d-9a04-78e18a0b8cde" />
      <TestMethod codeBase="D:\Code\TOM\Catapult\Code\trunk\CatapultServices\Tavisca.Catapult.External.Facade.Tests\bin\Debug\Tavisca.Catapult.External.Facade.Tests.dll" adapterTypeName="Microsoft.VisualStudio.TestTools.TestTypes.Unit.UnitTestAdapter" className="Tavisca.Catapult.External.Facade.Tests.ActivityMultiAvailTests.SearchByCityCodeTest" name="PerPersonTest1" />
    </UnitTest>
    <UnitTest name="PerPersonTest2" storage="d:\code\tom\catapult\code\trunk\catapultservices\tavisca.catapult.external.facade.tests\bin\debug\tavisca.catapult.external.facade.tests.dll" id="f21ff747-dcb5-ed97-f506-aca7b32158a6">
      <Execution id="29b70daa-9515-4511-80ca-3d2e04bb5075" />
      <TestMethod codeBase="D:\Code\TOM\Catapult\Code\trunk\CatapultServices\Tavisca.Catapult.External.Facade.Tests\bin\Debug\Tavisca.Catapult.External.Facade.Tests.dll" adapterTypeName="Microsoft.VisualStudio.TestTools.TestTypes.Unit.UnitTestAdapter" className="Tavisca.Catapult.External.Facade.Tests.ActivityMultiAvailTests.SearchByCityCodeTest" name="PerPersonTest2" />
    </UnitTest>
    <UnitTest name="PerPersonTes3" storage="d:\code\tom\catapult\code\trunk\catapultservices\tavisca.catapult.external.facade.tests\bin\debug\tavisca.catapult.external.facade.tests.dll" id="8807f456-1387-e414-8904-9764886bc335">
      <Execution id="d7dd33ca-1731-4c43-aa7d-ca2648cd86fb" />
      <TestMethod codeBase="D:\Code\TOM\Catapult\Code\trunk\CatapultServices\Tavisca.Catapult.External.Facade.Tests\bin\Debug\Tavisca.Catapult.External.Facade.Tests.dll" adapterTypeName="Microsoft.VisualStudio.TestTools.TestTypes.Unit.UnitTestAdapter" className="Tavisca.Catapult.External.Facade.Tests.ActivityMultiAvailTests.SearchByCityCodeTest" name="PerPersonTes3" />
    </UnitTest>
    <UnitTest name="TaxesTest1" storage="d:\code\tom\catapult\code\trunk\catapultservices\tavisca.catapult.external.facade.tests\bin\debug\tavisca.catapult.external.facade.tests.dll" id="0fd276a6-7806-9dc1-4e97-eb457e389a03">
      <Execution id="83484a13-ee28-411f-8de5-31f7698d526f" />
      <TestMethod codeBase="D:\Code\TOM\Catapult\Code\trunk\CatapultServices\Tavisca.Catapult.External.Facade.Tests\bin\Debug\Tavisca.Catapult.External.Facade.Tests.dll" adapterTypeName="Microsoft.VisualStudio.TestTools.TestTypes.Unit.UnitTestAdapter" className="Tavisca.Catapult.External.Facade.Tests.ActivityMultiAvailTests.SearchByCityCodeTest" name="TaxesTest1" />
    </UnitTest>
    <UnitTest name="TaxesTest2" storage="d:\code\tom\catapult\code\trunk\catapultservices\tavisca.catapult.external.facade.tests\bin\debug\tavisca.catapult.external.facade.tests.dll" id="cd35d58b-55ac-73e8-4588-2b2874baa652">
      <Execution id="b6d99f4e-d6d0-450a-ad07-ba820674f859" />
      <TestMethod codeBase="D:\Code\TOM\Catapult\Code\trunk\CatapultServices\Tavisca.Catapult.External.Facade.Tests\bin\Debug\Tavisca.Catapult.External.Facade.Tests.dll" adapterTypeName="Microsoft.VisualStudio.TestTools.TestTypes.Unit.UnitTestAdapter" className="Tavisca.Catapult.External.Facade.Tests.ActivityMultiAvailTests.SearchByCityCodeTest" name="TaxesTest2" />
    </UnitTest>
    <UnitTest name="TaxesTest3" storage="d:\code\tom\catapult\code\trunk\catapultservices\tavisca.catapult.external.facade.tests\bin\debug\tavisca.catapult.external.facade.tests.dll" id="36f8f610-e667-71d9-8f01-fc9a86b6ba5c">
      <Execution id="a940ee99-7314-4bf6-b1c0-6a8bf3d1e2d6" />
      <TestMethod codeBase="D:\Code\TOM\Catapult\Code\trunk\CatapultServices\Tavisca.Catapult.External.Facade.Tests\bin\Debug\Tavisca.Catapult.External.Facade.Tests.dll" adapterTypeName="Microsoft.VisualStudio.TestTools.TestTypes.Unit.UnitTestAdapter" className="Tavisca.Catapult.External.Facade.Tests.ActivityMultiAvailTests.SearchByCityCodeTest" name="TaxesTest3" />
    </UnitTest>
    <UnitTest name="PenaltiesTest1" storage="d:\code\tom\catapult\code\trunk\catapultservices\tavisca.catapult.external.facade.tests\bin\debug\tavisca.catapult.external.facade.tests.dll" id="61783281-a9d3-9678-1abe-4699c9539488">
      <Execution id="1104a164-859e-4227-80d7-f14acc41a071" />
      <TestMethod codeBase="D:\Code\TOM\Catapult\Code\trunk\CatapultServices\Tavisca.Catapult.External.Facade.Tests\bin\Debug\Tavisca.Catapult.External.Facade.Tests.dll" adapterTypeName="Microsoft.VisualStudio.TestTools.TestTypes.Unit.UnitTestAdapter" className="Tavisca.Catapult.External.Facade.Tests.ActivityMultiAvailTests.SearchByCityCodeTest" name="PenaltiesTest1" />
    </UnitTest>
    <UnitTest name="PenaltiesTest2" storage="d:\code\tom\catapult\code\trunk\catapultservices\tavisca.catapult.external.facade.tests\bin\debug\tavisca.catapult.external.facade.tests.dll" id="b4a5d92d-554b-ae2c-838e-c46208a4f3a2">
      <Execution id="2116ea5e-9ec0-421b-b3f1-74c122cd1b5f" />
      <TestMethod codeBase="D:\Code\TOM\Catapult\Code\trunk\CatapultServices\Tavisca.Catapult.External.Facade.Tests\bin\Debug\Tavisca.Catapult.External.Facade.Tests.dll" adapterTypeName="Microsoft.VisualStudio.TestTools.TestTypes.Unit.UnitTestAdapter" className="Tavisca.Catapult.External.Facade.Tests.ActivityMultiAvailTests.SearchByCityCodeTest" name="PenaltiesTest2" />
    </UnitTest>
    <UnitTest name="PenaltiesTest3" storage="d:\code\tom\catapult\code\trunk\catapultservices\tavisca.catapult.external.facade.tests\bin\debug\tavisca.catapult.external.facade.tests.dll" id="a81ee980-32c9-b49e-d9d1-1392186ce4cf">
      <Execution id="88b03dc8-38fe-41de-a895-3e85cd0b6c68" />
      <TestMethod codeBase="D:\Code\TOM\Catapult\Code\trunk\CatapultServices\Tavisca.Catapult.External.Facade.Tests\bin\Debug\Tavisca.Catapult.External.Facade.Tests.dll" adapterTypeName="Microsoft.VisualStudio.TestTools.TestTypes.Unit.UnitTestAdapter" className="Tavisca.Catapult.External.Facade.Tests.ActivityMultiAvailTests.SearchByCityCodeTest" name="PenaltiesTest3" />
    </UnitTest>
    <UnitTest name="PoliciesTest1" storage="d:\code\tom\catapult\code\trunk\catapultservices\tavisca.catapult.external.facade.tests\bin\debug\tavisca.catapult.external.facade.tests.dll" id="9833f5ff-d0f2-6046-5d72-a8e6b55db624">
      <Execution id="d3e3f4a5-815f-40cf-866e-ea71817c5514" />
      <TestMethod codeBase="D:\Code\TOM\Catapult\Code\trunk\CatapultServices\Tavisca.Catapult.External.Facade.Tests\bin\Debug\Tavisca.Catapult.External.Facade.Tests.dll" adapterTypeName="Microsoft.VisualStudio.TestTools.TestTypes.Unit.UnitTestAdapter" className="Tavisca.Catapult.External.Facade.Tests.ActivityMultiAvailTests.SearchByCityCodeTest" name="PoliciesTest1" />
    </UnitTest>
    <UnitTest name="CurrencyTest1" storage="d:\code\tom\catapult\code\trunk\catapultservices\tavisca.catapult.external.facade.tests\bin\debug\tavisca.catapult.external.facade.tests.dll" id="ff75647e-4b17-e31b-0183-93134cd6d359">
      <Execution id="ed5769f2-6ef4-4713-a87f-0b9a9417496a" />
      <TestMethod codeBase="D:\Code\TOM\Catapult\Code\trunk\CatapultServices\Tavisca.Catapult.External.Facade.Tests\bin\Debug\Tavisca.Catapult.External.Facade.Tests.dll" adapterTypeName="Microsoft.VisualStudio.TestTools.TestTypes.Unit.UnitTestAdapter" className="Tavisca.Catapult.External.Facade.Tests.ActivityMultiAvailTests.SearchByCityCodeTest" name="CurrencyTest1" />
    </UnitTest>
    <UnitTest name="FilterByTagsTest2" storage="d:\code\tom\catapult\code\trunk\catapultservices\tavisca.catapult.external.facade.tests\bin\debug\tavisca.catapult.external.facade.tests.dll" id="6320db32-ee9d-28b2-200f-15b20ca61a06">
      <Execution id="e521032f-82cf-4ef9-8e10-92c68163825e" />
      <TestMethod codeBase="D:\Code\TOM\Catapult\Code\trunk\CatapultServices\Tavisca.Catapult.External.Facade.Tests\bin\Debug\Tavisca.Catapult.External.Facade.Tests.dll" adapterTypeName="Microsoft.VisualStudio.TestTools.TestTypes.Unit.UnitTestAdapter" className="Tavisca.Catapult.External.Facade.Tests.ActivityMultiAvailTests.SearchByCityCodeTest" name="FilterByTagsTest2" />
    </UnitTest>
    <UnitTest name="FilterByRateCodes1" storage="d:\code\tom\catapult\code\trunk\catapultservices\tavisca.catapult.external.facade.tests\bin\debug\tavisca.catapult.external.facade.tests.dll" id="d4c2a7ce-0a66-2917-8c63-46d31c776b4e">
      <Execution id="30f09341-3c81-4ef1-a494-da9dee316364" />
      <TestMethod codeBase="D:\Code\TOM\Catapult\Code\trunk\CatapultServices\Tavisca.Catapult.External.Facade.Tests\bin\Debug\Tavisca.Catapult.External.Facade.Tests.dll" adapterTypeName="Microsoft.VisualStudio.TestTools.TestTypes.Unit.UnitTestAdapter" className="Tavisca.Catapult.External.Facade.Tests.ActivityMultiAvailTests.SearchByCityCodeTest" name="FilterByRateCodes1" />
    </UnitTest>
    <UnitTest name="FilterByRateCodes2" storage="d:\code\tom\catapult\code\trunk\catapultservices\tavisca.catapult.external.facade.tests\bin\debug\tavisca.catapult.external.facade.tests.dll" id="de2a9787-3661-315f-fb14-0af59f6540d6">
      <Execution id="16c68f45-e83e-44e6-ad72-01b5663bc7b6" />
      <TestMethod codeBase="D:\Code\TOM\Catapult\Code\trunk\CatapultServices\Tavisca.Catapult.External.Facade.Tests\bin\Debug\Tavisca.Catapult.External.Facade.Tests.dll" adapterTypeName="Microsoft.VisualStudio.TestTools.TestTypes.Unit.UnitTestAdapter" className="Tavisca.Catapult.External.Facade.Tests.ActivityMultiAvailTests.SearchByCityCodeTest" name="FilterByRateCodes2" />
    </UnitTest>
    <UnitTest name="FilterByRateCodesTest3" storage="d:\code\tom\catapult\code\trunk\catapultservices\tavisca.catapult.external.facade.tests\bin\debug\tavisca.catapult.external.facade.tests.dll" id="06f92bac-583f-693e-acb6-b410c6dc75d0">
      <Execution id="af69b827-7494-4765-b6fc-3dc3153e5a08" />
      <TestMethod codeBase="D:\Code\TOM\Catapult\Code\trunk\CatapultServices\Tavisca.Catapult.External.Facade.Tests\bin\Debug\Tavisca.Catapult.External.Facade.Tests.dll" adapterTypeName="Microsoft.VisualStudio.TestTools.TestTypes.Unit.UnitTestAdapter" className="Tavisca.Catapult.External.Facade.Tests.ActivityMultiAvailTests.SearchByCityCodeTest" name="FilterByRateCodesTest3" />
    </UnitTest>
    <UnitTest name="ScopeTest1" storage="d:\code\tom\catapult\code\trunk\catapultservices\tavisca.catapult.external.facade.tests\bin\debug\tavisca.catapult.external.facade.tests.dll" id="d5c0805a-36ab-aa22-0d39-d898c34d9347">
      <Execution id="60d08b9e-5585-4f0c-8e01-6421c79413d3" />
      <TestMethod codeBase="D:\Code\TOM\Catapult\Code\trunk\CatapultServices\Tavisca.Catapult.External.Facade.Tests\bin\Debug\Tavisca.Catapult.External.Facade.Tests.dll" adapterTypeName="Microsoft.VisualStudio.TestTools.TestTypes.Unit.UnitTestAdapter" className="Tavisca.Catapult.External.Facade.Tests.ActivityMultiAvailTests.SearchByCityCodeTest" name="ScopeTest1" />
    </UnitTest>
    <UnitTest name="ScopeTest2" storage="d:\code\tom\catapult\code\trunk\catapultservices\tavisca.catapult.external.facade.tests\bin\debug\tavisca.catapult.external.facade.tests.dll" id="2a474cc3-c69d-3c77-aa1b-c0e134423f79">
      <Execution id="b7aab915-5b79-4002-9597-57ee2131c120" />
      <TestMethod codeBase="D:\Code\TOM\Catapult\Code\trunk\CatapultServices\Tavisca.Catapult.External.Facade.Tests\bin\Debug\Tavisca.Catapult.External.Facade.Tests.dll" adapterTypeName="Microsoft.VisualStudio.TestTools.TestTypes.Unit.UnitTestAdapter" className="Tavisca.Catapult.External.Facade.Tests.ActivityMultiAvailTests.SearchByCityCodeTest" name="ScopeTest2" />
    </UnitTest>
    <UnitTest name="GeoCodeTest1" storage="d:\code\tom\catapult\code\trunk\catapultservices\tavisca.catapult.external.facade.tests\bin\debug\tavisca.catapult.external.facade.tests.dll" id="a2d76df9-cb96-600e-de64-a9d32f312dce">
      <Execution id="c0119c55-b1e3-442d-9015-c3286964a269" />
      <TestMethod codeBase="D:\Code\TOM\Catapult\Code\trunk\CatapultServices\Tavisca.Catapult.External.Facade.Tests\bin\Debug\Tavisca.Catapult.External.Facade.Tests.dll" adapterTypeName="Microsoft.VisualStudio.TestTools.TestTypes.Unit.UnitTestAdapter" className="Tavisca.Catapult.External.Facade.Tests.ActivityMultiAvailTests.SearchByGeoCodeTest" name="GeoCodeTest1" />
    </UnitTest>
    <UnitTest name="GeoCodeTest2" storage="d:\code\tom\catapult\code\trunk\catapultservices\tavisca.catapult.external.facade.tests\bin\debug\tavisca.catapult.external.facade.tests.dll" id="b4079b9d-6dbe-218a-78a8-41781f25a3fc">
      <Execution id="13c90290-253a-4198-ba27-21d27a85f263" />
      <TestMethod codeBase="D:\Code\TOM\Catapult\Code\trunk\CatapultServices\Tavisca.Catapult.External.Facade.Tests\bin\Debug\Tavisca.Catapult.External.Facade.Tests.dll" adapterTypeName="Microsoft.VisualStudio.TestTools.TestTypes.Unit.UnitTestAdapter" className="Tavisca.Catapult.External.Facade.Tests.ActivityMultiAvailTests.SearchByGeoCodeTest" name="GeoCodeTest2" />
    </UnitTest>
    <UnitTest name="SearchByActivityCodeContentEnabledTest1" storage="d:\code\tom\catapult\code\trunk\catapultservices\tavisca.catapult.external.facade.tests\bin\debug\tavisca.catapult.external.facade.tests.dll" id="37c00438-9c3a-e8b1-eedc-270d16b7b726">
      <Execution id="470f1a61-e123-442e-a198-60c8bfb53df6" />
      <TestMethod codeBase="D:\Code\TOM\Catapult\Code\trunk\CatapultServices\Tavisca.Catapult.External.Facade.Tests\bin\Debug\Tavisca.Catapult.External.Facade.Tests.dll" adapterTypeName="Microsoft.VisualStudio.TestTools.TestTypes.Unit.UnitTestAdapter" className="Tavisca.Catapult.External.Facade.Tests.ActivityMultiAvailTests.SearchByGeoCodeTest" name="SearchByActivityCodeContentEnabledTest1" />
    </UnitTest>
    <UnitTest name="SearchByActivityCodeContentDisabledTest1" storage="d:\code\tom\catapult\code\trunk\catapultservices\tavisca.catapult.external.facade.tests\bin\debug\tavisca.catapult.external.facade.tests.dll" id="8c975187-1e1d-7bdd-1e9c-457f0832075e">
      <Execution id="80293cea-53a3-4b07-8fd2-ddde2c2a79ec" />
      <TestMethod codeBase="D:\Code\TOM\Catapult\Code\trunk\CatapultServices\Tavisca.Catapult.External.Facade.Tests\bin\Debug\Tavisca.Catapult.External.Facade.Tests.dll" adapterTypeName="Microsoft.VisualStudio.TestTools.TestTypes.Unit.UnitTestAdapter" className="Tavisca.Catapult.External.Facade.Tests.ActivityMultiAvailTests.SearchByGeoCodeTest" name="SearchByActivityCodeContentDisabledTest1" />
    </UnitTest>
    <UnitTest name="BlackOutPeriodTest1" storage="d:\code\tom\catapult\code\trunk\catapultservices\tavisca.catapult.external.facade.tests\bin\debug\tavisca.catapult.external.facade.tests.dll" id="33f9c41b-fdc1-1f43-5638-8453ffcaf1bc">
      <Execution id="fedbf1e3-ba29-4fdb-9c5d-658ffd9b8ee0" />
      <TestMethod codeBase="D:\Code\TOM\Catapult\Code\trunk\CatapultServices\Tavisca.Catapult.External.Facade.Tests\bin\Debug\Tavisca.Catapult.External.Facade.Tests.dll" adapterTypeName="Microsoft.VisualStudio.TestTools.TestTypes.Unit.UnitTestAdapter" className="Tavisca.Catapult.External.Facade.Tests.ActivityMultiAvailTests.SearchByGeoCodeTest" name="BlackOutPeriodTest1" />
    </UnitTest>
    <UnitTest name="BlackOutPeriodTest2" storage="d:\code\tom\catapult\code\trunk\catapultservices\tavisca.catapult.external.facade.tests\bin\debug\tavisca.catapult.external.facade.tests.dll" id="9ebdb339-dd51-80dc-e6ae-354d9fd997d3">
      <Execution id="bfd4a26f-7b17-4aef-bc32-a8544bebd938" />
      <TestMethod codeBase="D:\Code\TOM\Catapult\Code\trunk\CatapultServices\Tavisca.Catapult.External.Facade.Tests\bin\Debug\Tavisca.Catapult.External.Facade.Tests.dll" adapterTypeName="Microsoft.VisualStudio.TestTools.TestTypes.Unit.UnitTestAdapter" className="Tavisca.Catapult.External.Facade.Tests.ActivityMultiAvailTests.SearchByGeoCodeTest" name="BlackOutPeriodTest2" />
    </UnitTest>
    <UnitTest name="BlackOutPeriodTest3" storage="d:\code\tom\catapult\code\trunk\catapultservices\tavisca.catapult.external.facade.tests\bin\debug\tavisca.catapult.external.facade.tests.dll" id="9ac6f7de-9328-9b84-08bf-c72cf8f004a6">
      <Execution id="f99f0428-1000-47b7-ba75-f18bd3aa64a3" />
      <TestMethod codeBase="D:\Code\TOM\Catapult\Code\trunk\CatapultServices\Tavisca.Catapult.External.Facade.Tests\bin\Debug\Tavisca.Catapult.External.Facade.Tests.dll" adapterTypeName="Microsoft.VisualStudio.TestTools.TestTypes.Unit.UnitTestAdapter" className="Tavisca.Catapult.External.Facade.Tests.ActivityMultiAvailTests.SearchByGeoCodeTest" name="BlackOutPeriodTest3" />
    </UnitTest>
    <UnitTest name="RateContractTest1" storage="d:\code\tom\catapult\code\trunk\catapultservices\tavisca.catapult.external.facade.tests\bin\debug\tavisca.catapult.external.facade.tests.dll" id="a482a9ad-6f8f-4900-07f1-d71ef783de8c">
      <Execution id="477a10ee-4594-4d84-b20f-b61e4ce2fad5" />
      <TestMethod codeBase="D:\Code\TOM\Catapult\Code\trunk\CatapultServices\Tavisca.Catapult.External.Facade.Tests\bin\Debug\Tavisca.Catapult.External.Facade.Tests.dll" adapterTypeName="Microsoft.VisualStudio.TestTools.TestTypes.Unit.UnitTestAdapter" className="Tavisca.Catapult.External.Facade.Tests.ActivityMultiAvailTests.SearchByGeoCodeTest" name="RateContractTest1" />
    </UnitTest>
    <UnitTest name="RateContractTest2" storage="d:\code\tom\catapult\code\trunk\catapultservices\tavisca.catapult.external.facade.tests\bin\debug\tavisca.catapult.external.facade.tests.dll" id="5d0986a5-cc73-f1aa-dab3-e0834c8a842d">
      <Execution id="dc131a21-900e-47aa-855e-83b3c732511a" />
      <TestMethod codeBase="D:\Code\TOM\Catapult\Code\trunk\CatapultServices\Tavisca.Catapult.External.Facade.Tests\bin\Debug\Tavisca.Catapult.External.Facade.Tests.dll" adapterTypeName="Microsoft.VisualStudio.TestTools.TestTypes.Unit.UnitTestAdapter" className="Tavisca.Catapult.External.Facade.Tests.ActivityMultiAvailTests.SearchByGeoCodeTest" name="RateContractTest2" />
    </UnitTest>
    <UnitTest name="RateContractTest3" storage="d:\code\tom\catapult\code\trunk\catapultservices\tavisca.catapult.external.facade.tests\bin\debug\tavisca.catapult.external.facade.tests.dll" id="ed4fbd40-9b68-5c5f-bfc2-be13e3cc5eb7">
      <Execution id="d702ad42-4769-4667-9c86-578974238cca" />
      <TestMethod codeBase="D:\Code\TOM\Catapult\Code\trunk\CatapultServices\Tavisca.Catapult.External.Facade.Tests\bin\Debug\Tavisca.Catapult.External.Facade.Tests.dll" adapterTypeName="Microsoft.VisualStudio.TestTools.TestTypes.Unit.UnitTestAdapter" className="Tavisca.Catapult.External.Facade.Tests.ActivityMultiAvailTests.SearchByGeoCodeTest" name="RateContractTest3" />
    </UnitTest>
    <UnitTest name="RateContractTest4" storage="d:\code\tom\catapult\code\trunk\catapultservices\tavisca.catapult.external.facade.tests\bin\debug\tavisca.catapult.external.facade.tests.dll" id="147f015e-e9c7-54e0-1a4d-cbebe5b41b2b">
      <Execution id="fb62924e-b824-49fe-900d-df4c657b913f" />
      <TestMethod codeBase="D:\Code\TOM\Catapult\Code\trunk\CatapultServices\Tavisca.Catapult.External.Facade.Tests\bin\Debug\Tavisca.Catapult.External.Facade.Tests.dll" adapterTypeName="Microsoft.VisualStudio.TestTools.TestTypes.Unit.UnitTestAdapter" className="Tavisca.Catapult.External.Facade.Tests.ActivityMultiAvailTests.SearchByGeoCodeTest" name="RateContractTest4" />
    </UnitTest>
    <UnitTest name="RateContractTest5" storage="d:\code\tom\catapult\code\trunk\catapultservices\tavisca.catapult.external.facade.tests\bin\debug\tavisca.catapult.external.facade.tests.dll" id="19e80ae8-16fc-724d-c1cf-781525c39425">
      <Execution id="e5b4d361-eb9f-4622-b3f0-d4cb594b4f88" />
      <TestMethod codeBase="D:\Code\TOM\Catapult\Code\trunk\CatapultServices\Tavisca.Catapult.External.Facade.Tests\bin\Debug\Tavisca.Catapult.External.Facade.Tests.dll" adapterTypeName="Microsoft.VisualStudio.TestTools.TestTypes.Unit.UnitTestAdapter" className="Tavisca.Catapult.External.Facade.Tests.ActivityMultiAvailTests.SearchByGeoCodeTest" name="RateContractTest5" />
    </UnitTest>
    <UnitTest name="RateContractTest6" storage="d:\code\tom\catapult\code\trunk\catapultservices\tavisca.catapult.external.facade.tests\bin\debug\tavisca.catapult.external.facade.tests.dll" id="4da0d578-1ff5-78df-dc7c-e7cabc6cd136">
      <Execution id="a0d06bcc-6c3d-4bdc-a8ae-e4757e847ca6" />
      <TestMethod codeBase="D:\Code\TOM\Catapult\Code\trunk\CatapultServices\Tavisca.Catapult.External.Facade.Tests\bin\Debug\Tavisca.Catapult.External.Facade.Tests.dll" adapterTypeName="Microsoft.VisualStudio.TestTools.TestTypes.Unit.UnitTestAdapter" className="Tavisca.Catapult.External.Facade.Tests.ActivityMultiAvailTests.SearchByGeoCodeTest" name="RateContractTest6" />
    </UnitTest>
    <UnitTest name="RateContractTest7" storage="d:\code\tom\catapult\code\trunk\catapultservices\tavisca.catapult.external.facade.tests\bin\debug\tavisca.catapult.external.facade.tests.dll" id="0225924d-6024-ef57-124d-b71023e66625">
      <Execution id="b0c87c69-224a-4069-94db-d80656b0cc39" />
      <TestMethod codeBase="D:\Code\TOM\Catapult\Code\trunk\CatapultServices\Tavisca.Catapult.External.Facade.Tests\bin\Debug\Tavisca.Catapult.External.Facade.Tests.dll" adapterTypeName="Microsoft.VisualStudio.TestTools.TestTypes.Unit.UnitTestAdapter" className="Tavisca.Catapult.External.Facade.Tests.ActivityMultiAvailTests.SearchByGeoCodeTest" name="RateContractTest7" />
    </UnitTest>
    <UnitTest name="RateContractTest8" storage="d:\code\tom\catapult\code\trunk\catapultservices\tavisca.catapult.external.facade.tests\bin\debug\tavisca.catapult.external.facade.tests.dll" id="8b4aae5f-0b18-f506-650b-347a6ebf2749">
      <Execution id="3e6d32fa-310d-487f-a037-21b9ca32d61a" />
      <TestMethod codeBase="D:\Code\TOM\Catapult\Code\trunk\CatapultServices\Tavisca.Catapult.External.Facade.Tests\bin\Debug\Tavisca.Catapult.External.Facade.Tests.dll" adapterTypeName="Microsoft.VisualStudio.TestTools.TestTypes.Unit.UnitTestAdapter" className="Tavisca.Catapult.External.Facade.Tests.ActivityMultiAvailTests.SearchByGeoCodeTest" name="RateContractTest8" />
    </UnitTest>
    <UnitTest name="RateContractTest9" storage="d:\code\tom\catapult\code\trunk\catapultservices\tavisca.catapult.external.facade.tests\bin\debug\tavisca.catapult.external.facade.tests.dll" id="85d4e747-3a0d-1646-d2b5-3c8df01e444e">
      <Execution id="1d6a738b-acb1-48a0-bb9e-14382570726c" />
      <TestMethod codeBase="D:\Code\TOM\Catapult\Code\trunk\CatapultServices\Tavisca.Catapult.External.Facade.Tests\bin\Debug\Tavisca.Catapult.External.Facade.Tests.dll" adapterTypeName="Microsoft.VisualStudio.TestTools.TestTypes.Unit.UnitTestAdapter" className="Tavisca.Catapult.External.Facade.Tests.ActivityMultiAvailTests.SearchByGeoCodeTest" name="RateContractTest9" />
    </UnitTest>
    <UnitTest name="GuestInformationTest1" storage="d:\code\tom\catapult\code\trunk\catapultservices\tavisca.catapult.external.facade.tests\bin\debug\tavisca.catapult.external.facade.tests.dll" id="aa3d1934-91ae-c170-ef84-25775b2141fa">
      <Execution id="7d48f8c3-67b8-4fe5-b0da-98710ac564e8" />
      <TestMethod codeBase="D:\Code\TOM\Catapult\Code\trunk\CatapultServices\Tavisca.Catapult.External.Facade.Tests\bin\Debug\Tavisca.Catapult.External.Facade.Tests.dll" adapterTypeName="Microsoft.VisualStudio.TestTools.TestTypes.Unit.UnitTestAdapter" className="Tavisca.Catapult.External.Facade.Tests.ActivityMultiAvailTests.SearchByGeoCodeTest" name="GuestInformationTest1" />
    </UnitTest>
    <UnitTest name="GuestInformationTest2" storage="d:\code\tom\catapult\code\trunk\catapultservices\tavisca.catapult.external.facade.tests\bin\debug\tavisca.catapult.external.facade.tests.dll" id="a3397672-f30b-3336-6458-df4b673127fc">
      <Execution id="dee3a9a6-974b-4cd5-bb9b-8ec58ff5c715" />
      <TestMethod codeBase="D:\Code\TOM\Catapult\Code\trunk\CatapultServices\Tavisca.Catapult.External.Facade.Tests\bin\Debug\Tavisca.Catapult.External.Facade.Tests.dll" adapterTypeName="Microsoft.VisualStudio.TestTools.TestTypes.Unit.UnitTestAdapter" className="Tavisca.Catapult.External.Facade.Tests.ActivityMultiAvailTests.SearchByGeoCodeTest" name="GuestInformationTest2" />
    </UnitTest>
    <UnitTest name="GuestInformationTest3" storage="d:\code\tom\catapult\code\trunk\catapultservices\tavisca.catapult.external.facade.tests\bin\debug\tavisca.catapult.external.facade.tests.dll" id="c347a23f-fd5c-b69d-350b-907965d60cee">
      <Execution id="05598719-1c6f-44b3-9337-4dd3ba176ef7" />
      <TestMethod codeBase="D:\Code\TOM\Catapult\Code\trunk\CatapultServices\Tavisca.Catapult.External.Facade.Tests\bin\Debug\Tavisca.Catapult.External.Facade.Tests.dll" adapterTypeName="Microsoft.VisualStudio.TestTools.TestTypes.Unit.UnitTestAdapter" className="Tavisca.Catapult.External.Facade.Tests.ActivityMultiAvailTests.SearchByGeoCodeTest" name="GuestInformationTest3" />
    </UnitTest>
    <UnitTest name="GuestInformationTest4" storage="d:\code\tom\catapult\code\trunk\catapultservices\tavisca.catapult.external.facade.tests\bin\debug\tavisca.catapult.external.facade.tests.dll" id="0e9bbddd-78f8-51f1-c7b2-196084fb2d4d">
      <Execution id="71a43b66-9145-4f4c-b2fa-720de39e14e0" />
      <TestMethod codeBase="D:\Code\TOM\Catapult\Code\trunk\CatapultServices\Tavisca.Catapult.External.Facade.Tests\bin\Debug\Tavisca.Catapult.External.Facade.Tests.dll" adapterTypeName="Microsoft.VisualStudio.TestTools.TestTypes.Unit.UnitTestAdapter" className="Tavisca.Catapult.External.Facade.Tests.ActivityMultiAvailTests.SearchByGeoCodeTest" name="GuestInformationTest4" />
    </UnitTest>
    <UnitTest name="GuestInformationTest5" storage="d:\code\tom\catapult\code\trunk\catapultservices\tavisca.catapult.external.facade.tests\bin\debug\tavisca.catapult.external.facade.tests.dll" id="c5df724f-9e4f-3732-36f0-4f28aacf0184">
      <Execution id="0e213d07-7b97-4b32-9814-be600876c4cd" />
      <TestMethod codeBase="D:\Code\TOM\Catapult\Code\trunk\CatapultServices\Tavisca.Catapult.External.Facade.Tests\bin\Debug\Tavisca.Catapult.External.Facade.Tests.dll" adapterTypeName="Microsoft.VisualStudio.TestTools.TestTypes.Unit.UnitTestAdapter" className="Tavisca.Catapult.External.Facade.Tests.ActivityMultiAvailTests.SearchByGeoCodeTest" name="GuestInformationTest5" />
    </UnitTest>
    <UnitTest name="GuestInformationTest6" storage="d:\code\tom\catapult\code\trunk\catapultservices\tavisca.catapult.external.facade.tests\bin\debug\tavisca.catapult.external.facade.tests.dll" id="f5038ab6-fc1f-a194-bc1a-2159b4654b4f">
      <Execution id="2c008b79-57ee-4008-9e92-8999dc993932" />
      <TestMethod codeBase="D:\Code\TOM\Catapult\Code\trunk\CatapultServices\Tavisca.Catapult.External.Facade.Tests\bin\Debug\Tavisca.Catapult.External.Facade.Tests.dll" adapterTypeName="Microsoft.VisualStudio.TestTools.TestTypes.Unit.UnitTestAdapter" className="Tavisca.Catapult.External.Facade.Tests.ActivityMultiAvailTests.SearchByGeoCodeTest" name="GuestInformationTest6" />
    </UnitTest>
    <UnitTest name="WeekEndDayPricingTest1" storage="d:\code\tom\catapult\code\trunk\catapultservices\tavisca.catapult.external.facade.tests\bin\debug\tavisca.catapult.external.facade.tests.dll" id="4b9ef6ec-0783-a343-1da9-b693cfc54219">
      <Execution id="5062f511-16c0-49ee-b40c-3563ada2b504" />
      <TestMethod codeBase="D:\Code\TOM\Catapult\Code\trunk\CatapultServices\Tavisca.Catapult.External.Facade.Tests\bin\Debug\Tavisca.Catapult.External.Facade.Tests.dll" adapterTypeName="Microsoft.VisualStudio.TestTools.TestTypes.Unit.UnitTestAdapter" className="Tavisca.Catapult.External.Facade.Tests.ActivityMultiAvailTests.SearchByGeoCodeTest" name="WeekEndDayPricingTest1" />
    </UnitTest>
    <UnitTest name="WeekEndDayPricingTest2" storage="d:\code\tom\catapult\code\trunk\catapultservices\tavisca.catapult.external.facade.tests\bin\debug\tavisca.catapult.external.facade.tests.dll" id="d7d384f9-671e-d44a-5c7e-66603bfc39df">
      <Execution id="7e22c7a6-94e2-4418-a2ef-da00860dbf34" />
      <TestMethod codeBase="D:\Code\TOM\Catapult\Code\trunk\CatapultServices\Tavisca.Catapult.External.Facade.Tests\bin\Debug\Tavisca.Catapult.External.Facade.Tests.dll" adapterTypeName="Microsoft.VisualStudio.TestTools.TestTypes.Unit.UnitTestAdapter" className="Tavisca.Catapult.External.Facade.Tests.ActivityMultiAvailTests.SearchByGeoCodeTest" name="WeekEndDayPricingTest2" />
    </UnitTest>
    <UnitTest name="WeekEndDayPricingTest3" storage="d:\code\tom\catapult\code\trunk\catapultservices\tavisca.catapult.external.facade.tests\bin\debug\tavisca.catapult.external.facade.tests.dll" id="192a62ae-d42e-463b-8846-ae039a745cef">
      <Execution id="50675602-c5fd-4d38-87e1-8b055c90196e" />
      <TestMethod codeBase="D:\Code\TOM\Catapult\Code\trunk\CatapultServices\Tavisca.Catapult.External.Facade.Tests\bin\Debug\Tavisca.Catapult.External.Facade.Tests.dll" adapterTypeName="Microsoft.VisualStudio.TestTools.TestTypes.Unit.UnitTestAdapter" className="Tavisca.Catapult.External.Facade.Tests.ActivityMultiAvailTests.SearchByGeoCodeTest" name="WeekEndDayPricingTest3" />
    </UnitTest>
    <UnitTest name="AvailabilityTest1" storage="d:\code\tom\catapult\code\trunk\catapultservices\tavisca.catapult.external.facade.tests\bin\debug\tavisca.catapult.external.facade.tests.dll" id="99f7ee8d-8094-5fb5-1b4c-99e72efde0d0">
      <Execution id="45a01665-9d27-416f-ac50-74a1d0d91e3b" />
      <TestMethod codeBase="D:\Code\TOM\Catapult\Code\trunk\CatapultServices\Tavisca.Catapult.External.Facade.Tests\bin\Debug\Tavisca.Catapult.External.Facade.Tests.dll" adapterTypeName="Microsoft.VisualStudio.TestTools.TestTypes.Unit.UnitTestAdapter" className="Tavisca.Catapult.External.Facade.Tests.ActivityMultiAvailTests.SearchByGeoCodeTest" name="AvailabilityTest1" />
    </UnitTest>
    <UnitTest name="AvailabilityTest2" storage="d:\code\tom\catapult\code\trunk\catapultservices\tavisca.catapult.external.facade.tests\bin\debug\tavisca.catapult.external.facade.tests.dll" id="e543ab15-69d4-e035-f7a3-11a8c5acd5b3">
      <Execution id="78ea1202-a78e-4b4a-93b2-b8134584801b" />
      <TestMethod codeBase="D:\Code\TOM\Catapult\Code\trunk\CatapultServices\Tavisca.Catapult.External.Facade.Tests\bin\Debug\Tavisca.Catapult.External.Facade.Tests.dll" adapterTypeName="Microsoft.VisualStudio.TestTools.TestTypes.Unit.UnitTestAdapter" className="Tavisca.Catapult.External.Facade.Tests.ActivityMultiAvailTests.SearchByGeoCodeTest" name="AvailabilityTest2" />
    </UnitTest>
    <UnitTest name="IsOnRequestTest1" storage="d:\code\tom\catapult\code\trunk\catapultservices\tavisca.catapult.external.facade.tests\bin\debug\tavisca.catapult.external.facade.tests.dll" id="f485c88b-03bd-92de-7951-9a500421e78d">
      <Execution id="717ee4f8-689c-45b6-bf99-d1252b296606" />
      <TestMethod codeBase="D:\Code\TOM\Catapult\Code\trunk\CatapultServices\Tavisca.Catapult.External.Facade.Tests\bin\Debug\Tavisca.Catapult.External.Facade.Tests.dll" adapterTypeName="Microsoft.VisualStudio.TestTools.TestTypes.Unit.UnitTestAdapter" className="Tavisca.Catapult.External.Facade.Tests.ActivityMultiAvailTests.SearchByGeoCodeTest" name="IsOnRequestTest1" />
    </UnitTest>
    <UnitTest name="IsOnRequestTest2" storage="d:\code\tom\catapult\code\trunk\catapultservices\tavisca.catapult.external.facade.tests\bin\debug\tavisca.catapult.external.facade.tests.dll" id="76b77543-e7eb-5ae6-a5c5-d2ddff6da5e4">
      <Execution id="c579e4f4-906c-4d13-bb88-d234a771ee78" />
      <TestMethod codeBase="D:\Code\TOM\Catapult\Code\trunk\CatapultServices\Tavisca.Catapult.External.Facade.Tests\bin\Debug\Tavisca.Catapult.External.Facade.Tests.dll" adapterTypeName="Microsoft.VisualStudio.TestTools.TestTypes.Unit.UnitTestAdapter" className="Tavisca.Catapult.External.Facade.Tests.ActivityMultiAvailTests.SearchByGeoCodeTest" name="IsOnRequestTest2" />
    </UnitTest>
    <UnitTest name="IsOnRequestTest3" storage="d:\code\tom\catapult\code\trunk\catapultservices\tavisca.catapult.external.facade.tests\bin\debug\tavisca.catapult.external.facade.tests.dll" id="83026801-f66d-47f5-b8ad-dbb94099be89">
      <Execution id="493fa8bd-2f81-4261-be67-6039496288ca" />
      <TestMethod codeBase="D:\Code\TOM\Catapult\Code\trunk\CatapultServices\Tavisca.Catapult.External.Facade.Tests\bin\Debug\Tavisca.Catapult.External.Facade.Tests.dll" adapterTypeName="Microsoft.VisualStudio.TestTools.TestTypes.Unit.UnitTestAdapter" className="Tavisca.Catapult.External.Facade.Tests.ActivityMultiAvailTests.SearchByGeoCodeTest" name="IsOnRequestTest3" />
    </UnitTest>
    <UnitTest name="IsOnRequestTest4" storage="d:\code\tom\catapult\code\trunk\catapultservices\tavisca.catapult.external.facade.tests\bin\debug\tavisca.catapult.external.facade.tests.dll" id="475787ed-a011-b742-30a5-8e35b5df1a0a">
      <Execution id="4db381f3-42a7-41af-9382-e8e8e102a065" />
      <TestMethod codeBase="D:\Code\TOM\Catapult\Code\trunk\CatapultServices\Tavisca.Catapult.External.Facade.Tests\bin\Debug\Tavisca.Catapult.External.Facade.Tests.dll" adapterTypeName="Microsoft.VisualStudio.TestTools.TestTypes.Unit.UnitTestAdapter" className="Tavisca.Catapult.External.Facade.Tests.ActivityMultiAvailTests.SearchByGeoCodeTest" name="IsOnRequestTest4" />
    </UnitTest>
    <UnitTest name="PerUnitTest1" storage="d:\code\tom\catapult\code\trunk\catapultservices\tavisca.catapult.external.facade.tests\bin\debug\tavisca.catapult.external.facade.tests.dll" id="bcd9d794-6d8d-1520-1468-fd86c7599d95">
      <Execution id="81103046-1888-4971-8d3c-34e85bb07b2b" />
      <TestMethod codeBase="D:\Code\TOM\Catapult\Code\trunk\CatapultServices\Tavisca.Catapult.External.Facade.Tests\bin\Debug\Tavisca.Catapult.External.Facade.Tests.dll" adapterTypeName="Microsoft.VisualStudio.TestTools.TestTypes.Unit.UnitTestAdapter" className="Tavisca.Catapult.External.Facade.Tests.ActivityMultiAvailTests.SearchByGeoCodeTest" name="PerUnitTest1" />
    </UnitTest>
    <UnitTest name="PerUnitTest2" storage="d:\code\tom\catapult\code\trunk\catapultservices\tavisca.catapult.external.facade.tests\bin\debug\tavisca.catapult.external.facade.tests.dll" id="7ac709cb-4319-7eee-d260-ff2a9e77e3ef">
      <Execution id="7e150dc9-12c9-4265-80a4-68744be3c028" />
      <TestMethod codeBase="D:\Code\TOM\Catapult\Code\trunk\CatapultServices\Tavisca.Catapult.External.Facade.Tests\bin\Debug\Tavisca.Catapult.External.Facade.Tests.dll" adapterTypeName="Microsoft.VisualStudio.TestTools.TestTypes.Unit.UnitTestAdapter" className="Tavisca.Catapult.External.Facade.Tests.ActivityMultiAvailTests.SearchByGeoCodeTest" name="PerUnitTest2" />
    </UnitTest>
    <UnitTest name="PerUnitTest3" storage="d:\code\tom\catapult\code\trunk\catapultservices\tavisca.catapult.external.facade.tests\bin\debug\tavisca.catapult.external.facade.tests.dll" id="2a34b52f-be48-0777-49a4-93c887c9c777">
      <Execution id="f171c21c-9336-4bec-9cbe-bf7cc4142073" />
      <TestMethod codeBase="D:\Code\TOM\Catapult\Code\trunk\CatapultServices\Tavisca.Catapult.External.Facade.Tests\bin\Debug\Tavisca.Catapult.External.Facade.Tests.dll" adapterTypeName="Microsoft.VisualStudio.TestTools.TestTypes.Unit.UnitTestAdapter" className="Tavisca.Catapult.External.Facade.Tests.ActivityMultiAvailTests.SearchByGeoCodeTest" name="PerUnitTest3" />
    </UnitTest>
    <UnitTest name="PerPersonTest1" storage="d:\code\tom\catapult\code\trunk\catapultservices\tavisca.catapult.external.facade.tests\bin\debug\tavisca.catapult.external.facade.tests.dll" id="78fbcfe0-b588-ab37-cfb1-b2426df44ce6">
      <Execution id="366b2a6b-f4ba-427e-aec6-580e53cc8f5a" />
      <TestMethod codeBase="D:\Code\TOM\Catapult\Code\trunk\CatapultServices\Tavisca.Catapult.External.Facade.Tests\bin\Debug\Tavisca.Catapult.External.Facade.Tests.dll" adapterTypeName="Microsoft.VisualStudio.TestTools.TestTypes.Unit.UnitTestAdapter" className="Tavisca.Catapult.External.Facade.Tests.ActivityMultiAvailTests.SearchByGeoCodeTest" name="PerPersonTest1" />
    </UnitTest>
    <UnitTest name="PerPersonTest2" storage="d:\code\tom\catapult\code\trunk\catapultservices\tavisca.catapult.external.facade.tests\bin\debug\tavisca.catapult.external.facade.tests.dll" id="495b6271-c71d-35b5-90db-a3e39eb7dceb">
      <Execution id="ac512a40-0e83-4be1-aba7-e1f3d9b68bf7" />
      <TestMethod codeBase="D:\Code\TOM\Catapult\Code\trunk\CatapultServices\Tavisca.Catapult.External.Facade.Tests\bin\Debug\Tavisca.Catapult.External.Facade.Tests.dll" adapterTypeName="Microsoft.VisualStudio.TestTools.TestTypes.Unit.UnitTestAdapter" className="Tavisca.Catapult.External.Facade.Tests.ActivityMultiAvailTests.SearchByGeoCodeTest" name="PerPersonTest2" />
    </UnitTest>
    <UnitTest name="PerPersonTes3" storage="d:\code\tom\catapult\code\trunk\catapultservices\tavisca.catapult.external.facade.tests\bin\debug\tavisca.catapult.external.facade.tests.dll" id="bef7b645-097e-040a-9842-7520d63d0bf9">
      <Execution id="aad75f0a-4477-41ba-9556-fe4c938987d4" />
      <TestMethod codeBase="D:\Code\TOM\Catapult\Code\trunk\CatapultServices\Tavisca.Catapult.External.Facade.Tests\bin\Debug\Tavisca.Catapult.External.Facade.Tests.dll" adapterTypeName="Microsoft.VisualStudio.TestTools.TestTypes.Unit.UnitTestAdapter" className="Tavisca.Catapult.External.Facade.Tests.ActivityMultiAvailTests.SearchByGeoCodeTest" name="PerPersonTes3" />
    </UnitTest>
    <UnitTest name="TaxesTest1" storage="d:\code\tom\catapult\code\trunk\catapultservices\tavisca.catapult.external.facade.tests\bin\debug\tavisca.catapult.external.facade.tests.dll" id="21854ef0-132a-e37c-a319-899fdb20f73d">
      <Execution id="eea3cfaa-05dd-402e-a5b7-926a240d6e95" />
      <TestMethod codeBase="D:\Code\TOM\Catapult\Code\trunk\CatapultServices\Tavisca.Catapult.External.Facade.Tests\bin\Debug\Tavisca.Catapult.External.Facade.Tests.dll" adapterTypeName="Microsoft.VisualStudio.TestTools.TestTypes.Unit.UnitTestAdapter" className="Tavisca.Catapult.External.Facade.Tests.ActivityMultiAvailTests.SearchByGeoCodeTest" name="TaxesTest1" />
    </UnitTest>
    <UnitTest name="TaxesTest2" storage="d:\code\tom\catapult\code\trunk\catapultservices\tavisca.catapult.external.facade.tests\bin\debug\tavisca.catapult.external.facade.tests.dll" id="cd85d445-cec4-39d6-bf0a-507de6babb98">
      <Execution id="a900ae98-7936-4fe5-b961-6cc4cacd3a5d" />
      <TestMethod codeBase="D:\Code\TOM\Catapult\Code\trunk\CatapultServices\Tavisca.Catapult.External.Facade.Tests\bin\Debug\Tavisca.Catapult.External.Facade.Tests.dll" adapterTypeName="Microsoft.VisualStudio.TestTools.TestTypes.Unit.UnitTestAdapter" className="Tavisca.Catapult.External.Facade.Tests.ActivityMultiAvailTests.SearchByGeoCodeTest" name="TaxesTest2" />
    </UnitTest>
    <UnitTest name="TaxesTest3" storage="d:\code\tom\catapult\code\trunk\catapultservices\tavisca.catapult.external.facade.tests\bin\debug\tavisca.catapult.external.facade.tests.dll" id="32125897-818e-e4fd-ac65-d6a0885000a2">
      <Execution id="fa840cb2-e16c-4329-82a9-eeb87b953e1a" />
      <TestMethod codeBase="D:\Code\TOM\Catapult\Code\trunk\CatapultServices\Tavisca.Catapult.External.Facade.Tests\bin\Debug\Tavisca.Catapult.External.Facade.Tests.dll" adapterTypeName="Microsoft.VisualStudio.TestTools.TestTypes.Unit.UnitTestAdapter" className="Tavisca.Catapult.External.Facade.Tests.ActivityMultiAvailTests.SearchByGeoCodeTest" name="TaxesTest3" />
    </UnitTest>
    <UnitTest name="PenaltiesTest1" storage="d:\code\tom\catapult\code\trunk\catapultservices\tavisca.catapult.external.facade.tests\bin\debug\tavisca.catapult.external.facade.tests.dll" id="693aab8f-1a6f-7920-c927-16447d4088a9">
      <Execution id="5580c2e7-608e-4220-b848-29ef2bfd99bd" />
      <TestMethod codeBase="D:\Code\TOM\Catapult\Code\trunk\CatapultServices\Tavisca.Catapult.External.Facade.Tests\bin\Debug\Tavisca.Catapult.External.Facade.Tests.dll" adapterTypeName="Microsoft.VisualStudio.TestTools.TestTypes.Unit.UnitTestAdapter" className="Tavisca.Catapult.External.Facade.Tests.ActivityMultiAvailTests.SearchByGeoCodeTest" name="PenaltiesTest1" />
    </UnitTest>
    <UnitTest name="PenaltiesTest2" storage="d:\code\tom\catapult\code\trunk\catapultservices\tavisca.catapult.external.facade.tests\bin\debug\tavisca.catapult.external.facade.tests.dll" id="6e84a9ee-37c3-5e5c-1b72-b5b071f09e6c">
      <Execution id="e3bbf976-7114-42bc-9364-2a1388438f2b" />
      <TestMethod codeBase="D:\Code\TOM\Catapult\Code\trunk\CatapultServices\Tavisca.Catapult.External.Facade.Tests\bin\Debug\Tavisca.Catapult.External.Facade.Tests.dll" adapterTypeName="Microsoft.VisualStudio.TestTools.TestTypes.Unit.UnitTestAdapter" className="Tavisca.Catapult.External.Facade.Tests.ActivityMultiAvailTests.SearchByGeoCodeTest" name="PenaltiesTest2" />
    </UnitTest>
    <UnitTest name="PenaltiesTest3" storage="d:\code\tom\catapult\code\trunk\catapultservices\tavisca.catapult.external.facade.tests\bin\debug\tavisca.catapult.external.facade.tests.dll" id="b305d49f-88f8-0904-1c19-b40059862051">
      <Execution id="c9db7592-ab85-4c5d-b6e7-5b845aebbcbe" />
      <TestMethod codeBase="D:\Code\TOM\Catapult\Code\trunk\CatapultServices\Tavisca.Catapult.External.Facade.Tests\bin\Debug\Tavisca.Catapult.External.Facade.Tests.dll" adapterTypeName="Microsoft.VisualStudio.TestTools.TestTypes.Unit.UnitTestAdapter" className="Tavisca.Catapult.External.Facade.Tests.ActivityMultiAvailTests.SearchByGeoCodeTest" name="PenaltiesTest3" />
    </UnitTest>
    <UnitTest name="PoliciesTest1" storage="d:\code\tom\catapult\code\trunk\catapultservices\tavisca.catapult.external.facade.tests\bin\debug\tavisca.catapult.external.facade.tests.dll" id="2f23ed4d-0203-fc11-580f-3c1d5265e577">
      <Execution id="228f6926-b866-4295-bb0a-6fc2e25b8653" />
      <TestMethod codeBase="D:\Code\TOM\Catapult\Code\trunk\CatapultServices\Tavisca.Catapult.External.Facade.Tests\bin\Debug\Tavisca.Catapult.External.Facade.Tests.dll" adapterTypeName="Microsoft.VisualStudio.TestTools.TestTypes.Unit.UnitTestAdapter" className="Tavisca.Catapult.External.Facade.Tests.ActivityMultiAvailTests.SearchByGeoCodeTest" name="PoliciesTest1" />
    </UnitTest>
    <UnitTest name="CurrencyTest1" storage="d:\code\tom\catapult\code\trunk\catapultservices\tavisca.catapult.external.facade.tests\bin\debug\tavisca.catapult.external.facade.tests.dll" id="e1a802b1-8248-6bd4-067c-378db3e05be6">
      <Execution id="2509aa61-9e94-4ac0-9cc0-36d55957e48e" />
      <TestMethod codeBase="D:\Code\TOM\Catapult\Code\trunk\CatapultServices\Tavisca.Catapult.External.Facade.Tests\bin\Debug\Tavisca.Catapult.External.Facade.Tests.dll" adapterTypeName="Microsoft.VisualStudio.TestTools.TestTypes.Unit.UnitTestAdapter" className="Tavisca.Catapult.External.Facade.Tests.ActivityMultiAvailTests.SearchByGeoCodeTest" name="CurrencyTest1" />
    </UnitTest>
    <UnitTest name="FilterByTagsTest1" storage="d:\code\tom\catapult\code\trunk\catapultservices\tavisca.catapult.external.facade.tests\bin\debug\tavisca.catapult.external.facade.tests.dll" id="e88e8675-a27c-2f75-d569-ca8144ed62a2">
      <Execution id="f586ddab-976c-4408-a5d7-5002c084f16c" />
      <TestMethod codeBase="D:\Code\TOM\Catapult\Code\trunk\CatapultServices\Tavisca.Catapult.External.Facade.Tests\bin\Debug\Tavisca.Catapult.External.Facade.Tests.dll" adapterTypeName="Microsoft.VisualStudio.TestTools.TestTypes.Unit.UnitTestAdapter" className="Tavisca.Catapult.External.Facade.Tests.ActivityMultiAvailTests.SearchByGeoCodeTest" name="FilterByTagsTest1" />
    </UnitTest>
    <UnitTest name="FilterByRateCodesTest1" storage="d:\code\tom\catapult\code\trunk\catapultservices\tavisca.catapult.external.facade.tests\bin\debug\tavisca.catapult.external.facade.tests.dll" id="c62894a3-842c-4cba-d421-eb98ac24deaa">
      <Execution id="b0d0b593-37c2-4482-b2e8-4d37552d0a75" />
      <TestMethod codeBase="D:\Code\TOM\Catapult\Code\trunk\CatapultServices\Tavisca.Catapult.External.Facade.Tests\bin\Debug\Tavisca.Catapult.External.Facade.Tests.dll" adapterTypeName="Microsoft.VisualStudio.TestTools.TestTypes.Unit.UnitTestAdapter" className="Tavisca.Catapult.External.Facade.Tests.ActivityMultiAvailTests.SearchByGeoCodeTest" name="FilterByRateCodesTest1" />
    </UnitTest>
    <UnitTest name="FilterByRateCodesTest2" storage="d:\code\tom\catapult\code\trunk\catapultservices\tavisca.catapult.external.facade.tests\bin\debug\tavisca.catapult.external.facade.tests.dll" id="2d845072-87a1-b9e4-cb5d-b83f40ec4db9">
      <Execution id="884f7985-932f-4313-b143-abcedc535d21" />
      <TestMethod codeBase="D:\Code\TOM\Catapult\Code\trunk\CatapultServices\Tavisca.Catapult.External.Facade.Tests\bin\Debug\Tavisca.Catapult.External.Facade.Tests.dll" adapterTypeName="Microsoft.VisualStudio.TestTools.TestTypes.Unit.UnitTestAdapter" className="Tavisca.Catapult.External.Facade.Tests.ActivityMultiAvailTests.SearchByGeoCodeTest" name="FilterByRateCodesTest2" />
    </UnitTest>
    <UnitTest name="FilterByRateCodesTest3" storage="d:\code\tom\catapult\code\trunk\catapultservices\tavisca.catapult.external.facade.tests\bin\debug\tavisca.catapult.external.facade.tests.dll" id="8b1360b6-7dc3-19e4-6078-7f6085742701">
      <Execution id="186b3fd3-d932-4f11-8816-6a58531c0806" />
      <TestMethod codeBase="D:\Code\TOM\Catapult\Code\trunk\CatapultServices\Tavisca.Catapult.External.Facade.Tests\bin\Debug\Tavisca.Catapult.External.Facade.Tests.dll" adapterTypeName="Microsoft.VisualStudio.TestTools.TestTypes.Unit.UnitTestAdapter" className="Tavisca.Catapult.External.Facade.Tests.ActivityMultiAvailTests.SearchByGeoCodeTest" name="FilterByRateCodesTest3" />
    </UnitTest>
    <UnitTest name="ScopeTest1" storage="d:\code\tom\catapult\code\trunk\catapultservices\tavisca.catapult.external.facade.tests\bin\debug\tavisca.catapult.external.facade.tests.dll" id="e8fcff6d-f165-d503-271e-bb2d2e6fd3b0">
      <Execution id="274de61e-e64d-4028-b428-186ac7ba4cf0" />
      <TestMethod codeBase="D:\Code\TOM\Catapult\Code\trunk\CatapultServices\Tavisca.Catapult.External.Facade.Tests\bin\Debug\Tavisca.Catapult.External.Facade.Tests.dll" adapterTypeName="Microsoft.VisualStudio.TestTools.TestTypes.Unit.UnitTestAdapter" className="Tavisca.Catapult.External.Facade.Tests.ActivityMultiAvailTests.SearchByGeoCodeTest" name="ScopeTest1" />
    </UnitTest>
    <UnitTest name="ScopeTest2" storage="d:\code\tom\catapult\code\trunk\catapultservices\tavisca.catapult.external.facade.tests\bin\debug\tavisca.catapult.external.facade.tests.dll" id="ecdff1ab-80ba-81a0-6f6f-3f6af4358c22">
      <Execution id="11c55239-fa21-45b8-b295-0d3a28d4e5bc" />
      <TestMethod codeBase="D:\Code\TOM\Catapult\Code\trunk\CatapultServices\Tavisca.Catapult.External.Facade.Tests\bin\Debug\Tavisca.Catapult.External.Facade.Tests.dll" adapterTypeName="Microsoft.VisualStudio.TestTools.TestTypes.Unit.UnitTestAdapter" className="Tavisca.Catapult.External.Facade.Tests.ActivityMultiAvailTests.SearchByGeoCodeTest" name="ScopeTest2" />
    </UnitTest>
    <UnitTest name="ActivityCodeTest1" storage="d:\code\tom\catapult\code\trunk\catapultservices\tavisca.catapult.external.facade.tests\bin\debug\tavisca.catapult.external.facade.tests.dll" id="0a9cfafb-4b30-beda-2bb6-6a2726146cb2">
      <Execution id="40e33bc1-3659-4087-ae05-2e292ab23bd2" />
      <TestMethod codeBase="D:\Code\TOM\Catapult\Code\trunk\CatapultServices\Tavisca.Catapult.External.Facade.Tests\bin\Debug\Tavisca.Catapult.External.Facade.Tests.dll" adapterTypeName="Microsoft.VisualStudio.TestTools.TestTypes.Unit.UnitTestAdapter" className="Tavisca.Catapult.External.Facade.Tests.ActivitySingleAvailTests.PriceActivityTest" name="ActivityCodeTest1" />
    </UnitTest>
    <UnitTest name="SelectedDateTest" storage="d:\code\tom\catapult\code\trunk\catapultservices\tavisca.catapult.external.facade.tests\bin\debug\tavisca.catapult.external.facade.tests.dll" id="74f4bdc2-40d0-4d47-e14d-71e140799c31">
      <Execution id="cd37bff3-13b4-46aa-9079-967cf8cfbd28" />
      <TestMethod codeBase="D:\Code\TOM\Catapult\Code\trunk\CatapultServices\Tavisca.Catapult.External.Facade.Tests\bin\Debug\Tavisca.Catapult.External.Facade.Tests.dll" adapterTypeName="Microsoft.VisualStudio.TestTools.TestTypes.Unit.UnitTestAdapter" className="Tavisca.Catapult.External.Facade.Tests.ActivitySingleAvailTests.PriceActivityTest" name="SelectedDateTest" />
    </UnitTest>
    <UnitTest name="BlackOutPeriodTest1" storage="d:\code\tom\catapult\code\trunk\catapultservices\tavisca.catapult.external.facade.tests\bin\debug\tavisca.catapult.external.facade.tests.dll" id="70c5f987-ae87-edf4-6b29-37214c732d09">
      <Execution id="fc38a5ad-2507-43fe-b4fd-514ca2857cf8" />
      <TestMethod codeBase="D:\Code\TOM\Catapult\Code\trunk\CatapultServices\Tavisca.Catapult.External.Facade.Tests\bin\Debug\Tavisca.Catapult.External.Facade.Tests.dll" adapterTypeName="Microsoft.VisualStudio.TestTools.TestTypes.Unit.UnitTestAdapter" className="Tavisca.Catapult.External.Facade.Tests.ActivitySingleAvailTests.PriceActivityTest" name="BlackOutPeriodTest1" />
    </UnitTest>
    <UnitTest name="BlackOutPeriodTest2" storage="d:\code\tom\catapult\code\trunk\catapultservices\tavisca.catapult.external.facade.tests\bin\debug\tavisca.catapult.external.facade.tests.dll" id="55acbed4-a661-648d-fe7c-af06111e2445">
      <Execution id="cf0237f2-678b-4847-a563-024e1dc4250e" />
      <TestMethod codeBase="D:\Code\TOM\Catapult\Code\trunk\CatapultServices\Tavisca.Catapult.External.Facade.Tests\bin\Debug\Tavisca.Catapult.External.Facade.Tests.dll" adapterTypeName="Microsoft.VisualStudio.TestTools.TestTypes.Unit.UnitTestAdapter" className="Tavisca.Catapult.External.Facade.Tests.ActivitySingleAvailTests.PriceActivityTest" name="BlackOutPeriodTest2" />
    </UnitTest>
    <UnitTest name="GuestInformationTest1" storage="d:\code\tom\catapult\code\trunk\catapultservices\tavisca.catapult.external.facade.tests\bin\debug\tavisca.catapult.external.facade.tests.dll" id="38d3c0cd-f8f1-a5e4-1910-314ba9d72658">
      <Execution id="b1c5c4c7-cff6-4574-9ce7-689131bc0783" />
      <TestMethod codeBase="D:\Code\TOM\Catapult\Code\trunk\CatapultServices\Tavisca.Catapult.External.Facade.Tests\bin\Debug\Tavisca.Catapult.External.Facade.Tests.dll" adapterTypeName="Microsoft.VisualStudio.TestTools.TestTypes.Unit.UnitTestAdapter" className="Tavisca.Catapult.External.Facade.Tests.ActivitySingleAvailTests.PriceActivityTest" name="GuestInformationTest1" />
    </UnitTest>
    <UnitTest name="GuestInformationTest2" storage="d:\code\tom\catapult\code\trunk\catapultservices\tavisca.catapult.external.facade.tests\bin\debug\tavisca.catapult.external.facade.tests.dll" id="4d6ab2fa-eb65-036a-074f-8a576848597f">
      <Execution id="fa71589a-ef9e-42a0-924c-96c837ef2496" />
      <TestMethod codeBase="D:\Code\TOM\Catapult\Code\trunk\CatapultServices\Tavisca.Catapult.External.Facade.Tests\bin\Debug\Tavisca.Catapult.External.Facade.Tests.dll" adapterTypeName="Microsoft.VisualStudio.TestTools.TestTypes.Unit.UnitTestAdapter" className="Tavisca.Catapult.External.Facade.Tests.ActivitySingleAvailTests.PriceActivityTest" name="GuestInformationTest2" />
    </UnitTest>
    <UnitTest name="GuestInformationTest3" storage="d:\code\tom\catapult\code\trunk\catapultservices\tavisca.catapult.external.facade.tests\bin\debug\tavisca.catapult.external.facade.tests.dll" id="79c1d1a4-facd-c799-a550-8af248cc9973">
      <Execution id="08973084-76b7-4a85-bd02-f61a601fe049" />
      <TestMethod codeBase="D:\Code\TOM\Catapult\Code\trunk\CatapultServices\Tavisca.Catapult.External.Facade.Tests\bin\Debug\Tavisca.Catapult.External.Facade.Tests.dll" adapterTypeName="Microsoft.VisualStudio.TestTools.TestTypes.Unit.UnitTestAdapter" className="Tavisca.Catapult.External.Facade.Tests.ActivitySingleAvailTests.PriceActivityTest" name="GuestInformationTest3" />
    </UnitTest>
    <UnitTest name="GuestInformationTest4" storage="d:\code\tom\catapult\code\trunk\catapultservices\tavisca.catapult.external.facade.tests\bin\debug\tavisca.catapult.external.facade.tests.dll" id="ea7b87ff-e7fd-86e5-26e3-1469dc5b1975">
      <Execution id="a2827aca-736b-4671-9f07-7e4aada5df07" />
      <TestMethod codeBase="D:\Code\TOM\Catapult\Code\trunk\CatapultServices\Tavisca.Catapult.External.Facade.Tests\bin\Debug\Tavisca.Catapult.External.Facade.Tests.dll" adapterTypeName="Microsoft.VisualStudio.TestTools.TestTypes.Unit.UnitTestAdapter" className="Tavisca.Catapult.External.Facade.Tests.ActivitySingleAvailTests.PriceActivityTest" name="GuestInformationTest4" />
    </UnitTest>
    <UnitTest name="GuestInformationTest5" storage="d:\code\tom\catapult\code\trunk\catapultservices\tavisca.catapult.external.facade.tests\bin\debug\tavisca.catapult.external.facade.tests.dll" id="c010a478-a017-566f-650a-5f9ab50ce72f">
      <Execution id="fe6105e1-3f39-4ec7-a902-a463fa3657c1" />
      <TestMethod codeBase="D:\Code\TOM\Catapult\Code\trunk\CatapultServices\Tavisca.Catapult.External.Facade.Tests\bin\Debug\Tavisca.Catapult.External.Facade.Tests.dll" adapterTypeName="Microsoft.VisualStudio.TestTools.TestTypes.Unit.UnitTestAdapter" className="Tavisca.Catapult.External.Facade.Tests.ActivitySingleAvailTests.PriceActivityTest" name="GuestInformationTest5" />
    </UnitTest>
    <UnitTest name="GuestInformationTest6" storage="d:\code\tom\catapult\code\trunk\catapultservices\tavisca.catapult.external.facade.tests\bin\debug\tavisca.catapult.external.facade.tests.dll" id="fbefaefa-20a5-722b-43ff-f88348daf887">
      <Execution id="d5488224-2e1c-47aa-9c5f-4012bd8c96f8" />
      <TestMethod codeBase="D:\Code\TOM\Catapult\Code\trunk\CatapultServices\Tavisca.Catapult.External.Facade.Tests\bin\Debug\Tavisca.Catapult.External.Facade.Tests.dll" adapterTypeName="Microsoft.VisualStudio.TestTools.TestTypes.Unit.UnitTestAdapter" className="Tavisca.Catapult.External.Facade.Tests.ActivitySingleAvailTests.PriceActivityTest" name="GuestInformationTest6" />
    </UnitTest>
    <UnitTest name="PerUnitPriceTest" storage="d:\code\tom\catapult\code\trunk\catapultservices\tavisca.catapult.external.facade.tests\bin\debug\tavisca.catapult.external.facade.tests.dll" id="43542e25-9578-4a5b-16b6-50336bf25aea">
      <Execution id="3d150997-4650-4784-96bd-9046d97df34f" />
      <TestMethod codeBase="D:\Code\TOM\Catapult\Code\trunk\CatapultServices\Tavisca.Catapult.External.Facade.Tests\bin\Debug\Tavisca.Catapult.External.Facade.Tests.dll" adapterTypeName="Microsoft.VisualStudio.TestTools.TestTypes.Unit.UnitTestAdapter" className="Tavisca.Catapult.External.Facade.Tests.ActivitySingleAvailTests.PriceActivityTest" name="PerUnitPriceTest" />
    </UnitTest>
    <UnitTest name="MidWeekPriceTest" storage="d:\code\tom\catapult\code\trunk\catapultservices\tavisca.catapult.external.facade.tests\bin\debug\tavisca.catapult.external.facade.tests.dll" id="3fc23db1-e551-58ca-e09f-a01031cf7767">
      <Execution id="ed8e5047-2d97-494b-b291-0df6c35aae15" />
      <TestMethod codeBase="D:\Code\TOM\Catapult\Code\trunk\CatapultServices\Tavisca.Catapult.External.Facade.Tests\bin\Debug\Tavisca.Catapult.External.Facade.Tests.dll" adapterTypeName="Microsoft.VisualStudio.TestTools.TestTypes.Unit.UnitTestAdapter" className="Tavisca.Catapult.External.Facade.Tests.ActivitySingleAvailTests.PriceActivityTest" name="MidWeekPriceTest" />
    </UnitTest>
    <UnitTest name="WeekEndPriceTest" storage="d:\code\tom\catapult\code\trunk\catapultservices\tavisca.catapult.external.facade.tests\bin\debug\tavisca.catapult.external.facade.tests.dll" id="90e32937-2204-5304-6dd7-b26ce770adfd">
      <Execution id="ee5394d3-0e7f-4db0-86a0-b47e2dc7bec3" />
      <TestMethod codeBase="D:\Code\TOM\Catapult\Code\trunk\CatapultServices\Tavisca.Catapult.External.Facade.Tests\bin\Debug\Tavisca.Catapult.External.Facade.Tests.dll" adapterTypeName="Microsoft.VisualStudio.TestTools.TestTypes.Unit.UnitTestAdapter" className="Tavisca.Catapult.External.Facade.Tests.ActivitySingleAvailTests.PriceActivityTest" name="WeekEndPriceTest" />
    </UnitTest>
    <UnitTest name="FareComponentTest1" storage="d:\code\tom\catapult\code\trunk\catapultservices\tavisca.catapult.external.facade.tests\bin\debug\tavisca.catapult.external.facade.tests.dll" id="d55aaf1b-a60d-e630-d2eb-0ae2619861f0">
      <Execution id="a159aa8a-3fa2-4d20-9cea-a13e9c640683" />
      <TestMethod codeBase="D:\Code\TOM\Catapult\Code\trunk\CatapultServices\Tavisca.Catapult.External.Facade.Tests\bin\Debug\Tavisca.Catapult.External.Facade.Tests.dll" adapterTypeName="Microsoft.VisualStudio.TestTools.TestTypes.Unit.UnitTestAdapter" className="Tavisca.Catapult.External.Facade.Tests.ActivitySingleAvailTests.PriceActivityTest" name="FareComponentTest1" />
    </UnitTest>
    <UnitTest name="FareComponentTest2" storage="d:\code\tom\catapult\code\trunk\catapultservices\tavisca.catapult.external.facade.tests\bin\debug\tavisca.catapult.external.facade.tests.dll" id="42c18022-0d3e-0142-2ce6-31501713817d">
      <Execution id="f3a406e4-f803-480d-8633-eee255421ed5" />
      <TestMethod codeBase="D:\Code\TOM\Catapult\Code\trunk\CatapultServices\Tavisca.Catapult.External.Facade.Tests\bin\Debug\Tavisca.Catapult.External.Facade.Tests.dll" adapterTypeName="Microsoft.VisualStudio.TestTools.TestTypes.Unit.UnitTestAdapter" className="Tavisca.Catapult.External.Facade.Tests.ActivitySingleAvailTests.PriceActivityTest" name="FareComponentTest2" />
    </UnitTest>
    <UnitTest name="FareComponentTest3" storage="d:\code\tom\catapult\code\trunk\catapultservices\tavisca.catapult.external.facade.tests\bin\debug\tavisca.catapult.external.facade.tests.dll" id="6593d292-1355-b9de-65bf-eb15835932f7">
      <Execution id="0b8b5855-7db2-4161-b0fe-540e90a03f25" />
      <TestMethod codeBase="D:\Code\TOM\Catapult\Code\trunk\CatapultServices\Tavisca.Catapult.External.Facade.Tests\bin\Debug\Tavisca.Catapult.External.Facade.Tests.dll" adapterTypeName="Microsoft.VisualStudio.TestTools.TestTypes.Unit.UnitTestAdapter" className="Tavisca.Catapult.External.Facade.Tests.ActivitySingleAvailTests.PriceActivityTest" name="FareComponentTest3" />
    </UnitTest>
    <UnitTest name="OnrequestBookingTest1" storage="d:\code\tom\catapult\code\trunk\catapultservices\tavisca.catapult.external.facade.tests\bin\debug\tavisca.catapult.external.facade.tests.dll" id="9af4f119-2793-3bc9-d2cd-fa0a21364346">
      <Execution id="c29757fc-4153-40fd-8c82-6d45fdc4d344" />
      <TestMethod codeBase="D:\Code\TOM\Catapult\Code\trunk\CatapultServices\Tavisca.Catapult.External.Facade.Tests\bin\Debug\Tavisca.Catapult.External.Facade.Tests.dll" adapterTypeName="Microsoft.VisualStudio.TestTools.TestTypes.Unit.UnitTestAdapter" className="Tavisca.Catapult.External.Facade.Tests.ActivitySingleAvailTests.PriceActivityTest" name="OnrequestBookingTest1" />
    </UnitTest>
    <UnitTest name="BookActivityActivityCodeTest1" storage="d:\code\tom\catapult\code\trunk\catapultservices\tavisca.catapult.external.facade.tests\bin\debug\tavisca.catapult.external.facade.tests.dll" id="61b2f358-ce0d-8586-ada5-dd202928459b">
      <Execution id="a56c38f5-c3ff-46df-af9d-52fb3943808c" />
      <TestMethod codeBase="D:\Code\TOM\Catapult\Code\trunk\CatapultServices\Tavisca.Catapult.External.Facade.Tests\bin\Debug\Tavisca.Catapult.External.Facade.Tests.dll" adapterTypeName="Microsoft.VisualStudio.TestTools.TestTypes.Unit.UnitTestAdapter" className="Tavisca.Catapult.External.Facade.Tests.BookActivityTests.BookActivityTest" name="BookActivityActivityCodeTest1" />
    </UnitTest>
    <UnitTest name="BookActivityActivityCodeTest2" storage="d:\code\tom\catapult\code\trunk\catapultservices\tavisca.catapult.external.facade.tests\bin\debug\tavisca.catapult.external.facade.tests.dll" id="c634841e-6f70-7edb-09eb-26793cb3ea3a">
      <Execution id="27383310-c79c-41a0-a9e5-c2ab490d2ce9" />
      <TestMethod codeBase="D:\Code\TOM\Catapult\Code\trunk\CatapultServices\Tavisca.Catapult.External.Facade.Tests\bin\Debug\Tavisca.Catapult.External.Facade.Tests.dll" adapterTypeName="Microsoft.VisualStudio.TestTools.TestTypes.Unit.UnitTestAdapter" className="Tavisca.Catapult.External.Facade.Tests.BookActivityTests.BookActivityTest" name="BookActivityActivityCodeTest2" />
    </UnitTest>
    <UnitTest name="BookActivityOptionCodeTest1" storage="d:\code\tom\catapult\code\trunk\catapultservices\tavisca.catapult.external.facade.tests\bin\debug\tavisca.catapult.external.facade.tests.dll" id="13ef6aa4-8bcf-f4f7-c8e0-7ecdd518cdb4">
      <Execution id="b2334d7e-e06f-40ce-bfe1-43ec0480df6a" />
      <TestMethod codeBase="D:\Code\TOM\Catapult\Code\trunk\CatapultServices\Tavisca.Catapult.External.Facade.Tests\bin\Debug\Tavisca.Catapult.External.Facade.Tests.dll" adapterTypeName="Microsoft.VisualStudio.TestTools.TestTypes.Unit.UnitTestAdapter" className="Tavisca.Catapult.External.Facade.Tests.BookActivityTests.BookActivityTest" name="BookActivityOptionCodeTest1" />
    </UnitTest>
    <UnitTest name="BookActivityOptionCodeTest2" storage="d:\code\tom\catapult\code\trunk\catapultservices\tavisca.catapult.external.facade.tests\bin\debug\tavisca.catapult.external.facade.tests.dll" id="a3a826bf-dd2e-d2a7-d11f-d13ef83d0f1b">
      <Execution id="dbd6859c-88fc-40e5-8452-cd3dd97bef9d" />
      <TestMethod codeBase="D:\Code\TOM\Catapult\Code\trunk\CatapultServices\Tavisca.Catapult.External.Facade.Tests\bin\Debug\Tavisca.Catapult.External.Facade.Tests.dll" adapterTypeName="Microsoft.VisualStudio.TestTools.TestTypes.Unit.UnitTestAdapter" className="Tavisca.Catapult.External.Facade.Tests.BookActivityTests.BookActivityTest" name="BookActivityOptionCodeTest2" />
    </UnitTest>
    <UnitTest name="BookActivityOptionCodeTest3" storage="d:\code\tom\catapult\code\trunk\catapultservices\tavisca.catapult.external.facade.tests\bin\debug\tavisca.catapult.external.facade.tests.dll" id="e884f336-e38f-069c-1ab6-39980c9647db">
      <Execution id="feaa1dbe-e1cd-4325-ab13-498faa8b0f05" />
      <TestMethod codeBase="D:\Code\TOM\Catapult\Code\trunk\CatapultServices\Tavisca.Catapult.External.Facade.Tests\bin\Debug\Tavisca.Catapult.External.Facade.Tests.dll" adapterTypeName="Microsoft.VisualStudio.TestTools.TestTypes.Unit.UnitTestAdapter" className="Tavisca.Catapult.External.Facade.Tests.BookActivityTests.BookActivityTest" name="BookActivityOptionCodeTest3" />
    </UnitTest>
    <UnitTest name="BookActivityRateCodeTest1" storage="d:\code\tom\catapult\code\trunk\catapultservices\tavisca.catapult.external.facade.tests\bin\debug\tavisca.catapult.external.facade.tests.dll" id="f4f79fca-5cd6-1c17-21ad-f447c397f230">
      <Execution id="3d13395f-0872-4b71-a43a-5740b796672b" />
      <TestMethod codeBase="D:\Code\TOM\Catapult\Code\trunk\CatapultServices\Tavisca.Catapult.External.Facade.Tests\bin\Debug\Tavisca.Catapult.External.Facade.Tests.dll" adapterTypeName="Microsoft.VisualStudio.TestTools.TestTypes.Unit.UnitTestAdapter" className="Tavisca.Catapult.External.Facade.Tests.BookActivityTests.BookActivityTest" name="BookActivityRateCodeTest1" />
    </UnitTest>
    <UnitTest name="BookActivityRateCodeTest2" storage="d:\code\tom\catapult\code\trunk\catapultservices\tavisca.catapult.external.facade.tests\bin\debug\tavisca.catapult.external.facade.tests.dll" id="b0520dfd-638a-1e24-8248-d109405e7456">
      <Execution id="8695f6f6-bec2-41e5-b175-6b3744dab65b" />
      <TestMethod codeBase="D:\Code\TOM\Catapult\Code\trunk\CatapultServices\Tavisca.Catapult.External.Facade.Tests\bin\Debug\Tavisca.Catapult.External.Facade.Tests.dll" adapterTypeName="Microsoft.VisualStudio.TestTools.TestTypes.Unit.UnitTestAdapter" className="Tavisca.Catapult.External.Facade.Tests.BookActivityTests.BookActivityTest" name="BookActivityRateCodeTest2" />
    </UnitTest>
    <UnitTest name="BookActivityRateCodeTest3" storage="d:\code\tom\catapult\code\trunk\catapultservices\tavisca.catapult.external.facade.tests\bin\debug\tavisca.catapult.external.facade.tests.dll" id="fc60250a-b02e-97f3-0dfa-947f0cd0f791">
      <Execution id="8c680f1e-8378-4220-ad13-5158f020ac3f" />
      <TestMethod codeBase="D:\Code\TOM\Catapult\Code\trunk\CatapultServices\Tavisca.Catapult.External.Facade.Tests\bin\Debug\Tavisca.Catapult.External.Facade.Tests.dll" adapterTypeName="Microsoft.VisualStudio.TestTools.TestTypes.Unit.UnitTestAdapter" className="Tavisca.Catapult.External.Facade.Tests.BookActivityTests.BookActivityTest" name="BookActivityRateCodeTest3" />
    </UnitTest>
    <UnitTest name="BookActivityGuestInformationTest1" storage="d:\code\tom\catapult\code\trunk\catapultservices\tavisca.catapult.external.facade.tests\bin\debug\tavisca.catapult.external.facade.tests.dll" id="07649b6d-6f8f-6029-a1c8-b28ff240b08a">
      <Execution id="b6528ab8-2f02-4122-9606-8abd95f2ddf3" />
      <TestMethod codeBase="D:\Code\TOM\Catapult\Code\trunk\CatapultServices\Tavisca.Catapult.External.Facade.Tests\bin\Debug\Tavisca.Catapult.External.Facade.Tests.dll" adapterTypeName="Microsoft.VisualStudio.TestTools.TestTypes.Unit.UnitTestAdapter" className="Tavisca.Catapult.External.Facade.Tests.BookActivityTests.BookActivityTest" name="BookActivityGuestInformationTest1" />
    </UnitTest>
    <UnitTest name="BookActivityGuestInformationTest2" storage="d:\code\tom\catapult\code\trunk\catapultservices\tavisca.catapult.external.facade.tests\bin\debug\tavisca.catapult.external.facade.tests.dll" id="91168f66-ce76-915c-d0d6-83b658536063">
      <Execution id="6d069e75-d881-40db-b806-db5b911b7294" />
      <TestMethod codeBase="D:\Code\TOM\Catapult\Code\trunk\CatapultServices\Tavisca.Catapult.External.Facade.Tests\bin\Debug\Tavisca.Catapult.External.Facade.Tests.dll" adapterTypeName="Microsoft.VisualStudio.TestTools.TestTypes.Unit.UnitTestAdapter" className="Tavisca.Catapult.External.Facade.Tests.BookActivityTests.BookActivityTest" name="BookActivityGuestInformationTest2" />
    </UnitTest>
    <UnitTest name="BookActivityGuestInformationTest3" storage="d:\code\tom\catapult\code\trunk\catapultservices\tavisca.catapult.external.facade.tests\bin\debug\tavisca.catapult.external.facade.tests.dll" id="3e1ffb2b-2bee-c9c2-132d-f4a17579ee27">
      <Execution id="803ef3e2-d567-4453-9a2a-413e65391279" />
      <TestMethod codeBase="D:\Code\TOM\Catapult\Code\trunk\CatapultServices\Tavisca.Catapult.External.Facade.Tests\bin\Debug\Tavisca.Catapult.External.Facade.Tests.dll" adapterTypeName="Microsoft.VisualStudio.TestTools.TestTypes.Unit.UnitTestAdapter" className="Tavisca.Catapult.External.Facade.Tests.BookActivityTests.BookActivityTest" name="BookActivityGuestInformationTest3" />
    </UnitTest>
    <UnitTest name="BookActivityGuestInformationTest4" storage="d:\code\tom\catapult\code\trunk\catapultservices\tavisca.catapult.external.facade.tests\bin\debug\tavisca.catapult.external.facade.tests.dll" id="7002497c-cc30-9c3f-2928-709888d8d51c">
      <Execution id="8d68ce7c-8185-4837-8841-1d3fb32a8e75" />
      <TestMethod codeBase="D:\Code\TOM\Catapult\Code\trunk\CatapultServices\Tavisca.Catapult.External.Facade.Tests\bin\Debug\Tavisca.Catapult.External.Facade.Tests.dll" adapterTypeName="Microsoft.VisualStudio.TestTools.TestTypes.Unit.UnitTestAdapter" className="Tavisca.Catapult.External.Facade.Tests.BookActivityTests.BookActivityTest" name="BookActivityGuestInformationTest4" />
    </UnitTest>
    <UnitTest name="BookActivityGuestInformationTest5" storage="d:\code\tom\catapult\code\trunk\catapultservices\tavisca.catapult.external.facade.tests\bin\debug\tavisca.catapult.external.facade.tests.dll" id="8d93b206-144a-3866-75af-d54dba565d45">
      <Execution id="dca7b6c9-1fca-4799-a043-5857f5cc23cc" />
      <TestMethod codeBase="D:\Code\TOM\Catapult\Code\trunk\CatapultServices\Tavisca.Catapult.External.Facade.Tests\bin\Debug\Tavisca.Catapult.External.Facade.Tests.dll" adapterTypeName="Microsoft.VisualStudio.TestTools.TestTypes.Unit.UnitTestAdapter" className="Tavisca.Catapult.External.Facade.Tests.BookActivityTests.BookActivityTest" name="BookActivityGuestInformationTest5" />
    </UnitTest>
    <UnitTest name="BookActivityGuestInformationTest6" storage="d:\code\tom\catapult\code\trunk\catapultservices\tavisca.catapult.external.facade.tests\bin\debug\tavisca.catapult.external.facade.tests.dll" id="604aac55-cdbb-519c-75e6-f706345b78c1">
      <Execution id="09cce605-304e-4629-b8a8-2fbd17da4cdc" />
      <TestMethod codeBase="D:\Code\TOM\Catapult\Code\trunk\CatapultServices\Tavisca.Catapult.External.Facade.Tests\bin\Debug\Tavisca.Catapult.External.Facade.Tests.dll" adapterTypeName="Microsoft.VisualStudio.TestTools.TestTypes.Unit.UnitTestAdapter" className="Tavisca.Catapult.External.Facade.Tests.BookActivityTests.BookActivityTest" name="BookActivityGuestInformationTest6" />
    </UnitTest>
    <UnitTest name="BookActivitySelectedDateTest1" storage="d:\code\tom\catapult\code\trunk\catapultservices\tavisca.catapult.external.facade.tests\bin\debug\tavisca.catapult.external.facade.tests.dll" id="1c9bfd6b-7434-b59a-5b3b-bb2dde9f8c02">
      <Execution id="7db13616-e497-45dc-bf99-d8615155e96d" />
      <TestMethod codeBase="D:\Code\TOM\Catapult\Code\trunk\CatapultServices\Tavisca.Catapult.External.Facade.Tests\bin\Debug\Tavisca.Catapult.External.Facade.Tests.dll" adapterTypeName="Microsoft.VisualStudio.TestTools.TestTypes.Unit.UnitTestAdapter" className="Tavisca.Catapult.External.Facade.Tests.BookActivityTests.BookActivityTest" name="BookActivitySelectedDateTest1" />
    </UnitTest>
    <UnitTest name="BookActivitySelectedDateTest2" storage="d:\code\tom\catapult\code\trunk\catapultservices\tavisca.catapult.external.facade.tests\bin\debug\tavisca.catapult.external.facade.tests.dll" id="b4472c18-c170-1b26-c446-cd6a55b62a7a">
      <Execution id="0876cc2f-5f52-47d9-8402-7821f0f46cb0" />
      <TestMethod codeBase="D:\Code\TOM\Catapult\Code\trunk\CatapultServices\Tavisca.Catapult.External.Facade.Tests\bin\Debug\Tavisca.Catapult.External.Facade.Tests.dll" adapterTypeName="Microsoft.VisualStudio.TestTools.TestTypes.Unit.UnitTestAdapter" className="Tavisca.Catapult.External.Facade.Tests.BookActivityTests.BookActivityTest" name="BookActivitySelectedDateTest2" />
    </UnitTest>
    <UnitTest name="BookActivityScopeTest1" storage="d:\code\tom\catapult\code\trunk\catapultservices\tavisca.catapult.external.facade.tests\bin\debug\tavisca.catapult.external.facade.tests.dll" id="0e9ef6a3-45ca-16e2-e4bd-36b50412657f">
      <Execution id="96de7c66-bebb-467f-97a5-ad1331bb4154" />
      <TestMethod codeBase="D:\Code\TOM\Catapult\Code\trunk\CatapultServices\Tavisca.Catapult.External.Facade.Tests\bin\Debug\Tavisca.Catapult.External.Facade.Tests.dll" adapterTypeName="Microsoft.VisualStudio.TestTools.TestTypes.Unit.UnitTestAdapter" className="Tavisca.Catapult.External.Facade.Tests.BookActivityTests.BookActivityTest" name="BookActivityScopeTest1" />
    </UnitTest>
    <UnitTest name="BookActivityScopeTest2" storage="d:\code\tom\catapult\code\trunk\catapultservices\tavisca.catapult.external.facade.tests\bin\debug\tavisca.catapult.external.facade.tests.dll" id="ef76e717-a585-64eb-66f9-b08c0ad53970">
      <Execution id="c3ae3b51-13e9-4574-be92-3cd7d2c3d5e4" />
      <TestMethod codeBase="D:\Code\TOM\Catapult\Code\trunk\CatapultServices\Tavisca.Catapult.External.Facade.Tests\bin\Debug\Tavisca.Catapult.External.Facade.Tests.dll" adapterTypeName="Microsoft.VisualStudio.TestTools.TestTypes.Unit.UnitTestAdapter" className="Tavisca.Catapult.External.Facade.Tests.BookActivityTests.BookActivityTest" name="BookActivityScopeTest2" />
    </UnitTest>
    <UnitTest name="BookActivityAvailabilityTest1" storage="d:\code\tom\catapult\code\trunk\catapultservices\tavisca.catapult.external.facade.tests\bin\debug\tavisca.catapult.external.facade.tests.dll" id="d5bae40f-4b95-f230-b445-2e17745500e6">
      <Execution id="2135afca-de44-4fe0-a3ab-062fe80e4ff0" />
      <TestMethod codeBase="D:\Code\TOM\Catapult\Code\trunk\CatapultServices\Tavisca.Catapult.External.Facade.Tests\bin\Debug\Tavisca.Catapult.External.Facade.Tests.dll" adapterTypeName="Microsoft.VisualStudio.TestTools.TestTypes.Unit.UnitTestAdapter" className="Tavisca.Catapult.External.Facade.Tests.BookActivityTests.BookActivityTest" name="BookActivityAvailabilityTest1" />
    </UnitTest>
    <UnitTest name="BookActivityAvailabilityTest2" storage="d:\code\tom\catapult\code\trunk\catapultservices\tavisca.catapult.external.facade.tests\bin\debug\tavisca.catapult.external.facade.tests.dll" id="2d55e0e2-ff02-c909-7d6a-e21487d2f98f">
      <Execution id="66138727-c754-4044-87c2-176a277d8f4c" />
      <TestMethod codeBase="D:\Code\TOM\Catapult\Code\trunk\CatapultServices\Tavisca.Catapult.External.Facade.Tests\bin\Debug\Tavisca.Catapult.External.Facade.Tests.dll" adapterTypeName="Microsoft.VisualStudio.TestTools.TestTypes.Unit.UnitTestAdapter" className="Tavisca.Catapult.External.Facade.Tests.BookActivityTests.BookActivityTest" name="BookActivityAvailabilityTest2" />
    </UnitTest>
    <UnitTest name="BookActivityAvailabilityTest3" storage="d:\code\tom\catapult\code\trunk\catapultservices\tavisca.catapult.external.facade.tests\bin\debug\tavisca.catapult.external.facade.tests.dll" id="8f89713b-2fbf-eb74-7e0c-9a680970c5a9">
      <Execution id="34556a3c-a6bd-47f3-b4fb-ebafd3e22f8d" />
      <TestMethod codeBase="D:\Code\TOM\Catapult\Code\trunk\CatapultServices\Tavisca.Catapult.External.Facade.Tests\bin\Debug\Tavisca.Catapult.External.Facade.Tests.dll" adapterTypeName="Microsoft.VisualStudio.TestTools.TestTypes.Unit.UnitTestAdapter" className="Tavisca.Catapult.External.Facade.Tests.BookActivityTests.BookActivityTest" name="BookActivityAvailabilityTest3" />
    </UnitTest>
    <UnitTest name="BookActivityAvailabilityTest4" storage="d:\code\tom\catapult\code\trunk\catapultservices\tavisca.catapult.external.facade.tests\bin\debug\tavisca.catapult.external.facade.tests.dll" id="530a9ce2-2f3d-10bb-6487-d718d90402a4">
      <Execution id="443f332b-345a-4978-8f07-83b76a58ede1" />
      <TestMethod codeBase="D:\Code\TOM\Catapult\Code\trunk\CatapultServices\Tavisca.Catapult.External.Facade.Tests\bin\Debug\Tavisca.Catapult.External.Facade.Tests.dll" adapterTypeName="Microsoft.VisualStudio.TestTools.TestTypes.Unit.UnitTestAdapter" className="Tavisca.Catapult.External.Facade.Tests.BookActivityTests.BookActivityTest" name="BookActivityAvailabilityTest4" />
    </UnitTest>
    <UnitTest name="BookActivityAvailabilityTest5" storage="d:\code\tom\catapult\code\trunk\catapultservices\tavisca.catapult.external.facade.tests\bin\debug\tavisca.catapult.external.facade.tests.dll" id="4f7b2013-66cd-fe82-2cd9-ee08c02e2868">
      <Execution id="c3be6b2d-0458-47d0-9c4c-93a751f097ee" />
      <TestMethod codeBase="D:\Code\TOM\Catapult\Code\trunk\CatapultServices\Tavisca.Catapult.External.Facade.Tests\bin\Debug\Tavisca.Catapult.External.Facade.Tests.dll" adapterTypeName="Microsoft.VisualStudio.TestTools.TestTypes.Unit.UnitTestAdapter" className="Tavisca.Catapult.External.Facade.Tests.BookActivityTests.BookActivityTest" name="BookActivityAvailabilityTest5" />
    </UnitTest>
    <UnitTest name="FillActivityContentTest" storage="d:\code\tom\catapult\code\trunk\catapultservices\tavisca.catapult.external.dataproviders.tests\bin\debug\tavisca.catapult.external.dataproviders.tests.dll" id="a9d37847-cd38-a54f-c16d-21108d959bff">
      <Execution id="86041efc-110d-429a-9cb6-4ba893bdb02c" />
      <TestMethod codeBase="D:\Code\TOM\Catapult\Code\trunk\CatapultServices\Tavisca.Catapult.External.DataProviders.Tests\bin\Debug\Tavisca.Catapult.External.DataProviders.Tests.dll" adapterTypeName="Microsoft.VisualStudio.TestTools.TestTypes.Unit.UnitTestAdapter" className="Tavisca.Catapult.External.DataProviders.Tests.Activity.ActivityContentProviderTest" name="FillActivityContentTest" />
    </UnitTest>
    <UnitTest name="SearchActivities" storage="d:\code\tom\catapult\code\trunk\catapultservices\tavisca.catapult.external.dataproviders.tests\bin\debug\tavisca.catapult.external.dataproviders.tests.dll" id="48591357-aeb4-b548-25cf-741292850f68">
      <Execution id="d91f7034-ad83-4c8b-b9f2-e3732d0d8338" />
      <TestMethod codeBase="D:\Code\TOM\Catapult\Code\trunk\CatapultServices\Tavisca.Catapult.External.DataProviders.Tests\bin\Debug\Tavisca.Catapult.External.DataProviders.Tests.dll" adapterTypeName="Microsoft.VisualStudio.TestTools.TestTypes.Unit.UnitTestAdapter" className="Tavisca.Catapult.External.DataProviders.Tests.Activity.ActivityDataProviderTests" name="SearchActivities" />
    </UnitTest>
    <UnitTest name="SearchActivitiesByCityCode" storage="d:\code\tom\catapult\code\trunk\catapultservices\tavisca.catapult.external.dataproviders.tests\bin\debug\tavisca.catapult.external.dataproviders.tests.dll" id="5290a6a5-b75a-8e70-3280-2aff9c8a8b17">
      <Execution id="227aea59-28cb-4592-92bb-d508c60580a2" />
      <TestMethod codeBase="D:\Code\TOM\Catapult\Code\trunk\CatapultServices\Tavisca.Catapult.External.DataProviders.Tests\bin\Debug\Tavisca.Catapult.External.DataProviders.Tests.dll" adapterTypeName="Microsoft.VisualStudio.TestTools.TestTypes.Unit.UnitTestAdapter" className="Tavisca.Catapult.External.DataProviders.Tests.Activity.ActivityDataProviderTests" name="SearchActivitiesByCityCode" />
    </UnitTest>
    <UnitTest name="SearchActivitiesByActivityCode" storage="d:\code\tom\catapult\code\trunk\catapultservices\tavisca.catapult.external.dataproviders.tests\bin\debug\tavisca.catapult.external.dataproviders.tests.dll" id="55c6dd15-61e2-a901-b6bb-28700f3ff6ea">
      <Execution id="9fd989bd-9b36-4619-a2de-61268b07a966" />
      <TestMethod codeBase="D:\Code\TOM\Catapult\Code\trunk\CatapultServices\Tavisca.Catapult.External.DataProviders.Tests\bin\Debug\Tavisca.Catapult.External.DataProviders.Tests.dll" adapterTypeName="Microsoft.VisualStudio.TestTools.TestTypes.Unit.UnitTestAdapter" className="Tavisca.Catapult.External.DataProviders.Tests.Activity.ActivityDataProviderTests" name="SearchActivitiesByActivityCode" />
    </UnitTest>
    <UnitTest name="SearchActivitiesByAirportCode" storage="d:\code\tom\catapult\code\trunk\catapultservices\tavisca.catapult.external.dataproviders.tests\bin\debug\tavisca.catapult.external.dataproviders.tests.dll" id="3a3c3bce-deaf-deb2-99c2-4c68d9b3c6be">
      <Execution id="11ce4766-42d0-46b2-95a6-07dc9e3ee249" />
      <TestMethod codeBase="D:\Code\TOM\Catapult\Code\trunk\CatapultServices\Tavisca.Catapult.External.DataProviders.Tests\bin\Debug\Tavisca.Catapult.External.DataProviders.Tests.dll" adapterTypeName="Microsoft.VisualStudio.TestTools.TestTypes.Unit.UnitTestAdapter" className="Tavisca.Catapult.External.DataProviders.Tests.Activity.ActivityDataProviderTests" name="SearchActivitiesByAirportCode" />
    </UnitTest>
    <UnitTest name="SearchActivitiesByGeoCode" storage="d:\code\tom\catapult\code\trunk\catapultservices\tavisca.catapult.external.dataproviders.tests\bin\debug\tavisca.catapult.external.dataproviders.tests.dll" id="417dddbb-ba17-5cb7-a9ba-5ac2b871d82c">
      <Execution id="ab8cf554-7ad7-4c1a-918d-1a3209569ea4" />
      <TestMethod codeBase="D:\Code\TOM\Catapult\Code\trunk\CatapultServices\Tavisca.Catapult.External.DataProviders.Tests\bin\Debug\Tavisca.Catapult.External.DataProviders.Tests.dll" adapterTypeName="Microsoft.VisualStudio.TestTools.TestTypes.Unit.UnitTestAdapter" className="Tavisca.Catapult.External.DataProviders.Tests.Activity.ActivityDataProviderTests" name="SearchActivitiesByGeoCode" />
    </UnitTest>
    <UnitTest name="SearchByCityCodeTest" storage="d:\code\tom\catapult\code\trunk\catapultservices\tavisca.catapult.external.servicetest\bin\debug\tavisca.catapult.external.servicetest.dll" id="0bbb2611-7608-53a5-5d88-f168ce8bf9dc">
      <Execution id="357ee5b9-bb46-4aa9-a3e4-f4a28a567953" />
      <TestMethod codeBase="D:\Code\TOM\Catapult\Code\trunk\CatapultServices\Tavisca.Catapult.External.ServiceTest\bin\Debug\Tavisca.Catapult.External.ServiceTest.dll" adapterTypeName="Microsoft.VisualStudio.TestTools.TestTypes.Unit.UnitTestAdapter" className="Tavisca.Catapult.External.ServiceTest.ActivitySearchByCityCodeTest" name="SearchByCityCodeTest" />
    </UnitTest>
    <UnitTest name="SearchByActivityCodeTest" storage="d:\code\tom\catapult\code\trunk\catapultservices\tavisca.catapult.external.servicetest\bin\debug\tavisca.catapult.external.servicetest.dll" id="59e8135f-8dff-17aa-d78c-914011748436">
      <Execution id="63653ec5-18ef-44b8-af3b-c6325962369c" />
      <TestMethod codeBase="D:\Code\TOM\Catapult\Code\trunk\CatapultServices\Tavisca.Catapult.External.ServiceTest\bin\Debug\Tavisca.Catapult.External.ServiceTest.dll" adapterTypeName="Microsoft.VisualStudio.TestTools.TestTypes.Unit.UnitTestAdapter" className="Tavisca.Catapult.External.ServiceTest.ActivitySearchByCityCodeTest" name="SearchByActivityCodeTest" />
    </UnitTest>
    <UnitTest name="SearchByGeoCodeCodeTest" storage="d:\code\tom\catapult\code\trunk\catapultservices\tavisca.catapult.external.servicetest\bin\debug\tavisca.catapult.external.servicetest.dll" id="bd20f9c6-5cc0-0429-8934-fb94d3e8fbdc">
      <Execution id="b197f178-8254-424b-b589-ae0938d02ab4" />
      <TestMethod codeBase="D:\Code\TOM\Catapult\Code\trunk\CatapultServices\Tavisca.Catapult.External.ServiceTest\bin\Debug\Tavisca.Catapult.External.ServiceTest.dll" adapterTypeName="Microsoft.VisualStudio.TestTools.TestTypes.Unit.UnitTestAdapter" className="Tavisca.Catapult.External.ServiceTest.ActivitySearchByCityCodeTest" name="SearchByGeoCodeCodeTest" />
    </UnitTest>
    <UnitTest name="SearchByAirportCodeCodeTest" storage="d:\code\tom\catapult\code\trunk\catapultservices\tavisca.catapult.external.servicetest\bin\debug\tavisca.catapult.external.servicetest.dll" id="0a01aa17-a8b5-1a9b-1443-17164dc7307a">
      <Execution id="f4007a8b-4ace-462a-9857-51743696a766" />
      <TestMethod codeBase="D:\Code\TOM\Catapult\Code\trunk\CatapultServices\Tavisca.Catapult.External.ServiceTest\bin\Debug\Tavisca.Catapult.External.ServiceTest.dll" adapterTypeName="Microsoft.VisualStudio.TestTools.TestTypes.Unit.UnitTestAdapter" className="Tavisca.Catapult.External.ServiceTest.ActivitySearchByCityCodeTest" name="SearchByAirportCodeCodeTest" />
    </UnitTest>
    <UnitTest name="SearchActivitiesValidationInvalidTest" storage="d:\code\tom\catapult\code\trunk\catapultservices\tavisca.catapult.external.servicetest\bin\debug\tavisca.catapult.external.servicetest.dll" id="a9bbc090-eb5f-3cff-92d7-df1b5adce704">
      <Execution id="72432798-76fd-49a6-ac7d-693979a84fb1" />
      <TestMethod codeBase="D:\Code\TOM\Catapult\Code\trunk\CatapultServices\Tavisca.Catapult.External.ServiceTest\bin\Debug\Tavisca.Catapult.External.ServiceTest.dll" adapterTypeName="Microsoft.VisualStudio.TestTools.TestTypes.Unit.UnitTestAdapter" className="Tavisca.Catapult.External.ServiceTest.ServiceValidationTest" name="SearchActivitiesValidationInvalidTest" />
    </UnitTest>
    <UnitTest name="SearchActivitiesValidationValidTest" storage="d:\code\tom\catapult\code\trunk\catapultservices\tavisca.catapult.external.servicetest\bin\debug\tavisca.catapult.external.servicetest.dll" id="e900838f-5fc9-b6ff-4d1e-95187958ba2a">
      <Execution id="ab992267-5bad-4fe7-b982-63136f6e3469" />
      <TestMethod codeBase="D:\Code\TOM\Catapult\Code\trunk\CatapultServices\Tavisca.Catapult.External.ServiceTest\bin\Debug\Tavisca.Catapult.External.ServiceTest.dll" adapterTypeName="Microsoft.VisualStudio.TestTools.TestTypes.Unit.UnitTestAdapter" className="Tavisca.Catapult.External.ServiceTest.ServiceValidationTest" name="SearchActivitiesValidationValidTest" />
    </UnitTest>
    <UnitTest name="ActivityBookingRequestValidTest" storage="d:\code\tom\catapult\code\trunk\catapultservices\tavisca.catapult.external.validationtest\bin\debug\tavisca.catapult.external.validationtest.dll" id="84f0638e-5097-fa93-fe70-c7e03cbad53e">
      <Execution id="a8c863c2-a246-4235-ad31-57903d80d130" />
      <TestMethod codeBase="D:\Code\TOM\Catapult\Code\trunk\CatapultServices\Tavisca.Catapult.External.ValidationTest\bin\Debug\Tavisca.Catapult.External.ValidationTest.dll" adapterTypeName="Microsoft.VisualStudio.TestTools.TestTypes.Unit.UnitTestAdapter" className="Tavisca.Catapult.External.ValidationTest.ActivityBookingRequestValidationTest" name="ActivityBookingRequestValidTest" />
    </UnitTest>
    <UnitTest name="ActivityBookingRequestForActivityCodeValueIsNullInValidTest" storage="d:\code\tom\catapult\code\trunk\catapultservices\tavisca.catapult.external.validationtest\bin\debug\tavisca.catapult.external.validationtest.dll" id="ba862b5d-7692-c260-c6aa-d77ef0904c85">
      <Execution id="c3f0063a-997b-4d69-8fb0-ba71bf455dfe" />
      <TestMethod codeBase="D:\Code\TOM\Catapult\Code\trunk\CatapultServices\Tavisca.Catapult.External.ValidationTest\bin\Debug\Tavisca.Catapult.External.ValidationTest.dll" adapterTypeName="Microsoft.VisualStudio.TestTools.TestTypes.Unit.UnitTestAdapter" className="Tavisca.Catapult.External.ValidationTest.ActivityBookingRequestValidationTest" name="ActivityBookingRequestForActivityCodeValueIsNullInValidTest" />
    </UnitTest>
    <UnitTest name="ActivityBookingRequestForActivityCodeValueIsEmptyInValidTest" storage="d:\code\tom\catapult\code\trunk\catapultservices\tavisca.catapult.external.validationtest\bin\debug\tavisca.catapult.external.validationtest.dll" id="a9211b11-a5c5-b938-77e4-23f814b1ca5c">
      <Execution id="78959705-bd05-4093-8c13-61864fe2132b" />
      <TestMethod codeBase="D:\Code\TOM\Catapult\Code\trunk\CatapultServices\Tavisca.Catapult.External.ValidationTest\bin\Debug\Tavisca.Catapult.External.ValidationTest.dll" adapterTypeName="Microsoft.VisualStudio.TestTools.TestTypes.Unit.UnitTestAdapter" className="Tavisca.Catapult.External.ValidationTest.ActivityBookingRequestValidationTest" name="ActivityBookingRequestForActivityCodeValueIsEmptyInValidTest" />
    </UnitTest>
    <UnitTest name="ActivityBookingRequestForActivityCodeValueIsAlphaNumericInValidTest" storage="d:\code\tom\catapult\code\trunk\catapultservices\tavisca.catapult.external.validationtest\bin\debug\tavisca.catapult.external.validationtest.dll" id="57b0aec0-2222-94a0-d8fc-860fe295cda7">
      <Execution id="81833e8f-dcf6-42f0-bdfc-fb03ef3b7285" />
      <TestMethod codeBase="D:\Code\TOM\Catapult\Code\trunk\CatapultServices\Tavisca.Catapult.External.ValidationTest\bin\Debug\Tavisca.Catapult.External.ValidationTest.dll" adapterTypeName="Microsoft.VisualStudio.TestTools.TestTypes.Unit.UnitTestAdapter" className="Tavisca.Catapult.External.ValidationTest.ActivityBookingRequestValidationTest" name="ActivityBookingRequestForActivityCodeValueIsAlphaNumericInValidTest" />
    </UnitTest>
    <UnitTest name="ActivityBookingRequestForActivityCodeValueContainsSpecialCharInValidTest" storage="d:\code\tom\catapult\code\trunk\catapultservices\tavisca.catapult.external.validationtest\bin\debug\tavisca.catapult.external.validationtest.dll" id="e4b85246-375f-95cd-b3f7-e6362db858b5">
      <Execution id="ac277daa-fc90-45cb-8b03-1c082990876e" />
      <TestMethod codeBase="D:\Code\TOM\Catapult\Code\trunk\CatapultServices\Tavisca.Catapult.External.ValidationTest\bin\Debug\Tavisca.Catapult.External.ValidationTest.dll" adapterTypeName="Microsoft.VisualStudio.TestTools.TestTypes.Unit.UnitTestAdapter" className="Tavisca.Catapult.External.ValidationTest.ActivityBookingRequestValidationTest" name="ActivityBookingRequestForActivityCodeValueContainsSpecialCharInValidTest" />
    </UnitTest>
    <UnitTest name="ActivityBookingRequestForActivityCodeValueContainsSpaceInValidTest" storage="d:\code\tom\catapult\code\trunk\catapultservices\tavisca.catapult.external.validationtest\bin\debug\tavisca.catapult.external.validationtest.dll" id="ccbd6fc9-65ae-488d-608d-ccc87ea5109b">
      <Execution id="7c8053fd-6f31-4500-83bd-f99d548f9362" />
      <TestMethod codeBase="D:\Code\TOM\Catapult\Code\trunk\CatapultServices\Tavisca.Catapult.External.ValidationTest\bin\Debug\Tavisca.Catapult.External.ValidationTest.dll" adapterTypeName="Microsoft.VisualStudio.TestTools.TestTypes.Unit.UnitTestAdapter" className="Tavisca.Catapult.External.ValidationTest.ActivityBookingRequestValidationTest" name="ActivityBookingRequestForActivityCodeValueContainsSpaceInValidTest" />
    </UnitTest>
    <UnitTest name="ActivityBookingRequestForOptionCodeValueIsNullInValidTest" storage="d:\code\tom\catapult\code\trunk\catapultservices\tavisca.catapult.external.validationtest\bin\debug\tavisca.catapult.external.validationtest.dll" id="ed29bb7b-ef82-bcab-0372-6de483dcd30b">
      <Execution id="0b2f8db6-e7b2-461f-85b0-03ba31ebbcfa" />
      <TestMethod codeBase="D:\Code\TOM\Catapult\Code\trunk\CatapultServices\Tavisca.Catapult.External.ValidationTest\bin\Debug\Tavisca.Catapult.External.ValidationTest.dll" adapterTypeName="Microsoft.VisualStudio.TestTools.TestTypes.Unit.UnitTestAdapter" className="Tavisca.Catapult.External.ValidationTest.ActivityBookingRequestValidationTest" name="ActivityBookingRequestForOptionCodeValueIsNullInValidTest" />
    </UnitTest>
    <UnitTest name="ActivityBookingRequestForActivityOptionCodeValueIsEmptyInValidTest" storage="d:\code\tom\catapult\code\trunk\catapultservices\tavisca.catapult.external.validationtest\bin\debug\tavisca.catapult.external.validationtest.dll" id="2d31d09c-edee-109a-66a0-17565fe6dd7b">
      <Execution id="3c4befc8-935f-4127-b1dd-91f3b7c3b163" />
      <TestMethod codeBase="D:\Code\TOM\Catapult\Code\trunk\CatapultServices\Tavisca.Catapult.External.ValidationTest\bin\Debug\Tavisca.Catapult.External.ValidationTest.dll" adapterTypeName="Microsoft.VisualStudio.TestTools.TestTypes.Unit.UnitTestAdapter" className="Tavisca.Catapult.External.ValidationTest.ActivityBookingRequestValidationTest" name="ActivityBookingRequestForActivityOptionCodeValueIsEmptyInValidTest" />
    </UnitTest>
    <UnitTest name="ActivityBookingRequestForOptionCodeValueIsAlphaNumericInValidTest" storage="d:\code\tom\catapult\code\trunk\catapultservices\tavisca.catapult.external.validationtest\bin\debug\tavisca.catapult.external.validationtest.dll" id="7f179fc4-62c9-e07b-9b58-8a6eb84e7dfc">
      <Execution id="c480b17d-ef11-4584-997a-63bf2242f469" />
      <TestMethod codeBase="D:\Code\TOM\Catapult\Code\trunk\CatapultServices\Tavisca.Catapult.External.ValidationTest\bin\Debug\Tavisca.Catapult.External.ValidationTest.dll" adapterTypeName="Microsoft.VisualStudio.TestTools.TestTypes.Unit.UnitTestAdapter" className="Tavisca.Catapult.External.ValidationTest.ActivityBookingRequestValidationTest" name="ActivityBookingRequestForOptionCodeValueIsAlphaNumericInValidTest" />
    </UnitTest>
    <UnitTest name="ActivityBookingRequestForOptionCodeValueContainsSpecialCharInValidTest" storage="d:\code\tom\catapult\code\trunk\catapultservices\tavisca.catapult.external.validationtest\bin\debug\tavisca.catapult.external.validationtest.dll" id="e0ce46a3-c34d-d05d-6a38-5d094c78fae4">
      <Execution id="b6955465-91f8-439d-8e28-c575d88122d8" />
      <TestMethod codeBase="D:\Code\TOM\Catapult\Code\trunk\CatapultServices\Tavisca.Catapult.External.ValidationTest\bin\Debug\Tavisca.Catapult.External.ValidationTest.dll" adapterTypeName="Microsoft.VisualStudio.TestTools.TestTypes.Unit.UnitTestAdapter" className="Tavisca.Catapult.External.ValidationTest.ActivityBookingRequestValidationTest" name="ActivityBookingRequestForOptionCodeValueContainsSpecialCharInValidTest" />
    </UnitTest>
    <UnitTest name="ActivityBookingRequestForOptionCodeValueContainsSpaceInValidTest" storage="d:\code\tom\catapult\code\trunk\catapultservices\tavisca.catapult.external.validationtest\bin\debug\tavisca.catapult.external.validationtest.dll" id="527cd608-71aa-5aa5-5866-955afbd011ba">
      <Execution id="fd0ad1c9-cb3a-44be-b195-bfec92de2843" />
      <TestMethod codeBase="D:\Code\TOM\Catapult\Code\trunk\CatapultServices\Tavisca.Catapult.External.ValidationTest\bin\Debug\Tavisca.Catapult.External.ValidationTest.dll" adapterTypeName="Microsoft.VisualStudio.TestTools.TestTypes.Unit.UnitTestAdapter" className="Tavisca.Catapult.External.ValidationTest.ActivityBookingRequestValidationTest" name="ActivityBookingRequestForOptionCodeValueContainsSpaceInValidTest" />
    </UnitTest>
    <UnitTest name="ActivityBookingRequestForRateCodeValueIsNullInValidTest" storage="d:\code\tom\catapult\code\trunk\catapultservices\tavisca.catapult.external.validationtest\bin\debug\tavisca.catapult.external.validationtest.dll" id="871e49fd-27ca-c1cf-6341-5f7ac086a09d">
      <Execution id="14c0ed35-1f0d-418a-ac82-62cbf35a00a1" />
      <TestMethod codeBase="D:\Code\TOM\Catapult\Code\trunk\CatapultServices\Tavisca.Catapult.External.ValidationTest\bin\Debug\Tavisca.Catapult.External.ValidationTest.dll" adapterTypeName="Microsoft.VisualStudio.TestTools.TestTypes.Unit.UnitTestAdapter" className="Tavisca.Catapult.External.ValidationTest.ActivityBookingRequestValidationTest" name="ActivityBookingRequestForRateCodeValueIsNullInValidTest" />
    </UnitTest>
    <UnitTest name="ActivityBookingRequestForRateCodeValueIsEmptyInValidTest" storage="d:\code\tom\catapult\code\trunk\catapultservices\tavisca.catapult.external.validationtest\bin\debug\tavisca.catapult.external.validationtest.dll" id="d732948e-07c8-6f03-c7bb-e58e99e29b19">
      <Execution id="c7d62605-256c-48a9-ba3d-bf68ddbe0fa6" />
      <TestMethod codeBase="D:\Code\TOM\Catapult\Code\trunk\CatapultServices\Tavisca.Catapult.External.ValidationTest\bin\Debug\Tavisca.Catapult.External.ValidationTest.dll" adapterTypeName="Microsoft.VisualStudio.TestTools.TestTypes.Unit.UnitTestAdapter" className="Tavisca.Catapult.External.ValidationTest.ActivityBookingRequestValidationTest" name="ActivityBookingRequestForRateCodeValueIsEmptyInValidTest" />
    </UnitTest>
    <UnitTest name="ActivityBookingRequestForRateCodeValueIsAlphaNumericInValidTest" storage="d:\code\tom\catapult\code\trunk\catapultservices\tavisca.catapult.external.validationtest\bin\debug\tavisca.catapult.external.validationtest.dll" id="d8b4f86e-11e3-cf57-8ebf-0f150517ac11">
      <Execution id="2790d4ad-1551-4684-a8a0-7f41844996e3" />
      <TestMethod codeBase="D:\Code\TOM\Catapult\Code\trunk\CatapultServices\Tavisca.Catapult.External.ValidationTest\bin\Debug\Tavisca.Catapult.External.ValidationTest.dll" adapterTypeName="Microsoft.VisualStudio.TestTools.TestTypes.Unit.UnitTestAdapter" className="Tavisca.Catapult.External.ValidationTest.ActivityBookingRequestValidationTest" name="ActivityBookingRequestForRateCodeValueIsAlphaNumericInValidTest" />
    </UnitTest>
    <UnitTest name="ActivityBookingRequestForRateCodeValueContainsSpecialCharInValidTest" storage="d:\code\tom\catapult\code\trunk\catapultservices\tavisca.catapult.external.validationtest\bin\debug\tavisca.catapult.external.validationtest.dll" id="157d8ac7-bb2e-28e8-c978-65290c2d9f3e">
      <Execution id="7a3cb8f0-8301-491b-8c6d-5c397528d421" />
      <TestMethod codeBase="D:\Code\TOM\Catapult\Code\trunk\CatapultServices\Tavisca.Catapult.External.ValidationTest\bin\Debug\Tavisca.Catapult.External.ValidationTest.dll" adapterTypeName="Microsoft.VisualStudio.TestTools.TestTypes.Unit.UnitTestAdapter" className="Tavisca.Catapult.External.ValidationTest.ActivityBookingRequestValidationTest" name="ActivityBookingRequestForRateCodeValueContainsSpecialCharInValidTest" />
    </UnitTest>
    <UnitTest name="ActivityBookingRequestForRateCodeValueContainsSpaceInValidTest" storage="d:\code\tom\catapult\code\trunk\catapultservices\tavisca.catapult.external.validationtest\bin\debug\tavisca.catapult.external.validationtest.dll" id="e2d53823-cd88-2f8c-3915-87b102405af1">
      <Execution id="03223b2e-55c6-4d57-b8af-bd5e34a3fa12" />
      <TestMethod codeBase="D:\Code\TOM\Catapult\Code\trunk\CatapultServices\Tavisca.Catapult.External.ValidationTest\bin\Debug\Tavisca.Catapult.External.ValidationTest.dll" adapterTypeName="Microsoft.VisualStudio.TestTools.TestTypes.Unit.UnitTestAdapter" className="Tavisca.Catapult.External.ValidationTest.ActivityBookingRequestValidationTest" name="ActivityBookingRequestForRateCodeValueContainsSpaceInValidTest" />
    </UnitTest>
    <UnitTest name="ActivityBookingRequestForSelectedDateValidTest" storage="d:\code\tom\catapult\code\trunk\catapultservices\tavisca.catapult.external.validationtest\bin\debug\tavisca.catapult.external.validationtest.dll" id="a05a3e03-a5b1-87b4-6c64-4a862bf32fa7">
      <Execution id="57667edf-7d34-41cc-8611-10f45eb5a769" />
      <TestMethod codeBase="D:\Code\TOM\Catapult\Code\trunk\CatapultServices\Tavisca.Catapult.External.ValidationTest\bin\Debug\Tavisca.Catapult.External.ValidationTest.dll" adapterTypeName="Microsoft.VisualStudio.TestTools.TestTypes.Unit.UnitTestAdapter" className="Tavisca.Catapult.External.ValidationTest.ActivityBookingRequestValidationTest" name="ActivityBookingRequestForSelectedDateValidTest" />
    </UnitTest>
    <UnitTest name="ActivityBookingRequestForSelectedDateDateLessThanTodaysDateInValidTest" storage="d:\code\tom\catapult\code\trunk\catapultservices\tavisca.catapult.external.validationtest\bin\debug\tavisca.catapult.external.validationtest.dll" id="0a8f2485-1693-3ed9-74ac-bdea07d7f12e">
      <Execution id="3fc6f08b-a2c8-41d6-8d62-661086f4fbc7" />
      <TestMethod codeBase="D:\Code\TOM\Catapult\Code\trunk\CatapultServices\Tavisca.Catapult.External.ValidationTest\bin\Debug\Tavisca.Catapult.External.ValidationTest.dll" adapterTypeName="Microsoft.VisualStudio.TestTools.TestTypes.Unit.UnitTestAdapter" className="Tavisca.Catapult.External.ValidationTest.ActivityBookingRequestValidationTest" name="ActivityBookingRequestForSelectedDateDateLessThanTodaysDateInValidTest" />
    </UnitTest>
    <UnitTest name="ActivityBookingRequestForSelectedDateDateOneYearAdvanceCheckInInValidTest" storage="d:\code\tom\catapult\code\trunk\catapultservices\tavisca.catapult.external.validationtest\bin\debug\tavisca.catapult.external.validationtest.dll" id="22e8d756-8494-cc8e-7443-2b6851d54028">
      <Execution id="46811dda-09e9-4fe7-b5b3-aeee78e12c75" />
      <TestMethod codeBase="D:\Code\TOM\Catapult\Code\trunk\CatapultServices\Tavisca.Catapult.External.ValidationTest\bin\Debug\Tavisca.Catapult.External.ValidationTest.dll" adapterTypeName="Microsoft.VisualStudio.TestTools.TestTypes.Unit.UnitTestAdapter" className="Tavisca.Catapult.External.ValidationTest.ActivityBookingRequestValidationTest" name="ActivityBookingRequestForSelectedDateDateOneYearAdvanceCheckInInValidTest" />
    </UnitTest>
    <UnitTest name="ActivityBookingRequestForGuestInformationInformationValueIsNullInValidTest" storage="d:\code\tom\catapult\code\trunk\catapultservices\tavisca.catapult.external.validationtest\bin\debug\tavisca.catapult.external.validationtest.dll" id="45c48725-8109-9918-6ef4-f72e8a81ef47">
      <Execution id="2565f93e-41d4-44d4-b436-fbc816330260" />
      <TestMethod codeBase="D:\Code\TOM\Catapult\Code\trunk\CatapultServices\Tavisca.Catapult.External.ValidationTest\bin\Debug\Tavisca.Catapult.External.ValidationTest.dll" adapterTypeName="Microsoft.VisualStudio.TestTools.TestTypes.Unit.UnitTestAdapter" className="Tavisca.Catapult.External.ValidationTest.ActivityBookingRequestValidationTest" name="ActivityBookingRequestForGuestInformationInformationValueIsNullInValidTest" />
    </UnitTest>
    <UnitTest name="ActivityBookingRequestForPassengerListIsNullInValidTest" storage="d:\code\tom\catapult\code\trunk\catapultservices\tavisca.catapult.external.validationtest\bin\debug\tavisca.catapult.external.validationtest.dll" id="61324d45-5ce7-bd9a-bc84-17152bafee1e">
      <Execution id="f16c34f2-4490-4e6f-87d4-5f9e1a39309d" />
      <TestMethod codeBase="D:\Code\TOM\Catapult\Code\trunk\CatapultServices\Tavisca.Catapult.External.ValidationTest\bin\Debug\Tavisca.Catapult.External.ValidationTest.dll" adapterTypeName="Microsoft.VisualStudio.TestTools.TestTypes.Unit.UnitTestAdapter" className="Tavisca.Catapult.External.ValidationTest.ActivityBookingRequestValidationTest" name="ActivityBookingRequestForPassengerListIsNullInValidTest" />
    </UnitTest>
    <UnitTest name="ActivityBookingRequestForPassengerListIsEmptyInValidTest" storage="d:\code\tom\catapult\code\trunk\catapultservices\tavisca.catapult.external.validationtest\bin\debug\tavisca.catapult.external.validationtest.dll" id="a2d3da06-a54b-29e8-a730-37b8587059bd">
      <Execution id="5825d5e0-a50b-47d5-8468-58e9438061a2" />
      <TestMethod codeBase="D:\Code\TOM\Catapult\Code\trunk\CatapultServices\Tavisca.Catapult.External.ValidationTest\bin\Debug\Tavisca.Catapult.External.ValidationTest.dll" adapterTypeName="Microsoft.VisualStudio.TestTools.TestTypes.Unit.UnitTestAdapter" className="Tavisca.Catapult.External.ValidationTest.ActivityBookingRequestValidationTest" name="ActivityBookingRequestForPassengerListIsEmptyInValidTest" />
    </UnitTest>
    <UnitTest name="ActivityBookingUpdateRequestValidTest" storage="d:\code\tom\catapult\code\trunk\catapultservices\tavisca.catapult.external.validationtest\bin\debug\tavisca.catapult.external.validationtest.dll" id="c68516c1-ae0f-3180-6fc0-c4732df5e3df">
      <Execution id="a021d0d1-f1cf-4c5e-a714-ae11cbec9b2b" />
      <TestMethod codeBase="D:\Code\TOM\Catapult\Code\trunk\CatapultServices\Tavisca.Catapult.External.ValidationTest\bin\Debug\Tavisca.Catapult.External.ValidationTest.dll" adapterTypeName="Microsoft.VisualStudio.TestTools.TestTypes.Unit.UnitTestAdapter" className="Tavisca.Catapult.External.ValidationTest.ActivityBookingUpdateRequestValidationTest" name="ActivityBookingUpdateRequestValidTest" />
    </UnitTest>
    <UnitTest name="ActivityBookingUpdateRequestForOrderCodeValueIsNullInValidTest" storage="d:\code\tom\catapult\code\trunk\catapultservices\tavisca.catapult.external.validationtest\bin\debug\tavisca.catapult.external.validationtest.dll" id="5830bedc-e9c6-1877-3d52-b19fc69bf409">
      <Execution id="204d5c8d-475e-485d-b345-ce6c605e283e" />
      <TestMethod codeBase="D:\Code\TOM\Catapult\Code\trunk\CatapultServices\Tavisca.Catapult.External.ValidationTest\bin\Debug\Tavisca.Catapult.External.ValidationTest.dll" adapterTypeName="Microsoft.VisualStudio.TestTools.TestTypes.Unit.UnitTestAdapter" className="Tavisca.Catapult.External.ValidationTest.ActivityBookingUpdateRequestValidationTest" name="ActivityBookingUpdateRequestForOrderCodeValueIsNullInValidTest" />
    </UnitTest>
    <UnitTest name="ActivityBookingUpdateRequestForOrderCodeValueIsEmptyInValidTest" storage="d:\code\tom\catapult\code\trunk\catapultservices\tavisca.catapult.external.validationtest\bin\debug\tavisca.catapult.external.validationtest.dll" id="087824c9-3c32-2027-4bb0-0d050ccd5cb6">
      <Execution id="01b6f101-fdb7-4189-8409-456e83db8ac8" />
      <TestMethod codeBase="D:\Code\TOM\Catapult\Code\trunk\CatapultServices\Tavisca.Catapult.External.ValidationTest\bin\Debug\Tavisca.Catapult.External.ValidationTest.dll" adapterTypeName="Microsoft.VisualStudio.TestTools.TestTypes.Unit.UnitTestAdapter" className="Tavisca.Catapult.External.ValidationTest.ActivityBookingUpdateRequestValidationTest" name="ActivityBookingUpdateRequestForOrderCodeValueIsEmptyInValidTest" />
    </UnitTest>
    <UnitTest name="ActivityBookingUpdateRequestForOrderCodeValueIsAlphaNumericInValidTest" storage="d:\code\tom\catapult\code\trunk\catapultservices\tavisca.catapult.external.validationtest\bin\debug\tavisca.catapult.external.validationtest.dll" id="c6b8d6fe-268c-8aa8-a250-912e6e837836">
      <Execution id="ff6d84f3-b816-4fde-92b7-ccd10ba62dbd" />
      <TestMethod codeBase="D:\Code\TOM\Catapult\Code\trunk\CatapultServices\Tavisca.Catapult.External.ValidationTest\bin\Debug\Tavisca.Catapult.External.ValidationTest.dll" adapterTypeName="Microsoft.VisualStudio.TestTools.TestTypes.Unit.UnitTestAdapter" className="Tavisca.Catapult.External.ValidationTest.ActivityBookingUpdateRequestValidationTest" name="ActivityBookingUpdateRequestForOrderCodeValueIsAlphaNumericInValidTest" />
    </UnitTest>
    <UnitTest name="ActivityBookingUpdateRequestForOrderCodeValueContainsSpaceInValidTest" storage="d:\code\tom\catapult\code\trunk\catapultservices\tavisca.catapult.external.validationtest\bin\debug\tavisca.catapult.external.validationtest.dll" id="39e00cee-bbab-30b6-e00f-f5746a64cf28">
      <Execution id="15773758-fd23-4fe4-af8b-aab818dcf1c5" />
      <TestMethod codeBase="D:\Code\TOM\Catapult\Code\trunk\CatapultServices\Tavisca.Catapult.External.ValidationTest\bin\Debug\Tavisca.Catapult.External.ValidationTest.dll" adapterTypeName="Microsoft.VisualStudio.TestTools.TestTypes.Unit.UnitTestAdapter" className="Tavisca.Catapult.External.ValidationTest.ActivityBookingUpdateRequestValidationTest" name="ActivityBookingUpdateRequestForOrderCodeValueContainsSpaceInValidTest" />
    </UnitTest>
    <UnitTest name="ActivityBookingUpdateRequestForOrderCodeValueContainsSpecialCharInValidTest" storage="d:\code\tom\catapult\code\trunk\catapultservices\tavisca.catapult.external.validationtest\bin\debug\tavisca.catapult.external.validationtest.dll" id="1c2f1361-58a1-7ecb-2464-0e0e850dc1a7">
      <Execution id="81319dfc-a009-404e-a0d1-ca8e152fa6c4" />
      <TestMethod codeBase="D:\Code\TOM\Catapult\Code\trunk\CatapultServices\Tavisca.Catapult.External.ValidationTest\bin\Debug\Tavisca.Catapult.External.ValidationTest.dll" adapterTypeName="Microsoft.VisualStudio.TestTools.TestTypes.Unit.UnitTestAdapter" className="Tavisca.Catapult.External.ValidationTest.ActivityBookingUpdateRequestValidationTest" name="ActivityBookingUpdateRequestForOrderCodeValueContainsSpecialCharInValidTest" />
    </UnitTest>
    <UnitTest name="ActivityCancelRequestValidTest" storage="d:\code\tom\catapult\code\trunk\catapultservices\tavisca.catapult.external.validationtest\bin\debug\tavisca.catapult.external.validationtest.dll" id="1d2965a4-bd28-b4ca-1492-94e4d1004736">
      <Execution id="db84f8f0-ac99-486b-8530-c523a79a93a0" />
      <TestMethod codeBase="D:\Code\TOM\Catapult\Code\trunk\CatapultServices\Tavisca.Catapult.External.ValidationTest\bin\Debug\Tavisca.Catapult.External.ValidationTest.dll" adapterTypeName="Microsoft.VisualStudio.TestTools.TestTypes.Unit.UnitTestAdapter" className="Tavisca.Catapult.External.ValidationTest.ActivityCancelRequestValidationTest" name="ActivityCancelRequestValidTest" />
    </UnitTest>
    <UnitTest name="ActivityCancelRequestForOrderCodeValueIsNullInValidTest" storage="d:\code\tom\catapult\code\trunk\catapultservices\tavisca.catapult.external.validationtest\bin\debug\tavisca.catapult.external.validationtest.dll" id="954adc72-a1c5-d8d7-4467-8bd476f42fd7">
      <Execution id="d71839c9-d760-43ee-9aa1-14ae6117dbe0" />
      <TestMethod codeBase="D:\Code\TOM\Catapult\Code\trunk\CatapultServices\Tavisca.Catapult.External.ValidationTest\bin\Debug\Tavisca.Catapult.External.ValidationTest.dll" adapterTypeName="Microsoft.VisualStudio.TestTools.TestTypes.Unit.UnitTestAdapter" className="Tavisca.Catapult.External.ValidationTest.ActivityCancelRequestValidationTest" name="ActivityCancelRequestForOrderCodeValueIsNullInValidTest" />
    </UnitTest>
    <UnitTest name="ActivityCancelRequestForOrderCodeValueIsEmptyInValidTest" storage="d:\code\tom\catapult\code\trunk\catapultservices\tavisca.catapult.external.validationtest\bin\debug\tavisca.catapult.external.validationtest.dll" id="c12be7cd-07cb-ffb7-66c5-3ac0e8fe8087">
      <Execution id="32ad41a5-fa39-4862-af6b-72a75c4e26e0" />
      <TestMethod codeBase="D:\Code\TOM\Catapult\Code\trunk\CatapultServices\Tavisca.Catapult.External.ValidationTest\bin\Debug\Tavisca.Catapult.External.ValidationTest.dll" adapterTypeName="Microsoft.VisualStudio.TestTools.TestTypes.Unit.UnitTestAdapter" className="Tavisca.Catapult.External.ValidationTest.ActivityCancelRequestValidationTest" name="ActivityCancelRequestForOrderCodeValueIsEmptyInValidTest" />
    </UnitTest>
    <UnitTest name="ActivityCancelRequestForOrderCodeValueAlphaNumericInValidTest" storage="d:\code\tom\catapult\code\trunk\catapultservices\tavisca.catapult.external.validationtest\bin\debug\tavisca.catapult.external.validationtest.dll" id="dd35a849-fcad-a164-2679-32fd175f04a4">
      <Execution id="82ed4f69-29d0-444c-97b4-dc57997e2f94" />
      <TestMethod codeBase="D:\Code\TOM\Catapult\Code\trunk\CatapultServices\Tavisca.Catapult.External.ValidationTest\bin\Debug\Tavisca.Catapult.External.ValidationTest.dll" adapterTypeName="Microsoft.VisualStudio.TestTools.TestTypes.Unit.UnitTestAdapter" className="Tavisca.Catapult.External.ValidationTest.ActivityCancelRequestValidationTest" name="ActivityCancelRequestForOrderCodeValueAlphaNumericInValidTest" />
    </UnitTest>
    <UnitTest name="ActivityCancelRequestForOrderCodeValueContainsSpaceInValidTest" storage="d:\code\tom\catapult\code\trunk\catapultservices\tavisca.catapult.external.validationtest\bin\debug\tavisca.catapult.external.validationtest.dll" id="0cc83bd0-2aea-97b3-1c54-8fe4c4f0c3a0">
      <Execution id="aefb573e-4942-44c8-a369-db483c70eb40" />
      <TestMethod codeBase="D:\Code\TOM\Catapult\Code\trunk\CatapultServices\Tavisca.Catapult.External.ValidationTest\bin\Debug\Tavisca.Catapult.External.ValidationTest.dll" adapterTypeName="Microsoft.VisualStudio.TestTools.TestTypes.Unit.UnitTestAdapter" className="Tavisca.Catapult.External.ValidationTest.ActivityCancelRequestValidationTest" name="ActivityCancelRequestForOrderCodeValueContainsSpaceInValidTest" />
    </UnitTest>
    <UnitTest name="ActivityCancelRequestForOrderCodeValueContainsSpecialCharInValidTest" storage="d:\code\tom\catapult\code\trunk\catapultservices\tavisca.catapult.external.validationtest\bin\debug\tavisca.catapult.external.validationtest.dll" id="a161c4e9-985f-7bcb-5d3f-e86c125d06c9">
      <Execution id="4b645a0a-6795-442f-b3df-188f7d703569" />
      <TestMethod codeBase="D:\Code\TOM\Catapult\Code\trunk\CatapultServices\Tavisca.Catapult.External.ValidationTest\bin\Debug\Tavisca.Catapult.External.ValidationTest.dll" adapterTypeName="Microsoft.VisualStudio.TestTools.TestTypes.Unit.UnitTestAdapter" className="Tavisca.Catapult.External.ValidationTest.ActivityCancelRequestValidationTest" name="ActivityCancelRequestForOrderCodeValueContainsSpecialCharInValidTest" />
    </UnitTest>
    <UnitTest name="ActivityCancelRequestForReasonValueEmptyInValidTest" storage="d:\code\tom\catapult\code\trunk\catapultservices\tavisca.catapult.external.validationtest\bin\debug\tavisca.catapult.external.validationtest.dll" id="3ad3c44b-bdd1-5f8c-df42-e9f14df3fd10">
      <Execution id="f92bc037-c7b8-4bd4-8587-4869d39dddc5" />
      <TestMethod codeBase="D:\Code\TOM\Catapult\Code\trunk\CatapultServices\Tavisca.Catapult.External.ValidationTest\bin\Debug\Tavisca.Catapult.External.ValidationTest.dll" adapterTypeName="Microsoft.VisualStudio.TestTools.TestTypes.Unit.UnitTestAdapter" className="Tavisca.Catapult.External.ValidationTest.ActivityCancelRequestValidationTest" name="ActivityCancelRequestForReasonValueEmptyInValidTest" />
    </UnitTest>
    <UnitTest name="ActivityCancelRequestForReasonValueNullInValidTest" storage="d:\code\tom\catapult\code\trunk\catapultservices\tavisca.catapult.external.validationtest\bin\debug\tavisca.catapult.external.validationtest.dll" id="754d27fa-cf25-59d2-928f-2ea7f7795826">
      <Execution id="50d37df0-04ad-4321-82ce-91087a450893" />
      <TestMethod codeBase="D:\Code\TOM\Catapult\Code\trunk\CatapultServices\Tavisca.Catapult.External.ValidationTest\bin\Debug\Tavisca.Catapult.External.ValidationTest.dll" adapterTypeName="Microsoft.VisualStudio.TestTools.TestTypes.Unit.UnitTestAdapter" className="Tavisca.Catapult.External.ValidationTest.ActivityCancelRequestValidationTest" name="ActivityCancelRequestForReasonValueNullInValidTest" />
    </UnitTest>
    <UnitTest name="ActivityPriceRequestValidTest" storage="d:\code\tom\catapult\code\trunk\catapultservices\tavisca.catapult.external.validationtest\bin\debug\tavisca.catapult.external.validationtest.dll" id="09b66410-6708-d830-13e9-ff7b82fd4af5">
      <Execution id="05b4d3e1-e26e-47f0-b93b-b373829139eb" />
      <TestMethod codeBase="D:\Code\TOM\Catapult\Code\trunk\CatapultServices\Tavisca.Catapult.External.ValidationTest\bin\Debug\Tavisca.Catapult.External.ValidationTest.dll" adapterTypeName="Microsoft.VisualStudio.TestTools.TestTypes.Unit.UnitTestAdapter" className="Tavisca.Catapult.External.ValidationTest.ActivityPriceRequestValidationTest" name="ActivityPriceRequestValidTest" />
    </UnitTest>
    <UnitTest name="ActivityPriceRequestForActivityCodeValueIsNullInValidTest" storage="d:\code\tom\catapult\code\trunk\catapultservices\tavisca.catapult.external.validationtest\bin\debug\tavisca.catapult.external.validationtest.dll" id="52a04a9c-21a1-6aa8-84e3-75a4406c48ad">
      <Execution id="6938a006-778c-481f-845c-c77cce69726b" />
      <TestMethod codeBase="D:\Code\TOM\Catapult\Code\trunk\CatapultServices\Tavisca.Catapult.External.ValidationTest\bin\Debug\Tavisca.Catapult.External.ValidationTest.dll" adapterTypeName="Microsoft.VisualStudio.TestTools.TestTypes.Unit.UnitTestAdapter" className="Tavisca.Catapult.External.ValidationTest.ActivityPriceRequestValidationTest" name="ActivityPriceRequestForActivityCodeValueIsNullInValidTest" />
    </UnitTest>
    <UnitTest name="ActivityPriceRequestForActivityCodeValueIsEmptyInValidTest" storage="d:\code\tom\catapult\code\trunk\catapultservices\tavisca.catapult.external.validationtest\bin\debug\tavisca.catapult.external.validationtest.dll" id="011abde0-03cd-dea4-6c87-ede6f9dccfa5">
      <Execution id="5b1cbfaa-b61b-4f23-afed-2ad4240f29d4" />
      <TestMethod codeBase="D:\Code\TOM\Catapult\Code\trunk\CatapultServices\Tavisca.Catapult.External.ValidationTest\bin\Debug\Tavisca.Catapult.External.ValidationTest.dll" adapterTypeName="Microsoft.VisualStudio.TestTools.TestTypes.Unit.UnitTestAdapter" className="Tavisca.Catapult.External.ValidationTest.ActivityPriceRequestValidationTest" name="ActivityPriceRequestForActivityCodeValueIsEmptyInValidTest" />
    </UnitTest>
    <UnitTest name="ActivityPriceRequestForActivityCodeValueIsAlphaNumericInValidTest" storage="d:\code\tom\catapult\code\trunk\catapultservices\tavisca.catapult.external.validationtest\bin\debug\tavisca.catapult.external.validationtest.dll" id="6458e208-24f0-0322-cc94-c22da719ec9a">
      <Execution id="13e334ff-1884-451a-8fc3-309c40ad7e9f" />
      <TestMethod codeBase="D:\Code\TOM\Catapult\Code\trunk\CatapultServices\Tavisca.Catapult.External.ValidationTest\bin\Debug\Tavisca.Catapult.External.ValidationTest.dll" adapterTypeName="Microsoft.VisualStudio.TestTools.TestTypes.Unit.UnitTestAdapter" className="Tavisca.Catapult.External.ValidationTest.ActivityPriceRequestValidationTest" name="ActivityPriceRequestForActivityCodeValueIsAlphaNumericInValidTest" />
    </UnitTest>
    <UnitTest name="ActivityPriceRequestForActivityCodeValueContainsSpecialCharInValidTest" storage="d:\code\tom\catapult\code\trunk\catapultservices\tavisca.catapult.external.validationtest\bin\debug\tavisca.catapult.external.validationtest.dll" id="aad5c283-0bf0-e952-ec49-1d7e5fab87c4">
      <Execution id="72700404-69a2-4db1-8094-dbd7589ff98a" />
      <TestMethod codeBase="D:\Code\TOM\Catapult\Code\trunk\CatapultServices\Tavisca.Catapult.External.ValidationTest\bin\Debug\Tavisca.Catapult.External.ValidationTest.dll" adapterTypeName="Microsoft.VisualStudio.TestTools.TestTypes.Unit.UnitTestAdapter" className="Tavisca.Catapult.External.ValidationTest.ActivityPriceRequestValidationTest" name="ActivityPriceRequestForActivityCodeValueContainsSpecialCharInValidTest" />
    </UnitTest>
    <UnitTest name="ActivityPriceRequestForActivityCodeValueContainsSpaceInValidTest" storage="d:\code\tom\catapult\code\trunk\catapultservices\tavisca.catapult.external.validationtest\bin\debug\tavisca.catapult.external.validationtest.dll" id="85126e27-edd0-d96d-c2f8-f6f90b457639">
      <Execution id="18e3a4b4-d13f-445a-b4a1-a1e3f408a4bb" />
      <TestMethod codeBase="D:\Code\TOM\Catapult\Code\trunk\CatapultServices\Tavisca.Catapult.External.ValidationTest\bin\Debug\Tavisca.Catapult.External.ValidationTest.dll" adapterTypeName="Microsoft.VisualStudio.TestTools.TestTypes.Unit.UnitTestAdapter" className="Tavisca.Catapult.External.ValidationTest.ActivityPriceRequestValidationTest" name="ActivityPriceRequestForActivityCodeValueContainsSpaceInValidTest" />
    </UnitTest>
    <UnitTest name="ActivityPriceRequestForOptionCodeValueIsNullInValidTest" storage="d:\code\tom\catapult\code\trunk\catapultservices\tavisca.catapult.external.validationtest\bin\debug\tavisca.catapult.external.validationtest.dll" id="70e18095-8b99-0c75-1294-341c9268eac7">
      <Execution id="4a11e803-85ce-4cfb-bd98-776875cd5bad" />
      <TestMethod codeBase="D:\Code\TOM\Catapult\Code\trunk\CatapultServices\Tavisca.Catapult.External.ValidationTest\bin\Debug\Tavisca.Catapult.External.ValidationTest.dll" adapterTypeName="Microsoft.VisualStudio.TestTools.TestTypes.Unit.UnitTestAdapter" className="Tavisca.Catapult.External.ValidationTest.ActivityPriceRequestValidationTest" name="ActivityPriceRequestForOptionCodeValueIsNullInValidTest" />
    </UnitTest>
    <UnitTest name="ActivityPriceRequestForActivityOptionCodeValueIsEmptyInValidTest" storage="d:\code\tom\catapult\code\trunk\catapultservices\tavisca.catapult.external.validationtest\bin\debug\tavisca.catapult.external.validationtest.dll" id="da8fba84-7ee8-52a1-5cad-d936e59ffea4">
      <Execution id="a2ca2a20-3e09-46c7-9309-7ec93a71ada4" />
      <TestMethod codeBase="D:\Code\TOM\Catapult\Code\trunk\CatapultServices\Tavisca.Catapult.External.ValidationTest\bin\Debug\Tavisca.Catapult.External.ValidationTest.dll" adapterTypeName="Microsoft.VisualStudio.TestTools.TestTypes.Unit.UnitTestAdapter" className="Tavisca.Catapult.External.ValidationTest.ActivityPriceRequestValidationTest" name="ActivityPriceRequestForActivityOptionCodeValueIsEmptyInValidTest" />
    </UnitTest>
    <UnitTest name="ActivityPriceRequestForOptionCodeValueIsAlphaNumericInValidTest" storage="d:\code\tom\catapult\code\trunk\catapultservices\tavisca.catapult.external.validationtest\bin\debug\tavisca.catapult.external.validationtest.dll" id="d94674ff-c7ad-c9fd-e333-5bd4d1aa3c07">
      <Execution id="e683c5c0-17a8-4839-9ab8-9f485fb57a40" />
      <TestMethod codeBase="D:\Code\TOM\Catapult\Code\trunk\CatapultServices\Tavisca.Catapult.External.ValidationTest\bin\Debug\Tavisca.Catapult.External.ValidationTest.dll" adapterTypeName="Microsoft.VisualStudio.TestTools.TestTypes.Unit.UnitTestAdapter" className="Tavisca.Catapult.External.ValidationTest.ActivityPriceRequestValidationTest" name="ActivityPriceRequestForOptionCodeValueIsAlphaNumericInValidTest" />
    </UnitTest>
    <UnitTest name="ActivityPriceRequestForOptionCodeValueContainsSpecialCharInValidTest" storage="d:\code\tom\catapult\code\trunk\catapultservices\tavisca.catapult.external.validationtest\bin\debug\tavisca.catapult.external.validationtest.dll" id="1255979c-dd12-5c03-9cce-4fd44da5be15">
      <Execution id="466db9c2-7208-4526-bbbb-706988c92f85" />
      <TestMethod codeBase="D:\Code\TOM\Catapult\Code\trunk\CatapultServices\Tavisca.Catapult.External.ValidationTest\bin\Debug\Tavisca.Catapult.External.ValidationTest.dll" adapterTypeName="Microsoft.VisualStudio.TestTools.TestTypes.Unit.UnitTestAdapter" className="Tavisca.Catapult.External.ValidationTest.ActivityPriceRequestValidationTest" name="ActivityPriceRequestForOptionCodeValueContainsSpecialCharInValidTest" />
    </UnitTest>
    <UnitTest name="ActivityPriceRequestForOptionCodeValueContainsSpaceInValidTest" storage="d:\code\tom\catapult\code\trunk\catapultservices\tavisca.catapult.external.validationtest\bin\debug\tavisca.catapult.external.validationtest.dll" id="688247ae-9835-94fe-9b52-3912857e06d2">
      <Execution id="ecab85ec-4e70-4bd1-9dc9-e8a9b5a22ef6" />
      <TestMethod codeBase="D:\Code\TOM\Catapult\Code\trunk\CatapultServices\Tavisca.Catapult.External.ValidationTest\bin\Debug\Tavisca.Catapult.External.ValidationTest.dll" adapterTypeName="Microsoft.VisualStudio.TestTools.TestTypes.Unit.UnitTestAdapter" className="Tavisca.Catapult.External.ValidationTest.ActivityPriceRequestValidationTest" name="ActivityPriceRequestForOptionCodeValueContainsSpaceInValidTest" />
    </UnitTest>
    <UnitTest name="ActivityPriceRequestForRateCodeValueIsNullInValidTest" storage="d:\code\tom\catapult\code\trunk\catapultservices\tavisca.catapult.external.validationtest\bin\debug\tavisca.catapult.external.validationtest.dll" id="699e00d4-2bc0-0df2-7c9c-cee3c9d5ba66">
      <Execution id="10d7392c-089c-4015-8027-992a3ad5859a" />
      <TestMethod codeBase="D:\Code\TOM\Catapult\Code\trunk\CatapultServices\Tavisca.Catapult.External.ValidationTest\bin\Debug\Tavisca.Catapult.External.ValidationTest.dll" adapterTypeName="Microsoft.VisualStudio.TestTools.TestTypes.Unit.UnitTestAdapter" className="Tavisca.Catapult.External.ValidationTest.ActivityPriceRequestValidationTest" name="ActivityPriceRequestForRateCodeValueIsNullInValidTest" />
    </UnitTest>
    <UnitTest name="ActivityPriceRequestForRateCodeValueIsEmptyInValidTest" storage="d:\code\tom\catapult\code\trunk\catapultservices\tavisca.catapult.external.validationtest\bin\debug\tavisca.catapult.external.validationtest.dll" id="3e35f30d-9b35-c6b4-77bc-0d63b1beab1d">
      <Execution id="e50f13a4-afe4-44e5-b892-e5b07391f768" />
      <TestMethod codeBase="D:\Code\TOM\Catapult\Code\trunk\CatapultServices\Tavisca.Catapult.External.ValidationTest\bin\Debug\Tavisca.Catapult.External.ValidationTest.dll" adapterTypeName="Microsoft.VisualStudio.TestTools.TestTypes.Unit.UnitTestAdapter" className="Tavisca.Catapult.External.ValidationTest.ActivityPriceRequestValidationTest" name="ActivityPriceRequestForRateCodeValueIsEmptyInValidTest" />
    </UnitTest>
    <UnitTest name="ActivityPriceRequestForRateCodeValueIsAlphaNumericInValidTest" storage="d:\code\tom\catapult\code\trunk\catapultservices\tavisca.catapult.external.validationtest\bin\debug\tavisca.catapult.external.validationtest.dll" id="2fb08a23-dd59-45bd-a362-038febfa3293">
      <Execution id="84c9cf34-24f5-4caf-8aec-6af0cbfce370" />
      <TestMethod codeBase="D:\Code\TOM\Catapult\Code\trunk\CatapultServices\Tavisca.Catapult.External.ValidationTest\bin\Debug\Tavisca.Catapult.External.ValidationTest.dll" adapterTypeName="Microsoft.VisualStudio.TestTools.TestTypes.Unit.UnitTestAdapter" className="Tavisca.Catapult.External.ValidationTest.ActivityPriceRequestValidationTest" name="ActivityPriceRequestForRateCodeValueIsAlphaNumericInValidTest" />
    </UnitTest>
    <UnitTest name="ActivityPriceRequestForRateCodeValueContainsSpecialCharInValidTest" storage="d:\code\tom\catapult\code\trunk\catapultservices\tavisca.catapult.external.validationtest\bin\debug\tavisca.catapult.external.validationtest.dll" id="bba9958d-09cb-acc0-9298-d22454c488e9">
      <Execution id="112ecf78-d82c-4b33-9401-088eba2ad977" />
      <TestMethod codeBase="D:\Code\TOM\Catapult\Code\trunk\CatapultServices\Tavisca.Catapult.External.ValidationTest\bin\Debug\Tavisca.Catapult.External.ValidationTest.dll" adapterTypeName="Microsoft.VisualStudio.TestTools.TestTypes.Unit.UnitTestAdapter" className="Tavisca.Catapult.External.ValidationTest.ActivityPriceRequestValidationTest" name="ActivityPriceRequestForRateCodeValueContainsSpecialCharInValidTest" />
    </UnitTest>
    <UnitTest name="ActivityPriceRequestForRateCodeValueContainsSpaceInValidTest" storage="d:\code\tom\catapult\code\trunk\catapultservices\tavisca.catapult.external.validationtest\bin\debug\tavisca.catapult.external.validationtest.dll" id="9f865098-c919-805b-5ec2-18839f9dcff1">
      <Execution id="95bfea17-aa7a-4f14-a252-2567f84f16fc" />
      <TestMethod codeBase="D:\Code\TOM\Catapult\Code\trunk\CatapultServices\Tavisca.Catapult.External.ValidationTest\bin\Debug\Tavisca.Catapult.External.ValidationTest.dll" adapterTypeName="Microsoft.VisualStudio.TestTools.TestTypes.Unit.UnitTestAdapter" className="Tavisca.Catapult.External.ValidationTest.ActivityPriceRequestValidationTest" name="ActivityPriceRequestForRateCodeValueContainsSpaceInValidTest" />
    </UnitTest>
    <UnitTest name="ActivityPriceRequestForSelectedDateValidTest" storage="d:\code\tom\catapult\code\trunk\catapultservices\tavisca.catapult.external.validationtest\bin\debug\tavisca.catapult.external.validationtest.dll" id="e90b8034-6803-277c-3d7f-f2a50be6a38f">
      <Execution id="146017d2-219f-40d8-850e-a5cc5299b624" />
      <TestMethod codeBase="D:\Code\TOM\Catapult\Code\trunk\CatapultServices\Tavisca.Catapult.External.ValidationTest\bin\Debug\Tavisca.Catapult.External.ValidationTest.dll" adapterTypeName="Microsoft.VisualStudio.TestTools.TestTypes.Unit.UnitTestAdapter" className="Tavisca.Catapult.External.ValidationTest.ActivityPriceRequestValidationTest" name="ActivityPriceRequestForSelectedDateValidTest" />
    </UnitTest>
    <UnitTest name="ActivityPriceRequestForSelectedDateDateLessThanTodaysDateInValidTest" storage="d:\code\tom\catapult\code\trunk\catapultservices\tavisca.catapult.external.validationtest\bin\debug\tavisca.catapult.external.validationtest.dll" id="3648e9f7-7baf-5ba8-edae-f248c9b72d18">
      <Execution id="6da929b3-b95a-4e5e-92eb-8025632e314f" />
      <TestMethod codeBase="D:\Code\TOM\Catapult\Code\trunk\CatapultServices\Tavisca.Catapult.External.ValidationTest\bin\Debug\Tavisca.Catapult.External.ValidationTest.dll" adapterTypeName="Microsoft.VisualStudio.TestTools.TestTypes.Unit.UnitTestAdapter" className="Tavisca.Catapult.External.ValidationTest.ActivityPriceRequestValidationTest" name="ActivityPriceRequestForSelectedDateDateLessThanTodaysDateInValidTest" />
    </UnitTest>
    <UnitTest name="ActivityPriceRequestForSelectedDateDateOneYearAdvanceCheckInInValidTest" storage="d:\code\tom\catapult\code\trunk\catapultservices\tavisca.catapult.external.validationtest\bin\debug\tavisca.catapult.external.validationtest.dll" id="b38da5a8-d43f-158e-13cf-8d6184835f99">
      <Execution id="e3c37c30-899d-4b79-bc20-5e7367748753" />
      <TestMethod codeBase="D:\Code\TOM\Catapult\Code\trunk\CatapultServices\Tavisca.Catapult.External.ValidationTest\bin\Debug\Tavisca.Catapult.External.ValidationTest.dll" adapterTypeName="Microsoft.VisualStudio.TestTools.TestTypes.Unit.UnitTestAdapter" className="Tavisca.Catapult.External.ValidationTest.ActivityPriceRequestValidationTest" name="ActivityPriceRequestForSelectedDateDateOneYearAdvanceCheckInInValidTest" />
    </UnitTest>
    <UnitTest name="ActivityPriceRequestForGuestInformationInformationValueIsNullInValidTest" storage="d:\code\tom\catapult\code\trunk\catapultservices\tavisca.catapult.external.validationtest\bin\debug\tavisca.catapult.external.validationtest.dll" id="2aa0a4fc-4a0f-9b9d-04e1-3074cd944d05">
      <Execution id="d1d5c0ac-01af-4bd0-8940-11b9698d2c2a" />
      <TestMethod codeBase="D:\Code\TOM\Catapult\Code\trunk\CatapultServices\Tavisca.Catapult.External.ValidationTest\bin\Debug\Tavisca.Catapult.External.ValidationTest.dll" adapterTypeName="Microsoft.VisualStudio.TestTools.TestTypes.Unit.UnitTestAdapter" className="Tavisca.Catapult.External.ValidationTest.ActivityPriceRequestValidationTest" name="ActivityPriceRequestForGuestInformationInformationValueIsNullInValidTest" />
    </UnitTest>
    <UnitTest name="ActivitySearchRequestForStartDateValidTest" storage="d:\code\tom\catapult\code\trunk\catapultservices\tavisca.catapult.external.validationtest\bin\debug\tavisca.catapult.external.validationtest.dll" id="0d313d91-ae29-e395-8bd3-b7be7caa286b">
      <Execution id="820b728d-21f9-4c24-ae91-1f1124145bb1" />
      <TestMethod codeBase="D:\Code\TOM\Catapult\Code\trunk\CatapultServices\Tavisca.Catapult.External.ValidationTest\bin\Debug\Tavisca.Catapult.External.ValidationTest.dll" adapterTypeName="Microsoft.VisualStudio.TestTools.TestTypes.Unit.UnitTestAdapter" className="Tavisca.Catapult.External.ValidationTest.ActivitySearchRequestValidationTest" name="ActivitySearchRequestForStartDateValidTest" />
    </UnitTest>
    <UnitTest name="ActivitySearchRequestForStartDateLessThanTodaysDateInValidTest" storage="d:\code\tom\catapult\code\trunk\catapultservices\tavisca.catapult.external.validationtest\bin\debug\tavisca.catapult.external.validationtest.dll" id="94ef8124-7a3b-12d2-927d-2501c7ba2e28">
      <Execution id="19321c42-e63f-4d11-b0d0-753f8b2c12d6" />
      <TestMethod codeBase="D:\Code\TOM\Catapult\Code\trunk\CatapultServices\Tavisca.Catapult.External.ValidationTest\bin\Debug\Tavisca.Catapult.External.ValidationTest.dll" adapterTypeName="Microsoft.VisualStudio.TestTools.TestTypes.Unit.UnitTestAdapter" className="Tavisca.Catapult.External.ValidationTest.ActivitySearchRequestValidationTest" name="ActivitySearchRequestForStartDateLessThanTodaysDateInValidTest" />
    </UnitTest>
    <UnitTest name="ActivitySearchRequestForStartDateOneYearAdvanceStartInValidTest" storage="d:\code\tom\catapult\code\trunk\catapultservices\tavisca.catapult.external.validationtest\bin\debug\tavisca.catapult.external.validationtest.dll" id="a4329c61-1c26-f69c-f599-de1606166e19">
      <Execution id="cec45405-8e54-4869-a254-9faaf54f64fc" />
      <TestMethod codeBase="D:\Code\TOM\Catapult\Code\trunk\CatapultServices\Tavisca.Catapult.External.ValidationTest\bin\Debug\Tavisca.Catapult.External.ValidationTest.dll" adapterTypeName="Microsoft.VisualStudio.TestTools.TestTypes.Unit.UnitTestAdapter" className="Tavisca.Catapult.External.ValidationTest.ActivitySearchRequestValidationTest" name="ActivitySearchRequestForStartDateOneYearAdvanceStartInValidTest" />
    </UnitTest>
    <UnitTest name="ActivitySearchRequestForEndDateValidTest" storage="d:\code\tom\catapult\code\trunk\catapultservices\tavisca.catapult.external.validationtest\bin\debug\tavisca.catapult.external.validationtest.dll" id="d11c7a26-6ebc-6187-914d-282409be426e">
      <Execution id="b61d1797-4dbe-4130-a2b7-25715c326c20" />
      <TestMethod codeBase="D:\Code\TOM\Catapult\Code\trunk\CatapultServices\Tavisca.Catapult.External.ValidationTest\bin\Debug\Tavisca.Catapult.External.ValidationTest.dll" adapterTypeName="Microsoft.VisualStudio.TestTools.TestTypes.Unit.UnitTestAdapter" className="Tavisca.Catapult.External.ValidationTest.ActivitySearchRequestValidationTest" name="ActivitySearchRequestForEndDateValidTest" />
    </UnitTest>
    <UnitTest name="ActivitySearchRequestForEndDateOnTodayInValidTest" storage="d:\code\tom\catapult\code\trunk\catapultservices\tavisca.catapult.external.validationtest\bin\debug\tavisca.catapult.external.validationtest.dll" id="3d739ee5-1e19-b5fd-949a-1c9ded4c5269">
      <Execution id="35078355-7141-4236-bd1e-f7a101f4628f" />
      <TestMethod codeBase="D:\Code\TOM\Catapult\Code\trunk\CatapultServices\Tavisca.Catapult.External.ValidationTest\bin\Debug\Tavisca.Catapult.External.ValidationTest.dll" adapterTypeName="Microsoft.VisualStudio.TestTools.TestTypes.Unit.UnitTestAdapter" className="Tavisca.Catapult.External.ValidationTest.ActivitySearchRequestValidationTest" name="ActivitySearchRequestForEndDateOnTodayInValidTest" />
    </UnitTest>
    <UnitTest name="ActivitySearchRequestForGuestInformationValueNullInValidTest" storage="d:\code\tom\catapult\code\trunk\catapultservices\tavisca.catapult.external.validationtest\bin\debug\tavisca.catapult.external.validationtest.dll" id="99f5eb24-77ff-9512-02b0-b3b4691f5965">
      <Execution id="50bab834-2ce9-4b5f-887b-fa9ac6982ce6" />
      <TestMethod codeBase="D:\Code\TOM\Catapult\Code\trunk\CatapultServices\Tavisca.Catapult.External.ValidationTest\bin\Debug\Tavisca.Catapult.External.ValidationTest.dll" adapterTypeName="Microsoft.VisualStudio.TestTools.TestTypes.Unit.UnitTestAdapter" className="Tavisca.Catapult.External.ValidationTest.ActivitySearchRequestValidationTest" name="ActivitySearchRequestForGuestInformationValueNullInValidTest" />
    </UnitTest>
    <UnitTest name="ActivitySearchRequestForTagsValueNullValidTest" storage="d:\code\tom\catapult\code\trunk\catapultservices\tavisca.catapult.external.validationtest\bin\debug\tavisca.catapult.external.validationtest.dll" id="d30ea8c5-4463-f307-e5de-bba371c7db40">
      <Execution id="46afb7fe-3b0d-436f-9006-4276c307ecd5" />
      <TestMethod codeBase="D:\Code\TOM\Catapult\Code\trunk\CatapultServices\Tavisca.Catapult.External.ValidationTest\bin\Debug\Tavisca.Catapult.External.ValidationTest.dll" adapterTypeName="Microsoft.VisualStudio.TestTools.TestTypes.Unit.UnitTestAdapter" className="Tavisca.Catapult.External.ValidationTest.ActivitySearchRequestValidationTest" name="ActivitySearchRequestForTagsValueNullValidTest" />
    </UnitTest>
    <UnitTest name="ActivitySearchRequestForTagListIsEmptyValidTest" storage="d:\code\tom\catapult\code\trunk\catapultservices\tavisca.catapult.external.validationtest\bin\debug\tavisca.catapult.external.validationtest.dll" id="e3bfe20f-c9d5-b0c8-4257-4ba7b7837b2c">
      <Execution id="d44073fe-a5ec-4ce5-9799-91106bc736f2" />
      <TestMethod codeBase="D:\Code\TOM\Catapult\Code\trunk\CatapultServices\Tavisca.Catapult.External.ValidationTest\bin\Debug\Tavisca.Catapult.External.ValidationTest.dll" adapterTypeName="Microsoft.VisualStudio.TestTools.TestTypes.Unit.UnitTestAdapter" className="Tavisca.Catapult.External.ValidationTest.ActivitySearchRequestValidationTest" name="ActivitySearchRequestForTagListIsEmptyValidTest" />
    </UnitTest>
    <UnitTest name="ActivitySearchRequestForTagsContainLessThanFourItemsValidTest" storage="d:\code\tom\catapult\code\trunk\catapultservices\tavisca.catapult.external.validationtest\bin\debug\tavisca.catapult.external.validationtest.dll" id="4b359e43-4399-e532-e8cb-6d1ac8c076ad">
      <Execution id="a7994be6-9b40-497f-b886-2b86fe922c2e" />
      <TestMethod codeBase="D:\Code\TOM\Catapult\Code\trunk\CatapultServices\Tavisca.Catapult.External.ValidationTest\bin\Debug\Tavisca.Catapult.External.ValidationTest.dll" adapterTypeName="Microsoft.VisualStudio.TestTools.TestTypes.Unit.UnitTestAdapter" className="Tavisca.Catapult.External.ValidationTest.ActivitySearchRequestValidationTest" name="ActivitySearchRequestForTagsContainLessThanFourItemsValidTest" />
    </UnitTest>
    <UnitTest name="ActivitySearchRequestForTagsContainFourTagsValidTest" storage="d:\code\tom\catapult\code\trunk\catapultservices\tavisca.catapult.external.validationtest\bin\debug\tavisca.catapult.external.validationtest.dll" id="bf2244a7-6411-c83b-4755-e0dfa3bad0e7">
      <Execution id="6ffe5df1-e72d-45fe-8a11-88e8b61f6d9e" />
      <TestMethod codeBase="D:\Code\TOM\Catapult\Code\trunk\CatapultServices\Tavisca.Catapult.External.ValidationTest\bin\Debug\Tavisca.Catapult.External.ValidationTest.dll" adapterTypeName="Microsoft.VisualStudio.TestTools.TestTypes.Unit.UnitTestAdapter" className="Tavisca.Catapult.External.ValidationTest.ActivitySearchRequestValidationTest" name="ActivitySearchRequestForTagsContainFourTagsValidTest" />
    </UnitTest>
    <UnitTest name="ActivitySearchRequestForTagsContainMoreThanFourItemsInValidTest" storage="d:\code\tom\catapult\code\trunk\catapultservices\tavisca.catapult.external.validationtest\bin\debug\tavisca.catapult.external.validationtest.dll" id="ba9e0854-1ee7-e157-1b4a-1572e7be4fb0">
      <Execution id="2fbde4ea-8510-4882-8f9c-82faeba08e78" />
      <TestMethod codeBase="D:\Code\TOM\Catapult\Code\trunk\CatapultServices\Tavisca.Catapult.External.ValidationTest\bin\Debug\Tavisca.Catapult.External.ValidationTest.dll" adapterTypeName="Microsoft.VisualStudio.TestTools.TestTypes.Unit.UnitTestAdapter" className="Tavisca.Catapult.External.ValidationTest.ActivitySearchRequestValidationTest" name="ActivitySearchRequestForTagsContainMoreThanFourItemsInValidTest" />
    </UnitTest>
    <UnitTest name="OfficeIdForNumericValidTest" storage="d:\code\tom\catapult\code\trunk\catapultservices\tavisca.catapult.external.validationtest\bin\debug\tavisca.catapult.external.validationtest.dll" id="7851b68b-e740-c207-e8e5-be2a6aa55c4e">
      <Execution id="35371601-03cb-46b2-b98d-404a220b650a" />
      <TestMethod codeBase="D:\Code\TOM\Catapult\Code\trunk\CatapultServices\Tavisca.Catapult.External.ValidationTest\bin\Debug\Tavisca.Catapult.External.ValidationTest.dll" adapterTypeName="Microsoft.VisualStudio.TestTools.TestTypes.Unit.UnitTestAdapter" className="Tavisca.Catapult.External.ValidationTest.BaseRequestValidationTest" name="OfficeIdForNumericValidTest" />
    </UnitTest>
    <UnitTest name="OfficeIdForAlphaNumericValidTest" storage="d:\code\tom\catapult\code\trunk\catapultservices\tavisca.catapult.external.validationtest\bin\debug\tavisca.catapult.external.validationtest.dll" id="8fc996bf-d315-a4f4-80c2-5542bdc918e0">
      <Execution id="f4902b55-b80d-4d74-ab69-2a4e82e710d8" />
      <TestMethod codeBase="D:\Code\TOM\Catapult\Code\trunk\CatapultServices\Tavisca.Catapult.External.ValidationTest\bin\Debug\Tavisca.Catapult.External.ValidationTest.dll" adapterTypeName="Microsoft.VisualStudio.TestTools.TestTypes.Unit.UnitTestAdapter" className="Tavisca.Catapult.External.ValidationTest.BaseRequestValidationTest" name="OfficeIdForAlphaNumericValidTest" />
    </UnitTest>
    <UnitTest name="OfficeIdForAlphabeticValidTest" storage="d:\code\tom\catapult\code\trunk\catapultservices\tavisca.catapult.external.validationtest\bin\debug\tavisca.catapult.external.validationtest.dll" id="05361762-1b04-3aba-94a9-8465780f1903">
      <Execution id="691e9226-744a-4ab3-8fee-bdd89f439622" />
      <TestMethod codeBase="D:\Code\TOM\Catapult\Code\trunk\CatapultServices\Tavisca.Catapult.External.ValidationTest\bin\Debug\Tavisca.Catapult.External.ValidationTest.dll" adapterTypeName="Microsoft.VisualStudio.TestTools.TestTypes.Unit.UnitTestAdapter" className="Tavisca.Catapult.External.ValidationTest.BaseRequestValidationTest" name="OfficeIdForAlphabeticValidTest" />
    </UnitTest>
    <UnitTest name="OfficeIdForSpecialCharInValidTest" storage="d:\code\tom\catapult\code\trunk\catapultservices\tavisca.catapult.external.validationtest\bin\debug\tavisca.catapult.external.validationtest.dll" id="600174ae-2050-d21f-cd1d-c3004b127e16">
      <Execution id="c5bb3c2f-3ba5-4551-a191-4777c2a35ffb" />
      <TestMethod codeBase="D:\Code\TOM\Catapult\Code\trunk\CatapultServices\Tavisca.Catapult.External.ValidationTest\bin\Debug\Tavisca.Catapult.External.ValidationTest.dll" adapterTypeName="Microsoft.VisualStudio.TestTools.TestTypes.Unit.UnitTestAdapter" className="Tavisca.Catapult.External.ValidationTest.BaseRequestValidationTest" name="OfficeIdForSpecialCharInValidTest" />
    </UnitTest>
    <UnitTest name="OfficeIdForSpaceInValidTest" storage="d:\code\tom\catapult\code\trunk\catapultservices\tavisca.catapult.external.validationtest\bin\debug\tavisca.catapult.external.validationtest.dll" id="5e3af263-0092-f7ce-d4c1-55ce7bc035e6">
      <Execution id="bd5e0d2c-6e4b-4f2d-a16e-ba12e8df1a88" />
      <TestMethod codeBase="D:\Code\TOM\Catapult\Code\trunk\CatapultServices\Tavisca.Catapult.External.ValidationTest\bin\Debug\Tavisca.Catapult.External.ValidationTest.dll" adapterTypeName="Microsoft.VisualStudio.TestTools.TestTypes.Unit.UnitTestAdapter" className="Tavisca.Catapult.External.ValidationTest.BaseRequestValidationTest" name="OfficeIdForSpaceInValidTest" />
    </UnitTest>
    <UnitTest name="AccessKeyForNumericValidTest" storage="d:\code\tom\catapult\code\trunk\catapultservices\tavisca.catapult.external.validationtest\bin\debug\tavisca.catapult.external.validationtest.dll" id="80922928-856c-2d7f-9da3-6c27df908783">
      <Execution id="c37121d8-0fc9-4bb0-87e9-2c6ac1402a49" />
      <TestMethod codeBase="D:\Code\TOM\Catapult\Code\trunk\CatapultServices\Tavisca.Catapult.External.ValidationTest\bin\Debug\Tavisca.Catapult.External.ValidationTest.dll" adapterTypeName="Microsoft.VisualStudio.TestTools.TestTypes.Unit.UnitTestAdapter" className="Tavisca.Catapult.External.ValidationTest.BaseRequestValidationTest" name="AccessKeyForNumericValidTest" />
    </UnitTest>
    <UnitTest name="AccessKeyForAlphaNumericValidTest" storage="d:\code\tom\catapult\code\trunk\catapultservices\tavisca.catapult.external.validationtest\bin\debug\tavisca.catapult.external.validationtest.dll" id="e4fd27b8-c6b3-7937-06e4-6c4497021b84">
      <Execution id="119a2517-0e7a-4773-a0b2-668e5b3f2939" />
      <TestMethod codeBase="D:\Code\TOM\Catapult\Code\trunk\CatapultServices\Tavisca.Catapult.External.ValidationTest\bin\Debug\Tavisca.Catapult.External.ValidationTest.dll" adapterTypeName="Microsoft.VisualStudio.TestTools.TestTypes.Unit.UnitTestAdapter" className="Tavisca.Catapult.External.ValidationTest.BaseRequestValidationTest" name="AccessKeyForAlphaNumericValidTest" />
    </UnitTest>
    <UnitTest name="AccessKeyForAlphabeticValidTest" storage="d:\code\tom\catapult\code\trunk\catapultservices\tavisca.catapult.external.validationtest\bin\debug\tavisca.catapult.external.validationtest.dll" id="21e06e48-80a6-6e67-f2ac-05be02622645">
      <Execution id="a60665a7-5590-4575-a55b-6c5cc46eacaa" />
      <TestMethod codeBase="D:\Code\TOM\Catapult\Code\trunk\CatapultServices\Tavisca.Catapult.External.ValidationTest\bin\Debug\Tavisca.Catapult.External.ValidationTest.dll" adapterTypeName="Microsoft.VisualStudio.TestTools.TestTypes.Unit.UnitTestAdapter" className="Tavisca.Catapult.External.ValidationTest.BaseRequestValidationTest" name="AccessKeyForAlphabeticValidTest" />
    </UnitTest>
    <UnitTest name="AccessKeyForSpecialCharInValidTest" storage="d:\code\tom\catapult\code\trunk\catapultservices\tavisca.catapult.external.validationtest\bin\debug\tavisca.catapult.external.validationtest.dll" id="b88b1893-c999-e591-e332-001d64c3b6b1">
      <Execution id="b9718da2-ffb6-4801-bc07-fae54472a33c" />
      <TestMethod codeBase="D:\Code\TOM\Catapult\Code\trunk\CatapultServices\Tavisca.Catapult.External.ValidationTest\bin\Debug\Tavisca.Catapult.External.ValidationTest.dll" adapterTypeName="Microsoft.VisualStudio.TestTools.TestTypes.Unit.UnitTestAdapter" className="Tavisca.Catapult.External.ValidationTest.BaseRequestValidationTest" name="AccessKeyForSpecialCharInValidTest" />
    </UnitTest>
    <UnitTest name="AccessKeyForSpaceInValidTest" storage="d:\code\tom\catapult\code\trunk\catapultservices\tavisca.catapult.external.validationtest\bin\debug\tavisca.catapult.external.validationtest.dll" id="8670cddf-bbe4-3d03-8f05-2a18a695a5dd">
      <Execution id="d17ea919-7225-41af-ba4c-dd2f551aa313" />
      <TestMethod codeBase="D:\Code\TOM\Catapult\Code\trunk\CatapultServices\Tavisca.Catapult.External.ValidationTest\bin\Debug\Tavisca.Catapult.External.ValidationTest.dll" adapterTypeName="Microsoft.VisualStudio.TestTools.TestTypes.Unit.UnitTestAdapter" className="Tavisca.Catapult.External.ValidationTest.BaseRequestValidationTest" name="AccessKeyForSpaceInValidTest" />
    </UnitTest>
    <UnitTest name="CultureForValidCultureValidTest" storage="d:\code\tom\catapult\code\trunk\catapultservices\tavisca.catapult.external.validationtest\bin\debug\tavisca.catapult.external.validationtest.dll" id="152a637d-c080-817b-c09b-f85119c28eb9">
      <Execution id="eff13444-8611-4a26-a24b-2912c895fd89" />
      <TestMethod codeBase="D:\Code\TOM\Catapult\Code\trunk\CatapultServices\Tavisca.Catapult.External.ValidationTest\bin\Debug\Tavisca.Catapult.External.ValidationTest.dll" adapterTypeName="Microsoft.VisualStudio.TestTools.TestTypes.Unit.UnitTestAdapter" className="Tavisca.Catapult.External.ValidationTest.BaseRequestValidationTest" name="CultureForValidCultureValidTest" />
    </UnitTest>
    <UnitTest name="CultureForValidCultureAllSmallInValidTest" storage="d:\code\tom\catapult\code\trunk\catapultservices\tavisca.catapult.external.validationtest\bin\debug\tavisca.catapult.external.validationtest.dll" id="4bdce767-652f-ed62-12d5-54b828516e03">
      <Execution id="fdb5e9f2-696f-498f-ab89-3fe5bf75bd7f" />
      <TestMethod codeBase="D:\Code\TOM\Catapult\Code\trunk\CatapultServices\Tavisca.Catapult.External.ValidationTest\bin\Debug\Tavisca.Catapult.External.ValidationTest.dll" adapterTypeName="Microsoft.VisualStudio.TestTools.TestTypes.Unit.UnitTestAdapter" className="Tavisca.Catapult.External.ValidationTest.BaseRequestValidationTest" name="CultureForValidCultureAllSmallInValidTest" />
    </UnitTest>
    <UnitTest name="CultureForValidCultureAllCapitalInValidTest" storage="d:\code\tom\catapult\code\trunk\catapultservices\tavisca.catapult.external.validationtest\bin\debug\tavisca.catapult.external.validationtest.dll" id="7f686e2d-aee8-8afe-74b6-23caf6aa070d">
      <Execution id="65d2b603-2d22-41c7-807c-91d68810c7b8" />
      <TestMethod codeBase="D:\Code\TOM\Catapult\Code\trunk\CatapultServices\Tavisca.Catapult.External.ValidationTest\bin\Debug\Tavisca.Catapult.External.ValidationTest.dll" adapterTypeName="Microsoft.VisualStudio.TestTools.TestTypes.Unit.UnitTestAdapter" className="Tavisca.Catapult.External.ValidationTest.BaseRequestValidationTest" name="CultureForValidCultureAllCapitalInValidTest" />
    </UnitTest>
    <UnitTest name="CultureForValidWithHyphenInValidTest" storage="d:\code\tom\catapult\code\trunk\catapultservices\tavisca.catapult.external.validationtest\bin\debug\tavisca.catapult.external.validationtest.dll" id="1c9d7193-ff45-8b2f-5283-bffe79e004d9">
      <Execution id="c72ff2d1-5b62-4721-ba67-7a3db17bcf5c" />
      <TestMethod codeBase="D:\Code\TOM\Catapult\Code\trunk\CatapultServices\Tavisca.Catapult.External.ValidationTest\bin\Debug\Tavisca.Catapult.External.ValidationTest.dll" adapterTypeName="Microsoft.VisualStudio.TestTools.TestTypes.Unit.UnitTestAdapter" className="Tavisca.Catapult.External.ValidationTest.BaseRequestValidationTest" name="CultureForValidWithHyphenInValidTest" />
    </UnitTest>
    <UnitTest name="CultureForNumericInValidTest" storage="d:\code\tom\catapult\code\trunk\catapultservices\tavisca.catapult.external.validationtest\bin\debug\tavisca.catapult.external.validationtest.dll" id="fde22432-835e-57d6-6a3a-5c2339efaa96">
      <Execution id="fd49e032-43a5-48ea-bb21-c5259fc1682e" />
      <TestMethod codeBase="D:\Code\TOM\Catapult\Code\trunk\CatapultServices\Tavisca.Catapult.External.ValidationTest\bin\Debug\Tavisca.Catapult.External.ValidationTest.dll" adapterTypeName="Microsoft.VisualStudio.TestTools.TestTypes.Unit.UnitTestAdapter" className="Tavisca.Catapult.External.ValidationTest.BaseRequestValidationTest" name="CultureForNumericInValidTest" />
    </UnitTest>
    <UnitTest name="CultureForAlphaNumericInValidTest" storage="d:\code\tom\catapult\code\trunk\catapultservices\tavisca.catapult.external.validationtest\bin\debug\tavisca.catapult.external.validationtest.dll" id="d41ad52d-1f38-1122-8ef6-2cb02945717c">
      <Execution id="3056320c-b57b-4da6-b126-59fb75e5ad01" />
      <TestMethod codeBase="D:\Code\TOM\Catapult\Code\trunk\CatapultServices\Tavisca.Catapult.External.ValidationTest\bin\Debug\Tavisca.Catapult.External.ValidationTest.dll" adapterTypeName="Microsoft.VisualStudio.TestTools.TestTypes.Unit.UnitTestAdapter" className="Tavisca.Catapult.External.ValidationTest.BaseRequestValidationTest" name="CultureForAlphaNumericInValidTest" />
    </UnitTest>
    <UnitTest name="CultureForAlphabeticInValidTest" storage="d:\code\tom\catapult\code\trunk\catapultservices\tavisca.catapult.external.validationtest\bin\debug\tavisca.catapult.external.validationtest.dll" id="9354acf7-3bfe-ff5f-5751-0d6ecb0a2504">
      <Execution id="e98ca0de-429c-4fb3-8bbc-236d14190ebf" />
      <TestMethod codeBase="D:\Code\TOM\Catapult\Code\trunk\CatapultServices\Tavisca.Catapult.External.ValidationTest\bin\Debug\Tavisca.Catapult.External.ValidationTest.dll" adapterTypeName="Microsoft.VisualStudio.TestTools.TestTypes.Unit.UnitTestAdapter" className="Tavisca.Catapult.External.ValidationTest.BaseRequestValidationTest" name="CultureForAlphabeticInValidTest" />
    </UnitTest>
    <UnitTest name="CultureForSpecialCharInValidTest" storage="d:\code\tom\catapult\code\trunk\catapultservices\tavisca.catapult.external.validationtest\bin\debug\tavisca.catapult.external.validationtest.dll" id="63fd63b4-a7e6-616a-57af-3140b7f2ce34">
      <Execution id="43dd4f3f-d654-4f77-a174-5d52de8d1664" />
      <TestMethod codeBase="D:\Code\TOM\Catapult\Code\trunk\CatapultServices\Tavisca.Catapult.External.ValidationTest\bin\Debug\Tavisca.Catapult.External.ValidationTest.dll" adapterTypeName="Microsoft.VisualStudio.TestTools.TestTypes.Unit.UnitTestAdapter" className="Tavisca.Catapult.External.ValidationTest.BaseRequestValidationTest" name="CultureForSpecialCharInValidTest" />
    </UnitTest>
    <UnitTest name="CultureForSpaceInValidTest" storage="d:\code\tom\catapult\code\trunk\catapultservices\tavisca.catapult.external.validationtest\bin\debug\tavisca.catapult.external.validationtest.dll" id="338053e7-7787-f7b5-bbd6-579cc56962ab">
      <Execution id="28996271-e200-46d0-b5b9-65290c92dcb9" />
      <TestMethod codeBase="D:\Code\TOM\Catapult\Code\trunk\CatapultServices\Tavisca.Catapult.External.ValidationTest\bin\Debug\Tavisca.Catapult.External.ValidationTest.dll" adapterTypeName="Microsoft.VisualStudio.TestTools.TestTypes.Unit.UnitTestAdapter" className="Tavisca.Catapult.External.ValidationTest.BaseRequestValidationTest" name="CultureForSpaceInValidTest" />
    </UnitTest>
    <UnitTest name="CurrencyCodeValidTest" storage="d:\code\tom\catapult\code\trunk\catapultservices\tavisca.catapult.external.validationtest\bin\debug\tavisca.catapult.external.validationtest.dll" id="4eaa03bd-d419-3a7a-2e24-926db04ed046">
      <Execution id="8eb8ce10-7c75-4b57-a1f8-708cdf92401f" />
      <TestMethod codeBase="D:\Code\TOM\Catapult\Code\trunk\CatapultServices\Tavisca.Catapult.External.ValidationTest\bin\Debug\Tavisca.Catapult.External.ValidationTest.dll" adapterTypeName="Microsoft.VisualStudio.TestTools.TestTypes.Unit.UnitTestAdapter" className="Tavisca.Catapult.External.ValidationTest.BaseRequestValidationTest" name="CurrencyCodeValidTest" />
    </UnitTest>
    <UnitTest name="CurrencyCodeForCodeAllSmallInvalidTest" storage="d:\code\tom\catapult\code\trunk\catapultservices\tavisca.catapult.external.validationtest\bin\debug\tavisca.catapult.external.validationtest.dll" id="21d153c6-783f-07e6-eb59-b02bc5f77f43">
      <Execution id="284ee592-233b-4594-a129-af3e44289bb9" />
      <TestMethod codeBase="D:\Code\TOM\Catapult\Code\trunk\CatapultServices\Tavisca.Catapult.External.ValidationTest\bin\Debug\Tavisca.Catapult.External.ValidationTest.dll" adapterTypeName="Microsoft.VisualStudio.TestTools.TestTypes.Unit.UnitTestAdapter" className="Tavisca.Catapult.External.ValidationTest.BaseRequestValidationTest" name="CurrencyCodeForCodeAllSmallInvalidTest" />
    </UnitTest>
    <UnitTest name="CurrencyCodeForAllCapitalValidTest" storage="d:\code\tom\catapult\code\trunk\catapultservices\tavisca.catapult.external.validationtest\bin\debug\tavisca.catapult.external.validationtest.dll" id="9fd11dba-dd9f-7ae7-eed7-d58fbbf52d9e">
      <Execution id="997e65f0-7888-4638-aa79-a0361e4d221b" />
      <TestMethod codeBase="D:\Code\TOM\Catapult\Code\trunk\CatapultServices\Tavisca.Catapult.External.ValidationTest\bin\Debug\Tavisca.Catapult.External.ValidationTest.dll" adapterTypeName="Microsoft.VisualStudio.TestTools.TestTypes.Unit.UnitTestAdapter" className="Tavisca.Catapult.External.ValidationTest.BaseRequestValidationTest" name="CurrencyCodeForAllCapitalValidTest" />
    </UnitTest>
    <UnitTest name="CurrencyCodeForNumericInvalidTest" storage="d:\code\tom\catapult\code\trunk\catapultservices\tavisca.catapult.external.validationtest\bin\debug\tavisca.catapult.external.validationtest.dll" id="911f0441-800c-32dd-8573-22b7d593b28a">
      <Execution id="57f7c045-e668-4c5c-b5f8-290b656c6f21" />
      <TestMethod codeBase="D:\Code\TOM\Catapult\Code\trunk\CatapultServices\Tavisca.Catapult.External.ValidationTest\bin\Debug\Tavisca.Catapult.External.ValidationTest.dll" adapterTypeName="Microsoft.VisualStudio.TestTools.TestTypes.Unit.UnitTestAdapter" className="Tavisca.Catapult.External.ValidationTest.BaseRequestValidationTest" name="CurrencyCodeForNumericInvalidTest" />
    </UnitTest>
    <UnitTest name="CurrencyCodeForAlphaNumericInvalidTest" storage="d:\code\tom\catapult\code\trunk\catapultservices\tavisca.catapult.external.validationtest\bin\debug\tavisca.catapult.external.validationtest.dll" id="8261acc2-0342-d5d9-0fd7-b5967aa51112">
      <Execution id="7ad7cbe7-f9e8-42bd-a378-3aad7e64a0b7" />
      <TestMethod codeBase="D:\Code\TOM\Catapult\Code\trunk\CatapultServices\Tavisca.Catapult.External.ValidationTest\bin\Debug\Tavisca.Catapult.External.ValidationTest.dll" adapterTypeName="Microsoft.VisualStudio.TestTools.TestTypes.Unit.UnitTestAdapter" className="Tavisca.Catapult.External.ValidationTest.BaseRequestValidationTest" name="CurrencyCodeForAlphaNumericInvalidTest" />
    </UnitTest>
    <UnitTest name="CurrencyCodeForAlphabeticInvalidTest" storage="d:\code\tom\catapult\code\trunk\catapultservices\tavisca.catapult.external.validationtest\bin\debug\tavisca.catapult.external.validationtest.dll" id="22b93c6a-1e54-0a28-3f7a-e79cd144815e">
      <Execution id="53a7eea1-bf43-45a5-b281-b53e6b0884a9" />
      <TestMethod codeBase="D:\Code\TOM\Catapult\Code\trunk\CatapultServices\Tavisca.Catapult.External.ValidationTest\bin\Debug\Tavisca.Catapult.External.ValidationTest.dll" adapterTypeName="Microsoft.VisualStudio.TestTools.TestTypes.Unit.UnitTestAdapter" className="Tavisca.Catapult.External.ValidationTest.BaseRequestValidationTest" name="CurrencyCodeForAlphabeticInvalidTest" />
    </UnitTest>
    <UnitTest name="CurrencyCodeForSpecialCharInvalidTest" storage="d:\code\tom\catapult\code\trunk\catapultservices\tavisca.catapult.external.validationtest\bin\debug\tavisca.catapult.external.validationtest.dll" id="222a848e-aa0a-e73b-268d-d075aa40ff48">
      <Execution id="38237a9e-bf00-4607-8cf6-e55ef00ea1ef" />
      <TestMethod codeBase="D:\Code\TOM\Catapult\Code\trunk\CatapultServices\Tavisca.Catapult.External.ValidationTest\bin\Debug\Tavisca.Catapult.External.ValidationTest.dll" adapterTypeName="Microsoft.VisualStudio.TestTools.TestTypes.Unit.UnitTestAdapter" className="Tavisca.Catapult.External.ValidationTest.BaseRequestValidationTest" name="CurrencyCodeForSpecialCharInvalidTest" />
    </UnitTest>
    <UnitTest name="CurrencyCodeForSpaceInvalidTest" storage="d:\code\tom\catapult\code\trunk\catapultservices\tavisca.catapult.external.validationtest\bin\debug\tavisca.catapult.external.validationtest.dll" id="a3e9c43d-bac7-6ada-aee0-b5715a8a94cf">
      <Execution id="6e30cd63-b8cf-4dec-abcb-35a354514244" />
      <TestMethod codeBase="D:\Code\TOM\Catapult\Code\trunk\CatapultServices\Tavisca.Catapult.External.ValidationTest\bin\Debug\Tavisca.Catapult.External.ValidationTest.dll" adapterTypeName="Microsoft.VisualStudio.TestTools.TestTypes.Unit.UnitTestAdapter" className="Tavisca.Catapult.External.ValidationTest.BaseRequestValidationTest" name="CurrencyCodeForSpaceInvalidTest" />
    </UnitTest>
    <UnitTest name="ScopeForNumericValidTest" storage="d:\code\tom\catapult\code\trunk\catapultservices\tavisca.catapult.external.validationtest\bin\debug\tavisca.catapult.external.validationtest.dll" id="44879eb3-b00a-b651-2483-0f6f959ab3f7">
      <Execution id="0276d58c-3486-4309-a789-d7e3c58a3834" />
      <TestMethod codeBase="D:\Code\TOM\Catapult\Code\trunk\CatapultServices\Tavisca.Catapult.External.ValidationTest\bin\Debug\Tavisca.Catapult.External.ValidationTest.dll" adapterTypeName="Microsoft.VisualStudio.TestTools.TestTypes.Unit.UnitTestAdapter" className="Tavisca.Catapult.External.ValidationTest.BaseRequestValidationTest" name="ScopeForNumericValidTest" />
    </UnitTest>
    <UnitTest name="ScopeForAlphaNumericValidTest" storage="d:\code\tom\catapult\code\trunk\catapultservices\tavisca.catapult.external.validationtest\bin\debug\tavisca.catapult.external.validationtest.dll" id="b590306f-d388-f2a5-b332-c1b974555c3f">
      <Execution id="528d0394-d571-4e16-b98c-c40d1e9de2ac" />
      <TestMethod codeBase="D:\Code\TOM\Catapult\Code\trunk\CatapultServices\Tavisca.Catapult.External.ValidationTest\bin\Debug\Tavisca.Catapult.External.ValidationTest.dll" adapterTypeName="Microsoft.VisualStudio.TestTools.TestTypes.Unit.UnitTestAdapter" className="Tavisca.Catapult.External.ValidationTest.BaseRequestValidationTest" name="ScopeForAlphaNumericValidTest" />
    </UnitTest>
    <UnitTest name="ScopeForAlphabeticValidTest" storage="d:\code\tom\catapult\code\trunk\catapultservices\tavisca.catapult.external.validationtest\bin\debug\tavisca.catapult.external.validationtest.dll" id="561ac658-3151-d598-e97f-431c55e2f268">
      <Execution id="1560a9a2-49a5-4687-a849-cc15230a437a" />
      <TestMethod codeBase="D:\Code\TOM\Catapult\Code\trunk\CatapultServices\Tavisca.Catapult.External.ValidationTest\bin\Debug\Tavisca.Catapult.External.ValidationTest.dll" adapterTypeName="Microsoft.VisualStudio.TestTools.TestTypes.Unit.UnitTestAdapter" className="Tavisca.Catapult.External.ValidationTest.BaseRequestValidationTest" name="ScopeForAlphabeticValidTest" />
    </UnitTest>
    <UnitTest name="ScopeForNullInValidTest" storage="d:\code\tom\catapult\code\trunk\catapultservices\tavisca.catapult.external.validationtest\bin\debug\tavisca.catapult.external.validationtest.dll" id="24f85712-912b-3548-7fe5-2efc4ee8180f">
      <Execution id="53e8738f-9fd8-411a-adf0-6313ac66a870" />
      <TestMethod codeBase="D:\Code\TOM\Catapult\Code\trunk\CatapultServices\Tavisca.Catapult.External.ValidationTest\bin\Debug\Tavisca.Catapult.External.ValidationTest.dll" adapterTypeName="Microsoft.VisualStudio.TestTools.TestTypes.Unit.UnitTestAdapter" className="Tavisca.Catapult.External.ValidationTest.BaseRequestValidationTest" name="ScopeForNullInValidTest" />
    </UnitTest>
    <UnitTest name="ScopeForEmptyInValidTest" storage="d:\code\tom\catapult\code\trunk\catapultservices\tavisca.catapult.external.validationtest\bin\debug\tavisca.catapult.external.validationtest.dll" id="2bad97a1-0a92-cb31-c617-d3bf88140f92">
      <Execution id="3dff0f8b-3881-4378-94b2-56a5ad33728a" />
      <TestMethod codeBase="D:\Code\TOM\Catapult\Code\trunk\CatapultServices\Tavisca.Catapult.External.ValidationTest\bin\Debug\Tavisca.Catapult.External.ValidationTest.dll" adapterTypeName="Microsoft.VisualStudio.TestTools.TestTypes.Unit.UnitTestAdapter" className="Tavisca.Catapult.External.ValidationTest.BaseRequestValidationTest" name="ScopeForEmptyInValidTest" />
    </UnitTest>
    <UnitTest name="HotelSearchRequestForCheckInDateValidTest" storage="d:\code\tom\catapult\code\trunk\catapultservices\tavisca.catapult.external.validationtest\bin\debug\tavisca.catapult.external.validationtest.dll" id="693eb35d-e35a-7dda-8c01-f23821b344ba">
      <Execution id="499d8c42-aaad-4d6e-b5ed-e38642a6145b" />
      <TestMethod codeBase="D:\Code\TOM\Catapult\Code\trunk\CatapultServices\Tavisca.Catapult.External.ValidationTest\bin\Debug\Tavisca.Catapult.External.ValidationTest.dll" adapterTypeName="Microsoft.VisualStudio.TestTools.TestTypes.Unit.UnitTestAdapter" className="Tavisca.Catapult.External.ValidationTest.HotelSearchRequestValidationTest" name="HotelSearchRequestForCheckInDateValidTest" />
    </UnitTest>
    <UnitTest name="HotelSearchRequestForCheckInDateLessThanTodaysDateInValidTest" storage="d:\code\tom\catapult\code\trunk\catapultservices\tavisca.catapult.external.validationtest\bin\debug\tavisca.catapult.external.validationtest.dll" id="a0fa530e-b437-3377-467b-33cae0ca869a">
      <Execution id="63cf0e25-6115-4af4-a6a0-12b462342158" />
      <TestMethod codeBase="D:\Code\TOM\Catapult\Code\trunk\CatapultServices\Tavisca.Catapult.External.ValidationTest\bin\Debug\Tavisca.Catapult.External.ValidationTest.dll" adapterTypeName="Microsoft.VisualStudio.TestTools.TestTypes.Unit.UnitTestAdapter" className="Tavisca.Catapult.External.ValidationTest.HotelSearchRequestValidationTest" name="HotelSearchRequestForCheckInDateLessThanTodaysDateInValidTest" />
    </UnitTest>
    <UnitTest name="HotelSearchRequestForCheckInDateOneYearAdvanceCheckInInValidTest" storage="d:\code\tom\catapult\code\trunk\catapultservices\tavisca.catapult.external.validationtest\bin\debug\tavisca.catapult.external.validationtest.dll" id="780ab499-4a1c-8172-0daf-9ef8e44fb1cc">
      <Execution id="442da719-b13e-401c-bffd-e254e850651d" />
      <TestMethod codeBase="D:\Code\TOM\Catapult\Code\trunk\CatapultServices\Tavisca.Catapult.External.ValidationTest\bin\Debug\Tavisca.Catapult.External.ValidationTest.dll" adapterTypeName="Microsoft.VisualStudio.TestTools.TestTypes.Unit.UnitTestAdapter" className="Tavisca.Catapult.External.ValidationTest.HotelSearchRequestValidationTest" name="HotelSearchRequestForCheckInDateOneYearAdvanceCheckInInValidTest" />
    </UnitTest>
    <UnitTest name="HotelSearchRequestForCheckOutValidTest" storage="d:\code\tom\catapult\code\trunk\catapultservices\tavisca.catapult.external.validationtest\bin\debug\tavisca.catapult.external.validationtest.dll" id="e17c4c9e-3418-5247-abf9-91de1613d642">
      <Execution id="a2755319-a2f2-45ae-9547-f1639082fa21" />
      <TestMethod codeBase="D:\Code\TOM\Catapult\Code\trunk\CatapultServices\Tavisca.Catapult.External.ValidationTest\bin\Debug\Tavisca.Catapult.External.ValidationTest.dll" adapterTypeName="Microsoft.VisualStudio.TestTools.TestTypes.Unit.UnitTestAdapter" className="Tavisca.Catapult.External.ValidationTest.HotelSearchRequestValidationTest" name="HotelSearchRequestForCheckOutValidTest" />
    </UnitTest>
    <UnitTest name="HotelSearchRequestForCheckOutOnTodayInValidTest" storage="d:\code\tom\catapult\code\trunk\catapultservices\tavisca.catapult.external.validationtest\bin\debug\tavisca.catapult.external.validationtest.dll" id="57e19811-0e43-fa9b-dbfa-3751b38b2a75">
      <Execution id="bd078765-88ac-4eec-b585-d234a3d3c33c" />
      <TestMethod codeBase="D:\Code\TOM\Catapult\Code\trunk\CatapultServices\Tavisca.Catapult.External.ValidationTest\bin\Debug\Tavisca.Catapult.External.ValidationTest.dll" adapterTypeName="Microsoft.VisualStudio.TestTools.TestTypes.Unit.UnitTestAdapter" className="Tavisca.Catapult.External.ValidationTest.HotelSearchRequestValidationTest" name="HotelSearchRequestForCheckOutOnTodayInValidTest" />
    </UnitTest>
    <UnitTest name="HotelSearchRequestForRequestedRoomOccupancyListIsEmptyValueInValidTest" storage="d:\code\tom\catapult\code\trunk\catapultservices\tavisca.catapult.external.validationtest\bin\debug\tavisca.catapult.external.validationtest.dll" id="25d0902f-37ae-fb0f-40d1-53ccf3b9b0f3">
      <Execution id="eee5c2ab-61c7-4a17-987f-e4f725b01135" />
      <TestMethod codeBase="D:\Code\TOM\Catapult\Code\trunk\CatapultServices\Tavisca.Catapult.External.ValidationTest\bin\Debug\Tavisca.Catapult.External.ValidationTest.dll" adapterTypeName="Microsoft.VisualStudio.TestTools.TestTypes.Unit.UnitTestAdapter" className="Tavisca.Catapult.External.ValidationTest.HotelSearchRequestValidationTest" name="HotelSearchRequestForRequestedRoomOccupancyListIsEmptyValueInValidTest" />
    </UnitTest>
    <UnitTest name="HotelSearchRequestForRequestedRoomOccupancyContainsMoreThanFourValuesInValidTest" storage="d:\code\tom\catapult\code\trunk\catapultservices\tavisca.catapult.external.validationtest\bin\debug\tavisca.catapult.external.validationtest.dll" id="f9b1c9dc-12ba-dffd-e572-5d867f106fa0">
      <Execution id="e09fee5b-4cba-44c3-bae8-12a56252003d" />
      <TestMethod codeBase="D:\Code\TOM\Catapult\Code\trunk\CatapultServices\Tavisca.Catapult.External.ValidationTest\bin\Debug\Tavisca.Catapult.External.ValidationTest.dll" adapterTypeName="Microsoft.VisualStudio.TestTools.TestTypes.Unit.UnitTestAdapter" className="Tavisca.Catapult.External.ValidationTest.HotelSearchRequestValidationTest" name="HotelSearchRequestForRequestedRoomOccupancyContainsMoreThanFourValuesInValidTest" />
    </UnitTest>
    <UnitTest name="HotelSearchRequestForTagsValueNullValidTest" storage="d:\code\tom\catapult\code\trunk\catapultservices\tavisca.catapult.external.validationtest\bin\debug\tavisca.catapult.external.validationtest.dll" id="19e99b04-ab59-f59e-abe4-8fae94948c00">
      <Execution id="3726ddaa-f842-4fde-90f8-14c6c6e2826d" />
      <TestMethod codeBase="D:\Code\TOM\Catapult\Code\trunk\CatapultServices\Tavisca.Catapult.External.ValidationTest\bin\Debug\Tavisca.Catapult.External.ValidationTest.dll" adapterTypeName="Microsoft.VisualStudio.TestTools.TestTypes.Unit.UnitTestAdapter" className="Tavisca.Catapult.External.ValidationTest.HotelSearchRequestValidationTest" name="HotelSearchRequestForTagsValueNullValidTest" />
    </UnitTest>
    <UnitTest name="HotelSearchRequestForTagListIsEmptyValidTest" storage="d:\code\tom\catapult\code\trunk\catapultservices\tavisca.catapult.external.validationtest\bin\debug\tavisca.catapult.external.validationtest.dll" id="906e84b0-a8b6-9169-d31c-659b7b5f895a">
      <Execution id="d6c6dd9a-81c5-4247-a1c4-b8e05afc2cf7" />
      <TestMethod codeBase="D:\Code\TOM\Catapult\Code\trunk\CatapultServices\Tavisca.Catapult.External.ValidationTest\bin\Debug\Tavisca.Catapult.External.ValidationTest.dll" adapterTypeName="Microsoft.VisualStudio.TestTools.TestTypes.Unit.UnitTestAdapter" className="Tavisca.Catapult.External.ValidationTest.HotelSearchRequestValidationTest" name="HotelSearchRequestForTagListIsEmptyValidTest" />
    </UnitTest>
    <UnitTest name="HotelSearchRequestForTagsContainLessThanFourItemsValidTest" storage="d:\code\tom\catapult\code\trunk\catapultservices\tavisca.catapult.external.validationtest\bin\debug\tavisca.catapult.external.validationtest.dll" id="2f59bc80-9e09-2c80-d9f9-6f61c6fa0b74">
      <Execution id="f0049577-2e96-4b7d-8dac-ceefbe64fc92" />
      <TestMethod codeBase="D:\Code\TOM\Catapult\Code\trunk\CatapultServices\Tavisca.Catapult.External.ValidationTest\bin\Debug\Tavisca.Catapult.External.ValidationTest.dll" adapterTypeName="Microsoft.VisualStudio.TestTools.TestTypes.Unit.UnitTestAdapter" className="Tavisca.Catapult.External.ValidationTest.HotelSearchRequestValidationTest" name="HotelSearchRequestForTagsContainLessThanFourItemsValidTest" />
    </UnitTest>
    <UnitTest name="HotelSearchRequestForTagsContainFourTagsValidTest" storage="d:\code\tom\catapult\code\trunk\catapultservices\tavisca.catapult.external.validationtest\bin\debug\tavisca.catapult.external.validationtest.dll" id="07382ffe-0079-6437-53be-9829bfb86457">
      <Execution id="e118e07b-b8a1-456d-90f6-a1ba813dd123" />
      <TestMethod codeBase="D:\Code\TOM\Catapult\Code\trunk\CatapultServices\Tavisca.Catapult.External.ValidationTest\bin\Debug\Tavisca.Catapult.External.ValidationTest.dll" adapterTypeName="Microsoft.VisualStudio.TestTools.TestTypes.Unit.UnitTestAdapter" className="Tavisca.Catapult.External.ValidationTest.HotelSearchRequestValidationTest" name="HotelSearchRequestForTagsContainFourTagsValidTest" />
    </UnitTest>
    <UnitTest name="HotelSearchRequestForTagsContainMoreThanFourItemsInValidTest" storage="d:\code\tom\catapult\code\trunk\catapultservices\tavisca.catapult.external.validationtest\bin\debug\tavisca.catapult.external.validationtest.dll" id="350cd9b4-3ba6-8838-595d-8c18bf8cd06b">
      <Execution id="bc363207-5a47-4aaa-923e-0942ff476b3e" />
      <TestMethod codeBase="D:\Code\TOM\Catapult\Code\trunk\CatapultServices\Tavisca.Catapult.External.ValidationTest\bin\Debug\Tavisca.Catapult.External.ValidationTest.dll" adapterTypeName="Microsoft.VisualStudio.TestTools.TestTypes.Unit.UnitTestAdapter" className="Tavisca.Catapult.External.ValidationTest.HotelSearchRequestValidationTest" name="HotelSearchRequestForTagsContainMoreThanFourItemsInValidTest" />
    </UnitTest>
    <UnitTest name="HotelSearchRequestForAmenitiesValueNullValidTest" storage="d:\code\tom\catapult\code\trunk\catapultservices\tavisca.catapult.external.validationtest\bin\debug\tavisca.catapult.external.validationtest.dll" id="3e400fd9-c1a5-c331-c6d0-c1d84818dcca">
      <Execution id="4f4c9e12-e37c-45f9-a782-a5f43688cb4d" />
      <TestMethod codeBase="D:\Code\TOM\Catapult\Code\trunk\CatapultServices\Tavisca.Catapult.External.ValidationTest\bin\Debug\Tavisca.Catapult.External.ValidationTest.dll" adapterTypeName="Microsoft.VisualStudio.TestTools.TestTypes.Unit.UnitTestAdapter" className="Tavisca.Catapult.External.ValidationTest.HotelSearchRequestValidationTest" name="HotelSearchRequestForAmenitiesValueNullValidTest" />
    </UnitTest>
    <UnitTest name="HotelSearchRequestForAmenityListIsEmptyValidTest" storage="d:\code\tom\catapult\code\trunk\catapultservices\tavisca.catapult.external.validationtest\bin\debug\tavisca.catapult.external.validationtest.dll" id="f2ea9755-6545-8c4f-c7a3-7cdf39373251">
      <Execution id="ff8b5b7c-ec3b-4c1d-acf1-dc4da0a9929f" />
      <TestMethod codeBase="D:\Code\TOM\Catapult\Code\trunk\CatapultServices\Tavisca.Catapult.External.ValidationTest\bin\Debug\Tavisca.Catapult.External.ValidationTest.dll" adapterTypeName="Microsoft.VisualStudio.TestTools.TestTypes.Unit.UnitTestAdapter" className="Tavisca.Catapult.External.ValidationTest.HotelSearchRequestValidationTest" name="HotelSearchRequestForAmenityListIsEmptyValidTest" />
    </UnitTest>
    <UnitTest name="HotelSearchRequestForAmenitiesContainsLessThanFourItemsValidTest" storage="d:\code\tom\catapult\code\trunk\catapultservices\tavisca.catapult.external.validationtest\bin\debug\tavisca.catapult.external.validationtest.dll" id="c8be14c9-379f-5893-58fd-f1a954f5dc56">
      <Execution id="359bbbb7-44b4-4fce-8d62-2884a13403f5" />
      <TestMethod codeBase="D:\Code\TOM\Catapult\Code\trunk\CatapultServices\Tavisca.Catapult.External.ValidationTest\bin\Debug\Tavisca.Catapult.External.ValidationTest.dll" adapterTypeName="Microsoft.VisualStudio.TestTools.TestTypes.Unit.UnitTestAdapter" className="Tavisca.Catapult.External.ValidationTest.HotelSearchRequestValidationTest" name="HotelSearchRequestForAmenitiesContainsLessThanFourItemsValidTest" />
    </UnitTest>
    <UnitTest name="HotelSearchRequestForAmenitiesContainFourItemsValidTest" storage="d:\code\tom\catapult\code\trunk\catapultservices\tavisca.catapult.external.validationtest\bin\debug\tavisca.catapult.external.validationtest.dll" id="26563652-733a-db95-cd5d-9b5fea76e647">
      <Execution id="3c5eef5d-992f-4a9e-934a-eda1a5a92b70" />
      <TestMethod codeBase="D:\Code\TOM\Catapult\Code\trunk\CatapultServices\Tavisca.Catapult.External.ValidationTest\bin\Debug\Tavisca.Catapult.External.ValidationTest.dll" adapterTypeName="Microsoft.VisualStudio.TestTools.TestTypes.Unit.UnitTestAdapter" className="Tavisca.Catapult.External.ValidationTest.HotelSearchRequestValidationTest" name="HotelSearchRequestForAmenitiesContainFourItemsValidTest" />
    </UnitTest>
    <UnitTest name="HotelSearchRequestForAmenitiesContainMoreThanFourItemsInValidTest" storage="d:\code\tom\catapult\code\trunk\catapultservices\tavisca.catapult.external.validationtest\bin\debug\tavisca.catapult.external.validationtest.dll" id="b06ea6e7-d679-94f0-d452-1a86a84304e7">
      <Execution id="08e456eb-7a57-4720-98ac-8f2d19559176" />
      <TestMethod codeBase="D:\Code\TOM\Catapult\Code\trunk\CatapultServices\Tavisca.Catapult.External.ValidationTest\bin\Debug\Tavisca.Catapult.External.ValidationTest.dll" adapterTypeName="Microsoft.VisualStudio.TestTools.TestTypes.Unit.UnitTestAdapter" className="Tavisca.Catapult.External.ValidationTest.HotelSearchRequestValidationTest" name="HotelSearchRequestForAmenitiesContainMoreThanFourItemsInValidTest" />
    </UnitTest>
    <UnitTest name="HotelSearchRequestForBoardBasisValueNullValidTest" storage="d:\code\tom\catapult\code\trunk\catapultservices\tavisca.catapult.external.validationtest\bin\debug\tavisca.catapult.external.validationtest.dll" id="4099cbd3-c226-1883-a408-59480d629076">
      <Execution id="be454be6-141e-4e5c-9bf6-630a9607c6b8" />
      <TestMethod codeBase="D:\Code\TOM\Catapult\Code\trunk\CatapultServices\Tavisca.Catapult.External.ValidationTest\bin\Debug\Tavisca.Catapult.External.ValidationTest.dll" adapterTypeName="Microsoft.VisualStudio.TestTools.TestTypes.Unit.UnitTestAdapter" className="Tavisca.Catapult.External.ValidationTest.HotelSearchRequestValidationTest" name="HotelSearchRequestForBoardBasisValueNullValidTest" />
    </UnitTest>
    <UnitTest name="HotelSearchRequestForBoardBasisListIsEmptyValidTest" storage="d:\code\tom\catapult\code\trunk\catapultservices\tavisca.catapult.external.validationtest\bin\debug\tavisca.catapult.external.validationtest.dll" id="2ed40803-4e6e-9c76-ad89-f0a203dbe029">
      <Execution id="116f341e-d378-4e94-8d8d-638b627298d2" />
      <TestMethod codeBase="D:\Code\TOM\Catapult\Code\trunk\CatapultServices\Tavisca.Catapult.External.ValidationTest\bin\Debug\Tavisca.Catapult.External.ValidationTest.dll" adapterTypeName="Microsoft.VisualStudio.TestTools.TestTypes.Unit.UnitTestAdapter" className="Tavisca.Catapult.External.ValidationTest.HotelSearchRequestValidationTest" name="HotelSearchRequestForBoardBasisListIsEmptyValidTest" />
    </UnitTest>
    <UnitTest name="HotelSearchRequestForBoardBasisContainsLessThanFourItemsValidTest" storage="d:\code\tom\catapult\code\trunk\catapultservices\tavisca.catapult.external.validationtest\bin\debug\tavisca.catapult.external.validationtest.dll" id="0c45fdee-1dc9-c38c-4df7-7555363702d0">
      <Execution id="b8e43742-a881-4f41-a1fa-6d3c8e7f4bbb" />
      <TestMethod codeBase="D:\Code\TOM\Catapult\Code\trunk\CatapultServices\Tavisca.Catapult.External.ValidationTest\bin\Debug\Tavisca.Catapult.External.ValidationTest.dll" adapterTypeName="Microsoft.VisualStudio.TestTools.TestTypes.Unit.UnitTestAdapter" className="Tavisca.Catapult.External.ValidationTest.HotelSearchRequestValidationTest" name="HotelSearchRequestForBoardBasisContainsLessThanFourItemsValidTest" />
    </UnitTest>
    <UnitTest name="HotelSearchRequestForBoardBasisContainFourItemsValidTest" storage="d:\code\tom\catapult\code\trunk\catapultservices\tavisca.catapult.external.validationtest\bin\debug\tavisca.catapult.external.validationtest.dll" id="fc57fc91-3df8-1843-fceb-98c5a01f48fa">
      <Execution id="7edf2faf-1400-4c90-a77e-b1edeb22d35b" />
      <TestMethod codeBase="D:\Code\TOM\Catapult\Code\trunk\CatapultServices\Tavisca.Catapult.External.ValidationTest\bin\Debug\Tavisca.Catapult.External.ValidationTest.dll" adapterTypeName="Microsoft.VisualStudio.TestTools.TestTypes.Unit.UnitTestAdapter" className="Tavisca.Catapult.External.ValidationTest.HotelSearchRequestValidationTest" name="HotelSearchRequestForBoardBasisContainFourItemsValidTest" />
    </UnitTest>
    <UnitTest name="HotelSearchRequestForBoardBasisContainMoreThanFourItemsInValidTest" storage="d:\code\tom\catapult\code\trunk\catapultservices\tavisca.catapult.external.validationtest\bin\debug\tavisca.catapult.external.validationtest.dll" id="a8cfa491-e37f-6721-be9e-b89cd1856036">
      <Execution id="ecaeec69-e3d7-4e32-afc4-47f9cc703ba0" />
      <TestMethod codeBase="D:\Code\TOM\Catapult\Code\trunk\CatapultServices\Tavisca.Catapult.External.ValidationTest\bin\Debug\Tavisca.Catapult.External.ValidationTest.dll" adapterTypeName="Microsoft.VisualStudio.TestTools.TestTypes.Unit.UnitTestAdapter" className="Tavisca.Catapult.External.ValidationTest.HotelSearchRequestValidationTest" name="HotelSearchRequestForBoardBasisContainMoreThanFourItemsInValidTest" />
    </UnitTest>
    <UnitTest name="HotelBookingRequestValidTest" storage="d:\code\tom\catapult\code\trunk\catapultservices\tavisca.catapult.external.validationtest\bin\debug\tavisca.catapult.external.validationtest.dll" id="cce1cdb1-77da-9c70-d86d-a771f76f8f30">
      <Execution id="2fa8b221-f840-4c64-aecb-7ca05d7e09de" />
      <TestMethod codeBase="D:\Code\TOM\Catapult\Code\trunk\CatapultServices\Tavisca.Catapult.External.ValidationTest\bin\Debug\Tavisca.Catapult.External.ValidationTest.dll" adapterTypeName="Microsoft.VisualStudio.TestTools.TestTypes.Unit.UnitTestAdapter" className="Tavisca.Catapult.External.ValidationTest.HotelBookingRequestValidationTest" name="HotelBookingRequestValidTest" />
    </UnitTest>
    <UnitTest name="HotelBookingRequestForHotelCodeValueIsNullInValidTest" storage="d:\code\tom\catapult\code\trunk\catapultservices\tavisca.catapult.external.validationtest\bin\debug\tavisca.catapult.external.validationtest.dll" id="0ab23451-c6e6-5d3a-b047-8764fb8a071b">
      <Execution id="9918e4bb-174b-4542-a6df-cb28eda406f8" />
      <TestMethod codeBase="D:\Code\TOM\Catapult\Code\trunk\CatapultServices\Tavisca.Catapult.External.ValidationTest\bin\Debug\Tavisca.Catapult.External.ValidationTest.dll" adapterTypeName="Microsoft.VisualStudio.TestTools.TestTypes.Unit.UnitTestAdapter" className="Tavisca.Catapult.External.ValidationTest.HotelBookingRequestValidationTest" name="HotelBookingRequestForHotelCodeValueIsNullInValidTest" />
    </UnitTest>
    <UnitTest name="HotelBookingRequestForHotelCodeValueIsEmptyInValidTest" storage="d:\code\tom\catapult\code\trunk\catapultservices\tavisca.catapult.external.validationtest\bin\debug\tavisca.catapult.external.validationtest.dll" id="b28f5514-8a6c-58f9-39fe-766616b28095">
      <Execution id="1a1580b2-92e4-4cb0-89e3-33ac7847e28a" />
      <TestMethod codeBase="D:\Code\TOM\Catapult\Code\trunk\CatapultServices\Tavisca.Catapult.External.ValidationTest\bin\Debug\Tavisca.Catapult.External.ValidationTest.dll" adapterTypeName="Microsoft.VisualStudio.TestTools.TestTypes.Unit.UnitTestAdapter" className="Tavisca.Catapult.External.ValidationTest.HotelBookingRequestValidationTest" name="HotelBookingRequestForHotelCodeValueIsEmptyInValidTest" />
    </UnitTest>
    <UnitTest name="HotelBookingRequestForHotelCodeValueIsAlphaNumericInValidTest" storage="d:\code\tom\catapult\code\trunk\catapultservices\tavisca.catapult.external.validationtest\bin\debug\tavisca.catapult.external.validationtest.dll" id="790158be-4e03-4c93-c165-bcfa56a509a6">
      <Execution id="fc5384d6-ffc4-4669-8e89-9a5da71f2ba5" />
      <TestMethod codeBase="D:\Code\TOM\Catapult\Code\trunk\CatapultServices\Tavisca.Catapult.External.ValidationTest\bin\Debug\Tavisca.Catapult.External.ValidationTest.dll" adapterTypeName="Microsoft.VisualStudio.TestTools.TestTypes.Unit.UnitTestAdapter" className="Tavisca.Catapult.External.ValidationTest.HotelBookingRequestValidationTest" name="HotelBookingRequestForHotelCodeValueIsAlphaNumericInValidTest" />
    </UnitTest>
    <UnitTest name="HotelBookingRequestForHotelCodeValueContainsSpecialCharInValidTest" storage="d:\code\tom\catapult\code\trunk\catapultservices\tavisca.catapult.external.validationtest\bin\debug\tavisca.catapult.external.validationtest.dll" id="4ae36c83-3f70-2722-8fd4-6863a3108279">
      <Execution id="b3cdccde-2c8d-4fc4-883c-c851c82da1e6" />
      <TestMethod codeBase="D:\Code\TOM\Catapult\Code\trunk\CatapultServices\Tavisca.Catapult.External.ValidationTest\bin\Debug\Tavisca.Catapult.External.ValidationTest.dll" adapterTypeName="Microsoft.VisualStudio.TestTools.TestTypes.Unit.UnitTestAdapter" className="Tavisca.Catapult.External.ValidationTest.HotelBookingRequestValidationTest" name="HotelBookingRequestForHotelCodeValueContainsSpecialCharInValidTest" />
    </UnitTest>
    <UnitTest name="HotelBookingRequestForHotelCodeValueContainsSpaceInValidTest" storage="d:\code\tom\catapult\code\trunk\catapultservices\tavisca.catapult.external.validationtest\bin\debug\tavisca.catapult.external.validationtest.dll" id="533328ed-677a-8e9e-2e32-82eadda2e7ad">
      <Execution id="271d29da-b42b-4cbf-a13f-fd3c30e9c214" />
      <TestMethod codeBase="D:\Code\TOM\Catapult\Code\trunk\CatapultServices\Tavisca.Catapult.External.ValidationTest\bin\Debug\Tavisca.Catapult.External.ValidationTest.dll" adapterTypeName="Microsoft.VisualStudio.TestTools.TestTypes.Unit.UnitTestAdapter" className="Tavisca.Catapult.External.ValidationTest.HotelBookingRequestValidationTest" name="HotelBookingRequestForHotelCodeValueContainsSpaceInValidTest" />
    </UnitTest>
    <UnitTest name="HotelBookingRequestForCheckInValidTest" storage="d:\code\tom\catapult\code\trunk\catapultservices\tavisca.catapult.external.validationtest\bin\debug\tavisca.catapult.external.validationtest.dll" id="1000fa78-db92-26d0-7688-c798050661c2">
      <Execution id="5a9daa3b-e44f-45bb-a86b-52e80b7b1261" />
      <TestMethod codeBase="D:\Code\TOM\Catapult\Code\trunk\CatapultServices\Tavisca.Catapult.External.ValidationTest\bin\Debug\Tavisca.Catapult.External.ValidationTest.dll" adapterTypeName="Microsoft.VisualStudio.TestTools.TestTypes.Unit.UnitTestAdapter" className="Tavisca.Catapult.External.ValidationTest.HotelBookingRequestValidationTest" name="HotelBookingRequestForCheckInValidTest" />
    </UnitTest>
    <UnitTest name="HotelBookingRequestForCheckInDateLessThanTodaysDateInValidTest" storage="d:\code\tom\catapult\code\trunk\catapultservices\tavisca.catapult.external.validationtest\bin\debug\tavisca.catapult.external.validationtest.dll" id="8ef77da2-ca21-3291-284c-5927bd8f27b3">
      <Execution id="6b0021f3-12da-4a1e-ad5b-80374adf8386" />
      <TestMethod codeBase="D:\Code\TOM\Catapult\Code\trunk\CatapultServices\Tavisca.Catapult.External.ValidationTest\bin\Debug\Tavisca.Catapult.External.ValidationTest.dll" adapterTypeName="Microsoft.VisualStudio.TestTools.TestTypes.Unit.UnitTestAdapter" className="Tavisca.Catapult.External.ValidationTest.HotelBookingRequestValidationTest" name="HotelBookingRequestForCheckInDateLessThanTodaysDateInValidTest" />
    </UnitTest>
    <UnitTest name="HotelBookingRequestForCheckInDateOneYearAdvanceCheckInInValidTest" storage="d:\code\tom\catapult\code\trunk\catapultservices\tavisca.catapult.external.validationtest\bin\debug\tavisca.catapult.external.validationtest.dll" id="dd54580c-c152-a251-13f3-9e9363790b6b">
      <Execution id="3ee40e41-983e-4c71-9a45-642cbd7249a0" />
      <TestMethod codeBase="D:\Code\TOM\Catapult\Code\trunk\CatapultServices\Tavisca.Catapult.External.ValidationTest\bin\Debug\Tavisca.Catapult.External.ValidationTest.dll" adapterTypeName="Microsoft.VisualStudio.TestTools.TestTypes.Unit.UnitTestAdapter" className="Tavisca.Catapult.External.ValidationTest.HotelBookingRequestValidationTest" name="HotelBookingRequestForCheckInDateOneYearAdvanceCheckInInValidTest" />
    </UnitTest>
    <UnitTest name="HotelBookingRequestForCheckOutValidTest" storage="d:\code\tom\catapult\code\trunk\catapultservices\tavisca.catapult.external.validationtest\bin\debug\tavisca.catapult.external.validationtest.dll" id="5dd03c65-ceb5-3fc5-54f5-b171074aa83e">
      <Execution id="c69f2193-8ac6-48fe-bc63-b765172a9cb9" />
      <TestMethod codeBase="D:\Code\TOM\Catapult\Code\trunk\CatapultServices\Tavisca.Catapult.External.ValidationTest\bin\Debug\Tavisca.Catapult.External.ValidationTest.dll" adapterTypeName="Microsoft.VisualStudio.TestTools.TestTypes.Unit.UnitTestAdapter" className="Tavisca.Catapult.External.ValidationTest.HotelBookingRequestValidationTest" name="HotelBookingRequestForCheckOutValidTest" />
    </UnitTest>
    <UnitTest name="HotelBookingRequestForCheckOutOnTodayInValidTest" storage="d:\code\tom\catapult\code\trunk\catapultservices\tavisca.catapult.external.validationtest\bin\debug\tavisca.catapult.external.validationtest.dll" id="cc230243-1ed4-7981-4f6b-12a6e3499def">
      <Execution id="e9f98747-c223-4674-adcb-7cccfaf3ffba" />
      <TestMethod codeBase="D:\Code\TOM\Catapult\Code\trunk\CatapultServices\Tavisca.Catapult.External.ValidationTest\bin\Debug\Tavisca.Catapult.External.ValidationTest.dll" adapterTypeName="Microsoft.VisualStudio.TestTools.TestTypes.Unit.UnitTestAdapter" className="Tavisca.Catapult.External.ValidationTest.HotelBookingRequestValidationTest" name="HotelBookingRequestForCheckOutOnTodayInValidTest" />
    </UnitTest>
    <UnitTest name="HotelBookingRequestForRoomsRateCodeInformationValueIsNullInValidTest" storage="d:\code\tom\catapult\code\trunk\catapultservices\tavisca.catapult.external.validationtest\bin\debug\tavisca.catapult.external.validationtest.dll" id="8470b692-44ab-1b80-61a1-9a1fb7a60843">
      <Execution id="04daf43a-11ab-4b1a-b095-6484360d08ad" />
      <TestMethod codeBase="D:\Code\TOM\Catapult\Code\trunk\CatapultServices\Tavisca.Catapult.External.ValidationTest\bin\Debug\Tavisca.Catapult.External.ValidationTest.dll" adapterTypeName="Microsoft.VisualStudio.TestTools.TestTypes.Unit.UnitTestAdapter" className="Tavisca.Catapult.External.ValidationTest.HotelBookingRequestValidationTest" name="HotelBookingRequestForRoomsRateCodeInformationValueIsNullInValidTest" />
    </UnitTest>
    <UnitTest name="HotelBookingRequestForRoomsRateCodeInformationValueIsEmptyListInValidTest" storage="d:\code\tom\catapult\code\trunk\catapultservices\tavisca.catapult.external.validationtest\bin\debug\tavisca.catapult.external.validationtest.dll" id="c7484e1b-a791-5af3-0f7e-a12a66788d1f">
      <Execution id="66643f83-fed8-4c5d-9938-b2eb96f06c9b" />
      <TestMethod codeBase="D:\Code\TOM\Catapult\Code\trunk\CatapultServices\Tavisca.Catapult.External.ValidationTest\bin\Debug\Tavisca.Catapult.External.ValidationTest.dll" adapterTypeName="Microsoft.VisualStudio.TestTools.TestTypes.Unit.UnitTestAdapter" className="Tavisca.Catapult.External.ValidationTest.HotelBookingRequestValidationTest" name="HotelBookingRequestForRoomsRateCodeInformationValueIsEmptyListInValidTest" />
    </UnitTest>
    <UnitTest name="HotelBookingRequestForPassengerListIsNullInValidTest" storage="d:\code\tom\catapult\code\trunk\catapultservices\tavisca.catapult.external.validationtest\bin\debug\tavisca.catapult.external.validationtest.dll" id="de70947e-c144-0bd6-82cb-3da3109a980f">
      <Execution id="60f57487-7e2a-4e32-b620-cb825012d4b3" />
      <TestMethod codeBase="D:\Code\TOM\Catapult\Code\trunk\CatapultServices\Tavisca.Catapult.External.ValidationTest\bin\Debug\Tavisca.Catapult.External.ValidationTest.dll" adapterTypeName="Microsoft.VisualStudio.TestTools.TestTypes.Unit.UnitTestAdapter" className="Tavisca.Catapult.External.ValidationTest.HotelBookingRequestValidationTest" name="HotelBookingRequestForPassengerListIsNullInValidTest" />
    </UnitTest>
    <UnitTest name="HotelBookingRequestForPassengerListIsEmptyListInValidTest" storage="d:\code\tom\catapult\code\trunk\catapultservices\tavisca.catapult.external.validationtest\bin\debug\tavisca.catapult.external.validationtest.dll" id="00a3d9f3-bf02-03d3-8b50-0125e8430370">
      <Execution id="2f29f9ad-66bd-4937-8223-d23e5d292528" />
      <TestMethod codeBase="D:\Code\TOM\Catapult\Code\trunk\CatapultServices\Tavisca.Catapult.External.ValidationTest\bin\Debug\Tavisca.Catapult.External.ValidationTest.dll" adapterTypeName="Microsoft.VisualStudio.TestTools.TestTypes.Unit.UnitTestAdapter" className="Tavisca.Catapult.External.ValidationTest.HotelBookingRequestValidationTest" name="HotelBookingRequestForPassengerListIsEmptyListInValidTest" />
    </UnitTest>
    <UnitTest name="HotelBookingRetrieveRequestValidTest" storage="d:\code\tom\catapult\code\trunk\catapultservices\tavisca.catapult.external.validationtest\bin\debug\tavisca.catapult.external.validationtest.dll" id="274bad24-8123-84d1-2253-deb106b6d76a">
      <Execution id="d5930069-cc75-45a2-904a-6cc44809620e" />
      <TestMethod codeBase="D:\Code\TOM\Catapult\Code\trunk\CatapultServices\Tavisca.Catapult.External.ValidationTest\bin\Debug\Tavisca.Catapult.External.ValidationTest.dll" adapterTypeName="Microsoft.VisualStudio.TestTools.TestTypes.Unit.UnitTestAdapter" className="Tavisca.Catapult.External.ValidationTest.HotelBookingRetrieveRequestValidationTest" name="HotelBookingRetrieveRequestValidTest" />
    </UnitTest>
    <UnitTest name="HotelBookingRetrieveRequestForOrderCodeValueIsNullInValidTest" storage="d:\code\tom\catapult\code\trunk\catapultservices\tavisca.catapult.external.validationtest\bin\debug\tavisca.catapult.external.validationtest.dll" id="4bd1b4ed-7709-cf75-abe7-e73b3a177485">
      <Execution id="4bb1eac7-aab8-4555-ab52-d53a3f5428a4" />
      <TestMethod codeBase="D:\Code\TOM\Catapult\Code\trunk\CatapultServices\Tavisca.Catapult.External.ValidationTest\bin\Debug\Tavisca.Catapult.External.ValidationTest.dll" adapterTypeName="Microsoft.VisualStudio.TestTools.TestTypes.Unit.UnitTestAdapter" className="Tavisca.Catapult.External.ValidationTest.HotelBookingRetrieveRequestValidationTest" name="HotelBookingRetrieveRequestForOrderCodeValueIsNullInValidTest" />
    </UnitTest>
    <UnitTest name="HotelBookingRetrieveRequestForOrderCodeValueIsEmptyInValidTest" storage="d:\code\tom\catapult\code\trunk\catapultservices\tavisca.catapult.external.validationtest\bin\debug\tavisca.catapult.external.validationtest.dll" id="590596af-0c14-c7f5-f9eb-c5b7776d8bcf">
      <Execution id="83208ff4-7373-4834-bd9a-c0adc935aa83" />
      <TestMethod codeBase="D:\Code\TOM\Catapult\Code\trunk\CatapultServices\Tavisca.Catapult.External.ValidationTest\bin\Debug\Tavisca.Catapult.External.ValidationTest.dll" adapterTypeName="Microsoft.VisualStudio.TestTools.TestTypes.Unit.UnitTestAdapter" className="Tavisca.Catapult.External.ValidationTest.HotelBookingRetrieveRequestValidationTest" name="HotelBookingRetrieveRequestForOrderCodeValueIsEmptyInValidTest" />
    </UnitTest>
    <UnitTest name="HotelBookingRetrieveRequestForOrderCodeValueAlphaNumericInValidTest" storage="d:\code\tom\catapult\code\trunk\catapultservices\tavisca.catapult.external.validationtest\bin\debug\tavisca.catapult.external.validationtest.dll" id="4c81cfca-acde-d93e-8514-a5400e210e83">
      <Execution id="d5600f15-7ee6-41db-92c3-8cd949be34d0" />
      <TestMethod codeBase="D:\Code\TOM\Catapult\Code\trunk\CatapultServices\Tavisca.Catapult.External.ValidationTest\bin\Debug\Tavisca.Catapult.External.ValidationTest.dll" adapterTypeName="Microsoft.VisualStudio.TestTools.TestTypes.Unit.UnitTestAdapter" className="Tavisca.Catapult.External.ValidationTest.HotelBookingRetrieveRequestValidationTest" name="HotelBookingRetrieveRequestForOrderCodeValueAlphaNumericInValidTest" />
    </UnitTest>
    <UnitTest name="HotelBookingRetrieveRequestForOrderCodeValueContainsSpaceInValidTest" storage="d:\code\tom\catapult\code\trunk\catapultservices\tavisca.catapult.external.validationtest\bin\debug\tavisca.catapult.external.validationtest.dll" id="59178aca-bac1-05e6-800d-c621e761e052">
      <Execution id="b1f7e2c9-4de4-4420-baed-a377ea7f7a8b" />
      <TestMethod codeBase="D:\Code\TOM\Catapult\Code\trunk\CatapultServices\Tavisca.Catapult.External.ValidationTest\bin\Debug\Tavisca.Catapult.External.ValidationTest.dll" adapterTypeName="Microsoft.VisualStudio.TestTools.TestTypes.Unit.UnitTestAdapter" className="Tavisca.Catapult.External.ValidationTest.HotelBookingRetrieveRequestValidationTest" name="HotelBookingRetrieveRequestForOrderCodeValueContainsSpaceInValidTest" />
    </UnitTest>
    <UnitTest name="HotelBookingRetrieveRequestForOrderCodeValueContainsSpecialCharInValidTest" storage="d:\code\tom\catapult\code\trunk\catapultservices\tavisca.catapult.external.validationtest\bin\debug\tavisca.catapult.external.validationtest.dll" id="1c30259b-7e0f-b0a6-8a00-13abf7d79998">
      <Execution id="97c467ca-7e84-4e6a-a5b4-6d5732d6711f" />
      <TestMethod codeBase="D:\Code\TOM\Catapult\Code\trunk\CatapultServices\Tavisca.Catapult.External.ValidationTest\bin\Debug\Tavisca.Catapult.External.ValidationTest.dll" adapterTypeName="Microsoft.VisualStudio.TestTools.TestTypes.Unit.UnitTestAdapter" className="Tavisca.Catapult.External.ValidationTest.HotelBookingRetrieveRequestValidationTest" name="HotelBookingRetrieveRequestForOrderCodeValueContainsSpecialCharInValidTest" />
    </UnitTest>
    <UnitTest name="HotelBookingUpdateRequestRequestValidTest" storage="d:\code\tom\catapult\code\trunk\catapultservices\tavisca.catapult.external.validationtest\bin\debug\tavisca.catapult.external.validationtest.dll" id="9f8bd7cd-1efb-a1ba-ec3f-4e0f7b6d7ddc">
      <Execution id="b2c942d7-8e1f-41cd-9d47-3527ede56c6f" />
      <TestMethod codeBase="D:\Code\TOM\Catapult\Code\trunk\CatapultServices\Tavisca.Catapult.External.ValidationTest\bin\Debug\Tavisca.Catapult.External.ValidationTest.dll" adapterTypeName="Microsoft.VisualStudio.TestTools.TestTypes.Unit.UnitTestAdapter" className="Tavisca.Catapult.External.ValidationTest.HotelBookingUpdateRequestValidationTest" name="HotelBookingUpdateRequestRequestValidTest" />
    </UnitTest>
    <UnitTest name="HotelBookingUpdateRequestForOrderCodeValueIsNullInValidTest" storage="d:\code\tom\catapult\code\trunk\catapultservices\tavisca.catapult.external.validationtest\bin\debug\tavisca.catapult.external.validationtest.dll" id="70a62361-60ed-4827-1416-31851d7f0199">
      <Execution id="0ca33223-f9d0-4fa7-b685-b7316891793e" />
      <TestMethod codeBase="D:\Code\TOM\Catapult\Code\trunk\CatapultServices\Tavisca.Catapult.External.ValidationTest\bin\Debug\Tavisca.Catapult.External.ValidationTest.dll" adapterTypeName="Microsoft.VisualStudio.TestTools.TestTypes.Unit.UnitTestAdapter" className="Tavisca.Catapult.External.ValidationTest.HotelBookingUpdateRequestValidationTest" name="HotelBookingUpdateRequestForOrderCodeValueIsNullInValidTest" />
    </UnitTest>
    <UnitTest name="HotelBookingUpdateRequestForOrderCodeValueIsEmptyInValidTest" storage="d:\code\tom\catapult\code\trunk\catapultservices\tavisca.catapult.external.validationtest\bin\debug\tavisca.catapult.external.validationtest.dll" id="3d512ff5-8a49-bdec-6980-6d52e7f27910">
      <Execution id="77356067-528f-434d-aec7-6e9247a078c7" />
      <TestMethod codeBase="D:\Code\TOM\Catapult\Code\trunk\CatapultServices\Tavisca.Catapult.External.ValidationTest\bin\Debug\Tavisca.Catapult.External.ValidationTest.dll" adapterTypeName="Microsoft.VisualStudio.TestTools.TestTypes.Unit.UnitTestAdapter" className="Tavisca.Catapult.External.ValidationTest.HotelBookingUpdateRequestValidationTest" name="HotelBookingUpdateRequestForOrderCodeValueIsEmptyInValidTest" />
    </UnitTest>
    <UnitTest name="HotelBookingUpdateRequestForOrderCodeValueAlphaNumericInValidTest" storage="d:\code\tom\catapult\code\trunk\catapultservices\tavisca.catapult.external.validationtest\bin\debug\tavisca.catapult.external.validationtest.dll" id="1ecdbfe1-3e48-9796-a8a6-b53175f049cf">
      <Execution id="f55dbb5b-2a3e-4055-aebb-74396b3f69b9" />
      <TestMethod codeBase="D:\Code\TOM\Catapult\Code\trunk\CatapultServices\Tavisca.Catapult.External.ValidationTest\bin\Debug\Tavisca.Catapult.External.ValidationTest.dll" adapterTypeName="Microsoft.VisualStudio.TestTools.TestTypes.Unit.UnitTestAdapter" className="Tavisca.Catapult.External.ValidationTest.HotelBookingUpdateRequestValidationTest" name="HotelBookingUpdateRequestForOrderCodeValueAlphaNumericInValidTest" />
    </UnitTest>
    <UnitTest name="HotelBookingUpdateRequestForOrderCodeValueContainsSpaceInValidTest" storage="d:\code\tom\catapult\code\trunk\catapultservices\tavisca.catapult.external.validationtest\bin\debug\tavisca.catapult.external.validationtest.dll" id="2d610e0c-bb8a-4561-b321-6960c8168c0d">
      <Execution id="e2a7a1b6-ebf0-4c14-8ae0-6b916c672189" />
      <TestMethod codeBase="D:\Code\TOM\Catapult\Code\trunk\CatapultServices\Tavisca.Catapult.External.ValidationTest\bin\Debug\Tavisca.Catapult.External.ValidationTest.dll" adapterTypeName="Microsoft.VisualStudio.TestTools.TestTypes.Unit.UnitTestAdapter" className="Tavisca.Catapult.External.ValidationTest.HotelBookingUpdateRequestValidationTest" name="HotelBookingUpdateRequestForOrderCodeValueContainsSpaceInValidTest" />
    </UnitTest>
    <UnitTest name="HotelBookingUpdateRequestForOrderCodeValueContainsSpecialCharInValidTest" storage="d:\code\tom\catapult\code\trunk\catapultservices\tavisca.catapult.external.validationtest\bin\debug\tavisca.catapult.external.validationtest.dll" id="ef8d0c89-090b-1055-4d5e-d4f4ac99b6e6">
      <Execution id="8c1a1d8b-7c71-45d1-8aba-8b2a9e4511b4" />
      <TestMethod codeBase="D:\Code\TOM\Catapult\Code\trunk\CatapultServices\Tavisca.Catapult.External.ValidationTest\bin\Debug\Tavisca.Catapult.External.ValidationTest.dll" adapterTypeName="Microsoft.VisualStudio.TestTools.TestTypes.Unit.UnitTestAdapter" className="Tavisca.Catapult.External.ValidationTest.HotelBookingUpdateRequestValidationTest" name="HotelBookingUpdateRequestForOrderCodeValueContainsSpecialCharInValidTest" />
    </UnitTest>
    <UnitTest name="HotelCancelRequestValidTest" storage="d:\code\tom\catapult\code\trunk\catapultservices\tavisca.catapult.external.validationtest\bin\debug\tavisca.catapult.external.validationtest.dll" id="e91cb43b-e9a9-0305-c203-a6aa39360edc">
      <Execution id="e2d92372-4bf9-4efe-af45-8507cce38b72" />
      <TestMethod codeBase="D:\Code\TOM\Catapult\Code\trunk\CatapultServices\Tavisca.Catapult.External.ValidationTest\bin\Debug\Tavisca.Catapult.External.ValidationTest.dll" adapterTypeName="Microsoft.VisualStudio.TestTools.TestTypes.Unit.UnitTestAdapter" className="Tavisca.Catapult.External.ValidationTest.HotelCancelRequestValidationTest" name="HotelCancelRequestValidTest" />
    </UnitTest>
    <UnitTest name="HotelCancelRequestForOrderCodeValueIsNullInValidTest" storage="d:\code\tom\catapult\code\trunk\catapultservices\tavisca.catapult.external.validationtest\bin\debug\tavisca.catapult.external.validationtest.dll" id="b8e978fc-6971-8ef0-b2ab-afd711a20f4b">
      <Execution id="67968651-7782-458e-8dc0-fb90dab391c8" />
      <TestMethod codeBase="D:\Code\TOM\Catapult\Code\trunk\CatapultServices\Tavisca.Catapult.External.ValidationTest\bin\Debug\Tavisca.Catapult.External.ValidationTest.dll" adapterTypeName="Microsoft.VisualStudio.TestTools.TestTypes.Unit.UnitTestAdapter" className="Tavisca.Catapult.External.ValidationTest.HotelCancelRequestValidationTest" name="HotelCancelRequestForOrderCodeValueIsNullInValidTest" />
    </UnitTest>
    <UnitTest name="HotelCancelRequestForOrderCodeValueIsEmptyInValidTest" storage="d:\code\tom\catapult\code\trunk\catapultservices\tavisca.catapult.external.validationtest\bin\debug\tavisca.catapult.external.validationtest.dll" id="afc93ff4-91a7-2f87-9274-48e0c28ce9da">
      <Execution id="41fd6058-9278-4337-84e7-99fba9dfe877" />
      <TestMethod codeBase="D:\Code\TOM\Catapult\Code\trunk\CatapultServices\Tavisca.Catapult.External.ValidationTest\bin\Debug\Tavisca.Catapult.External.ValidationTest.dll" adapterTypeName="Microsoft.VisualStudio.TestTools.TestTypes.Unit.UnitTestAdapter" className="Tavisca.Catapult.External.ValidationTest.HotelCancelRequestValidationTest" name="HotelCancelRequestForOrderCodeValueIsEmptyInValidTest" />
    </UnitTest>
    <UnitTest name="HotelCancelRequestForOrderCodeValueAlphaNumericInValidTest" storage="d:\code\tom\catapult\code\trunk\catapultservices\tavisca.catapult.external.validationtest\bin\debug\tavisca.catapult.external.validationtest.dll" id="a574179a-0971-5a14-0060-00950ab16314">
      <Execution id="178bc960-d024-42c3-8bd4-53e7728d1fb6" />
      <TestMethod codeBase="D:\Code\TOM\Catapult\Code\trunk\CatapultServices\Tavisca.Catapult.External.ValidationTest\bin\Debug\Tavisca.Catapult.External.ValidationTest.dll" adapterTypeName="Microsoft.VisualStudio.TestTools.TestTypes.Unit.UnitTestAdapter" className="Tavisca.Catapult.External.ValidationTest.HotelCancelRequestValidationTest" name="HotelCancelRequestForOrderCodeValueAlphaNumericInValidTest" />
    </UnitTest>
    <UnitTest name="HotelCancelRequestForOrderCodeValueContainsSpaceInValidTest" storage="d:\code\tom\catapult\code\trunk\catapultservices\tavisca.catapult.external.validationtest\bin\debug\tavisca.catapult.external.validationtest.dll" id="58013f42-9dbe-a03b-2aae-30d5e452ab70">
      <Execution id="a19792d4-dc49-4e52-b165-ca8e267aabd0" />
      <TestMethod codeBase="D:\Code\TOM\Catapult\Code\trunk\CatapultServices\Tavisca.Catapult.External.ValidationTest\bin\Debug\Tavisca.Catapult.External.ValidationTest.dll" adapterTypeName="Microsoft.VisualStudio.TestTools.TestTypes.Unit.UnitTestAdapter" className="Tavisca.Catapult.External.ValidationTest.HotelCancelRequestValidationTest" name="HotelCancelRequestForOrderCodeValueContainsSpaceInValidTest" />
    </UnitTest>
    <UnitTest name="HotelCancelRequestForOrderCodeValueContainsSpecialCharInValidTest" storage="d:\code\tom\catapult\code\trunk\catapultservices\tavisca.catapult.external.validationtest\bin\debug\tavisca.catapult.external.validationtest.dll" id="900e0e01-4e53-0c6a-8341-c1e3ae8da813">
      <Execution id="c4b89a95-6234-4414-a92e-6394c68f338f" />
      <TestMethod codeBase="D:\Code\TOM\Catapult\Code\trunk\CatapultServices\Tavisca.Catapult.External.ValidationTest\bin\Debug\Tavisca.Catapult.External.ValidationTest.dll" adapterTypeName="Microsoft.VisualStudio.TestTools.TestTypes.Unit.UnitTestAdapter" className="Tavisca.Catapult.External.ValidationTest.HotelCancelRequestValidationTest" name="HotelCancelRequestForOrderCodeValueContainsSpecialCharInValidTest" />
    </UnitTest>
    <UnitTest name="HotelCancelRequestForReasonValueEmptyInValidTest" storage="d:\code\tom\catapult\code\trunk\catapultservices\tavisca.catapult.external.validationtest\bin\debug\tavisca.catapult.external.validationtest.dll" id="862840fc-1b8e-7495-54fe-b516ae784012">
      <Execution id="e5aaa258-8a3d-4573-a4ba-fce9a3c68053" />
      <TestMethod codeBase="D:\Code\TOM\Catapult\Code\trunk\CatapultServices\Tavisca.Catapult.External.ValidationTest\bin\Debug\Tavisca.Catapult.External.ValidationTest.dll" adapterTypeName="Microsoft.VisualStudio.TestTools.TestTypes.Unit.UnitTestAdapter" className="Tavisca.Catapult.External.ValidationTest.HotelCancelRequestValidationTest" name="HotelCancelRequestForReasonValueEmptyInValidTest" />
    </UnitTest>
    <UnitTest name="HotelCancelRequestForReasonValueNullInValidTest" storage="d:\code\tom\catapult\code\trunk\catapultservices\tavisca.catapult.external.validationtest\bin\debug\tavisca.catapult.external.validationtest.dll" id="86c656fc-c5ae-c19a-94b2-a89aa53662f1">
      <Execution id="0a924a33-0933-4792-82a2-9707964a4ac9" />
      <TestMethod codeBase="D:\Code\TOM\Catapult\Code\trunk\CatapultServices\Tavisca.Catapult.External.ValidationTest\bin\Debug\Tavisca.Catapult.External.ValidationTest.dll" adapterTypeName="Microsoft.VisualStudio.TestTools.TestTypes.Unit.UnitTestAdapter" className="Tavisca.Catapult.External.ValidationTest.HotelCancelRequestValidationTest" name="HotelCancelRequestForReasonValueNullInValidTest" />
    </UnitTest>
    <UnitTest name="PassengerValidTest" storage="d:\code\tom\catapult\code\trunk\catapultservices\tavisca.catapult.external.validationtest\bin\debug\tavisca.catapult.external.validationtest.dll" id="701f1931-1181-bd2c-e8b5-2c7c41b498ca">
      <Execution id="b9657364-154b-43e7-8481-6ed32c32684a" />
      <TestMethod codeBase="D:\Code\TOM\Catapult\Code\trunk\CatapultServices\Tavisca.Catapult.External.ValidationTest\bin\Debug\Tavisca.Catapult.External.ValidationTest.dll" adapterTypeName="Microsoft.VisualStudio.TestTools.TestTypes.Unit.UnitTestAdapter" className="Tavisca.Catapult.External.ValidationTest.PassengerValidationTest" name="PassengerValidTest" />
    </UnitTest>
    <UnitTest name="PassengerForNullAddressValueInValidTest" storage="d:\code\tom\catapult\code\trunk\catapultservices\tavisca.catapult.external.validationtest\bin\debug\tavisca.catapult.external.validationtest.dll" id="40515939-d4d6-c2a0-62b4-dd048eb9a9e5">
      <Execution id="b4fe96c5-a488-43b7-9955-ee3ddba915fe" />
      <TestMethod codeBase="D:\Code\TOM\Catapult\Code\trunk\CatapultServices\Tavisca.Catapult.External.ValidationTest\bin\Debug\Tavisca.Catapult.External.ValidationTest.dll" adapterTypeName="Microsoft.VisualStudio.TestTools.TestTypes.Unit.UnitTestAdapter" className="Tavisca.Catapult.External.ValidationTest.PassengerValidationTest" name="PassengerForNullAddressValueInValidTest" />
    </UnitTest>
    <UnitTest name="PassengerForAgeMoreThanHundredValueInValidTest" storage="d:\code\tom\catapult\code\trunk\catapultservices\tavisca.catapult.external.validationtest\bin\debug\tavisca.catapult.external.validationtest.dll" id="403eacda-f14d-871f-4757-82edd9e43468">
      <Execution id="0f79098d-d77b-413b-b6ef-a1e6956f883a" />
      <TestMethod codeBase="D:\Code\TOM\Catapult\Code\trunk\CatapultServices\Tavisca.Catapult.External.ValidationTest\bin\Debug\Tavisca.Catapult.External.ValidationTest.dll" adapterTypeName="Microsoft.VisualStudio.TestTools.TestTypes.Unit.UnitTestAdapter" className="Tavisca.Catapult.External.ValidationTest.PassengerValidationTest" name="PassengerForAgeMoreThanHundredValueInValidTest" />
    </UnitTest>
    <UnitTest name="PassengerForAgeHundredValueValidTest" storage="d:\code\tom\catapult\code\trunk\catapultservices\tavisca.catapult.external.validationtest\bin\debug\tavisca.catapult.external.validationtest.dll" id="bd8849c8-8336-231b-a10d-2a3d9b5306fc">
      <Execution id="51a7a168-ee12-4f7e-88e2-b8b6135a7622" />
      <TestMethod codeBase="D:\Code\TOM\Catapult\Code\trunk\CatapultServices\Tavisca.Catapult.External.ValidationTest\bin\Debug\Tavisca.Catapult.External.ValidationTest.dll" adapterTypeName="Microsoft.VisualStudio.TestTools.TestTypes.Unit.UnitTestAdapter" className="Tavisca.Catapult.External.ValidationTest.PassengerValidationTest" name="PassengerForAgeHundredValueValidTest" />
    </UnitTest>
    <UnitTest name="PassengerForAgeZeroValueInValidTest" storage="d:\code\tom\catapult\code\trunk\catapultservices\tavisca.catapult.external.validationtest\bin\debug\tavisca.catapult.external.validationtest.dll" id="c66a2028-35eb-036a-ad3a-fd2247dbb90c">
      <Execution id="1f9991ef-e672-4f00-ad80-b7d16fccfc29" />
      <TestMethod codeBase="D:\Code\TOM\Catapult\Code\trunk\CatapultServices\Tavisca.Catapult.External.ValidationTest\bin\Debug\Tavisca.Catapult.External.ValidationTest.dll" adapterTypeName="Microsoft.VisualStudio.TestTools.TestTypes.Unit.UnitTestAdapter" className="Tavisca.Catapult.External.ValidationTest.PassengerValidationTest" name="PassengerForAgeZeroValueInValidTest" />
    </UnitTest>
    <UnitTest name="PassengerForFirstNameValueIsNullInValidTest" storage="d:\code\tom\catapult\code\trunk\catapultservices\tavisca.catapult.external.validationtest\bin\debug\tavisca.catapult.external.validationtest.dll" id="2b73516d-e785-f01f-33fb-dd35be30ceeb">
      <Execution id="f27f080e-7027-438b-b1d8-bed07f392a27" />
      <TestMethod codeBase="D:\Code\TOM\Catapult\Code\trunk\CatapultServices\Tavisca.Catapult.External.ValidationTest\bin\Debug\Tavisca.Catapult.External.ValidationTest.dll" adapterTypeName="Microsoft.VisualStudio.TestTools.TestTypes.Unit.UnitTestAdapter" className="Tavisca.Catapult.External.ValidationTest.PassengerValidationTest" name="PassengerForFirstNameValueIsNullInValidTest" />
    </UnitTest>
    <UnitTest name="PassengerForFirstNameValueIsEmptyInValidTest" storage="d:\code\tom\catapult\code\trunk\catapultservices\tavisca.catapult.external.validationtest\bin\debug\tavisca.catapult.external.validationtest.dll" id="e0dc2f2a-1b1b-27ac-bda5-f9afd4ad6cce">
      <Execution id="359e1c90-a255-4db6-a14a-33e7104661ea" />
      <TestMethod codeBase="D:\Code\TOM\Catapult\Code\trunk\CatapultServices\Tavisca.Catapult.External.ValidationTest\bin\Debug\Tavisca.Catapult.External.ValidationTest.dll" adapterTypeName="Microsoft.VisualStudio.TestTools.TestTypes.Unit.UnitTestAdapter" className="Tavisca.Catapult.External.ValidationTest.PassengerValidationTest" name="PassengerForFirstNameValueIsEmptyInValidTest" />
    </UnitTest>
    <UnitTest name="PassengerForFirstNameValueAlphaNumericInValidTest" storage="d:\code\tom\catapult\code\trunk\catapultservices\tavisca.catapult.external.validationtest\bin\debug\tavisca.catapult.external.validationtest.dll" id="a67e4ad5-d1d5-6311-c344-a928cea18c06">
      <Execution id="c4426e31-856f-4b3b-ae38-be91ce6e011f" />
      <TestMethod codeBase="D:\Code\TOM\Catapult\Code\trunk\CatapultServices\Tavisca.Catapult.External.ValidationTest\bin\Debug\Tavisca.Catapult.External.ValidationTest.dll" adapterTypeName="Microsoft.VisualStudio.TestTools.TestTypes.Unit.UnitTestAdapter" className="Tavisca.Catapult.External.ValidationTest.PassengerValidationTest" name="PassengerForFirstNameValueAlphaNumericInValidTest" />
    </UnitTest>
    <UnitTest name="PassengerForFirstNameValueContainsDashValidTest" storage="d:\code\tom\catapult\code\trunk\catapultservices\tavisca.catapult.external.validationtest\bin\debug\tavisca.catapult.external.validationtest.dll" id="f2a9851e-17e1-b631-0c10-c33d59cf4b71">
      <Execution id="70712db7-fb04-4418-9541-4f6afe4e904b" />
      <TestMethod codeBase="D:\Code\TOM\Catapult\Code\trunk\CatapultServices\Tavisca.Catapult.External.ValidationTest\bin\Debug\Tavisca.Catapult.External.ValidationTest.dll" adapterTypeName="Microsoft.VisualStudio.TestTools.TestTypes.Unit.UnitTestAdapter" className="Tavisca.Catapult.External.ValidationTest.PassengerValidationTest" name="PassengerForFirstNameValueContainsDashValidTest" />
    </UnitTest>
    <UnitTest name="PassengerForFirstNameValueContainsApostropheValidTest" storage="d:\code\tom\catapult\code\trunk\catapultservices\tavisca.catapult.external.validationtest\bin\debug\tavisca.catapult.external.validationtest.dll" id="dd593885-d094-d824-b884-ce6a45cec3c9">
      <Execution id="f591fa84-ff9c-4416-8651-cd839a2eed42" />
      <TestMethod codeBase="D:\Code\TOM\Catapult\Code\trunk\CatapultServices\Tavisca.Catapult.External.ValidationTest\bin\Debug\Tavisca.Catapult.External.ValidationTest.dll" adapterTypeName="Microsoft.VisualStudio.TestTools.TestTypes.Unit.UnitTestAdapter" className="Tavisca.Catapult.External.ValidationTest.PassengerValidationTest" name="PassengerForFirstNameValueContainsApostropheValidTest" />
    </UnitTest>
    <UnitTest name="PassengerForFirstNameValueContainsDotValidTest" storage="d:\code\tom\catapult\code\trunk\catapultservices\tavisca.catapult.external.validationtest\bin\debug\tavisca.catapult.external.validationtest.dll" id="272b86d1-919b-7a30-1dc9-4dc307d32fbd">
      <Execution id="bf27ca24-fa07-49d4-973d-62091c548f20" />
      <TestMethod codeBase="D:\Code\TOM\Catapult\Code\trunk\CatapultServices\Tavisca.Catapult.External.ValidationTest\bin\Debug\Tavisca.Catapult.External.ValidationTest.dll" adapterTypeName="Microsoft.VisualStudio.TestTools.TestTypes.Unit.UnitTestAdapter" className="Tavisca.Catapult.External.ValidationTest.PassengerValidationTest" name="PassengerForFirstNameValueContainsDotValidTest" />
    </UnitTest>
    <UnitTest name="PassengerForFirstNameValueContainsCommaValidTest" storage="d:\code\tom\catapult\code\trunk\catapultservices\tavisca.catapult.external.validationtest\bin\debug\tavisca.catapult.external.validationtest.dll" id="9bcf61c8-ad05-b2ea-f077-089bbea52998">
      <Execution id="3d79b841-25db-44bf-81fe-93dcee8a66a3" />
      <TestMethod codeBase="D:\Code\TOM\Catapult\Code\trunk\CatapultServices\Tavisca.Catapult.External.ValidationTest\bin\Debug\Tavisca.Catapult.External.ValidationTest.dll" adapterTypeName="Microsoft.VisualStudio.TestTools.TestTypes.Unit.UnitTestAdapter" className="Tavisca.Catapult.External.ValidationTest.PassengerValidationTest" name="PassengerForFirstNameValueContainsCommaValidTest" />
    </UnitTest>
    <UnitTest name="PassengerForLastNameValueIsNullInValidTest" storage="d:\code\tom\catapult\code\trunk\catapultservices\tavisca.catapult.external.validationtest\bin\debug\tavisca.catapult.external.validationtest.dll" id="da45cbde-6cb8-92da-f539-00965f0fda56">
      <Execution id="b9743fa8-b21e-4974-8028-5f24f07bb435" />
      <TestMethod codeBase="D:\Code\TOM\Catapult\Code\trunk\CatapultServices\Tavisca.Catapult.External.ValidationTest\bin\Debug\Tavisca.Catapult.External.ValidationTest.dll" adapterTypeName="Microsoft.VisualStudio.TestTools.TestTypes.Unit.UnitTestAdapter" className="Tavisca.Catapult.External.ValidationTest.PassengerValidationTest" name="PassengerForLastNameValueIsNullInValidTest" />
    </UnitTest>
    <UnitTest name="PassengerForLastNameValueIsEmptyInValidTest" storage="d:\code\tom\catapult\code\trunk\catapultservices\tavisca.catapult.external.validationtest\bin\debug\tavisca.catapult.external.validationtest.dll" id="07ef8436-3b08-9eef-2f2b-82ef9e9d4f82">
      <Execution id="a991a2f3-ae9e-479e-846c-9e6c6c942c70" />
      <TestMethod codeBase="D:\Code\TOM\Catapult\Code\trunk\CatapultServices\Tavisca.Catapult.External.ValidationTest\bin\Debug\Tavisca.Catapult.External.ValidationTest.dll" adapterTypeName="Microsoft.VisualStudio.TestTools.TestTypes.Unit.UnitTestAdapter" className="Tavisca.Catapult.External.ValidationTest.PassengerValidationTest" name="PassengerForLastNameValueIsEmptyInValidTest" />
    </UnitTest>
    <UnitTest name="PassengerForLastNameValueAlphaNumericInValidTest" storage="d:\code\tom\catapult\code\trunk\catapultservices\tavisca.catapult.external.validationtest\bin\debug\tavisca.catapult.external.validationtest.dll" id="eee26cfa-f0b3-d06b-3b91-c8a20b5be632">
      <Execution id="25811371-d852-41e3-9400-d8eb0c5a6eb7" />
      <TestMethod codeBase="D:\Code\TOM\Catapult\Code\trunk\CatapultServices\Tavisca.Catapult.External.ValidationTest\bin\Debug\Tavisca.Catapult.External.ValidationTest.dll" adapterTypeName="Microsoft.VisualStudio.TestTools.TestTypes.Unit.UnitTestAdapter" className="Tavisca.Catapult.External.ValidationTest.PassengerValidationTest" name="PassengerForLastNameValueAlphaNumericInValidTest" />
    </UnitTest>
    <UnitTest name="PassengerForLastNameValueContainsDashValidTest" storage="d:\code\tom\catapult\code\trunk\catapultservices\tavisca.catapult.external.validationtest\bin\debug\tavisca.catapult.external.validationtest.dll" id="a25a16f4-6d3c-ba99-9e87-37276470efb2">
      <Execution id="4c990baa-9d9c-4cb6-95ad-76839525943f" />
      <TestMethod codeBase="D:\Code\TOM\Catapult\Code\trunk\CatapultServices\Tavisca.Catapult.External.ValidationTest\bin\Debug\Tavisca.Catapult.External.ValidationTest.dll" adapterTypeName="Microsoft.VisualStudio.TestTools.TestTypes.Unit.UnitTestAdapter" className="Tavisca.Catapult.External.ValidationTest.PassengerValidationTest" name="PassengerForLastNameValueContainsDashValidTest" />
    </UnitTest>
    <UnitTest name="PassengerForLastNameValueContainsApostropheValidTest" storage="d:\code\tom\catapult\code\trunk\catapultservices\tavisca.catapult.external.validationtest\bin\debug\tavisca.catapult.external.validationtest.dll" id="a59e2896-9d23-255a-2305-c7c393adec1b">
      <Execution id="94532454-d283-4395-ba76-230352602f1a" />
      <TestMethod codeBase="D:\Code\TOM\Catapult\Code\trunk\CatapultServices\Tavisca.Catapult.External.ValidationTest\bin\Debug\Tavisca.Catapult.External.ValidationTest.dll" adapterTypeName="Microsoft.VisualStudio.TestTools.TestTypes.Unit.UnitTestAdapter" className="Tavisca.Catapult.External.ValidationTest.PassengerValidationTest" name="PassengerForLastNameValueContainsApostropheValidTest" />
    </UnitTest>
    <UnitTest name="PassengerForLastNameValueContainsDotValidTest" storage="d:\code\tom\catapult\code\trunk\catapultservices\tavisca.catapult.external.validationtest\bin\debug\tavisca.catapult.external.validationtest.dll" id="e621ac65-0455-0fae-bfaf-4b4a3f77167e">
      <Execution id="663b14b0-3d64-47b8-acb9-c15fca297f69" />
      <TestMethod codeBase="D:\Code\TOM\Catapult\Code\trunk\CatapultServices\Tavisca.Catapult.External.ValidationTest\bin\Debug\Tavisca.Catapult.External.ValidationTest.dll" adapterTypeName="Microsoft.VisualStudio.TestTools.TestTypes.Unit.UnitTestAdapter" className="Tavisca.Catapult.External.ValidationTest.PassengerValidationTest" name="PassengerForLastNameValueContainsDotValidTest" />
    </UnitTest>
    <UnitTest name="PassengerForLastNameValueContainsCommaValidTest" storage="d:\code\tom\catapult\code\trunk\catapultservices\tavisca.catapult.external.validationtest\bin\debug\tavisca.catapult.external.validationtest.dll" id="2bd19120-2d40-673e-d087-9fc4c9cb698b">
      <Execution id="b16afc3c-43f5-4364-ae8b-f23c653bd4a0" />
      <TestMethod codeBase="D:\Code\TOM\Catapult\Code\trunk\CatapultServices\Tavisca.Catapult.External.ValidationTest\bin\Debug\Tavisca.Catapult.External.ValidationTest.dll" adapterTypeName="Microsoft.VisualStudio.TestTools.TestTypes.Unit.UnitTestAdapter" className="Tavisca.Catapult.External.ValidationTest.PassengerValidationTest" name="PassengerForLastNameValueContainsCommaValidTest" />
    </UnitTest>
    <UnitTest name="PassengerForIndexZeroValidTest" storage="d:\code\tom\catapult\code\trunk\catapultservices\tavisca.catapult.external.validationtest\bin\debug\tavisca.catapult.external.validationtest.dll" id="4d77376c-bcfe-54be-1c0a-661b1347bbde">
      <Execution id="83b2811a-98d4-47fc-8b2d-3f33940aa5ac" />
      <TestMethod codeBase="D:\Code\TOM\Catapult\Code\trunk\CatapultServices\Tavisca.Catapult.External.ValidationTest\bin\Debug\Tavisca.Catapult.External.ValidationTest.dll" adapterTypeName="Microsoft.VisualStudio.TestTools.TestTypes.Unit.UnitTestAdapter" className="Tavisca.Catapult.External.ValidationTest.PassengerValidationTest" name="PassengerForIndexZeroValidTest" />
    </UnitTest>
    <UnitTest name="PassengerForIndexEighteenValidTest" storage="d:\code\tom\catapult\code\trunk\catapultservices\tavisca.catapult.external.validationtest\bin\debug\tavisca.catapult.external.validationtest.dll" id="4455520b-7a0c-0c03-d18a-3460b289c87e">
      <Execution id="57253501-4f7c-4b45-90a9-34e5e1f7225c" />
      <TestMethod codeBase="D:\Code\TOM\Catapult\Code\trunk\CatapultServices\Tavisca.Catapult.External.ValidationTest\bin\Debug\Tavisca.Catapult.External.ValidationTest.dll" adapterTypeName="Microsoft.VisualStudio.TestTools.TestTypes.Unit.UnitTestAdapter" className="Tavisca.Catapult.External.ValidationTest.PassengerValidationTest" name="PassengerForIndexEighteenValidTest" />
    </UnitTest>
    <UnitTest name="PassengerForIndexMoreThanEighteenInValidTest" storage="d:\code\tom\catapult\code\trunk\catapultservices\tavisca.catapult.external.validationtest\bin\debug\tavisca.catapult.external.validationtest.dll" id="a89274d8-7924-8654-634a-1d2ac017203b">
      <Execution id="abce32dd-5c69-4d58-a86b-d82b85a04352" />
      <TestMethod codeBase="D:\Code\TOM\Catapult\Code\trunk\CatapultServices\Tavisca.Catapult.External.ValidationTest\bin\Debug\Tavisca.Catapult.External.ValidationTest.dll" adapterTypeName="Microsoft.VisualStudio.TestTools.TestTypes.Unit.UnitTestAdapter" className="Tavisca.Catapult.External.ValidationTest.PassengerValidationTest" name="PassengerForIndexMoreThanEighteenInValidTest" />
    </UnitTest>
    <UnitTest name="PassengerForPhoneValueIsNullInValidTest" storage="d:\code\tom\catapult\code\trunk\catapultservices\tavisca.catapult.external.validationtest\bin\debug\tavisca.catapult.external.validationtest.dll" id="62dde2b6-2c1e-edbc-a356-9cd9ed7b06ef">
      <Execution id="c83a9a2f-a1a7-487c-99d9-044459929b19" />
      <TestMethod codeBase="D:\Code\TOM\Catapult\Code\trunk\CatapultServices\Tavisca.Catapult.External.ValidationTest\bin\Debug\Tavisca.Catapult.External.ValidationTest.dll" adapterTypeName="Microsoft.VisualStudio.TestTools.TestTypes.Unit.UnitTestAdapter" className="Tavisca.Catapult.External.ValidationTest.PassengerValidationTest" name="PassengerForPhoneValueIsNullInValidTest" />
    </UnitTest>
    <UnitTest name="PassengerForPhoneValueIsEmptyInValidTest" storage="d:\code\tom\catapult\code\trunk\catapultservices\tavisca.catapult.external.validationtest\bin\debug\tavisca.catapult.external.validationtest.dll" id="b1e22785-9e42-a6c1-a4e7-075b97280b90">
      <Execution id="7c16358a-10dd-40e5-9cd0-e482f2f886bb" />
      <TestMethod codeBase="D:\Code\TOM\Catapult\Code\trunk\CatapultServices\Tavisca.Catapult.External.ValidationTest\bin\Debug\Tavisca.Catapult.External.ValidationTest.dll" adapterTypeName="Microsoft.VisualStudio.TestTools.TestTypes.Unit.UnitTestAdapter" className="Tavisca.Catapult.External.ValidationTest.PassengerValidationTest" name="PassengerForPhoneValueIsEmptyInValidTest" />
    </UnitTest>
    <UnitTest name="PassengerForEmailValueIsNullInValidTest" storage="d:\code\tom\catapult\code\trunk\catapultservices\tavisca.catapult.external.validationtest\bin\debug\tavisca.catapult.external.validationtest.dll" id="6c19924f-f351-4677-f893-cc0949160ebf">
      <Execution id="489f3f32-bbef-454b-bd1f-f2600277d00f" />
      <TestMethod codeBase="D:\Code\TOM\Catapult\Code\trunk\CatapultServices\Tavisca.Catapult.External.ValidationTest\bin\Debug\Tavisca.Catapult.External.ValidationTest.dll" adapterTypeName="Microsoft.VisualStudio.TestTools.TestTypes.Unit.UnitTestAdapter" className="Tavisca.Catapult.External.ValidationTest.PassengerValidationTest" name="PassengerForEmailValueIsNullInValidTest" />
    </UnitTest>
    <UnitTest name="PassengerForEmailValueIsEmptyInValidTest" storage="d:\code\tom\catapult\code\trunk\catapultservices\tavisca.catapult.external.validationtest\bin\debug\tavisca.catapult.external.validationtest.dll" id="64b20173-5b21-39b3-3f67-61404e0ad873">
      <Execution id="c398b880-b3a9-44c7-bc5f-64d6939562d3" />
      <TestMethod codeBase="D:\Code\TOM\Catapult\Code\trunk\CatapultServices\Tavisca.Catapult.External.ValidationTest\bin\Debug\Tavisca.Catapult.External.ValidationTest.dll" adapterTypeName="Microsoft.VisualStudio.TestTools.TestTypes.Unit.UnitTestAdapter" className="Tavisca.Catapult.External.ValidationTest.PassengerValidationTest" name="PassengerForEmailValueIsEmptyInValidTest" />
    </UnitTest>
    <UnitTest name="PassengerForEmailValueInValidTest" storage="d:\code\tom\catapult\code\trunk\catapultservices\tavisca.catapult.external.validationtest\bin\debug\tavisca.catapult.external.validationtest.dll" id="3106c065-ddf1-822a-f9c8-6b47a26fcf17">
      <Execution id="2215f6a1-052c-4df3-9244-40727b839f24" />
      <TestMethod codeBase="D:\Code\TOM\Catapult\Code\trunk\CatapultServices\Tavisca.Catapult.External.ValidationTest\bin\Debug\Tavisca.Catapult.External.ValidationTest.dll" adapterTypeName="Microsoft.VisualStudio.TestTools.TestTypes.Unit.UnitTestAdapter" className="Tavisca.Catapult.External.ValidationTest.PassengerValidationTest" name="PassengerForEmailValueInValidTest" />
    </UnitTest>
    <UnitTest name="RequestedRoomOccupancyValidTest" storage="d:\code\tom\catapult\code\trunk\catapultservices\tavisca.catapult.external.validationtest\bin\debug\tavisca.catapult.external.validationtest.dll" id="8d7a99a4-bb59-9484-74fc-5cf774252598">
      <Execution id="5304ce67-0c39-4050-829d-8e8187f842ae" />
      <TestMethod codeBase="D:\Code\TOM\Catapult\Code\trunk\CatapultServices\Tavisca.Catapult.External.ValidationTest\bin\Debug\Tavisca.Catapult.External.ValidationTest.dll" adapterTypeName="Microsoft.VisualStudio.TestTools.TestTypes.Unit.UnitTestAdapter" className="Tavisca.Catapult.External.ValidationTest.RequestedRoomOccupancyValidationTest" name="RequestedRoomOccupancyValidTest" />
    </UnitTest>
    <UnitTest name="RequestedRoomOccupancyForNullValueInValidTest" storage="d:\code\tom\catapult\code\trunk\catapultservices\tavisca.catapult.external.validationtest\bin\debug\tavisca.catapult.external.validationtest.dll" id="7f7cdd84-8c78-f7b3-1922-1840e9391f97">
      <Execution id="67a292f1-4f7c-4d06-b08b-ab2d1b030cc8" />
      <TestMethod codeBase="D:\Code\TOM\Catapult\Code\trunk\CatapultServices\Tavisca.Catapult.External.ValidationTest\bin\Debug\Tavisca.Catapult.External.ValidationTest.dll" adapterTypeName="Microsoft.VisualStudio.TestTools.TestTypes.Unit.UnitTestAdapter" className="Tavisca.Catapult.External.ValidationTest.RequestedRoomOccupancyValidationTest" name="RequestedRoomOccupancyForNullValueInValidTest" />
    </UnitTest>
    <UnitTest name="RequestedRoomOccupancyForNullInGuestInfoValueInValidTest" storage="d:\code\tom\catapult\code\trunk\catapultservices\tavisca.catapult.external.validationtest\bin\debug\tavisca.catapult.external.validationtest.dll" id="cc141af8-1e62-16f1-6789-8ef06b3b186a">
      <Execution id="801ffea4-7bcc-4944-b94d-20ff4ba8972c" />
      <TestMethod codeBase="D:\Code\TOM\Catapult\Code\trunk\CatapultServices\Tavisca.Catapult.External.ValidationTest\bin\Debug\Tavisca.Catapult.External.ValidationTest.dll" adapterTypeName="Microsoft.VisualStudio.TestTools.TestTypes.Unit.UnitTestAdapter" className="Tavisca.Catapult.External.ValidationTest.RequestedRoomOccupancyValidationTest" name="RequestedRoomOccupancyForNullInGuestInfoValueInValidTest" />
    </UnitTest>
    <UnitTest name="RequestedRoomOccupancyForNoAdultsInGuestInfoValueInValidTest" storage="d:\code\tom\catapult\code\trunk\catapultservices\tavisca.catapult.external.validationtest\bin\debug\tavisca.catapult.external.validationtest.dll" id="5c0b3154-c60e-c0a8-0e8b-d84db2df9cfa">
      <Execution id="88e6f0d8-b7fc-451b-b3c1-3e2fec5aec96" />
      <TestMethod codeBase="D:\Code\TOM\Catapult\Code\trunk\CatapultServices\Tavisca.Catapult.External.ValidationTest\bin\Debug\Tavisca.Catapult.External.ValidationTest.dll" adapterTypeName="Microsoft.VisualStudio.TestTools.TestTypes.Unit.UnitTestAdapter" className="Tavisca.Catapult.External.ValidationTest.RequestedRoomOccupancyValidationTest" name="RequestedRoomOccupancyForNoAdultsInGuestInfoValueInValidTest" />
    </UnitTest>
    <UnitTest name="RequestedRoomOccupancyForMoreThanNineAdultsInGuestInfoValueInValidTest" storage="d:\code\tom\catapult\code\trunk\catapultservices\tavisca.catapult.external.validationtest\bin\debug\tavisca.catapult.external.validationtest.dll" id="a675e2d9-264a-e2d7-1681-99db0d3ea58f">
      <Execution id="2ff7e24e-f666-42d0-9aaf-00a82ea88e58" />
      <TestMethod codeBase="D:\Code\TOM\Catapult\Code\trunk\CatapultServices\Tavisca.Catapult.External.ValidationTest\bin\Debug\Tavisca.Catapult.External.ValidationTest.dll" adapterTypeName="Microsoft.VisualStudio.TestTools.TestTypes.Unit.UnitTestAdapter" className="Tavisca.Catapult.External.ValidationTest.RequestedRoomOccupancyValidationTest" name="RequestedRoomOccupancyForMoreThanNineAdultsInGuestInfoValueInValidTest" />
    </UnitTest>
    <UnitTest name="RequestedRoomOccupancyForNineAdultsInGuestInfoValueValidTest" storage="d:\code\tom\catapult\code\trunk\catapultservices\tavisca.catapult.external.validationtest\bin\debug\tavisca.catapult.external.validationtest.dll" id="3b750511-0d3c-b90a-29e0-1986cfc1090c">
      <Execution id="4305e607-2d7a-4da7-a7d4-b6029857ebe3" />
      <TestMethod codeBase="D:\Code\TOM\Catapult\Code\trunk\CatapultServices\Tavisca.Catapult.External.ValidationTest\bin\Debug\Tavisca.Catapult.External.ValidationTest.dll" adapterTypeName="Microsoft.VisualStudio.TestTools.TestTypes.Unit.UnitTestAdapter" className="Tavisca.Catapult.External.ValidationTest.RequestedRoomOccupancyValidationTest" name="RequestedRoomOccupancyForNineAdultsInGuestInfoValueValidTest" />
    </UnitTest>
    <UnitTest name="RequestedRoomOccupancyForNineChildsInGuestInfoValueValidTest" storage="d:\code\tom\catapult\code\trunk\catapultservices\tavisca.catapult.external.validationtest\bin\debug\tavisca.catapult.external.validationtest.dll" id="9e0f030d-acc8-8f54-6030-e87eb0ceedfb">
      <Execution id="29f908c7-72a3-41c7-a1ab-dd88b6423c31" />
      <TestMethod codeBase="D:\Code\TOM\Catapult\Code\trunk\CatapultServices\Tavisca.Catapult.External.ValidationTest\bin\Debug\Tavisca.Catapult.External.ValidationTest.dll" adapterTypeName="Microsoft.VisualStudio.TestTools.TestTypes.Unit.UnitTestAdapter" className="Tavisca.Catapult.External.ValidationTest.RequestedRoomOccupancyValidationTest" name="RequestedRoomOccupancyForNineChildsInGuestInfoValueValidTest" />
    </UnitTest>
    <UnitTest name="RequestedRoomOccupancyForMoreThanNineChildsInGuestInfoValueInValidTest" storage="d:\code\tom\catapult\code\trunk\catapultservices\tavisca.catapult.external.validationtest\bin\debug\tavisca.catapult.external.validationtest.dll" id="730df33a-bd9d-a043-1337-0953f0886bfb">
      <Execution id="8c0919b2-7988-423a-8987-887f82f5a068" />
      <TestMethod codeBase="D:\Code\TOM\Catapult\Code\trunk\CatapultServices\Tavisca.Catapult.External.ValidationTest\bin\Debug\Tavisca.Catapult.External.ValidationTest.dll" adapterTypeName="Microsoft.VisualStudio.TestTools.TestTypes.Unit.UnitTestAdapter" className="Tavisca.Catapult.External.ValidationTest.RequestedRoomOccupancyValidationTest" name="RequestedRoomOccupancyForMoreThanNineChildsInGuestInfoValueInValidTest" />
    </UnitTest>
    <UnitTest name="RoomsRateCodeInformationValidTest" storage="d:\code\tom\catapult\code\trunk\catapultservices\tavisca.catapult.external.validationtest\bin\debug\tavisca.catapult.external.validationtest.dll" id="05ab1f16-4098-dafe-32d6-215b112555b4">
      <Execution id="f187a21d-2eb2-4e91-910d-2df48c8af30f" />
      <TestMethod codeBase="D:\Code\TOM\Catapult\Code\trunk\CatapultServices\Tavisca.Catapult.External.ValidationTest\bin\Debug\Tavisca.Catapult.External.ValidationTest.dll" adapterTypeName="Microsoft.VisualStudio.TestTools.TestTypes.Unit.UnitTestAdapter" className="Tavisca.Catapult.External.ValidationTest.RoomRateCodeInformationValidationTest" name="RoomsRateCodeInformationValidTest" />
    </UnitTest>
    <UnitTest name="RoomsRateCodeInformationForRoomInformationValueIsNullInValidTest" storage="d:\code\tom\catapult\code\trunk\catapultservices\tavisca.catapult.external.validationtest\bin\debug\tavisca.catapult.external.validationtest.dll" id="22a06880-365b-b83f-2aa0-423451629b92">
      <Execution id="c094b229-15a4-4c39-85ae-5106eab4c533" />
      <TestMethod codeBase="D:\Code\TOM\Catapult\Code\trunk\CatapultServices\Tavisca.Catapult.External.ValidationTest\bin\Debug\Tavisca.Catapult.External.ValidationTest.dll" adapterTypeName="Microsoft.VisualStudio.TestTools.TestTypes.Unit.UnitTestAdapter" className="Tavisca.Catapult.External.ValidationTest.RoomRateCodeInformationValidationTest" name="RoomsRateCodeInformationForRoomInformationValueIsNullInValidTest" />
    </UnitTest>
    <UnitTest name="RoomsRateCodeInformationForRateCodeValueIsNullInValidTest" storage="d:\code\tom\catapult\code\trunk\catapultservices\tavisca.catapult.external.validationtest\bin\debug\tavisca.catapult.external.validationtest.dll" id="2bd2cc3f-2b7a-8242-a294-73fe976a7e92">
      <Execution id="888a75ee-dd32-4bef-b5ea-26a67022c4e8" />
      <TestMethod codeBase="D:\Code\TOM\Catapult\Code\trunk\CatapultServices\Tavisca.Catapult.External.ValidationTest\bin\Debug\Tavisca.Catapult.External.ValidationTest.dll" adapterTypeName="Microsoft.VisualStudio.TestTools.TestTypes.Unit.UnitTestAdapter" className="Tavisca.Catapult.External.ValidationTest.RoomRateCodeInformationValidationTest" name="RoomsRateCodeInformationForRateCodeValueIsNullInValidTest" />
    </UnitTest>
    <UnitTest name="RoomsRateCodeInformationForRateCodeValueIsEmptyInValidTest" storage="d:\code\tom\catapult\code\trunk\catapultservices\tavisca.catapult.external.validationtest\bin\debug\tavisca.catapult.external.validationtest.dll" id="3a09ebfc-ea92-331e-9390-41dff10ffe81">
      <Execution id="4e8278bb-daf3-4f14-993b-fd38209b1f78" />
      <TestMethod codeBase="D:\Code\TOM\Catapult\Code\trunk\CatapultServices\Tavisca.Catapult.External.ValidationTest\bin\Debug\Tavisca.Catapult.External.ValidationTest.dll" adapterTypeName="Microsoft.VisualStudio.TestTools.TestTypes.Unit.UnitTestAdapter" className="Tavisca.Catapult.External.ValidationTest.RoomRateCodeInformationValidationTest" name="RoomsRateCodeInformationForRateCodeValueIsEmptyInValidTest" />
    </UnitTest>
    <UnitTest name="RoomsRateCodeInformationForRateCodeValueIsAlphaNumericInValidTest" storage="d:\code\tom\catapult\code\trunk\catapultservices\tavisca.catapult.external.validationtest\bin\debug\tavisca.catapult.external.validationtest.dll" id="ec32ae6f-e6b3-8ef0-cd71-4b2325fd0546">
      <Execution id="c39e09c6-68c2-4eff-8a3f-c7b68bd89dc1" />
      <TestMethod codeBase="D:\Code\TOM\Catapult\Code\trunk\CatapultServices\Tavisca.Catapult.External.ValidationTest\bin\Debug\Tavisca.Catapult.External.ValidationTest.dll" adapterTypeName="Microsoft.VisualStudio.TestTools.TestTypes.Unit.UnitTestAdapter" className="Tavisca.Catapult.External.ValidationTest.RoomRateCodeInformationValidationTest" name="RoomsRateCodeInformationForRateCodeValueIsAlphaNumericInValidTest" />
    </UnitTest>
    <UnitTest name="RoomsRateCodeInformationForRateCodeValueContainsSpecialCharInValidTest" storage="d:\code\tom\catapult\code\trunk\catapultservices\tavisca.catapult.external.validationtest\bin\debug\tavisca.catapult.external.validationtest.dll" id="018a0440-a20a-271a-bf2f-b4d7e6a8d587">
      <Execution id="4e2b6218-d3ab-4296-b44f-7087961deedc" />
      <TestMethod codeBase="D:\Code\TOM\Catapult\Code\trunk\CatapultServices\Tavisca.Catapult.External.ValidationTest\bin\Debug\Tavisca.Catapult.External.ValidationTest.dll" adapterTypeName="Microsoft.VisualStudio.TestTools.TestTypes.Unit.UnitTestAdapter" className="Tavisca.Catapult.External.ValidationTest.RoomRateCodeInformationValidationTest" name="RoomsRateCodeInformationForRateCodeValueContainsSpecialCharInValidTest" />
    </UnitTest>
    <UnitTest name="RoomsRateCodeInformationForRateCodeValueContainsSpaceInValidTest" storage="d:\code\tom\catapult\code\trunk\catapultservices\tavisca.catapult.external.validationtest\bin\debug\tavisca.catapult.external.validationtest.dll" id="81d0fd3b-a3a7-2607-7951-e3df438e760f">
      <Execution id="2815e89f-f86e-440a-bdb7-4a5e5c8dcdf6" />
      <TestMethod codeBase="D:\Code\TOM\Catapult\Code\trunk\CatapultServices\Tavisca.Catapult.External.ValidationTest\bin\Debug\Tavisca.Catapult.External.ValidationTest.dll" adapterTypeName="Microsoft.VisualStudio.TestTools.TestTypes.Unit.UnitTestAdapter" className="Tavisca.Catapult.External.ValidationTest.RoomRateCodeInformationValidationTest" name="RoomsRateCodeInformationForRateCodeValueContainsSpaceInValidTest" />
    </UnitTest>
    <UnitTest name="RoomsRateCodeInformationForRoomCodeValueIsNullInValidTest" storage="d:\code\tom\catapult\code\trunk\catapultservices\tavisca.catapult.external.validationtest\bin\debug\tavisca.catapult.external.validationtest.dll" id="2824f4f8-f3d2-bebd-9b89-13a1c60cfe53">
      <Execution id="bb306e7d-a658-47c3-9230-ca05b38928f5" />
      <TestMethod codeBase="D:\Code\TOM\Catapult\Code\trunk\CatapultServices\Tavisca.Catapult.External.ValidationTest\bin\Debug\Tavisca.Catapult.External.ValidationTest.dll" adapterTypeName="Microsoft.VisualStudio.TestTools.TestTypes.Unit.UnitTestAdapter" className="Tavisca.Catapult.External.ValidationTest.RoomRateCodeInformationValidationTest" name="RoomsRateCodeInformationForRoomCodeValueIsNullInValidTest" />
    </UnitTest>
    <UnitTest name="RoomsRateCodeInformationForRoomCodeValueIsEmptyInValidTest" storage="d:\code\tom\catapult\code\trunk\catapultservices\tavisca.catapult.external.validationtest\bin\debug\tavisca.catapult.external.validationtest.dll" id="142c2065-4657-f0ce-4d81-520c6eec6c6a">
      <Execution id="fd9f582f-8068-492c-a13f-e78a2927725b" />
      <TestMethod codeBase="D:\Code\TOM\Catapult\Code\trunk\CatapultServices\Tavisca.Catapult.External.ValidationTest\bin\Debug\Tavisca.Catapult.External.ValidationTest.dll" adapterTypeName="Microsoft.VisualStudio.TestTools.TestTypes.Unit.UnitTestAdapter" className="Tavisca.Catapult.External.ValidationTest.RoomRateCodeInformationValidationTest" name="RoomsRateCodeInformationForRoomCodeValueIsEmptyInValidTest" />
    </UnitTest>
    <UnitTest name="RoomsRateCodeInformationForRoomCodeValueIsAlphaNumericInValidTest" storage="d:\code\tom\catapult\code\trunk\catapultservices\tavisca.catapult.external.validationtest\bin\debug\tavisca.catapult.external.validationtest.dll" id="317e9227-4048-9fc7-bb3d-49e74c3ff40c">
      <Execution id="683c8c38-0dd0-4a6e-ab8b-2d55874f9f4c" />
      <TestMethod codeBase="D:\Code\TOM\Catapult\Code\trunk\CatapultServices\Tavisca.Catapult.External.ValidationTest\bin\Debug\Tavisca.Catapult.External.ValidationTest.dll" adapterTypeName="Microsoft.VisualStudio.TestTools.TestTypes.Unit.UnitTestAdapter" className="Tavisca.Catapult.External.ValidationTest.RoomRateCodeInformationValidationTest" name="RoomsRateCodeInformationForRoomCodeValueIsAlphaNumericInValidTest" />
    </UnitTest>
    <UnitTest name="RoomsRateCodeInformationForRoomCodeValueContainsSpecialCharInValidTest" storage="d:\code\tom\catapult\code\trunk\catapultservices\tavisca.catapult.external.validationtest\bin\debug\tavisca.catapult.external.validationtest.dll" id="494bcf75-030d-0b1a-a12d-ca26451d7bb8">
      <Execution id="017f2ea5-b1ac-4627-a037-c8cd3e2fc3a8" />
      <TestMethod codeBase="D:\Code\TOM\Catapult\Code\trunk\CatapultServices\Tavisca.Catapult.External.ValidationTest\bin\Debug\Tavisca.Catapult.External.ValidationTest.dll" adapterTypeName="Microsoft.VisualStudio.TestTools.TestTypes.Unit.UnitTestAdapter" className="Tavisca.Catapult.External.ValidationTest.RoomRateCodeInformationValidationTest" name="RoomsRateCodeInformationForRoomCodeValueContainsSpecialCharInValidTest" />
    </UnitTest>
    <UnitTest name="RoomsRateCodeInformationForRoomCodeValueContainsSpaceInValidTest" storage="d:\code\tom\catapult\code\trunk\catapultservices\tavisca.catapult.external.validationtest\bin\debug\tavisca.catapult.external.validationtest.dll" id="9e351918-c0c7-e4d8-251b-72280c9421db">
      <Execution id="131d363c-29fd-488a-a2ea-76f6a8dfbf26" />
      <TestMethod codeBase="D:\Code\TOM\Catapult\Code\trunk\CatapultServices\Tavisca.Catapult.External.ValidationTest\bin\Debug\Tavisca.Catapult.External.ValidationTest.dll" adapterTypeName="Microsoft.VisualStudio.TestTools.TestTypes.Unit.UnitTestAdapter" className="Tavisca.Catapult.External.ValidationTest.RoomRateCodeInformationValidationTest" name="RoomsRateCodeInformationForRoomCodeValueContainsSpaceInValidTest" />
    </UnitTest>
    <UnitTest name="RoomsRateCodeInformationForBoardBasisCodeValueIsNullInValidTest" storage="d:\code\tom\catapult\code\trunk\catapultservices\tavisca.catapult.external.validationtest\bin\debug\tavisca.catapult.external.validationtest.dll" id="32d50dd5-16ec-49ca-5c34-18e2ababda54">
      <Execution id="8d10cdd3-849f-4e95-8d1f-ce7cce06988c" />
      <TestMethod codeBase="D:\Code\TOM\Catapult\Code\trunk\CatapultServices\Tavisca.Catapult.External.ValidationTest\bin\Debug\Tavisca.Catapult.External.ValidationTest.dll" adapterTypeName="Microsoft.VisualStudio.TestTools.TestTypes.Unit.UnitTestAdapter" className="Tavisca.Catapult.External.ValidationTest.RoomRateCodeInformationValidationTest" name="RoomsRateCodeInformationForBoardBasisCodeValueIsNullInValidTest" />
    </UnitTest>
    <UnitTest name="RoomsRateCodeInformationForBoardBasisCodeValueIsEmptyInValidTest" storage="d:\code\tom\catapult\code\trunk\catapultservices\tavisca.catapult.external.validationtest\bin\debug\tavisca.catapult.external.validationtest.dll" id="b5987f8d-4e52-acf3-70f7-6236e0342563">
      <Execution id="e01ff8e9-5206-4214-9072-ce23f604c00a" />
      <TestMethod codeBase="D:\Code\TOM\Catapult\Code\trunk\CatapultServices\Tavisca.Catapult.External.ValidationTest\bin\Debug\Tavisca.Catapult.External.ValidationTest.dll" adapterTypeName="Microsoft.VisualStudio.TestTools.TestTypes.Unit.UnitTestAdapter" className="Tavisca.Catapult.External.ValidationTest.RoomRateCodeInformationValidationTest" name="RoomsRateCodeInformationForBoardBasisCodeValueIsEmptyInValidTest" />
    </UnitTest>
    <UnitTest name="RoomsRateCodeInformationForBoardBasisCodeValueIsAlphaNumericInValidTest" storage="d:\code\tom\catapult\code\trunk\catapultservices\tavisca.catapult.external.validationtest\bin\debug\tavisca.catapult.external.validationtest.dll" id="bac1ea0e-90e9-4b75-eaa0-0bf5cd568a7b">
      <Execution id="1424df3f-453b-4fc7-80d0-e0a1cbbc5208" />
      <TestMethod codeBase="D:\Code\TOM\Catapult\Code\trunk\CatapultServices\Tavisca.Catapult.External.ValidationTest\bin\Debug\Tavisca.Catapult.External.ValidationTest.dll" adapterTypeName="Microsoft.VisualStudio.TestTools.TestTypes.Unit.UnitTestAdapter" className="Tavisca.Catapult.External.ValidationTest.RoomRateCodeInformationValidationTest" name="RoomsRateCodeInformationForBoardBasisCodeValueIsAlphaNumericInValidTest" />
    </UnitTest>
    <UnitTest name="RoomsRateCodeInformationForBoardBasisCodeValueContainsSpecialCharInValidTest" storage="d:\code\tom\catapult\code\trunk\catapultservices\tavisca.catapult.external.validationtest\bin\debug\tavisca.catapult.external.validationtest.dll" id="3c826639-b72e-8709-2c32-2debf289d1fd">
      <Execution id="bd760636-ffd8-4e15-a209-0963990388b3" />
      <TestMethod codeBase="D:\Code\TOM\Catapult\Code\trunk\CatapultServices\Tavisca.Catapult.External.ValidationTest\bin\Debug\Tavisca.Catapult.External.ValidationTest.dll" adapterTypeName="Microsoft.VisualStudio.TestTools.TestTypes.Unit.UnitTestAdapter" className="Tavisca.Catapult.External.ValidationTest.RoomRateCodeInformationValidationTest" name="RoomsRateCodeInformationForBoardBasisCodeValueContainsSpecialCharInValidTest" />
    </UnitTest>
    <UnitTest name="RoomsRateCodeInformationForBoardBasisCodeValueContainsSpaceInValidTest" storage="d:\code\tom\catapult\code\trunk\catapultservices\tavisca.catapult.external.validationtest\bin\debug\tavisca.catapult.external.validationtest.dll" id="2dd2a166-247c-6ec2-d911-194c0b6056bf">
      <Execution id="8d1f30c6-480b-4bdb-adc6-35577f9a987d" />
      <TestMethod codeBase="D:\Code\TOM\Catapult\Code\trunk\CatapultServices\Tavisca.Catapult.External.ValidationTest\bin\Debug\Tavisca.Catapult.External.ValidationTest.dll" adapterTypeName="Microsoft.VisualStudio.TestTools.TestTypes.Unit.UnitTestAdapter" className="Tavisca.Catapult.External.ValidationTest.RoomRateCodeInformationValidationTest" name="RoomsRateCodeInformationForBoardBasisCodeValueContainsSpaceInValidTest" />
    </UnitTest>
    <UnitTest name="RoomsRateCodeInformationForPassengerListIsNullInValidTest" storage="d:\code\tom\catapult\code\trunk\catapultservices\tavisca.catapult.external.validationtest\bin\debug\tavisca.catapult.external.validationtest.dll" id="71517072-7a83-d2b2-239d-dce5c0b89b46">
      <Execution id="a262357a-37fb-40ea-881a-6d848078a965" />
      <TestMethod codeBase="D:\Code\TOM\Catapult\Code\trunk\CatapultServices\Tavisca.Catapult.External.ValidationTest\bin\Debug\Tavisca.Catapult.External.ValidationTest.dll" adapterTypeName="Microsoft.VisualStudio.TestTools.TestTypes.Unit.UnitTestAdapter" className="Tavisca.Catapult.External.ValidationTest.RoomRateCodeInformationValidationTest" name="RoomsRateCodeInformationForPassengerListIsNullInValidTest" />
    </UnitTest>
    <UnitTest name="RoomsRateCodeInformationForPassengerListIsEmptyIsNullInValidTest" storage="d:\code\tom\catapult\code\trunk\catapultservices\tavisca.catapult.external.validationtest\bin\debug\tavisca.catapult.external.validationtest.dll" id="71a2ccad-fcd7-6e5d-1bfb-f2108fa51028">
      <Execution id="492270d4-f726-4793-9d55-8f12086f522e" />
      <TestMethod codeBase="D:\Code\TOM\Catapult\Code\trunk\CatapultServices\Tavisca.Catapult.External.ValidationTest\bin\Debug\Tavisca.Catapult.External.ValidationTest.dll" adapterTypeName="Microsoft.VisualStudio.TestTools.TestTypes.Unit.UnitTestAdapter" className="Tavisca.Catapult.External.ValidationTest.RoomRateCodeInformationValidationTest" name="RoomsRateCodeInformationForPassengerListIsEmptyIsNullInValidTest" />
    </UnitTest>
    <UnitTest name="SearchByForNullInvalidTest" storage="d:\code\tom\catapult\code\trunk\catapultservices\tavisca.catapult.external.validationtest\bin\debug\tavisca.catapult.external.validationtest.dll" id="dda7bebf-1d34-9d9f-9901-3a94364c63d8">
      <Execution id="c7ced587-3f82-47d3-ac23-d6854a7d1187" />
      <TestMethod codeBase="D:\Code\TOM\Catapult\Code\trunk\CatapultServices\Tavisca.Catapult.External.ValidationTest\bin\Debug\Tavisca.Catapult.External.ValidationTest.dll" adapterTypeName="Microsoft.VisualStudio.TestTools.TestTypes.Unit.UnitTestAdapter" className="Tavisca.Catapult.External.ValidationTest.SearchByAirportCodeValidationTest" name="SearchByForNullInvalidTest" />
    </UnitTest>
    <UnitTest name="SearchByForAirportCodeValidTest" storage="d:\code\tom\catapult\code\trunk\catapultservices\tavisca.catapult.external.validationtest\bin\debug\tavisca.catapult.external.validationtest.dll" id="3cf72ad6-38e8-edbd-c355-4972620c264a">
      <Execution id="dcd782d8-9928-4e12-ae38-654259ce3568" />
      <TestMethod codeBase="D:\Code\TOM\Catapult\Code\trunk\CatapultServices\Tavisca.Catapult.External.ValidationTest\bin\Debug\Tavisca.Catapult.External.ValidationTest.dll" adapterTypeName="Microsoft.VisualStudio.TestTools.TestTypes.Unit.UnitTestAdapter" className="Tavisca.Catapult.External.ValidationTest.SearchByAirportCodeValidationTest" name="SearchByForAirportCodeValidTest" />
    </UnitTest>
    <UnitTest name="SearchByForAirportCodeForEmptyCodeInValidTest" storage="d:\code\tom\catapult\code\trunk\catapultservices\tavisca.catapult.external.validationtest\bin\debug\tavisca.catapult.external.validationtest.dll" id="105072e2-05dc-a22e-6acc-ccd5ae81ed99">
      <Execution id="a776a1da-b6a4-4724-baa0-655e99b5b9fa" />
      <TestMethod codeBase="D:\Code\TOM\Catapult\Code\trunk\CatapultServices\Tavisca.Catapult.External.ValidationTest\bin\Debug\Tavisca.Catapult.External.ValidationTest.dll" adapterTypeName="Microsoft.VisualStudio.TestTools.TestTypes.Unit.UnitTestAdapter" className="Tavisca.Catapult.External.ValidationTest.SearchByAirportCodeValidationTest" name="SearchByForAirportCodeForEmptyCodeInValidTest" />
    </UnitTest>
    <UnitTest name="SearchByForAirportCodeForNullCodeInValidTest" storage="d:\code\tom\catapult\code\trunk\catapultservices\tavisca.catapult.external.validationtest\bin\debug\tavisca.catapult.external.validationtest.dll" id="cf2ce8fa-34a0-005d-c1df-687c9deee40a">
      <Execution id="5bb5be61-2d66-4fb1-882d-e9ffd2b3af4d" />
      <TestMethod codeBase="D:\Code\TOM\Catapult\Code\trunk\CatapultServices\Tavisca.Catapult.External.ValidationTest\bin\Debug\Tavisca.Catapult.External.ValidationTest.dll" adapterTypeName="Microsoft.VisualStudio.TestTools.TestTypes.Unit.UnitTestAdapter" className="Tavisca.Catapult.External.ValidationTest.SearchByAirportCodeValidationTest" name="SearchByForAirportCodeForNullCodeInValidTest" />
    </UnitTest>
    <UnitTest name="SearchByForAirportCodeForNumericCodeInValidTest" storage="d:\code\tom\catapult\code\trunk\catapultservices\tavisca.catapult.external.validationtest\bin\debug\tavisca.catapult.external.validationtest.dll" id="d56bc5f5-3210-aac9-b708-293890f19486">
      <Execution id="4b63d15a-e0eb-431b-9b19-6143384e61a4" />
      <TestMethod codeBase="D:\Code\TOM\Catapult\Code\trunk\CatapultServices\Tavisca.Catapult.External.ValidationTest\bin\Debug\Tavisca.Catapult.External.ValidationTest.dll" adapterTypeName="Microsoft.VisualStudio.TestTools.TestTypes.Unit.UnitTestAdapter" className="Tavisca.Catapult.External.ValidationTest.SearchByAirportCodeValidationTest" name="SearchByForAirportCodeForNumericCodeInValidTest" />
    </UnitTest>
    <UnitTest name="SearchByForAirportCodeForAlphaNumericCodeInValidTest" storage="d:\code\tom\catapult\code\trunk\catapultservices\tavisca.catapult.external.validationtest\bin\debug\tavisca.catapult.external.validationtest.dll" id="4371c7dc-6d2e-cac1-959b-cb4f7bd036fa">
      <Execution id="1fa1b084-34b7-40bb-968a-0b972d77fd97" />
      <TestMethod codeBase="D:\Code\TOM\Catapult\Code\trunk\CatapultServices\Tavisca.Catapult.External.ValidationTest\bin\Debug\Tavisca.Catapult.External.ValidationTest.dll" adapterTypeName="Microsoft.VisualStudio.TestTools.TestTypes.Unit.UnitTestAdapter" className="Tavisca.Catapult.External.ValidationTest.SearchByAirportCodeValidationTest" name="SearchByForAirportCodeForAlphaNumericCodeInValidTest" />
    </UnitTest>
    <UnitTest name="SearchByForAirportCodeForLengthGreaterThanThreeCodeInValidTest" storage="d:\code\tom\catapult\code\trunk\catapultservices\tavisca.catapult.external.validationtest\bin\debug\tavisca.catapult.external.validationtest.dll" id="5d6260f5-f174-d0db-e543-226bcf88d384">
      <Execution id="8882eb3c-e761-45f6-acb0-1ff13807fd52" />
      <TestMethod codeBase="D:\Code\TOM\Catapult\Code\trunk\CatapultServices\Tavisca.Catapult.External.ValidationTest\bin\Debug\Tavisca.Catapult.External.ValidationTest.dll" adapterTypeName="Microsoft.VisualStudio.TestTools.TestTypes.Unit.UnitTestAdapter" className="Tavisca.Catapult.External.ValidationTest.SearchByAirportCodeValidationTest" name="SearchByForAirportCodeForLengthGreaterThanThreeCodeInValidTest" />
    </UnitTest>
    <UnitTest name="SearchByCityValidTest" storage="d:\code\tom\catapult\code\trunk\catapultservices\tavisca.catapult.external.validationtest\bin\debug\tavisca.catapult.external.validationtest.dll" id="a17719f1-702e-cf7d-6524-d0e9897e0d68">
      <Execution id="0089f619-e710-4bdf-9558-8a1f24ed3fe5" />
      <TestMethod codeBase="D:\Code\TOM\Catapult\Code\trunk\CatapultServices\Tavisca.Catapult.External.ValidationTest\bin\Debug\Tavisca.Catapult.External.ValidationTest.dll" adapterTypeName="Microsoft.VisualStudio.TestTools.TestTypes.Unit.UnitTestAdapter" className="Tavisca.Catapult.External.ValidationTest.SearchByCityValidationTest" name="SearchByCityValidTest" />
    </UnitTest>
    <UnitTest name="SearchByCityForNullValueInCityInvalidTest" storage="d:\code\tom\catapult\code\trunk\catapultservices\tavisca.catapult.external.validationtest\bin\debug\tavisca.catapult.external.validationtest.dll" id="441df1b8-13de-1f06-c234-4f7deba3da3d">
      <Execution id="6d7ac92c-0f5e-4139-b087-c688d35270a5" />
      <TestMethod codeBase="D:\Code\TOM\Catapult\Code\trunk\CatapultServices\Tavisca.Catapult.External.ValidationTest\bin\Debug\Tavisca.Catapult.External.ValidationTest.dll" adapterTypeName="Microsoft.VisualStudio.TestTools.TestTypes.Unit.UnitTestAdapter" className="Tavisca.Catapult.External.ValidationTest.SearchByCityValidationTest" name="SearchByCityForNullValueInCityInvalidTest" />
    </UnitTest>
    <UnitTest name="SearchByCityForNullValueInCityCodeInvalidTest" storage="d:\code\tom\catapult\code\trunk\catapultservices\tavisca.catapult.external.validationtest\bin\debug\tavisca.catapult.external.validationtest.dll" id="fdc34ec6-937d-bdf6-2326-8778c2ca7353">
      <Execution id="bbea5cca-0641-42e0-b7b2-3c6b4fde2ec3" />
      <TestMethod codeBase="D:\Code\TOM\Catapult\Code\trunk\CatapultServices\Tavisca.Catapult.External.ValidationTest\bin\Debug\Tavisca.Catapult.External.ValidationTest.dll" adapterTypeName="Microsoft.VisualStudio.TestTools.TestTypes.Unit.UnitTestAdapter" className="Tavisca.Catapult.External.ValidationTest.SearchByCityValidationTest" name="SearchByCityForNullValueInCityCodeInvalidTest" />
    </UnitTest>
    <UnitTest name="SearchByCityForBlankValueInCityCodeInvalidTest" storage="d:\code\tom\catapult\code\trunk\catapultservices\tavisca.catapult.external.validationtest\bin\debug\tavisca.catapult.external.validationtest.dll" id="9dff9d8e-c2d2-03e4-6678-3364a883b888">
      <Execution id="137ad46a-6cf0-4a58-a3cb-55e39f4739f8" />
      <TestMethod codeBase="D:\Code\TOM\Catapult\Code\trunk\CatapultServices\Tavisca.Catapult.External.ValidationTest\bin\Debug\Tavisca.Catapult.External.ValidationTest.dll" adapterTypeName="Microsoft.VisualStudio.TestTools.TestTypes.Unit.UnitTestAdapter" className="Tavisca.Catapult.External.ValidationTest.SearchByCityValidationTest" name="SearchByCityForBlankValueInCityCodeInvalidTest" />
    </UnitTest>
    <UnitTest name="SearchByCityForCityCodeLengthGreaterThanThreeInvalidTest" storage="d:\code\tom\catapult\code\trunk\catapultservices\tavisca.catapult.external.validationtest\bin\debug\tavisca.catapult.external.validationtest.dll" id="5691c650-3cb0-21be-4555-228f27cf118b">
      <Execution id="f5fdca97-e320-4732-8ca2-95b104234e4e" />
      <TestMethod codeBase="D:\Code\TOM\Catapult\Code\trunk\CatapultServices\Tavisca.Catapult.External.ValidationTest\bin\Debug\Tavisca.Catapult.External.ValidationTest.dll" adapterTypeName="Microsoft.VisualStudio.TestTools.TestTypes.Unit.UnitTestAdapter" className="Tavisca.Catapult.External.ValidationTest.SearchByCityValidationTest" name="SearchByCityForCityCodeLengthGreaterThanThreeInvalidTest" />
    </UnitTest>
    <UnitTest name="SearchByCityForCityCodeLengthLessThanThreeInvalidTest" storage="d:\code\tom\catapult\code\trunk\catapultservices\tavisca.catapult.external.validationtest\bin\debug\tavisca.catapult.external.validationtest.dll" id="f8fccbc7-25d9-cdd2-8791-c0e0ab07862c">
      <Execution id="a6a09fe7-5b67-4a88-8e27-f354c6ef6d71" />
      <TestMethod codeBase="D:\Code\TOM\Catapult\Code\trunk\CatapultServices\Tavisca.Catapult.External.ValidationTest\bin\Debug\Tavisca.Catapult.External.ValidationTest.dll" adapterTypeName="Microsoft.VisualStudio.TestTools.TestTypes.Unit.UnitTestAdapter" className="Tavisca.Catapult.External.ValidationTest.SearchByCityValidationTest" name="SearchByCityForCityCodeLengthLessThanThreeInvalidTest" />
    </UnitTest>
    <UnitTest name="SearchByCityForNumericValueInCityCodeInvalidTest" storage="d:\code\tom\catapult\code\trunk\catapultservices\tavisca.catapult.external.validationtest\bin\debug\tavisca.catapult.external.validationtest.dll" id="7d3146e5-2153-b7ce-4fce-9b9d7f2a0f78">
      <Execution id="f459c15f-3d4f-4f76-98ea-c37419c7a2d8" />
      <TestMethod codeBase="D:\Code\TOM\Catapult\Code\trunk\CatapultServices\Tavisca.Catapult.External.ValidationTest\bin\Debug\Tavisca.Catapult.External.ValidationTest.dll" adapterTypeName="Microsoft.VisualStudio.TestTools.TestTypes.Unit.UnitTestAdapter" className="Tavisca.Catapult.External.ValidationTest.SearchByCityValidationTest" name="SearchByCityForNumericValueInCityCodeInvalidTest" />
    </UnitTest>
    <UnitTest name="SearchByCityForNullValueInCountryInvalidTest" storage="d:\code\tom\catapult\code\trunk\catapultservices\tavisca.catapult.external.validationtest\bin\debug\tavisca.catapult.external.validationtest.dll" id="8ad02b50-2f79-d444-3578-f49174126ebb">
      <Execution id="8bdaf09d-cc8a-4cb2-8315-9387a61d51ae" />
      <TestMethod codeBase="D:\Code\TOM\Catapult\Code\trunk\CatapultServices\Tavisca.Catapult.External.ValidationTest\bin\Debug\Tavisca.Catapult.External.ValidationTest.dll" adapterTypeName="Microsoft.VisualStudio.TestTools.TestTypes.Unit.UnitTestAdapter" className="Tavisca.Catapult.External.ValidationTest.SearchByCityValidationTest" name="SearchByCityForNullValueInCountryInvalidTest" />
    </UnitTest>
    <UnitTest name="SearchByCityForBlankValueInCountryInvalidTest" storage="d:\code\tom\catapult\code\trunk\catapultservices\tavisca.catapult.external.validationtest\bin\debug\tavisca.catapult.external.validationtest.dll" id="ebd01faf-8ef2-5a45-da39-7f7de596831a">
      <Execution id="8c5eefd2-37a4-4f28-931f-69b9dfcc865d" />
      <TestMethod codeBase="D:\Code\TOM\Catapult\Code\trunk\CatapultServices\Tavisca.Catapult.External.ValidationTest\bin\Debug\Tavisca.Catapult.External.ValidationTest.dll" adapterTypeName="Microsoft.VisualStudio.TestTools.TestTypes.Unit.UnitTestAdapter" className="Tavisca.Catapult.External.ValidationTest.SearchByCityValidationTest" name="SearchByCityForBlankValueInCountryInvalidTest" />
    </UnitTest>
    <UnitTest name="SearchByCityForCountryValueLengthGreaterThanTwoInvalidTest" storage="d:\code\tom\catapult\code\trunk\catapultservices\tavisca.catapult.external.validationtest\bin\debug\tavisca.catapult.external.validationtest.dll" id="40f75709-f2cd-11e0-699d-4caaa7ff23d8">
      <Execution id="5da95bc0-82b9-4630-aeb6-80786b884973" />
      <TestMethod codeBase="D:\Code\TOM\Catapult\Code\trunk\CatapultServices\Tavisca.Catapult.External.ValidationTest\bin\Debug\Tavisca.Catapult.External.ValidationTest.dll" adapterTypeName="Microsoft.VisualStudio.TestTools.TestTypes.Unit.UnitTestAdapter" className="Tavisca.Catapult.External.ValidationTest.SearchByCityValidationTest" name="SearchByCityForCountryValueLengthGreaterThanTwoInvalidTest" />
    </UnitTest>
    <UnitTest name="SearchByCityForCountryValueLengthLessThanTwoInvalidTest" storage="d:\code\tom\catapult\code\trunk\catapultservices\tavisca.catapult.external.validationtest\bin\debug\tavisca.catapult.external.validationtest.dll" id="31aacf3d-6743-1c2c-2e1e-085ac6697eef">
      <Execution id="dec2c03a-4a05-48f8-964c-e7ce59d8b636" />
      <TestMethod codeBase="D:\Code\TOM\Catapult\Code\trunk\CatapultServices\Tavisca.Catapult.External.ValidationTest\bin\Debug\Tavisca.Catapult.External.ValidationTest.dll" adapterTypeName="Microsoft.VisualStudio.TestTools.TestTypes.Unit.UnitTestAdapter" className="Tavisca.Catapult.External.ValidationTest.SearchByCityValidationTest" name="SearchByCityForCountryValueLengthLessThanTwoInvalidTest" />
    </UnitTest>
    <UnitTest name="SearchByCityForNumericValueInCountryInvalidTest" storage="d:\code\tom\catapult\code\trunk\catapultservices\tavisca.catapult.external.validationtest\bin\debug\tavisca.catapult.external.validationtest.dll" id="f80f2a1c-1d5d-27fa-8bb7-c610ea749762">
      <Execution id="9a67cf01-c26d-4535-bfda-83522691f410" />
      <TestMethod codeBase="D:\Code\TOM\Catapult\Code\trunk\CatapultServices\Tavisca.Catapult.External.ValidationTest\bin\Debug\Tavisca.Catapult.External.ValidationTest.dll" adapterTypeName="Microsoft.VisualStudio.TestTools.TestTypes.Unit.UnitTestAdapter" className="Tavisca.Catapult.External.ValidationTest.SearchByCityValidationTest" name="SearchByCityForNumericValueInCountryInvalidTest" />
    </UnitTest>
    <UnitTest name="SearchByCityForAlphaNumericValueIvCountryInvalidTest" storage="d:\code\tom\catapult\code\trunk\catapultservices\tavisca.catapult.external.validationtest\bin\debug\tavisca.catapult.external.validationtest.dll" id="7563cc30-1727-c6db-3e0b-aa9fe433668f">
      <Execution id="85d0a71e-543c-4bec-81e1-4b8605b7c8a7" />
      <TestMethod codeBase="D:\Code\TOM\Catapult\Code\trunk\CatapultServices\Tavisca.Catapult.External.ValidationTest\bin\Debug\Tavisca.Catapult.External.ValidationTest.dll" adapterTypeName="Microsoft.VisualStudio.TestTools.TestTypes.Unit.UnitTestAdapter" className="Tavisca.Catapult.External.ValidationTest.SearchByCityValidationTest" name="SearchByCityForAlphaNumericValueIvCountryInvalidTest" />
    </UnitTest>
    <UnitTest name="SearchByGeocodeValidTest" storage="d:\code\tom\catapult\code\trunk\catapultservices\tavisca.catapult.external.validationtest\bin\debug\tavisca.catapult.external.validationtest.dll" id="98148ceb-6f1a-e55f-7f1f-638c047f3e73">
      <Execution id="bb8709f2-110e-4684-92d5-08e529edf3f3" />
      <TestMethod codeBase="D:\Code\TOM\Catapult\Code\trunk\CatapultServices\Tavisca.Catapult.External.ValidationTest\bin\Debug\Tavisca.Catapult.External.ValidationTest.dll" adapterTypeName="Microsoft.VisualStudio.TestTools.TestTypes.Unit.UnitTestAdapter" className="Tavisca.Catapult.External.ValidationTest.SearchByGeoCodeValidationTest" name="SearchByGeocodeValidTest" />
    </UnitTest>
    <UnitTest name="SearchByGeocodeForNullGeocodeInValidTest" storage="d:\code\tom\catapult\code\trunk\catapultservices\tavisca.catapult.external.validationtest\bin\debug\tavisca.catapult.external.validationtest.dll" id="6aae29bb-194f-0275-11d3-6f591a3d8467">
      <Execution id="7d5d810d-4362-4fd5-b77d-8322f2744eaa" />
      <TestMethod codeBase="D:\Code\TOM\Catapult\Code\trunk\CatapultServices\Tavisca.Catapult.External.ValidationTest\bin\Debug\Tavisca.Catapult.External.ValidationTest.dll" adapterTypeName="Microsoft.VisualStudio.TestTools.TestTypes.Unit.UnitTestAdapter" className="Tavisca.Catapult.External.ValidationTest.SearchByGeoCodeValidationTest" name="SearchByGeocodeForNullGeocodeInValidTest" />
    </UnitTest>
    <UnitTest name="SearchByGeocodeForZeroRadiusInValidTest" storage="d:\code\tom\catapult\code\trunk\catapultservices\tavisca.catapult.external.validationtest\bin\debug\tavisca.catapult.external.validationtest.dll" id="3edf33a3-d359-0260-28d6-f7b4003bad25">
      <Execution id="38a0c7f3-9aee-4e30-8750-70f341573598" />
      <TestMethod codeBase="D:\Code\TOM\Catapult\Code\trunk\CatapultServices\Tavisca.Catapult.External.ValidationTest\bin\Debug\Tavisca.Catapult.External.ValidationTest.dll" adapterTypeName="Microsoft.VisualStudio.TestTools.TestTypes.Unit.UnitTestAdapter" className="Tavisca.Catapult.External.ValidationTest.SearchByGeoCodeValidationTest" name="SearchByGeocodeForZeroRadiusInValidTest" />
    </UnitTest>
    <UnitTest name="SearchByCodeValidTest" storage="d:\code\tom\catapult\code\trunk\catapultservices\tavisca.catapult.external.validationtest\bin\debug\tavisca.catapult.external.validationtest.dll" id="32f82aca-e8f4-a30e-b803-efd670b89238">
      <Execution id="54832ce2-0c9f-4de4-9b9f-f1b452308ed8" />
      <TestMethod codeBase="D:\Code\TOM\Catapult\Code\trunk\CatapultServices\Tavisca.Catapult.External.ValidationTest\bin\Debug\Tavisca.Catapult.External.ValidationTest.dll" adapterTypeName="Microsoft.VisualStudio.TestTools.TestTypes.Unit.UnitTestAdapter" className="Tavisca.Catapult.External.ValidationTest.SearchHotelByCodeValidationTest" name="SearchByCodeValidTest" />
    </UnitTest>
    <UnitTest name="SearchByCodeForNullValueInCodeInValidTest" storage="d:\code\tom\catapult\code\trunk\catapultservices\tavisca.catapult.external.validationtest\bin\debug\tavisca.catapult.external.validationtest.dll" id="d22951d0-d10b-b6a1-9d7a-50f3c01a9577">
      <Execution id="8556945d-41be-4a38-827a-9a8f4ea5f3e7" />
      <TestMethod codeBase="D:\Code\TOM\Catapult\Code\trunk\CatapultServices\Tavisca.Catapult.External.ValidationTest\bin\Debug\Tavisca.Catapult.External.ValidationTest.dll" adapterTypeName="Microsoft.VisualStudio.TestTools.TestTypes.Unit.UnitTestAdapter" className="Tavisca.Catapult.External.ValidationTest.SearchHotelByCodeValidationTest" name="SearchByCodeForNullValueInCodeInValidTest" />
    </UnitTest>
    <UnitTest name="SearchByCodeForEmptyCodeListInValidTest" storage="d:\code\tom\catapult\code\trunk\catapultservices\tavisca.catapult.external.validationtest\bin\debug\tavisca.catapult.external.validationtest.dll" id="586197b4-8c46-5ac6-1149-1e95d83b5e26">
      <Execution id="154010f7-dc59-40a4-8407-f2f30729eab6" />
      <TestMethod codeBase="D:\Code\TOM\Catapult\Code\trunk\CatapultServices\Tavisca.Catapult.External.ValidationTest\bin\Debug\Tavisca.Catapult.External.ValidationTest.dll" adapterTypeName="Microsoft.VisualStudio.TestTools.TestTypes.Unit.UnitTestAdapter" className="Tavisca.Catapult.External.ValidationTest.SearchHotelByCodeValidationTest" name="SearchByCodeForEmptyCodeListInValidTest" />
    </UnitTest>
  </TestDefinitions>
  <TestEntries>
    <TestEntry testId="9eb408b6-a801-7f1a-3781-6e25fc56394d" executionId="22c1e8ec-3e0e-4393-aaea-7ce63bb6604f" testListId="8c84fa94-04c1-424b-9868-57a2d4851a1d" />
    <TestEntry testId="03449cb1-2ff0-5c15-5962-42932309f0e7" executionId="9e5a9ac8-5043-4053-abc3-88b41939a5fc" testListId="8c84fa94-04c1-424b-9868-57a2d4851a1d" />
    <TestEntry testId="e1011dff-25f5-2337-a1e2-2281532b73a1" executionId="d4360f42-ac48-46d9-82ce-66c14f9497d6" testListId="8c84fa94-04c1-424b-9868-57a2d4851a1d" />
    <TestEntry testId="145637ef-e889-13a0-b3bb-d878285616bc" executionId="c2d9ccef-ceb3-47b4-a77a-168d839a59e0" testListId="8c84fa94-04c1-424b-9868-57a2d4851a1d" />
    <TestEntry testId="b16c7138-319d-970b-82b6-2b1677acffa5" executionId="689acf69-d7a0-4b96-9c05-d5946c9f3aa4" testListId="8c84fa94-04c1-424b-9868-57a2d4851a1d" />
    <TestEntry testId="ca962fe4-aeac-61ff-e5f9-8287fd7db7ed" executionId="c0dbc8d8-e53f-4728-9940-97e6c837ed6b" testListId="8c84fa94-04c1-424b-9868-57a2d4851a1d" />
    <TestEntry testId="ee163a86-3120-50ca-7f13-19dba35f8e1e" executionId="81d5159d-2560-4f85-8007-63337f6ee94a" testListId="8c84fa94-04c1-424b-9868-57a2d4851a1d" />
    <TestEntry testId="6d7fd9f5-f280-e1d4-bba1-43be312ac229" executionId="16ce49bf-97a8-446f-839c-5a1176d56022" testListId="8c84fa94-04c1-424b-9868-57a2d4851a1d" />
    <TestEntry testId="54a743c8-c6d2-d1b4-0db2-ca58bda565eb" executionId="f8cb8fb5-b8ea-4b7d-a7ef-55b7283c47e9" testListId="8c84fa94-04c1-424b-9868-57a2d4851a1d" />
    <TestEntry testId="102b4238-3ffb-861e-aab4-3d10ddd872d2" executionId="ae711851-b261-42d8-bbe2-7c0510a27e8d" testListId="8c84fa94-04c1-424b-9868-57a2d4851a1d" />
    <TestEntry testId="3dba0b62-d65e-3140-103e-be2b0138652b" executionId="c7087d4c-12ba-4f25-b788-3ccf7fb45bb3" testListId="8c84fa94-04c1-424b-9868-57a2d4851a1d" />
    <TestEntry testId="d8ae811c-a950-9917-face-4ca0462ec510" executionId="5f1f4a7c-42b7-447c-9ded-3597eba0952b" testListId="8c84fa94-04c1-424b-9868-57a2d4851a1d" />
    <TestEntry testId="f62a5f41-63eb-2781-d688-303eaaaf089f" executionId="89ccdea7-173f-46e6-a5f0-b4f466e75dc9" testListId="8c84fa94-04c1-424b-9868-57a2d4851a1d" />
    <TestEntry testId="e03b76cd-180b-599b-07a4-2e20dc555464" executionId="7ae60fe9-cbff-4037-88d6-74805dc4ce0c" testListId="8c84fa94-04c1-424b-9868-57a2d4851a1d" />
    <TestEntry testId="49f30d8e-3e53-8ad9-2397-be0f01984562" executionId="372f5db3-7da7-4d6d-bbca-a2ce30824196" testListId="8c84fa94-04c1-424b-9868-57a2d4851a1d" />
    <TestEntry testId="937c922e-bb1b-3866-1407-ea9abf372591" executionId="5a66df25-8410-4439-bb7f-236c809e954a" testListId="8c84fa94-04c1-424b-9868-57a2d4851a1d" />
    <TestEntry testId="16f56d1d-7f66-3c17-7cf4-77213d6f8ce0" executionId="50c6f2b8-fc59-4d02-974d-1b9eec4bd78d" testListId="8c84fa94-04c1-424b-9868-57a2d4851a1d" />
    <TestEntry testId="fb302115-c432-348b-d028-e1313c3f0170" executionId="2ade1cd5-b7c1-4b00-b9c4-65ef56e44bb4" testListId="8c84fa94-04c1-424b-9868-57a2d4851a1d" />
    <TestEntry testId="b3d6e356-4a94-2ee8-20f1-6001a7326a4d" executionId="f08fdbaf-fd7c-4fb5-827a-2b26838b8885" testListId="8c84fa94-04c1-424b-9868-57a2d4851a1d" />
    <TestEntry testId="57f8bef5-ad43-6cbd-7b8c-92f7701cf6bf" executionId="0e8ee6a8-b0e7-4f91-a582-3bf2b5bcf8c5" testListId="8c84fa94-04c1-424b-9868-57a2d4851a1d" />
    <TestEntry testId="61b130a5-6601-8ba1-25c6-df2df5f60600" executionId="ac3615a8-d6dc-4a22-9cce-a7748eec266b" testListId="8c84fa94-04c1-424b-9868-57a2d4851a1d" />
    <TestEntry testId="442d53e3-c006-d979-92fd-19e66c306dd2" executionId="c8f1249d-9e37-4570-9e7b-7fd1bd130598" testListId="8c84fa94-04c1-424b-9868-57a2d4851a1d" />
    <TestEntry testId="5bf1ec0c-5d0a-c96a-e1c2-a0355f4224b0" executionId="f0dc0106-aaf6-4adf-9f76-d60b88791c9a" testListId="8c84fa94-04c1-424b-9868-57a2d4851a1d" />
    <TestEntry testId="3cd6ebde-39a6-53d2-7c47-d011166c9c3e" executionId="452356cc-e691-4b4b-b44d-2d761fa4dbae" testListId="8c84fa94-04c1-424b-9868-57a2d4851a1d" />
    <TestEntry testId="e7029d42-e974-3346-be34-803916b97b21" executionId="ee6e2905-4fb4-432c-b123-ba0db68f9679" testListId="8c84fa94-04c1-424b-9868-57a2d4851a1d" />
    <TestEntry testId="402acafe-87eb-8fb2-df24-4bb494b95f1f" executionId="140e059f-a75b-48df-8801-2ac3fcf50f36" testListId="8c84fa94-04c1-424b-9868-57a2d4851a1d" />
    <TestEntry testId="0b78fb58-4cdc-525a-ff9d-e1035c42f43e" executionId="ffd125d5-f610-4692-9fee-baacfa846e82" testListId="8c84fa94-04c1-424b-9868-57a2d4851a1d" />
    <TestEntry testId="b14ee4d1-3733-715e-9df1-b58651f49f9f" executionId="90bf0aac-cf6b-4550-a3a0-6ba4e525be9d" testListId="8c84fa94-04c1-424b-9868-57a2d4851a1d" />
    <TestEntry testId="495313bc-aecb-964a-d1f3-425279352800" executionId="91d6ea34-1122-431a-b19f-1a0c35c81e60" testListId="8c84fa94-04c1-424b-9868-57a2d4851a1d" />
    <TestEntry testId="248cd2fc-d227-9209-882c-d6c17b8ed89e" executionId="6dc43b59-7393-47e6-b2d0-fa446950aba9" testListId="8c84fa94-04c1-424b-9868-57a2d4851a1d" />
    <TestEntry testId="133b4aa4-427b-86b3-3311-3e78cd0e24a7" executionId="6baca3e2-7d14-4819-8a2c-9caf3a3ea4cd" testListId="8c84fa94-04c1-424b-9868-57a2d4851a1d" />
    <TestEntry testId="664dca9e-6edc-1ed5-b697-8afe84ade142" executionId="b9690702-1da4-4bc6-a909-7ac6fe798d79" testListId="8c84fa94-04c1-424b-9868-57a2d4851a1d" />
    <TestEntry testId="279f3b7b-21d2-c777-588c-d924a1a32684" executionId="ae65c077-734c-493c-8ae4-9be9703edc0a" testListId="8c84fa94-04c1-424b-9868-57a2d4851a1d" />
    <TestEntry testId="ad3c80ca-1baf-04df-607d-c55a06492a0c" executionId="b946fb04-01a6-45ef-90a1-463e08bc0656" testListId="8c84fa94-04c1-424b-9868-57a2d4851a1d" />
    <TestEntry testId="dde81a12-95e2-f1f5-2c5f-76306ab85193" executionId="02ee2d81-20d7-4ff0-9e1c-3cb6796e6f5a" testListId="8c84fa94-04c1-424b-9868-57a2d4851a1d" />
    <TestEntry testId="2ed513a4-f592-f7c1-8738-1e7281661e51" executionId="f6da0fd0-15d5-4a31-b970-2eb9d6a23f31" testListId="8c84fa94-04c1-424b-9868-57a2d4851a1d" />
    <TestEntry testId="445ca9c8-0a77-fa0a-5a9d-ebd5e35ae65a" executionId="b3d731df-efa1-4b60-87b9-6f5f43c9f387" testListId="8c84fa94-04c1-424b-9868-57a2d4851a1d" />
    <TestEntry testId="413b0e09-404d-f4b3-9852-ffb70e693f2e" executionId="a2ae9b6b-5e54-4768-ae3c-b1c66a11c6b4" testListId="8c84fa94-04c1-424b-9868-57a2d4851a1d" />
    <TestEntry testId="7acf3f4e-118b-129e-fd06-f004b2d81549" executionId="4d455943-ae37-4770-aef2-14a179313e4c" testListId="8c84fa94-04c1-424b-9868-57a2d4851a1d" />
    <TestEntry testId="a798aecc-06d9-d4d8-070d-4373b4759dea" executionId="5b8dac6b-2c89-4f0a-9d76-4b8bf38cff52" testListId="8c84fa94-04c1-424b-9868-57a2d4851a1d" />
    <TestEntry testId="b34b964f-53ce-0b60-e974-2aa9cbeef99f" executionId="103c2bc2-dc48-431c-96a7-e137ecb0706d" testListId="8c84fa94-04c1-424b-9868-57a2d4851a1d" />
    <TestEntry testId="f08eba4a-fd37-54b2-5fbe-3a41d0adf331" executionId="6505caee-6acf-4941-9534-a5ea30bfc493" testListId="8c84fa94-04c1-424b-9868-57a2d4851a1d" />
    <TestEntry testId="96bd2102-2286-3a17-5e3c-8cc2d04a0fe8" executionId="a5b1b0ff-32c8-4e41-8f35-b5bccd729e68" testListId="8c84fa94-04c1-424b-9868-57a2d4851a1d" />
    <TestEntry testId="930b9180-81ff-cfe4-a8fb-a73d83076247" executionId="44a508c8-ba08-4de3-bd9b-909c62f1bfdc" testListId="8c84fa94-04c1-424b-9868-57a2d4851a1d" />
    <TestEntry testId="3788db0a-d76b-d140-63f5-95a01c6f9d0c" executionId="1f53a9cd-3a9e-48a7-a8b2-faaeed3e9d53" testListId="8c84fa94-04c1-424b-9868-57a2d4851a1d" />
    <TestEntry testId="0205d269-21bd-d161-e78e-a27f25295b23" executionId="57970ff8-28f1-463f-b3a4-e5de06ca68db" testListId="8c84fa94-04c1-424b-9868-57a2d4851a1d" />
    <TestEntry testId="1806da16-cc12-7ba5-04ea-745b4813d54c" executionId="db9b6499-e85b-4242-a2ed-c6c23061ec1a" testListId="8c84fa94-04c1-424b-9868-57a2d4851a1d" />
    <TestEntry testId="2d7e5acc-395c-9c16-1320-f8f41c2b3445" executionId="93c52cdf-ab78-47f5-b0b9-f9d06577cea7" testListId="8c84fa94-04c1-424b-9868-57a2d4851a1d" />
    <TestEntry testId="d9e54881-aac7-d592-2d99-a60570338059" executionId="44fcf985-f7d8-4f7f-baef-f13f7b465c9f" testListId="8c84fa94-04c1-424b-9868-57a2d4851a1d" />
    <TestEntry testId="a0430587-ec24-f671-68b8-cbe11bb2709a" executionId="0cb754c1-7d73-493e-91e0-571f9a467756" testListId="8c84fa94-04c1-424b-9868-57a2d4851a1d" />
    <TestEntry testId="9890b5e1-471c-6381-f714-821257e98ee3" executionId="a61a43f4-9d10-4a2a-869e-5fe49a6222ed" testListId="8c84fa94-04c1-424b-9868-57a2d4851a1d" />
    <TestEntry testId="b53a3bb1-b5be-6756-6515-8faa308eb848" executionId="c39c72b9-fae0-4401-bc79-de9314ea8e68" testListId="8c84fa94-04c1-424b-9868-57a2d4851a1d" />
    <TestEntry testId="38ab32f0-db8d-ae1b-f48e-18112ebf1a13" executionId="1374d0ec-da97-4aaf-9331-14f51cc0e3da" testListId="8c84fa94-04c1-424b-9868-57a2d4851a1d" />
    <TestEntry testId="b5a0393e-5bf1-4512-9138-b8c7e1384c2b" executionId="6a033d87-34e9-4f91-9497-5260d6589dd1" testListId="8c84fa94-04c1-424b-9868-57a2d4851a1d" />
    <TestEntry testId="03be4ea0-f6c2-d08d-3590-029732c37261" executionId="ff73a398-b775-4f41-aede-7984bcda4b02" testListId="8c84fa94-04c1-424b-9868-57a2d4851a1d" />
    <TestEntry testId="7e992eb7-39ae-6450-2ee9-40bcf444b2c3" executionId="ea3a70f4-d926-4897-88d5-216eed7f9513" testListId="8c84fa94-04c1-424b-9868-57a2d4851a1d" />
    <TestEntry testId="99ac3695-0c4f-9a45-e6cf-7cedaa76a74c" executionId="344e495f-2181-4f87-ac27-e3051cba56fa" testListId="8c84fa94-04c1-424b-9868-57a2d4851a1d" />
    <TestEntry testId="de6e1768-b007-d338-4a88-9858da296785" executionId="d313ca2b-6e63-498f-8dd3-c3ebb3f20b7b" testListId="8c84fa94-04c1-424b-9868-57a2d4851a1d" />
    <TestEntry testId="0ddec7d9-406e-850e-5ef5-5eb30e6bdafb" executionId="6553c99d-c9a6-4575-b800-f5e9dcf4c421" testListId="8c84fa94-04c1-424b-9868-57a2d4851a1d" />
    <TestEntry testId="91f69992-7b7d-7bcf-3bfd-b920ef756356" executionId="5fdea607-a160-4ce8-9006-9200d959115c" testListId="8c84fa94-04c1-424b-9868-57a2d4851a1d" />
    <TestEntry testId="966c528f-4cb1-b2cc-a8bb-e10dc9356397" executionId="41fa11c0-7831-4c3b-99d5-8dd252f9ff50" testListId="8c84fa94-04c1-424b-9868-57a2d4851a1d" />
    <TestEntry testId="a5f69b14-a6dd-b91b-b2f6-49ab29a3a067" executionId="f6cfb7cf-ee0e-4d2c-9cbb-246697de7b64" testListId="8c84fa94-04c1-424b-9868-57a2d4851a1d" />
    <TestEntry testId="e71db15a-97bf-8c84-915e-01b86b620ac6" executionId="4b8bf68a-e382-4ba5-bb52-cbe26968516e" testListId="8c84fa94-04c1-424b-9868-57a2d4851a1d" />
    <TestEntry testId="df23acf0-5bdf-6edb-ea0b-56f38fb1d471" executionId="6656b41d-aeec-4b7c-bcfc-283ff05a141e" testListId="8c84fa94-04c1-424b-9868-57a2d4851a1d" />
    <TestEntry testId="3e29de8b-0801-df23-ebb9-fb3367d4af0d" executionId="1a45a6a6-d5ee-423b-8a51-6f36a9668315" testListId="8c84fa94-04c1-424b-9868-57a2d4851a1d" />
    <TestEntry testId="43b67b14-6f73-d9a9-99cd-1bb991f6b948" executionId="5a15a032-f699-4bad-a5c8-0132041deca7" testListId="8c84fa94-04c1-424b-9868-57a2d4851a1d" />
    <TestEntry testId="23ff6f45-f6b7-e3a2-4451-53cab4abfabc" executionId="d6c3fc1c-8eff-4c45-ade8-63d6f132c88e" testListId="8c84fa94-04c1-424b-9868-57a2d4851a1d" />
    <TestEntry testId="000163e0-91ab-0aaa-d36f-3598050b52f7" executionId="5fe76b7a-988f-405d-ae27-e2291ed6d2e3" testListId="8c84fa94-04c1-424b-9868-57a2d4851a1d" />
    <TestEntry testId="d3fb4f5a-0c6f-6dea-7b7a-b88527924885" executionId="f7e4a933-8992-4c4b-901f-d1ae5a85eada" testListId="8c84fa94-04c1-424b-9868-57a2d4851a1d" />
    <TestEntry testId="708ed526-73f5-6b4d-704a-ed025f59d14c" executionId="2ab94c4d-13ea-4770-8078-2fb0137e626e" testListId="8c84fa94-04c1-424b-9868-57a2d4851a1d" />
    <TestEntry testId="1ef8638a-aaa6-ebb3-b810-b85192b72dde" executionId="426523c4-0462-49f0-a435-8daad4121124" testListId="8c84fa94-04c1-424b-9868-57a2d4851a1d" />
    <TestEntry testId="bbca7f70-4467-2673-ed20-89900695bea0" executionId="369e441c-a455-4d09-af11-76737ad2dac1" testListId="8c84fa94-04c1-424b-9868-57a2d4851a1d" />
    <TestEntry testId="a922f362-408f-7841-48b4-79297e449827" executionId="215e2f2d-df2a-4b1c-9ba5-ebca745ed8ec" testListId="8c84fa94-04c1-424b-9868-57a2d4851a1d" />
    <TestEntry testId="662b8da8-e11c-11dd-39a3-4a5315335a91" executionId="a5d68d90-b8a0-43af-a05d-1ecf7cdcab7d" testListId="8c84fa94-04c1-424b-9868-57a2d4851a1d" />
    <TestEntry testId="65fd3a0e-529b-9dde-c139-8bccaf8fee39" executionId="e4ff5b90-6452-4dfc-b402-3edc7185d31b" testListId="8c84fa94-04c1-424b-9868-57a2d4851a1d" />
    <TestEntry testId="512d19eb-d880-c7b1-d022-fe9d6cdd2cc4" executionId="c8852eda-92b4-4031-bb28-f4c46bc22962" testListId="8c84fa94-04c1-424b-9868-57a2d4851a1d" />
    <TestEntry testId="3491d203-6c7a-8c4e-7bb0-83502c14ab63" executionId="d68c8870-356f-4fc5-8727-1ace7ee9a4a1" testListId="8c84fa94-04c1-424b-9868-57a2d4851a1d" />
    <TestEntry testId="859f62f5-0710-a50d-0125-a9c88c118438" executionId="132d13a1-ce72-4cc4-972d-0a4a17ec5555" testListId="8c84fa94-04c1-424b-9868-57a2d4851a1d" />
    <TestEntry testId="dad74ab1-33d9-eeb4-27b3-b67c109d546b" executionId="4a471045-9740-4e95-8aed-bb4f4885a2c7" testListId="8c84fa94-04c1-424b-9868-57a2d4851a1d" />
    <TestEntry testId="aea4084e-29b5-a789-64c9-d5a9943ab960" executionId="89a4e280-152a-4bfa-86a9-41e06cb89af6" testListId="8c84fa94-04c1-424b-9868-57a2d4851a1d" />
    <TestEntry testId="84a83906-7370-bbae-5b8a-6458991034a9" executionId="f5a9d875-a631-499e-9bcc-0f4f27f5492a" testListId="8c84fa94-04c1-424b-9868-57a2d4851a1d" />
    <TestEntry testId="8662c243-082e-d5e0-0a85-228ee68a42e2" executionId="46db2b58-251e-4207-a177-d254a06bbb51" testListId="8c84fa94-04c1-424b-9868-57a2d4851a1d" />
    <TestEntry testId="c52c0759-3dcd-7a87-4324-4aa52dbefdda" executionId="ce7ec762-5791-470b-9f5b-24d4536b8935" testListId="8c84fa94-04c1-424b-9868-57a2d4851a1d" />
    <TestEntry testId="12374823-f2bf-f8da-3d19-f7578f1d4f7c" executionId="27c0c794-b29e-4382-849d-d36d43d25132" testListId="8c84fa94-04c1-424b-9868-57a2d4851a1d" />
    <TestEntry testId="2d2b36ac-cec2-dd3b-ef6a-0d4a6419b592" executionId="75f4e6da-bce3-478b-b132-901d65f059b3" testListId="8c84fa94-04c1-424b-9868-57a2d4851a1d" />
    <TestEntry testId="408a234b-e1f6-f523-3055-b975b398ec8d" executionId="6687138b-94ec-414a-b684-6d661c560d64" testListId="8c84fa94-04c1-424b-9868-57a2d4851a1d" />
    <TestEntry testId="25882cf7-bd1e-8820-07ab-167220235732" executionId="ab0009e6-eea6-46b7-b5e7-c316765d15d3" testListId="8c84fa94-04c1-424b-9868-57a2d4851a1d" />
    <TestEntry testId="0f989856-7e0f-8c14-2223-5c6786b022a7" executionId="a091138f-4a8d-44d3-a63a-0e537102698e" testListId="8c84fa94-04c1-424b-9868-57a2d4851a1d" />
    <TestEntry testId="de7000e9-fa4c-4bc6-c0e7-4c94bb6e3fc1" executionId="594a31b6-2e5b-4222-b267-013aff497dba" testListId="8c84fa94-04c1-424b-9868-57a2d4851a1d" />
    <TestEntry testId="5f599953-261f-1baa-673d-130662061489" executionId="5cca4a4f-7172-4b2b-aee9-3da6c028af73" testListId="8c84fa94-04c1-424b-9868-57a2d4851a1d" />
    <TestEntry testId="925aa9e0-5112-af2f-b37f-6563a41da01c" executionId="6324aab1-9d6a-4225-9102-f33c87ab3148" testListId="8c84fa94-04c1-424b-9868-57a2d4851a1d" />
    <TestEntry testId="de385433-b0d2-0ba5-99b2-d2423fe5325a" executionId="9d6efdfc-a463-4a4a-9210-c0c3e5d4d303" testListId="8c84fa94-04c1-424b-9868-57a2d4851a1d" />
    <TestEntry testId="072b3430-2380-439d-d9fa-aed0e7e5f2ae" executionId="79de573a-47db-4576-a80b-3531eb4ba780" testListId="8c84fa94-04c1-424b-9868-57a2d4851a1d" />
    <TestEntry testId="228b59eb-d495-0003-cd22-24851a2caa64" executionId="f83339b2-6967-4a6d-b8d3-780a3604c480" testListId="8c84fa94-04c1-424b-9868-57a2d4851a1d" />
    <TestEntry testId="2f4137f9-86fb-45de-1b05-26b7aea3d4c0" executionId="a1b1a88f-38e1-4830-9d88-170ad92a3e71" testListId="8c84fa94-04c1-424b-9868-57a2d4851a1d" />
    <TestEntry testId="65c07103-3471-fd8e-51c7-64ccf905eb6a" executionId="6f4e8007-7b19-4431-9243-96aa2e1f0bfb" testListId="8c84fa94-04c1-424b-9868-57a2d4851a1d" />
    <TestEntry testId="792d6800-47be-84f7-7f3e-7bb3f4275301" executionId="75b3d31d-c9f7-4462-bd3c-57ddf0d7cde0" testListId="8c84fa94-04c1-424b-9868-57a2d4851a1d" />
    <TestEntry testId="63f82f2b-94d8-6638-2b31-ff5867e33380" executionId="a75e352d-9f92-479d-9649-bc294f0cd228" testListId="8c84fa94-04c1-424b-9868-57a2d4851a1d" />
    <TestEntry testId="c1183241-7b01-4138-f11e-67614196d4ff" executionId="1db0b0f2-b9a1-42d6-ab8e-78d83e2635f8" testListId="8c84fa94-04c1-424b-9868-57a2d4851a1d" />
    <TestEntry testId="35b62bbd-047c-0e62-48ce-5f54fdf41074" executionId="a090674f-d1b1-42fe-b4d7-fd27cfd02c3d" testListId="8c84fa94-04c1-424b-9868-57a2d4851a1d" />
    <TestEntry testId="a55a7e60-bb8c-e356-9790-673420e3c4ee" executionId="dff50408-d39f-4aa5-8ca3-7d81a5cb42aa" testListId="8c84fa94-04c1-424b-9868-57a2d4851a1d" />
    <TestEntry testId="562a91ee-5a2b-00e1-089e-b53a3e66bf7c" executionId="c26e3c7f-ad5c-41b8-aa42-27c4c43758d3" testListId="8c84fa94-04c1-424b-9868-57a2d4851a1d" />
    <TestEntry testId="51dd57ec-ccf3-797a-e208-710aa00c879d" executionId="664355f9-982a-4f65-bc4b-3302f1bd7384" testListId="8c84fa94-04c1-424b-9868-57a2d4851a1d" />
    <TestEntry testId="8faa753c-3396-717c-d2b0-471eefdb9199" executionId="087b2d1c-8598-4800-ba3e-35d4d2809297" testListId="8c84fa94-04c1-424b-9868-57a2d4851a1d" />
    <TestEntry testId="4a1fd4ed-79cb-db5b-edca-ca56e6439175" executionId="6e5fcd95-6f6a-4c4b-bcb5-fa4e65e255ff" testListId="8c84fa94-04c1-424b-9868-57a2d4851a1d" />
    <TestEntry testId="73625e66-977e-ebef-b6f4-68d1654f395e" executionId="622863b7-3df5-4489-a7dc-2b0e5fbee606" testListId="8c84fa94-04c1-424b-9868-57a2d4851a1d" />
    <TestEntry testId="b2d25eda-4009-d8e9-931a-03918c0efa68" executionId="d6acc101-bfe1-4c38-b6d9-e677ec1ee32d" testListId="8c84fa94-04c1-424b-9868-57a2d4851a1d" />
    <TestEntry testId="48917dc3-d286-1f13-7734-0b2fa6e582c9" executionId="7d7ab80e-8673-4c77-a8bd-7a34c447b43c" testListId="8c84fa94-04c1-424b-9868-57a2d4851a1d" />
    <TestEntry testId="efa02f09-64b8-99df-d69b-4070c46d820a" executionId="5969aefa-7295-49ef-a147-789841c2bd7d" testListId="8c84fa94-04c1-424b-9868-57a2d4851a1d" />
    <TestEntry testId="3e80942b-05a7-39c3-0671-6682f9cd8177" executionId="21c44ccd-aea9-4297-9898-614099d95e34" testListId="8c84fa94-04c1-424b-9868-57a2d4851a1d" />
    <TestEntry testId="319fd9f6-382e-1e66-1baf-067a38938e5b" executionId="feb745e0-ea03-4a2c-a55c-4d8ee01bc55d" testListId="8c84fa94-04c1-424b-9868-57a2d4851a1d" />
    <TestEntry testId="cd5ad7eb-412a-b4c4-7f35-d0f08dadf18b" executionId="a3ebb846-271a-4fca-86b8-70692d86368c" testListId="8c84fa94-04c1-424b-9868-57a2d4851a1d" />
    <TestEntry testId="75fb9a13-c63f-dbea-f333-0dbfe13aae6b" executionId="378c9f74-fb10-4d07-85d7-acda3764ca0d" testListId="8c84fa94-04c1-424b-9868-57a2d4851a1d" />
    <TestEntry testId="f0904ff2-050c-15a6-7191-4710c73f0d27" executionId="0990698a-30bc-45f5-9dfb-c02c1c5e553c" testListId="8c84fa94-04c1-424b-9868-57a2d4851a1d" />
    <TestEntry testId="d202d41f-5f48-f250-cf34-f647b0d61a00" executionId="8cda9088-fe72-4bcf-8198-5a6d3bff2f59" testListId="8c84fa94-04c1-424b-9868-57a2d4851a1d" />
    <TestEntry testId="59f06897-3cc6-bc57-98a3-837d0e0e8d72" executionId="39747d4f-bde6-4a20-8ff0-c2b4a1a9bd80" testListId="8c84fa94-04c1-424b-9868-57a2d4851a1d" />
    <TestEntry testId="0c6eb897-fd3c-bb46-8959-0f847001ef1f" executionId="947c4ad1-fd35-453c-8c8f-f0ae5838182f" testListId="8c84fa94-04c1-424b-9868-57a2d4851a1d" />
    <TestEntry testId="2d8aae77-b3c8-f51f-4296-a7b0aeca2427" executionId="041dbeec-7781-4793-af74-36bd96c1ef62" testListId="8c84fa94-04c1-424b-9868-57a2d4851a1d" />
    <TestEntry testId="027b0b5e-f463-17ee-5338-3e4cfb9fcbcb" executionId="82e77144-1f15-4f99-b93c-64ceec9cb39f" testListId="8c84fa94-04c1-424b-9868-57a2d4851a1d" />
    <TestEntry testId="23ee3628-f092-b0be-cb5b-3a53d4180858" executionId="cd200c58-aba8-45ce-982b-4c554213925e" testListId="8c84fa94-04c1-424b-9868-57a2d4851a1d" />
    <TestEntry testId="38624ebd-4490-c568-ab8a-1c5bf0e584af" executionId="274d8176-9aa4-4e0d-866b-728a9d406aec" testListId="8c84fa94-04c1-424b-9868-57a2d4851a1d" />
    <TestEntry testId="e021b749-a6a0-c62f-778a-a23745c008ac" executionId="2f4b3d3e-14d3-48c5-bbd0-f9730cc809dc" testListId="8c84fa94-04c1-424b-9868-57a2d4851a1d" />
    <TestEntry testId="9e4b1bc4-6afe-c2a8-1e68-3fc68cfc0d19" executionId="c79032bd-fc28-4c9b-a26b-1f8bf36aa5c5" testListId="8c84fa94-04c1-424b-9868-57a2d4851a1d" />
    <TestEntry testId="b45d0fe6-8f45-79ea-93b9-e0739fae6a76" executionId="bdd6706c-5803-4c91-862f-f4c1ca740cad" testListId="8c84fa94-04c1-424b-9868-57a2d4851a1d" />
    <TestEntry testId="beb4163c-0773-8534-668a-200ef3c50158" executionId="bb05c123-ea3b-41a6-823f-a4085cf5dcc1" testListId="8c84fa94-04c1-424b-9868-57a2d4851a1d" />
    <TestEntry testId="8f84bcef-ab78-da6b-b59f-ea6b48a4d014" executionId="e52ddbba-604b-4b68-947e-fdab31268150" testListId="8c84fa94-04c1-424b-9868-57a2d4851a1d" />
    <TestEntry testId="3b28a284-6be5-4786-c59b-0066567ad872" executionId="b9ecdf3d-a8fe-41f6-aebe-05c6c3017728" testListId="8c84fa94-04c1-424b-9868-57a2d4851a1d" />
    <TestEntry testId="1bab8c31-4448-04b8-f07c-075d89669e52" executionId="e09519d3-2247-4827-9d6b-bb07af247887" testListId="8c84fa94-04c1-424b-9868-57a2d4851a1d" />
    <TestEntry testId="0b5e303b-25ef-4267-ef4d-34c66e6b428e" executionId="9f4d5511-9fef-4e9d-a725-7a9385e59745" testListId="8c84fa94-04c1-424b-9868-57a2d4851a1d" />
    <TestEntry testId="00a3c0c5-42dc-81c6-4f2c-1577c19a99f1" executionId="7c1528d3-d484-4b74-8813-e0e29fb5d1dc" testListId="8c84fa94-04c1-424b-9868-57a2d4851a1d" />
    <TestEntry testId="94e1acad-bb70-f866-5efb-01d59bad8348" executionId="fcd5a8b6-00fb-4f1d-9a04-78e18a0b8cde" testListId="8c84fa94-04c1-424b-9868-57a2d4851a1d" />
    <TestEntry testId="f21ff747-dcb5-ed97-f506-aca7b32158a6" executionId="29b70daa-9515-4511-80ca-3d2e04bb5075" testListId="8c84fa94-04c1-424b-9868-57a2d4851a1d" />
    <TestEntry testId="8807f456-1387-e414-8904-9764886bc335" executionId="d7dd33ca-1731-4c43-aa7d-ca2648cd86fb" testListId="8c84fa94-04c1-424b-9868-57a2d4851a1d" />
    <TestEntry testId="0fd276a6-7806-9dc1-4e97-eb457e389a03" executionId="83484a13-ee28-411f-8de5-31f7698d526f" testListId="8c84fa94-04c1-424b-9868-57a2d4851a1d" />
    <TestEntry testId="cd35d58b-55ac-73e8-4588-2b2874baa652" executionId="b6d99f4e-d6d0-450a-ad07-ba820674f859" testListId="8c84fa94-04c1-424b-9868-57a2d4851a1d" />
    <TestEntry testId="36f8f610-e667-71d9-8f01-fc9a86b6ba5c" executionId="a940ee99-7314-4bf6-b1c0-6a8bf3d1e2d6" testListId="8c84fa94-04c1-424b-9868-57a2d4851a1d" />
    <TestEntry testId="61783281-a9d3-9678-1abe-4699c9539488" executionId="1104a164-859e-4227-80d7-f14acc41a071" testListId="8c84fa94-04c1-424b-9868-57a2d4851a1d" />
    <TestEntry testId="b4a5d92d-554b-ae2c-838e-c46208a4f3a2" executionId="2116ea5e-9ec0-421b-b3f1-74c122cd1b5f" testListId="8c84fa94-04c1-424b-9868-57a2d4851a1d" />
    <TestEntry testId="a81ee980-32c9-b49e-d9d1-1392186ce4cf" executionId="88b03dc8-38fe-41de-a895-3e85cd0b6c68" testListId="8c84fa94-04c1-424b-9868-57a2d4851a1d" />
    <TestEntry testId="9833f5ff-d0f2-6046-5d72-a8e6b55db624" executionId="d3e3f4a5-815f-40cf-866e-ea71817c5514" testListId="8c84fa94-04c1-424b-9868-57a2d4851a1d" />
    <TestEntry testId="ff75647e-4b17-e31b-0183-93134cd6d359" executionId="ed5769f2-6ef4-4713-a87f-0b9a9417496a" testListId="8c84fa94-04c1-424b-9868-57a2d4851a1d" />
    <TestEntry testId="6320db32-ee9d-28b2-200f-15b20ca61a06" executionId="e521032f-82cf-4ef9-8e10-92c68163825e" testListId="8c84fa94-04c1-424b-9868-57a2d4851a1d" />
    <TestEntry testId="d4c2a7ce-0a66-2917-8c63-46d31c776b4e" executionId="30f09341-3c81-4ef1-a494-da9dee316364" testListId="8c84fa94-04c1-424b-9868-57a2d4851a1d" />
    <TestEntry testId="de2a9787-3661-315f-fb14-0af59f6540d6" executionId="16c68f45-e83e-44e6-ad72-01b5663bc7b6" testListId="8c84fa94-04c1-424b-9868-57a2d4851a1d" />
    <TestEntry testId="06f92bac-583f-693e-acb6-b410c6dc75d0" executionId="af69b827-7494-4765-b6fc-3dc3153e5a08" testListId="8c84fa94-04c1-424b-9868-57a2d4851a1d" />
    <TestEntry testId="d5c0805a-36ab-aa22-0d39-d898c34d9347" executionId="60d08b9e-5585-4f0c-8e01-6421c79413d3" testListId="8c84fa94-04c1-424b-9868-57a2d4851a1d" />
    <TestEntry testId="2a474cc3-c69d-3c77-aa1b-c0e134423f79" executionId="b7aab915-5b79-4002-9597-57ee2131c120" testListId="8c84fa94-04c1-424b-9868-57a2d4851a1d" />
    <TestEntry testId="a2d76df9-cb96-600e-de64-a9d32f312dce" executionId="c0119c55-b1e3-442d-9015-c3286964a269" testListId="8c84fa94-04c1-424b-9868-57a2d4851a1d" />
    <TestEntry testId="b4079b9d-6dbe-218a-78a8-41781f25a3fc" executionId="13c90290-253a-4198-ba27-21d27a85f263" testListId="8c84fa94-04c1-424b-9868-57a2d4851a1d" />
    <TestEntry testId="37c00438-9c3a-e8b1-eedc-270d16b7b726" executionId="470f1a61-e123-442e-a198-60c8bfb53df6" testListId="8c84fa94-04c1-424b-9868-57a2d4851a1d" />
    <TestEntry testId="8c975187-1e1d-7bdd-1e9c-457f0832075e" executionId="80293cea-53a3-4b07-8fd2-ddde2c2a79ec" testListId="8c84fa94-04c1-424b-9868-57a2d4851a1d" />
    <TestEntry testId="33f9c41b-fdc1-1f43-5638-8453ffcaf1bc" executionId="fedbf1e3-ba29-4fdb-9c5d-658ffd9b8ee0" testListId="8c84fa94-04c1-424b-9868-57a2d4851a1d" />
    <TestEntry testId="9ebdb339-dd51-80dc-e6ae-354d9fd997d3" executionId="bfd4a26f-7b17-4aef-bc32-a8544bebd938" testListId="8c84fa94-04c1-424b-9868-57a2d4851a1d" />
    <TestEntry testId="9ac6f7de-9328-9b84-08bf-c72cf8f004a6" executionId="f99f0428-1000-47b7-ba75-f18bd3aa64a3" testListId="8c84fa94-04c1-424b-9868-57a2d4851a1d" />
    <TestEntry testId="a482a9ad-6f8f-4900-07f1-d71ef783de8c" executionId="477a10ee-4594-4d84-b20f-b61e4ce2fad5" testListId="8c84fa94-04c1-424b-9868-57a2d4851a1d" />
    <TestEntry testId="5d0986a5-cc73-f1aa-dab3-e0834c8a842d" executionId="dc131a21-900e-47aa-855e-83b3c732511a" testListId="8c84fa94-04c1-424b-9868-57a2d4851a1d" />
    <TestEntry testId="ed4fbd40-9b68-5c5f-bfc2-be13e3cc5eb7" executionId="d702ad42-4769-4667-9c86-578974238cca" testListId="8c84fa94-04c1-424b-9868-57a2d4851a1d" />
    <TestEntry testId="147f015e-e9c7-54e0-1a4d-cbebe5b41b2b" executionId="fb62924e-b824-49fe-900d-df4c657b913f" testListId="8c84fa94-04c1-424b-9868-57a2d4851a1d" />
    <TestEntry testId="19e80ae8-16fc-724d-c1cf-781525c39425" executionId="e5b4d361-eb9f-4622-b3f0-d4cb594b4f88" testListId="8c84fa94-04c1-424b-9868-57a2d4851a1d" />
    <TestEntry testId="4da0d578-1ff5-78df-dc7c-e7cabc6cd136" executionId="a0d06bcc-6c3d-4bdc-a8ae-e4757e847ca6" testListId="8c84fa94-04c1-424b-9868-57a2d4851a1d" />
    <TestEntry testId="0225924d-6024-ef57-124d-b71023e66625" executionId="b0c87c69-224a-4069-94db-d80656b0cc39" testListId="8c84fa94-04c1-424b-9868-57a2d4851a1d" />
    <TestEntry testId="8b4aae5f-0b18-f506-650b-347a6ebf2749" executionId="3e6d32fa-310d-487f-a037-21b9ca32d61a" testListId="8c84fa94-04c1-424b-9868-57a2d4851a1d" />
    <TestEntry testId="85d4e747-3a0d-1646-d2b5-3c8df01e444e" executionId="1d6a738b-acb1-48a0-bb9e-14382570726c" testListId="8c84fa94-04c1-424b-9868-57a2d4851a1d" />
    <TestEntry testId="aa3d1934-91ae-c170-ef84-25775b2141fa" executionId="7d48f8c3-67b8-4fe5-b0da-98710ac564e8" testListId="8c84fa94-04c1-424b-9868-57a2d4851a1d" />
    <TestEntry testId="a3397672-f30b-3336-6458-df4b673127fc" executionId="dee3a9a6-974b-4cd5-bb9b-8ec58ff5c715" testListId="8c84fa94-04c1-424b-9868-57a2d4851a1d" />
    <TestEntry testId="c347a23f-fd5c-b69d-350b-907965d60cee" executionId="05598719-1c6f-44b3-9337-4dd3ba176ef7" testListId="8c84fa94-04c1-424b-9868-57a2d4851a1d" />
    <TestEntry testId="0e9bbddd-78f8-51f1-c7b2-196084fb2d4d" executionId="71a43b66-9145-4f4c-b2fa-720de39e14e0" testListId="8c84fa94-04c1-424b-9868-57a2d4851a1d" />
    <TestEntry testId="c5df724f-9e4f-3732-36f0-4f28aacf0184" executionId="0e213d07-7b97-4b32-9814-be600876c4cd" testListId="8c84fa94-04c1-424b-9868-57a2d4851a1d" />
    <TestEntry testId="f5038ab6-fc1f-a194-bc1a-2159b4654b4f" executionId="2c008b79-57ee-4008-9e92-8999dc993932" testListId="8c84fa94-04c1-424b-9868-57a2d4851a1d" />
    <TestEntry testId="4b9ef6ec-0783-a343-1da9-b693cfc54219" executionId="5062f511-16c0-49ee-b40c-3563ada2b504" testListId="8c84fa94-04c1-424b-9868-57a2d4851a1d" />
    <TestEntry testId="d7d384f9-671e-d44a-5c7e-66603bfc39df" executionId="7e22c7a6-94e2-4418-a2ef-da00860dbf34" testListId="8c84fa94-04c1-424b-9868-57a2d4851a1d" />
    <TestEntry testId="192a62ae-d42e-463b-8846-ae039a745cef" executionId="50675602-c5fd-4d38-87e1-8b055c90196e" testListId="8c84fa94-04c1-424b-9868-57a2d4851a1d" />
    <TestEntry testId="99f7ee8d-8094-5fb5-1b4c-99e72efde0d0" executionId="45a01665-9d27-416f-ac50-74a1d0d91e3b" testListId="8c84fa94-04c1-424b-9868-57a2d4851a1d" />
    <TestEntry testId="e543ab15-69d4-e035-f7a3-11a8c5acd5b3" executionId="78ea1202-a78e-4b4a-93b2-b8134584801b" testListId="8c84fa94-04c1-424b-9868-57a2d4851a1d" />
    <TestEntry testId="f485c88b-03bd-92de-7951-9a500421e78d" executionId="717ee4f8-689c-45b6-bf99-d1252b296606" testListId="8c84fa94-04c1-424b-9868-57a2d4851a1d" />
    <TestEntry testId="76b77543-e7eb-5ae6-a5c5-d2ddff6da5e4" executionId="c579e4f4-906c-4d13-bb88-d234a771ee78" testListId="8c84fa94-04c1-424b-9868-57a2d4851a1d" />
    <TestEntry testId="83026801-f66d-47f5-b8ad-dbb94099be89" executionId="493fa8bd-2f81-4261-be67-6039496288ca" testListId="8c84fa94-04c1-424b-9868-57a2d4851a1d" />
    <TestEntry testId="475787ed-a011-b742-30a5-8e35b5df1a0a" executionId="4db381f3-42a7-41af-9382-e8e8e102a065" testListId="8c84fa94-04c1-424b-9868-57a2d4851a1d" />
    <TestEntry testId="bcd9d794-6d8d-1520-1468-fd86c7599d95" executionId="81103046-1888-4971-8d3c-34e85bb07b2b" testListId="8c84fa94-04c1-424b-9868-57a2d4851a1d" />
    <TestEntry testId="7ac709cb-4319-7eee-d260-ff2a9e77e3ef" executionId="7e150dc9-12c9-4265-80a4-68744be3c028" testListId="8c84fa94-04c1-424b-9868-57a2d4851a1d" />
    <TestEntry testId="2a34b52f-be48-0777-49a4-93c887c9c777" executionId="f171c21c-9336-4bec-9cbe-bf7cc4142073" testListId="8c84fa94-04c1-424b-9868-57a2d4851a1d" />
    <TestEntry testId="78fbcfe0-b588-ab37-cfb1-b2426df44ce6" executionId="366b2a6b-f4ba-427e-aec6-580e53cc8f5a" testListId="8c84fa94-04c1-424b-9868-57a2d4851a1d" />
    <TestEntry testId="495b6271-c71d-35b5-90db-a3e39eb7dceb" executionId="ac512a40-0e83-4be1-aba7-e1f3d9b68bf7" testListId="8c84fa94-04c1-424b-9868-57a2d4851a1d" />
    <TestEntry testId="bef7b645-097e-040a-9842-7520d63d0bf9" executionId="aad75f0a-4477-41ba-9556-fe4c938987d4" testListId="8c84fa94-04c1-424b-9868-57a2d4851a1d" />
    <TestEntry testId="21854ef0-132a-e37c-a319-899fdb20f73d" executionId="eea3cfaa-05dd-402e-a5b7-926a240d6e95" testListId="8c84fa94-04c1-424b-9868-57a2d4851a1d" />
    <TestEntry testId="cd85d445-cec4-39d6-bf0a-507de6babb98" executionId="a900ae98-7936-4fe5-b961-6cc4cacd3a5d" testListId="8c84fa94-04c1-424b-9868-57a2d4851a1d" />
    <TestEntry testId="32125897-818e-e4fd-ac65-d6a0885000a2" executionId="fa840cb2-e16c-4329-82a9-eeb87b953e1a" testListId="8c84fa94-04c1-424b-9868-57a2d4851a1d" />
    <TestEntry testId="693aab8f-1a6f-7920-c927-16447d4088a9" executionId="5580c2e7-608e-4220-b848-29ef2bfd99bd" testListId="8c84fa94-04c1-424b-9868-57a2d4851a1d" />
    <TestEntry testId="6e84a9ee-37c3-5e5c-1b72-b5b071f09e6c" executionId="e3bbf976-7114-42bc-9364-2a1388438f2b" testListId="8c84fa94-04c1-424b-9868-57a2d4851a1d" />
    <TestEntry testId="b305d49f-88f8-0904-1c19-b40059862051" executionId="c9db7592-ab85-4c5d-b6e7-5b845aebbcbe" testListId="8c84fa94-04c1-424b-9868-57a2d4851a1d" />
    <TestEntry testId="2f23ed4d-0203-fc11-580f-3c1d5265e577" executionId="228f6926-b866-4295-bb0a-6fc2e25b8653" testListId="8c84fa94-04c1-424b-9868-57a2d4851a1d" />
    <TestEntry testId="e1a802b1-8248-6bd4-067c-378db3e05be6" executionId="2509aa61-9e94-4ac0-9cc0-36d55957e48e" testListId="8c84fa94-04c1-424b-9868-57a2d4851a1d" />
    <TestEntry testId="e88e8675-a27c-2f75-d569-ca8144ed62a2" executionId="f586ddab-976c-4408-a5d7-5002c084f16c" testListId="8c84fa94-04c1-424b-9868-57a2d4851a1d" />
    <TestEntry testId="c62894a3-842c-4cba-d421-eb98ac24deaa" executionId="b0d0b593-37c2-4482-b2e8-4d37552d0a75" testListId="8c84fa94-04c1-424b-9868-57a2d4851a1d" />
    <TestEntry testId="2d845072-87a1-b9e4-cb5d-b83f40ec4db9" executionId="884f7985-932f-4313-b143-abcedc535d21" testListId="8c84fa94-04c1-424b-9868-57a2d4851a1d" />
    <TestEntry testId="8b1360b6-7dc3-19e4-6078-7f6085742701" executionId="186b3fd3-d932-4f11-8816-6a58531c0806" testListId="8c84fa94-04c1-424b-9868-57a2d4851a1d" />
    <TestEntry testId="e8fcff6d-f165-d503-271e-bb2d2e6fd3b0" executionId="274de61e-e64d-4028-b428-186ac7ba4cf0" testListId="8c84fa94-04c1-424b-9868-57a2d4851a1d" />
    <TestEntry testId="ecdff1ab-80ba-81a0-6f6f-3f6af4358c22" executionId="11c55239-fa21-45b8-b295-0d3a28d4e5bc" testListId="8c84fa94-04c1-424b-9868-57a2d4851a1d" />
    <TestEntry testId="0a9cfafb-4b30-beda-2bb6-6a2726146cb2" executionId="40e33bc1-3659-4087-ae05-2e292ab23bd2" testListId="8c84fa94-04c1-424b-9868-57a2d4851a1d" />
    <TestEntry testId="74f4bdc2-40d0-4d47-e14d-71e140799c31" executionId="cd37bff3-13b4-46aa-9079-967cf8cfbd28" testListId="8c84fa94-04c1-424b-9868-57a2d4851a1d" />
    <TestEntry testId="70c5f987-ae87-edf4-6b29-37214c732d09" executionId="fc38a5ad-2507-43fe-b4fd-514ca2857cf8" testListId="8c84fa94-04c1-424b-9868-57a2d4851a1d" />
    <TestEntry testId="55acbed4-a661-648d-fe7c-af06111e2445" executionId="cf0237f2-678b-4847-a563-024e1dc4250e" testListId="8c84fa94-04c1-424b-9868-57a2d4851a1d" />
    <TestEntry testId="38d3c0cd-f8f1-a5e4-1910-314ba9d72658" executionId="b1c5c4c7-cff6-4574-9ce7-689131bc0783" testListId="8c84fa94-04c1-424b-9868-57a2d4851a1d" />
    <TestEntry testId="4d6ab2fa-eb65-036a-074f-8a576848597f" executionId="fa71589a-ef9e-42a0-924c-96c837ef2496" testListId="8c84fa94-04c1-424b-9868-57a2d4851a1d" />
    <TestEntry testId="79c1d1a4-facd-c799-a550-8af248cc9973" executionId="08973084-76b7-4a85-bd02-f61a601fe049" testListId="8c84fa94-04c1-424b-9868-57a2d4851a1d" />
    <TestEntry testId="ea7b87ff-e7fd-86e5-26e3-1469dc5b1975" executionId="a2827aca-736b-4671-9f07-7e4aada5df07" testListId="8c84fa94-04c1-424b-9868-57a2d4851a1d" />
    <TestEntry testId="c010a478-a017-566f-650a-5f9ab50ce72f" executionId="fe6105e1-3f39-4ec7-a902-a463fa3657c1" testListId="8c84fa94-04c1-424b-9868-57a2d4851a1d" />
    <TestEntry testId="fbefaefa-20a5-722b-43ff-f88348daf887" executionId="d5488224-2e1c-47aa-9c5f-4012bd8c96f8" testListId="8c84fa94-04c1-424b-9868-57a2d4851a1d" />
    <TestEntry testId="43542e25-9578-4a5b-16b6-50336bf25aea" executionId="3d150997-4650-4784-96bd-9046d97df34f" testListId="8c84fa94-04c1-424b-9868-57a2d4851a1d" />
    <TestEntry testId="3fc23db1-e551-58ca-e09f-a01031cf7767" executionId="ed8e5047-2d97-494b-b291-0df6c35aae15" testListId="8c84fa94-04c1-424b-9868-57a2d4851a1d" />
    <TestEntry testId="90e32937-2204-5304-6dd7-b26ce770adfd" executionId="ee5394d3-0e7f-4db0-86a0-b47e2dc7bec3" testListId="8c84fa94-04c1-424b-9868-57a2d4851a1d" />
    <TestEntry testId="d55aaf1b-a60d-e630-d2eb-0ae2619861f0" executionId="a159aa8a-3fa2-4d20-9cea-a13e9c640683" testListId="8c84fa94-04c1-424b-9868-57a2d4851a1d" />
    <TestEntry testId="42c18022-0d3e-0142-2ce6-31501713817d" executionId="f3a406e4-f803-480d-8633-eee255421ed5" testListId="8c84fa94-04c1-424b-9868-57a2d4851a1d" />
    <TestEntry testId="6593d292-1355-b9de-65bf-eb15835932f7" executionId="0b8b5855-7db2-4161-b0fe-540e90a03f25" testListId="8c84fa94-04c1-424b-9868-57a2d4851a1d" />
    <TestEntry testId="9af4f119-2793-3bc9-d2cd-fa0a21364346" executionId="c29757fc-4153-40fd-8c82-6d45fdc4d344" testListId="8c84fa94-04c1-424b-9868-57a2d4851a1d" />
    <TestEntry testId="61b2f358-ce0d-8586-ada5-dd202928459b" executionId="a56c38f5-c3ff-46df-af9d-52fb3943808c" testListId="8c84fa94-04c1-424b-9868-57a2d4851a1d" />
    <TestEntry testId="c634841e-6f70-7edb-09eb-26793cb3ea3a" executionId="27383310-c79c-41a0-a9e5-c2ab490d2ce9" testListId="8c84fa94-04c1-424b-9868-57a2d4851a1d" />
    <TestEntry testId="13ef6aa4-8bcf-f4f7-c8e0-7ecdd518cdb4" executionId="b2334d7e-e06f-40ce-bfe1-43ec0480df6a" testListId="8c84fa94-04c1-424b-9868-57a2d4851a1d" />
    <TestEntry testId="a3a826bf-dd2e-d2a7-d11f-d13ef83d0f1b" executionId="dbd6859c-88fc-40e5-8452-cd3dd97bef9d" testListId="8c84fa94-04c1-424b-9868-57a2d4851a1d" />
    <TestEntry testId="e884f336-e38f-069c-1ab6-39980c9647db" executionId="feaa1dbe-e1cd-4325-ab13-498faa8b0f05" testListId="8c84fa94-04c1-424b-9868-57a2d4851a1d" />
    <TestEntry testId="f4f79fca-5cd6-1c17-21ad-f447c397f230" executionId="3d13395f-0872-4b71-a43a-5740b796672b" testListId="8c84fa94-04c1-424b-9868-57a2d4851a1d" />
    <TestEntry testId="b0520dfd-638a-1e24-8248-d109405e7456" executionId="8695f6f6-bec2-41e5-b175-6b3744dab65b" testListId="8c84fa94-04c1-424b-9868-57a2d4851a1d" />
    <TestEntry testId="fc60250a-b02e-97f3-0dfa-947f0cd0f791" executionId="8c680f1e-8378-4220-ad13-5158f020ac3f" testListId="8c84fa94-04c1-424b-9868-57a2d4851a1d" />
    <TestEntry testId="07649b6d-6f8f-6029-a1c8-b28ff240b08a" executionId="b6528ab8-2f02-4122-9606-8abd95f2ddf3" testListId="8c84fa94-04c1-424b-9868-57a2d4851a1d" />
    <TestEntry testId="91168f66-ce76-915c-d0d6-83b658536063" executionId="6d069e75-d881-40db-b806-db5b911b7294" testListId="8c84fa94-04c1-424b-9868-57a2d4851a1d" />
    <TestEntry testId="3e1ffb2b-2bee-c9c2-132d-f4a17579ee27" executionId="803ef3e2-d567-4453-9a2a-413e65391279" testListId="8c84fa94-04c1-424b-9868-57a2d4851a1d" />
    <TestEntry testId="7002497c-cc30-9c3f-2928-709888d8d51c" executionId="8d68ce7c-8185-4837-8841-1d3fb32a8e75" testListId="8c84fa94-04c1-424b-9868-57a2d4851a1d" />
    <TestEntry testId="8d93b206-144a-3866-75af-d54dba565d45" executionId="dca7b6c9-1fca-4799-a043-5857f5cc23cc" testListId="8c84fa94-04c1-424b-9868-57a2d4851a1d" />
    <TestEntry testId="604aac55-cdbb-519c-75e6-f706345b78c1" executionId="09cce605-304e-4629-b8a8-2fbd17da4cdc" testListId="8c84fa94-04c1-424b-9868-57a2d4851a1d" />
    <TestEntry testId="1c9bfd6b-7434-b59a-5b3b-bb2dde9f8c02" executionId="7db13616-e497-45dc-bf99-d8615155e96d" testListId="8c84fa94-04c1-424b-9868-57a2d4851a1d" />
    <TestEntry testId="b4472c18-c170-1b26-c446-cd6a55b62a7a" executionId="0876cc2f-5f52-47d9-8402-7821f0f46cb0" testListId="8c84fa94-04c1-424b-9868-57a2d4851a1d" />
    <TestEntry testId="0e9ef6a3-45ca-16e2-e4bd-36b50412657f" executionId="96de7c66-bebb-467f-97a5-ad1331bb4154" testListId="8c84fa94-04c1-424b-9868-57a2d4851a1d" />
    <TestEntry testId="ef76e717-a585-64eb-66f9-b08c0ad53970" executionId="c3ae3b51-13e9-4574-be92-3cd7d2c3d5e4" testListId="8c84fa94-04c1-424b-9868-57a2d4851a1d" />
    <TestEntry testId="d5bae40f-4b95-f230-b445-2e17745500e6" executionId="2135afca-de44-4fe0-a3ab-062fe80e4ff0" testListId="8c84fa94-04c1-424b-9868-57a2d4851a1d" />
    <TestEntry testId="2d55e0e2-ff02-c909-7d6a-e21487d2f98f" executionId="66138727-c754-4044-87c2-176a277d8f4c" testListId="8c84fa94-04c1-424b-9868-57a2d4851a1d" />
    <TestEntry testId="8f89713b-2fbf-eb74-7e0c-9a680970c5a9" executionId="34556a3c-a6bd-47f3-b4fb-ebafd3e22f8d" testListId="8c84fa94-04c1-424b-9868-57a2d4851a1d" />
    <TestEntry testId="530a9ce2-2f3d-10bb-6487-d718d90402a4" executionId="443f332b-345a-4978-8f07-83b76a58ede1" testListId="8c84fa94-04c1-424b-9868-57a2d4851a1d" />
    <TestEntry testId="4f7b2013-66cd-fe82-2cd9-ee08c02e2868" executionId="c3be6b2d-0458-47d0-9c4c-93a751f097ee" testListId="8c84fa94-04c1-424b-9868-57a2d4851a1d" />
    <TestEntry testId="a9d37847-cd38-a54f-c16d-21108d959bff" executionId="86041efc-110d-429a-9cb6-4ba893bdb02c" testListId="8c84fa94-04c1-424b-9868-57a2d4851a1d" />
    <TestEntry testId="48591357-aeb4-b548-25cf-741292850f68" executionId="d91f7034-ad83-4c8b-b9f2-e3732d0d8338" testListId="8c84fa94-04c1-424b-9868-57a2d4851a1d" />
    <TestEntry testId="5290a6a5-b75a-8e70-3280-2aff9c8a8b17" executionId="227aea59-28cb-4592-92bb-d508c60580a2" testListId="8c84fa94-04c1-424b-9868-57a2d4851a1d" />
    <TestEntry testId="55c6dd15-61e2-a901-b6bb-28700f3ff6ea" executionId="9fd989bd-9b36-4619-a2de-61268b07a966" testListId="8c84fa94-04c1-424b-9868-57a2d4851a1d" />
    <TestEntry testId="3a3c3bce-deaf-deb2-99c2-4c68d9b3c6be" executionId="11ce4766-42d0-46b2-95a6-07dc9e3ee249" testListId="8c84fa94-04c1-424b-9868-57a2d4851a1d" />
    <TestEntry testId="417dddbb-ba17-5cb7-a9ba-5ac2b871d82c" executionId="ab8cf554-7ad7-4c1a-918d-1a3209569ea4" testListId="8c84fa94-04c1-424b-9868-57a2d4851a1d" />
    <TestEntry testId="0bbb2611-7608-53a5-5d88-f168ce8bf9dc" executionId="357ee5b9-bb46-4aa9-a3e4-f4a28a567953" testListId="8c84fa94-04c1-424b-9868-57a2d4851a1d" />
    <TestEntry testId="59e8135f-8dff-17aa-d78c-914011748436" executionId="63653ec5-18ef-44b8-af3b-c6325962369c" testListId="8c84fa94-04c1-424b-9868-57a2d4851a1d" />
    <TestEntry testId="bd20f9c6-5cc0-0429-8934-fb94d3e8fbdc" executionId="b197f178-8254-424b-b589-ae0938d02ab4" testListId="8c84fa94-04c1-424b-9868-57a2d4851a1d" />
    <TestEntry testId="0a01aa17-a8b5-1a9b-1443-17164dc7307a" executionId="f4007a8b-4ace-462a-9857-51743696a766" testListId="8c84fa94-04c1-424b-9868-57a2d4851a1d" />
    <TestEntry testId="a9bbc090-eb5f-3cff-92d7-df1b5adce704" executionId="72432798-76fd-49a6-ac7d-693979a84fb1" testListId="8c84fa94-04c1-424b-9868-57a2d4851a1d" />
    <TestEntry testId="e900838f-5fc9-b6ff-4d1e-95187958ba2a" executionId="ab992267-5bad-4fe7-b982-63136f6e3469" testListId="8c84fa94-04c1-424b-9868-57a2d4851a1d" />
    <TestEntry testId="84f0638e-5097-fa93-fe70-c7e03cbad53e" executionId="a8c863c2-a246-4235-ad31-57903d80d130" testListId="8c84fa94-04c1-424b-9868-57a2d4851a1d" />
    <TestEntry testId="ba862b5d-7692-c260-c6aa-d77ef0904c85" executionId="c3f0063a-997b-4d69-8fb0-ba71bf455dfe" testListId="8c84fa94-04c1-424b-9868-57a2d4851a1d" />
    <TestEntry testId="a9211b11-a5c5-b938-77e4-23f814b1ca5c" executionId="78959705-bd05-4093-8c13-61864fe2132b" testListId="8c84fa94-04c1-424b-9868-57a2d4851a1d" />
    <TestEntry testId="57b0aec0-2222-94a0-d8fc-860fe295cda7" executionId="81833e8f-dcf6-42f0-bdfc-fb03ef3b7285" testListId="8c84fa94-04c1-424b-9868-57a2d4851a1d" />
    <TestEntry testId="e4b85246-375f-95cd-b3f7-e6362db858b5" executionId="ac277daa-fc90-45cb-8b03-1c082990876e" testListId="8c84fa94-04c1-424b-9868-57a2d4851a1d" />
    <TestEntry testId="ccbd6fc9-65ae-488d-608d-ccc87ea5109b" executionId="7c8053fd-6f31-4500-83bd-f99d548f9362" testListId="8c84fa94-04c1-424b-9868-57a2d4851a1d" />
    <TestEntry testId="ed29bb7b-ef82-bcab-0372-6de483dcd30b" executionId="0b2f8db6-e7b2-461f-85b0-03ba31ebbcfa" testListId="8c84fa94-04c1-424b-9868-57a2d4851a1d" />
    <TestEntry testId="2d31d09c-edee-109a-66a0-17565fe6dd7b" executionId="3c4befc8-935f-4127-b1dd-91f3b7c3b163" testListId="8c84fa94-04c1-424b-9868-57a2d4851a1d" />
    <TestEntry testId="7f179fc4-62c9-e07b-9b58-8a6eb84e7dfc" executionId="c480b17d-ef11-4584-997a-63bf2242f469" testListId="8c84fa94-04c1-424b-9868-57a2d4851a1d" />
    <TestEntry testId="e0ce46a3-c34d-d05d-6a38-5d094c78fae4" executionId="b6955465-91f8-439d-8e28-c575d88122d8" testListId="8c84fa94-04c1-424b-9868-57a2d4851a1d" />
    <TestEntry testId="527cd608-71aa-5aa5-5866-955afbd011ba" executionId="fd0ad1c9-cb3a-44be-b195-bfec92de2843" testListId="8c84fa94-04c1-424b-9868-57a2d4851a1d" />
    <TestEntry testId="871e49fd-27ca-c1cf-6341-5f7ac086a09d" executionId="14c0ed35-1f0d-418a-ac82-62cbf35a00a1" testListId="8c84fa94-04c1-424b-9868-57a2d4851a1d" />
    <TestEntry testId="d732948e-07c8-6f03-c7bb-e58e99e29b19" executionId="c7d62605-256c-48a9-ba3d-bf68ddbe0fa6" testListId="8c84fa94-04c1-424b-9868-57a2d4851a1d" />
    <TestEntry testId="d8b4f86e-11e3-cf57-8ebf-0f150517ac11" executionId="2790d4ad-1551-4684-a8a0-7f41844996e3" testListId="8c84fa94-04c1-424b-9868-57a2d4851a1d" />
    <TestEntry testId="157d8ac7-bb2e-28e8-c978-65290c2d9f3e" executionId="7a3cb8f0-8301-491b-8c6d-5c397528d421" testListId="8c84fa94-04c1-424b-9868-57a2d4851a1d" />
    <TestEntry testId="e2d53823-cd88-2f8c-3915-87b102405af1" executionId="03223b2e-55c6-4d57-b8af-bd5e34a3fa12" testListId="8c84fa94-04c1-424b-9868-57a2d4851a1d" />
    <TestEntry testId="a05a3e03-a5b1-87b4-6c64-4a862bf32fa7" executionId="57667edf-7d34-41cc-8611-10f45eb5a769" testListId="8c84fa94-04c1-424b-9868-57a2d4851a1d" />
    <TestEntry testId="0a8f2485-1693-3ed9-74ac-bdea07d7f12e" executionId="3fc6f08b-a2c8-41d6-8d62-661086f4fbc7" testListId="8c84fa94-04c1-424b-9868-57a2d4851a1d" />
    <TestEntry testId="22e8d756-8494-cc8e-7443-2b6851d54028" executionId="46811dda-09e9-4fe7-b5b3-aeee78e12c75" testListId="8c84fa94-04c1-424b-9868-57a2d4851a1d" />
    <TestEntry testId="45c48725-8109-9918-6ef4-f72e8a81ef47" executionId="2565f93e-41d4-44d4-b436-fbc816330260" testListId="8c84fa94-04c1-424b-9868-57a2d4851a1d" />
    <TestEntry testId="61324d45-5ce7-bd9a-bc84-17152bafee1e" executionId="f16c34f2-4490-4e6f-87d4-5f9e1a39309d" testListId="8c84fa94-04c1-424b-9868-57a2d4851a1d" />
    <TestEntry testId="a2d3da06-a54b-29e8-a730-37b8587059bd" executionId="5825d5e0-a50b-47d5-8468-58e9438061a2" testListId="8c84fa94-04c1-424b-9868-57a2d4851a1d" />
    <TestEntry testId="c68516c1-ae0f-3180-6fc0-c4732df5e3df" executionId="a021d0d1-f1cf-4c5e-a714-ae11cbec9b2b" testListId="8c84fa94-04c1-424b-9868-57a2d4851a1d" />
    <TestEntry testId="5830bedc-e9c6-1877-3d52-b19fc69bf409" executionId="204d5c8d-475e-485d-b345-ce6c605e283e" testListId="8c84fa94-04c1-424b-9868-57a2d4851a1d" />
    <TestEntry testId="087824c9-3c32-2027-4bb0-0d050ccd5cb6" executionId="01b6f101-fdb7-4189-8409-456e83db8ac8" testListId="8c84fa94-04c1-424b-9868-57a2d4851a1d" />
    <TestEntry testId="c6b8d6fe-268c-8aa8-a250-912e6e837836" executionId="ff6d84f3-b816-4fde-92b7-ccd10ba62dbd" testListId="8c84fa94-04c1-424b-9868-57a2d4851a1d" />
    <TestEntry testId="39e00cee-bbab-30b6-e00f-f5746a64cf28" executionId="15773758-fd23-4fe4-af8b-aab818dcf1c5" testListId="8c84fa94-04c1-424b-9868-57a2d4851a1d" />
    <TestEntry testId="1c2f1361-58a1-7ecb-2464-0e0e850dc1a7" executionId="81319dfc-a009-404e-a0d1-ca8e152fa6c4" testListId="8c84fa94-04c1-424b-9868-57a2d4851a1d" />
    <TestEntry testId="1d2965a4-bd28-b4ca-1492-94e4d1004736" executionId="db84f8f0-ac99-486b-8530-c523a79a93a0" testListId="8c84fa94-04c1-424b-9868-57a2d4851a1d" />
    <TestEntry testId="954adc72-a1c5-d8d7-4467-8bd476f42fd7" executionId="d71839c9-d760-43ee-9aa1-14ae6117dbe0" testListId="8c84fa94-04c1-424b-9868-57a2d4851a1d" />
    <TestEntry testId="c12be7cd-07cb-ffb7-66c5-3ac0e8fe8087" executionId="32ad41a5-fa39-4862-af6b-72a75c4e26e0" testListId="8c84fa94-04c1-424b-9868-57a2d4851a1d" />
    <TestEntry testId="dd35a849-fcad-a164-2679-32fd175f04a4" executionId="82ed4f69-29d0-444c-97b4-dc57997e2f94" testListId="8c84fa94-04c1-424b-9868-57a2d4851a1d" />
    <TestEntry testId="0cc83bd0-2aea-97b3-1c54-8fe4c4f0c3a0" executionId="aefb573e-4942-44c8-a369-db483c70eb40" testListId="8c84fa94-04c1-424b-9868-57a2d4851a1d" />
    <TestEntry testId="a161c4e9-985f-7bcb-5d3f-e86c125d06c9" executionId="4b645a0a-6795-442f-b3df-188f7d703569" testListId="8c84fa94-04c1-424b-9868-57a2d4851a1d" />
    <TestEntry testId="3ad3c44b-bdd1-5f8c-df42-e9f14df3fd10" executionId="f92bc037-c7b8-4bd4-8587-4869d39dddc5" testListId="8c84fa94-04c1-424b-9868-57a2d4851a1d" />
    <TestEntry testId="754d27fa-cf25-59d2-928f-2ea7f7795826" executionId="50d37df0-04ad-4321-82ce-91087a450893" testListId="8c84fa94-04c1-424b-9868-57a2d4851a1d" />
    <TestEntry testId="09b66410-6708-d830-13e9-ff7b82fd4af5" executionId="05b4d3e1-e26e-47f0-b93b-b373829139eb" testListId="8c84fa94-04c1-424b-9868-57a2d4851a1d" />
    <TestEntry testId="52a04a9c-21a1-6aa8-84e3-75a4406c48ad" executionId="6938a006-778c-481f-845c-c77cce69726b" testListId="8c84fa94-04c1-424b-9868-57a2d4851a1d" />
    <TestEntry testId="011abde0-03cd-dea4-6c87-ede6f9dccfa5" executionId="5b1cbfaa-b61b-4f23-afed-2ad4240f29d4" testListId="8c84fa94-04c1-424b-9868-57a2d4851a1d" />
    <TestEntry testId="6458e208-24f0-0322-cc94-c22da719ec9a" executionId="13e334ff-1884-451a-8fc3-309c40ad7e9f" testListId="8c84fa94-04c1-424b-9868-57a2d4851a1d" />
    <TestEntry testId="aad5c283-0bf0-e952-ec49-1d7e5fab87c4" executionId="72700404-69a2-4db1-8094-dbd7589ff98a" testListId="8c84fa94-04c1-424b-9868-57a2d4851a1d" />
    <TestEntry testId="85126e27-edd0-d96d-c2f8-f6f90b457639" executionId="18e3a4b4-d13f-445a-b4a1-a1e3f408a4bb" testListId="8c84fa94-04c1-424b-9868-57a2d4851a1d" />
    <TestEntry testId="70e18095-8b99-0c75-1294-341c9268eac7" executionId="4a11e803-85ce-4cfb-bd98-776875cd5bad" testListId="8c84fa94-04c1-424b-9868-57a2d4851a1d" />
    <TestEntry testId="da8fba84-7ee8-52a1-5cad-d936e59ffea4" executionId="a2ca2a20-3e09-46c7-9309-7ec93a71ada4" testListId="8c84fa94-04c1-424b-9868-57a2d4851a1d" />
    <TestEntry testId="d94674ff-c7ad-c9fd-e333-5bd4d1aa3c07" executionId="e683c5c0-17a8-4839-9ab8-9f485fb57a40" testListId="8c84fa94-04c1-424b-9868-57a2d4851a1d" />
    <TestEntry testId="1255979c-dd12-5c03-9cce-4fd44da5be15" executionId="466db9c2-7208-4526-bbbb-706988c92f85" testListId="8c84fa94-04c1-424b-9868-57a2d4851a1d" />
    <TestEntry testId="688247ae-9835-94fe-9b52-3912857e06d2" executionId="ecab85ec-4e70-4bd1-9dc9-e8a9b5a22ef6" testListId="8c84fa94-04c1-424b-9868-57a2d4851a1d" />
    <TestEntry testId="699e00d4-2bc0-0df2-7c9c-cee3c9d5ba66" executionId="10d7392c-089c-4015-8027-992a3ad5859a" testListId="8c84fa94-04c1-424b-9868-57a2d4851a1d" />
    <TestEntry testId="3e35f30d-9b35-c6b4-77bc-0d63b1beab1d" executionId="e50f13a4-afe4-44e5-b892-e5b07391f768" testListId="8c84fa94-04c1-424b-9868-57a2d4851a1d" />
    <TestEntry testId="2fb08a23-dd59-45bd-a362-038febfa3293" executionId="84c9cf34-24f5-4caf-8aec-6af0cbfce370" testListId="8c84fa94-04c1-424b-9868-57a2d4851a1d" />
    <TestEntry testId="bba9958d-09cb-acc0-9298-d22454c488e9" executionId="112ecf78-d82c-4b33-9401-088eba2ad977" testListId="8c84fa94-04c1-424b-9868-57a2d4851a1d" />
    <TestEntry testId="9f865098-c919-805b-5ec2-18839f9dcff1" executionId="95bfea17-aa7a-4f14-a252-2567f84f16fc" testListId="8c84fa94-04c1-424b-9868-57a2d4851a1d" />
    <TestEntry testId="e90b8034-6803-277c-3d7f-f2a50be6a38f" executionId="146017d2-219f-40d8-850e-a5cc5299b624" testListId="8c84fa94-04c1-424b-9868-57a2d4851a1d" />
    <TestEntry testId="3648e9f7-7baf-5ba8-edae-f248c9b72d18" executionId="6da929b3-b95a-4e5e-92eb-8025632e314f" testListId="8c84fa94-04c1-424b-9868-57a2d4851a1d" />
    <TestEntry testId="b38da5a8-d43f-158e-13cf-8d6184835f99" executionId="e3c37c30-899d-4b79-bc20-5e7367748753" testListId="8c84fa94-04c1-424b-9868-57a2d4851a1d" />
    <TestEntry testId="2aa0a4fc-4a0f-9b9d-04e1-3074cd944d05" executionId="d1d5c0ac-01af-4bd0-8940-11b9698d2c2a" testListId="8c84fa94-04c1-424b-9868-57a2d4851a1d" />
    <TestEntry testId="0d313d91-ae29-e395-8bd3-b7be7caa286b" executionId="820b728d-21f9-4c24-ae91-1f1124145bb1" testListId="8c84fa94-04c1-424b-9868-57a2d4851a1d" />
    <TestEntry testId="94ef8124-7a3b-12d2-927d-2501c7ba2e28" executionId="19321c42-e63f-4d11-b0d0-753f8b2c12d6" testListId="8c84fa94-04c1-424b-9868-57a2d4851a1d" />
    <TestEntry testId="a4329c61-1c26-f69c-f599-de1606166e19" executionId="cec45405-8e54-4869-a254-9faaf54f64fc" testListId="8c84fa94-04c1-424b-9868-57a2d4851a1d" />
    <TestEntry testId="d11c7a26-6ebc-6187-914d-282409be426e" executionId="b61d1797-4dbe-4130-a2b7-25715c326c20" testListId="8c84fa94-04c1-424b-9868-57a2d4851a1d" />
    <TestEntry testId="3d739ee5-1e19-b5fd-949a-1c9ded4c5269" executionId="35078355-7141-4236-bd1e-f7a101f4628f" testListId="8c84fa94-04c1-424b-9868-57a2d4851a1d" />
    <TestEntry testId="99f5eb24-77ff-9512-02b0-b3b4691f5965" executionId="50bab834-2ce9-4b5f-887b-fa9ac6982ce6" testListId="8c84fa94-04c1-424b-9868-57a2d4851a1d" />
    <TestEntry testId="d30ea8c5-4463-f307-e5de-bba371c7db40" executionId="46afb7fe-3b0d-436f-9006-4276c307ecd5" testListId="8c84fa94-04c1-424b-9868-57a2d4851a1d" />
    <TestEntry testId="e3bfe20f-c9d5-b0c8-4257-4ba7b7837b2c" executionId="d44073fe-a5ec-4ce5-9799-91106bc736f2" testListId="8c84fa94-04c1-424b-9868-57a2d4851a1d" />
    <TestEntry testId="4b359e43-4399-e532-e8cb-6d1ac8c076ad" executionId="a7994be6-9b40-497f-b886-2b86fe922c2e" testListId="8c84fa94-04c1-424b-9868-57a2d4851a1d" />
    <TestEntry testId="bf2244a7-6411-c83b-4755-e0dfa3bad0e7" executionId="6ffe5df1-e72d-45fe-8a11-88e8b61f6d9e" testListId="8c84fa94-04c1-424b-9868-57a2d4851a1d" />
    <TestEntry testId="ba9e0854-1ee7-e157-1b4a-1572e7be4fb0" executionId="2fbde4ea-8510-4882-8f9c-82faeba08e78" testListId="8c84fa94-04c1-424b-9868-57a2d4851a1d" />
    <TestEntry testId="7851b68b-e740-c207-e8e5-be2a6aa55c4e" executionId="35371601-03cb-46b2-b98d-404a220b650a" testListId="8c84fa94-04c1-424b-9868-57a2d4851a1d" />
    <TestEntry testId="8fc996bf-d315-a4f4-80c2-5542bdc918e0" executionId="f4902b55-b80d-4d74-ab69-2a4e82e710d8" testListId="8c84fa94-04c1-424b-9868-57a2d4851a1d" />
    <TestEntry testId="05361762-1b04-3aba-94a9-8465780f1903" executionId="691e9226-744a-4ab3-8fee-bdd89f439622" testListId="8c84fa94-04c1-424b-9868-57a2d4851a1d" />
    <TestEntry testId="600174ae-2050-d21f-cd1d-c3004b127e16" executionId="c5bb3c2f-3ba5-4551-a191-4777c2a35ffb" testListId="8c84fa94-04c1-424b-9868-57a2d4851a1d" />
    <TestEntry testId="5e3af263-0092-f7ce-d4c1-55ce7bc035e6" executionId="bd5e0d2c-6e4b-4f2d-a16e-ba12e8df1a88" testListId="8c84fa94-04c1-424b-9868-57a2d4851a1d" />
    <TestEntry testId="80922928-856c-2d7f-9da3-6c27df908783" executionId="c37121d8-0fc9-4bb0-87e9-2c6ac1402a49" testListId="8c84fa94-04c1-424b-9868-57a2d4851a1d" />
    <TestEntry testId="e4fd27b8-c6b3-7937-06e4-6c4497021b84" executionId="119a2517-0e7a-4773-a0b2-668e5b3f2939" testListId="8c84fa94-04c1-424b-9868-57a2d4851a1d" />
    <TestEntry testId="21e06e48-80a6-6e67-f2ac-05be02622645" executionId="a60665a7-5590-4575-a55b-6c5cc46eacaa" testListId="8c84fa94-04c1-424b-9868-57a2d4851a1d" />
    <TestEntry testId="b88b1893-c999-e591-e332-001d64c3b6b1" executionId="b9718da2-ffb6-4801-bc07-fae54472a33c" testListId="8c84fa94-04c1-424b-9868-57a2d4851a1d" />
    <TestEntry testId="8670cddf-bbe4-3d03-8f05-2a18a695a5dd" executionId="d17ea919-7225-41af-ba4c-dd2f551aa313" testListId="8c84fa94-04c1-424b-9868-57a2d4851a1d" />
    <TestEntry testId="152a637d-c080-817b-c09b-f85119c28eb9" executionId="eff13444-8611-4a26-a24b-2912c895fd89" testListId="8c84fa94-04c1-424b-9868-57a2d4851a1d" />
    <TestEntry testId="4bdce767-652f-ed62-12d5-54b828516e03" executionId="fdb5e9f2-696f-498f-ab89-3fe5bf75bd7f" testListId="8c84fa94-04c1-424b-9868-57a2d4851a1d" />
    <TestEntry testId="7f686e2d-aee8-8afe-74b6-23caf6aa070d" executionId="65d2b603-2d22-41c7-807c-91d68810c7b8" testListId="8c84fa94-04c1-424b-9868-57a2d4851a1d" />
    <TestEntry testId="1c9d7193-ff45-8b2f-5283-bffe79e004d9" executionId="c72ff2d1-5b62-4721-ba67-7a3db17bcf5c" testListId="8c84fa94-04c1-424b-9868-57a2d4851a1d" />
    <TestEntry testId="fde22432-835e-57d6-6a3a-5c2339efaa96" executionId="fd49e032-43a5-48ea-bb21-c5259fc1682e" testListId="8c84fa94-04c1-424b-9868-57a2d4851a1d" />
    <TestEntry testId="d41ad52d-1f38-1122-8ef6-2cb02945717c" executionId="3056320c-b57b-4da6-b126-59fb75e5ad01" testListId="8c84fa94-04c1-424b-9868-57a2d4851a1d" />
    <TestEntry testId="9354acf7-3bfe-ff5f-5751-0d6ecb0a2504" executionId="e98ca0de-429c-4fb3-8bbc-236d14190ebf" testListId="8c84fa94-04c1-424b-9868-57a2d4851a1d" />
    <TestEntry testId="63fd63b4-a7e6-616a-57af-3140b7f2ce34" executionId="43dd4f3f-d654-4f77-a174-5d52de8d1664" testListId="8c84fa94-04c1-424b-9868-57a2d4851a1d" />
    <TestEntry testId="338053e7-7787-f7b5-bbd6-579cc56962ab" executionId="28996271-e200-46d0-b5b9-65290c92dcb9" testListId="8c84fa94-04c1-424b-9868-57a2d4851a1d" />
    <TestEntry testId="4eaa03bd-d419-3a7a-2e24-926db04ed046" executionId="8eb8ce10-7c75-4b57-a1f8-708cdf92401f" testListId="8c84fa94-04c1-424b-9868-57a2d4851a1d" />
    <TestEntry testId="21d153c6-783f-07e6-eb59-b02bc5f77f43" executionId="284ee592-233b-4594-a129-af3e44289bb9" testListId="8c84fa94-04c1-424b-9868-57a2d4851a1d" />
    <TestEntry testId="9fd11dba-dd9f-7ae7-eed7-d58fbbf52d9e" executionId="997e65f0-7888-4638-aa79-a0361e4d221b" testListId="8c84fa94-04c1-424b-9868-57a2d4851a1d" />
    <TestEntry testId="911f0441-800c-32dd-8573-22b7d593b28a" executionId="57f7c045-e668-4c5c-b5f8-290b656c6f21" testListId="8c84fa94-04c1-424b-9868-57a2d4851a1d" />
    <TestEntry testId="8261acc2-0342-d5d9-0fd7-b5967aa51112" executionId="7ad7cbe7-f9e8-42bd-a378-3aad7e64a0b7" testListId="8c84fa94-04c1-424b-9868-57a2d4851a1d" />
    <TestEntry testId="22b93c6a-1e54-0a28-3f7a-e79cd144815e" executionId="53a7eea1-bf43-45a5-b281-b53e6b0884a9" testListId="8c84fa94-04c1-424b-9868-57a2d4851a1d" />
    <TestEntry testId="222a848e-aa0a-e73b-268d-d075aa40ff48" executionId="38237a9e-bf00-4607-8cf6-e55ef00ea1ef" testListId="8c84fa94-04c1-424b-9868-57a2d4851a1d" />
    <TestEntry testId="a3e9c43d-bac7-6ada-aee0-b5715a8a94cf" executionId="6e30cd63-b8cf-4dec-abcb-35a354514244" testListId="8c84fa94-04c1-424b-9868-57a2d4851a1d" />
    <TestEntry testId="44879eb3-b00a-b651-2483-0f6f959ab3f7" executionId="0276d58c-3486-4309-a789-d7e3c58a3834" testListId="8c84fa94-04c1-424b-9868-57a2d4851a1d" />
    <TestEntry testId="b590306f-d388-f2a5-b332-c1b974555c3f" executionId="528d0394-d571-4e16-b98c-c40d1e9de2ac" testListId="8c84fa94-04c1-424b-9868-57a2d4851a1d" />
    <TestEntry testId="561ac658-3151-d598-e97f-431c55e2f268" executionId="1560a9a2-49a5-4687-a849-cc15230a437a" testListId="8c84fa94-04c1-424b-9868-57a2d4851a1d" />
    <TestEntry testId="24f85712-912b-3548-7fe5-2efc4ee8180f" executionId="53e8738f-9fd8-411a-adf0-6313ac66a870" testListId="8c84fa94-04c1-424b-9868-57a2d4851a1d" />
    <TestEntry testId="2bad97a1-0a92-cb31-c617-d3bf88140f92" executionId="3dff0f8b-3881-4378-94b2-56a5ad33728a" testListId="8c84fa94-04c1-424b-9868-57a2d4851a1d" />
    <TestEntry testId="693eb35d-e35a-7dda-8c01-f23821b344ba" executionId="499d8c42-aaad-4d6e-b5ed-e38642a6145b" testListId="8c84fa94-04c1-424b-9868-57a2d4851a1d" />
    <TestEntry testId="a0fa530e-b437-3377-467b-33cae0ca869a" executionId="63cf0e25-6115-4af4-a6a0-12b462342158" testListId="8c84fa94-04c1-424b-9868-57a2d4851a1d" />
    <TestEntry testId="780ab499-4a1c-8172-0daf-9ef8e44fb1cc" executionId="442da719-b13e-401c-bffd-e254e850651d" testListId="8c84fa94-04c1-424b-9868-57a2d4851a1d" />
    <TestEntry testId="e17c4c9e-3418-5247-abf9-91de1613d642" executionId="a2755319-a2f2-45ae-9547-f1639082fa21" testListId="8c84fa94-04c1-424b-9868-57a2d4851a1d" />
    <TestEntry testId="57e19811-0e43-fa9b-dbfa-3751b38b2a75" executionId="bd078765-88ac-4eec-b585-d234a3d3c33c" testListId="8c84fa94-04c1-424b-9868-57a2d4851a1d" />
    <TestEntry testId="25d0902f-37ae-fb0f-40d1-53ccf3b9b0f3" executionId="eee5c2ab-61c7-4a17-987f-e4f725b01135" testListId="8c84fa94-04c1-424b-9868-57a2d4851a1d" />
    <TestEntry testId="f9b1c9dc-12ba-dffd-e572-5d867f106fa0" executionId="e09fee5b-4cba-44c3-bae8-12a56252003d" testListId="8c84fa94-04c1-424b-9868-57a2d4851a1d" />
    <TestEntry testId="19e99b04-ab59-f59e-abe4-8fae94948c00" executionId="3726ddaa-f842-4fde-90f8-14c6c6e2826d" testListId="8c84fa94-04c1-424b-9868-57a2d4851a1d" />
    <TestEntry testId="906e84b0-a8b6-9169-d31c-659b7b5f895a" executionId="d6c6dd9a-81c5-4247-a1c4-b8e05afc2cf7" testListId="8c84fa94-04c1-424b-9868-57a2d4851a1d" />
    <TestEntry testId="2f59bc80-9e09-2c80-d9f9-6f61c6fa0b74" executionId="f0049577-2e96-4b7d-8dac-ceefbe64fc92" testListId="8c84fa94-04c1-424b-9868-57a2d4851a1d" />
    <TestEntry testId="07382ffe-0079-6437-53be-9829bfb86457" executionId="e118e07b-b8a1-456d-90f6-a1ba813dd123" testListId="8c84fa94-04c1-424b-9868-57a2d4851a1d" />
    <TestEntry testId="350cd9b4-3ba6-8838-595d-8c18bf8cd06b" executionId="bc363207-5a47-4aaa-923e-0942ff476b3e" testListId="8c84fa94-04c1-424b-9868-57a2d4851a1d" />
    <TestEntry testId="3e400fd9-c1a5-c331-c6d0-c1d84818dcca" executionId="4f4c9e12-e37c-45f9-a782-a5f43688cb4d" testListId="8c84fa94-04c1-424b-9868-57a2d4851a1d" />
    <TestEntry testId="f2ea9755-6545-8c4f-c7a3-7cdf39373251" executionId="ff8b5b7c-ec3b-4c1d-acf1-dc4da0a9929f" testListId="8c84fa94-04c1-424b-9868-57a2d4851a1d" />
    <TestEntry testId="c8be14c9-379f-5893-58fd-f1a954f5dc56" executionId="359bbbb7-44b4-4fce-8d62-2884a13403f5" testListId="8c84fa94-04c1-424b-9868-57a2d4851a1d" />
    <TestEntry testId="26563652-733a-db95-cd5d-9b5fea76e647" executionId="3c5eef5d-992f-4a9e-934a-eda1a5a92b70" testListId="8c84fa94-04c1-424b-9868-57a2d4851a1d" />
    <TestEntry testId="b06ea6e7-d679-94f0-d452-1a86a84304e7" executionId="08e456eb-7a57-4720-98ac-8f2d19559176" testListId="8c84fa94-04c1-424b-9868-57a2d4851a1d" />
    <TestEntry testId="4099cbd3-c226-1883-a408-59480d629076" executionId="be454be6-141e-4e5c-9bf6-630a9607c6b8" testListId="8c84fa94-04c1-424b-9868-57a2d4851a1d" />
    <TestEntry testId="2ed40803-4e6e-9c76-ad89-f0a203dbe029" executionId="116f341e-d378-4e94-8d8d-638b627298d2" testListId="8c84fa94-04c1-424b-9868-57a2d4851a1d" />
    <TestEntry testId="0c45fdee-1dc9-c38c-4df7-7555363702d0" executionId="b8e43742-a881-4f41-a1fa-6d3c8e7f4bbb" testListId="8c84fa94-04c1-424b-9868-57a2d4851a1d" />
    <TestEntry testId="fc57fc91-3df8-1843-fceb-98c5a01f48fa" executionId="7edf2faf-1400-4c90-a77e-b1edeb22d35b" testListId="8c84fa94-04c1-424b-9868-57a2d4851a1d" />
    <TestEntry testId="a8cfa491-e37f-6721-be9e-b89cd1856036" executionId="ecaeec69-e3d7-4e32-afc4-47f9cc703ba0" testListId="8c84fa94-04c1-424b-9868-57a2d4851a1d" />
    <TestEntry testId="cce1cdb1-77da-9c70-d86d-a771f76f8f30" executionId="2fa8b221-f840-4c64-aecb-7ca05d7e09de" testListId="8c84fa94-04c1-424b-9868-57a2d4851a1d" />
    <TestEntry testId="0ab23451-c6e6-5d3a-b047-8764fb8a071b" executionId="9918e4bb-174b-4542-a6df-cb28eda406f8" testListId="8c84fa94-04c1-424b-9868-57a2d4851a1d" />
    <TestEntry testId="b28f5514-8a6c-58f9-39fe-766616b28095" executionId="1a1580b2-92e4-4cb0-89e3-33ac7847e28a" testListId="8c84fa94-04c1-424b-9868-57a2d4851a1d" />
    <TestEntry testId="790158be-4e03-4c93-c165-bcfa56a509a6" executionId="fc5384d6-ffc4-4669-8e89-9a5da71f2ba5" testListId="8c84fa94-04c1-424b-9868-57a2d4851a1d" />
    <TestEntry testId="4ae36c83-3f70-2722-8fd4-6863a3108279" executionId="b3cdccde-2c8d-4fc4-883c-c851c82da1e6" testListId="8c84fa94-04c1-424b-9868-57a2d4851a1d" />
    <TestEntry testId="533328ed-677a-8e9e-2e32-82eadda2e7ad" executionId="271d29da-b42b-4cbf-a13f-fd3c30e9c214" testListId="8c84fa94-04c1-424b-9868-57a2d4851a1d" />
    <TestEntry testId="1000fa78-db92-26d0-7688-c798050661c2" executionId="5a9daa3b-e44f-45bb-a86b-52e80b7b1261" testListId="8c84fa94-04c1-424b-9868-57a2d4851a1d" />
    <TestEntry testId="8ef77da2-ca21-3291-284c-5927bd8f27b3" executionId="6b0021f3-12da-4a1e-ad5b-80374adf8386" testListId="8c84fa94-04c1-424b-9868-57a2d4851a1d" />
    <TestEntry testId="dd54580c-c152-a251-13f3-9e9363790b6b" executionId="3ee40e41-983e-4c71-9a45-642cbd7249a0" testListId="8c84fa94-04c1-424b-9868-57a2d4851a1d" />
    <TestEntry testId="5dd03c65-ceb5-3fc5-54f5-b171074aa83e" executionId="c69f2193-8ac6-48fe-bc63-b765172a9cb9" testListId="8c84fa94-04c1-424b-9868-57a2d4851a1d" />
    <TestEntry testId="cc230243-1ed4-7981-4f6b-12a6e3499def" executionId="e9f98747-c223-4674-adcb-7cccfaf3ffba" testListId="8c84fa94-04c1-424b-9868-57a2d4851a1d" />
    <TestEntry testId="8470b692-44ab-1b80-61a1-9a1fb7a60843" executionId="04daf43a-11ab-4b1a-b095-6484360d08ad" testListId="8c84fa94-04c1-424b-9868-57a2d4851a1d" />
    <TestEntry testId="c7484e1b-a791-5af3-0f7e-a12a66788d1f" executionId="66643f83-fed8-4c5d-9938-b2eb96f06c9b" testListId="8c84fa94-04c1-424b-9868-57a2d4851a1d" />
    <TestEntry testId="de70947e-c144-0bd6-82cb-3da3109a980f" executionId="60f57487-7e2a-4e32-b620-cb825012d4b3" testListId="8c84fa94-04c1-424b-9868-57a2d4851a1d" />
    <TestEntry testId="00a3d9f3-bf02-03d3-8b50-0125e8430370" executionId="2f29f9ad-66bd-4937-8223-d23e5d292528" testListId="8c84fa94-04c1-424b-9868-57a2d4851a1d" />
    <TestEntry testId="274bad24-8123-84d1-2253-deb106b6d76a" executionId="d5930069-cc75-45a2-904a-6cc44809620e" testListId="8c84fa94-04c1-424b-9868-57a2d4851a1d" />
    <TestEntry testId="4bd1b4ed-7709-cf75-abe7-e73b3a177485" executionId="4bb1eac7-aab8-4555-ab52-d53a3f5428a4" testListId="8c84fa94-04c1-424b-9868-57a2d4851a1d" />
    <TestEntry testId="590596af-0c14-c7f5-f9eb-c5b7776d8bcf" executionId="83208ff4-7373-4834-bd9a-c0adc935aa83" testListId="8c84fa94-04c1-424b-9868-57a2d4851a1d" />
    <TestEntry testId="4c81cfca-acde-d93e-8514-a5400e210e83" executionId="d5600f15-7ee6-41db-92c3-8cd949be34d0" testListId="8c84fa94-04c1-424b-9868-57a2d4851a1d" />
    <TestEntry testId="59178aca-bac1-05e6-800d-c621e761e052" executionId="b1f7e2c9-4de4-4420-baed-a377ea7f7a8b" testListId="8c84fa94-04c1-424b-9868-57a2d4851a1d" />
    <TestEntry testId="1c30259b-7e0f-b0a6-8a00-13abf7d79998" executionId="97c467ca-7e84-4e6a-a5b4-6d5732d6711f" testListId="8c84fa94-04c1-424b-9868-57a2d4851a1d" />
    <TestEntry testId="9f8bd7cd-1efb-a1ba-ec3f-4e0f7b6d7ddc" executionId="b2c942d7-8e1f-41cd-9d47-3527ede56c6f" testListId="8c84fa94-04c1-424b-9868-57a2d4851a1d" />
    <TestEntry testId="70a62361-60ed-4827-1416-31851d7f0199" executionId="0ca33223-f9d0-4fa7-b685-b7316891793e" testListId="8c84fa94-04c1-424b-9868-57a2d4851a1d" />
    <TestEntry testId="3d512ff5-8a49-bdec-6980-6d52e7f27910" executionId="77356067-528f-434d-aec7-6e9247a078c7" testListId="8c84fa94-04c1-424b-9868-57a2d4851a1d" />
    <TestEntry testId="1ecdbfe1-3e48-9796-a8a6-b53175f049cf" executionId="f55dbb5b-2a3e-4055-aebb-74396b3f69b9" testListId="8c84fa94-04c1-424b-9868-57a2d4851a1d" />
    <TestEntry testId="2d610e0c-bb8a-4561-b321-6960c8168c0d" executionId="e2a7a1b6-ebf0-4c14-8ae0-6b916c672189" testListId="8c84fa94-04c1-424b-9868-57a2d4851a1d" />
    <TestEntry testId="ef8d0c89-090b-1055-4d5e-d4f4ac99b6e6" executionId="8c1a1d8b-7c71-45d1-8aba-8b2a9e4511b4" testListId="8c84fa94-04c1-424b-9868-57a2d4851a1d" />
    <TestEntry testId="e91cb43b-e9a9-0305-c203-a6aa39360edc" executionId="e2d92372-4bf9-4efe-af45-8507cce38b72" testListId="8c84fa94-04c1-424b-9868-57a2d4851a1d" />
    <TestEntry testId="b8e978fc-6971-8ef0-b2ab-afd711a20f4b" executionId="67968651-7782-458e-8dc0-fb90dab391c8" testListId="8c84fa94-04c1-424b-9868-57a2d4851a1d" />
    <TestEntry testId="afc93ff4-91a7-2f87-9274-48e0c28ce9da" executionId="41fd6058-9278-4337-84e7-99fba9dfe877" testListId="8c84fa94-04c1-424b-9868-57a2d4851a1d" />
    <TestEntry testId="a574179a-0971-5a14-0060-00950ab16314" executionId="178bc960-d024-42c3-8bd4-53e7728d1fb6" testListId="8c84fa94-04c1-424b-9868-57a2d4851a1d" />
    <TestEntry testId="58013f42-9dbe-a03b-2aae-30d5e452ab70" executionId="a19792d4-dc49-4e52-b165-ca8e267aabd0" testListId="8c84fa94-04c1-424b-9868-57a2d4851a1d" />
    <TestEntry testId="900e0e01-4e53-0c6a-8341-c1e3ae8da813" executionId="c4b89a95-6234-4414-a92e-6394c68f338f" testListId="8c84fa94-04c1-424b-9868-57a2d4851a1d" />
    <TestEntry testId="862840fc-1b8e-7495-54fe-b516ae784012" executionId="e5aaa258-8a3d-4573-a4ba-fce9a3c68053" testListId="8c84fa94-04c1-424b-9868-57a2d4851a1d" />
    <TestEntry testId="86c656fc-c5ae-c19a-94b2-a89aa53662f1" executionId="0a924a33-0933-4792-82a2-9707964a4ac9" testListId="8c84fa94-04c1-424b-9868-57a2d4851a1d" />
    <TestEntry testId="701f1931-1181-bd2c-e8b5-2c7c41b498ca" executionId="b9657364-154b-43e7-8481-6ed32c32684a" testListId="8c84fa94-04c1-424b-9868-57a2d4851a1d" />
    <TestEntry testId="40515939-d4d6-c2a0-62b4-dd048eb9a9e5" executionId="b4fe96c5-a488-43b7-9955-ee3ddba915fe" testListId="8c84fa94-04c1-424b-9868-57a2d4851a1d" />
    <TestEntry testId="403eacda-f14d-871f-4757-82edd9e43468" executionId="0f79098d-d77b-413b-b6ef-a1e6956f883a" testListId="8c84fa94-04c1-424b-9868-57a2d4851a1d" />
    <TestEntry testId="bd8849c8-8336-231b-a10d-2a3d9b5306fc" executionId="51a7a168-ee12-4f7e-88e2-b8b6135a7622" testListId="8c84fa94-04c1-424b-9868-57a2d4851a1d" />
    <TestEntry testId="c66a2028-35eb-036a-ad3a-fd2247dbb90c" executionId="1f9991ef-e672-4f00-ad80-b7d16fccfc29" testListId="8c84fa94-04c1-424b-9868-57a2d4851a1d" />
    <TestEntry testId="2b73516d-e785-f01f-33fb-dd35be30ceeb" executionId="f27f080e-7027-438b-b1d8-bed07f392a27" testListId="8c84fa94-04c1-424b-9868-57a2d4851a1d" />
    <TestEntry testId="e0dc2f2a-1b1b-27ac-bda5-f9afd4ad6cce" executionId="359e1c90-a255-4db6-a14a-33e7104661ea" testListId="8c84fa94-04c1-424b-9868-57a2d4851a1d" />
    <TestEntry testId="a67e4ad5-d1d5-6311-c344-a928cea18c06" executionId="c4426e31-856f-4b3b-ae38-be91ce6e011f" testListId="8c84fa94-04c1-424b-9868-57a2d4851a1d" />
    <TestEntry testId="f2a9851e-17e1-b631-0c10-c33d59cf4b71" executionId="70712db7-fb04-4418-9541-4f6afe4e904b" testListId="8c84fa94-04c1-424b-9868-57a2d4851a1d" />
    <TestEntry testId="dd593885-d094-d824-b884-ce6a45cec3c9" executionId="f591fa84-ff9c-4416-8651-cd839a2eed42" testListId="8c84fa94-04c1-424b-9868-57a2d4851a1d" />
    <TestEntry testId="272b86d1-919b-7a30-1dc9-4dc307d32fbd" executionId="bf27ca24-fa07-49d4-973d-62091c548f20" testListId="8c84fa94-04c1-424b-9868-57a2d4851a1d" />
    <TestEntry testId="9bcf61c8-ad05-b2ea-f077-089bbea52998" executionId="3d79b841-25db-44bf-81fe-93dcee8a66a3" testListId="8c84fa94-04c1-424b-9868-57a2d4851a1d" />
    <TestEntry testId="da45cbde-6cb8-92da-f539-00965f0fda56" executionId="b9743fa8-b21e-4974-8028-5f24f07bb435" testListId="8c84fa94-04c1-424b-9868-57a2d4851a1d" />
    <TestEntry testId="07ef8436-3b08-9eef-2f2b-82ef9e9d4f82" executionId="a991a2f3-ae9e-479e-846c-9e6c6c942c70" testListId="8c84fa94-04c1-424b-9868-57a2d4851a1d" />
    <TestEntry testId="eee26cfa-f0b3-d06b-3b91-c8a20b5be632" executionId="25811371-d852-41e3-9400-d8eb0c5a6eb7" testListId="8c84fa94-04c1-424b-9868-57a2d4851a1d" />
    <TestEntry testId="a25a16f4-6d3c-ba99-9e87-37276470efb2" executionId="4c990baa-9d9c-4cb6-95ad-76839525943f" testListId="8c84fa94-04c1-424b-9868-57a2d4851a1d" />
    <TestEntry testId="a59e2896-9d23-255a-2305-c7c393adec1b" executionId="94532454-d283-4395-ba76-230352602f1a" testListId="8c84fa94-04c1-424b-9868-57a2d4851a1d" />
    <TestEntry testId="e621ac65-0455-0fae-bfaf-4b4a3f77167e" executionId="663b14b0-3d64-47b8-acb9-c15fca297f69" testListId="8c84fa94-04c1-424b-9868-57a2d4851a1d" />
    <TestEntry testId="2bd19120-2d40-673e-d087-9fc4c9cb698b" executionId="b16afc3c-43f5-4364-ae8b-f23c653bd4a0" testListId="8c84fa94-04c1-424b-9868-57a2d4851a1d" />
    <TestEntry testId="4d77376c-bcfe-54be-1c0a-661b1347bbde" executionId="83b2811a-98d4-47fc-8b2d-3f33940aa5ac" testListId="8c84fa94-04c1-424b-9868-57a2d4851a1d" />
    <TestEntry testId="4455520b-7a0c-0c03-d18a-3460b289c87e" executionId="57253501-4f7c-4b45-90a9-34e5e1f7225c" testListId="8c84fa94-04c1-424b-9868-57a2d4851a1d" />
    <TestEntry testId="a89274d8-7924-8654-634a-1d2ac017203b" executionId="abce32dd-5c69-4d58-a86b-d82b85a04352" testListId="8c84fa94-04c1-424b-9868-57a2d4851a1d" />
    <TestEntry testId="62dde2b6-2c1e-edbc-a356-9cd9ed7b06ef" executionId="c83a9a2f-a1a7-487c-99d9-044459929b19" testListId="8c84fa94-04c1-424b-9868-57a2d4851a1d" />
    <TestEntry testId="b1e22785-9e42-a6c1-a4e7-075b97280b90" executionId="7c16358a-10dd-40e5-9cd0-e482f2f886bb" testListId="8c84fa94-04c1-424b-9868-57a2d4851a1d" />
    <TestEntry testId="6c19924f-f351-4677-f893-cc0949160ebf" executionId="489f3f32-bbef-454b-bd1f-f2600277d00f" testListId="8c84fa94-04c1-424b-9868-57a2d4851a1d" />
    <TestEntry testId="64b20173-5b21-39b3-3f67-61404e0ad873" executionId="c398b880-b3a9-44c7-bc5f-64d6939562d3" testListId="8c84fa94-04c1-424b-9868-57a2d4851a1d" />
    <TestEntry testId="3106c065-ddf1-822a-f9c8-6b47a26fcf17" executionId="2215f6a1-052c-4df3-9244-40727b839f24" testListId="8c84fa94-04c1-424b-9868-57a2d4851a1d" />
    <TestEntry testId="8d7a99a4-bb59-9484-74fc-5cf774252598" executionId="5304ce67-0c39-4050-829d-8e8187f842ae" testListId="8c84fa94-04c1-424b-9868-57a2d4851a1d" />
    <TestEntry testId="7f7cdd84-8c78-f7b3-1922-1840e9391f97" executionId="67a292f1-4f7c-4d06-b08b-ab2d1b030cc8" testListId="8c84fa94-04c1-424b-9868-57a2d4851a1d" />
    <TestEntry testId="cc141af8-1e62-16f1-6789-8ef06b3b186a" executionId="801ffea4-7bcc-4944-b94d-20ff4ba8972c" testListId="8c84fa94-04c1-424b-9868-57a2d4851a1d" />
    <TestEntry testId="5c0b3154-c60e-c0a8-0e8b-d84db2df9cfa" executionId="88e6f0d8-b7fc-451b-b3c1-3e2fec5aec96" testListId="8c84fa94-04c1-424b-9868-57a2d4851a1d" />
    <TestEntry testId="a675e2d9-264a-e2d7-1681-99db0d3ea58f" executionId="2ff7e24e-f666-42d0-9aaf-00a82ea88e58" testListId="8c84fa94-04c1-424b-9868-57a2d4851a1d" />
    <TestEntry testId="3b750511-0d3c-b90a-29e0-1986cfc1090c" executionId="4305e607-2d7a-4da7-a7d4-b6029857ebe3" testListId="8c84fa94-04c1-424b-9868-57a2d4851a1d" />
    <TestEntry testId="9e0f030d-acc8-8f54-6030-e87eb0ceedfb" executionId="29f908c7-72a3-41c7-a1ab-dd88b6423c31" testListId="8c84fa94-04c1-424b-9868-57a2d4851a1d" />
    <TestEntry testId="730df33a-bd9d-a043-1337-0953f0886bfb" executionId="8c0919b2-7988-423a-8987-887f82f5a068" testListId="8c84fa94-04c1-424b-9868-57a2d4851a1d" />
    <TestEntry testId="05ab1f16-4098-dafe-32d6-215b112555b4" executionId="f187a21d-2eb2-4e91-910d-2df48c8af30f" testListId="8c84fa94-04c1-424b-9868-57a2d4851a1d" />
    <TestEntry testId="22a06880-365b-b83f-2aa0-423451629b92" executionId="c094b229-15a4-4c39-85ae-5106eab4c533" testListId="8c84fa94-04c1-424b-9868-57a2d4851a1d" />
    <TestEntry testId="2bd2cc3f-2b7a-8242-a294-73fe976a7e92" executionId="888a75ee-dd32-4bef-b5ea-26a67022c4e8" testListId="8c84fa94-04c1-424b-9868-57a2d4851a1d" />
    <TestEntry testId="3a09ebfc-ea92-331e-9390-41dff10ffe81" executionId="4e8278bb-daf3-4f14-993b-fd38209b1f78" testListId="8c84fa94-04c1-424b-9868-57a2d4851a1d" />
    <TestEntry testId="ec32ae6f-e6b3-8ef0-cd71-4b2325fd0546" executionId="c39e09c6-68c2-4eff-8a3f-c7b68bd89dc1" testListId="8c84fa94-04c1-424b-9868-57a2d4851a1d" />
    <TestEntry testId="018a0440-a20a-271a-bf2f-b4d7e6a8d587" executionId="4e2b6218-d3ab-4296-b44f-7087961deedc" testListId="8c84fa94-04c1-424b-9868-57a2d4851a1d" />
    <TestEntry testId="81d0fd3b-a3a7-2607-7951-e3df438e760f" executionId="2815e89f-f86e-440a-bdb7-4a5e5c8dcdf6" testListId="8c84fa94-04c1-424b-9868-57a2d4851a1d" />
    <TestEntry testId="2824f4f8-f3d2-bebd-9b89-13a1c60cfe53" executionId="bb306e7d-a658-47c3-9230-ca05b38928f5" testListId="8c84fa94-04c1-424b-9868-57a2d4851a1d" />
    <TestEntry testId="142c2065-4657-f0ce-4d81-520c6eec6c6a" executionId="fd9f582f-8068-492c-a13f-e78a2927725b" testListId="8c84fa94-04c1-424b-9868-57a2d4851a1d" />
    <TestEntry testId="317e9227-4048-9fc7-bb3d-49e74c3ff40c" executionId="683c8c38-0dd0-4a6e-ab8b-2d55874f9f4c" testListId="8c84fa94-04c1-424b-9868-57a2d4851a1d" />
    <TestEntry testId="494bcf75-030d-0b1a-a12d-ca26451d7bb8" executionId="017f2ea5-b1ac-4627-a037-c8cd3e2fc3a8" testListId="8c84fa94-04c1-424b-9868-57a2d4851a1d" />
    <TestEntry testId="9e351918-c0c7-e4d8-251b-72280c9421db" executionId="131d363c-29fd-488a-a2ea-76f6a8dfbf26" testListId="8c84fa94-04c1-424b-9868-57a2d4851a1d" />
    <TestEntry testId="32d50dd5-16ec-49ca-5c34-18e2ababda54" executionId="8d10cdd3-849f-4e95-8d1f-ce7cce06988c" testListId="8c84fa94-04c1-424b-9868-57a2d4851a1d" />
    <TestEntry testId="b5987f8d-4e52-acf3-70f7-6236e0342563" executionId="e01ff8e9-5206-4214-9072-ce23f604c00a" testListId="8c84fa94-04c1-424b-9868-57a2d4851a1d" />
    <TestEntry testId="bac1ea0e-90e9-4b75-eaa0-0bf5cd568a7b" executionId="1424df3f-453b-4fc7-80d0-e0a1cbbc5208" testListId="8c84fa94-04c1-424b-9868-57a2d4851a1d" />
    <TestEntry testId="3c826639-b72e-8709-2c32-2debf289d1fd" executionId="bd760636-ffd8-4e15-a209-0963990388b3" testListId="8c84fa94-04c1-424b-9868-57a2d4851a1d" />
    <TestEntry testId="2dd2a166-247c-6ec2-d911-194c0b6056bf" executionId="8d1f30c6-480b-4bdb-adc6-35577f9a987d" testListId="8c84fa94-04c1-424b-9868-57a2d4851a1d" />
    <TestEntry testId="71517072-7a83-d2b2-239d-dce5c0b89b46" executionId="a262357a-37fb-40ea-881a-6d848078a965" testListId="8c84fa94-04c1-424b-9868-57a2d4851a1d" />
    <TestEntry testId="71a2ccad-fcd7-6e5d-1bfb-f2108fa51028" executionId="492270d4-f726-4793-9d55-8f12086f522e" testListId="8c84fa94-04c1-424b-9868-57a2d4851a1d" />
    <TestEntry testId="dda7bebf-1d34-9d9f-9901-3a94364c63d8" executionId="c7ced587-3f82-47d3-ac23-d6854a7d1187" testListId="8c84fa94-04c1-424b-9868-57a2d4851a1d" />
    <TestEntry testId="3cf72ad6-38e8-edbd-c355-4972620c264a" executionId="dcd782d8-9928-4e12-ae38-654259ce3568" testListId="8c84fa94-04c1-424b-9868-57a2d4851a1d" />
    <TestEntry testId="105072e2-05dc-a22e-6acc-ccd5ae81ed99" executionId="a776a1da-b6a4-4724-baa0-655e99b5b9fa" testListId="8c84fa94-04c1-424b-9868-57a2d4851a1d" />
    <TestEntry testId="cf2ce8fa-34a0-005d-c1df-687c9deee40a" executionId="5bb5be61-2d66-4fb1-882d-e9ffd2b3af4d" testListId="8c84fa94-04c1-424b-9868-57a2d4851a1d" />
    <TestEntry testId="d56bc5f5-3210-aac9-b708-293890f19486" executionId="4b63d15a-e0eb-431b-9b19-6143384e61a4" testListId="8c84fa94-04c1-424b-9868-57a2d4851a1d" />
    <TestEntry testId="4371c7dc-6d2e-cac1-959b-cb4f7bd036fa" executionId="1fa1b084-34b7-40bb-968a-0b972d77fd97" testListId="8c84fa94-04c1-424b-9868-57a2d4851a1d" />
    <TestEntry testId="5d6260f5-f174-d0db-e543-226bcf88d384" executionId="8882eb3c-e761-45f6-acb0-1ff13807fd52" testListId="8c84fa94-04c1-424b-9868-57a2d4851a1d" />
    <TestEntry testId="a17719f1-702e-cf7d-6524-d0e9897e0d68" executionId="0089f619-e710-4bdf-9558-8a1f24ed3fe5" testListId="8c84fa94-04c1-424b-9868-57a2d4851a1d" />
    <TestEntry testId="441df1b8-13de-1f06-c234-4f7deba3da3d" executionId="6d7ac92c-0f5e-4139-b087-c688d35270a5" testListId="8c84fa94-04c1-424b-9868-57a2d4851a1d" />
    <TestEntry testId="fdc34ec6-937d-bdf6-2326-8778c2ca7353" executionId="bbea5cca-0641-42e0-b7b2-3c6b4fde2ec3" testListId="8c84fa94-04c1-424b-9868-57a2d4851a1d" />
    <TestEntry testId="9dff9d8e-c2d2-03e4-6678-3364a883b888" executionId="137ad46a-6cf0-4a58-a3cb-55e39f4739f8" testListId="8c84fa94-04c1-424b-9868-57a2d4851a1d" />
    <TestEntry testId="5691c650-3cb0-21be-4555-228f27cf118b" executionId="f5fdca97-e320-4732-8ca2-95b104234e4e" testListId="8c84fa94-04c1-424b-9868-57a2d4851a1d" />
    <TestEntry testId="f8fccbc7-25d9-cdd2-8791-c0e0ab07862c" executionId="a6a09fe7-5b67-4a88-8e27-f354c6ef6d71" testListId="8c84fa94-04c1-424b-9868-57a2d4851a1d" />
    <TestEntry testId="7d3146e5-2153-b7ce-4fce-9b9d7f2a0f78" executionId="f459c15f-3d4f-4f76-98ea-c37419c7a2d8" testListId="8c84fa94-04c1-424b-9868-57a2d4851a1d" />
    <TestEntry testId="8ad02b50-2f79-d444-3578-f49174126ebb" executionId="8bdaf09d-cc8a-4cb2-8315-9387a61d51ae" testListId="8c84fa94-04c1-424b-9868-57a2d4851a1d" />
    <TestEntry testId="ebd01faf-8ef2-5a45-da39-7f7de596831a" executionId="8c5eefd2-37a4-4f28-931f-69b9dfcc865d" testListId="8c84fa94-04c1-424b-9868-57a2d4851a1d" />
    <TestEntry testId="40f75709-f2cd-11e0-699d-4caaa7ff23d8" executionId="5da95bc0-82b9-4630-aeb6-80786b884973" testListId="8c84fa94-04c1-424b-9868-57a2d4851a1d" />
    <TestEntry testId="31aacf3d-6743-1c2c-2e1e-085ac6697eef" executionId="dec2c03a-4a05-48f8-964c-e7ce59d8b636" testListId="8c84fa94-04c1-424b-9868-57a2d4851a1d" />
    <TestEntry testId="f80f2a1c-1d5d-27fa-8bb7-c610ea749762" executionId="9a67cf01-c26d-4535-bfda-83522691f410" testListId="8c84fa94-04c1-424b-9868-57a2d4851a1d" />
    <TestEntry testId="7563cc30-1727-c6db-3e0b-aa9fe433668f" executionId="85d0a71e-543c-4bec-81e1-4b8605b7c8a7" testListId="8c84fa94-04c1-424b-9868-57a2d4851a1d" />
    <TestEntry testId="98148ceb-6f1a-e55f-7f1f-638c047f3e73" executionId="bb8709f2-110e-4684-92d5-08e529edf3f3" testListId="8c84fa94-04c1-424b-9868-57a2d4851a1d" />
    <TestEntry testId="6aae29bb-194f-0275-11d3-6f591a3d8467" executionId="7d5d810d-4362-4fd5-b77d-8322f2744eaa" testListId="8c84fa94-04c1-424b-9868-57a2d4851a1d" />
    <TestEntry testId="3edf33a3-d359-0260-28d6-f7b4003bad25" executionId="38a0c7f3-9aee-4e30-8750-70f341573598" testListId="8c84fa94-04c1-424b-9868-57a2d4851a1d" />
    <TestEntry testId="32f82aca-e8f4-a30e-b803-efd670b89238" executionId="54832ce2-0c9f-4de4-9b9f-f1b452308ed8" testListId="8c84fa94-04c1-424b-9868-57a2d4851a1d" />
    <TestEntry testId="d22951d0-d10b-b6a1-9d7a-50f3c01a9577" executionId="8556945d-41be-4a38-827a-9a8f4ea5f3e7" testListId="8c84fa94-04c1-424b-9868-57a2d4851a1d" />
    <TestEntry testId="586197b4-8c46-5ac6-1149-1e95d83b5e26" executionId="154010f7-dc59-40a4-8407-f2f30729eab6" testListId="8c84fa94-04c1-424b-9868-57a2d4851a1d" />
  </TestEntries>
  <TestLists>
    <TestList name="Results Not in a List" id="8c84fa94-04c1-424b-9868-57a2d4851a1d" />
    <TestList name="All Loaded Results" id="19431567-8539-422a-85d7-44ee4e166bda" />
  </TestLists>
  <ResultSummary outcome="Failed">
    <Counters total="486" executed="486" passed="0" failed="486" error="0" timeout="0" aborted="0" inconclusive="0" passedButRunAborted="0" notRunnable="0" notExecuted="0" disconnected="0" warning="0" completed="0" inProgress="0" pending="0" />
  </ResultSummary>
</TestRun>